<?xml version="1.0" encoding="UTF-8" standalone="no"?><?xml-stylesheet type="text/xsl" href="../../data/synan.xsl"?><synan><nont label="Source"><nont label="Declarations"><nont label="Declaration"><term lexeme="fun" token="FUN"><location loc="1.1--1.3"/></term><term lexeme="putInt" token="IDENTIFIER"><location loc="1.5--1.10"/></term><term lexeme="(" token="LPARENTHESIS"><location loc="1.11--1.11"/></term><nont label="ParametersOpt"><nont label="Parameters"><term lexeme="n" token="IDENTIFIER"><location loc="1.12--1.12"/></term><term lexeme=":" token="COLON"><location loc="1.13--1.13"/></term><nont label="Type"><term lexeme="int" token="INT"><location loc="1.14--1.16"/></term><location loc="1.14--1.16"/></nont><nont label="ParametersP"/><location loc="1.12--1.16"/></nont><location loc="1.12--1.16"/></nont><term lexeme=")" token="RPARENTHESIS"><location loc="1.17--1.17"/></term><term lexeme=":" token="COLON"><location loc="1.18--1.18"/></term><nont label="Type"><term lexeme="void" token="VOID"><location loc="1.19--1.22"/></term><location loc="1.19--1.22"/></nont><nont label="FunctionBodyOpt"/><term lexeme=";" token="SEMIC"><location loc="1.23--1.23"/></term><location loc="1.1--1.23"/></nont><nont label="DeclarationsP"><nont label="Declaration"><term lexeme="fun" token="FUN"><location loc="2.1--2.3"/></term><term lexeme="putChar" token="IDENTIFIER"><location loc="2.5--2.11"/></term><term lexeme="(" token="LPARENTHESIS"><location loc="2.12--2.12"/></term><nont label="ParametersOpt"><nont label="Parameters"><term lexeme="c" token="IDENTIFIER"><location loc="2.13--2.13"/></term><term lexeme=":" token="COLON"><location loc="2.14--2.14"/></term><nont label="Type"><term lexeme="char" token="CHAR"><location loc="2.15--2.18"/></term><location loc="2.15--2.18"/></nont><nont label="ParametersP"/><location loc="2.13--2.18"/></nont><location loc="2.13--2.18"/></nont><term lexeme=")" token="RPARENTHESIS"><location loc="2.19--2.19"/></term><term lexeme=":" token="COLON"><location loc="2.20--2.20"/></term><nont label="Type"><term lexeme="void" token="VOID"><location loc="2.21--2.24"/></term><location loc="2.21--2.24"/></nont><nont label="FunctionBodyOpt"/><term lexeme=";" token="SEMIC"><location loc="2.25--2.25"/></term><location loc="2.1--2.25"/></nont><nont label="DeclarationsP"><nont label="Declaration"><term lexeme="fun" token="FUN"><location loc="3.1--3.3"/></term><term lexeme="putString" token="IDENTIFIER"><location loc="3.5--3.13"/></term><term lexeme="(" token="LPARENTHESIS"><location loc="3.14--3.14"/></term><nont label="ParametersOpt"><nont label="Parameters"><term lexeme="s" token="IDENTIFIER"><location loc="3.15--3.15"/></term><term lexeme=":" token="COLON"><location loc="3.16--3.16"/></term><nont label="Type"><term lexeme="ptr" token="PTR"><location loc="3.17--3.19"/></term><nont label="Type"><term lexeme="char" token="CHAR"><location loc="3.21--3.24"/></term><location loc="3.21--3.24"/></nont><location loc="3.17--3.24"/></nont><nont label="ParametersP"/><location loc="3.15--3.24"/></nont><location loc="3.15--3.24"/></nont><term lexeme=")" token="RPARENTHESIS"><location loc="3.25--3.25"/></term><term lexeme=":" token="COLON"><location loc="3.26--3.26"/></term><nont label="Type"><term lexeme="void" token="VOID"><location loc="3.27--3.30"/></term><location loc="3.27--3.30"/></nont><nont label="FunctionBodyOpt"/><term lexeme=";" token="SEMIC"><location loc="3.31--3.31"/></term><location loc="3.1--3.31"/></nont><nont label="DeclarationsP"><nont label="Declaration"><term lexeme="fun" token="FUN"><location loc="5.1--5.3"/></term><term lexeme="main" token="IDENTIFIER"><location loc="5.5--5.8"/></term><term lexeme="(" token="LPARENTHESIS"><location loc="5.9--5.9"/></term><nont label="ParametersOpt"/><term lexeme=")" token="RPARENTHESIS"><location loc="5.10--5.10"/></term><term lexeme=":" token="COLON"><location loc="5.11--5.11"/></term><nont label="Type"><term lexeme="int" token="INT"><location loc="5.12--5.14"/></term><location loc="5.12--5.14"/></nont><nont label="FunctionBodyOpt"><term lexeme="=" token="ASSIGN"><location loc="6.4--6.4"/></term><nont label="Expression"><nont label="ORXORExpression"><nont label="ANDExpression"><nont label="RelationalExpression"><nont label="ADDSUBExpression"><nont label="MULDIVExpression"><nont label="PrefixExpression"><nont label="PostfixExpression"><nont label="AtomicExpression"><term lexeme="{" token="LBRACE"><location loc="6.5--6.5"/></term><nont label="Statements"><nont label="Statement"><nont label="Expression"><nont label="ORXORExpression"><nont label="ANDExpression"><nont label="RelationalExpression"><nont label="ADDSUBExpression"><nont label="MULDIVExpression"><nont label="PrefixExpression"><nont label="PostfixExpression"><nont label="AtomicExpression"><term lexeme="putString" token="IDENTIFIER"><location loc="7.7--7.15"/></term><nont label="ArgumentsOpt"><term lexeme="(" token="LPARENTHESIS"><location loc="7.16--7.16"/></term><nont label="ArgumentsOptP"><nont label="Arguments"><nont label="Expression"><nont label="ORXORExpression"><nont label="ANDExpression"><nont label="RelationalExpression"><nont label="ADDSUBExpression"><nont label="MULDIVExpression"><nont label="PrefixExpression"><nont label="PostfixExpression"><nont label="AtomicExpression"><term lexeme="&quot;facItr:&quot;" token="STRCONST"><location loc="7.17--7.25"/></term><location loc="7.17--7.25"/></nont><nont label="PostfixExpressionP"/><location loc="7.17--7.25"/></nont><location loc="7.17--7.25"/></nont><nont label="MULDIVExpressionP"/><location loc="7.17--7.25"/></nont><nont label="ADDSUBExpressionP"/><location loc="7.17--7.25"/></nont><nont label="RelationalExpressionP"/><location loc="7.17--7.25"/></nont><nont label="ANDExpressionP"/><location loc="7.17--7.25"/></nont><nont label="ORXORExpressionP"/><location loc="7.17--7.25"/></nont><location loc="7.17--7.25"/></nont><nont label="ArgumentsP"/><location loc="7.17--7.25"/></nont><term lexeme=")" token="RPARENTHESIS"><location loc="7.26--7.26"/></term><location loc="7.17--7.26"/></nont><location loc="7.16--7.26"/></nont><location loc="7.7--7.26"/></nont><nont label="PostfixExpressionP"/><location loc="7.7--7.26"/></nont><location loc="7.7--7.26"/></nont><nont label="MULDIVExpressionP"/><location loc="7.7--7.26"/></nont><nont label="ADDSUBExpressionP"/><location loc="7.7--7.26"/></nont><nont label="RelationalExpressionP"/><location loc="7.7--7.26"/></nont><nont label="ANDExpressionP"/><location loc="7.7--7.26"/></nont><nont label="ORXORExpressionP"/><location loc="7.7--7.26"/></nont><location loc="7.7--7.26"/></nont><nont label="StatementP"/><location loc="7.7--7.26"/></nont><term lexeme=";" token="SEMIC"><location loc="7.27--7.27"/></term><nont label="StatementsP"><nont label="Statement"><nont label="Expression"><nont label="ORXORExpression"><nont label="ANDExpression"><nont label="RelationalExpression"><nont label="ADDSUBExpression"><nont label="MULDIVExpression"><nont label="PrefixExpression"><nont label="PostfixExpression"><nont label="AtomicExpression"><term lexeme="putChar" token="IDENTIFIER"><location loc="7.29--7.35"/></term><nont label="ArgumentsOpt"><term lexeme="(" token="LPARENTHESIS"><location loc="7.36--7.36"/></term><nont label="ArgumentsOptP"><nont label="Arguments"><nont label="Expression"><nont label="ORXORExpression"><nont label="ANDExpression"><nont label="RelationalExpression"><nont label="ADDSUBExpression"><nont label="MULDIVExpression"><nont label="PrefixExpression"><nont label="PostfixExpression"><term lexeme="(" token="LPARENTHESIS"><location loc="7.37--7.37"/></term><nont label="Expression"><nont label="ORXORExpression"><nont label="ANDExpression"><nont label="RelationalExpression"><nont label="ADDSUBExpression"><nont label="MULDIVExpression"><nont label="PrefixExpression"><nont label="PostfixExpression"><nont label="AtomicExpression"><term lexeme="10" token="INTCONST"><location loc="7.38--7.39"/></term><location loc="7.38--7.39"/></nont><nont label="PostfixExpressionP"/><location loc="7.38--7.39"/></nont><location loc="7.38--7.39"/></nont><nont label="MULDIVExpressionP"/><location loc="7.38--7.39"/></nont><nont label="ADDSUBExpressionP"/><location loc="7.38--7.39"/></nont><nont label="RelationalExpressionP"/><location loc="7.38--7.39"/></nont><nont label="ANDExpressionP"/><location loc="7.38--7.39"/></nont><nont label="ORXORExpressionP"/><location loc="7.38--7.39"/></nont><location loc="7.38--7.39"/></nont><nont label="PostfixExpressionPP"><term lexeme=":" token="COLON"><location loc="7.40--7.40"/></term><nont label="Type"><term lexeme="char" token="CHAR"><location loc="7.41--7.44"/></term><location loc="7.41--7.44"/></nont><term lexeme=")" token="RPARENTHESIS"><location loc="7.45--7.45"/></term><nont label="PostfixExpressionP"/><location loc="7.40--7.45"/></nont><location loc="7.37--7.45"/></nont><location loc="7.37--7.45"/></nont><nont label="MULDIVExpressionP"/><location loc="7.37--7.45"/></nont><nont label="ADDSUBExpressionP"/><location loc="7.37--7.45"/></nont><nont label="RelationalExpressionP"/><location loc="7.37--7.45"/></nont><nont label="ANDExpressionP"/><location loc="7.37--7.45"/></nont><nont label="ORXORExpressionP"/><location loc="7.37--7.45"/></nont><location loc="7.37--7.45"/></nont><nont label="ArgumentsP"/><location loc="7.37--7.45"/></nont><term lexeme=")" token="RPARENTHESIS"><location loc="7.46--7.46"/></term><location loc="7.37--7.46"/></nont><location loc="7.36--7.46"/></nont><location loc="7.29--7.46"/></nont><nont label="PostfixExpressionP"/><location loc="7.29--7.46"/></nont><location loc="7.29--7.46"/></nont><nont label="MULDIVExpressionP"/><location loc="7.29--7.46"/></nont><nont label="ADDSUBExpressionP"/><location loc="7.29--7.46"/></nont><nont label="RelationalExpressionP"/><location loc="7.29--7.46"/></nont><nont label="ANDExpressionP"/><location loc="7.29--7.46"/></nont><nont label="ORXORExpressionP"/><location loc="7.29--7.46"/></nont><location loc="7.29--7.46"/></nont><nont label="StatementP"/><location loc="7.29--7.46"/></nont><term lexeme=";" token="SEMIC"><location loc="7.47--7.47"/></term><nont label="StatementsP"><nont label="Statement"><nont label="Expression"><nont label="ORXORExpression"><nont label="ANDExpression"><nont label="RelationalExpression"><nont label="ADDSUBExpression"><nont label="MULDIVExpression"><nont label="PrefixExpression"><nont label="PostfixExpression"><nont label="AtomicExpression"><term lexeme="n" token="IDENTIFIER"><location loc="8.7--8.7"/></term><nont label="ArgumentsOpt"/><location loc="8.7--8.7"/></nont><nont label="PostfixExpressionP"/><location loc="8.7--8.7"/></nont><location loc="8.7--8.7"/></nont><nont label="MULDIVExpressionP"/><location loc="8.7--8.7"/></nont><nont label="ADDSUBExpressionP"/><location loc="8.7--8.7"/></nont><nont label="RelationalExpressionP"/><location loc="8.7--8.7"/></nont><nont label="ANDExpressionP"/><location loc="8.7--8.7"/></nont><nont label="ORXORExpressionP"/><location loc="8.7--8.7"/></nont><location loc="8.7--8.7"/></nont><nont label="StatementP"><term lexeme="=" token="ASSIGN"><location loc="8.8--8.8"/></term><nont label="Expression"><nont label="ORXORExpression"><nont label="ANDExpression"><nont label="RelationalExpression"><nont label="ADDSUBExpression"><nont label="MULDIVExpression"><nont label="PrefixExpression"><nont label="PostfixExpression"><nont label="AtomicExpression"><term lexeme="1" token="INTCONST"><location loc="8.9--8.9"/></term><location loc="8.9--8.9"/></nont><nont label="PostfixExpressionP"/><location loc="8.9--8.9"/></nont><location loc="8.9--8.9"/></nont><nont label="MULDIVExpressionP"/><location loc="8.9--8.9"/></nont><nont label="ADDSUBExpressionP"/><location loc="8.9--8.9"/></nont><nont label="RelationalExpressionP"/><location loc="8.9--8.9"/></nont><nont label="ANDExpressionP"/><location loc="8.9--8.9"/></nont><nont label="ORXORExpressionP"/><location loc="8.9--8.9"/></nont><location loc="8.9--8.9"/></nont><location loc="8.8--8.9"/></nont><location loc="8.7--8.9"/></nont><term lexeme=";" token="SEMIC"><location loc="8.10--8.10"/></term><nont label="StatementsP"><nont label="Statement"><term lexeme="while" token="WHILE"><location loc="9.7--9.11"/></term><nont label="Expression"><nont label="ORXORExpression"><nont label="ANDExpression"><nont label="RelationalExpression"><nont label="ADDSUBExpression"><nont label="MULDIVExpression"><nont label="PrefixExpression"><nont label="PostfixExpression"><nont label="AtomicExpression"><term lexeme="n" token="IDENTIFIER"><location loc="9.13--9.13"/></term><nont label="ArgumentsOpt"/><location loc="9.13--9.13"/></nont><nont label="PostfixExpressionP"/><location loc="9.13--9.13"/></nont><location loc="9.13--9.13"/></nont><nont label="MULDIVExpressionP"/><location loc="9.13--9.13"/></nont><nont label="ADDSUBExpressionP"/><location loc="9.13--9.13"/></nont><nont label="RelationalExpressionP"><term lexeme="&lt;=" token="LEQ"><location loc="9.14--9.15"/></term><nont label="ADDSUBExpression"><nont label="MULDIVExpression"><nont label="PrefixExpression"><nont label="PostfixExpression"><nont label="AtomicExpression"><term lexeme="10" token="INTCONST"><location loc="9.16--9.17"/></term><location loc="9.16--9.17"/></nont><nont label="PostfixExpressionP"/><location loc="9.16--9.17"/></nont><location loc="9.16--9.17"/></nont><nont label="MULDIVExpressionP"/><location loc="9.16--9.17"/></nont><nont label="ADDSUBExpressionP"/><location loc="9.16--9.17"/></nont><location loc="9.14--9.17"/></nont><location loc="9.13--9.17"/></nont><nont label="ANDExpressionP"/><location loc="9.13--9.17"/></nont><nont label="ORXORExpressionP"/><location loc="9.13--9.17"/></nont><location loc="9.13--9.17"/></nont><term lexeme="do" token="DO"><location loc="9.19--9.20"/></term><nont label="Statements"><nont label="Statement"><nont label="Expression"><nont label="ORXORExpression"><nont label="ANDExpression"><nont label="RelationalExpression"><nont label="ADDSUBExpression"><nont label="MULDIVExpression"><nont label="PrefixExpression"><nont label="PostfixExpression"><nont label="AtomicExpression"><term lexeme="putInt" token="IDENTIFIER"><location loc="10.9--10.14"/></term><nont label="ArgumentsOpt"><term lexeme="(" token="LPARENTHESIS"><location loc="10.15--10.15"/></term><nont label="ArgumentsOptP"><nont label="Arguments"><nont label="Expression"><nont label="ORXORExpression"><nont label="ANDExpression"><nont label="RelationalExpression"><nont label="ADDSUBExpression"><nont label="MULDIVExpression"><nont label="PrefixExpression"><nont label="PostfixExpression"><nont label="AtomicExpression"><term lexeme="n" token="IDENTIFIER"><location loc="10.16--10.16"/></term><nont label="ArgumentsOpt"/><location loc="10.16--10.16"/></nont><nont label="PostfixExpressionP"/><location loc="10.16--10.16"/></nont><location loc="10.16--10.16"/></nont><nont label="MULDIVExpressionP"/><location loc="10.16--10.16"/></nont><nont label="ADDSUBExpressionP"/><location loc="10.16--10.16"/></nont><nont label="RelationalExpressionP"/><location loc="10.16--10.16"/></nont><nont label="ANDExpressionP"/><location loc="10.16--10.16"/></nont><nont label="ORXORExpressionP"/><location loc="10.16--10.16"/></nont><location loc="10.16--10.16"/></nont><nont label="ArgumentsP"/><location loc="10.16--10.16"/></nont><term lexeme=")" token="RPARENTHESIS"><location loc="10.17--10.17"/></term><location loc="10.16--10.17"/></nont><location loc="10.15--10.17"/></nont><location loc="10.9--10.17"/></nont><nont label="PostfixExpressionP"/><location loc="10.9--10.17"/></nont><location loc="10.9--10.17"/></nont><nont label="MULDIVExpressionP"/><location loc="10.9--10.17"/></nont><nont label="ADDSUBExpressionP"/><location loc="10.9--10.17"/></nont><nont label="RelationalExpressionP"/><location loc="10.9--10.17"/></nont><nont label="ANDExpressionP"/><location loc="10.9--10.17"/></nont><nont label="ORXORExpressionP"/><location loc="10.9--10.17"/></nont><location loc="10.9--10.17"/></nont><nont label="StatementP"/><location loc="10.9--10.17"/></nont><term lexeme=";" token="SEMIC"><location loc="10.18--10.18"/></term><nont label="StatementsP"><nont label="Statement"><nont label="Expression"><nont label="ORXORExpression"><nont label="ANDExpression"><nont label="RelationalExpression"><nont label="ADDSUBExpression"><nont label="MULDIVExpression"><nont label="PrefixExpression"><nont label="PostfixExpression"><nont label="AtomicExpression"><term lexeme="putString" token="IDENTIFIER"><location loc="10.20--10.28"/></term><nont label="ArgumentsOpt"><term lexeme="(" token="LPARENTHESIS"><location loc="10.29--10.29"/></term><nont label="ArgumentsOptP"><nont label="Arguments"><nont label="Expression"><nont label="ORXORExpression"><nont label="ANDExpression"><nont label="RelationalExpression"><nont label="ADDSUBExpression"><nont label="MULDIVExpression"><nont label="PrefixExpression"><nont label="PostfixExpression"><nont label="AtomicExpression"><term lexeme="&quot;: &quot;" token="STRCONST"><location loc="10.30--10.33"/></term><location loc="10.30--10.33"/></nont><nont label="PostfixExpressionP"/><location loc="10.30--10.33"/></nont><location loc="10.30--10.33"/></nont><nont label="MULDIVExpressionP"/><location loc="10.30--10.33"/></nont><nont label="ADDSUBExpressionP"/><location loc="10.30--10.33"/></nont><nont label="RelationalExpressionP"/><location loc="10.30--10.33"/></nont><nont label="ANDExpressionP"/><location loc="10.30--10.33"/></nont><nont label="ORXORExpressionP"/><location loc="10.30--10.33"/></nont><location loc="10.30--10.33"/></nont><nont label="ArgumentsP"/><location loc="10.30--10.33"/></nont><term lexeme=")" token="RPARENTHESIS"><location loc="10.34--10.34"/></term><location loc="10.30--10.34"/></nont><location loc="10.29--10.34"/></nont><location loc="10.20--10.34"/></nont><nont label="PostfixExpressionP"/><location loc="10.20--10.34"/></nont><location loc="10.20--10.34"/></nont><nont label="MULDIVExpressionP"/><location loc="10.20--10.34"/></nont><nont label="ADDSUBExpressionP"/><location loc="10.20--10.34"/></nont><nont label="RelationalExpressionP"/><location loc="10.20--10.34"/></nont><nont label="ANDExpressionP"/><location loc="10.20--10.34"/></nont><nont label="ORXORExpressionP"/><location loc="10.20--10.34"/></nont><location loc="10.20--10.34"/></nont><nont label="StatementP"/><location loc="10.20--10.34"/></nont><term lexeme=";" token="SEMIC"><location loc="10.35--10.35"/></term><nont label="StatementsP"><nont label="Statement"><nont label="Expression"><nont label="ORXORExpression"><nont label="ANDExpression"><nont label="RelationalExpression"><nont label="ADDSUBExpression"><nont label="MULDIVExpression"><nont label="PrefixExpression"><nont label="PostfixExpression"><nont label="AtomicExpression"><term lexeme="putInt" token="IDENTIFIER"><location loc="11.9--11.14"/></term><nont label="ArgumentsOpt"><term lexeme="(" token="LPARENTHESIS"><location loc="11.15--11.15"/></term><nont label="ArgumentsOptP"><nont label="Arguments"><nont label="Expression"><nont label="ORXORExpression"><nont label="ANDExpression"><nont label="RelationalExpression"><nont label="ADDSUBExpression"><nont label="MULDIVExpression"><nont label="PrefixExpression"><nont label="PostfixExpression"><nont label="AtomicExpression"><term lexeme="facItr" token="IDENTIFIER"><location loc="11.16--11.21"/></term><nont label="ArgumentsOpt"><term lexeme="(" token="LPARENTHESIS"><location loc="11.22--11.22"/></term><nont label="ArgumentsOptP"><nont label="Arguments"><nont label="Expression"><nont label="ORXORExpression"><nont label="ANDExpression"><nont label="RelationalExpression"><nont label="ADDSUBExpression"><nont label="MULDIVExpression"><nont label="PrefixExpression"><nont label="PostfixExpression"><nont label="AtomicExpression"><term lexeme="n" token="IDENTIFIER"><location loc="11.23--11.23"/></term><nont label="ArgumentsOpt"/><location loc="11.23--11.23"/></nont><nont label="PostfixExpressionP"/><location loc="11.23--11.23"/></nont><location loc="11.23--11.23"/></nont><nont label="MULDIVExpressionP"/><location loc="11.23--11.23"/></nont><nont label="ADDSUBExpressionP"/><location loc="11.23--11.23"/></nont><nont label="RelationalExpressionP"/><location loc="11.23--11.23"/></nont><nont label="ANDExpressionP"/><location loc="11.23--11.23"/></nont><nont label="ORXORExpressionP"/><location loc="11.23--11.23"/></nont><location loc="11.23--11.23"/></nont><nont label="ArgumentsP"/><location loc="11.23--11.23"/></nont><term lexeme=")" token="RPARENTHESIS"><location loc="11.24--11.24"/></term><location loc="11.23--11.24"/></nont><location loc="11.22--11.24"/></nont><location loc="11.16--11.24"/></nont><nont label="PostfixExpressionP"/><location loc="11.16--11.24"/></nont><location loc="11.16--11.24"/></nont><nont label="MULDIVExpressionP"/><location loc="11.16--11.24"/></nont><nont label="ADDSUBExpressionP"/><location loc="11.16--11.24"/></nont><nont label="RelationalExpressionP"/><location loc="11.16--11.24"/></nont><nont label="ANDExpressionP"/><location loc="11.16--11.24"/></nont><nont label="ORXORExpressionP"/><location loc="11.16--11.24"/></nont><location loc="11.16--11.24"/></nont><nont label="ArgumentsP"/><location loc="11.16--11.24"/></nont><term lexeme=")" token="RPARENTHESIS"><location loc="11.25--11.25"/></term><location loc="11.16--11.25"/></nont><location loc="11.15--11.25"/></nont><location loc="11.9--11.25"/></nont><nont label="PostfixExpressionP"/><location loc="11.9--11.25"/></nont><location loc="11.9--11.25"/></nont><nont label="MULDIVExpressionP"/><location loc="11.9--11.25"/></nont><nont label="ADDSUBExpressionP"/><location loc="11.9--11.25"/></nont><nont label="RelationalExpressionP"/><location loc="11.9--11.25"/></nont><nont label="ANDExpressionP"/><location loc="11.9--11.25"/></nont><nont label="ORXORExpressionP"/><location loc="11.9--11.25"/></nont><location loc="11.9--11.25"/></nont><nont label="StatementP"/><location loc="11.9--11.25"/></nont><term lexeme=";" token="SEMIC"><location loc="11.26--11.26"/></term><nont label="StatementsP"><nont label="Statement"><nont label="Expression"><nont label="ORXORExpression"><nont label="ANDExpression"><nont label="RelationalExpression"><nont label="ADDSUBExpression"><nont label="MULDIVExpression"><nont label="PrefixExpression"><nont label="PostfixExpression"><nont label="AtomicExpression"><term lexeme="putChar" token="IDENTIFIER"><location loc="12.9--12.15"/></term><nont label="ArgumentsOpt"><term lexeme="(" token="LPARENTHESIS"><location loc="12.16--12.16"/></term><nont label="ArgumentsOptP"><nont label="Arguments"><nont label="Expression"><nont label="ORXORExpression"><nont label="ANDExpression"><nont label="RelationalExpression"><nont label="ADDSUBExpression"><nont label="MULDIVExpression"><nont label="PrefixExpression"><nont label="PostfixExpression"><term lexeme="(" token="LPARENTHESIS"><location loc="12.17--12.17"/></term><nont label="Expression"><nont label="ORXORExpression"><nont label="ANDExpression"><nont label="RelationalExpression"><nont label="ADDSUBExpression"><nont label="MULDIVExpression"><nont label="PrefixExpression"><nont label="PostfixExpression"><nont label="AtomicExpression"><term lexeme="10" token="INTCONST"><location loc="12.18--12.19"/></term><location loc="12.18--12.19"/></nont><nont label="PostfixExpressionP"/><location loc="12.18--12.19"/></nont><location loc="12.18--12.19"/></nont><nont label="MULDIVExpressionP"/><location loc="12.18--12.19"/></nont><nont label="ADDSUBExpressionP"/><location loc="12.18--12.19"/></nont><nont label="RelationalExpressionP"/><location loc="12.18--12.19"/></nont><nont label="ANDExpressionP"/><location loc="12.18--12.19"/></nont><nont label="ORXORExpressionP"/><location loc="12.18--12.19"/></nont><location loc="12.18--12.19"/></nont><nont label="PostfixExpressionPP"><term lexeme=":" token="COLON"><location loc="12.20--12.20"/></term><nont label="Type"><term lexeme="char" token="CHAR"><location loc="12.21--12.24"/></term><location loc="12.21--12.24"/></nont><term lexeme=")" token="RPARENTHESIS"><location loc="12.25--12.25"/></term><nont label="PostfixExpressionP"/><location loc="12.20--12.25"/></nont><location loc="12.17--12.25"/></nont><location loc="12.17--12.25"/></nont><nont label="MULDIVExpressionP"/><location loc="12.17--12.25"/></nont><nont label="ADDSUBExpressionP"/><location loc="12.17--12.25"/></nont><nont label="RelationalExpressionP"/><location loc="12.17--12.25"/></nont><nont label="ANDExpressionP"/><location loc="12.17--12.25"/></nont><nont label="ORXORExpressionP"/><location loc="12.17--12.25"/></nont><location loc="12.17--12.25"/></nont><nont label="ArgumentsP"/><location loc="12.17--12.25"/></nont><term lexeme=")" token="RPARENTHESIS"><location loc="12.26--12.26"/></term><location loc="12.17--12.26"/></nont><location loc="12.16--12.26"/></nont><location loc="12.9--12.26"/></nont><nont label="PostfixExpressionP"/><location loc="12.9--12.26"/></nont><location loc="12.9--12.26"/></nont><nont label="MULDIVExpressionP"/><location loc="12.9--12.26"/></nont><nont label="ADDSUBExpressionP"/><location loc="12.9--12.26"/></nont><nont label="RelationalExpressionP"/><location loc="12.9--12.26"/></nont><nont label="ANDExpressionP"/><location loc="12.9--12.26"/></nont><nont label="ORXORExpressionP"/><location loc="12.9--12.26"/></nont><location loc="12.9--12.26"/></nont><nont label="StatementP"/><location loc="12.9--12.26"/></nont><term lexeme=";" token="SEMIC"><location loc="12.27--12.27"/></term><nont label="StatementsP"><nont label="Statement"><nont label="Expression"><nont label="ORXORExpression"><nont label="ANDExpression"><nont label="RelationalExpression"><nont label="ADDSUBExpression"><nont label="MULDIVExpression"><nont label="PrefixExpression"><nont label="PostfixExpression"><nont label="AtomicExpression"><term lexeme="n" token="IDENTIFIER"><location loc="13.9--13.9"/></term><nont label="ArgumentsOpt"/><location loc="13.9--13.9"/></nont><nont label="PostfixExpressionP"/><location loc="13.9--13.9"/></nont><location loc="13.9--13.9"/></nont><nont label="MULDIVExpressionP"/><location loc="13.9--13.9"/></nont><nont label="ADDSUBExpressionP"/><location loc="13.9--13.9"/></nont><nont label="RelationalExpressionP"/><location loc="13.9--13.9"/></nont><nont label="ANDExpressionP"/><location loc="13.9--13.9"/></nont><nont label="ORXORExpressionP"/><location loc="13.9--13.9"/></nont><location loc="13.9--13.9"/></nont><nont label="StatementP"><term lexeme="=" token="ASSIGN"><location loc="13.10--13.10"/></term><nont label="Expression"><nont label="ORXORExpression"><nont label="ANDExpression"><nont label="RelationalExpression"><nont label="ADDSUBExpression"><nont label="MULDIVExpression"><nont label="PrefixExpression"><nont label="PostfixExpression"><nont label="AtomicExpression"><term lexeme="n" token="IDENTIFIER"><location loc="13.11--13.11"/></term><nont label="ArgumentsOpt"/><location loc="13.11--13.11"/></nont><nont label="PostfixExpressionP"/><location loc="13.11--13.11"/></nont><location loc="13.11--13.11"/></nont><nont label="MULDIVExpressionP"/><location loc="13.11--13.11"/></nont><nont label="ADDSUBExpressionP"><term lexeme="+" token="ADD"><location loc="13.12--13.12"/></term><nont label="MULDIVExpression"><nont label="PrefixExpression"><nont label="PostfixExpression"><nont label="AtomicExpression"><term lexeme="1" token="INTCONST"><location loc="13.13--13.13"/></term><location loc="13.13--13.13"/></nont><nont label="PostfixExpressionP"/><location loc="13.13--13.13"/></nont><location loc="13.13--13.13"/></nont><nont label="MULDIVExpressionP"/><location loc="13.13--13.13"/></nont><nont label="ADDSUBExpressionP"/><location loc="13.12--13.13"/></nont><location loc="13.11--13.13"/></nont><nont label="RelationalExpressionP"/><location loc="13.11--13.13"/></nont><nont label="ANDExpressionP"/><location loc="13.11--13.13"/></nont><nont label="ORXORExpressionP"/><location loc="13.11--13.13"/></nont><location loc="13.11--13.13"/></nont><location loc="13.10--13.13"/></nont><location loc="13.9--13.13"/></nont><term lexeme=";" token="SEMIC"><location loc="13.14--13.14"/></term><nont label="StatementsP"/><location loc="13.9--13.14"/></nont><location loc="12.9--13.14"/></nont><location loc="11.9--13.14"/></nont><location loc="10.20--13.14"/></nont><location loc="10.9--13.14"/></nont><term lexeme="end" token="END"><location loc="14.7--14.9"/></term><location loc="9.7--14.9"/></nont><term lexeme=";" token="SEMIC"><location loc="14.10--14.10"/></term><nont label="StatementsP"><nont label="Statement"><nont label="Expression"><nont label="ORXORExpression"><nont label="ANDExpression"><nont label="RelationalExpression"><nont label="ADDSUBExpression"><nont label="MULDIVExpression"><nont label="PrefixExpression"><nont label="PostfixExpression"><nont label="AtomicExpression"><term lexeme="putString" token="IDENTIFIER"><location loc="16.7--16.15"/></term><nont label="ArgumentsOpt"><term lexeme="(" token="LPARENTHESIS"><location loc="16.16--16.16"/></term><nont label="ArgumentsOptP"><nont label="Arguments"><nont label="Expression"><nont label="ORXORExpression"><nont label="ANDExpression"><nont label="RelationalExpression"><nont label="ADDSUBExpression"><nont label="MULDIVExpression"><nont label="PrefixExpression"><nont label="PostfixExpression"><nont label="AtomicExpression"><term lexeme="&quot;facRec:&quot;" token="STRCONST"><location loc="16.17--16.25"/></term><location loc="16.17--16.25"/></nont><nont label="PostfixExpressionP"/><location loc="16.17--16.25"/></nont><location loc="16.17--16.25"/></nont><nont label="MULDIVExpressionP"/><location loc="16.17--16.25"/></nont><nont label="ADDSUBExpressionP"/><location loc="16.17--16.25"/></nont><nont label="RelationalExpressionP"/><location loc="16.17--16.25"/></nont><nont label="ANDExpressionP"/><location loc="16.17--16.25"/></nont><nont label="ORXORExpressionP"/><location loc="16.17--16.25"/></nont><location loc="16.17--16.25"/></nont><nont label="ArgumentsP"/><location loc="16.17--16.25"/></nont><term lexeme=")" token="RPARENTHESIS"><location loc="16.26--16.26"/></term><location loc="16.17--16.26"/></nont><location loc="16.16--16.26"/></nont><location loc="16.7--16.26"/></nont><nont label="PostfixExpressionP"/><location loc="16.7--16.26"/></nont><location loc="16.7--16.26"/></nont><nont label="MULDIVExpressionP"/><location loc="16.7--16.26"/></nont><nont label="ADDSUBExpressionP"/><location loc="16.7--16.26"/></nont><nont label="RelationalExpressionP"/><location loc="16.7--16.26"/></nont><nont label="ANDExpressionP"/><location loc="16.7--16.26"/></nont><nont label="ORXORExpressionP"/><location loc="16.7--16.26"/></nont><location loc="16.7--16.26"/></nont><nont label="StatementP"/><location loc="16.7--16.26"/></nont><term lexeme=";" token="SEMIC"><location loc="16.27--16.27"/></term><nont label="StatementsP"><nont label="Statement"><nont label="Expression"><nont label="ORXORExpression"><nont label="ANDExpression"><nont label="RelationalExpression"><nont label="ADDSUBExpression"><nont label="MULDIVExpression"><nont label="PrefixExpression"><nont label="PostfixExpression"><nont label="AtomicExpression"><term lexeme="putChar" token="IDENTIFIER"><location loc="16.29--16.35"/></term><nont label="ArgumentsOpt"><term lexeme="(" token="LPARENTHESIS"><location loc="16.36--16.36"/></term><nont label="ArgumentsOptP"><nont label="Arguments"><nont label="Expression"><nont label="ORXORExpression"><nont label="ANDExpression"><nont label="RelationalExpression"><nont label="ADDSUBExpression"><nont label="MULDIVExpression"><nont label="PrefixExpression"><nont label="PostfixExpression"><term lexeme="(" token="LPARENTHESIS"><location loc="16.37--16.37"/></term><nont label="Expression"><nont label="ORXORExpression"><nont label="ANDExpression"><nont label="RelationalExpression"><nont label="ADDSUBExpression"><nont label="MULDIVExpression"><nont label="PrefixExpression"><nont label="PostfixExpression"><nont label="AtomicExpression"><term lexeme="10" token="INTCONST"><location loc="16.38--16.39"/></term><location loc="16.38--16.39"/></nont><nont label="PostfixExpressionP"/><location loc="16.38--16.39"/></nont><location loc="16.38--16.39"/></nont><nont label="MULDIVExpressionP"/><location loc="16.38--16.39"/></nont><nont label="ADDSUBExpressionP"/><location loc="16.38--16.39"/></nont><nont label="RelationalExpressionP"/><location loc="16.38--16.39"/></nont><nont label="ANDExpressionP"/><location loc="16.38--16.39"/></nont><nont label="ORXORExpressionP"/><location loc="16.38--16.39"/></nont><location loc="16.38--16.39"/></nont><nont label="PostfixExpressionPP"><term lexeme=":" token="COLON"><location loc="16.40--16.40"/></term><nont label="Type"><term lexeme="char" token="CHAR"><location loc="16.41--16.44"/></term><location loc="16.41--16.44"/></nont><term lexeme=")" token="RPARENTHESIS"><location loc="16.45--16.45"/></term><nont label="PostfixExpressionP"/><location loc="16.40--16.45"/></nont><location loc="16.37--16.45"/></nont><location loc="16.37--16.45"/></nont><nont label="MULDIVExpressionP"/><location loc="16.37--16.45"/></nont><nont label="ADDSUBExpressionP"/><location loc="16.37--16.45"/></nont><nont label="RelationalExpressionP"/><location loc="16.37--16.45"/></nont><nont label="ANDExpressionP"/><location loc="16.37--16.45"/></nont><nont label="ORXORExpressionP"/><location loc="16.37--16.45"/></nont><location loc="16.37--16.45"/></nont><nont label="ArgumentsP"/><location loc="16.37--16.45"/></nont><term lexeme=")" token="RPARENTHESIS"><location loc="16.46--16.46"/></term><location loc="16.37--16.46"/></nont><location loc="16.36--16.46"/></nont><location loc="16.29--16.46"/></nont><nont label="PostfixExpressionP"/><location loc="16.29--16.46"/></nont><location loc="16.29--16.46"/></nont><nont label="MULDIVExpressionP"/><location loc="16.29--16.46"/></nont><nont label="ADDSUBExpressionP"/><location loc="16.29--16.46"/></nont><nont label="RelationalExpressionP"/><location loc="16.29--16.46"/></nont><nont label="ANDExpressionP"/><location loc="16.29--16.46"/></nont><nont label="ORXORExpressionP"/><location loc="16.29--16.46"/></nont><location loc="16.29--16.46"/></nont><nont label="StatementP"/><location loc="16.29--16.46"/></nont><term lexeme=";" token="SEMIC"><location loc="16.47--16.47"/></term><nont label="StatementsP"><nont label="Statement"><nont label="Expression"><nont label="ORXORExpression"><nont label="ANDExpression"><nont label="RelationalExpression"><nont label="ADDSUBExpression"><nont label="MULDIVExpression"><nont label="PrefixExpression"><nont label="PostfixExpression"><nont label="AtomicExpression"><term lexeme="n" token="IDENTIFIER"><location loc="17.7--17.7"/></term><nont label="ArgumentsOpt"/><location loc="17.7--17.7"/></nont><nont label="PostfixExpressionP"/><location loc="17.7--17.7"/></nont><location loc="17.7--17.7"/></nont><nont label="MULDIVExpressionP"/><location loc="17.7--17.7"/></nont><nont label="ADDSUBExpressionP"/><location loc="17.7--17.7"/></nont><nont label="RelationalExpressionP"/><location loc="17.7--17.7"/></nont><nont label="ANDExpressionP"/><location loc="17.7--17.7"/></nont><nont label="ORXORExpressionP"/><location loc="17.7--17.7"/></nont><location loc="17.7--17.7"/></nont><nont label="StatementP"><term lexeme="=" token="ASSIGN"><location loc="17.8--17.8"/></term><nont label="Expression"><nont label="ORXORExpression"><nont label="ANDExpression"><nont label="RelationalExpression"><nont label="ADDSUBExpression"><nont label="MULDIVExpression"><nont label="PrefixExpression"><nont label="PostfixExpression"><nont label="AtomicExpression"><term lexeme="1" token="INTCONST"><location loc="17.9--17.9"/></term><location loc="17.9--17.9"/></nont><nont label="PostfixExpressionP"/><location loc="17.9--17.9"/></nont><location loc="17.9--17.9"/></nont><nont label="MULDIVExpressionP"/><location loc="17.9--17.9"/></nont><nont label="ADDSUBExpressionP"/><location loc="17.9--17.9"/></nont><nont label="RelationalExpressionP"/><location loc="17.9--17.9"/></nont><nont label="ANDExpressionP"/><location loc="17.9--17.9"/></nont><nont label="ORXORExpressionP"/><location loc="17.9--17.9"/></nont><location loc="17.9--17.9"/></nont><location loc="17.8--17.9"/></nont><location loc="17.7--17.9"/></nont><term lexeme=";" token="SEMIC"><location loc="17.10--17.10"/></term><nont label="StatementsP"><nont label="Statement"><term lexeme="while" token="WHILE"><location loc="18.7--18.11"/></term><nont label="Expression"><nont label="ORXORExpression"><nont label="ANDExpression"><nont label="RelationalExpression"><nont label="ADDSUBExpression"><nont label="MULDIVExpression"><nont label="PrefixExpression"><nont label="PostfixExpression"><nont label="AtomicExpression"><term lexeme="n" token="IDENTIFIER"><location loc="18.13--18.13"/></term><nont label="ArgumentsOpt"/><location loc="18.13--18.13"/></nont><nont label="PostfixExpressionP"/><location loc="18.13--18.13"/></nont><location loc="18.13--18.13"/></nont><nont label="MULDIVExpressionP"/><location loc="18.13--18.13"/></nont><nont label="ADDSUBExpressionP"/><location loc="18.13--18.13"/></nont><nont label="RelationalExpressionP"><term lexeme="&lt;=" token="LEQ"><location loc="18.14--18.15"/></term><nont label="ADDSUBExpression"><nont label="MULDIVExpression"><nont label="PrefixExpression"><nont label="PostfixExpression"><nont label="AtomicExpression"><term lexeme="10" token="INTCONST"><location loc="18.16--18.17"/></term><location loc="18.16--18.17"/></nont><nont label="PostfixExpressionP"/><location loc="18.16--18.17"/></nont><location loc="18.16--18.17"/></nont><nont label="MULDIVExpressionP"/><location loc="18.16--18.17"/></nont><nont label="ADDSUBExpressionP"/><location loc="18.16--18.17"/></nont><location loc="18.14--18.17"/></nont><location loc="18.13--18.17"/></nont><nont label="ANDExpressionP"/><location loc="18.13--18.17"/></nont><nont label="ORXORExpressionP"/><location loc="18.13--18.17"/></nont><location loc="18.13--18.17"/></nont><term lexeme="do" token="DO"><location loc="18.19--18.20"/></term><nont label="Statements"><nont label="Statement"><nont label="Expression"><nont label="ORXORExpression"><nont label="ANDExpression"><nont label="RelationalExpression"><nont label="ADDSUBExpression"><nont label="MULDIVExpression"><nont label="PrefixExpression"><nont label="PostfixExpression"><nont label="AtomicExpression"><term lexeme="putInt" token="IDENTIFIER"><location loc="19.9--19.14"/></term><nont label="ArgumentsOpt"><term lexeme="(" token="LPARENTHESIS"><location loc="19.15--19.15"/></term><nont label="ArgumentsOptP"><nont label="Arguments"><nont label="Expression"><nont label="ORXORExpression"><nont label="ANDExpression"><nont label="RelationalExpression"><nont label="ADDSUBExpression"><nont label="MULDIVExpression"><nont label="PrefixExpression"><nont label="PostfixExpression"><nont label="AtomicExpression"><term lexeme="n" token="IDENTIFIER"><location loc="19.16--19.16"/></term><nont label="ArgumentsOpt"/><location loc="19.16--19.16"/></nont><nont label="PostfixExpressionP"/><location loc="19.16--19.16"/></nont><location loc="19.16--19.16"/></nont><nont label="MULDIVExpressionP"/><location loc="19.16--19.16"/></nont><nont label="ADDSUBExpressionP"/><location loc="19.16--19.16"/></nont><nont label="RelationalExpressionP"/><location loc="19.16--19.16"/></nont><nont label="ANDExpressionP"/><location loc="19.16--19.16"/></nont><nont label="ORXORExpressionP"/><location loc="19.16--19.16"/></nont><location loc="19.16--19.16"/></nont><nont label="ArgumentsP"/><location loc="19.16--19.16"/></nont><term lexeme=")" token="RPARENTHESIS"><location loc="19.17--19.17"/></term><location loc="19.16--19.17"/></nont><location loc="19.15--19.17"/></nont><location loc="19.9--19.17"/></nont><nont label="PostfixExpressionP"/><location loc="19.9--19.17"/></nont><location loc="19.9--19.17"/></nont><nont label="MULDIVExpressionP"/><location loc="19.9--19.17"/></nont><nont label="ADDSUBExpressionP"/><location loc="19.9--19.17"/></nont><nont label="RelationalExpressionP"/><location loc="19.9--19.17"/></nont><nont label="ANDExpressionP"/><location loc="19.9--19.17"/></nont><nont label="ORXORExpressionP"/><location loc="19.9--19.17"/></nont><location loc="19.9--19.17"/></nont><nont label="StatementP"/><location loc="19.9--19.17"/></nont><term lexeme=";" token="SEMIC"><location loc="19.18--19.18"/></term><nont label="StatementsP"><nont label="Statement"><nont label="Expression"><nont label="ORXORExpression"><nont label="ANDExpression"><nont label="RelationalExpression"><nont label="ADDSUBExpression"><nont label="MULDIVExpression"><nont label="PrefixExpression"><nont label="PostfixExpression"><nont label="AtomicExpression"><term lexeme="putString" token="IDENTIFIER"><location loc="19.20--19.28"/></term><nont label="ArgumentsOpt"><term lexeme="(" token="LPARENTHESIS"><location loc="19.29--19.29"/></term><nont label="ArgumentsOptP"><nont label="Arguments"><nont label="Expression"><nont label="ORXORExpression"><nont label="ANDExpression"><nont label="RelationalExpression"><nont label="ADDSUBExpression"><nont label="MULDIVExpression"><nont label="PrefixExpression"><nont label="PostfixExpression"><nont label="AtomicExpression"><term lexeme="&quot;: &quot;" token="STRCONST"><location loc="19.30--19.33"/></term><location loc="19.30--19.33"/></nont><nont label="PostfixExpressionP"/><location loc="19.30--19.33"/></nont><location loc="19.30--19.33"/></nont><nont label="MULDIVExpressionP"/><location loc="19.30--19.33"/></nont><nont label="ADDSUBExpressionP"/><location loc="19.30--19.33"/></nont><nont label="RelationalExpressionP"/><location loc="19.30--19.33"/></nont><nont label="ANDExpressionP"/><location loc="19.30--19.33"/></nont><nont label="ORXORExpressionP"/><location loc="19.30--19.33"/></nont><location loc="19.30--19.33"/></nont><nont label="ArgumentsP"/><location loc="19.30--19.33"/></nont><term lexeme=")" token="RPARENTHESIS"><location loc="19.34--19.34"/></term><location loc="19.30--19.34"/></nont><location loc="19.29--19.34"/></nont><location loc="19.20--19.34"/></nont><nont label="PostfixExpressionP"/><location loc="19.20--19.34"/></nont><location loc="19.20--19.34"/></nont><nont label="MULDIVExpressionP"/><location loc="19.20--19.34"/></nont><nont label="ADDSUBExpressionP"/><location loc="19.20--19.34"/></nont><nont label="RelationalExpressionP"/><location loc="19.20--19.34"/></nont><nont label="ANDExpressionP"/><location loc="19.20--19.34"/></nont><nont label="ORXORExpressionP"/><location loc="19.20--19.34"/></nont><location loc="19.20--19.34"/></nont><nont label="StatementP"/><location loc="19.20--19.34"/></nont><term lexeme=";" token="SEMIC"><location loc="19.35--19.35"/></term><nont label="StatementsP"><nont label="Statement"><nont label="Expression"><nont label="ORXORExpression"><nont label="ANDExpression"><nont label="RelationalExpression"><nont label="ADDSUBExpression"><nont label="MULDIVExpression"><nont label="PrefixExpression"><nont label="PostfixExpression"><nont label="AtomicExpression"><term lexeme="putInt" token="IDENTIFIER"><location loc="20.9--20.14"/></term><nont label="ArgumentsOpt"><term lexeme="(" token="LPARENTHESIS"><location loc="20.15--20.15"/></term><nont label="ArgumentsOptP"><nont label="Arguments"><nont label="Expression"><nont label="ORXORExpression"><nont label="ANDExpression"><nont label="RelationalExpression"><nont label="ADDSUBExpression"><nont label="MULDIVExpression"><nont label="PrefixExpression"><nont label="PostfixExpression"><nont label="AtomicExpression"><term lexeme="facRec" token="IDENTIFIER"><location loc="20.16--20.21"/></term><nont label="ArgumentsOpt"><term lexeme="(" token="LPARENTHESIS"><location loc="20.22--20.22"/></term><nont label="ArgumentsOptP"><nont label="Arguments"><nont label="Expression"><nont label="ORXORExpression"><nont label="ANDExpression"><nont label="RelationalExpression"><nont label="ADDSUBExpression"><nont label="MULDIVExpression"><nont label="PrefixExpression"><nont label="PostfixExpression"><nont label="AtomicExpression"><term lexeme="n" token="IDENTIFIER"><location loc="20.23--20.23"/></term><nont label="ArgumentsOpt"/><location loc="20.23--20.23"/></nont><nont label="PostfixExpressionP"/><location loc="20.23--20.23"/></nont><location loc="20.23--20.23"/></nont><nont label="MULDIVExpressionP"/><location loc="20.23--20.23"/></nont><nont label="ADDSUBExpressionP"/><location loc="20.23--20.23"/></nont><nont label="RelationalExpressionP"/><location loc="20.23--20.23"/></nont><nont label="ANDExpressionP"/><location loc="20.23--20.23"/></nont><nont label="ORXORExpressionP"/><location loc="20.23--20.23"/></nont><location loc="20.23--20.23"/></nont><nont label="ArgumentsP"/><location loc="20.23--20.23"/></nont><term lexeme=")" token="RPARENTHESIS"><location loc="20.24--20.24"/></term><location loc="20.23--20.24"/></nont><location loc="20.22--20.24"/></nont><location loc="20.16--20.24"/></nont><nont label="PostfixExpressionP"/><location loc="20.16--20.24"/></nont><location loc="20.16--20.24"/></nont><nont label="MULDIVExpressionP"/><location loc="20.16--20.24"/></nont><nont label="ADDSUBExpressionP"/><location loc="20.16--20.24"/></nont><nont label="RelationalExpressionP"/><location loc="20.16--20.24"/></nont><nont label="ANDExpressionP"/><location loc="20.16--20.24"/></nont><nont label="ORXORExpressionP"/><location loc="20.16--20.24"/></nont><location loc="20.16--20.24"/></nont><nont label="ArgumentsP"/><location loc="20.16--20.24"/></nont><term lexeme=")" token="RPARENTHESIS"><location loc="20.25--20.25"/></term><location loc="20.16--20.25"/></nont><location loc="20.15--20.25"/></nont><location loc="20.9--20.25"/></nont><nont label="PostfixExpressionP"/><location loc="20.9--20.25"/></nont><location loc="20.9--20.25"/></nont><nont label="MULDIVExpressionP"/><location loc="20.9--20.25"/></nont><nont label="ADDSUBExpressionP"/><location loc="20.9--20.25"/></nont><nont label="RelationalExpressionP"/><location loc="20.9--20.25"/></nont><nont label="ANDExpressionP"/><location loc="20.9--20.25"/></nont><nont label="ORXORExpressionP"/><location loc="20.9--20.25"/></nont><location loc="20.9--20.25"/></nont><nont label="StatementP"/><location loc="20.9--20.25"/></nont><term lexeme=";" token="SEMIC"><location loc="20.26--20.26"/></term><nont label="StatementsP"><nont label="Statement"><nont label="Expression"><nont label="ORXORExpression"><nont label="ANDExpression"><nont label="RelationalExpression"><nont label="ADDSUBExpression"><nont label="MULDIVExpression"><nont label="PrefixExpression"><nont label="PostfixExpression"><nont label="AtomicExpression"><term lexeme="putChar" token="IDENTIFIER"><location loc="21.9--21.15"/></term><nont label="ArgumentsOpt"><term lexeme="(" token="LPARENTHESIS"><location loc="21.16--21.16"/></term><nont label="ArgumentsOptP"><nont label="Arguments"><nont label="Expression"><nont label="ORXORExpression"><nont label="ANDExpression"><nont label="RelationalExpression"><nont label="ADDSUBExpression"><nont label="MULDIVExpression"><nont label="PrefixExpression"><nont label="PostfixExpression"><term lexeme="(" token="LPARENTHESIS"><location loc="21.17--21.17"/></term><nont label="Expression"><nont label="ORXORExpression"><nont label="ANDExpression"><nont label="RelationalExpression"><nont label="ADDSUBExpression"><nont label="MULDIVExpression"><nont label="PrefixExpression"><nont label="PostfixExpression"><nont label="AtomicExpression"><term lexeme="10" token="INTCONST"><location loc="21.18--21.19"/></term><location loc="21.18--21.19"/></nont><nont label="PostfixExpressionP"/><location loc="21.18--21.19"/></nont><location loc="21.18--21.19"/></nont><nont label="MULDIVExpressionP"/><location loc="21.18--21.19"/></nont><nont label="ADDSUBExpressionP"/><location loc="21.18--21.19"/></nont><nont label="RelationalExpressionP"/><location loc="21.18--21.19"/></nont><nont label="ANDExpressionP"/><location loc="21.18--21.19"/></nont><nont label="ORXORExpressionP"/><location loc="21.18--21.19"/></nont><location loc="21.18--21.19"/></nont><nont label="PostfixExpressionPP"><term lexeme=":" token="COLON"><location loc="21.20--21.20"/></term><nont label="Type"><term lexeme="char" token="CHAR"><location loc="21.21--21.24"/></term><location loc="21.21--21.24"/></nont><term lexeme=")" token="RPARENTHESIS"><location loc="21.25--21.25"/></term><nont label="PostfixExpressionP"/><location loc="21.20--21.25"/></nont><location loc="21.17--21.25"/></nont><location loc="21.17--21.25"/></nont><nont label="MULDIVExpressionP"/><location loc="21.17--21.25"/></nont><nont label="ADDSUBExpressionP"/><location loc="21.17--21.25"/></nont><nont label="RelationalExpressionP"/><location loc="21.17--21.25"/></nont><nont label="ANDExpressionP"/><location loc="21.17--21.25"/></nont><nont label="ORXORExpressionP"/><location loc="21.17--21.25"/></nont><location loc="21.17--21.25"/></nont><nont label="ArgumentsP"/><location loc="21.17--21.25"/></nont><term lexeme=")" token="RPARENTHESIS"><location loc="21.26--21.26"/></term><location loc="21.17--21.26"/></nont><location loc="21.16--21.26"/></nont><location loc="21.9--21.26"/></nont><nont label="PostfixExpressionP"/><location loc="21.9--21.26"/></nont><location loc="21.9--21.26"/></nont><nont label="MULDIVExpressionP"/><location loc="21.9--21.26"/></nont><nont label="ADDSUBExpressionP"/><location loc="21.9--21.26"/></nont><nont label="RelationalExpressionP"/><location loc="21.9--21.26"/></nont><nont label="ANDExpressionP"/><location loc="21.9--21.26"/></nont><nont label="ORXORExpressionP"/><location loc="21.9--21.26"/></nont><location loc="21.9--21.26"/></nont><nont label="StatementP"/><location loc="21.9--21.26"/></nont><term lexeme=";" token="SEMIC"><location loc="21.27--21.27"/></term><nont label="StatementsP"><nont label="Statement"><nont label="Expression"><nont label="ORXORExpression"><nont label="ANDExpression"><nont label="RelationalExpression"><nont label="ADDSUBExpression"><nont label="MULDIVExpression"><nont label="PrefixExpression"><nont label="PostfixExpression"><nont label="AtomicExpression"><term lexeme="n" token="IDENTIFIER"><location loc="22.9--22.9"/></term><nont label="ArgumentsOpt"/><location loc="22.9--22.9"/></nont><nont label="PostfixExpressionP"/><location loc="22.9--22.9"/></nont><location loc="22.9--22.9"/></nont><nont label="MULDIVExpressionP"/><location loc="22.9--22.9"/></nont><nont label="ADDSUBExpressionP"/><location loc="22.9--22.9"/></nont><nont label="RelationalExpressionP"/><location loc="22.9--22.9"/></nont><nont label="ANDExpressionP"/><location loc="22.9--22.9"/></nont><nont label="ORXORExpressionP"/><location loc="22.9--22.9"/></nont><location loc="22.9--22.9"/></nont><nont label="StatementP"><term lexeme="=" token="ASSIGN"><location loc="22.10--22.10"/></term><nont label="Expression"><nont label="ORXORExpression"><nont label="ANDExpression"><nont label="RelationalExpression"><nont label="ADDSUBExpression"><nont label="MULDIVExpression"><nont label="PrefixExpression"><nont label="PostfixExpression"><nont label="AtomicExpression"><term lexeme="n" token="IDENTIFIER"><location loc="22.11--22.11"/></term><nont label="ArgumentsOpt"/><location loc="22.11--22.11"/></nont><nont label="PostfixExpressionP"/><location loc="22.11--22.11"/></nont><location loc="22.11--22.11"/></nont><nont label="MULDIVExpressionP"/><location loc="22.11--22.11"/></nont><nont label="ADDSUBExpressionP"><term lexeme="+" token="ADD"><location loc="22.12--22.12"/></term><nont label="MULDIVExpression"><nont label="PrefixExpression"><nont label="PostfixExpression"><nont label="AtomicExpression"><term lexeme="1" token="INTCONST"><location loc="22.13--22.13"/></term><location loc="22.13--22.13"/></nont><nont label="PostfixExpressionP"/><location loc="22.13--22.13"/></nont><location loc="22.13--22.13"/></nont><nont label="MULDIVExpressionP"/><location loc="22.13--22.13"/></nont><nont label="ADDSUBExpressionP"/><location loc="22.12--22.13"/></nont><location loc="22.11--22.13"/></nont><nont label="RelationalExpressionP"/><location loc="22.11--22.13"/></nont><nont label="ANDExpressionP"/><location loc="22.11--22.13"/></nont><nont label="ORXORExpressionP"/><location loc="22.11--22.13"/></nont><location loc="22.11--22.13"/></nont><location loc="22.10--22.13"/></nont><location loc="22.9--22.13"/></nont><term lexeme=";" token="SEMIC"><location loc="22.14--22.14"/></term><nont label="StatementsP"/><location loc="22.9--22.14"/></nont><location loc="21.9--22.14"/></nont><location loc="20.9--22.14"/></nont><location loc="19.20--22.14"/></nont><location loc="19.9--22.14"/></nont><term lexeme="end" token="END"><location loc="23.7--23.9"/></term><location loc="18.7--23.9"/></nont><term lexeme=";" token="SEMIC"><location loc="23.10--23.10"/></term><nont label="StatementsP"><nont label="Statement"><nont label="Expression"><nont label="ORXORExpression"><nont label="ANDExpression"><nont label="RelationalExpression"><nont label="ADDSUBExpression"><nont label="MULDIVExpression"><nont label="PrefixExpression"><nont label="PostfixExpression"><nont label="AtomicExpression"><term lexeme="putString" token="IDENTIFIER"><location loc="25.7--25.15"/></term><nont label="ArgumentsOpt"><term lexeme="(" token="LPARENTHESIS"><location loc="25.16--25.16"/></term><nont label="ArgumentsOptP"><nont label="Arguments"><nont label="Expression"><nont label="ORXORExpression"><nont label="ANDExpression"><nont label="RelationalExpression"><nont label="ADDSUBExpression"><nont label="MULDIVExpression"><nont label="PrefixExpression"><nont label="PostfixExpression"><nont label="AtomicExpression"><term lexeme="&quot;fibItr:&quot;" token="STRCONST"><location loc="25.17--25.25"/></term><location loc="25.17--25.25"/></nont><nont label="PostfixExpressionP"/><location loc="25.17--25.25"/></nont><location loc="25.17--25.25"/></nont><nont label="MULDIVExpressionP"/><location loc="25.17--25.25"/></nont><nont label="ADDSUBExpressionP"/><location loc="25.17--25.25"/></nont><nont label="RelationalExpressionP"/><location loc="25.17--25.25"/></nont><nont label="ANDExpressionP"/><location loc="25.17--25.25"/></nont><nont label="ORXORExpressionP"/><location loc="25.17--25.25"/></nont><location loc="25.17--25.25"/></nont><nont label="ArgumentsP"/><location loc="25.17--25.25"/></nont><term lexeme=")" token="RPARENTHESIS"><location loc="25.26--25.26"/></term><location loc="25.17--25.26"/></nont><location loc="25.16--25.26"/></nont><location loc="25.7--25.26"/></nont><nont label="PostfixExpressionP"/><location loc="25.7--25.26"/></nont><location loc="25.7--25.26"/></nont><nont label="MULDIVExpressionP"/><location loc="25.7--25.26"/></nont><nont label="ADDSUBExpressionP"/><location loc="25.7--25.26"/></nont><nont label="RelationalExpressionP"/><location loc="25.7--25.26"/></nont><nont label="ANDExpressionP"/><location loc="25.7--25.26"/></nont><nont label="ORXORExpressionP"/><location loc="25.7--25.26"/></nont><location loc="25.7--25.26"/></nont><nont label="StatementP"/><location loc="25.7--25.26"/></nont><term lexeme=";" token="SEMIC"><location loc="25.27--25.27"/></term><nont label="StatementsP"><nont label="Statement"><nont label="Expression"><nont label="ORXORExpression"><nont label="ANDExpression"><nont label="RelationalExpression"><nont label="ADDSUBExpression"><nont label="MULDIVExpression"><nont label="PrefixExpression"><nont label="PostfixExpression"><nont label="AtomicExpression"><term lexeme="putChar" token="IDENTIFIER"><location loc="25.29--25.35"/></term><nont label="ArgumentsOpt"><term lexeme="(" token="LPARENTHESIS"><location loc="25.36--25.36"/></term><nont label="ArgumentsOptP"><nont label="Arguments"><nont label="Expression"><nont label="ORXORExpression"><nont label="ANDExpression"><nont label="RelationalExpression"><nont label="ADDSUBExpression"><nont label="MULDIVExpression"><nont label="PrefixExpression"><nont label="PostfixExpression"><term lexeme="(" token="LPARENTHESIS"><location loc="25.37--25.37"/></term><nont label="Expression"><nont label="ORXORExpression"><nont label="ANDExpression"><nont label="RelationalExpression"><nont label="ADDSUBExpression"><nont label="MULDIVExpression"><nont label="PrefixExpression"><nont label="PostfixExpression"><nont label="AtomicExpression"><term lexeme="10" token="INTCONST"><location loc="25.38--25.39"/></term><location loc="25.38--25.39"/></nont><nont label="PostfixExpressionP"/><location loc="25.38--25.39"/></nont><location loc="25.38--25.39"/></nont><nont label="MULDIVExpressionP"/><location loc="25.38--25.39"/></nont><nont label="ADDSUBExpressionP"/><location loc="25.38--25.39"/></nont><nont label="RelationalExpressionP"/><location loc="25.38--25.39"/></nont><nont label="ANDExpressionP"/><location loc="25.38--25.39"/></nont><nont label="ORXORExpressionP"/><location loc="25.38--25.39"/></nont><location loc="25.38--25.39"/></nont><nont label="PostfixExpressionPP"><term lexeme=":" token="COLON"><location loc="25.40--25.40"/></term><nont label="Type"><term lexeme="char" token="CHAR"><location loc="25.41--25.44"/></term><location loc="25.41--25.44"/></nont><term lexeme=")" token="RPARENTHESIS"><location loc="25.45--25.45"/></term><nont label="PostfixExpressionP"/><location loc="25.40--25.45"/></nont><location loc="25.37--25.45"/></nont><location loc="25.37--25.45"/></nont><nont label="MULDIVExpressionP"/><location loc="25.37--25.45"/></nont><nont label="ADDSUBExpressionP"/><location loc="25.37--25.45"/></nont><nont label="RelationalExpressionP"/><location loc="25.37--25.45"/></nont><nont label="ANDExpressionP"/><location loc="25.37--25.45"/></nont><nont label="ORXORExpressionP"/><location loc="25.37--25.45"/></nont><location loc="25.37--25.45"/></nont><nont label="ArgumentsP"/><location loc="25.37--25.45"/></nont><term lexeme=")" token="RPARENTHESIS"><location loc="25.46--25.46"/></term><location loc="25.37--25.46"/></nont><location loc="25.36--25.46"/></nont><location loc="25.29--25.46"/></nont><nont label="PostfixExpressionP"/><location loc="25.29--25.46"/></nont><location loc="25.29--25.46"/></nont><nont label="MULDIVExpressionP"/><location loc="25.29--25.46"/></nont><nont label="ADDSUBExpressionP"/><location loc="25.29--25.46"/></nont><nont label="RelationalExpressionP"/><location loc="25.29--25.46"/></nont><nont label="ANDExpressionP"/><location loc="25.29--25.46"/></nont><nont label="ORXORExpressionP"/><location loc="25.29--25.46"/></nont><location loc="25.29--25.46"/></nont><nont label="StatementP"/><location loc="25.29--25.46"/></nont><term lexeme=";" token="SEMIC"><location loc="25.47--25.47"/></term><nont label="StatementsP"><nont label="Statement"><nont label="Expression"><nont label="ORXORExpression"><nont label="ANDExpression"><nont label="RelationalExpression"><nont label="ADDSUBExpression"><nont label="MULDIVExpression"><nont label="PrefixExpression"><nont label="PostfixExpression"><nont label="AtomicExpression"><term lexeme="n" token="IDENTIFIER"><location loc="26.7--26.7"/></term><nont label="ArgumentsOpt"/><location loc="26.7--26.7"/></nont><nont label="PostfixExpressionP"/><location loc="26.7--26.7"/></nont><location loc="26.7--26.7"/></nont><nont label="MULDIVExpressionP"/><location loc="26.7--26.7"/></nont><nont label="ADDSUBExpressionP"/><location loc="26.7--26.7"/></nont><nont label="RelationalExpressionP"/><location loc="26.7--26.7"/></nont><nont label="ANDExpressionP"/><location loc="26.7--26.7"/></nont><nont label="ORXORExpressionP"/><location loc="26.7--26.7"/></nont><location loc="26.7--26.7"/></nont><nont label="StatementP"><term lexeme="=" token="ASSIGN"><location loc="26.8--26.8"/></term><nont label="Expression"><nont label="ORXORExpression"><nont label="ANDExpression"><nont label="RelationalExpression"><nont label="ADDSUBExpression"><nont label="MULDIVExpression"><nont label="PrefixExpression"><nont label="PostfixExpression"><nont label="AtomicExpression"><term lexeme="1" token="INTCONST"><location loc="26.9--26.9"/></term><location loc="26.9--26.9"/></nont><nont label="PostfixExpressionP"/><location loc="26.9--26.9"/></nont><location loc="26.9--26.9"/></nont><nont label="MULDIVExpressionP"/><location loc="26.9--26.9"/></nont><nont label="ADDSUBExpressionP"/><location loc="26.9--26.9"/></nont><nont label="RelationalExpressionP"/><location loc="26.9--26.9"/></nont><nont label="ANDExpressionP"/><location loc="26.9--26.9"/></nont><nont label="ORXORExpressionP"/><location loc="26.9--26.9"/></nont><location loc="26.9--26.9"/></nont><location loc="26.8--26.9"/></nont><location loc="26.7--26.9"/></nont><term lexeme=";" token="SEMIC"><location loc="26.10--26.10"/></term><nont label="StatementsP"><nont label="Statement"><term lexeme="while" token="WHILE"><location loc="27.7--27.11"/></term><nont label="Expression"><nont label="ORXORExpression"><nont label="ANDExpression"><nont label="RelationalExpression"><nont label="ADDSUBExpression"><nont label="MULDIVExpression"><nont label="PrefixExpression"><nont label="PostfixExpression"><nont label="AtomicExpression"><term lexeme="n" token="IDENTIFIER"><location loc="27.13--27.13"/></term><nont label="ArgumentsOpt"/><location loc="27.13--27.13"/></nont><nont label="PostfixExpressionP"/><location loc="27.13--27.13"/></nont><location loc="27.13--27.13"/></nont><nont label="MULDIVExpressionP"/><location loc="27.13--27.13"/></nont><nont label="ADDSUBExpressionP"/><location loc="27.13--27.13"/></nont><nont label="RelationalExpressionP"><term lexeme="&lt;=" token="LEQ"><location loc="27.14--27.15"/></term><nont label="ADDSUBExpression"><nont label="MULDIVExpression"><nont label="PrefixExpression"><nont label="PostfixExpression"><nont label="AtomicExpression"><term lexeme="10" token="INTCONST"><location loc="27.16--27.17"/></term><location loc="27.16--27.17"/></nont><nont label="PostfixExpressionP"/><location loc="27.16--27.17"/></nont><location loc="27.16--27.17"/></nont><nont label="MULDIVExpressionP"/><location loc="27.16--27.17"/></nont><nont label="ADDSUBExpressionP"/><location loc="27.16--27.17"/></nont><location loc="27.14--27.17"/></nont><location loc="27.13--27.17"/></nont><nont label="ANDExpressionP"/><location loc="27.13--27.17"/></nont><nont label="ORXORExpressionP"/><location loc="27.13--27.17"/></nont><location loc="27.13--27.17"/></nont><term lexeme="do" token="DO"><location loc="27.19--27.20"/></term><nont label="Statements"><nont label="Statement"><nont label="Expression"><nont label="ORXORExpression"><nont label="ANDExpression"><nont label="RelationalExpression"><nont label="ADDSUBExpression"><nont label="MULDIVExpression"><nont label="PrefixExpression"><nont label="PostfixExpression"><nont label="AtomicExpression"><term lexeme="putInt" token="IDENTIFIER"><location loc="28.9--28.14"/></term><nont label="ArgumentsOpt"><term lexeme="(" token="LPARENTHESIS"><location loc="28.15--28.15"/></term><nont label="ArgumentsOptP"><nont label="Arguments"><nont label="Expression"><nont label="ORXORExpression"><nont label="ANDExpression"><nont label="RelationalExpression"><nont label="ADDSUBExpression"><nont label="MULDIVExpression"><nont label="PrefixExpression"><nont label="PostfixExpression"><nont label="AtomicExpression"><term lexeme="n" token="IDENTIFIER"><location loc="28.16--28.16"/></term><nont label="ArgumentsOpt"/><location loc="28.16--28.16"/></nont><nont label="PostfixExpressionP"/><location loc="28.16--28.16"/></nont><location loc="28.16--28.16"/></nont><nont label="MULDIVExpressionP"/><location loc="28.16--28.16"/></nont><nont label="ADDSUBExpressionP"/><location loc="28.16--28.16"/></nont><nont label="RelationalExpressionP"/><location loc="28.16--28.16"/></nont><nont label="ANDExpressionP"/><location loc="28.16--28.16"/></nont><nont label="ORXORExpressionP"/><location loc="28.16--28.16"/></nont><location loc="28.16--28.16"/></nont><nont label="ArgumentsP"/><location loc="28.16--28.16"/></nont><term lexeme=")" token="RPARENTHESIS"><location loc="28.17--28.17"/></term><location loc="28.16--28.17"/></nont><location loc="28.15--28.17"/></nont><location loc="28.9--28.17"/></nont><nont label="PostfixExpressionP"/><location loc="28.9--28.17"/></nont><location loc="28.9--28.17"/></nont><nont label="MULDIVExpressionP"/><location loc="28.9--28.17"/></nont><nont label="ADDSUBExpressionP"/><location loc="28.9--28.17"/></nont><nont label="RelationalExpressionP"/><location loc="28.9--28.17"/></nont><nont label="ANDExpressionP"/><location loc="28.9--28.17"/></nont><nont label="ORXORExpressionP"/><location loc="28.9--28.17"/></nont><location loc="28.9--28.17"/></nont><nont label="StatementP"/><location loc="28.9--28.17"/></nont><term lexeme=";" token="SEMIC"><location loc="28.18--28.18"/></term><nont label="StatementsP"><nont label="Statement"><nont label="Expression"><nont label="ORXORExpression"><nont label="ANDExpression"><nont label="RelationalExpression"><nont label="ADDSUBExpression"><nont label="MULDIVExpression"><nont label="PrefixExpression"><nont label="PostfixExpression"><nont label="AtomicExpression"><term lexeme="putString" token="IDENTIFIER"><location loc="28.20--28.28"/></term><nont label="ArgumentsOpt"><term lexeme="(" token="LPARENTHESIS"><location loc="28.29--28.29"/></term><nont label="ArgumentsOptP"><nont label="Arguments"><nont label="Expression"><nont label="ORXORExpression"><nont label="ANDExpression"><nont label="RelationalExpression"><nont label="ADDSUBExpression"><nont label="MULDIVExpression"><nont label="PrefixExpression"><nont label="PostfixExpression"><nont label="AtomicExpression"><term lexeme="&quot;: &quot;" token="STRCONST"><location loc="28.30--28.33"/></term><location loc="28.30--28.33"/></nont><nont label="PostfixExpressionP"/><location loc="28.30--28.33"/></nont><location loc="28.30--28.33"/></nont><nont label="MULDIVExpressionP"/><location loc="28.30--28.33"/></nont><nont label="ADDSUBExpressionP"/><location loc="28.30--28.33"/></nont><nont label="RelationalExpressionP"/><location loc="28.30--28.33"/></nont><nont label="ANDExpressionP"/><location loc="28.30--28.33"/></nont><nont label="ORXORExpressionP"/><location loc="28.30--28.33"/></nont><location loc="28.30--28.33"/></nont><nont label="ArgumentsP"/><location loc="28.30--28.33"/></nont><term lexeme=")" token="RPARENTHESIS"><location loc="28.34--28.34"/></term><location loc="28.30--28.34"/></nont><location loc="28.29--28.34"/></nont><location loc="28.20--28.34"/></nont><nont label="PostfixExpressionP"/><location loc="28.20--28.34"/></nont><location loc="28.20--28.34"/></nont><nont label="MULDIVExpressionP"/><location loc="28.20--28.34"/></nont><nont label="ADDSUBExpressionP"/><location loc="28.20--28.34"/></nont><nont label="RelationalExpressionP"/><location loc="28.20--28.34"/></nont><nont label="ANDExpressionP"/><location loc="28.20--28.34"/></nont><nont label="ORXORExpressionP"/><location loc="28.20--28.34"/></nont><location loc="28.20--28.34"/></nont><nont label="StatementP"/><location loc="28.20--28.34"/></nont><term lexeme=";" token="SEMIC"><location loc="28.35--28.35"/></term><nont label="StatementsP"><nont label="Statement"><nont label="Expression"><nont label="ORXORExpression"><nont label="ANDExpression"><nont label="RelationalExpression"><nont label="ADDSUBExpression"><nont label="MULDIVExpression"><nont label="PrefixExpression"><nont label="PostfixExpression"><nont label="AtomicExpression"><term lexeme="putInt" token="IDENTIFIER"><location loc="29.9--29.14"/></term><nont label="ArgumentsOpt"><term lexeme="(" token="LPARENTHESIS"><location loc="29.15--29.15"/></term><nont label="ArgumentsOptP"><nont label="Arguments"><nont label="Expression"><nont label="ORXORExpression"><nont label="ANDExpression"><nont label="RelationalExpression"><nont label="ADDSUBExpression"><nont label="MULDIVExpression"><nont label="PrefixExpression"><nont label="PostfixExpression"><nont label="AtomicExpression"><term lexeme="fibItr" token="IDENTIFIER"><location loc="29.16--29.21"/></term><nont label="ArgumentsOpt"><term lexeme="(" token="LPARENTHESIS"><location loc="29.22--29.22"/></term><nont label="ArgumentsOptP"><nont label="Arguments"><nont label="Expression"><nont label="ORXORExpression"><nont label="ANDExpression"><nont label="RelationalExpression"><nont label="ADDSUBExpression"><nont label="MULDIVExpression"><nont label="PrefixExpression"><nont label="PostfixExpression"><nont label="AtomicExpression"><term lexeme="n" token="IDENTIFIER"><location loc="29.23--29.23"/></term><nont label="ArgumentsOpt"/><location loc="29.23--29.23"/></nont><nont label="PostfixExpressionP"/><location loc="29.23--29.23"/></nont><location loc="29.23--29.23"/></nont><nont label="MULDIVExpressionP"/><location loc="29.23--29.23"/></nont><nont label="ADDSUBExpressionP"/><location loc="29.23--29.23"/></nont><nont label="RelationalExpressionP"/><location loc="29.23--29.23"/></nont><nont label="ANDExpressionP"/><location loc="29.23--29.23"/></nont><nont label="ORXORExpressionP"/><location loc="29.23--29.23"/></nont><location loc="29.23--29.23"/></nont><nont label="ArgumentsP"/><location loc="29.23--29.23"/></nont><term lexeme=")" token="RPARENTHESIS"><location loc="29.24--29.24"/></term><location loc="29.23--29.24"/></nont><location loc="29.22--29.24"/></nont><location loc="29.16--29.24"/></nont><nont label="PostfixExpressionP"/><location loc="29.16--29.24"/></nont><location loc="29.16--29.24"/></nont><nont label="MULDIVExpressionP"/><location loc="29.16--29.24"/></nont><nont label="ADDSUBExpressionP"/><location loc="29.16--29.24"/></nont><nont label="RelationalExpressionP"/><location loc="29.16--29.24"/></nont><nont label="ANDExpressionP"/><location loc="29.16--29.24"/></nont><nont label="ORXORExpressionP"/><location loc="29.16--29.24"/></nont><location loc="29.16--29.24"/></nont><nont label="ArgumentsP"/><location loc="29.16--29.24"/></nont><term lexeme=")" token="RPARENTHESIS"><location loc="29.25--29.25"/></term><location loc="29.16--29.25"/></nont><location loc="29.15--29.25"/></nont><location loc="29.9--29.25"/></nont><nont label="PostfixExpressionP"/><location loc="29.9--29.25"/></nont><location loc="29.9--29.25"/></nont><nont label="MULDIVExpressionP"/><location loc="29.9--29.25"/></nont><nont label="ADDSUBExpressionP"/><location loc="29.9--29.25"/></nont><nont label="RelationalExpressionP"/><location loc="29.9--29.25"/></nont><nont label="ANDExpressionP"/><location loc="29.9--29.25"/></nont><nont label="ORXORExpressionP"/><location loc="29.9--29.25"/></nont><location loc="29.9--29.25"/></nont><nont label="StatementP"/><location loc="29.9--29.25"/></nont><term lexeme=";" token="SEMIC"><location loc="29.26--29.26"/></term><nont label="StatementsP"><nont label="Statement"><nont label="Expression"><nont label="ORXORExpression"><nont label="ANDExpression"><nont label="RelationalExpression"><nont label="ADDSUBExpression"><nont label="MULDIVExpression"><nont label="PrefixExpression"><nont label="PostfixExpression"><nont label="AtomicExpression"><term lexeme="putChar" token="IDENTIFIER"><location loc="30.9--30.15"/></term><nont label="ArgumentsOpt"><term lexeme="(" token="LPARENTHESIS"><location loc="30.16--30.16"/></term><nont label="ArgumentsOptP"><nont label="Arguments"><nont label="Expression"><nont label="ORXORExpression"><nont label="ANDExpression"><nont label="RelationalExpression"><nont label="ADDSUBExpression"><nont label="MULDIVExpression"><nont label="PrefixExpression"><nont label="PostfixExpression"><term lexeme="(" token="LPARENTHESIS"><location loc="30.17--30.17"/></term><nont label="Expression"><nont label="ORXORExpression"><nont label="ANDExpression"><nont label="RelationalExpression"><nont label="ADDSUBExpression"><nont label="MULDIVExpression"><nont label="PrefixExpression"><nont label="PostfixExpression"><nont label="AtomicExpression"><term lexeme="10" token="INTCONST"><location loc="30.18--30.19"/></term><location loc="30.18--30.19"/></nont><nont label="PostfixExpressionP"/><location loc="30.18--30.19"/></nont><location loc="30.18--30.19"/></nont><nont label="MULDIVExpressionP"/><location loc="30.18--30.19"/></nont><nont label="ADDSUBExpressionP"/><location loc="30.18--30.19"/></nont><nont label="RelationalExpressionP"/><location loc="30.18--30.19"/></nont><nont label="ANDExpressionP"/><location loc="30.18--30.19"/></nont><nont label="ORXORExpressionP"/><location loc="30.18--30.19"/></nont><location loc="30.18--30.19"/></nont><nont label="PostfixExpressionPP"><term lexeme=":" token="COLON"><location loc="30.20--30.20"/></term><nont label="Type"><term lexeme="char" token="CHAR"><location loc="30.21--30.24"/></term><location loc="30.21--30.24"/></nont><term lexeme=")" token="RPARENTHESIS"><location loc="30.25--30.25"/></term><nont label="PostfixExpressionP"/><location loc="30.20--30.25"/></nont><location loc="30.17--30.25"/></nont><location loc="30.17--30.25"/></nont><nont label="MULDIVExpressionP"/><location loc="30.17--30.25"/></nont><nont label="ADDSUBExpressionP"/><location loc="30.17--30.25"/></nont><nont label="RelationalExpressionP"/><location loc="30.17--30.25"/></nont><nont label="ANDExpressionP"/><location loc="30.17--30.25"/></nont><nont label="ORXORExpressionP"/><location loc="30.17--30.25"/></nont><location loc="30.17--30.25"/></nont><nont label="ArgumentsP"/><location loc="30.17--30.25"/></nont><term lexeme=")" token="RPARENTHESIS"><location loc="30.26--30.26"/></term><location loc="30.17--30.26"/></nont><location loc="30.16--30.26"/></nont><location loc="30.9--30.26"/></nont><nont label="PostfixExpressionP"/><location loc="30.9--30.26"/></nont><location loc="30.9--30.26"/></nont><nont label="MULDIVExpressionP"/><location loc="30.9--30.26"/></nont><nont label="ADDSUBExpressionP"/><location loc="30.9--30.26"/></nont><nont label="RelationalExpressionP"/><location loc="30.9--30.26"/></nont><nont label="ANDExpressionP"/><location loc="30.9--30.26"/></nont><nont label="ORXORExpressionP"/><location loc="30.9--30.26"/></nont><location loc="30.9--30.26"/></nont><nont label="StatementP"/><location loc="30.9--30.26"/></nont><term lexeme=";" token="SEMIC"><location loc="30.27--30.27"/></term><nont label="StatementsP"><nont label="Statement"><nont label="Expression"><nont label="ORXORExpression"><nont label="ANDExpression"><nont label="RelationalExpression"><nont label="ADDSUBExpression"><nont label="MULDIVExpression"><nont label="PrefixExpression"><nont label="PostfixExpression"><nont label="AtomicExpression"><term lexeme="n" token="IDENTIFIER"><location loc="31.9--31.9"/></term><nont label="ArgumentsOpt"/><location loc="31.9--31.9"/></nont><nont label="PostfixExpressionP"/><location loc="31.9--31.9"/></nont><location loc="31.9--31.9"/></nont><nont label="MULDIVExpressionP"/><location loc="31.9--31.9"/></nont><nont label="ADDSUBExpressionP"/><location loc="31.9--31.9"/></nont><nont label="RelationalExpressionP"/><location loc="31.9--31.9"/></nont><nont label="ANDExpressionP"/><location loc="31.9--31.9"/></nont><nont label="ORXORExpressionP"/><location loc="31.9--31.9"/></nont><location loc="31.9--31.9"/></nont><nont label="StatementP"><term lexeme="=" token="ASSIGN"><location loc="31.10--31.10"/></term><nont label="Expression"><nont label="ORXORExpression"><nont label="ANDExpression"><nont label="RelationalExpression"><nont label="ADDSUBExpression"><nont label="MULDIVExpression"><nont label="PrefixExpression"><nont label="PostfixExpression"><nont label="AtomicExpression"><term lexeme="n" token="IDENTIFIER"><location loc="31.11--31.11"/></term><nont label="ArgumentsOpt"/><location loc="31.11--31.11"/></nont><nont label="PostfixExpressionP"/><location loc="31.11--31.11"/></nont><location loc="31.11--31.11"/></nont><nont label="MULDIVExpressionP"/><location loc="31.11--31.11"/></nont><nont label="ADDSUBExpressionP"><term lexeme="+" token="ADD"><location loc="31.12--31.12"/></term><nont label="MULDIVExpression"><nont label="PrefixExpression"><nont label="PostfixExpression"><nont label="AtomicExpression"><term lexeme="1" token="INTCONST"><location loc="31.13--31.13"/></term><location loc="31.13--31.13"/></nont><nont label="PostfixExpressionP"/><location loc="31.13--31.13"/></nont><location loc="31.13--31.13"/></nont><nont label="MULDIVExpressionP"/><location loc="31.13--31.13"/></nont><nont label="ADDSUBExpressionP"/><location loc="31.12--31.13"/></nont><location loc="31.11--31.13"/></nont><nont label="RelationalExpressionP"/><location loc="31.11--31.13"/></nont><nont label="ANDExpressionP"/><location loc="31.11--31.13"/></nont><nont label="ORXORExpressionP"/><location loc="31.11--31.13"/></nont><location loc="31.11--31.13"/></nont><location loc="31.10--31.13"/></nont><location loc="31.9--31.13"/></nont><term lexeme=";" token="SEMIC"><location loc="31.14--31.14"/></term><nont label="StatementsP"/><location loc="31.9--31.14"/></nont><location loc="30.9--31.14"/></nont><location loc="29.9--31.14"/></nont><location loc="28.20--31.14"/></nont><location loc="28.9--31.14"/></nont><term lexeme="end" token="END"><location loc="32.7--32.9"/></term><location loc="27.7--32.9"/></nont><term lexeme=";" token="SEMIC"><location loc="32.10--32.10"/></term><nont label="StatementsP"><nont label="Statement"><nont label="Expression"><nont label="ORXORExpression"><nont label="ANDExpression"><nont label="RelationalExpression"><nont label="ADDSUBExpression"><nont label="MULDIVExpression"><nont label="PrefixExpression"><nont label="PostfixExpression"><nont label="AtomicExpression"><term lexeme="putString" token="IDENTIFIER"><location loc="34.7--34.15"/></term><nont label="ArgumentsOpt"><term lexeme="(" token="LPARENTHESIS"><location loc="34.16--34.16"/></term><nont label="ArgumentsOptP"><nont label="Arguments"><nont label="Expression"><nont label="ORXORExpression"><nont label="ANDExpression"><nont label="RelationalExpression"><nont label="ADDSUBExpression"><nont label="MULDIVExpression"><nont label="PrefixExpression"><nont label="PostfixExpression"><nont label="AtomicExpression"><term lexeme="&quot;fibRec:&quot;" token="STRCONST"><location loc="34.17--34.25"/></term><location loc="34.17--34.25"/></nont><nont label="PostfixExpressionP"/><location loc="34.17--34.25"/></nont><location loc="34.17--34.25"/></nont><nont label="MULDIVExpressionP"/><location loc="34.17--34.25"/></nont><nont label="ADDSUBExpressionP"/><location loc="34.17--34.25"/></nont><nont label="RelationalExpressionP"/><location loc="34.17--34.25"/></nont><nont label="ANDExpressionP"/><location loc="34.17--34.25"/></nont><nont label="ORXORExpressionP"/><location loc="34.17--34.25"/></nont><location loc="34.17--34.25"/></nont><nont label="ArgumentsP"/><location loc="34.17--34.25"/></nont><term lexeme=")" token="RPARENTHESIS"><location loc="34.26--34.26"/></term><location loc="34.17--34.26"/></nont><location loc="34.16--34.26"/></nont><location loc="34.7--34.26"/></nont><nont label="PostfixExpressionP"/><location loc="34.7--34.26"/></nont><location loc="34.7--34.26"/></nont><nont label="MULDIVExpressionP"/><location loc="34.7--34.26"/></nont><nont label="ADDSUBExpressionP"/><location loc="34.7--34.26"/></nont><nont label="RelationalExpressionP"/><location loc="34.7--34.26"/></nont><nont label="ANDExpressionP"/><location loc="34.7--34.26"/></nont><nont label="ORXORExpressionP"/><location loc="34.7--34.26"/></nont><location loc="34.7--34.26"/></nont><nont label="StatementP"/><location loc="34.7--34.26"/></nont><term lexeme=";" token="SEMIC"><location loc="34.27--34.27"/></term><nont label="StatementsP"><nont label="Statement"><nont label="Expression"><nont label="ORXORExpression"><nont label="ANDExpression"><nont label="RelationalExpression"><nont label="ADDSUBExpression"><nont label="MULDIVExpression"><nont label="PrefixExpression"><nont label="PostfixExpression"><nont label="AtomicExpression"><term lexeme="putChar" token="IDENTIFIER"><location loc="34.29--34.35"/></term><nont label="ArgumentsOpt"><term lexeme="(" token="LPARENTHESIS"><location loc="34.36--34.36"/></term><nont label="ArgumentsOptP"><nont label="Arguments"><nont label="Expression"><nont label="ORXORExpression"><nont label="ANDExpression"><nont label="RelationalExpression"><nont label="ADDSUBExpression"><nont label="MULDIVExpression"><nont label="PrefixExpression"><nont label="PostfixExpression"><term lexeme="(" token="LPARENTHESIS"><location loc="34.37--34.37"/></term><nont label="Expression"><nont label="ORXORExpression"><nont label="ANDExpression"><nont label="RelationalExpression"><nont label="ADDSUBExpression"><nont label="MULDIVExpression"><nont label="PrefixExpression"><nont label="PostfixExpression"><nont label="AtomicExpression"><term lexeme="10" token="INTCONST"><location loc="34.38--34.39"/></term><location loc="34.38--34.39"/></nont><nont label="PostfixExpressionP"/><location loc="34.38--34.39"/></nont><location loc="34.38--34.39"/></nont><nont label="MULDIVExpressionP"/><location loc="34.38--34.39"/></nont><nont label="ADDSUBExpressionP"/><location loc="34.38--34.39"/></nont><nont label="RelationalExpressionP"/><location loc="34.38--34.39"/></nont><nont label="ANDExpressionP"/><location loc="34.38--34.39"/></nont><nont label="ORXORExpressionP"/><location loc="34.38--34.39"/></nont><location loc="34.38--34.39"/></nont><nont label="PostfixExpressionPP"><term lexeme=":" token="COLON"><location loc="34.40--34.40"/></term><nont label="Type"><term lexeme="char" token="CHAR"><location loc="34.41--34.44"/></term><location loc="34.41--34.44"/></nont><term lexeme=")" token="RPARENTHESIS"><location loc="34.45--34.45"/></term><nont label="PostfixExpressionP"/><location loc="34.40--34.45"/></nont><location loc="34.37--34.45"/></nont><location loc="34.37--34.45"/></nont><nont label="MULDIVExpressionP"/><location loc="34.37--34.45"/></nont><nont label="ADDSUBExpressionP"/><location loc="34.37--34.45"/></nont><nont label="RelationalExpressionP"/><location loc="34.37--34.45"/></nont><nont label="ANDExpressionP"/><location loc="34.37--34.45"/></nont><nont label="ORXORExpressionP"/><location loc="34.37--34.45"/></nont><location loc="34.37--34.45"/></nont><nont label="ArgumentsP"/><location loc="34.37--34.45"/></nont><term lexeme=")" token="RPARENTHESIS"><location loc="34.46--34.46"/></term><location loc="34.37--34.46"/></nont><location loc="34.36--34.46"/></nont><location loc="34.29--34.46"/></nont><nont label="PostfixExpressionP"/><location loc="34.29--34.46"/></nont><location loc="34.29--34.46"/></nont><nont label="MULDIVExpressionP"/><location loc="34.29--34.46"/></nont><nont label="ADDSUBExpressionP"/><location loc="34.29--34.46"/></nont><nont label="RelationalExpressionP"/><location loc="34.29--34.46"/></nont><nont label="ANDExpressionP"/><location loc="34.29--34.46"/></nont><nont label="ORXORExpressionP"/><location loc="34.29--34.46"/></nont><location loc="34.29--34.46"/></nont><nont label="StatementP"/><location loc="34.29--34.46"/></nont><term lexeme=";" token="SEMIC"><location loc="34.47--34.47"/></term><nont label="StatementsP"><nont label="Statement"><nont label="Expression"><nont label="ORXORExpression"><nont label="ANDExpression"><nont label="RelationalExpression"><nont label="ADDSUBExpression"><nont label="MULDIVExpression"><nont label="PrefixExpression"><nont label="PostfixExpression"><nont label="AtomicExpression"><term lexeme="n" token="IDENTIFIER"><location loc="35.7--35.7"/></term><nont label="ArgumentsOpt"/><location loc="35.7--35.7"/></nont><nont label="PostfixExpressionP"/><location loc="35.7--35.7"/></nont><location loc="35.7--35.7"/></nont><nont label="MULDIVExpressionP"/><location loc="35.7--35.7"/></nont><nont label="ADDSUBExpressionP"/><location loc="35.7--35.7"/></nont><nont label="RelationalExpressionP"/><location loc="35.7--35.7"/></nont><nont label="ANDExpressionP"/><location loc="35.7--35.7"/></nont><nont label="ORXORExpressionP"/><location loc="35.7--35.7"/></nont><location loc="35.7--35.7"/></nont><nont label="StatementP"><term lexeme="=" token="ASSIGN"><location loc="35.8--35.8"/></term><nont label="Expression"><nont label="ORXORExpression"><nont label="ANDExpression"><nont label="RelationalExpression"><nont label="ADDSUBExpression"><nont label="MULDIVExpression"><nont label="PrefixExpression"><nont label="PostfixExpression"><nont label="AtomicExpression"><term lexeme="1" token="INTCONST"><location loc="35.9--35.9"/></term><location loc="35.9--35.9"/></nont><nont label="PostfixExpressionP"/><location loc="35.9--35.9"/></nont><location loc="35.9--35.9"/></nont><nont label="MULDIVExpressionP"/><location loc="35.9--35.9"/></nont><nont label="ADDSUBExpressionP"/><location loc="35.9--35.9"/></nont><nont label="RelationalExpressionP"/><location loc="35.9--35.9"/></nont><nont label="ANDExpressionP"/><location loc="35.9--35.9"/></nont><nont label="ORXORExpressionP"/><location loc="35.9--35.9"/></nont><location loc="35.9--35.9"/></nont><location loc="35.8--35.9"/></nont><location loc="35.7--35.9"/></nont><term lexeme=";" token="SEMIC"><location loc="35.10--35.10"/></term><nont label="StatementsP"><nont label="Statement"><term lexeme="while" token="WHILE"><location loc="36.7--36.11"/></term><nont label="Expression"><nont label="ORXORExpression"><nont label="ANDExpression"><nont label="RelationalExpression"><nont label="ADDSUBExpression"><nont label="MULDIVExpression"><nont label="PrefixExpression"><nont label="PostfixExpression"><nont label="AtomicExpression"><term lexeme="n" token="IDENTIFIER"><location loc="36.13--36.13"/></term><nont label="ArgumentsOpt"/><location loc="36.13--36.13"/></nont><nont label="PostfixExpressionP"/><location loc="36.13--36.13"/></nont><location loc="36.13--36.13"/></nont><nont label="MULDIVExpressionP"/><location loc="36.13--36.13"/></nont><nont label="ADDSUBExpressionP"/><location loc="36.13--36.13"/></nont><nont label="RelationalExpressionP"><term lexeme="&lt;=" token="LEQ"><location loc="36.14--36.15"/></term><nont label="ADDSUBExpression"><nont label="MULDIVExpression"><nont label="PrefixExpression"><nont label="PostfixExpression"><nont label="AtomicExpression"><term lexeme="10" token="INTCONST"><location loc="36.16--36.17"/></term><location loc="36.16--36.17"/></nont><nont label="PostfixExpressionP"/><location loc="36.16--36.17"/></nont><location loc="36.16--36.17"/></nont><nont label="MULDIVExpressionP"/><location loc="36.16--36.17"/></nont><nont label="ADDSUBExpressionP"/><location loc="36.16--36.17"/></nont><location loc="36.14--36.17"/></nont><location loc="36.13--36.17"/></nont><nont label="ANDExpressionP"/><location loc="36.13--36.17"/></nont><nont label="ORXORExpressionP"/><location loc="36.13--36.17"/></nont><location loc="36.13--36.17"/></nont><term lexeme="do" token="DO"><location loc="36.19--36.20"/></term><nont label="Statements"><nont label="Statement"><nont label="Expression"><nont label="ORXORExpression"><nont label="ANDExpression"><nont label="RelationalExpression"><nont label="ADDSUBExpression"><nont label="MULDIVExpression"><nont label="PrefixExpression"><nont label="PostfixExpression"><nont label="AtomicExpression"><term lexeme="putInt" token="IDENTIFIER"><location loc="37.9--37.14"/></term><nont label="ArgumentsOpt"><term lexeme="(" token="LPARENTHESIS"><location loc="37.15--37.15"/></term><nont label="ArgumentsOptP"><nont label="Arguments"><nont label="Expression"><nont label="ORXORExpression"><nont label="ANDExpression"><nont label="RelationalExpression"><nont label="ADDSUBExpression"><nont label="MULDIVExpression"><nont label="PrefixExpression"><nont label="PostfixExpression"><nont label="AtomicExpression"><term lexeme="n" token="IDENTIFIER"><location loc="37.16--37.16"/></term><nont label="ArgumentsOpt"/><location loc="37.16--37.16"/></nont><nont label="PostfixExpressionP"/><location loc="37.16--37.16"/></nont><location loc="37.16--37.16"/></nont><nont label="MULDIVExpressionP"/><location loc="37.16--37.16"/></nont><nont label="ADDSUBExpressionP"/><location loc="37.16--37.16"/></nont><nont label="RelationalExpressionP"/><location loc="37.16--37.16"/></nont><nont label="ANDExpressionP"/><location loc="37.16--37.16"/></nont><nont label="ORXORExpressionP"/><location loc="37.16--37.16"/></nont><location loc="37.16--37.16"/></nont><nont label="ArgumentsP"/><location loc="37.16--37.16"/></nont><term lexeme=")" token="RPARENTHESIS"><location loc="37.17--37.17"/></term><location loc="37.16--37.17"/></nont><location loc="37.15--37.17"/></nont><location loc="37.9--37.17"/></nont><nont label="PostfixExpressionP"/><location loc="37.9--37.17"/></nont><location loc="37.9--37.17"/></nont><nont label="MULDIVExpressionP"/><location loc="37.9--37.17"/></nont><nont label="ADDSUBExpressionP"/><location loc="37.9--37.17"/></nont><nont label="RelationalExpressionP"/><location loc="37.9--37.17"/></nont><nont label="ANDExpressionP"/><location loc="37.9--37.17"/></nont><nont label="ORXORExpressionP"/><location loc="37.9--37.17"/></nont><location loc="37.9--37.17"/></nont><nont label="StatementP"/><location loc="37.9--37.17"/></nont><term lexeme=";" token="SEMIC"><location loc="37.18--37.18"/></term><nont label="StatementsP"><nont label="Statement"><nont label="Expression"><nont label="ORXORExpression"><nont label="ANDExpression"><nont label="RelationalExpression"><nont label="ADDSUBExpression"><nont label="MULDIVExpression"><nont label="PrefixExpression"><nont label="PostfixExpression"><nont label="AtomicExpression"><term lexeme="putString" token="IDENTIFIER"><location loc="37.20--37.28"/></term><nont label="ArgumentsOpt"><term lexeme="(" token="LPARENTHESIS"><location loc="37.29--37.29"/></term><nont label="ArgumentsOptP"><nont label="Arguments"><nont label="Expression"><nont label="ORXORExpression"><nont label="ANDExpression"><nont label="RelationalExpression"><nont label="ADDSUBExpression"><nont label="MULDIVExpression"><nont label="PrefixExpression"><nont label="PostfixExpression"><nont label="AtomicExpression"><term lexeme="&quot;: &quot;" token="STRCONST"><location loc="37.30--37.33"/></term><location loc="37.30--37.33"/></nont><nont label="PostfixExpressionP"/><location loc="37.30--37.33"/></nont><location loc="37.30--37.33"/></nont><nont label="MULDIVExpressionP"/><location loc="37.30--37.33"/></nont><nont label="ADDSUBExpressionP"/><location loc="37.30--37.33"/></nont><nont label="RelationalExpressionP"/><location loc="37.30--37.33"/></nont><nont label="ANDExpressionP"/><location loc="37.30--37.33"/></nont><nont label="ORXORExpressionP"/><location loc="37.30--37.33"/></nont><location loc="37.30--37.33"/></nont><nont label="ArgumentsP"/><location loc="37.30--37.33"/></nont><term lexeme=")" token="RPARENTHESIS"><location loc="37.34--37.34"/></term><location loc="37.30--37.34"/></nont><location loc="37.29--37.34"/></nont><location loc="37.20--37.34"/></nont><nont label="PostfixExpressionP"/><location loc="37.20--37.34"/></nont><location loc="37.20--37.34"/></nont><nont label="MULDIVExpressionP"/><location loc="37.20--37.34"/></nont><nont label="ADDSUBExpressionP"/><location loc="37.20--37.34"/></nont><nont label="RelationalExpressionP"/><location loc="37.20--37.34"/></nont><nont label="ANDExpressionP"/><location loc="37.20--37.34"/></nont><nont label="ORXORExpressionP"/><location loc="37.20--37.34"/></nont><location loc="37.20--37.34"/></nont><nont label="StatementP"/><location loc="37.20--37.34"/></nont><term lexeme=";" token="SEMIC"><location loc="37.35--37.35"/></term><nont label="StatementsP"><nont label="Statement"><nont label="Expression"><nont label="ORXORExpression"><nont label="ANDExpression"><nont label="RelationalExpression"><nont label="ADDSUBExpression"><nont label="MULDIVExpression"><nont label="PrefixExpression"><nont label="PostfixExpression"><nont label="AtomicExpression"><term lexeme="putInt" token="IDENTIFIER"><location loc="38.9--38.14"/></term><nont label="ArgumentsOpt"><term lexeme="(" token="LPARENTHESIS"><location loc="38.15--38.15"/></term><nont label="ArgumentsOptP"><nont label="Arguments"><nont label="Expression"><nont label="ORXORExpression"><nont label="ANDExpression"><nont label="RelationalExpression"><nont label="ADDSUBExpression"><nont label="MULDIVExpression"><nont label="PrefixExpression"><nont label="PostfixExpression"><nont label="AtomicExpression"><term lexeme="fibRec" token="IDENTIFIER"><location loc="38.16--38.21"/></term><nont label="ArgumentsOpt"><term lexeme="(" token="LPARENTHESIS"><location loc="38.22--38.22"/></term><nont label="ArgumentsOptP"><nont label="Arguments"><nont label="Expression"><nont label="ORXORExpression"><nont label="ANDExpression"><nont label="RelationalExpression"><nont label="ADDSUBExpression"><nont label="MULDIVExpression"><nont label="PrefixExpression"><nont label="PostfixExpression"><nont label="AtomicExpression"><term lexeme="n" token="IDENTIFIER"><location loc="38.23--38.23"/></term><nont label="ArgumentsOpt"/><location loc="38.23--38.23"/></nont><nont label="PostfixExpressionP"/><location loc="38.23--38.23"/></nont><location loc="38.23--38.23"/></nont><nont label="MULDIVExpressionP"/><location loc="38.23--38.23"/></nont><nont label="ADDSUBExpressionP"/><location loc="38.23--38.23"/></nont><nont label="RelationalExpressionP"/><location loc="38.23--38.23"/></nont><nont label="ANDExpressionP"/><location loc="38.23--38.23"/></nont><nont label="ORXORExpressionP"/><location loc="38.23--38.23"/></nont><location loc="38.23--38.23"/></nont><nont label="ArgumentsP"/><location loc="38.23--38.23"/></nont><term lexeme=")" token="RPARENTHESIS"><location loc="38.24--38.24"/></term><location loc="38.23--38.24"/></nont><location loc="38.22--38.24"/></nont><location loc="38.16--38.24"/></nont><nont label="PostfixExpressionP"/><location loc="38.16--38.24"/></nont><location loc="38.16--38.24"/></nont><nont label="MULDIVExpressionP"/><location loc="38.16--38.24"/></nont><nont label="ADDSUBExpressionP"/><location loc="38.16--38.24"/></nont><nont label="RelationalExpressionP"/><location loc="38.16--38.24"/></nont><nont label="ANDExpressionP"/><location loc="38.16--38.24"/></nont><nont label="ORXORExpressionP"/><location loc="38.16--38.24"/></nont><location loc="38.16--38.24"/></nont><nont label="ArgumentsP"/><location loc="38.16--38.24"/></nont><term lexeme=")" token="RPARENTHESIS"><location loc="38.25--38.25"/></term><location loc="38.16--38.25"/></nont><location loc="38.15--38.25"/></nont><location loc="38.9--38.25"/></nont><nont label="PostfixExpressionP"/><location loc="38.9--38.25"/></nont><location loc="38.9--38.25"/></nont><nont label="MULDIVExpressionP"/><location loc="38.9--38.25"/></nont><nont label="ADDSUBExpressionP"/><location loc="38.9--38.25"/></nont><nont label="RelationalExpressionP"/><location loc="38.9--38.25"/></nont><nont label="ANDExpressionP"/><location loc="38.9--38.25"/></nont><nont label="ORXORExpressionP"/><location loc="38.9--38.25"/></nont><location loc="38.9--38.25"/></nont><nont label="StatementP"/><location loc="38.9--38.25"/></nont><term lexeme=";" token="SEMIC"><location loc="38.26--38.26"/></term><nont label="StatementsP"><nont label="Statement"><nont label="Expression"><nont label="ORXORExpression"><nont label="ANDExpression"><nont label="RelationalExpression"><nont label="ADDSUBExpression"><nont label="MULDIVExpression"><nont label="PrefixExpression"><nont label="PostfixExpression"><nont label="AtomicExpression"><term lexeme="putChar" token="IDENTIFIER"><location loc="39.9--39.15"/></term><nont label="ArgumentsOpt"><term lexeme="(" token="LPARENTHESIS"><location loc="39.16--39.16"/></term><nont label="ArgumentsOptP"><nont label="Arguments"><nont label="Expression"><nont label="ORXORExpression"><nont label="ANDExpression"><nont label="RelationalExpression"><nont label="ADDSUBExpression"><nont label="MULDIVExpression"><nont label="PrefixExpression"><nont label="PostfixExpression"><term lexeme="(" token="LPARENTHESIS"><location loc="39.17--39.17"/></term><nont label="Expression"><nont label="ORXORExpression"><nont label="ANDExpression"><nont label="RelationalExpression"><nont label="ADDSUBExpression"><nont label="MULDIVExpression"><nont label="PrefixExpression"><nont label="PostfixExpression"><nont label="AtomicExpression"><term lexeme="10" token="INTCONST"><location loc="39.18--39.19"/></term><location loc="39.18--39.19"/></nont><nont label="PostfixExpressionP"/><location loc="39.18--39.19"/></nont><location loc="39.18--39.19"/></nont><nont label="MULDIVExpressionP"/><location loc="39.18--39.19"/></nont><nont label="ADDSUBExpressionP"/><location loc="39.18--39.19"/></nont><nont label="RelationalExpressionP"/><location loc="39.18--39.19"/></nont><nont label="ANDExpressionP"/><location loc="39.18--39.19"/></nont><nont label="ORXORExpressionP"/><location loc="39.18--39.19"/></nont><location loc="39.18--39.19"/></nont><nont label="PostfixExpressionPP"><term lexeme=":" token="COLON"><location loc="39.20--39.20"/></term><nont label="Type"><term lexeme="char" token="CHAR"><location loc="39.21--39.24"/></term><location loc="39.21--39.24"/></nont><term lexeme=")" token="RPARENTHESIS"><location loc="39.25--39.25"/></term><nont label="PostfixExpressionP"/><location loc="39.20--39.25"/></nont><location loc="39.17--39.25"/></nont><location loc="39.17--39.25"/></nont><nont label="MULDIVExpressionP"/><location loc="39.17--39.25"/></nont><nont label="ADDSUBExpressionP"/><location loc="39.17--39.25"/></nont><nont label="RelationalExpressionP"/><location loc="39.17--39.25"/></nont><nont label="ANDExpressionP"/><location loc="39.17--39.25"/></nont><nont label="ORXORExpressionP"/><location loc="39.17--39.25"/></nont><location loc="39.17--39.25"/></nont><nont label="ArgumentsP"/><location loc="39.17--39.25"/></nont><term lexeme=")" token="RPARENTHESIS"><location loc="39.26--39.26"/></term><location loc="39.17--39.26"/></nont><location loc="39.16--39.26"/></nont><location loc="39.9--39.26"/></nont><nont label="PostfixExpressionP"/><location loc="39.9--39.26"/></nont><location loc="39.9--39.26"/></nont><nont label="MULDIVExpressionP"/><location loc="39.9--39.26"/></nont><nont label="ADDSUBExpressionP"/><location loc="39.9--39.26"/></nont><nont label="RelationalExpressionP"/><location loc="39.9--39.26"/></nont><nont label="ANDExpressionP"/><location loc="39.9--39.26"/></nont><nont label="ORXORExpressionP"/><location loc="39.9--39.26"/></nont><location loc="39.9--39.26"/></nont><nont label="StatementP"/><location loc="39.9--39.26"/></nont><term lexeme=";" token="SEMIC"><location loc="39.27--39.27"/></term><nont label="StatementsP"><nont label="Statement"><nont label="Expression"><nont label="ORXORExpression"><nont label="ANDExpression"><nont label="RelationalExpression"><nont label="ADDSUBExpression"><nont label="MULDIVExpression"><nont label="PrefixExpression"><nont label="PostfixExpression"><nont label="AtomicExpression"><term lexeme="n" token="IDENTIFIER"><location loc="40.9--40.9"/></term><nont label="ArgumentsOpt"/><location loc="40.9--40.9"/></nont><nont label="PostfixExpressionP"/><location loc="40.9--40.9"/></nont><location loc="40.9--40.9"/></nont><nont label="MULDIVExpressionP"/><location loc="40.9--40.9"/></nont><nont label="ADDSUBExpressionP"/><location loc="40.9--40.9"/></nont><nont label="RelationalExpressionP"/><location loc="40.9--40.9"/></nont><nont label="ANDExpressionP"/><location loc="40.9--40.9"/></nont><nont label="ORXORExpressionP"/><location loc="40.9--40.9"/></nont><location loc="40.9--40.9"/></nont><nont label="StatementP"><term lexeme="=" token="ASSIGN"><location loc="40.10--40.10"/></term><nont label="Expression"><nont label="ORXORExpression"><nont label="ANDExpression"><nont label="RelationalExpression"><nont label="ADDSUBExpression"><nont label="MULDIVExpression"><nont label="PrefixExpression"><nont label="PostfixExpression"><nont label="AtomicExpression"><term lexeme="n" token="IDENTIFIER"><location loc="40.11--40.11"/></term><nont label="ArgumentsOpt"/><location loc="40.11--40.11"/></nont><nont label="PostfixExpressionP"/><location loc="40.11--40.11"/></nont><location loc="40.11--40.11"/></nont><nont label="MULDIVExpressionP"/><location loc="40.11--40.11"/></nont><nont label="ADDSUBExpressionP"><term lexeme="+" token="ADD"><location loc="40.12--40.12"/></term><nont label="MULDIVExpression"><nont label="PrefixExpression"><nont label="PostfixExpression"><nont label="AtomicExpression"><term lexeme="1" token="INTCONST"><location loc="40.13--40.13"/></term><location loc="40.13--40.13"/></nont><nont label="PostfixExpressionP"/><location loc="40.13--40.13"/></nont><location loc="40.13--40.13"/></nont><nont label="MULDIVExpressionP"/><location loc="40.13--40.13"/></nont><nont label="ADDSUBExpressionP"/><location loc="40.12--40.13"/></nont><location loc="40.11--40.13"/></nont><nont label="RelationalExpressionP"/><location loc="40.11--40.13"/></nont><nont label="ANDExpressionP"/><location loc="40.11--40.13"/></nont><nont label="ORXORExpressionP"/><location loc="40.11--40.13"/></nont><location loc="40.11--40.13"/></nont><location loc="40.10--40.13"/></nont><location loc="40.9--40.13"/></nont><term lexeme=";" token="SEMIC"><location loc="40.14--40.14"/></term><nont label="StatementsP"/><location loc="40.9--40.14"/></nont><location loc="39.9--40.14"/></nont><location loc="38.9--40.14"/></nont><location loc="37.20--40.14"/></nont><location loc="37.9--40.14"/></nont><term lexeme="end" token="END"><location loc="41.7--41.9"/></term><location loc="36.7--41.9"/></nont><term lexeme=";" token="SEMIC"><location loc="41.10--41.10"/></term><nont label="StatementsP"><nont label="Statement"><nont label="Expression"><nont label="ORXORExpression"><nont label="ANDExpression"><nont label="RelationalExpression"><nont label="ADDSUBExpression"><nont label="MULDIVExpression"><nont label="PrefixExpression"><nont label="PostfixExpression"><nont label="AtomicExpression"><term lexeme="putString" token="IDENTIFIER"><location loc="43.7--43.15"/></term><nont label="ArgumentsOpt"><term lexeme="(" token="LPARENTHESIS"><location loc="43.16--43.16"/></term><nont label="ArgumentsOptP"><nont label="Arguments"><nont label="Expression"><nont label="ORXORExpression"><nont label="ANDExpression"><nont label="RelationalExpression"><nont label="ADDSUBExpression"><nont label="MULDIVExpression"><nont label="PrefixExpression"><nont label="PostfixExpression"><nont label="AtomicExpression"><term lexeme="&quot;Combs:&quot;" token="STRCONST"><location loc="43.17--43.24"/></term><location loc="43.17--43.24"/></nont><nont label="PostfixExpressionP"/><location loc="43.17--43.24"/></nont><location loc="43.17--43.24"/></nont><nont label="MULDIVExpressionP"/><location loc="43.17--43.24"/></nont><nont label="ADDSUBExpressionP"/><location loc="43.17--43.24"/></nont><nont label="RelationalExpressionP"/><location loc="43.17--43.24"/></nont><nont label="ANDExpressionP"/><location loc="43.17--43.24"/></nont><nont label="ORXORExpressionP"/><location loc="43.17--43.24"/></nont><location loc="43.17--43.24"/></nont><nont label="ArgumentsP"/><location loc="43.17--43.24"/></nont><term lexeme=")" token="RPARENTHESIS"><location loc="43.25--43.25"/></term><location loc="43.17--43.25"/></nont><location loc="43.16--43.25"/></nont><location loc="43.7--43.25"/></nont><nont label="PostfixExpressionP"/><location loc="43.7--43.25"/></nont><location loc="43.7--43.25"/></nont><nont label="MULDIVExpressionP"/><location loc="43.7--43.25"/></nont><nont label="ADDSUBExpressionP"/><location loc="43.7--43.25"/></nont><nont label="RelationalExpressionP"/><location loc="43.7--43.25"/></nont><nont label="ANDExpressionP"/><location loc="43.7--43.25"/></nont><nont label="ORXORExpressionP"/><location loc="43.7--43.25"/></nont><location loc="43.7--43.25"/></nont><nont label="StatementP"/><location loc="43.7--43.25"/></nont><term lexeme=";" token="SEMIC"><location loc="43.26--43.26"/></term><nont label="StatementsP"><nont label="Statement"><nont label="Expression"><nont label="ORXORExpression"><nont label="ANDExpression"><nont label="RelationalExpression"><nont label="ADDSUBExpression"><nont label="MULDIVExpression"><nont label="PrefixExpression"><nont label="PostfixExpression"><nont label="AtomicExpression"><term lexeme="putChar" token="IDENTIFIER"><location loc="43.28--43.34"/></term><nont label="ArgumentsOpt"><term lexeme="(" token="LPARENTHESIS"><location loc="43.35--43.35"/></term><nont label="ArgumentsOptP"><nont label="Arguments"><nont label="Expression"><nont label="ORXORExpression"><nont label="ANDExpression"><nont label="RelationalExpression"><nont label="ADDSUBExpression"><nont label="MULDIVExpression"><nont label="PrefixExpression"><nont label="PostfixExpression"><term lexeme="(" token="LPARENTHESIS"><location loc="43.36--43.36"/></term><nont label="Expression"><nont label="ORXORExpression"><nont label="ANDExpression"><nont label="RelationalExpression"><nont label="ADDSUBExpression"><nont label="MULDIVExpression"><nont label="PrefixExpression"><nont label="PostfixExpression"><nont label="AtomicExpression"><term lexeme="10" token="INTCONST"><location loc="43.37--43.38"/></term><location loc="43.37--43.38"/></nont><nont label="PostfixExpressionP"/><location loc="43.37--43.38"/></nont><location loc="43.37--43.38"/></nont><nont label="MULDIVExpressionP"/><location loc="43.37--43.38"/></nont><nont label="ADDSUBExpressionP"/><location loc="43.37--43.38"/></nont><nont label="RelationalExpressionP"/><location loc="43.37--43.38"/></nont><nont label="ANDExpressionP"/><location loc="43.37--43.38"/></nont><nont label="ORXORExpressionP"/><location loc="43.37--43.38"/></nont><location loc="43.37--43.38"/></nont><nont label="PostfixExpressionPP"><term lexeme=":" token="COLON"><location loc="43.39--43.39"/></term><nont label="Type"><term lexeme="char" token="CHAR"><location loc="43.40--43.43"/></term><location loc="43.40--43.43"/></nont><term lexeme=")" token="RPARENTHESIS"><location loc="43.44--43.44"/></term><nont label="PostfixExpressionP"/><location loc="43.39--43.44"/></nont><location loc="43.36--43.44"/></nont><location loc="43.36--43.44"/></nont><nont label="MULDIVExpressionP"/><location loc="43.36--43.44"/></nont><nont label="ADDSUBExpressionP"/><location loc="43.36--43.44"/></nont><nont label="RelationalExpressionP"/><location loc="43.36--43.44"/></nont><nont label="ANDExpressionP"/><location loc="43.36--43.44"/></nont><nont label="ORXORExpressionP"/><location loc="43.36--43.44"/></nont><location loc="43.36--43.44"/></nont><nont label="ArgumentsP"/><location loc="43.36--43.44"/></nont><term lexeme=")" token="RPARENTHESIS"><location loc="43.45--43.45"/></term><location loc="43.36--43.45"/></nont><location loc="43.35--43.45"/></nont><location loc="43.28--43.45"/></nont><nont label="PostfixExpressionP"/><location loc="43.28--43.45"/></nont><location loc="43.28--43.45"/></nont><nont label="MULDIVExpressionP"/><location loc="43.28--43.45"/></nont><nont label="ADDSUBExpressionP"/><location loc="43.28--43.45"/></nont><nont label="RelationalExpressionP"/><location loc="43.28--43.45"/></nont><nont label="ANDExpressionP"/><location loc="43.28--43.45"/></nont><nont label="ORXORExpressionP"/><location loc="43.28--43.45"/></nont><location loc="43.28--43.45"/></nont><nont label="StatementP"/><location loc="43.28--43.45"/></nont><term lexeme=";" token="SEMIC"><location loc="43.46--43.46"/></term><nont label="StatementsP"><nont label="Statement"><nont label="Expression"><nont label="ORXORExpression"><nont label="ANDExpression"><nont label="RelationalExpression"><nont label="ADDSUBExpression"><nont label="MULDIVExpression"><nont label="PrefixExpression"><nont label="PostfixExpression"><nont label="AtomicExpression"><term lexeme="combs" token="IDENTIFIER"><location loc="44.7--44.11"/></term><nont label="ArgumentsOpt"><term lexeme="(" token="LPARENTHESIS"><location loc="44.12--44.12"/></term><nont label="ArgumentsOptP"><nont label="Arguments"><nont label="Expression"><nont label="ORXORExpression"><nont label="ANDExpression"><nont label="RelationalExpression"><nont label="ADDSUBExpression"><nont label="MULDIVExpression"><nont label="PrefixExpression"><nont label="PostfixExpression"><nont label="AtomicExpression"><term lexeme="4" token="INTCONST"><location loc="44.13--44.13"/></term><location loc="44.13--44.13"/></nont><nont label="PostfixExpressionP"/><location loc="44.13--44.13"/></nont><location loc="44.13--44.13"/></nont><nont label="MULDIVExpressionP"/><location loc="44.13--44.13"/></nont><nont label="ADDSUBExpressionP"/><location loc="44.13--44.13"/></nont><nont label="RelationalExpressionP"/><location loc="44.13--44.13"/></nont><nont label="ANDExpressionP"/><location loc="44.13--44.13"/></nont><nont label="ORXORExpressionP"/><location loc="44.13--44.13"/></nont><location loc="44.13--44.13"/></nont><nont label="ArgumentsP"><term lexeme="," token="COMMA"><location loc="44.14--44.14"/></term><nont label="Expression"><nont label="ORXORExpression"><nont label="ANDExpression"><nont label="RelationalExpression"><nont label="ADDSUBExpression"><nont label="MULDIVExpression"><nont label="PrefixExpression"><nont label="PostfixExpression"><nont label="AtomicExpression"><term lexeme="3" token="INTCONST"><location loc="44.15--44.15"/></term><location loc="44.15--44.15"/></nont><nont label="PostfixExpressionP"/><location loc="44.15--44.15"/></nont><location loc="44.15--44.15"/></nont><nont label="MULDIVExpressionP"/><location loc="44.15--44.15"/></nont><nont label="ADDSUBExpressionP"/><location loc="44.15--44.15"/></nont><nont label="RelationalExpressionP"/><location loc="44.15--44.15"/></nont><nont label="ANDExpressionP"/><location loc="44.15--44.15"/></nont><nont label="ORXORExpressionP"/><location loc="44.15--44.15"/></nont><location loc="44.15--44.15"/></nont><nont label="ArgumentsP"/><location loc="44.14--44.15"/></nont><location loc="44.13--44.15"/></nont><term lexeme=")" token="RPARENTHESIS"><location loc="44.16--44.16"/></term><location loc="44.13--44.16"/></nont><location loc="44.12--44.16"/></nont><location loc="44.7--44.16"/></nont><nont label="PostfixExpressionP"/><location loc="44.7--44.16"/></nont><location loc="44.7--44.16"/></nont><nont label="MULDIVExpressionP"/><location loc="44.7--44.16"/></nont><nont label="ADDSUBExpressionP"/><location loc="44.7--44.16"/></nont><nont label="RelationalExpressionP"/><location loc="44.7--44.16"/></nont><nont label="ANDExpressionP"/><location loc="44.7--44.16"/></nont><nont label="ORXORExpressionP"/><location loc="44.7--44.16"/></nont><location loc="44.7--44.16"/></nont><nont label="StatementP"/><location loc="44.7--44.16"/></nont><term lexeme=";" token="SEMIC"><location loc="44.17--44.17"/></term><nont label="StatementsP"><nont label="Statement"><nont label="Expression"><nont label="ORXORExpression"><nont label="ANDExpression"><nont label="RelationalExpression"><nont label="ADDSUBExpression"><nont label="MULDIVExpression"><nont label="PrefixExpression"><nont label="PostfixExpression"><nont label="AtomicExpression"><term lexeme="putString" token="IDENTIFIER"><location loc="46.7--46.15"/></term><nont label="ArgumentsOpt"><term lexeme="(" token="LPARENTHESIS"><location loc="46.16--46.16"/></term><nont label="ArgumentsOptP"><nont label="Arguments"><nont label="Expression"><nont label="ORXORExpression"><nont label="ANDExpression"><nont label="RelationalExpression"><nont label="ADDSUBExpression"><nont label="MULDIVExpression"><nont label="PrefixExpression"><nont label="PostfixExpression"><nont label="AtomicExpression"><term lexeme="&quot;Sudoku:&quot;" token="STRCONST"><location loc="46.17--46.25"/></term><location loc="46.17--46.25"/></nont><nont label="PostfixExpressionP"/><location loc="46.17--46.25"/></nont><location loc="46.17--46.25"/></nont><nont label="MULDIVExpressionP"/><location loc="46.17--46.25"/></nont><nont label="ADDSUBExpressionP"/><location loc="46.17--46.25"/></nont><nont label="RelationalExpressionP"/><location loc="46.17--46.25"/></nont><nont label="ANDExpressionP"/><location loc="46.17--46.25"/></nont><nont label="ORXORExpressionP"/><location loc="46.17--46.25"/></nont><location loc="46.17--46.25"/></nont><nont label="ArgumentsP"/><location loc="46.17--46.25"/></nont><term lexeme=")" token="RPARENTHESIS"><location loc="46.26--46.26"/></term><location loc="46.17--46.26"/></nont><location loc="46.16--46.26"/></nont><location loc="46.7--46.26"/></nont><nont label="PostfixExpressionP"/><location loc="46.7--46.26"/></nont><location loc="46.7--46.26"/></nont><nont label="MULDIVExpressionP"/><location loc="46.7--46.26"/></nont><nont label="ADDSUBExpressionP"/><location loc="46.7--46.26"/></nont><nont label="RelationalExpressionP"/><location loc="46.7--46.26"/></nont><nont label="ANDExpressionP"/><location loc="46.7--46.26"/></nont><nont label="ORXORExpressionP"/><location loc="46.7--46.26"/></nont><location loc="46.7--46.26"/></nont><nont label="StatementP"/><location loc="46.7--46.26"/></nont><term lexeme=";" token="SEMIC"><location loc="46.27--46.27"/></term><nont label="StatementsP"><nont label="Statement"><nont label="Expression"><nont label="ORXORExpression"><nont label="ANDExpression"><nont label="RelationalExpression"><nont label="ADDSUBExpression"><nont label="MULDIVExpression"><nont label="PrefixExpression"><nont label="PostfixExpression"><nont label="AtomicExpression"><term lexeme="putChar" token="IDENTIFIER"><location loc="46.29--46.35"/></term><nont label="ArgumentsOpt"><term lexeme="(" token="LPARENTHESIS"><location loc="46.36--46.36"/></term><nont label="ArgumentsOptP"><nont label="Arguments"><nont label="Expression"><nont label="ORXORExpression"><nont label="ANDExpression"><nont label="RelationalExpression"><nont label="ADDSUBExpression"><nont label="MULDIVExpression"><nont label="PrefixExpression"><nont label="PostfixExpression"><term lexeme="(" token="LPARENTHESIS"><location loc="46.37--46.37"/></term><nont label="Expression"><nont label="ORXORExpression"><nont label="ANDExpression"><nont label="RelationalExpression"><nont label="ADDSUBExpression"><nont label="MULDIVExpression"><nont label="PrefixExpression"><nont label="PostfixExpression"><nont label="AtomicExpression"><term lexeme="10" token="INTCONST"><location loc="46.38--46.39"/></term><location loc="46.38--46.39"/></nont><nont label="PostfixExpressionP"/><location loc="46.38--46.39"/></nont><location loc="46.38--46.39"/></nont><nont label="MULDIVExpressionP"/><location loc="46.38--46.39"/></nont><nont label="ADDSUBExpressionP"/><location loc="46.38--46.39"/></nont><nont label="RelationalExpressionP"/><location loc="46.38--46.39"/></nont><nont label="ANDExpressionP"/><location loc="46.38--46.39"/></nont><nont label="ORXORExpressionP"/><location loc="46.38--46.39"/></nont><location loc="46.38--46.39"/></nont><nont label="PostfixExpressionPP"><term lexeme=":" token="COLON"><location loc="46.40--46.40"/></term><nont label="Type"><term lexeme="char" token="CHAR"><location loc="46.41--46.44"/></term><location loc="46.41--46.44"/></nont><term lexeme=")" token="RPARENTHESIS"><location loc="46.45--46.45"/></term><nont label="PostfixExpressionP"/><location loc="46.40--46.45"/></nont><location loc="46.37--46.45"/></nont><location loc="46.37--46.45"/></nont><nont label="MULDIVExpressionP"/><location loc="46.37--46.45"/></nont><nont label="ADDSUBExpressionP"/><location loc="46.37--46.45"/></nont><nont label="RelationalExpressionP"/><location loc="46.37--46.45"/></nont><nont label="ANDExpressionP"/><location loc="46.37--46.45"/></nont><nont label="ORXORExpressionP"/><location loc="46.37--46.45"/></nont><location loc="46.37--46.45"/></nont><nont label="ArgumentsP"/><location loc="46.37--46.45"/></nont><term lexeme=")" token="RPARENTHESIS"><location loc="46.46--46.46"/></term><location loc="46.37--46.46"/></nont><location loc="46.36--46.46"/></nont><location loc="46.29--46.46"/></nont><nont label="PostfixExpressionP"/><location loc="46.29--46.46"/></nont><location loc="46.29--46.46"/></nont><nont label="MULDIVExpressionP"/><location loc="46.29--46.46"/></nont><nont label="ADDSUBExpressionP"/><location loc="46.29--46.46"/></nont><nont label="RelationalExpressionP"/><location loc="46.29--46.46"/></nont><nont label="ANDExpressionP"/><location loc="46.29--46.46"/></nont><nont label="ORXORExpressionP"/><location loc="46.29--46.46"/></nont><location loc="46.29--46.46"/></nont><nont label="StatementP"/><location loc="46.29--46.46"/></nont><term lexeme=";" token="SEMIC"><location loc="46.47--46.47"/></term><nont label="StatementsP"><nont label="Statement"><nont label="Expression"><nont label="ORXORExpression"><nont label="ANDExpression"><nont label="RelationalExpression"><nont label="ADDSUBExpression"><nont label="MULDIVExpression"><nont label="PrefixExpression"><nont label="PostfixExpression"><nont label="AtomicExpression"><term lexeme="{" token="LBRACE"><location loc="47.7--47.7"/></term><nont label="Statements"><nont label="Statement"><nont label="Expression"><nont label="ORXORExpression"><nont label="ANDExpression"><nont label="RelationalExpression"><nont label="ADDSUBExpression"><nont label="MULDIVExpression"><nont label="PrefixExpression"><nont label="PostfixExpression"><nont label="AtomicExpression"><term lexeme="t" token="IDENTIFIER"><location loc="47.9--47.9"/></term><nont label="ArgumentsOpt"/><location loc="47.9--47.9"/></nont><nont label="PostfixExpressionP"><term lexeme="[" token="LBRACKET"><location loc="47.10--47.10"/></term><nont label="Expression"><nont label="ORXORExpression"><nont label="ANDExpression"><nont label="RelationalExpression"><nont label="ADDSUBExpression"><nont label="MULDIVExpression"><nont label="PrefixExpression"><nont label="PostfixExpression"><nont label="AtomicExpression"><term lexeme="0" token="INTCONST"><location loc="47.11--47.11"/></term><location loc="47.11--47.11"/></nont><nont label="PostfixExpressionP"/><location loc="47.11--47.11"/></nont><location loc="47.11--47.11"/></nont><nont label="MULDIVExpressionP"/><location loc="47.11--47.11"/></nont><nont label="ADDSUBExpressionP"/><location loc="47.11--47.11"/></nont><nont label="RelationalExpressionP"/><location loc="47.11--47.11"/></nont><nont label="ANDExpressionP"/><location loc="47.11--47.11"/></nont><nont label="ORXORExpressionP"/><location loc="47.11--47.11"/></nont><location loc="47.11--47.11"/></nont><term lexeme="]" token="RBRACKET"><location loc="47.12--47.12"/></term><nont label="PostfixExpressionP"><term lexeme="[" token="LBRACKET"><location loc="47.13--47.13"/></term><nont label="Expression"><nont label="ORXORExpression"><nont label="ANDExpression"><nont label="RelationalExpression"><nont label="ADDSUBExpression"><nont label="MULDIVExpression"><nont label="PrefixExpression"><nont label="PostfixExpression"><nont label="AtomicExpression"><term lexeme="0" token="INTCONST"><location loc="47.14--47.14"/></term><location loc="47.14--47.14"/></nont><nont label="PostfixExpressionP"/><location loc="47.14--47.14"/></nont><location loc="47.14--47.14"/></nont><nont label="MULDIVExpressionP"/><location loc="47.14--47.14"/></nont><nont label="ADDSUBExpressionP"/><location loc="47.14--47.14"/></nont><nont label="RelationalExpressionP"/><location loc="47.14--47.14"/></nont><nont label="ANDExpressionP"/><location loc="47.14--47.14"/></nont><nont label="ORXORExpressionP"/><location loc="47.14--47.14"/></nont><location loc="47.14--47.14"/></nont><term lexeme="]" token="RBRACKET"><location loc="47.15--47.15"/></term><nont label="PostfixExpressionP"/><location loc="47.13--47.15"/></nont><location loc="47.10--47.15"/></nont><location loc="47.9--47.15"/></nont><location loc="47.9--47.15"/></nont><nont label="MULDIVExpressionP"/><location loc="47.9--47.15"/></nont><nont label="ADDSUBExpressionP"/><location loc="47.9--47.15"/></nont><nont label="RelationalExpressionP"/><location loc="47.9--47.15"/></nont><nont label="ANDExpressionP"/><location loc="47.9--47.15"/></nont><nont label="ORXORExpressionP"/><location loc="47.9--47.15"/></nont><location loc="47.9--47.15"/></nont><nont label="StatementP"><term lexeme="=" token="ASSIGN"><location loc="47.16--47.16"/></term><nont label="Expression"><nont label="ORXORExpression"><nont label="ANDExpression"><nont label="RelationalExpression"><nont label="ADDSUBExpression"><nont label="MULDIVExpression"><nont label="PrefixExpression"><nont label="PostfixExpression"><nont label="AtomicExpression"><term lexeme="0" token="INTCONST"><location loc="47.17--47.17"/></term><location loc="47.17--47.17"/></nont><nont label="PostfixExpressionP"/><location loc="47.17--47.17"/></nont><location loc="47.17--47.17"/></nont><nont label="MULDIVExpressionP"/><location loc="47.17--47.17"/></nont><nont label="ADDSUBExpressionP"/><location loc="47.17--47.17"/></nont><nont label="RelationalExpressionP"/><location loc="47.17--47.17"/></nont><nont label="ANDExpressionP"/><location loc="47.17--47.17"/></nont><nont label="ORXORExpressionP"/><location loc="47.17--47.17"/></nont><location loc="47.17--47.17"/></nont><location loc="47.16--47.17"/></nont><location loc="47.9--47.17"/></nont><term lexeme=";" token="SEMIC"><location loc="47.18--47.18"/></term><nont label="StatementsP"><nont label="Statement"><nont label="Expression"><nont label="ORXORExpression"><nont label="ANDExpression"><nont label="RelationalExpression"><nont label="ADDSUBExpression"><nont label="MULDIVExpression"><nont label="PrefixExpression"><nont label="PostfixExpression"><nont label="AtomicExpression"><term lexeme="t" token="IDENTIFIER"><location loc="47.20--47.20"/></term><nont label="ArgumentsOpt"/><location loc="47.20--47.20"/></nont><nont label="PostfixExpressionP"><term lexeme="[" token="LBRACKET"><location loc="47.21--47.21"/></term><nont label="Expression"><nont label="ORXORExpression"><nont label="ANDExpression"><nont label="RelationalExpression"><nont label="ADDSUBExpression"><nont label="MULDIVExpression"><nont label="PrefixExpression"><nont label="PostfixExpression"><nont label="AtomicExpression"><term lexeme="0" token="INTCONST"><location loc="47.22--47.22"/></term><location loc="47.22--47.22"/></nont><nont label="PostfixExpressionP"/><location loc="47.22--47.22"/></nont><location loc="47.22--47.22"/></nont><nont label="MULDIVExpressionP"/><location loc="47.22--47.22"/></nont><nont label="ADDSUBExpressionP"/><location loc="47.22--47.22"/></nont><nont label="RelationalExpressionP"/><location loc="47.22--47.22"/></nont><nont label="ANDExpressionP"/><location loc="47.22--47.22"/></nont><nont label="ORXORExpressionP"/><location loc="47.22--47.22"/></nont><location loc="47.22--47.22"/></nont><term lexeme="]" token="RBRACKET"><location loc="47.23--47.23"/></term><nont label="PostfixExpressionP"><term lexeme="[" token="LBRACKET"><location loc="47.24--47.24"/></term><nont label="Expression"><nont label="ORXORExpression"><nont label="ANDExpression"><nont label="RelationalExpression"><nont label="ADDSUBExpression"><nont label="MULDIVExpression"><nont label="PrefixExpression"><nont label="PostfixExpression"><nont label="AtomicExpression"><term lexeme="1" token="INTCONST"><location loc="47.25--47.25"/></term><location loc="47.25--47.25"/></nont><nont label="PostfixExpressionP"/><location loc="47.25--47.25"/></nont><location loc="47.25--47.25"/></nont><nont label="MULDIVExpressionP"/><location loc="47.25--47.25"/></nont><nont label="ADDSUBExpressionP"/><location loc="47.25--47.25"/></nont><nont label="RelationalExpressionP"/><location loc="47.25--47.25"/></nont><nont label="ANDExpressionP"/><location loc="47.25--47.25"/></nont><nont label="ORXORExpressionP"/><location loc="47.25--47.25"/></nont><location loc="47.25--47.25"/></nont><term lexeme="]" token="RBRACKET"><location loc="47.26--47.26"/></term><nont label="PostfixExpressionP"/><location loc="47.24--47.26"/></nont><location loc="47.21--47.26"/></nont><location loc="47.20--47.26"/></nont><location loc="47.20--47.26"/></nont><nont label="MULDIVExpressionP"/><location loc="47.20--47.26"/></nont><nont label="ADDSUBExpressionP"/><location loc="47.20--47.26"/></nont><nont label="RelationalExpressionP"/><location loc="47.20--47.26"/></nont><nont label="ANDExpressionP"/><location loc="47.20--47.26"/></nont><nont label="ORXORExpressionP"/><location loc="47.20--47.26"/></nont><location loc="47.20--47.26"/></nont><nont label="StatementP"><term lexeme="=" token="ASSIGN"><location loc="47.27--47.27"/></term><nont label="Expression"><nont label="ORXORExpression"><nont label="ANDExpression"><nont label="RelationalExpression"><nont label="ADDSUBExpression"><nont label="MULDIVExpression"><nont label="PrefixExpression"><nont label="PostfixExpression"><nont label="AtomicExpression"><term lexeme="0" token="INTCONST"><location loc="47.28--47.28"/></term><location loc="47.28--47.28"/></nont><nont label="PostfixExpressionP"/><location loc="47.28--47.28"/></nont><location loc="47.28--47.28"/></nont><nont label="MULDIVExpressionP"/><location loc="47.28--47.28"/></nont><nont label="ADDSUBExpressionP"/><location loc="47.28--47.28"/></nont><nont label="RelationalExpressionP"/><location loc="47.28--47.28"/></nont><nont label="ANDExpressionP"/><location loc="47.28--47.28"/></nont><nont label="ORXORExpressionP"/><location loc="47.28--47.28"/></nont><location loc="47.28--47.28"/></nont><location loc="47.27--47.28"/></nont><location loc="47.20--47.28"/></nont><term lexeme=";" token="SEMIC"><location loc="47.29--47.29"/></term><nont label="StatementsP"><nont label="Statement"><nont label="Expression"><nont label="ORXORExpression"><nont label="ANDExpression"><nont label="RelationalExpression"><nont label="ADDSUBExpression"><nont label="MULDIVExpression"><nont label="PrefixExpression"><nont label="PostfixExpression"><nont label="AtomicExpression"><term lexeme="t" token="IDENTIFIER"><location loc="47.31--47.31"/></term><nont label="ArgumentsOpt"/><location loc="47.31--47.31"/></nont><nont label="PostfixExpressionP"><term lexeme="[" token="LBRACKET"><location loc="47.32--47.32"/></term><nont label="Expression"><nont label="ORXORExpression"><nont label="ANDExpression"><nont label="RelationalExpression"><nont label="ADDSUBExpression"><nont label="MULDIVExpression"><nont label="PrefixExpression"><nont label="PostfixExpression"><nont label="AtomicExpression"><term lexeme="0" token="INTCONST"><location loc="47.33--47.33"/></term><location loc="47.33--47.33"/></nont><nont label="PostfixExpressionP"/><location loc="47.33--47.33"/></nont><location loc="47.33--47.33"/></nont><nont label="MULDIVExpressionP"/><location loc="47.33--47.33"/></nont><nont label="ADDSUBExpressionP"/><location loc="47.33--47.33"/></nont><nont label="RelationalExpressionP"/><location loc="47.33--47.33"/></nont><nont label="ANDExpressionP"/><location loc="47.33--47.33"/></nont><nont label="ORXORExpressionP"/><location loc="47.33--47.33"/></nont><location loc="47.33--47.33"/></nont><term lexeme="]" token="RBRACKET"><location loc="47.34--47.34"/></term><nont label="PostfixExpressionP"><term lexeme="[" token="LBRACKET"><location loc="47.35--47.35"/></term><nont label="Expression"><nont label="ORXORExpression"><nont label="ANDExpression"><nont label="RelationalExpression"><nont label="ADDSUBExpression"><nont label="MULDIVExpression"><nont label="PrefixExpression"><nont label="PostfixExpression"><nont label="AtomicExpression"><term lexeme="2" token="INTCONST"><location loc="47.36--47.36"/></term><location loc="47.36--47.36"/></nont><nont label="PostfixExpressionP"/><location loc="47.36--47.36"/></nont><location loc="47.36--47.36"/></nont><nont label="MULDIVExpressionP"/><location loc="47.36--47.36"/></nont><nont label="ADDSUBExpressionP"/><location loc="47.36--47.36"/></nont><nont label="RelationalExpressionP"/><location loc="47.36--47.36"/></nont><nont label="ANDExpressionP"/><location loc="47.36--47.36"/></nont><nont label="ORXORExpressionP"/><location loc="47.36--47.36"/></nont><location loc="47.36--47.36"/></nont><term lexeme="]" token="RBRACKET"><location loc="47.37--47.37"/></term><nont label="PostfixExpressionP"/><location loc="47.35--47.37"/></nont><location loc="47.32--47.37"/></nont><location loc="47.31--47.37"/></nont><location loc="47.31--47.37"/></nont><nont label="MULDIVExpressionP"/><location loc="47.31--47.37"/></nont><nont label="ADDSUBExpressionP"/><location loc="47.31--47.37"/></nont><nont label="RelationalExpressionP"/><location loc="47.31--47.37"/></nont><nont label="ANDExpressionP"/><location loc="47.31--47.37"/></nont><nont label="ORXORExpressionP"/><location loc="47.31--47.37"/></nont><location loc="47.31--47.37"/></nont><nont label="StatementP"><term lexeme="=" token="ASSIGN"><location loc="47.38--47.38"/></term><nont label="Expression"><nont label="ORXORExpression"><nont label="ANDExpression"><nont label="RelationalExpression"><nont label="ADDSUBExpression"><nont label="MULDIVExpression"><nont label="PrefixExpression"><nont label="PostfixExpression"><nont label="AtomicExpression"><term lexeme="3" token="INTCONST"><location loc="47.39--47.39"/></term><location loc="47.39--47.39"/></nont><nont label="PostfixExpressionP"/><location loc="47.39--47.39"/></nont><location loc="47.39--47.39"/></nont><nont label="MULDIVExpressionP"/><location loc="47.39--47.39"/></nont><nont label="ADDSUBExpressionP"/><location loc="47.39--47.39"/></nont><nont label="RelationalExpressionP"/><location loc="47.39--47.39"/></nont><nont label="ANDExpressionP"/><location loc="47.39--47.39"/></nont><nont label="ORXORExpressionP"/><location loc="47.39--47.39"/></nont><location loc="47.39--47.39"/></nont><location loc="47.38--47.39"/></nont><location loc="47.31--47.39"/></nont><term lexeme=";" token="SEMIC"><location loc="47.40--47.40"/></term><nont label="StatementsP"><nont label="Statement"><nont label="Expression"><nont label="ORXORExpression"><nont label="ANDExpression"><nont label="RelationalExpression"><nont label="ADDSUBExpression"><nont label="MULDIVExpression"><nont label="PrefixExpression"><nont label="PostfixExpression"><nont label="AtomicExpression"><term lexeme="t" token="IDENTIFIER"><location loc="47.44--47.44"/></term><nont label="ArgumentsOpt"/><location loc="47.44--47.44"/></nont><nont label="PostfixExpressionP"><term lexeme="[" token="LBRACKET"><location loc="47.45--47.45"/></term><nont label="Expression"><nont label="ORXORExpression"><nont label="ANDExpression"><nont label="RelationalExpression"><nont label="ADDSUBExpression"><nont label="MULDIVExpression"><nont label="PrefixExpression"><nont label="PostfixExpression"><nont label="AtomicExpression"><term lexeme="0" token="INTCONST"><location loc="47.46--47.46"/></term><location loc="47.46--47.46"/></nont><nont label="PostfixExpressionP"/><location loc="47.46--47.46"/></nont><location loc="47.46--47.46"/></nont><nont label="MULDIVExpressionP"/><location loc="47.46--47.46"/></nont><nont label="ADDSUBExpressionP"/><location loc="47.46--47.46"/></nont><nont label="RelationalExpressionP"/><location loc="47.46--47.46"/></nont><nont label="ANDExpressionP"/><location loc="47.46--47.46"/></nont><nont label="ORXORExpressionP"/><location loc="47.46--47.46"/></nont><location loc="47.46--47.46"/></nont><term lexeme="]" token="RBRACKET"><location loc="47.47--47.47"/></term><nont label="PostfixExpressionP"><term lexeme="[" token="LBRACKET"><location loc="47.48--47.48"/></term><nont label="Expression"><nont label="ORXORExpression"><nont label="ANDExpression"><nont label="RelationalExpression"><nont label="ADDSUBExpression"><nont label="MULDIVExpression"><nont label="PrefixExpression"><nont label="PostfixExpression"><nont label="AtomicExpression"><term lexeme="3" token="INTCONST"><location loc="47.49--47.49"/></term><location loc="47.49--47.49"/></nont><nont label="PostfixExpressionP"/><location loc="47.49--47.49"/></nont><location loc="47.49--47.49"/></nont><nont label="MULDIVExpressionP"/><location loc="47.49--47.49"/></nont><nont label="ADDSUBExpressionP"/><location loc="47.49--47.49"/></nont><nont label="RelationalExpressionP"/><location loc="47.49--47.49"/></nont><nont label="ANDExpressionP"/><location loc="47.49--47.49"/></nont><nont label="ORXORExpressionP"/><location loc="47.49--47.49"/></nont><location loc="47.49--47.49"/></nont><term lexeme="]" token="RBRACKET"><location loc="47.50--47.50"/></term><nont label="PostfixExpressionP"/><location loc="47.48--47.50"/></nont><location loc="47.45--47.50"/></nont><location loc="47.44--47.50"/></nont><location loc="47.44--47.50"/></nont><nont label="MULDIVExpressionP"/><location loc="47.44--47.50"/></nont><nont label="ADDSUBExpressionP"/><location loc="47.44--47.50"/></nont><nont label="RelationalExpressionP"/><location loc="47.44--47.50"/></nont><nont label="ANDExpressionP"/><location loc="47.44--47.50"/></nont><nont label="ORXORExpressionP"/><location loc="47.44--47.50"/></nont><location loc="47.44--47.50"/></nont><nont label="StatementP"><term lexeme="=" token="ASSIGN"><location loc="47.51--47.51"/></term><nont label="Expression"><nont label="ORXORExpression"><nont label="ANDExpression"><nont label="RelationalExpression"><nont label="ADDSUBExpression"><nont label="MULDIVExpression"><nont label="PrefixExpression"><nont label="PostfixExpression"><nont label="AtomicExpression"><term lexeme="0" token="INTCONST"><location loc="47.52--47.52"/></term><location loc="47.52--47.52"/></nont><nont label="PostfixExpressionP"/><location loc="47.52--47.52"/></nont><location loc="47.52--47.52"/></nont><nont label="MULDIVExpressionP"/><location loc="47.52--47.52"/></nont><nont label="ADDSUBExpressionP"/><location loc="47.52--47.52"/></nont><nont label="RelationalExpressionP"/><location loc="47.52--47.52"/></nont><nont label="ANDExpressionP"/><location loc="47.52--47.52"/></nont><nont label="ORXORExpressionP"/><location loc="47.52--47.52"/></nont><location loc="47.52--47.52"/></nont><location loc="47.51--47.52"/></nont><location loc="47.44--47.52"/></nont><term lexeme=";" token="SEMIC"><location loc="47.53--47.53"/></term><nont label="StatementsP"><nont label="Statement"><nont label="Expression"><nont label="ORXORExpression"><nont label="ANDExpression"><nont label="RelationalExpression"><nont label="ADDSUBExpression"><nont label="MULDIVExpression"><nont label="PrefixExpression"><nont label="PostfixExpression"><nont label="AtomicExpression"><term lexeme="t" token="IDENTIFIER"><location loc="47.55--47.55"/></term><nont label="ArgumentsOpt"/><location loc="47.55--47.55"/></nont><nont label="PostfixExpressionP"><term lexeme="[" token="LBRACKET"><location loc="47.56--47.56"/></term><nont label="Expression"><nont label="ORXORExpression"><nont label="ANDExpression"><nont label="RelationalExpression"><nont label="ADDSUBExpression"><nont label="MULDIVExpression"><nont label="PrefixExpression"><nont label="PostfixExpression"><nont label="AtomicExpression"><term lexeme="0" token="INTCONST"><location loc="47.57--47.57"/></term><location loc="47.57--47.57"/></nont><nont label="PostfixExpressionP"/><location loc="47.57--47.57"/></nont><location loc="47.57--47.57"/></nont><nont label="MULDIVExpressionP"/><location loc="47.57--47.57"/></nont><nont label="ADDSUBExpressionP"/><location loc="47.57--47.57"/></nont><nont label="RelationalExpressionP"/><location loc="47.57--47.57"/></nont><nont label="ANDExpressionP"/><location loc="47.57--47.57"/></nont><nont label="ORXORExpressionP"/><location loc="47.57--47.57"/></nont><location loc="47.57--47.57"/></nont><term lexeme="]" token="RBRACKET"><location loc="47.58--47.58"/></term><nont label="PostfixExpressionP"><term lexeme="[" token="LBRACKET"><location loc="47.59--47.59"/></term><nont label="Expression"><nont label="ORXORExpression"><nont label="ANDExpression"><nont label="RelationalExpression"><nont label="ADDSUBExpression"><nont label="MULDIVExpression"><nont label="PrefixExpression"><nont label="PostfixExpression"><nont label="AtomicExpression"><term lexeme="4" token="INTCONST"><location loc="47.60--47.60"/></term><location loc="47.60--47.60"/></nont><nont label="PostfixExpressionP"/><location loc="47.60--47.60"/></nont><location loc="47.60--47.60"/></nont><nont label="MULDIVExpressionP"/><location loc="47.60--47.60"/></nont><nont label="ADDSUBExpressionP"/><location loc="47.60--47.60"/></nont><nont label="RelationalExpressionP"/><location loc="47.60--47.60"/></nont><nont label="ANDExpressionP"/><location loc="47.60--47.60"/></nont><nont label="ORXORExpressionP"/><location loc="47.60--47.60"/></nont><location loc="47.60--47.60"/></nont><term lexeme="]" token="RBRACKET"><location loc="47.61--47.61"/></term><nont label="PostfixExpressionP"/><location loc="47.59--47.61"/></nont><location loc="47.56--47.61"/></nont><location loc="47.55--47.61"/></nont><location loc="47.55--47.61"/></nont><nont label="MULDIVExpressionP"/><location loc="47.55--47.61"/></nont><nont label="ADDSUBExpressionP"/><location loc="47.55--47.61"/></nont><nont label="RelationalExpressionP"/><location loc="47.55--47.61"/></nont><nont label="ANDExpressionP"/><location loc="47.55--47.61"/></nont><nont label="ORXORExpressionP"/><location loc="47.55--47.61"/></nont><location loc="47.55--47.61"/></nont><nont label="StatementP"><term lexeme="=" token="ASSIGN"><location loc="47.62--47.62"/></term><nont label="Expression"><nont label="ORXORExpression"><nont label="ANDExpression"><nont label="RelationalExpression"><nont label="ADDSUBExpression"><nont label="MULDIVExpression"><nont label="PrefixExpression"><nont label="PostfixExpression"><nont label="AtomicExpression"><term lexeme="0" token="INTCONST"><location loc="47.63--47.63"/></term><location loc="47.63--47.63"/></nont><nont label="PostfixExpressionP"/><location loc="47.63--47.63"/></nont><location loc="47.63--47.63"/></nont><nont label="MULDIVExpressionP"/><location loc="47.63--47.63"/></nont><nont label="ADDSUBExpressionP"/><location loc="47.63--47.63"/></nont><nont label="RelationalExpressionP"/><location loc="47.63--47.63"/></nont><nont label="ANDExpressionP"/><location loc="47.63--47.63"/></nont><nont label="ORXORExpressionP"/><location loc="47.63--47.63"/></nont><location loc="47.63--47.63"/></nont><location loc="47.62--47.63"/></nont><location loc="47.55--47.63"/></nont><term lexeme=";" token="SEMIC"><location loc="47.64--47.64"/></term><nont label="StatementsP"><nont label="Statement"><nont label="Expression"><nont label="ORXORExpression"><nont label="ANDExpression"><nont label="RelationalExpression"><nont label="ADDSUBExpression"><nont label="MULDIVExpression"><nont label="PrefixExpression"><nont label="PostfixExpression"><nont label="AtomicExpression"><term lexeme="t" token="IDENTIFIER"><location loc="47.66--47.66"/></term><nont label="ArgumentsOpt"/><location loc="47.66--47.66"/></nont><nont label="PostfixExpressionP"><term lexeme="[" token="LBRACKET"><location loc="47.67--47.67"/></term><nont label="Expression"><nont label="ORXORExpression"><nont label="ANDExpression"><nont label="RelationalExpression"><nont label="ADDSUBExpression"><nont label="MULDIVExpression"><nont label="PrefixExpression"><nont label="PostfixExpression"><nont label="AtomicExpression"><term lexeme="0" token="INTCONST"><location loc="47.68--47.68"/></term><location loc="47.68--47.68"/></nont><nont label="PostfixExpressionP"/><location loc="47.68--47.68"/></nont><location loc="47.68--47.68"/></nont><nont label="MULDIVExpressionP"/><location loc="47.68--47.68"/></nont><nont label="ADDSUBExpressionP"/><location loc="47.68--47.68"/></nont><nont label="RelationalExpressionP"/><location loc="47.68--47.68"/></nont><nont label="ANDExpressionP"/><location loc="47.68--47.68"/></nont><nont label="ORXORExpressionP"/><location loc="47.68--47.68"/></nont><location loc="47.68--47.68"/></nont><term lexeme="]" token="RBRACKET"><location loc="47.69--47.69"/></term><nont label="PostfixExpressionP"><term lexeme="[" token="LBRACKET"><location loc="47.70--47.70"/></term><nont label="Expression"><nont label="ORXORExpression"><nont label="ANDExpression"><nont label="RelationalExpression"><nont label="ADDSUBExpression"><nont label="MULDIVExpression"><nont label="PrefixExpression"><nont label="PostfixExpression"><nont label="AtomicExpression"><term lexeme="5" token="INTCONST"><location loc="47.71--47.71"/></term><location loc="47.71--47.71"/></nont><nont label="PostfixExpressionP"/><location loc="47.71--47.71"/></nont><location loc="47.71--47.71"/></nont><nont label="MULDIVExpressionP"/><location loc="47.71--47.71"/></nont><nont label="ADDSUBExpressionP"/><location loc="47.71--47.71"/></nont><nont label="RelationalExpressionP"/><location loc="47.71--47.71"/></nont><nont label="ANDExpressionP"/><location loc="47.71--47.71"/></nont><nont label="ORXORExpressionP"/><location loc="47.71--47.71"/></nont><location loc="47.71--47.71"/></nont><term lexeme="]" token="RBRACKET"><location loc="47.72--47.72"/></term><nont label="PostfixExpressionP"/><location loc="47.70--47.72"/></nont><location loc="47.67--47.72"/></nont><location loc="47.66--47.72"/></nont><location loc="47.66--47.72"/></nont><nont label="MULDIVExpressionP"/><location loc="47.66--47.72"/></nont><nont label="ADDSUBExpressionP"/><location loc="47.66--47.72"/></nont><nont label="RelationalExpressionP"/><location loc="47.66--47.72"/></nont><nont label="ANDExpressionP"/><location loc="47.66--47.72"/></nont><nont label="ORXORExpressionP"/><location loc="47.66--47.72"/></nont><location loc="47.66--47.72"/></nont><nont label="StatementP"><term lexeme="=" token="ASSIGN"><location loc="47.73--47.73"/></term><nont label="Expression"><nont label="ORXORExpression"><nont label="ANDExpression"><nont label="RelationalExpression"><nont label="ADDSUBExpression"><nont label="MULDIVExpression"><nont label="PrefixExpression"><nont label="PostfixExpression"><nont label="AtomicExpression"><term lexeme="0" token="INTCONST"><location loc="47.74--47.74"/></term><location loc="47.74--47.74"/></nont><nont label="PostfixExpressionP"/><location loc="47.74--47.74"/></nont><location loc="47.74--47.74"/></nont><nont label="MULDIVExpressionP"/><location loc="47.74--47.74"/></nont><nont label="ADDSUBExpressionP"/><location loc="47.74--47.74"/></nont><nont label="RelationalExpressionP"/><location loc="47.74--47.74"/></nont><nont label="ANDExpressionP"/><location loc="47.74--47.74"/></nont><nont label="ORXORExpressionP"/><location loc="47.74--47.74"/></nont><location loc="47.74--47.74"/></nont><location loc="47.73--47.74"/></nont><location loc="47.66--47.74"/></nont><term lexeme=";" token="SEMIC"><location loc="47.75--47.75"/></term><nont label="StatementsP"><nont label="Statement"><nont label="Expression"><nont label="ORXORExpression"><nont label="ANDExpression"><nont label="RelationalExpression"><nont label="ADDSUBExpression"><nont label="MULDIVExpression"><nont label="PrefixExpression"><nont label="PostfixExpression"><nont label="AtomicExpression"><term lexeme="t" token="IDENTIFIER"><location loc="47.79--47.79"/></term><nont label="ArgumentsOpt"/><location loc="47.79--47.79"/></nont><nont label="PostfixExpressionP"><term lexeme="[" token="LBRACKET"><location loc="47.80--47.80"/></term><nont label="Expression"><nont label="ORXORExpression"><nont label="ANDExpression"><nont label="RelationalExpression"><nont label="ADDSUBExpression"><nont label="MULDIVExpression"><nont label="PrefixExpression"><nont label="PostfixExpression"><nont label="AtomicExpression"><term lexeme="0" token="INTCONST"><location loc="47.81--47.81"/></term><location loc="47.81--47.81"/></nont><nont label="PostfixExpressionP"/><location loc="47.81--47.81"/></nont><location loc="47.81--47.81"/></nont><nont label="MULDIVExpressionP"/><location loc="47.81--47.81"/></nont><nont label="ADDSUBExpressionP"/><location loc="47.81--47.81"/></nont><nont label="RelationalExpressionP"/><location loc="47.81--47.81"/></nont><nont label="ANDExpressionP"/><location loc="47.81--47.81"/></nont><nont label="ORXORExpressionP"/><location loc="47.81--47.81"/></nont><location loc="47.81--47.81"/></nont><term lexeme="]" token="RBRACKET"><location loc="47.82--47.82"/></term><nont label="PostfixExpressionP"><term lexeme="[" token="LBRACKET"><location loc="47.83--47.83"/></term><nont label="Expression"><nont label="ORXORExpression"><nont label="ANDExpression"><nont label="RelationalExpression"><nont label="ADDSUBExpression"><nont label="MULDIVExpression"><nont label="PrefixExpression"><nont label="PostfixExpression"><nont label="AtomicExpression"><term lexeme="6" token="INTCONST"><location loc="47.84--47.84"/></term><location loc="47.84--47.84"/></nont><nont label="PostfixExpressionP"/><location loc="47.84--47.84"/></nont><location loc="47.84--47.84"/></nont><nont label="MULDIVExpressionP"/><location loc="47.84--47.84"/></nont><nont label="ADDSUBExpressionP"/><location loc="47.84--47.84"/></nont><nont label="RelationalExpressionP"/><location loc="47.84--47.84"/></nont><nont label="ANDExpressionP"/><location loc="47.84--47.84"/></nont><nont label="ORXORExpressionP"/><location loc="47.84--47.84"/></nont><location loc="47.84--47.84"/></nont><term lexeme="]" token="RBRACKET"><location loc="47.85--47.85"/></term><nont label="PostfixExpressionP"/><location loc="47.83--47.85"/></nont><location loc="47.80--47.85"/></nont><location loc="47.79--47.85"/></nont><location loc="47.79--47.85"/></nont><nont label="MULDIVExpressionP"/><location loc="47.79--47.85"/></nont><nont label="ADDSUBExpressionP"/><location loc="47.79--47.85"/></nont><nont label="RelationalExpressionP"/><location loc="47.79--47.85"/></nont><nont label="ANDExpressionP"/><location loc="47.79--47.85"/></nont><nont label="ORXORExpressionP"/><location loc="47.79--47.85"/></nont><location loc="47.79--47.85"/></nont><nont label="StatementP"><term lexeme="=" token="ASSIGN"><location loc="47.86--47.86"/></term><nont label="Expression"><nont label="ORXORExpression"><nont label="ANDExpression"><nont label="RelationalExpression"><nont label="ADDSUBExpression"><nont label="MULDIVExpression"><nont label="PrefixExpression"><nont label="PostfixExpression"><nont label="AtomicExpression"><term lexeme="0" token="INTCONST"><location loc="47.87--47.87"/></term><location loc="47.87--47.87"/></nont><nont label="PostfixExpressionP"/><location loc="47.87--47.87"/></nont><location loc="47.87--47.87"/></nont><nont label="MULDIVExpressionP"/><location loc="47.87--47.87"/></nont><nont label="ADDSUBExpressionP"/><location loc="47.87--47.87"/></nont><nont label="RelationalExpressionP"/><location loc="47.87--47.87"/></nont><nont label="ANDExpressionP"/><location loc="47.87--47.87"/></nont><nont label="ORXORExpressionP"/><location loc="47.87--47.87"/></nont><location loc="47.87--47.87"/></nont><location loc="47.86--47.87"/></nont><location loc="47.79--47.87"/></nont><term lexeme=";" token="SEMIC"><location loc="47.88--47.88"/></term><nont label="StatementsP"><nont label="Statement"><nont label="Expression"><nont label="ORXORExpression"><nont label="ANDExpression"><nont label="RelationalExpression"><nont label="ADDSUBExpression"><nont label="MULDIVExpression"><nont label="PrefixExpression"><nont label="PostfixExpression"><nont label="AtomicExpression"><term lexeme="t" token="IDENTIFIER"><location loc="47.90--47.90"/></term><nont label="ArgumentsOpt"/><location loc="47.90--47.90"/></nont><nont label="PostfixExpressionP"><term lexeme="[" token="LBRACKET"><location loc="47.91--47.91"/></term><nont label="Expression"><nont label="ORXORExpression"><nont label="ANDExpression"><nont label="RelationalExpression"><nont label="ADDSUBExpression"><nont label="MULDIVExpression"><nont label="PrefixExpression"><nont label="PostfixExpression"><nont label="AtomicExpression"><term lexeme="0" token="INTCONST"><location loc="47.92--47.92"/></term><location loc="47.92--47.92"/></nont><nont label="PostfixExpressionP"/><location loc="47.92--47.92"/></nont><location loc="47.92--47.92"/></nont><nont label="MULDIVExpressionP"/><location loc="47.92--47.92"/></nont><nont label="ADDSUBExpressionP"/><location loc="47.92--47.92"/></nont><nont label="RelationalExpressionP"/><location loc="47.92--47.92"/></nont><nont label="ANDExpressionP"/><location loc="47.92--47.92"/></nont><nont label="ORXORExpressionP"/><location loc="47.92--47.92"/></nont><location loc="47.92--47.92"/></nont><term lexeme="]" token="RBRACKET"><location loc="47.93--47.93"/></term><nont label="PostfixExpressionP"><term lexeme="[" token="LBRACKET"><location loc="47.94--47.94"/></term><nont label="Expression"><nont label="ORXORExpression"><nont label="ANDExpression"><nont label="RelationalExpression"><nont label="ADDSUBExpression"><nont label="MULDIVExpression"><nont label="PrefixExpression"><nont label="PostfixExpression"><nont label="AtomicExpression"><term lexeme="7" token="INTCONST"><location loc="47.95--47.95"/></term><location loc="47.95--47.95"/></nont><nont label="PostfixExpressionP"/><location loc="47.95--47.95"/></nont><location loc="47.95--47.95"/></nont><nont label="MULDIVExpressionP"/><location loc="47.95--47.95"/></nont><nont label="ADDSUBExpressionP"/><location loc="47.95--47.95"/></nont><nont label="RelationalExpressionP"/><location loc="47.95--47.95"/></nont><nont label="ANDExpressionP"/><location loc="47.95--47.95"/></nont><nont label="ORXORExpressionP"/><location loc="47.95--47.95"/></nont><location loc="47.95--47.95"/></nont><term lexeme="]" token="RBRACKET"><location loc="47.96--47.96"/></term><nont label="PostfixExpressionP"/><location loc="47.94--47.96"/></nont><location loc="47.91--47.96"/></nont><location loc="47.90--47.96"/></nont><location loc="47.90--47.96"/></nont><nont label="MULDIVExpressionP"/><location loc="47.90--47.96"/></nont><nont label="ADDSUBExpressionP"/><location loc="47.90--47.96"/></nont><nont label="RelationalExpressionP"/><location loc="47.90--47.96"/></nont><nont label="ANDExpressionP"/><location loc="47.90--47.96"/></nont><nont label="ORXORExpressionP"/><location loc="47.90--47.96"/></nont><location loc="47.90--47.96"/></nont><nont label="StatementP"><term lexeme="=" token="ASSIGN"><location loc="47.97--47.97"/></term><nont label="Expression"><nont label="ORXORExpression"><nont label="ANDExpression"><nont label="RelationalExpression"><nont label="ADDSUBExpression"><nont label="MULDIVExpression"><nont label="PrefixExpression"><nont label="PostfixExpression"><nont label="AtomicExpression"><term lexeme="9" token="INTCONST"><location loc="47.98--47.98"/></term><location loc="47.98--47.98"/></nont><nont label="PostfixExpressionP"/><location loc="47.98--47.98"/></nont><location loc="47.98--47.98"/></nont><nont label="MULDIVExpressionP"/><location loc="47.98--47.98"/></nont><nont label="ADDSUBExpressionP"/><location loc="47.98--47.98"/></nont><nont label="RelationalExpressionP"/><location loc="47.98--47.98"/></nont><nont label="ANDExpressionP"/><location loc="47.98--47.98"/></nont><nont label="ORXORExpressionP"/><location loc="47.98--47.98"/></nont><location loc="47.98--47.98"/></nont><location loc="47.97--47.98"/></nont><location loc="47.90--47.98"/></nont><term lexeme=";" token="SEMIC"><location loc="47.99--47.99"/></term><nont label="StatementsP"><nont label="Statement"><nont label="Expression"><nont label="ORXORExpression"><nont label="ANDExpression"><nont label="RelationalExpression"><nont label="ADDSUBExpression"><nont label="MULDIVExpression"><nont label="PrefixExpression"><nont label="PostfixExpression"><nont label="AtomicExpression"><term lexeme="t" token="IDENTIFIER"><location loc="47.101--47.101"/></term><nont label="ArgumentsOpt"/><location loc="47.101--47.101"/></nont><nont label="PostfixExpressionP"><term lexeme="[" token="LBRACKET"><location loc="47.102--47.102"/></term><nont label="Expression"><nont label="ORXORExpression"><nont label="ANDExpression"><nont label="RelationalExpression"><nont label="ADDSUBExpression"><nont label="MULDIVExpression"><nont label="PrefixExpression"><nont label="PostfixExpression"><nont label="AtomicExpression"><term lexeme="0" token="INTCONST"><location loc="47.103--47.103"/></term><location loc="47.103--47.103"/></nont><nont label="PostfixExpressionP"/><location loc="47.103--47.103"/></nont><location loc="47.103--47.103"/></nont><nont label="MULDIVExpressionP"/><location loc="47.103--47.103"/></nont><nont label="ADDSUBExpressionP"/><location loc="47.103--47.103"/></nont><nont label="RelationalExpressionP"/><location loc="47.103--47.103"/></nont><nont label="ANDExpressionP"/><location loc="47.103--47.103"/></nont><nont label="ORXORExpressionP"/><location loc="47.103--47.103"/></nont><location loc="47.103--47.103"/></nont><term lexeme="]" token="RBRACKET"><location loc="47.104--47.104"/></term><nont label="PostfixExpressionP"><term lexeme="[" token="LBRACKET"><location loc="47.105--47.105"/></term><nont label="Expression"><nont label="ORXORExpression"><nont label="ANDExpression"><nont label="RelationalExpression"><nont label="ADDSUBExpression"><nont label="MULDIVExpression"><nont label="PrefixExpression"><nont label="PostfixExpression"><nont label="AtomicExpression"><term lexeme="8" token="INTCONST"><location loc="47.106--47.106"/></term><location loc="47.106--47.106"/></nont><nont label="PostfixExpressionP"/><location loc="47.106--47.106"/></nont><location loc="47.106--47.106"/></nont><nont label="MULDIVExpressionP"/><location loc="47.106--47.106"/></nont><nont label="ADDSUBExpressionP"/><location loc="47.106--47.106"/></nont><nont label="RelationalExpressionP"/><location loc="47.106--47.106"/></nont><nont label="ANDExpressionP"/><location loc="47.106--47.106"/></nont><nont label="ORXORExpressionP"/><location loc="47.106--47.106"/></nont><location loc="47.106--47.106"/></nont><term lexeme="]" token="RBRACKET"><location loc="47.107--47.107"/></term><nont label="PostfixExpressionP"/><location loc="47.105--47.107"/></nont><location loc="47.102--47.107"/></nont><location loc="47.101--47.107"/></nont><location loc="47.101--47.107"/></nont><nont label="MULDIVExpressionP"/><location loc="47.101--47.107"/></nont><nont label="ADDSUBExpressionP"/><location loc="47.101--47.107"/></nont><nont label="RelationalExpressionP"/><location loc="47.101--47.107"/></nont><nont label="ANDExpressionP"/><location loc="47.101--47.107"/></nont><nont label="ORXORExpressionP"/><location loc="47.101--47.107"/></nont><location loc="47.101--47.107"/></nont><nont label="StatementP"><term lexeme="=" token="ASSIGN"><location loc="47.108--47.108"/></term><nont label="Expression"><nont label="ORXORExpression"><nont label="ANDExpression"><nont label="RelationalExpression"><nont label="ADDSUBExpression"><nont label="MULDIVExpression"><nont label="PrefixExpression"><nont label="PostfixExpression"><nont label="AtomicExpression"><term lexeme="0" token="INTCONST"><location loc="47.109--47.109"/></term><location loc="47.109--47.109"/></nont><nont label="PostfixExpressionP"/><location loc="47.109--47.109"/></nont><location loc="47.109--47.109"/></nont><nont label="MULDIVExpressionP"/><location loc="47.109--47.109"/></nont><nont label="ADDSUBExpressionP"/><location loc="47.109--47.109"/></nont><nont label="RelationalExpressionP"/><location loc="47.109--47.109"/></nont><nont label="ANDExpressionP"/><location loc="47.109--47.109"/></nont><nont label="ORXORExpressionP"/><location loc="47.109--47.109"/></nont><location loc="47.109--47.109"/></nont><location loc="47.108--47.109"/></nont><location loc="47.101--47.109"/></nont><term lexeme=";" token="SEMIC"><location loc="47.110--47.110"/></term><nont label="StatementsP"><nont label="Statement"><nont label="Expression"><nont label="ORXORExpression"><nont label="ANDExpression"><nont label="RelationalExpression"><nont label="ADDSUBExpression"><nont label="MULDIVExpression"><nont label="PrefixExpression"><nont label="PostfixExpression"><nont label="AtomicExpression"><term lexeme="t" token="IDENTIFIER"><location loc="48.9--48.9"/></term><nont label="ArgumentsOpt"/><location loc="48.9--48.9"/></nont><nont label="PostfixExpressionP"><term lexeme="[" token="LBRACKET"><location loc="48.10--48.10"/></term><nont label="Expression"><nont label="ORXORExpression"><nont label="ANDExpression"><nont label="RelationalExpression"><nont label="ADDSUBExpression"><nont label="MULDIVExpression"><nont label="PrefixExpression"><nont label="PostfixExpression"><nont label="AtomicExpression"><term lexeme="1" token="INTCONST"><location loc="48.11--48.11"/></term><location loc="48.11--48.11"/></nont><nont label="PostfixExpressionP"/><location loc="48.11--48.11"/></nont><location loc="48.11--48.11"/></nont><nont label="MULDIVExpressionP"/><location loc="48.11--48.11"/></nont><nont label="ADDSUBExpressionP"/><location loc="48.11--48.11"/></nont><nont label="RelationalExpressionP"/><location loc="48.11--48.11"/></nont><nont label="ANDExpressionP"/><location loc="48.11--48.11"/></nont><nont label="ORXORExpressionP"/><location loc="48.11--48.11"/></nont><location loc="48.11--48.11"/></nont><term lexeme="]" token="RBRACKET"><location loc="48.12--48.12"/></term><nont label="PostfixExpressionP"><term lexeme="[" token="LBRACKET"><location loc="48.13--48.13"/></term><nont label="Expression"><nont label="ORXORExpression"><nont label="ANDExpression"><nont label="RelationalExpression"><nont label="ADDSUBExpression"><nont label="MULDIVExpression"><nont label="PrefixExpression"><nont label="PostfixExpression"><nont label="AtomicExpression"><term lexeme="0" token="INTCONST"><location loc="48.14--48.14"/></term><location loc="48.14--48.14"/></nont><nont label="PostfixExpressionP"/><location loc="48.14--48.14"/></nont><location loc="48.14--48.14"/></nont><nont label="MULDIVExpressionP"/><location loc="48.14--48.14"/></nont><nont label="ADDSUBExpressionP"/><location loc="48.14--48.14"/></nont><nont label="RelationalExpressionP"/><location loc="48.14--48.14"/></nont><nont label="ANDExpressionP"/><location loc="48.14--48.14"/></nont><nont label="ORXORExpressionP"/><location loc="48.14--48.14"/></nont><location loc="48.14--48.14"/></nont><term lexeme="]" token="RBRACKET"><location loc="48.15--48.15"/></term><nont label="PostfixExpressionP"/><location loc="48.13--48.15"/></nont><location loc="48.10--48.15"/></nont><location loc="48.9--48.15"/></nont><location loc="48.9--48.15"/></nont><nont label="MULDIVExpressionP"/><location loc="48.9--48.15"/></nont><nont label="ADDSUBExpressionP"/><location loc="48.9--48.15"/></nont><nont label="RelationalExpressionP"/><location loc="48.9--48.15"/></nont><nont label="ANDExpressionP"/><location loc="48.9--48.15"/></nont><nont label="ORXORExpressionP"/><location loc="48.9--48.15"/></nont><location loc="48.9--48.15"/></nont><nont label="StatementP"><term lexeme="=" token="ASSIGN"><location loc="48.16--48.16"/></term><nont label="Expression"><nont label="ORXORExpression"><nont label="ANDExpression"><nont label="RelationalExpression"><nont label="ADDSUBExpression"><nont label="MULDIVExpression"><nont label="PrefixExpression"><nont label="PostfixExpression"><nont label="AtomicExpression"><term lexeme="9" token="INTCONST"><location loc="48.17--48.17"/></term><location loc="48.17--48.17"/></nont><nont label="PostfixExpressionP"/><location loc="48.17--48.17"/></nont><location loc="48.17--48.17"/></nont><nont label="MULDIVExpressionP"/><location loc="48.17--48.17"/></nont><nont label="ADDSUBExpressionP"/><location loc="48.17--48.17"/></nont><nont label="RelationalExpressionP"/><location loc="48.17--48.17"/></nont><nont label="ANDExpressionP"/><location loc="48.17--48.17"/></nont><nont label="ORXORExpressionP"/><location loc="48.17--48.17"/></nont><location loc="48.17--48.17"/></nont><location loc="48.16--48.17"/></nont><location loc="48.9--48.17"/></nont><term lexeme=";" token="SEMIC"><location loc="48.18--48.18"/></term><nont label="StatementsP"><nont label="Statement"><nont label="Expression"><nont label="ORXORExpression"><nont label="ANDExpression"><nont label="RelationalExpression"><nont label="ADDSUBExpression"><nont label="MULDIVExpression"><nont label="PrefixExpression"><nont label="PostfixExpression"><nont label="AtomicExpression"><term lexeme="t" token="IDENTIFIER"><location loc="48.20--48.20"/></term><nont label="ArgumentsOpt"/><location loc="48.20--48.20"/></nont><nont label="PostfixExpressionP"><term lexeme="[" token="LBRACKET"><location loc="48.21--48.21"/></term><nont label="Expression"><nont label="ORXORExpression"><nont label="ANDExpression"><nont label="RelationalExpression"><nont label="ADDSUBExpression"><nont label="MULDIVExpression"><nont label="PrefixExpression"><nont label="PostfixExpression"><nont label="AtomicExpression"><term lexeme="1" token="INTCONST"><location loc="48.22--48.22"/></term><location loc="48.22--48.22"/></nont><nont label="PostfixExpressionP"/><location loc="48.22--48.22"/></nont><location loc="48.22--48.22"/></nont><nont label="MULDIVExpressionP"/><location loc="48.22--48.22"/></nont><nont label="ADDSUBExpressionP"/><location loc="48.22--48.22"/></nont><nont label="RelationalExpressionP"/><location loc="48.22--48.22"/></nont><nont label="ANDExpressionP"/><location loc="48.22--48.22"/></nont><nont label="ORXORExpressionP"/><location loc="48.22--48.22"/></nont><location loc="48.22--48.22"/></nont><term lexeme="]" token="RBRACKET"><location loc="48.23--48.23"/></term><nont label="PostfixExpressionP"><term lexeme="[" token="LBRACKET"><location loc="48.24--48.24"/></term><nont label="Expression"><nont label="ORXORExpression"><nont label="ANDExpression"><nont label="RelationalExpression"><nont label="ADDSUBExpression"><nont label="MULDIVExpression"><nont label="PrefixExpression"><nont label="PostfixExpression"><nont label="AtomicExpression"><term lexeme="1" token="INTCONST"><location loc="48.25--48.25"/></term><location loc="48.25--48.25"/></nont><nont label="PostfixExpressionP"/><location loc="48.25--48.25"/></nont><location loc="48.25--48.25"/></nont><nont label="MULDIVExpressionP"/><location loc="48.25--48.25"/></nont><nont label="ADDSUBExpressionP"/><location loc="48.25--48.25"/></nont><nont label="RelationalExpressionP"/><location loc="48.25--48.25"/></nont><nont label="ANDExpressionP"/><location loc="48.25--48.25"/></nont><nont label="ORXORExpressionP"/><location loc="48.25--48.25"/></nont><location loc="48.25--48.25"/></nont><term lexeme="]" token="RBRACKET"><location loc="48.26--48.26"/></term><nont label="PostfixExpressionP"/><location loc="48.24--48.26"/></nont><location loc="48.21--48.26"/></nont><location loc="48.20--48.26"/></nont><location loc="48.20--48.26"/></nont><nont label="MULDIVExpressionP"/><location loc="48.20--48.26"/></nont><nont label="ADDSUBExpressionP"/><location loc="48.20--48.26"/></nont><nont label="RelationalExpressionP"/><location loc="48.20--48.26"/></nont><nont label="ANDExpressionP"/><location loc="48.20--48.26"/></nont><nont label="ORXORExpressionP"/><location loc="48.20--48.26"/></nont><location loc="48.20--48.26"/></nont><nont label="StatementP"><term lexeme="=" token="ASSIGN"><location loc="48.27--48.27"/></term><nont label="Expression"><nont label="ORXORExpression"><nont label="ANDExpression"><nont label="RelationalExpression"><nont label="ADDSUBExpression"><nont label="MULDIVExpression"><nont label="PrefixExpression"><nont label="PostfixExpression"><nont label="AtomicExpression"><term lexeme="0" token="INTCONST"><location loc="48.28--48.28"/></term><location loc="48.28--48.28"/></nont><nont label="PostfixExpressionP"/><location loc="48.28--48.28"/></nont><location loc="48.28--48.28"/></nont><nont label="MULDIVExpressionP"/><location loc="48.28--48.28"/></nont><nont label="ADDSUBExpressionP"/><location loc="48.28--48.28"/></nont><nont label="RelationalExpressionP"/><location loc="48.28--48.28"/></nont><nont label="ANDExpressionP"/><location loc="48.28--48.28"/></nont><nont label="ORXORExpressionP"/><location loc="48.28--48.28"/></nont><location loc="48.28--48.28"/></nont><location loc="48.27--48.28"/></nont><location loc="48.20--48.28"/></nont><term lexeme=";" token="SEMIC"><location loc="48.29--48.29"/></term><nont label="StatementsP"><nont label="Statement"><nont label="Expression"><nont label="ORXORExpression"><nont label="ANDExpression"><nont label="RelationalExpression"><nont label="ADDSUBExpression"><nont label="MULDIVExpression"><nont label="PrefixExpression"><nont label="PostfixExpression"><nont label="AtomicExpression"><term lexeme="t" token="IDENTIFIER"><location loc="48.31--48.31"/></term><nont label="ArgumentsOpt"/><location loc="48.31--48.31"/></nont><nont label="PostfixExpressionP"><term lexeme="[" token="LBRACKET"><location loc="48.32--48.32"/></term><nont label="Expression"><nont label="ORXORExpression"><nont label="ANDExpression"><nont label="RelationalExpression"><nont label="ADDSUBExpression"><nont label="MULDIVExpression"><nont label="PrefixExpression"><nont label="PostfixExpression"><nont label="AtomicExpression"><term lexeme="1" token="INTCONST"><location loc="48.33--48.33"/></term><location loc="48.33--48.33"/></nont><nont label="PostfixExpressionP"/><location loc="48.33--48.33"/></nont><location loc="48.33--48.33"/></nont><nont label="MULDIVExpressionP"/><location loc="48.33--48.33"/></nont><nont label="ADDSUBExpressionP"/><location loc="48.33--48.33"/></nont><nont label="RelationalExpressionP"/><location loc="48.33--48.33"/></nont><nont label="ANDExpressionP"/><location loc="48.33--48.33"/></nont><nont label="ORXORExpressionP"/><location loc="48.33--48.33"/></nont><location loc="48.33--48.33"/></nont><term lexeme="]" token="RBRACKET"><location loc="48.34--48.34"/></term><nont label="PostfixExpressionP"><term lexeme="[" token="LBRACKET"><location loc="48.35--48.35"/></term><nont label="Expression"><nont label="ORXORExpression"><nont label="ANDExpression"><nont label="RelationalExpression"><nont label="ADDSUBExpression"><nont label="MULDIVExpression"><nont label="PrefixExpression"><nont label="PostfixExpression"><nont label="AtomicExpression"><term lexeme="2" token="INTCONST"><location loc="48.36--48.36"/></term><location loc="48.36--48.36"/></nont><nont label="PostfixExpressionP"/><location loc="48.36--48.36"/></nont><location loc="48.36--48.36"/></nont><nont label="MULDIVExpressionP"/><location loc="48.36--48.36"/></nont><nont label="ADDSUBExpressionP"/><location loc="48.36--48.36"/></nont><nont label="RelationalExpressionP"/><location loc="48.36--48.36"/></nont><nont label="ANDExpressionP"/><location loc="48.36--48.36"/></nont><nont label="ORXORExpressionP"/><location loc="48.36--48.36"/></nont><location loc="48.36--48.36"/></nont><term lexeme="]" token="RBRACKET"><location loc="48.37--48.37"/></term><nont label="PostfixExpressionP"/><location loc="48.35--48.37"/></nont><location loc="48.32--48.37"/></nont><location loc="48.31--48.37"/></nont><location loc="48.31--48.37"/></nont><nont label="MULDIVExpressionP"/><location loc="48.31--48.37"/></nont><nont label="ADDSUBExpressionP"/><location loc="48.31--48.37"/></nont><nont label="RelationalExpressionP"/><location loc="48.31--48.37"/></nont><nont label="ANDExpressionP"/><location loc="48.31--48.37"/></nont><nont label="ORXORExpressionP"/><location loc="48.31--48.37"/></nont><location loc="48.31--48.37"/></nont><nont label="StatementP"><term lexeme="=" token="ASSIGN"><location loc="48.38--48.38"/></term><nont label="Expression"><nont label="ORXORExpression"><nont label="ANDExpression"><nont label="RelationalExpression"><nont label="ADDSUBExpression"><nont label="MULDIVExpression"><nont label="PrefixExpression"><nont label="PostfixExpression"><nont label="AtomicExpression"><term lexeme="0" token="INTCONST"><location loc="48.39--48.39"/></term><location loc="48.39--48.39"/></nont><nont label="PostfixExpressionP"/><location loc="48.39--48.39"/></nont><location loc="48.39--48.39"/></nont><nont label="MULDIVExpressionP"/><location loc="48.39--48.39"/></nont><nont label="ADDSUBExpressionP"/><location loc="48.39--48.39"/></nont><nont label="RelationalExpressionP"/><location loc="48.39--48.39"/></nont><nont label="ANDExpressionP"/><location loc="48.39--48.39"/></nont><nont label="ORXORExpressionP"/><location loc="48.39--48.39"/></nont><location loc="48.39--48.39"/></nont><location loc="48.38--48.39"/></nont><location loc="48.31--48.39"/></nont><term lexeme=";" token="SEMIC"><location loc="48.40--48.40"/></term><nont label="StatementsP"><nont label="Statement"><nont label="Expression"><nont label="ORXORExpression"><nont label="ANDExpression"><nont label="RelationalExpression"><nont label="ADDSUBExpression"><nont label="MULDIVExpression"><nont label="PrefixExpression"><nont label="PostfixExpression"><nont label="AtomicExpression"><term lexeme="t" token="IDENTIFIER"><location loc="48.44--48.44"/></term><nont label="ArgumentsOpt"/><location loc="48.44--48.44"/></nont><nont label="PostfixExpressionP"><term lexeme="[" token="LBRACKET"><location loc="48.45--48.45"/></term><nont label="Expression"><nont label="ORXORExpression"><nont label="ANDExpression"><nont label="RelationalExpression"><nont label="ADDSUBExpression"><nont label="MULDIVExpression"><nont label="PrefixExpression"><nont label="PostfixExpression"><nont label="AtomicExpression"><term lexeme="1" token="INTCONST"><location loc="48.46--48.46"/></term><location loc="48.46--48.46"/></nont><nont label="PostfixExpressionP"/><location loc="48.46--48.46"/></nont><location loc="48.46--48.46"/></nont><nont label="MULDIVExpressionP"/><location loc="48.46--48.46"/></nont><nont label="ADDSUBExpressionP"/><location loc="48.46--48.46"/></nont><nont label="RelationalExpressionP"/><location loc="48.46--48.46"/></nont><nont label="ANDExpressionP"/><location loc="48.46--48.46"/></nont><nont label="ORXORExpressionP"/><location loc="48.46--48.46"/></nont><location loc="48.46--48.46"/></nont><term lexeme="]" token="RBRACKET"><location loc="48.47--48.47"/></term><nont label="PostfixExpressionP"><term lexeme="[" token="LBRACKET"><location loc="48.48--48.48"/></term><nont label="Expression"><nont label="ORXORExpression"><nont label="ANDExpression"><nont label="RelationalExpression"><nont label="ADDSUBExpression"><nont label="MULDIVExpression"><nont label="PrefixExpression"><nont label="PostfixExpression"><nont label="AtomicExpression"><term lexeme="3" token="INTCONST"><location loc="48.49--48.49"/></term><location loc="48.49--48.49"/></nont><nont label="PostfixExpressionP"/><location loc="48.49--48.49"/></nont><location loc="48.49--48.49"/></nont><nont label="MULDIVExpressionP"/><location loc="48.49--48.49"/></nont><nont label="ADDSUBExpressionP"/><location loc="48.49--48.49"/></nont><nont label="RelationalExpressionP"/><location loc="48.49--48.49"/></nont><nont label="ANDExpressionP"/><location loc="48.49--48.49"/></nont><nont label="ORXORExpressionP"/><location loc="48.49--48.49"/></nont><location loc="48.49--48.49"/></nont><term lexeme="]" token="RBRACKET"><location loc="48.50--48.50"/></term><nont label="PostfixExpressionP"/><location loc="48.48--48.50"/></nont><location loc="48.45--48.50"/></nont><location loc="48.44--48.50"/></nont><location loc="48.44--48.50"/></nont><nont label="MULDIVExpressionP"/><location loc="48.44--48.50"/></nont><nont label="ADDSUBExpressionP"/><location loc="48.44--48.50"/></nont><nont label="RelationalExpressionP"/><location loc="48.44--48.50"/></nont><nont label="ANDExpressionP"/><location loc="48.44--48.50"/></nont><nont label="ORXORExpressionP"/><location loc="48.44--48.50"/></nont><location loc="48.44--48.50"/></nont><nont label="StatementP"><term lexeme="=" token="ASSIGN"><location loc="48.51--48.51"/></term><nont label="Expression"><nont label="ORXORExpression"><nont label="ANDExpression"><nont label="RelationalExpression"><nont label="ADDSUBExpression"><nont label="MULDIVExpression"><nont label="PrefixExpression"><nont label="PostfixExpression"><nont label="AtomicExpression"><term lexeme="0" token="INTCONST"><location loc="48.52--48.52"/></term><location loc="48.52--48.52"/></nont><nont label="PostfixExpressionP"/><location loc="48.52--48.52"/></nont><location loc="48.52--48.52"/></nont><nont label="MULDIVExpressionP"/><location loc="48.52--48.52"/></nont><nont label="ADDSUBExpressionP"/><location loc="48.52--48.52"/></nont><nont label="RelationalExpressionP"/><location loc="48.52--48.52"/></nont><nont label="ANDExpressionP"/><location loc="48.52--48.52"/></nont><nont label="ORXORExpressionP"/><location loc="48.52--48.52"/></nont><location loc="48.52--48.52"/></nont><location loc="48.51--48.52"/></nont><location loc="48.44--48.52"/></nont><term lexeme=";" token="SEMIC"><location loc="48.53--48.53"/></term><nont label="StatementsP"><nont label="Statement"><nont label="Expression"><nont label="ORXORExpression"><nont label="ANDExpression"><nont label="RelationalExpression"><nont label="ADDSUBExpression"><nont label="MULDIVExpression"><nont label="PrefixExpression"><nont label="PostfixExpression"><nont label="AtomicExpression"><term lexeme="t" token="IDENTIFIER"><location loc="48.55--48.55"/></term><nont label="ArgumentsOpt"/><location loc="48.55--48.55"/></nont><nont label="PostfixExpressionP"><term lexeme="[" token="LBRACKET"><location loc="48.56--48.56"/></term><nont label="Expression"><nont label="ORXORExpression"><nont label="ANDExpression"><nont label="RelationalExpression"><nont label="ADDSUBExpression"><nont label="MULDIVExpression"><nont label="PrefixExpression"><nont label="PostfixExpression"><nont label="AtomicExpression"><term lexeme="1" token="INTCONST"><location loc="48.57--48.57"/></term><location loc="48.57--48.57"/></nont><nont label="PostfixExpressionP"/><location loc="48.57--48.57"/></nont><location loc="48.57--48.57"/></nont><nont label="MULDIVExpressionP"/><location loc="48.57--48.57"/></nont><nont label="ADDSUBExpressionP"/><location loc="48.57--48.57"/></nont><nont label="RelationalExpressionP"/><location loc="48.57--48.57"/></nont><nont label="ANDExpressionP"/><location loc="48.57--48.57"/></nont><nont label="ORXORExpressionP"/><location loc="48.57--48.57"/></nont><location loc="48.57--48.57"/></nont><term lexeme="]" token="RBRACKET"><location loc="48.58--48.58"/></term><nont label="PostfixExpressionP"><term lexeme="[" token="LBRACKET"><location loc="48.59--48.59"/></term><nont label="Expression"><nont label="ORXORExpression"><nont label="ANDExpression"><nont label="RelationalExpression"><nont label="ADDSUBExpression"><nont label="MULDIVExpression"><nont label="PrefixExpression"><nont label="PostfixExpression"><nont label="AtomicExpression"><term lexeme="4" token="INTCONST"><location loc="48.60--48.60"/></term><location loc="48.60--48.60"/></nont><nont label="PostfixExpressionP"/><location loc="48.60--48.60"/></nont><location loc="48.60--48.60"/></nont><nont label="MULDIVExpressionP"/><location loc="48.60--48.60"/></nont><nont label="ADDSUBExpressionP"/><location loc="48.60--48.60"/></nont><nont label="RelationalExpressionP"/><location loc="48.60--48.60"/></nont><nont label="ANDExpressionP"/><location loc="48.60--48.60"/></nont><nont label="ORXORExpressionP"/><location loc="48.60--48.60"/></nont><location loc="48.60--48.60"/></nont><term lexeme="]" token="RBRACKET"><location loc="48.61--48.61"/></term><nont label="PostfixExpressionP"/><location loc="48.59--48.61"/></nont><location loc="48.56--48.61"/></nont><location loc="48.55--48.61"/></nont><location loc="48.55--48.61"/></nont><nont label="MULDIVExpressionP"/><location loc="48.55--48.61"/></nont><nont label="ADDSUBExpressionP"/><location loc="48.55--48.61"/></nont><nont label="RelationalExpressionP"/><location loc="48.55--48.61"/></nont><nont label="ANDExpressionP"/><location loc="48.55--48.61"/></nont><nont label="ORXORExpressionP"/><location loc="48.55--48.61"/></nont><location loc="48.55--48.61"/></nont><nont label="StatementP"><term lexeme="=" token="ASSIGN"><location loc="48.62--48.62"/></term><nont label="Expression"><nont label="ORXORExpression"><nont label="ANDExpression"><nont label="RelationalExpression"><nont label="ADDSUBExpression"><nont label="MULDIVExpression"><nont label="PrefixExpression"><nont label="PostfixExpression"><nont label="AtomicExpression"><term lexeme="8" token="INTCONST"><location loc="48.63--48.63"/></term><location loc="48.63--48.63"/></nont><nont label="PostfixExpressionP"/><location loc="48.63--48.63"/></nont><location loc="48.63--48.63"/></nont><nont label="MULDIVExpressionP"/><location loc="48.63--48.63"/></nont><nont label="ADDSUBExpressionP"/><location loc="48.63--48.63"/></nont><nont label="RelationalExpressionP"/><location loc="48.63--48.63"/></nont><nont label="ANDExpressionP"/><location loc="48.63--48.63"/></nont><nont label="ORXORExpressionP"/><location loc="48.63--48.63"/></nont><location loc="48.63--48.63"/></nont><location loc="48.62--48.63"/></nont><location loc="48.55--48.63"/></nont><term lexeme=";" token="SEMIC"><location loc="48.64--48.64"/></term><nont label="StatementsP"><nont label="Statement"><nont label="Expression"><nont label="ORXORExpression"><nont label="ANDExpression"><nont label="RelationalExpression"><nont label="ADDSUBExpression"><nont label="MULDIVExpression"><nont label="PrefixExpression"><nont label="PostfixExpression"><nont label="AtomicExpression"><term lexeme="t" token="IDENTIFIER"><location loc="48.66--48.66"/></term><nont label="ArgumentsOpt"/><location loc="48.66--48.66"/></nont><nont label="PostfixExpressionP"><term lexeme="[" token="LBRACKET"><location loc="48.67--48.67"/></term><nont label="Expression"><nont label="ORXORExpression"><nont label="ANDExpression"><nont label="RelationalExpression"><nont label="ADDSUBExpression"><nont label="MULDIVExpression"><nont label="PrefixExpression"><nont label="PostfixExpression"><nont label="AtomicExpression"><term lexeme="1" token="INTCONST"><location loc="48.68--48.68"/></term><location loc="48.68--48.68"/></nont><nont label="PostfixExpressionP"/><location loc="48.68--48.68"/></nont><location loc="48.68--48.68"/></nont><nont label="MULDIVExpressionP"/><location loc="48.68--48.68"/></nont><nont label="ADDSUBExpressionP"/><location loc="48.68--48.68"/></nont><nont label="RelationalExpressionP"/><location loc="48.68--48.68"/></nont><nont label="ANDExpressionP"/><location loc="48.68--48.68"/></nont><nont label="ORXORExpressionP"/><location loc="48.68--48.68"/></nont><location loc="48.68--48.68"/></nont><term lexeme="]" token="RBRACKET"><location loc="48.69--48.69"/></term><nont label="PostfixExpressionP"><term lexeme="[" token="LBRACKET"><location loc="48.70--48.70"/></term><nont label="Expression"><nont label="ORXORExpression"><nont label="ANDExpression"><nont label="RelationalExpression"><nont label="ADDSUBExpression"><nont label="MULDIVExpression"><nont label="PrefixExpression"><nont label="PostfixExpression"><nont label="AtomicExpression"><term lexeme="5" token="INTCONST"><location loc="48.71--48.71"/></term><location loc="48.71--48.71"/></nont><nont label="PostfixExpressionP"/><location loc="48.71--48.71"/></nont><location loc="48.71--48.71"/></nont><nont label="MULDIVExpressionP"/><location loc="48.71--48.71"/></nont><nont label="ADDSUBExpressionP"/><location loc="48.71--48.71"/></nont><nont label="RelationalExpressionP"/><location loc="48.71--48.71"/></nont><nont label="ANDExpressionP"/><location loc="48.71--48.71"/></nont><nont label="ORXORExpressionP"/><location loc="48.71--48.71"/></nont><location loc="48.71--48.71"/></nont><term lexeme="]" token="RBRACKET"><location loc="48.72--48.72"/></term><nont label="PostfixExpressionP"/><location loc="48.70--48.72"/></nont><location loc="48.67--48.72"/></nont><location loc="48.66--48.72"/></nont><location loc="48.66--48.72"/></nont><nont label="MULDIVExpressionP"/><location loc="48.66--48.72"/></nont><nont label="ADDSUBExpressionP"/><location loc="48.66--48.72"/></nont><nont label="RelationalExpressionP"/><location loc="48.66--48.72"/></nont><nont label="ANDExpressionP"/><location loc="48.66--48.72"/></nont><nont label="ORXORExpressionP"/><location loc="48.66--48.72"/></nont><location loc="48.66--48.72"/></nont><nont label="StatementP"><term lexeme="=" token="ASSIGN"><location loc="48.73--48.73"/></term><nont label="Expression"><nont label="ORXORExpression"><nont label="ANDExpression"><nont label="RelationalExpression"><nont label="ADDSUBExpression"><nont label="MULDIVExpression"><nont label="PrefixExpression"><nont label="PostfixExpression"><nont label="AtomicExpression"><term lexeme="4" token="INTCONST"><location loc="48.74--48.74"/></term><location loc="48.74--48.74"/></nont><nont label="PostfixExpressionP"/><location loc="48.74--48.74"/></nont><location loc="48.74--48.74"/></nont><nont label="MULDIVExpressionP"/><location loc="48.74--48.74"/></nont><nont label="ADDSUBExpressionP"/><location loc="48.74--48.74"/></nont><nont label="RelationalExpressionP"/><location loc="48.74--48.74"/></nont><nont label="ANDExpressionP"/><location loc="48.74--48.74"/></nont><nont label="ORXORExpressionP"/><location loc="48.74--48.74"/></nont><location loc="48.74--48.74"/></nont><location loc="48.73--48.74"/></nont><location loc="48.66--48.74"/></nont><term lexeme=";" token="SEMIC"><location loc="48.75--48.75"/></term><nont label="StatementsP"><nont label="Statement"><nont label="Expression"><nont label="ORXORExpression"><nont label="ANDExpression"><nont label="RelationalExpression"><nont label="ADDSUBExpression"><nont label="MULDIVExpression"><nont label="PrefixExpression"><nont label="PostfixExpression"><nont label="AtomicExpression"><term lexeme="t" token="IDENTIFIER"><location loc="48.79--48.79"/></term><nont label="ArgumentsOpt"/><location loc="48.79--48.79"/></nont><nont label="PostfixExpressionP"><term lexeme="[" token="LBRACKET"><location loc="48.80--48.80"/></term><nont label="Expression"><nont label="ORXORExpression"><nont label="ANDExpression"><nont label="RelationalExpression"><nont label="ADDSUBExpression"><nont label="MULDIVExpression"><nont label="PrefixExpression"><nont label="PostfixExpression"><nont label="AtomicExpression"><term lexeme="1" token="INTCONST"><location loc="48.81--48.81"/></term><location loc="48.81--48.81"/></nont><nont label="PostfixExpressionP"/><location loc="48.81--48.81"/></nont><location loc="48.81--48.81"/></nont><nont label="MULDIVExpressionP"/><location loc="48.81--48.81"/></nont><nont label="ADDSUBExpressionP"/><location loc="48.81--48.81"/></nont><nont label="RelationalExpressionP"/><location loc="48.81--48.81"/></nont><nont label="ANDExpressionP"/><location loc="48.81--48.81"/></nont><nont label="ORXORExpressionP"/><location loc="48.81--48.81"/></nont><location loc="48.81--48.81"/></nont><term lexeme="]" token="RBRACKET"><location loc="48.82--48.82"/></term><nont label="PostfixExpressionP"><term lexeme="[" token="LBRACKET"><location loc="48.83--48.83"/></term><nont label="Expression"><nont label="ORXORExpression"><nont label="ANDExpression"><nont label="RelationalExpression"><nont label="ADDSUBExpression"><nont label="MULDIVExpression"><nont label="PrefixExpression"><nont label="PostfixExpression"><nont label="AtomicExpression"><term lexeme="6" token="INTCONST"><location loc="48.84--48.84"/></term><location loc="48.84--48.84"/></nont><nont label="PostfixExpressionP"/><location loc="48.84--48.84"/></nont><location loc="48.84--48.84"/></nont><nont label="MULDIVExpressionP"/><location loc="48.84--48.84"/></nont><nont label="ADDSUBExpressionP"/><location loc="48.84--48.84"/></nont><nont label="RelationalExpressionP"/><location loc="48.84--48.84"/></nont><nont label="ANDExpressionP"/><location loc="48.84--48.84"/></nont><nont label="ORXORExpressionP"/><location loc="48.84--48.84"/></nont><location loc="48.84--48.84"/></nont><term lexeme="]" token="RBRACKET"><location loc="48.85--48.85"/></term><nont label="PostfixExpressionP"/><location loc="48.83--48.85"/></nont><location loc="48.80--48.85"/></nont><location loc="48.79--48.85"/></nont><location loc="48.79--48.85"/></nont><nont label="MULDIVExpressionP"/><location loc="48.79--48.85"/></nont><nont label="ADDSUBExpressionP"/><location loc="48.79--48.85"/></nont><nont label="RelationalExpressionP"/><location loc="48.79--48.85"/></nont><nont label="ANDExpressionP"/><location loc="48.79--48.85"/></nont><nont label="ORXORExpressionP"/><location loc="48.79--48.85"/></nont><location loc="48.79--48.85"/></nont><nont label="StatementP"><term lexeme="=" token="ASSIGN"><location loc="48.86--48.86"/></term><nont label="Expression"><nont label="ORXORExpression"><nont label="ANDExpression"><nont label="RelationalExpression"><nont label="ADDSUBExpression"><nont label="MULDIVExpression"><nont label="PrefixExpression"><nont label="PostfixExpression"><nont label="AtomicExpression"><term lexeme="0" token="INTCONST"><location loc="48.87--48.87"/></term><location loc="48.87--48.87"/></nont><nont label="PostfixExpressionP"/><location loc="48.87--48.87"/></nont><location loc="48.87--48.87"/></nont><nont label="MULDIVExpressionP"/><location loc="48.87--48.87"/></nont><nont label="ADDSUBExpressionP"/><location loc="48.87--48.87"/></nont><nont label="RelationalExpressionP"/><location loc="48.87--48.87"/></nont><nont label="ANDExpressionP"/><location loc="48.87--48.87"/></nont><nont label="ORXORExpressionP"/><location loc="48.87--48.87"/></nont><location loc="48.87--48.87"/></nont><location loc="48.86--48.87"/></nont><location loc="48.79--48.87"/></nont><term lexeme=";" token="SEMIC"><location loc="48.88--48.88"/></term><nont label="StatementsP"><nont label="Statement"><nont label="Expression"><nont label="ORXORExpression"><nont label="ANDExpression"><nont label="RelationalExpression"><nont label="ADDSUBExpression"><nont label="MULDIVExpression"><nont label="PrefixExpression"><nont label="PostfixExpression"><nont label="AtomicExpression"><term lexeme="t" token="IDENTIFIER"><location loc="48.90--48.90"/></term><nont label="ArgumentsOpt"/><location loc="48.90--48.90"/></nont><nont label="PostfixExpressionP"><term lexeme="[" token="LBRACKET"><location loc="48.91--48.91"/></term><nont label="Expression"><nont label="ORXORExpression"><nont label="ANDExpression"><nont label="RelationalExpression"><nont label="ADDSUBExpression"><nont label="MULDIVExpression"><nont label="PrefixExpression"><nont label="PostfixExpression"><nont label="AtomicExpression"><term lexeme="1" token="INTCONST"><location loc="48.92--48.92"/></term><location loc="48.92--48.92"/></nont><nont label="PostfixExpressionP"/><location loc="48.92--48.92"/></nont><location loc="48.92--48.92"/></nont><nont label="MULDIVExpressionP"/><location loc="48.92--48.92"/></nont><nont label="ADDSUBExpressionP"/><location loc="48.92--48.92"/></nont><nont label="RelationalExpressionP"/><location loc="48.92--48.92"/></nont><nont label="ANDExpressionP"/><location loc="48.92--48.92"/></nont><nont label="ORXORExpressionP"/><location loc="48.92--48.92"/></nont><location loc="48.92--48.92"/></nont><term lexeme="]" token="RBRACKET"><location loc="48.93--48.93"/></term><nont label="PostfixExpressionP"><term lexeme="[" token="LBRACKET"><location loc="48.94--48.94"/></term><nont label="Expression"><nont label="ORXORExpression"><nont label="ANDExpression"><nont label="RelationalExpression"><nont label="ADDSUBExpression"><nont label="MULDIVExpression"><nont label="PrefixExpression"><nont label="PostfixExpression"><nont label="AtomicExpression"><term lexeme="7" token="INTCONST"><location loc="48.95--48.95"/></term><location loc="48.95--48.95"/></nont><nont label="PostfixExpressionP"/><location loc="48.95--48.95"/></nont><location loc="48.95--48.95"/></nont><nont label="MULDIVExpressionP"/><location loc="48.95--48.95"/></nont><nont label="ADDSUBExpressionP"/><location loc="48.95--48.95"/></nont><nont label="RelationalExpressionP"/><location loc="48.95--48.95"/></nont><nont label="ANDExpressionP"/><location loc="48.95--48.95"/></nont><nont label="ORXORExpressionP"/><location loc="48.95--48.95"/></nont><location loc="48.95--48.95"/></nont><term lexeme="]" token="RBRACKET"><location loc="48.96--48.96"/></term><nont label="PostfixExpressionP"/><location loc="48.94--48.96"/></nont><location loc="48.91--48.96"/></nont><location loc="48.90--48.96"/></nont><location loc="48.90--48.96"/></nont><nont label="MULDIVExpressionP"/><location loc="48.90--48.96"/></nont><nont label="ADDSUBExpressionP"/><location loc="48.90--48.96"/></nont><nont label="RelationalExpressionP"/><location loc="48.90--48.96"/></nont><nont label="ANDExpressionP"/><location loc="48.90--48.96"/></nont><nont label="ORXORExpressionP"/><location loc="48.90--48.96"/></nont><location loc="48.90--48.96"/></nont><nont label="StatementP"><term lexeme="=" token="ASSIGN"><location loc="48.97--48.97"/></term><nont label="Expression"><nont label="ORXORExpression"><nont label="ANDExpression"><nont label="RelationalExpression"><nont label="ADDSUBExpression"><nont label="MULDIVExpression"><nont label="PrefixExpression"><nont label="PostfixExpression"><nont label="AtomicExpression"><term lexeme="0" token="INTCONST"><location loc="48.98--48.98"/></term><location loc="48.98--48.98"/></nont><nont label="PostfixExpressionP"/><location loc="48.98--48.98"/></nont><location loc="48.98--48.98"/></nont><nont label="MULDIVExpressionP"/><location loc="48.98--48.98"/></nont><nont label="ADDSUBExpressionP"/><location loc="48.98--48.98"/></nont><nont label="RelationalExpressionP"/><location loc="48.98--48.98"/></nont><nont label="ANDExpressionP"/><location loc="48.98--48.98"/></nont><nont label="ORXORExpressionP"/><location loc="48.98--48.98"/></nont><location loc="48.98--48.98"/></nont><location loc="48.97--48.98"/></nont><location loc="48.90--48.98"/></nont><term lexeme=";" token="SEMIC"><location loc="48.99--48.99"/></term><nont label="StatementsP"><nont label="Statement"><nont label="Expression"><nont label="ORXORExpression"><nont label="ANDExpression"><nont label="RelationalExpression"><nont label="ADDSUBExpression"><nont label="MULDIVExpression"><nont label="PrefixExpression"><nont label="PostfixExpression"><nont label="AtomicExpression"><term lexeme="t" token="IDENTIFIER"><location loc="48.101--48.101"/></term><nont label="ArgumentsOpt"/><location loc="48.101--48.101"/></nont><nont label="PostfixExpressionP"><term lexeme="[" token="LBRACKET"><location loc="48.102--48.102"/></term><nont label="Expression"><nont label="ORXORExpression"><nont label="ANDExpression"><nont label="RelationalExpression"><nont label="ADDSUBExpression"><nont label="MULDIVExpression"><nont label="PrefixExpression"><nont label="PostfixExpression"><nont label="AtomicExpression"><term lexeme="1" token="INTCONST"><location loc="48.103--48.103"/></term><location loc="48.103--48.103"/></nont><nont label="PostfixExpressionP"/><location loc="48.103--48.103"/></nont><location loc="48.103--48.103"/></nont><nont label="MULDIVExpressionP"/><location loc="48.103--48.103"/></nont><nont label="ADDSUBExpressionP"/><location loc="48.103--48.103"/></nont><nont label="RelationalExpressionP"/><location loc="48.103--48.103"/></nont><nont label="ANDExpressionP"/><location loc="48.103--48.103"/></nont><nont label="ORXORExpressionP"/><location loc="48.103--48.103"/></nont><location loc="48.103--48.103"/></nont><term lexeme="]" token="RBRACKET"><location loc="48.104--48.104"/></term><nont label="PostfixExpressionP"><term lexeme="[" token="LBRACKET"><location loc="48.105--48.105"/></term><nont label="Expression"><nont label="ORXORExpression"><nont label="ANDExpression"><nont label="RelationalExpression"><nont label="ADDSUBExpression"><nont label="MULDIVExpression"><nont label="PrefixExpression"><nont label="PostfixExpression"><nont label="AtomicExpression"><term lexeme="8" token="INTCONST"><location loc="48.106--48.106"/></term><location loc="48.106--48.106"/></nont><nont label="PostfixExpressionP"/><location loc="48.106--48.106"/></nont><location loc="48.106--48.106"/></nont><nont label="MULDIVExpressionP"/><location loc="48.106--48.106"/></nont><nont label="ADDSUBExpressionP"/><location loc="48.106--48.106"/></nont><nont label="RelationalExpressionP"/><location loc="48.106--48.106"/></nont><nont label="ANDExpressionP"/><location loc="48.106--48.106"/></nont><nont label="ORXORExpressionP"/><location loc="48.106--48.106"/></nont><location loc="48.106--48.106"/></nont><term lexeme="]" token="RBRACKET"><location loc="48.107--48.107"/></term><nont label="PostfixExpressionP"/><location loc="48.105--48.107"/></nont><location loc="48.102--48.107"/></nont><location loc="48.101--48.107"/></nont><location loc="48.101--48.107"/></nont><nont label="MULDIVExpressionP"/><location loc="48.101--48.107"/></nont><nont label="ADDSUBExpressionP"/><location loc="48.101--48.107"/></nont><nont label="RelationalExpressionP"/><location loc="48.101--48.107"/></nont><nont label="ANDExpressionP"/><location loc="48.101--48.107"/></nont><nont label="ORXORExpressionP"/><location loc="48.101--48.107"/></nont><location loc="48.101--48.107"/></nont><nont label="StatementP"><term lexeme="=" token="ASSIGN"><location loc="48.108--48.108"/></term><nont label="Expression"><nont label="ORXORExpression"><nont label="ANDExpression"><nont label="RelationalExpression"><nont label="ADDSUBExpression"><nont label="MULDIVExpression"><nont label="PrefixExpression"><nont label="PostfixExpression"><nont label="AtomicExpression"><term lexeme="6" token="INTCONST"><location loc="48.109--48.109"/></term><location loc="48.109--48.109"/></nont><nont label="PostfixExpressionP"/><location loc="48.109--48.109"/></nont><location loc="48.109--48.109"/></nont><nont label="MULDIVExpressionP"/><location loc="48.109--48.109"/></nont><nont label="ADDSUBExpressionP"/><location loc="48.109--48.109"/></nont><nont label="RelationalExpressionP"/><location loc="48.109--48.109"/></nont><nont label="ANDExpressionP"/><location loc="48.109--48.109"/></nont><nont label="ORXORExpressionP"/><location loc="48.109--48.109"/></nont><location loc="48.109--48.109"/></nont><location loc="48.108--48.109"/></nont><location loc="48.101--48.109"/></nont><term lexeme=";" token="SEMIC"><location loc="48.110--48.110"/></term><nont label="StatementsP"><nont label="Statement"><nont label="Expression"><nont label="ORXORExpression"><nont label="ANDExpression"><nont label="RelationalExpression"><nont label="ADDSUBExpression"><nont label="MULDIVExpression"><nont label="PrefixExpression"><nont label="PostfixExpression"><nont label="AtomicExpression"><term lexeme="t" token="IDENTIFIER"><location loc="49.9--49.9"/></term><nont label="ArgumentsOpt"/><location loc="49.9--49.9"/></nont><nont label="PostfixExpressionP"><term lexeme="[" token="LBRACKET"><location loc="49.10--49.10"/></term><nont label="Expression"><nont label="ORXORExpression"><nont label="ANDExpression"><nont label="RelationalExpression"><nont label="ADDSUBExpression"><nont label="MULDIVExpression"><nont label="PrefixExpression"><nont label="PostfixExpression"><nont label="AtomicExpression"><term lexeme="2" token="INTCONST"><location loc="49.11--49.11"/></term><location loc="49.11--49.11"/></nont><nont label="PostfixExpressionP"/><location loc="49.11--49.11"/></nont><location loc="49.11--49.11"/></nont><nont label="MULDIVExpressionP"/><location loc="49.11--49.11"/></nont><nont label="ADDSUBExpressionP"/><location loc="49.11--49.11"/></nont><nont label="RelationalExpressionP"/><location loc="49.11--49.11"/></nont><nont label="ANDExpressionP"/><location loc="49.11--49.11"/></nont><nont label="ORXORExpressionP"/><location loc="49.11--49.11"/></nont><location loc="49.11--49.11"/></nont><term lexeme="]" token="RBRACKET"><location loc="49.12--49.12"/></term><nont label="PostfixExpressionP"><term lexeme="[" token="LBRACKET"><location loc="49.13--49.13"/></term><nont label="Expression"><nont label="ORXORExpression"><nont label="ANDExpression"><nont label="RelationalExpression"><nont label="ADDSUBExpression"><nont label="MULDIVExpression"><nont label="PrefixExpression"><nont label="PostfixExpression"><nont label="AtomicExpression"><term lexeme="0" token="INTCONST"><location loc="49.14--49.14"/></term><location loc="49.14--49.14"/></nont><nont label="PostfixExpressionP"/><location loc="49.14--49.14"/></nont><location loc="49.14--49.14"/></nont><nont label="MULDIVExpressionP"/><location loc="49.14--49.14"/></nont><nont label="ADDSUBExpressionP"/><location loc="49.14--49.14"/></nont><nont label="RelationalExpressionP"/><location loc="49.14--49.14"/></nont><nont label="ANDExpressionP"/><location loc="49.14--49.14"/></nont><nont label="ORXORExpressionP"/><location loc="49.14--49.14"/></nont><location loc="49.14--49.14"/></nont><term lexeme="]" token="RBRACKET"><location loc="49.15--49.15"/></term><nont label="PostfixExpressionP"/><location loc="49.13--49.15"/></nont><location loc="49.10--49.15"/></nont><location loc="49.9--49.15"/></nont><location loc="49.9--49.15"/></nont><nont label="MULDIVExpressionP"/><location loc="49.9--49.15"/></nont><nont label="ADDSUBExpressionP"/><location loc="49.9--49.15"/></nont><nont label="RelationalExpressionP"/><location loc="49.9--49.15"/></nont><nont label="ANDExpressionP"/><location loc="49.9--49.15"/></nont><nont label="ORXORExpressionP"/><location loc="49.9--49.15"/></nont><location loc="49.9--49.15"/></nont><nont label="StatementP"><term lexeme="=" token="ASSIGN"><location loc="49.16--49.16"/></term><nont label="Expression"><nont label="ORXORExpression"><nont label="ANDExpression"><nont label="RelationalExpression"><nont label="ADDSUBExpression"><nont label="MULDIVExpression"><nont label="PrefixExpression"><nont label="PostfixExpression"><nont label="AtomicExpression"><term lexeme="8" token="INTCONST"><location loc="49.17--49.17"/></term><location loc="49.17--49.17"/></nont><nont label="PostfixExpressionP"/><location loc="49.17--49.17"/></nont><location loc="49.17--49.17"/></nont><nont label="MULDIVExpressionP"/><location loc="49.17--49.17"/></nont><nont label="ADDSUBExpressionP"/><location loc="49.17--49.17"/></nont><nont label="RelationalExpressionP"/><location loc="49.17--49.17"/></nont><nont label="ANDExpressionP"/><location loc="49.17--49.17"/></nont><nont label="ORXORExpressionP"/><location loc="49.17--49.17"/></nont><location loc="49.17--49.17"/></nont><location loc="49.16--49.17"/></nont><location loc="49.9--49.17"/></nont><term lexeme=";" token="SEMIC"><location loc="49.18--49.18"/></term><nont label="StatementsP"><nont label="Statement"><nont label="Expression"><nont label="ORXORExpression"><nont label="ANDExpression"><nont label="RelationalExpression"><nont label="ADDSUBExpression"><nont label="MULDIVExpression"><nont label="PrefixExpression"><nont label="PostfixExpression"><nont label="AtomicExpression"><term lexeme="t" token="IDENTIFIER"><location loc="49.20--49.20"/></term><nont label="ArgumentsOpt"/><location loc="49.20--49.20"/></nont><nont label="PostfixExpressionP"><term lexeme="[" token="LBRACKET"><location loc="49.21--49.21"/></term><nont label="Expression"><nont label="ORXORExpression"><nont label="ANDExpression"><nont label="RelationalExpression"><nont label="ADDSUBExpression"><nont label="MULDIVExpression"><nont label="PrefixExpression"><nont label="PostfixExpression"><nont label="AtomicExpression"><term lexeme="2" token="INTCONST"><location loc="49.22--49.22"/></term><location loc="49.22--49.22"/></nont><nont label="PostfixExpressionP"/><location loc="49.22--49.22"/></nont><location loc="49.22--49.22"/></nont><nont label="MULDIVExpressionP"/><location loc="49.22--49.22"/></nont><nont label="ADDSUBExpressionP"/><location loc="49.22--49.22"/></nont><nont label="RelationalExpressionP"/><location loc="49.22--49.22"/></nont><nont label="ANDExpressionP"/><location loc="49.22--49.22"/></nont><nont label="ORXORExpressionP"/><location loc="49.22--49.22"/></nont><location loc="49.22--49.22"/></nont><term lexeme="]" token="RBRACKET"><location loc="49.23--49.23"/></term><nont label="PostfixExpressionP"><term lexeme="[" token="LBRACKET"><location loc="49.24--49.24"/></term><nont label="Expression"><nont label="ORXORExpression"><nont label="ANDExpression"><nont label="RelationalExpression"><nont label="ADDSUBExpression"><nont label="MULDIVExpression"><nont label="PrefixExpression"><nont label="PostfixExpression"><nont label="AtomicExpression"><term lexeme="1" token="INTCONST"><location loc="49.25--49.25"/></term><location loc="49.25--49.25"/></nont><nont label="PostfixExpressionP"/><location loc="49.25--49.25"/></nont><location loc="49.25--49.25"/></nont><nont label="MULDIVExpressionP"/><location loc="49.25--49.25"/></nont><nont label="ADDSUBExpressionP"/><location loc="49.25--49.25"/></nont><nont label="RelationalExpressionP"/><location loc="49.25--49.25"/></nont><nont label="ANDExpressionP"/><location loc="49.25--49.25"/></nont><nont label="ORXORExpressionP"/><location loc="49.25--49.25"/></nont><location loc="49.25--49.25"/></nont><term lexeme="]" token="RBRACKET"><location loc="49.26--49.26"/></term><nont label="PostfixExpressionP"/><location loc="49.24--49.26"/></nont><location loc="49.21--49.26"/></nont><location loc="49.20--49.26"/></nont><location loc="49.20--49.26"/></nont><nont label="MULDIVExpressionP"/><location loc="49.20--49.26"/></nont><nont label="ADDSUBExpressionP"/><location loc="49.20--49.26"/></nont><nont label="RelationalExpressionP"/><location loc="49.20--49.26"/></nont><nont label="ANDExpressionP"/><location loc="49.20--49.26"/></nont><nont label="ORXORExpressionP"/><location loc="49.20--49.26"/></nont><location loc="49.20--49.26"/></nont><nont label="StatementP"><term lexeme="=" token="ASSIGN"><location loc="49.27--49.27"/></term><nont label="Expression"><nont label="ORXORExpression"><nont label="ANDExpression"><nont label="RelationalExpression"><nont label="ADDSUBExpression"><nont label="MULDIVExpression"><nont label="PrefixExpression"><nont label="PostfixExpression"><nont label="AtomicExpression"><term lexeme="2" token="INTCONST"><location loc="49.28--49.28"/></term><location loc="49.28--49.28"/></nont><nont label="PostfixExpressionP"/><location loc="49.28--49.28"/></nont><location loc="49.28--49.28"/></nont><nont label="MULDIVExpressionP"/><location loc="49.28--49.28"/></nont><nont label="ADDSUBExpressionP"/><location loc="49.28--49.28"/></nont><nont label="RelationalExpressionP"/><location loc="49.28--49.28"/></nont><nont label="ANDExpressionP"/><location loc="49.28--49.28"/></nont><nont label="ORXORExpressionP"/><location loc="49.28--49.28"/></nont><location loc="49.28--49.28"/></nont><location loc="49.27--49.28"/></nont><location loc="49.20--49.28"/></nont><term lexeme=";" token="SEMIC"><location loc="49.29--49.29"/></term><nont label="StatementsP"><nont label="Statement"><nont label="Expression"><nont label="ORXORExpression"><nont label="ANDExpression"><nont label="RelationalExpression"><nont label="ADDSUBExpression"><nont label="MULDIVExpression"><nont label="PrefixExpression"><nont label="PostfixExpression"><nont label="AtomicExpression"><term lexeme="t" token="IDENTIFIER"><location loc="49.31--49.31"/></term><nont label="ArgumentsOpt"/><location loc="49.31--49.31"/></nont><nont label="PostfixExpressionP"><term lexeme="[" token="LBRACKET"><location loc="49.32--49.32"/></term><nont label="Expression"><nont label="ORXORExpression"><nont label="ANDExpression"><nont label="RelationalExpression"><nont label="ADDSUBExpression"><nont label="MULDIVExpression"><nont label="PrefixExpression"><nont label="PostfixExpression"><nont label="AtomicExpression"><term lexeme="2" token="INTCONST"><location loc="49.33--49.33"/></term><location loc="49.33--49.33"/></nont><nont label="PostfixExpressionP"/><location loc="49.33--49.33"/></nont><location loc="49.33--49.33"/></nont><nont label="MULDIVExpressionP"/><location loc="49.33--49.33"/></nont><nont label="ADDSUBExpressionP"/><location loc="49.33--49.33"/></nont><nont label="RelationalExpressionP"/><location loc="49.33--49.33"/></nont><nont label="ANDExpressionP"/><location loc="49.33--49.33"/></nont><nont label="ORXORExpressionP"/><location loc="49.33--49.33"/></nont><location loc="49.33--49.33"/></nont><term lexeme="]" token="RBRACKET"><location loc="49.34--49.34"/></term><nont label="PostfixExpressionP"><term lexeme="[" token="LBRACKET"><location loc="49.35--49.35"/></term><nont label="Expression"><nont label="ORXORExpression"><nont label="ANDExpression"><nont label="RelationalExpression"><nont label="ADDSUBExpression"><nont label="MULDIVExpression"><nont label="PrefixExpression"><nont label="PostfixExpression"><nont label="AtomicExpression"><term lexeme="2" token="INTCONST"><location loc="49.36--49.36"/></term><location loc="49.36--49.36"/></nont><nont label="PostfixExpressionP"/><location loc="49.36--49.36"/></nont><location loc="49.36--49.36"/></nont><nont label="MULDIVExpressionP"/><location loc="49.36--49.36"/></nont><nont label="ADDSUBExpressionP"/><location loc="49.36--49.36"/></nont><nont label="RelationalExpressionP"/><location loc="49.36--49.36"/></nont><nont label="ANDExpressionP"/><location loc="49.36--49.36"/></nont><nont label="ORXORExpressionP"/><location loc="49.36--49.36"/></nont><location loc="49.36--49.36"/></nont><term lexeme="]" token="RBRACKET"><location loc="49.37--49.37"/></term><nont label="PostfixExpressionP"/><location loc="49.35--49.37"/></nont><location loc="49.32--49.37"/></nont><location loc="49.31--49.37"/></nont><location loc="49.31--49.37"/></nont><nont label="MULDIVExpressionP"/><location loc="49.31--49.37"/></nont><nont label="ADDSUBExpressionP"/><location loc="49.31--49.37"/></nont><nont label="RelationalExpressionP"/><location loc="49.31--49.37"/></nont><nont label="ANDExpressionP"/><location loc="49.31--49.37"/></nont><nont label="ORXORExpressionP"/><location loc="49.31--49.37"/></nont><location loc="49.31--49.37"/></nont><nont label="StatementP"><term lexeme="=" token="ASSIGN"><location loc="49.38--49.38"/></term><nont label="Expression"><nont label="ORXORExpression"><nont label="ANDExpression"><nont label="RelationalExpression"><nont label="ADDSUBExpression"><nont label="MULDIVExpression"><nont label="PrefixExpression"><nont label="PostfixExpression"><nont label="AtomicExpression"><term lexeme="0" token="INTCONST"><location loc="49.39--49.39"/></term><location loc="49.39--49.39"/></nont><nont label="PostfixExpressionP"/><location loc="49.39--49.39"/></nont><location loc="49.39--49.39"/></nont><nont label="MULDIVExpressionP"/><location loc="49.39--49.39"/></nont><nont label="ADDSUBExpressionP"/><location loc="49.39--49.39"/></nont><nont label="RelationalExpressionP"/><location loc="49.39--49.39"/></nont><nont label="ANDExpressionP"/><location loc="49.39--49.39"/></nont><nont label="ORXORExpressionP"/><location loc="49.39--49.39"/></nont><location loc="49.39--49.39"/></nont><location loc="49.38--49.39"/></nont><location loc="49.31--49.39"/></nont><term lexeme=";" token="SEMIC"><location loc="49.40--49.40"/></term><nont label="StatementsP"><nont label="Statement"><nont label="Expression"><nont label="ORXORExpression"><nont label="ANDExpression"><nont label="RelationalExpression"><nont label="ADDSUBExpression"><nont label="MULDIVExpression"><nont label="PrefixExpression"><nont label="PostfixExpression"><nont label="AtomicExpression"><term lexeme="t" token="IDENTIFIER"><location loc="49.44--49.44"/></term><nont label="ArgumentsOpt"/><location loc="49.44--49.44"/></nont><nont label="PostfixExpressionP"><term lexeme="[" token="LBRACKET"><location loc="49.45--49.45"/></term><nont label="Expression"><nont label="ORXORExpression"><nont label="ANDExpression"><nont label="RelationalExpression"><nont label="ADDSUBExpression"><nont label="MULDIVExpression"><nont label="PrefixExpression"><nont label="PostfixExpression"><nont label="AtomicExpression"><term lexeme="2" token="INTCONST"><location loc="49.46--49.46"/></term><location loc="49.46--49.46"/></nont><nont label="PostfixExpressionP"/><location loc="49.46--49.46"/></nont><location loc="49.46--49.46"/></nont><nont label="MULDIVExpressionP"/><location loc="49.46--49.46"/></nont><nont label="ADDSUBExpressionP"/><location loc="49.46--49.46"/></nont><nont label="RelationalExpressionP"/><location loc="49.46--49.46"/></nont><nont label="ANDExpressionP"/><location loc="49.46--49.46"/></nont><nont label="ORXORExpressionP"/><location loc="49.46--49.46"/></nont><location loc="49.46--49.46"/></nont><term lexeme="]" token="RBRACKET"><location loc="49.47--49.47"/></term><nont label="PostfixExpressionP"><term lexeme="[" token="LBRACKET"><location loc="49.48--49.48"/></term><nont label="Expression"><nont label="ORXORExpression"><nont label="ANDExpression"><nont label="RelationalExpression"><nont label="ADDSUBExpression"><nont label="MULDIVExpression"><nont label="PrefixExpression"><nont label="PostfixExpression"><nont label="AtomicExpression"><term lexeme="3" token="INTCONST"><location loc="49.49--49.49"/></term><location loc="49.49--49.49"/></nont><nont label="PostfixExpressionP"/><location loc="49.49--49.49"/></nont><location loc="49.49--49.49"/></nont><nont label="MULDIVExpressionP"/><location loc="49.49--49.49"/></nont><nont label="ADDSUBExpressionP"/><location loc="49.49--49.49"/></nont><nont label="RelationalExpressionP"/><location loc="49.49--49.49"/></nont><nont label="ANDExpressionP"/><location loc="49.49--49.49"/></nont><nont label="ORXORExpressionP"/><location loc="49.49--49.49"/></nont><location loc="49.49--49.49"/></nont><term lexeme="]" token="RBRACKET"><location loc="49.50--49.50"/></term><nont label="PostfixExpressionP"/><location loc="49.48--49.50"/></nont><location loc="49.45--49.50"/></nont><location loc="49.44--49.50"/></nont><location loc="49.44--49.50"/></nont><nont label="MULDIVExpressionP"/><location loc="49.44--49.50"/></nont><nont label="ADDSUBExpressionP"/><location loc="49.44--49.50"/></nont><nont label="RelationalExpressionP"/><location loc="49.44--49.50"/></nont><nont label="ANDExpressionP"/><location loc="49.44--49.50"/></nont><nont label="ORXORExpressionP"/><location loc="49.44--49.50"/></nont><location loc="49.44--49.50"/></nont><nont label="StatementP"><term lexeme="=" token="ASSIGN"><location loc="49.51--49.51"/></term><nont label="Expression"><nont label="ORXORExpression"><nont label="ANDExpression"><nont label="RelationalExpression"><nont label="ADDSUBExpression"><nont label="MULDIVExpression"><nont label="PrefixExpression"><nont label="PostfixExpression"><nont label="AtomicExpression"><term lexeme="0" token="INTCONST"><location loc="49.52--49.52"/></term><location loc="49.52--49.52"/></nont><nont label="PostfixExpressionP"/><location loc="49.52--49.52"/></nont><location loc="49.52--49.52"/></nont><nont label="MULDIVExpressionP"/><location loc="49.52--49.52"/></nont><nont label="ADDSUBExpressionP"/><location loc="49.52--49.52"/></nont><nont label="RelationalExpressionP"/><location loc="49.52--49.52"/></nont><nont label="ANDExpressionP"/><location loc="49.52--49.52"/></nont><nont label="ORXORExpressionP"/><location loc="49.52--49.52"/></nont><location loc="49.52--49.52"/></nont><location loc="49.51--49.52"/></nont><location loc="49.44--49.52"/></nont><term lexeme=";" token="SEMIC"><location loc="49.53--49.53"/></term><nont label="StatementsP"><nont label="Statement"><nont label="Expression"><nont label="ORXORExpression"><nont label="ANDExpression"><nont label="RelationalExpression"><nont label="ADDSUBExpression"><nont label="MULDIVExpression"><nont label="PrefixExpression"><nont label="PostfixExpression"><nont label="AtomicExpression"><term lexeme="t" token="IDENTIFIER"><location loc="49.55--49.55"/></term><nont label="ArgumentsOpt"/><location loc="49.55--49.55"/></nont><nont label="PostfixExpressionP"><term lexeme="[" token="LBRACKET"><location loc="49.56--49.56"/></term><nont label="Expression"><nont label="ORXORExpression"><nont label="ANDExpression"><nont label="RelationalExpression"><nont label="ADDSUBExpression"><nont label="MULDIVExpression"><nont label="PrefixExpression"><nont label="PostfixExpression"><nont label="AtomicExpression"><term lexeme="2" token="INTCONST"><location loc="49.57--49.57"/></term><location loc="49.57--49.57"/></nont><nont label="PostfixExpressionP"/><location loc="49.57--49.57"/></nont><location loc="49.57--49.57"/></nont><nont label="MULDIVExpressionP"/><location loc="49.57--49.57"/></nont><nont label="ADDSUBExpressionP"/><location loc="49.57--49.57"/></nont><nont label="RelationalExpressionP"/><location loc="49.57--49.57"/></nont><nont label="ANDExpressionP"/><location loc="49.57--49.57"/></nont><nont label="ORXORExpressionP"/><location loc="49.57--49.57"/></nont><location loc="49.57--49.57"/></nont><term lexeme="]" token="RBRACKET"><location loc="49.58--49.58"/></term><nont label="PostfixExpressionP"><term lexeme="[" token="LBRACKET"><location loc="49.59--49.59"/></term><nont label="Expression"><nont label="ORXORExpression"><nont label="ANDExpression"><nont label="RelationalExpression"><nont label="ADDSUBExpression"><nont label="MULDIVExpression"><nont label="PrefixExpression"><nont label="PostfixExpression"><nont label="AtomicExpression"><term lexeme="4" token="INTCONST"><location loc="49.60--49.60"/></term><location loc="49.60--49.60"/></nont><nont label="PostfixExpressionP"/><location loc="49.60--49.60"/></nont><location loc="49.60--49.60"/></nont><nont label="MULDIVExpressionP"/><location loc="49.60--49.60"/></nont><nont label="ADDSUBExpressionP"/><location loc="49.60--49.60"/></nont><nont label="RelationalExpressionP"/><location loc="49.60--49.60"/></nont><nont label="ANDExpressionP"/><location loc="49.60--49.60"/></nont><nont label="ORXORExpressionP"/><location loc="49.60--49.60"/></nont><location loc="49.60--49.60"/></nont><term lexeme="]" token="RBRACKET"><location loc="49.61--49.61"/></term><nont label="PostfixExpressionP"/><location loc="49.59--49.61"/></nont><location loc="49.56--49.61"/></nont><location loc="49.55--49.61"/></nont><location loc="49.55--49.61"/></nont><nont label="MULDIVExpressionP"/><location loc="49.55--49.61"/></nont><nont label="ADDSUBExpressionP"/><location loc="49.55--49.61"/></nont><nont label="RelationalExpressionP"/><location loc="49.55--49.61"/></nont><nont label="ANDExpressionP"/><location loc="49.55--49.61"/></nont><nont label="ORXORExpressionP"/><location loc="49.55--49.61"/></nont><location loc="49.55--49.61"/></nont><nont label="StatementP"><term lexeme="=" token="ASSIGN"><location loc="49.62--49.62"/></term><nont label="Expression"><nont label="ORXORExpression"><nont label="ANDExpression"><nont label="RelationalExpression"><nont label="ADDSUBExpression"><nont label="MULDIVExpression"><nont label="PrefixExpression"><nont label="PostfixExpression"><nont label="AtomicExpression"><term lexeme="9" token="INTCONST"><location loc="49.63--49.63"/></term><location loc="49.63--49.63"/></nont><nont label="PostfixExpressionP"/><location loc="49.63--49.63"/></nont><location loc="49.63--49.63"/></nont><nont label="MULDIVExpressionP"/><location loc="49.63--49.63"/></nont><nont label="ADDSUBExpressionP"/><location loc="49.63--49.63"/></nont><nont label="RelationalExpressionP"/><location loc="49.63--49.63"/></nont><nont label="ANDExpressionP"/><location loc="49.63--49.63"/></nont><nont label="ORXORExpressionP"/><location loc="49.63--49.63"/></nont><location loc="49.63--49.63"/></nont><location loc="49.62--49.63"/></nont><location loc="49.55--49.63"/></nont><term lexeme=";" token="SEMIC"><location loc="49.64--49.64"/></term><nont label="StatementsP"><nont label="Statement"><nont label="Expression"><nont label="ORXORExpression"><nont label="ANDExpression"><nont label="RelationalExpression"><nont label="ADDSUBExpression"><nont label="MULDIVExpression"><nont label="PrefixExpression"><nont label="PostfixExpression"><nont label="AtomicExpression"><term lexeme="t" token="IDENTIFIER"><location loc="49.66--49.66"/></term><nont label="ArgumentsOpt"/><location loc="49.66--49.66"/></nont><nont label="PostfixExpressionP"><term lexeme="[" token="LBRACKET"><location loc="49.67--49.67"/></term><nont label="Expression"><nont label="ORXORExpression"><nont label="ANDExpression"><nont label="RelationalExpression"><nont label="ADDSUBExpression"><nont label="MULDIVExpression"><nont label="PrefixExpression"><nont label="PostfixExpression"><nont label="AtomicExpression"><term lexeme="2" token="INTCONST"><location loc="49.68--49.68"/></term><location loc="49.68--49.68"/></nont><nont label="PostfixExpressionP"/><location loc="49.68--49.68"/></nont><location loc="49.68--49.68"/></nont><nont label="MULDIVExpressionP"/><location loc="49.68--49.68"/></nont><nont label="ADDSUBExpressionP"/><location loc="49.68--49.68"/></nont><nont label="RelationalExpressionP"/><location loc="49.68--49.68"/></nont><nont label="ANDExpressionP"/><location loc="49.68--49.68"/></nont><nont label="ORXORExpressionP"/><location loc="49.68--49.68"/></nont><location loc="49.68--49.68"/></nont><term lexeme="]" token="RBRACKET"><location loc="49.69--49.69"/></term><nont label="PostfixExpressionP"><term lexeme="[" token="LBRACKET"><location loc="49.70--49.70"/></term><nont label="Expression"><nont label="ORXORExpression"><nont label="ANDExpression"><nont label="RelationalExpression"><nont label="ADDSUBExpression"><nont label="MULDIVExpression"><nont label="PrefixExpression"><nont label="PostfixExpression"><nont label="AtomicExpression"><term lexeme="5" token="INTCONST"><location loc="49.71--49.71"/></term><location loc="49.71--49.71"/></nont><nont label="PostfixExpressionP"/><location loc="49.71--49.71"/></nont><location loc="49.71--49.71"/></nont><nont label="MULDIVExpressionP"/><location loc="49.71--49.71"/></nont><nont label="ADDSUBExpressionP"/><location loc="49.71--49.71"/></nont><nont label="RelationalExpressionP"/><location loc="49.71--49.71"/></nont><nont label="ANDExpressionP"/><location loc="49.71--49.71"/></nont><nont label="ORXORExpressionP"/><location loc="49.71--49.71"/></nont><location loc="49.71--49.71"/></nont><term lexeme="]" token="RBRACKET"><location loc="49.72--49.72"/></term><nont label="PostfixExpressionP"/><location loc="49.70--49.72"/></nont><location loc="49.67--49.72"/></nont><location loc="49.66--49.72"/></nont><location loc="49.66--49.72"/></nont><nont label="MULDIVExpressionP"/><location loc="49.66--49.72"/></nont><nont label="ADDSUBExpressionP"/><location loc="49.66--49.72"/></nont><nont label="RelationalExpressionP"/><location loc="49.66--49.72"/></nont><nont label="ANDExpressionP"/><location loc="49.66--49.72"/></nont><nont label="ORXORExpressionP"/><location loc="49.66--49.72"/></nont><location loc="49.66--49.72"/></nont><nont label="StatementP"><term lexeme="=" token="ASSIGN"><location loc="49.73--49.73"/></term><nont label="Expression"><nont label="ORXORExpression"><nont label="ANDExpression"><nont label="RelationalExpression"><nont label="ADDSUBExpression"><nont label="MULDIVExpression"><nont label="PrefixExpression"><nont label="PostfixExpression"><nont label="AtomicExpression"><term lexeme="0" token="INTCONST"><location loc="49.74--49.74"/></term><location loc="49.74--49.74"/></nont><nont label="PostfixExpressionP"/><location loc="49.74--49.74"/></nont><location loc="49.74--49.74"/></nont><nont label="MULDIVExpressionP"/><location loc="49.74--49.74"/></nont><nont label="ADDSUBExpressionP"/><location loc="49.74--49.74"/></nont><nont label="RelationalExpressionP"/><location loc="49.74--49.74"/></nont><nont label="ANDExpressionP"/><location loc="49.74--49.74"/></nont><nont label="ORXORExpressionP"/><location loc="49.74--49.74"/></nont><location loc="49.74--49.74"/></nont><location loc="49.73--49.74"/></nont><location loc="49.66--49.74"/></nont><term lexeme=";" token="SEMIC"><location loc="49.75--49.75"/></term><nont label="StatementsP"><nont label="Statement"><nont label="Expression"><nont label="ORXORExpression"><nont label="ANDExpression"><nont label="RelationalExpression"><nont label="ADDSUBExpression"><nont label="MULDIVExpression"><nont label="PrefixExpression"><nont label="PostfixExpression"><nont label="AtomicExpression"><term lexeme="t" token="IDENTIFIER"><location loc="49.79--49.79"/></term><nont label="ArgumentsOpt"/><location loc="49.79--49.79"/></nont><nont label="PostfixExpressionP"><term lexeme="[" token="LBRACKET"><location loc="49.80--49.80"/></term><nont label="Expression"><nont label="ORXORExpression"><nont label="ANDExpression"><nont label="RelationalExpression"><nont label="ADDSUBExpression"><nont label="MULDIVExpression"><nont label="PrefixExpression"><nont label="PostfixExpression"><nont label="AtomicExpression"><term lexeme="2" token="INTCONST"><location loc="49.81--49.81"/></term><location loc="49.81--49.81"/></nont><nont label="PostfixExpressionP"/><location loc="49.81--49.81"/></nont><location loc="49.81--49.81"/></nont><nont label="MULDIVExpressionP"/><location loc="49.81--49.81"/></nont><nont label="ADDSUBExpressionP"/><location loc="49.81--49.81"/></nont><nont label="RelationalExpressionP"/><location loc="49.81--49.81"/></nont><nont label="ANDExpressionP"/><location loc="49.81--49.81"/></nont><nont label="ORXORExpressionP"/><location loc="49.81--49.81"/></nont><location loc="49.81--49.81"/></nont><term lexeme="]" token="RBRACKET"><location loc="49.82--49.82"/></term><nont label="PostfixExpressionP"><term lexeme="[" token="LBRACKET"><location loc="49.83--49.83"/></term><nont label="Expression"><nont label="ORXORExpression"><nont label="ANDExpression"><nont label="RelationalExpression"><nont label="ADDSUBExpression"><nont label="MULDIVExpression"><nont label="PrefixExpression"><nont label="PostfixExpression"><nont label="AtomicExpression"><term lexeme="6" token="INTCONST"><location loc="49.84--49.84"/></term><location loc="49.84--49.84"/></nont><nont label="PostfixExpressionP"/><location loc="49.84--49.84"/></nont><location loc="49.84--49.84"/></nont><nont label="MULDIVExpressionP"/><location loc="49.84--49.84"/></nont><nont label="ADDSUBExpressionP"/><location loc="49.84--49.84"/></nont><nont label="RelationalExpressionP"/><location loc="49.84--49.84"/></nont><nont label="ANDExpressionP"/><location loc="49.84--49.84"/></nont><nont label="ORXORExpressionP"/><location loc="49.84--49.84"/></nont><location loc="49.84--49.84"/></nont><term lexeme="]" token="RBRACKET"><location loc="49.85--49.85"/></term><nont label="PostfixExpressionP"/><location loc="49.83--49.85"/></nont><location loc="49.80--49.85"/></nont><location loc="49.79--49.85"/></nont><location loc="49.79--49.85"/></nont><nont label="MULDIVExpressionP"/><location loc="49.79--49.85"/></nont><nont label="ADDSUBExpressionP"/><location loc="49.79--49.85"/></nont><nont label="RelationalExpressionP"/><location loc="49.79--49.85"/></nont><nont label="ANDExpressionP"/><location loc="49.79--49.85"/></nont><nont label="ORXORExpressionP"/><location loc="49.79--49.85"/></nont><location loc="49.79--49.85"/></nont><nont label="StatementP"><term lexeme="=" token="ASSIGN"><location loc="49.86--49.86"/></term><nont label="Expression"><nont label="ORXORExpression"><nont label="ANDExpression"><nont label="RelationalExpression"><nont label="ADDSUBExpression"><nont label="MULDIVExpression"><nont label="PrefixExpression"><nont label="PostfixExpression"><nont label="AtomicExpression"><term lexeme="0" token="INTCONST"><location loc="49.87--49.87"/></term><location loc="49.87--49.87"/></nont><nont label="PostfixExpressionP"/><location loc="49.87--49.87"/></nont><location loc="49.87--49.87"/></nont><nont label="MULDIVExpressionP"/><location loc="49.87--49.87"/></nont><nont label="ADDSUBExpressionP"/><location loc="49.87--49.87"/></nont><nont label="RelationalExpressionP"/><location loc="49.87--49.87"/></nont><nont label="ANDExpressionP"/><location loc="49.87--49.87"/></nont><nont label="ORXORExpressionP"/><location loc="49.87--49.87"/></nont><location loc="49.87--49.87"/></nont><location loc="49.86--49.87"/></nont><location loc="49.79--49.87"/></nont><term lexeme=";" token="SEMIC"><location loc="49.88--49.88"/></term><nont label="StatementsP"><nont label="Statement"><nont label="Expression"><nont label="ORXORExpression"><nont label="ANDExpression"><nont label="RelationalExpression"><nont label="ADDSUBExpression"><nont label="MULDIVExpression"><nont label="PrefixExpression"><nont label="PostfixExpression"><nont label="AtomicExpression"><term lexeme="t" token="IDENTIFIER"><location loc="49.90--49.90"/></term><nont label="ArgumentsOpt"/><location loc="49.90--49.90"/></nont><nont label="PostfixExpressionP"><term lexeme="[" token="LBRACKET"><location loc="49.91--49.91"/></term><nont label="Expression"><nont label="ORXORExpression"><nont label="ANDExpression"><nont label="RelationalExpression"><nont label="ADDSUBExpression"><nont label="MULDIVExpression"><nont label="PrefixExpression"><nont label="PostfixExpression"><nont label="AtomicExpression"><term lexeme="2" token="INTCONST"><location loc="49.92--49.92"/></term><location loc="49.92--49.92"/></nont><nont label="PostfixExpressionP"/><location loc="49.92--49.92"/></nont><location loc="49.92--49.92"/></nont><nont label="MULDIVExpressionP"/><location loc="49.92--49.92"/></nont><nont label="ADDSUBExpressionP"/><location loc="49.92--49.92"/></nont><nont label="RelationalExpressionP"/><location loc="49.92--49.92"/></nont><nont label="ANDExpressionP"/><location loc="49.92--49.92"/></nont><nont label="ORXORExpressionP"/><location loc="49.92--49.92"/></nont><location loc="49.92--49.92"/></nont><term lexeme="]" token="RBRACKET"><location loc="49.93--49.93"/></term><nont label="PostfixExpressionP"><term lexeme="[" token="LBRACKET"><location loc="49.94--49.94"/></term><nont label="Expression"><nont label="ORXORExpression"><nont label="ANDExpression"><nont label="RelationalExpression"><nont label="ADDSUBExpression"><nont label="MULDIVExpression"><nont label="PrefixExpression"><nont label="PostfixExpression"><nont label="AtomicExpression"><term lexeme="7" token="INTCONST"><location loc="49.95--49.95"/></term><location loc="49.95--49.95"/></nont><nont label="PostfixExpressionP"/><location loc="49.95--49.95"/></nont><location loc="49.95--49.95"/></nont><nont label="MULDIVExpressionP"/><location loc="49.95--49.95"/></nont><nont label="ADDSUBExpressionP"/><location loc="49.95--49.95"/></nont><nont label="RelationalExpressionP"/><location loc="49.95--49.95"/></nont><nont label="ANDExpressionP"/><location loc="49.95--49.95"/></nont><nont label="ORXORExpressionP"/><location loc="49.95--49.95"/></nont><location loc="49.95--49.95"/></nont><term lexeme="]" token="RBRACKET"><location loc="49.96--49.96"/></term><nont label="PostfixExpressionP"/><location loc="49.94--49.96"/></nont><location loc="49.91--49.96"/></nont><location loc="49.90--49.96"/></nont><location loc="49.90--49.96"/></nont><nont label="MULDIVExpressionP"/><location loc="49.90--49.96"/></nont><nont label="ADDSUBExpressionP"/><location loc="49.90--49.96"/></nont><nont label="RelationalExpressionP"/><location loc="49.90--49.96"/></nont><nont label="ANDExpressionP"/><location loc="49.90--49.96"/></nont><nont label="ORXORExpressionP"/><location loc="49.90--49.96"/></nont><location loc="49.90--49.96"/></nont><nont label="StatementP"><term lexeme="=" token="ASSIGN"><location loc="49.97--49.97"/></term><nont label="Expression"><nont label="ORXORExpression"><nont label="ANDExpression"><nont label="RelationalExpression"><nont label="ADDSUBExpression"><nont label="MULDIVExpression"><nont label="PrefixExpression"><nont label="PostfixExpression"><nont label="AtomicExpression"><term lexeme="0" token="INTCONST"><location loc="49.98--49.98"/></term><location loc="49.98--49.98"/></nont><nont label="PostfixExpressionP"/><location loc="49.98--49.98"/></nont><location loc="49.98--49.98"/></nont><nont label="MULDIVExpressionP"/><location loc="49.98--49.98"/></nont><nont label="ADDSUBExpressionP"/><location loc="49.98--49.98"/></nont><nont label="RelationalExpressionP"/><location loc="49.98--49.98"/></nont><nont label="ANDExpressionP"/><location loc="49.98--49.98"/></nont><nont label="ORXORExpressionP"/><location loc="49.98--49.98"/></nont><location loc="49.98--49.98"/></nont><location loc="49.97--49.98"/></nont><location loc="49.90--49.98"/></nont><term lexeme=";" token="SEMIC"><location loc="49.99--49.99"/></term><nont label="StatementsP"><nont label="Statement"><nont label="Expression"><nont label="ORXORExpression"><nont label="ANDExpression"><nont label="RelationalExpression"><nont label="ADDSUBExpression"><nont label="MULDIVExpression"><nont label="PrefixExpression"><nont label="PostfixExpression"><nont label="AtomicExpression"><term lexeme="t" token="IDENTIFIER"><location loc="49.101--49.101"/></term><nont label="ArgumentsOpt"/><location loc="49.101--49.101"/></nont><nont label="PostfixExpressionP"><term lexeme="[" token="LBRACKET"><location loc="49.102--49.102"/></term><nont label="Expression"><nont label="ORXORExpression"><nont label="ANDExpression"><nont label="RelationalExpression"><nont label="ADDSUBExpression"><nont label="MULDIVExpression"><nont label="PrefixExpression"><nont label="PostfixExpression"><nont label="AtomicExpression"><term lexeme="2" token="INTCONST"><location loc="49.103--49.103"/></term><location loc="49.103--49.103"/></nont><nont label="PostfixExpressionP"/><location loc="49.103--49.103"/></nont><location loc="49.103--49.103"/></nont><nont label="MULDIVExpressionP"/><location loc="49.103--49.103"/></nont><nont label="ADDSUBExpressionP"/><location loc="49.103--49.103"/></nont><nont label="RelationalExpressionP"/><location loc="49.103--49.103"/></nont><nont label="ANDExpressionP"/><location loc="49.103--49.103"/></nont><nont label="ORXORExpressionP"/><location loc="49.103--49.103"/></nont><location loc="49.103--49.103"/></nont><term lexeme="]" token="RBRACKET"><location loc="49.104--49.104"/></term><nont label="PostfixExpressionP"><term lexeme="[" token="LBRACKET"><location loc="49.105--49.105"/></term><nont label="Expression"><nont label="ORXORExpression"><nont label="ANDExpression"><nont label="RelationalExpression"><nont label="ADDSUBExpression"><nont label="MULDIVExpression"><nont label="PrefixExpression"><nont label="PostfixExpression"><nont label="AtomicExpression"><term lexeme="8" token="INTCONST"><location loc="49.106--49.106"/></term><location loc="49.106--49.106"/></nont><nont label="PostfixExpressionP"/><location loc="49.106--49.106"/></nont><location loc="49.106--49.106"/></nont><nont label="MULDIVExpressionP"/><location loc="49.106--49.106"/></nont><nont label="ADDSUBExpressionP"/><location loc="49.106--49.106"/></nont><nont label="RelationalExpressionP"/><location loc="49.106--49.106"/></nont><nont label="ANDExpressionP"/><location loc="49.106--49.106"/></nont><nont label="ORXORExpressionP"/><location loc="49.106--49.106"/></nont><location loc="49.106--49.106"/></nont><term lexeme="]" token="RBRACKET"><location loc="49.107--49.107"/></term><nont label="PostfixExpressionP"/><location loc="49.105--49.107"/></nont><location loc="49.102--49.107"/></nont><location loc="49.101--49.107"/></nont><location loc="49.101--49.107"/></nont><nont label="MULDIVExpressionP"/><location loc="49.101--49.107"/></nont><nont label="ADDSUBExpressionP"/><location loc="49.101--49.107"/></nont><nont label="RelationalExpressionP"/><location loc="49.101--49.107"/></nont><nont label="ANDExpressionP"/><location loc="49.101--49.107"/></nont><nont label="ORXORExpressionP"/><location loc="49.101--49.107"/></nont><location loc="49.101--49.107"/></nont><nont label="StatementP"><term lexeme="=" token="ASSIGN"><location loc="49.108--49.108"/></term><nont label="Expression"><nont label="ORXORExpression"><nont label="ANDExpression"><nont label="RelationalExpression"><nont label="ADDSUBExpression"><nont label="MULDIVExpression"><nont label="PrefixExpression"><nont label="PostfixExpression"><nont label="AtomicExpression"><term lexeme="0" token="INTCONST"><location loc="49.109--49.109"/></term><location loc="49.109--49.109"/></nont><nont label="PostfixExpressionP"/><location loc="49.109--49.109"/></nont><location loc="49.109--49.109"/></nont><nont label="MULDIVExpressionP"/><location loc="49.109--49.109"/></nont><nont label="ADDSUBExpressionP"/><location loc="49.109--49.109"/></nont><nont label="RelationalExpressionP"/><location loc="49.109--49.109"/></nont><nont label="ANDExpressionP"/><location loc="49.109--49.109"/></nont><nont label="ORXORExpressionP"/><location loc="49.109--49.109"/></nont><location loc="49.109--49.109"/></nont><location loc="49.108--49.109"/></nont><location loc="49.101--49.109"/></nont><term lexeme=";" token="SEMIC"><location loc="49.110--49.110"/></term><nont label="StatementsP"><nont label="Statement"><nont label="Expression"><nont label="ORXORExpression"><nont label="ANDExpression"><nont label="RelationalExpression"><nont label="ADDSUBExpression"><nont label="MULDIVExpression"><nont label="PrefixExpression"><nont label="PostfixExpression"><nont label="AtomicExpression"><term lexeme="t" token="IDENTIFIER"><location loc="51.9--51.9"/></term><nont label="ArgumentsOpt"/><location loc="51.9--51.9"/></nont><nont label="PostfixExpressionP"><term lexeme="[" token="LBRACKET"><location loc="51.10--51.10"/></term><nont label="Expression"><nont label="ORXORExpression"><nont label="ANDExpression"><nont label="RelationalExpression"><nont label="ADDSUBExpression"><nont label="MULDIVExpression"><nont label="PrefixExpression"><nont label="PostfixExpression"><nont label="AtomicExpression"><term lexeme="3" token="INTCONST"><location loc="51.11--51.11"/></term><location loc="51.11--51.11"/></nont><nont label="PostfixExpressionP"/><location loc="51.11--51.11"/></nont><location loc="51.11--51.11"/></nont><nont label="MULDIVExpressionP"/><location loc="51.11--51.11"/></nont><nont label="ADDSUBExpressionP"/><location loc="51.11--51.11"/></nont><nont label="RelationalExpressionP"/><location loc="51.11--51.11"/></nont><nont label="ANDExpressionP"/><location loc="51.11--51.11"/></nont><nont label="ORXORExpressionP"/><location loc="51.11--51.11"/></nont><location loc="51.11--51.11"/></nont><term lexeme="]" token="RBRACKET"><location loc="51.12--51.12"/></term><nont label="PostfixExpressionP"><term lexeme="[" token="LBRACKET"><location loc="51.13--51.13"/></term><nont label="Expression"><nont label="ORXORExpression"><nont label="ANDExpression"><nont label="RelationalExpression"><nont label="ADDSUBExpression"><nont label="MULDIVExpression"><nont label="PrefixExpression"><nont label="PostfixExpression"><nont label="AtomicExpression"><term lexeme="0" token="INTCONST"><location loc="51.14--51.14"/></term><location loc="51.14--51.14"/></nont><nont label="PostfixExpressionP"/><location loc="51.14--51.14"/></nont><location loc="51.14--51.14"/></nont><nont label="MULDIVExpressionP"/><location loc="51.14--51.14"/></nont><nont label="ADDSUBExpressionP"/><location loc="51.14--51.14"/></nont><nont label="RelationalExpressionP"/><location loc="51.14--51.14"/></nont><nont label="ANDExpressionP"/><location loc="51.14--51.14"/></nont><nont label="ORXORExpressionP"/><location loc="51.14--51.14"/></nont><location loc="51.14--51.14"/></nont><term lexeme="]" token="RBRACKET"><location loc="51.15--51.15"/></term><nont label="PostfixExpressionP"/><location loc="51.13--51.15"/></nont><location loc="51.10--51.15"/></nont><location loc="51.9--51.15"/></nont><location loc="51.9--51.15"/></nont><nont label="MULDIVExpressionP"/><location loc="51.9--51.15"/></nont><nont label="ADDSUBExpressionP"/><location loc="51.9--51.15"/></nont><nont label="RelationalExpressionP"/><location loc="51.9--51.15"/></nont><nont label="ANDExpressionP"/><location loc="51.9--51.15"/></nont><nont label="ORXORExpressionP"/><location loc="51.9--51.15"/></nont><location loc="51.9--51.15"/></nont><nont label="StatementP"><term lexeme="=" token="ASSIGN"><location loc="51.16--51.16"/></term><nont label="Expression"><nont label="ORXORExpression"><nont label="ANDExpression"><nont label="RelationalExpression"><nont label="ADDSUBExpression"><nont label="MULDIVExpression"><nont label="PrefixExpression"><nont label="PostfixExpression"><nont label="AtomicExpression"><term lexeme="0" token="INTCONST"><location loc="51.17--51.17"/></term><location loc="51.17--51.17"/></nont><nont label="PostfixExpressionP"/><location loc="51.17--51.17"/></nont><location loc="51.17--51.17"/></nont><nont label="MULDIVExpressionP"/><location loc="51.17--51.17"/></nont><nont label="ADDSUBExpressionP"/><location loc="51.17--51.17"/></nont><nont label="RelationalExpressionP"/><location loc="51.17--51.17"/></nont><nont label="ANDExpressionP"/><location loc="51.17--51.17"/></nont><nont label="ORXORExpressionP"/><location loc="51.17--51.17"/></nont><location loc="51.17--51.17"/></nont><location loc="51.16--51.17"/></nont><location loc="51.9--51.17"/></nont><term lexeme=";" token="SEMIC"><location loc="51.18--51.18"/></term><nont label="StatementsP"><nont label="Statement"><nont label="Expression"><nont label="ORXORExpression"><nont label="ANDExpression"><nont label="RelationalExpression"><nont label="ADDSUBExpression"><nont label="MULDIVExpression"><nont label="PrefixExpression"><nont label="PostfixExpression"><nont label="AtomicExpression"><term lexeme="t" token="IDENTIFIER"><location loc="51.20--51.20"/></term><nont label="ArgumentsOpt"/><location loc="51.20--51.20"/></nont><nont label="PostfixExpressionP"><term lexeme="[" token="LBRACKET"><location loc="51.21--51.21"/></term><nont label="Expression"><nont label="ORXORExpression"><nont label="ANDExpression"><nont label="RelationalExpression"><nont label="ADDSUBExpression"><nont label="MULDIVExpression"><nont label="PrefixExpression"><nont label="PostfixExpression"><nont label="AtomicExpression"><term lexeme="3" token="INTCONST"><location loc="51.22--51.22"/></term><location loc="51.22--51.22"/></nont><nont label="PostfixExpressionP"/><location loc="51.22--51.22"/></nont><location loc="51.22--51.22"/></nont><nont label="MULDIVExpressionP"/><location loc="51.22--51.22"/></nont><nont label="ADDSUBExpressionP"/><location loc="51.22--51.22"/></nont><nont label="RelationalExpressionP"/><location loc="51.22--51.22"/></nont><nont label="ANDExpressionP"/><location loc="51.22--51.22"/></nont><nont label="ORXORExpressionP"/><location loc="51.22--51.22"/></nont><location loc="51.22--51.22"/></nont><term lexeme="]" token="RBRACKET"><location loc="51.23--51.23"/></term><nont label="PostfixExpressionP"><term lexeme="[" token="LBRACKET"><location loc="51.24--51.24"/></term><nont label="Expression"><nont label="ORXORExpression"><nont label="ANDExpression"><nont label="RelationalExpression"><nont label="ADDSUBExpression"><nont label="MULDIVExpression"><nont label="PrefixExpression"><nont label="PostfixExpression"><nont label="AtomicExpression"><term lexeme="1" token="INTCONST"><location loc="51.25--51.25"/></term><location loc="51.25--51.25"/></nont><nont label="PostfixExpressionP"/><location loc="51.25--51.25"/></nont><location loc="51.25--51.25"/></nont><nont label="MULDIVExpressionP"/><location loc="51.25--51.25"/></nont><nont label="ADDSUBExpressionP"/><location loc="51.25--51.25"/></nont><nont label="RelationalExpressionP"/><location loc="51.25--51.25"/></nont><nont label="ANDExpressionP"/><location loc="51.25--51.25"/></nont><nont label="ORXORExpressionP"/><location loc="51.25--51.25"/></nont><location loc="51.25--51.25"/></nont><term lexeme="]" token="RBRACKET"><location loc="51.26--51.26"/></term><nont label="PostfixExpressionP"/><location loc="51.24--51.26"/></nont><location loc="51.21--51.26"/></nont><location loc="51.20--51.26"/></nont><location loc="51.20--51.26"/></nont><nont label="MULDIVExpressionP"/><location loc="51.20--51.26"/></nont><nont label="ADDSUBExpressionP"/><location loc="51.20--51.26"/></nont><nont label="RelationalExpressionP"/><location loc="51.20--51.26"/></nont><nont label="ANDExpressionP"/><location loc="51.20--51.26"/></nont><nont label="ORXORExpressionP"/><location loc="51.20--51.26"/></nont><location loc="51.20--51.26"/></nont><nont label="StatementP"><term lexeme="=" token="ASSIGN"><location loc="51.27--51.27"/></term><nont label="Expression"><nont label="ORXORExpression"><nont label="ANDExpression"><nont label="RelationalExpression"><nont label="ADDSUBExpression"><nont label="MULDIVExpression"><nont label="PrefixExpression"><nont label="PostfixExpression"><nont label="AtomicExpression"><term lexeme="1" token="INTCONST"><location loc="51.28--51.28"/></term><location loc="51.28--51.28"/></nont><nont label="PostfixExpressionP"/><location loc="51.28--51.28"/></nont><location loc="51.28--51.28"/></nont><nont label="MULDIVExpressionP"/><location loc="51.28--51.28"/></nont><nont label="ADDSUBExpressionP"/><location loc="51.28--51.28"/></nont><nont label="RelationalExpressionP"/><location loc="51.28--51.28"/></nont><nont label="ANDExpressionP"/><location loc="51.28--51.28"/></nont><nont label="ORXORExpressionP"/><location loc="51.28--51.28"/></nont><location loc="51.28--51.28"/></nont><location loc="51.27--51.28"/></nont><location loc="51.20--51.28"/></nont><term lexeme=";" token="SEMIC"><location loc="51.29--51.29"/></term><nont label="StatementsP"><nont label="Statement"><nont label="Expression"><nont label="ORXORExpression"><nont label="ANDExpression"><nont label="RelationalExpression"><nont label="ADDSUBExpression"><nont label="MULDIVExpression"><nont label="PrefixExpression"><nont label="PostfixExpression"><nont label="AtomicExpression"><term lexeme="t" token="IDENTIFIER"><location loc="51.31--51.31"/></term><nont label="ArgumentsOpt"/><location loc="51.31--51.31"/></nont><nont label="PostfixExpressionP"><term lexeme="[" token="LBRACKET"><location loc="51.32--51.32"/></term><nont label="Expression"><nont label="ORXORExpression"><nont label="ANDExpression"><nont label="RelationalExpression"><nont label="ADDSUBExpression"><nont label="MULDIVExpression"><nont label="PrefixExpression"><nont label="PostfixExpression"><nont label="AtomicExpression"><term lexeme="3" token="INTCONST"><location loc="51.33--51.33"/></term><location loc="51.33--51.33"/></nont><nont label="PostfixExpressionP"/><location loc="51.33--51.33"/></nont><location loc="51.33--51.33"/></nont><nont label="MULDIVExpressionP"/><location loc="51.33--51.33"/></nont><nont label="ADDSUBExpressionP"/><location loc="51.33--51.33"/></nont><nont label="RelationalExpressionP"/><location loc="51.33--51.33"/></nont><nont label="ANDExpressionP"/><location loc="51.33--51.33"/></nont><nont label="ORXORExpressionP"/><location loc="51.33--51.33"/></nont><location loc="51.33--51.33"/></nont><term lexeme="]" token="RBRACKET"><location loc="51.34--51.34"/></term><nont label="PostfixExpressionP"><term lexeme="[" token="LBRACKET"><location loc="51.35--51.35"/></term><nont label="Expression"><nont label="ORXORExpression"><nont label="ANDExpression"><nont label="RelationalExpression"><nont label="ADDSUBExpression"><nont label="MULDIVExpression"><nont label="PrefixExpression"><nont label="PostfixExpression"><nont label="AtomicExpression"><term lexeme="2" token="INTCONST"><location loc="51.36--51.36"/></term><location loc="51.36--51.36"/></nont><nont label="PostfixExpressionP"/><location loc="51.36--51.36"/></nont><location loc="51.36--51.36"/></nont><nont label="MULDIVExpressionP"/><location loc="51.36--51.36"/></nont><nont label="ADDSUBExpressionP"/><location loc="51.36--51.36"/></nont><nont label="RelationalExpressionP"/><location loc="51.36--51.36"/></nont><nont label="ANDExpressionP"/><location loc="51.36--51.36"/></nont><nont label="ORXORExpressionP"/><location loc="51.36--51.36"/></nont><location loc="51.36--51.36"/></nont><term lexeme="]" token="RBRACKET"><location loc="51.37--51.37"/></term><nont label="PostfixExpressionP"/><location loc="51.35--51.37"/></nont><location loc="51.32--51.37"/></nont><location loc="51.31--51.37"/></nont><location loc="51.31--51.37"/></nont><nont label="MULDIVExpressionP"/><location loc="51.31--51.37"/></nont><nont label="ADDSUBExpressionP"/><location loc="51.31--51.37"/></nont><nont label="RelationalExpressionP"/><location loc="51.31--51.37"/></nont><nont label="ANDExpressionP"/><location loc="51.31--51.37"/></nont><nont label="ORXORExpressionP"/><location loc="51.31--51.37"/></nont><location loc="51.31--51.37"/></nont><nont label="StatementP"><term lexeme="=" token="ASSIGN"><location loc="51.38--51.38"/></term><nont label="Expression"><nont label="ORXORExpression"><nont label="ANDExpression"><nont label="RelationalExpression"><nont label="ADDSUBExpression"><nont label="MULDIVExpression"><nont label="PrefixExpression"><nont label="PostfixExpression"><nont label="AtomicExpression"><term lexeme="4" token="INTCONST"><location loc="51.39--51.39"/></term><location loc="51.39--51.39"/></nont><nont label="PostfixExpressionP"/><location loc="51.39--51.39"/></nont><location loc="51.39--51.39"/></nont><nont label="MULDIVExpressionP"/><location loc="51.39--51.39"/></nont><nont label="ADDSUBExpressionP"/><location loc="51.39--51.39"/></nont><nont label="RelationalExpressionP"/><location loc="51.39--51.39"/></nont><nont label="ANDExpressionP"/><location loc="51.39--51.39"/></nont><nont label="ORXORExpressionP"/><location loc="51.39--51.39"/></nont><location loc="51.39--51.39"/></nont><location loc="51.38--51.39"/></nont><location loc="51.31--51.39"/></nont><term lexeme=";" token="SEMIC"><location loc="51.40--51.40"/></term><nont label="StatementsP"><nont label="Statement"><nont label="Expression"><nont label="ORXORExpression"><nont label="ANDExpression"><nont label="RelationalExpression"><nont label="ADDSUBExpression"><nont label="MULDIVExpression"><nont label="PrefixExpression"><nont label="PostfixExpression"><nont label="AtomicExpression"><term lexeme="t" token="IDENTIFIER"><location loc="51.44--51.44"/></term><nont label="ArgumentsOpt"/><location loc="51.44--51.44"/></nont><nont label="PostfixExpressionP"><term lexeme="[" token="LBRACKET"><location loc="51.45--51.45"/></term><nont label="Expression"><nont label="ORXORExpression"><nont label="ANDExpression"><nont label="RelationalExpression"><nont label="ADDSUBExpression"><nont label="MULDIVExpression"><nont label="PrefixExpression"><nont label="PostfixExpression"><nont label="AtomicExpression"><term lexeme="3" token="INTCONST"><location loc="51.46--51.46"/></term><location loc="51.46--51.46"/></nont><nont label="PostfixExpressionP"/><location loc="51.46--51.46"/></nont><location loc="51.46--51.46"/></nont><nont label="MULDIVExpressionP"/><location loc="51.46--51.46"/></nont><nont label="ADDSUBExpressionP"/><location loc="51.46--51.46"/></nont><nont label="RelationalExpressionP"/><location loc="51.46--51.46"/></nont><nont label="ANDExpressionP"/><location loc="51.46--51.46"/></nont><nont label="ORXORExpressionP"/><location loc="51.46--51.46"/></nont><location loc="51.46--51.46"/></nont><term lexeme="]" token="RBRACKET"><location loc="51.47--51.47"/></term><nont label="PostfixExpressionP"><term lexeme="[" token="LBRACKET"><location loc="51.48--51.48"/></term><nont label="Expression"><nont label="ORXORExpression"><nont label="ANDExpression"><nont label="RelationalExpression"><nont label="ADDSUBExpression"><nont label="MULDIVExpression"><nont label="PrefixExpression"><nont label="PostfixExpression"><nont label="AtomicExpression"><term lexeme="3" token="INTCONST"><location loc="51.49--51.49"/></term><location loc="51.49--51.49"/></nont><nont label="PostfixExpressionP"/><location loc="51.49--51.49"/></nont><location loc="51.49--51.49"/></nont><nont label="MULDIVExpressionP"/><location loc="51.49--51.49"/></nont><nont label="ADDSUBExpressionP"/><location loc="51.49--51.49"/></nont><nont label="RelationalExpressionP"/><location loc="51.49--51.49"/></nont><nont label="ANDExpressionP"/><location loc="51.49--51.49"/></nont><nont label="ORXORExpressionP"/><location loc="51.49--51.49"/></nont><location loc="51.49--51.49"/></nont><term lexeme="]" token="RBRACKET"><location loc="51.50--51.50"/></term><nont label="PostfixExpressionP"/><location loc="51.48--51.50"/></nont><location loc="51.45--51.50"/></nont><location loc="51.44--51.50"/></nont><location loc="51.44--51.50"/></nont><nont label="MULDIVExpressionP"/><location loc="51.44--51.50"/></nont><nont label="ADDSUBExpressionP"/><location loc="51.44--51.50"/></nont><nont label="RelationalExpressionP"/><location loc="51.44--51.50"/></nont><nont label="ANDExpressionP"/><location loc="51.44--51.50"/></nont><nont label="ORXORExpressionP"/><location loc="51.44--51.50"/></nont><location loc="51.44--51.50"/></nont><nont label="StatementP"><term lexeme="=" token="ASSIGN"><location loc="51.51--51.51"/></term><nont label="Expression"><nont label="ORXORExpression"><nont label="ANDExpression"><nont label="RelationalExpression"><nont label="ADDSUBExpression"><nont label="MULDIVExpression"><nont label="PrefixExpression"><nont label="PostfixExpression"><nont label="AtomicExpression"><term lexeme="8" token="INTCONST"><location loc="51.52--51.52"/></term><location loc="51.52--51.52"/></nont><nont label="PostfixExpressionP"/><location loc="51.52--51.52"/></nont><location loc="51.52--51.52"/></nont><nont label="MULDIVExpressionP"/><location loc="51.52--51.52"/></nont><nont label="ADDSUBExpressionP"/><location loc="51.52--51.52"/></nont><nont label="RelationalExpressionP"/><location loc="51.52--51.52"/></nont><nont label="ANDExpressionP"/><location loc="51.52--51.52"/></nont><nont label="ORXORExpressionP"/><location loc="51.52--51.52"/></nont><location loc="51.52--51.52"/></nont><location loc="51.51--51.52"/></nont><location loc="51.44--51.52"/></nont><term lexeme=";" token="SEMIC"><location loc="51.53--51.53"/></term><nont label="StatementsP"><nont label="Statement"><nont label="Expression"><nont label="ORXORExpression"><nont label="ANDExpression"><nont label="RelationalExpression"><nont label="ADDSUBExpression"><nont label="MULDIVExpression"><nont label="PrefixExpression"><nont label="PostfixExpression"><nont label="AtomicExpression"><term lexeme="t" token="IDENTIFIER"><location loc="51.55--51.55"/></term><nont label="ArgumentsOpt"/><location loc="51.55--51.55"/></nont><nont label="PostfixExpressionP"><term lexeme="[" token="LBRACKET"><location loc="51.56--51.56"/></term><nont label="Expression"><nont label="ORXORExpression"><nont label="ANDExpression"><nont label="RelationalExpression"><nont label="ADDSUBExpression"><nont label="MULDIVExpression"><nont label="PrefixExpression"><nont label="PostfixExpression"><nont label="AtomicExpression"><term lexeme="3" token="INTCONST"><location loc="51.57--51.57"/></term><location loc="51.57--51.57"/></nont><nont label="PostfixExpressionP"/><location loc="51.57--51.57"/></nont><location loc="51.57--51.57"/></nont><nont label="MULDIVExpressionP"/><location loc="51.57--51.57"/></nont><nont label="ADDSUBExpressionP"/><location loc="51.57--51.57"/></nont><nont label="RelationalExpressionP"/><location loc="51.57--51.57"/></nont><nont label="ANDExpressionP"/><location loc="51.57--51.57"/></nont><nont label="ORXORExpressionP"/><location loc="51.57--51.57"/></nont><location loc="51.57--51.57"/></nont><term lexeme="]" token="RBRACKET"><location loc="51.58--51.58"/></term><nont label="PostfixExpressionP"><term lexeme="[" token="LBRACKET"><location loc="51.59--51.59"/></term><nont label="Expression"><nont label="ORXORExpression"><nont label="ANDExpression"><nont label="RelationalExpression"><nont label="ADDSUBExpression"><nont label="MULDIVExpression"><nont label="PrefixExpression"><nont label="PostfixExpression"><nont label="AtomicExpression"><term lexeme="4" token="INTCONST"><location loc="51.60--51.60"/></term><location loc="51.60--51.60"/></nont><nont label="PostfixExpressionP"/><location loc="51.60--51.60"/></nont><location loc="51.60--51.60"/></nont><nont label="MULDIVExpressionP"/><location loc="51.60--51.60"/></nont><nont label="ADDSUBExpressionP"/><location loc="51.60--51.60"/></nont><nont label="RelationalExpressionP"/><location loc="51.60--51.60"/></nont><nont label="ANDExpressionP"/><location loc="51.60--51.60"/></nont><nont label="ORXORExpressionP"/><location loc="51.60--51.60"/></nont><location loc="51.60--51.60"/></nont><term lexeme="]" token="RBRACKET"><location loc="51.61--51.61"/></term><nont label="PostfixExpressionP"/><location loc="51.59--51.61"/></nont><location loc="51.56--51.61"/></nont><location loc="51.55--51.61"/></nont><location loc="51.55--51.61"/></nont><nont label="MULDIVExpressionP"/><location loc="51.55--51.61"/></nont><nont label="ADDSUBExpressionP"/><location loc="51.55--51.61"/></nont><nont label="RelationalExpressionP"/><location loc="51.55--51.61"/></nont><nont label="ANDExpressionP"/><location loc="51.55--51.61"/></nont><nont label="ORXORExpressionP"/><location loc="51.55--51.61"/></nont><location loc="51.55--51.61"/></nont><nont label="StatementP"><term lexeme="=" token="ASSIGN"><location loc="51.62--51.62"/></term><nont label="Expression"><nont label="ORXORExpression"><nont label="ANDExpression"><nont label="RelationalExpression"><nont label="ADDSUBExpression"><nont label="MULDIVExpression"><nont label="PrefixExpression"><nont label="PostfixExpression"><nont label="AtomicExpression"><term lexeme="0" token="INTCONST"><location loc="51.63--51.63"/></term><location loc="51.63--51.63"/></nont><nont label="PostfixExpressionP"/><location loc="51.63--51.63"/></nont><location loc="51.63--51.63"/></nont><nont label="MULDIVExpressionP"/><location loc="51.63--51.63"/></nont><nont label="ADDSUBExpressionP"/><location loc="51.63--51.63"/></nont><nont label="RelationalExpressionP"/><location loc="51.63--51.63"/></nont><nont label="ANDExpressionP"/><location loc="51.63--51.63"/></nont><nont label="ORXORExpressionP"/><location loc="51.63--51.63"/></nont><location loc="51.63--51.63"/></nont><location loc="51.62--51.63"/></nont><location loc="51.55--51.63"/></nont><term lexeme=";" token="SEMIC"><location loc="51.64--51.64"/></term><nont label="StatementsP"><nont label="Statement"><nont label="Expression"><nont label="ORXORExpression"><nont label="ANDExpression"><nont label="RelationalExpression"><nont label="ADDSUBExpression"><nont label="MULDIVExpression"><nont label="PrefixExpression"><nont label="PostfixExpression"><nont label="AtomicExpression"><term lexeme="t" token="IDENTIFIER"><location loc="51.66--51.66"/></term><nont label="ArgumentsOpt"/><location loc="51.66--51.66"/></nont><nont label="PostfixExpressionP"><term lexeme="[" token="LBRACKET"><location loc="51.67--51.67"/></term><nont label="Expression"><nont label="ORXORExpression"><nont label="ANDExpression"><nont label="RelationalExpression"><nont label="ADDSUBExpression"><nont label="MULDIVExpression"><nont label="PrefixExpression"><nont label="PostfixExpression"><nont label="AtomicExpression"><term lexeme="3" token="INTCONST"><location loc="51.68--51.68"/></term><location loc="51.68--51.68"/></nont><nont label="PostfixExpressionP"/><location loc="51.68--51.68"/></nont><location loc="51.68--51.68"/></nont><nont label="MULDIVExpressionP"/><location loc="51.68--51.68"/></nont><nont label="ADDSUBExpressionP"/><location loc="51.68--51.68"/></nont><nont label="RelationalExpressionP"/><location loc="51.68--51.68"/></nont><nont label="ANDExpressionP"/><location loc="51.68--51.68"/></nont><nont label="ORXORExpressionP"/><location loc="51.68--51.68"/></nont><location loc="51.68--51.68"/></nont><term lexeme="]" token="RBRACKET"><location loc="51.69--51.69"/></term><nont label="PostfixExpressionP"><term lexeme="[" token="LBRACKET"><location loc="51.70--51.70"/></term><nont label="Expression"><nont label="ORXORExpression"><nont label="ANDExpression"><nont label="RelationalExpression"><nont label="ADDSUBExpression"><nont label="MULDIVExpression"><nont label="PrefixExpression"><nont label="PostfixExpression"><nont label="AtomicExpression"><term lexeme="5" token="INTCONST"><location loc="51.71--51.71"/></term><location loc="51.71--51.71"/></nont><nont label="PostfixExpressionP"/><location loc="51.71--51.71"/></nont><location loc="51.71--51.71"/></nont><nont label="MULDIVExpressionP"/><location loc="51.71--51.71"/></nont><nont label="ADDSUBExpressionP"/><location loc="51.71--51.71"/></nont><nont label="RelationalExpressionP"/><location loc="51.71--51.71"/></nont><nont label="ANDExpressionP"/><location loc="51.71--51.71"/></nont><nont label="ORXORExpressionP"/><location loc="51.71--51.71"/></nont><location loc="51.71--51.71"/></nont><term lexeme="]" token="RBRACKET"><location loc="51.72--51.72"/></term><nont label="PostfixExpressionP"/><location loc="51.70--51.72"/></nont><location loc="51.67--51.72"/></nont><location loc="51.66--51.72"/></nont><location loc="51.66--51.72"/></nont><nont label="MULDIVExpressionP"/><location loc="51.66--51.72"/></nont><nont label="ADDSUBExpressionP"/><location loc="51.66--51.72"/></nont><nont label="RelationalExpressionP"/><location loc="51.66--51.72"/></nont><nont label="ANDExpressionP"/><location loc="51.66--51.72"/></nont><nont label="ORXORExpressionP"/><location loc="51.66--51.72"/></nont><location loc="51.66--51.72"/></nont><nont label="StatementP"><term lexeme="=" token="ASSIGN"><location loc="51.73--51.73"/></term><nont label="Expression"><nont label="ORXORExpression"><nont label="ANDExpression"><nont label="RelationalExpression"><nont label="ADDSUBExpression"><nont label="MULDIVExpression"><nont label="PrefixExpression"><nont label="PostfixExpression"><nont label="AtomicExpression"><term lexeme="0" token="INTCONST"><location loc="51.74--51.74"/></term><location loc="51.74--51.74"/></nont><nont label="PostfixExpressionP"/><location loc="51.74--51.74"/></nont><location loc="51.74--51.74"/></nont><nont label="MULDIVExpressionP"/><location loc="51.74--51.74"/></nont><nont label="ADDSUBExpressionP"/><location loc="51.74--51.74"/></nont><nont label="RelationalExpressionP"/><location loc="51.74--51.74"/></nont><nont label="ANDExpressionP"/><location loc="51.74--51.74"/></nont><nont label="ORXORExpressionP"/><location loc="51.74--51.74"/></nont><location loc="51.74--51.74"/></nont><location loc="51.73--51.74"/></nont><location loc="51.66--51.74"/></nont><term lexeme=";" token="SEMIC"><location loc="51.75--51.75"/></term><nont label="StatementsP"><nont label="Statement"><nont label="Expression"><nont label="ORXORExpression"><nont label="ANDExpression"><nont label="RelationalExpression"><nont label="ADDSUBExpression"><nont label="MULDIVExpression"><nont label="PrefixExpression"><nont label="PostfixExpression"><nont label="AtomicExpression"><term lexeme="t" token="IDENTIFIER"><location loc="51.79--51.79"/></term><nont label="ArgumentsOpt"/><location loc="51.79--51.79"/></nont><nont label="PostfixExpressionP"><term lexeme="[" token="LBRACKET"><location loc="51.80--51.80"/></term><nont label="Expression"><nont label="ORXORExpression"><nont label="ANDExpression"><nont label="RelationalExpression"><nont label="ADDSUBExpression"><nont label="MULDIVExpression"><nont label="PrefixExpression"><nont label="PostfixExpression"><nont label="AtomicExpression"><term lexeme="3" token="INTCONST"><location loc="51.81--51.81"/></term><location loc="51.81--51.81"/></nont><nont label="PostfixExpressionP"/><location loc="51.81--51.81"/></nont><location loc="51.81--51.81"/></nont><nont label="MULDIVExpressionP"/><location loc="51.81--51.81"/></nont><nont label="ADDSUBExpressionP"/><location loc="51.81--51.81"/></nont><nont label="RelationalExpressionP"/><location loc="51.81--51.81"/></nont><nont label="ANDExpressionP"/><location loc="51.81--51.81"/></nont><nont label="ORXORExpressionP"/><location loc="51.81--51.81"/></nont><location loc="51.81--51.81"/></nont><term lexeme="]" token="RBRACKET"><location loc="51.82--51.82"/></term><nont label="PostfixExpressionP"><term lexeme="[" token="LBRACKET"><location loc="51.83--51.83"/></term><nont label="Expression"><nont label="ORXORExpression"><nont label="ANDExpression"><nont label="RelationalExpression"><nont label="ADDSUBExpression"><nont label="MULDIVExpression"><nont label="PrefixExpression"><nont label="PostfixExpression"><nont label="AtomicExpression"><term lexeme="6" token="INTCONST"><location loc="51.84--51.84"/></term><location loc="51.84--51.84"/></nont><nont label="PostfixExpressionP"/><location loc="51.84--51.84"/></nont><location loc="51.84--51.84"/></nont><nont label="MULDIVExpressionP"/><location loc="51.84--51.84"/></nont><nont label="ADDSUBExpressionP"/><location loc="51.84--51.84"/></nont><nont label="RelationalExpressionP"/><location loc="51.84--51.84"/></nont><nont label="ANDExpressionP"/><location loc="51.84--51.84"/></nont><nont label="ORXORExpressionP"/><location loc="51.84--51.84"/></nont><location loc="51.84--51.84"/></nont><term lexeme="]" token="RBRACKET"><location loc="51.85--51.85"/></term><nont label="PostfixExpressionP"/><location loc="51.83--51.85"/></nont><location loc="51.80--51.85"/></nont><location loc="51.79--51.85"/></nont><location loc="51.79--51.85"/></nont><nont label="MULDIVExpressionP"/><location loc="51.79--51.85"/></nont><nont label="ADDSUBExpressionP"/><location loc="51.79--51.85"/></nont><nont label="RelationalExpressionP"/><location loc="51.79--51.85"/></nont><nont label="ANDExpressionP"/><location loc="51.79--51.85"/></nont><nont label="ORXORExpressionP"/><location loc="51.79--51.85"/></nont><location loc="51.79--51.85"/></nont><nont label="StatementP"><term lexeme="=" token="ASSIGN"><location loc="51.86--51.86"/></term><nont label="Expression"><nont label="ORXORExpression"><nont label="ANDExpression"><nont label="RelationalExpression"><nont label="ADDSUBExpression"><nont label="MULDIVExpression"><nont label="PrefixExpression"><nont label="PostfixExpression"><nont label="AtomicExpression"><term lexeme="0" token="INTCONST"><location loc="51.87--51.87"/></term><location loc="51.87--51.87"/></nont><nont label="PostfixExpressionP"/><location loc="51.87--51.87"/></nont><location loc="51.87--51.87"/></nont><nont label="MULDIVExpressionP"/><location loc="51.87--51.87"/></nont><nont label="ADDSUBExpressionP"/><location loc="51.87--51.87"/></nont><nont label="RelationalExpressionP"/><location loc="51.87--51.87"/></nont><nont label="ANDExpressionP"/><location loc="51.87--51.87"/></nont><nont label="ORXORExpressionP"/><location loc="51.87--51.87"/></nont><location loc="51.87--51.87"/></nont><location loc="51.86--51.87"/></nont><location loc="51.79--51.87"/></nont><term lexeme=";" token="SEMIC"><location loc="51.88--51.88"/></term><nont label="StatementsP"><nont label="Statement"><nont label="Expression"><nont label="ORXORExpression"><nont label="ANDExpression"><nont label="RelationalExpression"><nont label="ADDSUBExpression"><nont label="MULDIVExpression"><nont label="PrefixExpression"><nont label="PostfixExpression"><nont label="AtomicExpression"><term lexeme="t" token="IDENTIFIER"><location loc="51.90--51.90"/></term><nont label="ArgumentsOpt"/><location loc="51.90--51.90"/></nont><nont label="PostfixExpressionP"><term lexeme="[" token="LBRACKET"><location loc="51.91--51.91"/></term><nont label="Expression"><nont label="ORXORExpression"><nont label="ANDExpression"><nont label="RelationalExpression"><nont label="ADDSUBExpression"><nont label="MULDIVExpression"><nont label="PrefixExpression"><nont label="PostfixExpression"><nont label="AtomicExpression"><term lexeme="3" token="INTCONST"><location loc="51.92--51.92"/></term><location loc="51.92--51.92"/></nont><nont label="PostfixExpressionP"/><location loc="51.92--51.92"/></nont><location loc="51.92--51.92"/></nont><nont label="MULDIVExpressionP"/><location loc="51.92--51.92"/></nont><nont label="ADDSUBExpressionP"/><location loc="51.92--51.92"/></nont><nont label="RelationalExpressionP"/><location loc="51.92--51.92"/></nont><nont label="ANDExpressionP"/><location loc="51.92--51.92"/></nont><nont label="ORXORExpressionP"/><location loc="51.92--51.92"/></nont><location loc="51.92--51.92"/></nont><term lexeme="]" token="RBRACKET"><location loc="51.93--51.93"/></term><nont label="PostfixExpressionP"><term lexeme="[" token="LBRACKET"><location loc="51.94--51.94"/></term><nont label="Expression"><nont label="ORXORExpression"><nont label="ANDExpression"><nont label="RelationalExpression"><nont label="ADDSUBExpression"><nont label="MULDIVExpression"><nont label="PrefixExpression"><nont label="PostfixExpression"><nont label="AtomicExpression"><term lexeme="7" token="INTCONST"><location loc="51.95--51.95"/></term><location loc="51.95--51.95"/></nont><nont label="PostfixExpressionP"/><location loc="51.95--51.95"/></nont><location loc="51.95--51.95"/></nont><nont label="MULDIVExpressionP"/><location loc="51.95--51.95"/></nont><nont label="ADDSUBExpressionP"/><location loc="51.95--51.95"/></nont><nont label="RelationalExpressionP"/><location loc="51.95--51.95"/></nont><nont label="ANDExpressionP"/><location loc="51.95--51.95"/></nont><nont label="ORXORExpressionP"/><location loc="51.95--51.95"/></nont><location loc="51.95--51.95"/></nont><term lexeme="]" token="RBRACKET"><location loc="51.96--51.96"/></term><nont label="PostfixExpressionP"/><location loc="51.94--51.96"/></nont><location loc="51.91--51.96"/></nont><location loc="51.90--51.96"/></nont><location loc="51.90--51.96"/></nont><nont label="MULDIVExpressionP"/><location loc="51.90--51.96"/></nont><nont label="ADDSUBExpressionP"/><location loc="51.90--51.96"/></nont><nont label="RelationalExpressionP"/><location loc="51.90--51.96"/></nont><nont label="ANDExpressionP"/><location loc="51.90--51.96"/></nont><nont label="ORXORExpressionP"/><location loc="51.90--51.96"/></nont><location loc="51.90--51.96"/></nont><nont label="StatementP"><term lexeme="=" token="ASSIGN"><location loc="51.97--51.97"/></term><nont label="Expression"><nont label="ORXORExpression"><nont label="ANDExpression"><nont label="RelationalExpression"><nont label="ADDSUBExpression"><nont label="MULDIVExpression"><nont label="PrefixExpression"><nont label="PostfixExpression"><nont label="AtomicExpression"><term lexeme="5" token="INTCONST"><location loc="51.98--51.98"/></term><location loc="51.98--51.98"/></nont><nont label="PostfixExpressionP"/><location loc="51.98--51.98"/></nont><location loc="51.98--51.98"/></nont><nont label="MULDIVExpressionP"/><location loc="51.98--51.98"/></nont><nont label="ADDSUBExpressionP"/><location loc="51.98--51.98"/></nont><nont label="RelationalExpressionP"/><location loc="51.98--51.98"/></nont><nont label="ANDExpressionP"/><location loc="51.98--51.98"/></nont><nont label="ORXORExpressionP"/><location loc="51.98--51.98"/></nont><location loc="51.98--51.98"/></nont><location loc="51.97--51.98"/></nont><location loc="51.90--51.98"/></nont><term lexeme=";" token="SEMIC"><location loc="51.99--51.99"/></term><nont label="StatementsP"><nont label="Statement"><nont label="Expression"><nont label="ORXORExpression"><nont label="ANDExpression"><nont label="RelationalExpression"><nont label="ADDSUBExpression"><nont label="MULDIVExpression"><nont label="PrefixExpression"><nont label="PostfixExpression"><nont label="AtomicExpression"><term lexeme="t" token="IDENTIFIER"><location loc="51.101--51.101"/></term><nont label="ArgumentsOpt"/><location loc="51.101--51.101"/></nont><nont label="PostfixExpressionP"><term lexeme="[" token="LBRACKET"><location loc="51.102--51.102"/></term><nont label="Expression"><nont label="ORXORExpression"><nont label="ANDExpression"><nont label="RelationalExpression"><nont label="ADDSUBExpression"><nont label="MULDIVExpression"><nont label="PrefixExpression"><nont label="PostfixExpression"><nont label="AtomicExpression"><term lexeme="3" token="INTCONST"><location loc="51.103--51.103"/></term><location loc="51.103--51.103"/></nont><nont label="PostfixExpressionP"/><location loc="51.103--51.103"/></nont><location loc="51.103--51.103"/></nont><nont label="MULDIVExpressionP"/><location loc="51.103--51.103"/></nont><nont label="ADDSUBExpressionP"/><location loc="51.103--51.103"/></nont><nont label="RelationalExpressionP"/><location loc="51.103--51.103"/></nont><nont label="ANDExpressionP"/><location loc="51.103--51.103"/></nont><nont label="ORXORExpressionP"/><location loc="51.103--51.103"/></nont><location loc="51.103--51.103"/></nont><term lexeme="]" token="RBRACKET"><location loc="51.104--51.104"/></term><nont label="PostfixExpressionP"><term lexeme="[" token="LBRACKET"><location loc="51.105--51.105"/></term><nont label="Expression"><nont label="ORXORExpression"><nont label="ANDExpression"><nont label="RelationalExpression"><nont label="ADDSUBExpression"><nont label="MULDIVExpression"><nont label="PrefixExpression"><nont label="PostfixExpression"><nont label="AtomicExpression"><term lexeme="8" token="INTCONST"><location loc="51.106--51.106"/></term><location loc="51.106--51.106"/></nont><nont label="PostfixExpressionP"/><location loc="51.106--51.106"/></nont><location loc="51.106--51.106"/></nont><nont label="MULDIVExpressionP"/><location loc="51.106--51.106"/></nont><nont label="ADDSUBExpressionP"/><location loc="51.106--51.106"/></nont><nont label="RelationalExpressionP"/><location loc="51.106--51.106"/></nont><nont label="ANDExpressionP"/><location loc="51.106--51.106"/></nont><nont label="ORXORExpressionP"/><location loc="51.106--51.106"/></nont><location loc="51.106--51.106"/></nont><term lexeme="]" token="RBRACKET"><location loc="51.107--51.107"/></term><nont label="PostfixExpressionP"/><location loc="51.105--51.107"/></nont><location loc="51.102--51.107"/></nont><location loc="51.101--51.107"/></nont><location loc="51.101--51.107"/></nont><nont label="MULDIVExpressionP"/><location loc="51.101--51.107"/></nont><nont label="ADDSUBExpressionP"/><location loc="51.101--51.107"/></nont><nont label="RelationalExpressionP"/><location loc="51.101--51.107"/></nont><nont label="ANDExpressionP"/><location loc="51.101--51.107"/></nont><nont label="ORXORExpressionP"/><location loc="51.101--51.107"/></nont><location loc="51.101--51.107"/></nont><nont label="StatementP"><term lexeme="=" token="ASSIGN"><location loc="51.108--51.108"/></term><nont label="Expression"><nont label="ORXORExpression"><nont label="ANDExpression"><nont label="RelationalExpression"><nont label="ADDSUBExpression"><nont label="MULDIVExpression"><nont label="PrefixExpression"><nont label="PostfixExpression"><nont label="AtomicExpression"><term lexeme="0" token="INTCONST"><location loc="51.109--51.109"/></term><location loc="51.109--51.109"/></nont><nont label="PostfixExpressionP"/><location loc="51.109--51.109"/></nont><location loc="51.109--51.109"/></nont><nont label="MULDIVExpressionP"/><location loc="51.109--51.109"/></nont><nont label="ADDSUBExpressionP"/><location loc="51.109--51.109"/></nont><nont label="RelationalExpressionP"/><location loc="51.109--51.109"/></nont><nont label="ANDExpressionP"/><location loc="51.109--51.109"/></nont><nont label="ORXORExpressionP"/><location loc="51.109--51.109"/></nont><location loc="51.109--51.109"/></nont><location loc="51.108--51.109"/></nont><location loc="51.101--51.109"/></nont><term lexeme=";" token="SEMIC"><location loc="51.110--51.110"/></term><nont label="StatementsP"><nont label="Statement"><nont label="Expression"><nont label="ORXORExpression"><nont label="ANDExpression"><nont label="RelationalExpression"><nont label="ADDSUBExpression"><nont label="MULDIVExpression"><nont label="PrefixExpression"><nont label="PostfixExpression"><nont label="AtomicExpression"><term lexeme="t" token="IDENTIFIER"><location loc="52.9--52.9"/></term><nont label="ArgumentsOpt"/><location loc="52.9--52.9"/></nont><nont label="PostfixExpressionP"><term lexeme="[" token="LBRACKET"><location loc="52.10--52.10"/></term><nont label="Expression"><nont label="ORXORExpression"><nont label="ANDExpression"><nont label="RelationalExpression"><nont label="ADDSUBExpression"><nont label="MULDIVExpression"><nont label="PrefixExpression"><nont label="PostfixExpression"><nont label="AtomicExpression"><term lexeme="4" token="INTCONST"><location loc="52.11--52.11"/></term><location loc="52.11--52.11"/></nont><nont label="PostfixExpressionP"/><location loc="52.11--52.11"/></nont><location loc="52.11--52.11"/></nont><nont label="MULDIVExpressionP"/><location loc="52.11--52.11"/></nont><nont label="ADDSUBExpressionP"/><location loc="52.11--52.11"/></nont><nont label="RelationalExpressionP"/><location loc="52.11--52.11"/></nont><nont label="ANDExpressionP"/><location loc="52.11--52.11"/></nont><nont label="ORXORExpressionP"/><location loc="52.11--52.11"/></nont><location loc="52.11--52.11"/></nont><term lexeme="]" token="RBRACKET"><location loc="52.12--52.12"/></term><nont label="PostfixExpressionP"><term lexeme="[" token="LBRACKET"><location loc="52.13--52.13"/></term><nont label="Expression"><nont label="ORXORExpression"><nont label="ANDExpression"><nont label="RelationalExpression"><nont label="ADDSUBExpression"><nont label="MULDIVExpression"><nont label="PrefixExpression"><nont label="PostfixExpression"><nont label="AtomicExpression"><term lexeme="0" token="INTCONST"><location loc="52.14--52.14"/></term><location loc="52.14--52.14"/></nont><nont label="PostfixExpressionP"/><location loc="52.14--52.14"/></nont><location loc="52.14--52.14"/></nont><nont label="MULDIVExpressionP"/><location loc="52.14--52.14"/></nont><nont label="ADDSUBExpressionP"/><location loc="52.14--52.14"/></nont><nont label="RelationalExpressionP"/><location loc="52.14--52.14"/></nont><nont label="ANDExpressionP"/><location loc="52.14--52.14"/></nont><nont label="ORXORExpressionP"/><location loc="52.14--52.14"/></nont><location loc="52.14--52.14"/></nont><term lexeme="]" token="RBRACKET"><location loc="52.15--52.15"/></term><nont label="PostfixExpressionP"/><location loc="52.13--52.15"/></nont><location loc="52.10--52.15"/></nont><location loc="52.9--52.15"/></nont><location loc="52.9--52.15"/></nont><nont label="MULDIVExpressionP"/><location loc="52.9--52.15"/></nont><nont label="ADDSUBExpressionP"/><location loc="52.9--52.15"/></nont><nont label="RelationalExpressionP"/><location loc="52.9--52.15"/></nont><nont label="ANDExpressionP"/><location loc="52.9--52.15"/></nont><nont label="ORXORExpressionP"/><location loc="52.9--52.15"/></nont><location loc="52.9--52.15"/></nont><nont label="StatementP"><term lexeme="=" token="ASSIGN"><location loc="52.16--52.16"/></term><nont label="Expression"><nont label="ORXORExpression"><nont label="ANDExpression"><nont label="RelationalExpression"><nont label="ADDSUBExpression"><nont label="MULDIVExpression"><nont label="PrefixExpression"><nont label="PostfixExpression"><nont label="AtomicExpression"><term lexeme="3" token="INTCONST"><location loc="52.17--52.17"/></term><location loc="52.17--52.17"/></nont><nont label="PostfixExpressionP"/><location loc="52.17--52.17"/></nont><location loc="52.17--52.17"/></nont><nont label="MULDIVExpressionP"/><location loc="52.17--52.17"/></nont><nont label="ADDSUBExpressionP"/><location loc="52.17--52.17"/></nont><nont label="RelationalExpressionP"/><location loc="52.17--52.17"/></nont><nont label="ANDExpressionP"/><location loc="52.17--52.17"/></nont><nont label="ORXORExpressionP"/><location loc="52.17--52.17"/></nont><location loc="52.17--52.17"/></nont><location loc="52.16--52.17"/></nont><location loc="52.9--52.17"/></nont><term lexeme=";" token="SEMIC"><location loc="52.18--52.18"/></term><nont label="StatementsP"><nont label="Statement"><nont label="Expression"><nont label="ORXORExpression"><nont label="ANDExpression"><nont label="RelationalExpression"><nont label="ADDSUBExpression"><nont label="MULDIVExpression"><nont label="PrefixExpression"><nont label="PostfixExpression"><nont label="AtomicExpression"><term lexeme="t" token="IDENTIFIER"><location loc="52.20--52.20"/></term><nont label="ArgumentsOpt"/><location loc="52.20--52.20"/></nont><nont label="PostfixExpressionP"><term lexeme="[" token="LBRACKET"><location loc="52.21--52.21"/></term><nont label="Expression"><nont label="ORXORExpression"><nont label="ANDExpression"><nont label="RelationalExpression"><nont label="ADDSUBExpression"><nont label="MULDIVExpression"><nont label="PrefixExpression"><nont label="PostfixExpression"><nont label="AtomicExpression"><term lexeme="4" token="INTCONST"><location loc="52.22--52.22"/></term><location loc="52.22--52.22"/></nont><nont label="PostfixExpressionP"/><location loc="52.22--52.22"/></nont><location loc="52.22--52.22"/></nont><nont label="MULDIVExpressionP"/><location loc="52.22--52.22"/></nont><nont label="ADDSUBExpressionP"/><location loc="52.22--52.22"/></nont><nont label="RelationalExpressionP"/><location loc="52.22--52.22"/></nont><nont label="ANDExpressionP"/><location loc="52.22--52.22"/></nont><nont label="ORXORExpressionP"/><location loc="52.22--52.22"/></nont><location loc="52.22--52.22"/></nont><term lexeme="]" token="RBRACKET"><location loc="52.23--52.23"/></term><nont label="PostfixExpressionP"><term lexeme="[" token="LBRACKET"><location loc="52.24--52.24"/></term><nont label="Expression"><nont label="ORXORExpression"><nont label="ANDExpression"><nont label="RelationalExpression"><nont label="ADDSUBExpression"><nont label="MULDIVExpression"><nont label="PrefixExpression"><nont label="PostfixExpression"><nont label="AtomicExpression"><term lexeme="1" token="INTCONST"><location loc="52.25--52.25"/></term><location loc="52.25--52.25"/></nont><nont label="PostfixExpressionP"/><location loc="52.25--52.25"/></nont><location loc="52.25--52.25"/></nont><nont label="MULDIVExpressionP"/><location loc="52.25--52.25"/></nont><nont label="ADDSUBExpressionP"/><location loc="52.25--52.25"/></nont><nont label="RelationalExpressionP"/><location loc="52.25--52.25"/></nont><nont label="ANDExpressionP"/><location loc="52.25--52.25"/></nont><nont label="ORXORExpressionP"/><location loc="52.25--52.25"/></nont><location loc="52.25--52.25"/></nont><term lexeme="]" token="RBRACKET"><location loc="52.26--52.26"/></term><nont label="PostfixExpressionP"/><location loc="52.24--52.26"/></nont><location loc="52.21--52.26"/></nont><location loc="52.20--52.26"/></nont><location loc="52.20--52.26"/></nont><nont label="MULDIVExpressionP"/><location loc="52.20--52.26"/></nont><nont label="ADDSUBExpressionP"/><location loc="52.20--52.26"/></nont><nont label="RelationalExpressionP"/><location loc="52.20--52.26"/></nont><nont label="ANDExpressionP"/><location loc="52.20--52.26"/></nont><nont label="ORXORExpressionP"/><location loc="52.20--52.26"/></nont><location loc="52.20--52.26"/></nont><nont label="StatementP"><term lexeme="=" token="ASSIGN"><location loc="52.27--52.27"/></term><nont label="Expression"><nont label="ORXORExpression"><nont label="ANDExpression"><nont label="RelationalExpression"><nont label="ADDSUBExpression"><nont label="MULDIVExpression"><nont label="PrefixExpression"><nont label="PostfixExpression"><nont label="AtomicExpression"><term lexeme="0" token="INTCONST"><location loc="52.28--52.28"/></term><location loc="52.28--52.28"/></nont><nont label="PostfixExpressionP"/><location loc="52.28--52.28"/></nont><location loc="52.28--52.28"/></nont><nont label="MULDIVExpressionP"/><location loc="52.28--52.28"/></nont><nont label="ADDSUBExpressionP"/><location loc="52.28--52.28"/></nont><nont label="RelationalExpressionP"/><location loc="52.28--52.28"/></nont><nont label="ANDExpressionP"/><location loc="52.28--52.28"/></nont><nont label="ORXORExpressionP"/><location loc="52.28--52.28"/></nont><location loc="52.28--52.28"/></nont><location loc="52.27--52.28"/></nont><location loc="52.20--52.28"/></nont><term lexeme=";" token="SEMIC"><location loc="52.29--52.29"/></term><nont label="StatementsP"><nont label="Statement"><nont label="Expression"><nont label="ORXORExpression"><nont label="ANDExpression"><nont label="RelationalExpression"><nont label="ADDSUBExpression"><nont label="MULDIVExpression"><nont label="PrefixExpression"><nont label="PostfixExpression"><nont label="AtomicExpression"><term lexeme="t" token="IDENTIFIER"><location loc="52.31--52.31"/></term><nont label="ArgumentsOpt"/><location loc="52.31--52.31"/></nont><nont label="PostfixExpressionP"><term lexeme="[" token="LBRACKET"><location loc="52.32--52.32"/></term><nont label="Expression"><nont label="ORXORExpression"><nont label="ANDExpression"><nont label="RelationalExpression"><nont label="ADDSUBExpression"><nont label="MULDIVExpression"><nont label="PrefixExpression"><nont label="PostfixExpression"><nont label="AtomicExpression"><term lexeme="4" token="INTCONST"><location loc="52.33--52.33"/></term><location loc="52.33--52.33"/></nont><nont label="PostfixExpressionP"/><location loc="52.33--52.33"/></nont><location loc="52.33--52.33"/></nont><nont label="MULDIVExpressionP"/><location loc="52.33--52.33"/></nont><nont label="ADDSUBExpressionP"/><location loc="52.33--52.33"/></nont><nont label="RelationalExpressionP"/><location loc="52.33--52.33"/></nont><nont label="ANDExpressionP"/><location loc="52.33--52.33"/></nont><nont label="ORXORExpressionP"/><location loc="52.33--52.33"/></nont><location loc="52.33--52.33"/></nont><term lexeme="]" token="RBRACKET"><location loc="52.34--52.34"/></term><nont label="PostfixExpressionP"><term lexeme="[" token="LBRACKET"><location loc="52.35--52.35"/></term><nont label="Expression"><nont label="ORXORExpression"><nont label="ANDExpression"><nont label="RelationalExpression"><nont label="ADDSUBExpression"><nont label="MULDIVExpression"><nont label="PrefixExpression"><nont label="PostfixExpression"><nont label="AtomicExpression"><term lexeme="2" token="INTCONST"><location loc="52.36--52.36"/></term><location loc="52.36--52.36"/></nont><nont label="PostfixExpressionP"/><location loc="52.36--52.36"/></nont><location loc="52.36--52.36"/></nont><nont label="MULDIVExpressionP"/><location loc="52.36--52.36"/></nont><nont label="ADDSUBExpressionP"/><location loc="52.36--52.36"/></nont><nont label="RelationalExpressionP"/><location loc="52.36--52.36"/></nont><nont label="ANDExpressionP"/><location loc="52.36--52.36"/></nont><nont label="ORXORExpressionP"/><location loc="52.36--52.36"/></nont><location loc="52.36--52.36"/></nont><term lexeme="]" token="RBRACKET"><location loc="52.37--52.37"/></term><nont label="PostfixExpressionP"/><location loc="52.35--52.37"/></nont><location loc="52.32--52.37"/></nont><location loc="52.31--52.37"/></nont><location loc="52.31--52.37"/></nont><nont label="MULDIVExpressionP"/><location loc="52.31--52.37"/></nont><nont label="ADDSUBExpressionP"/><location loc="52.31--52.37"/></nont><nont label="RelationalExpressionP"/><location loc="52.31--52.37"/></nont><nont label="ANDExpressionP"/><location loc="52.31--52.37"/></nont><nont label="ORXORExpressionP"/><location loc="52.31--52.37"/></nont><location loc="52.31--52.37"/></nont><nont label="StatementP"><term lexeme="=" token="ASSIGN"><location loc="52.38--52.38"/></term><nont label="Expression"><nont label="ORXORExpression"><nont label="ANDExpression"><nont label="RelationalExpression"><nont label="ADDSUBExpression"><nont label="MULDIVExpression"><nont label="PrefixExpression"><nont label="PostfixExpression"><nont label="AtomicExpression"><term lexeme="0" token="INTCONST"><location loc="52.39--52.39"/></term><location loc="52.39--52.39"/></nont><nont label="PostfixExpressionP"/><location loc="52.39--52.39"/></nont><location loc="52.39--52.39"/></nont><nont label="MULDIVExpressionP"/><location loc="52.39--52.39"/></nont><nont label="ADDSUBExpressionP"/><location loc="52.39--52.39"/></nont><nont label="RelationalExpressionP"/><location loc="52.39--52.39"/></nont><nont label="ANDExpressionP"/><location loc="52.39--52.39"/></nont><nont label="ORXORExpressionP"/><location loc="52.39--52.39"/></nont><location loc="52.39--52.39"/></nont><location loc="52.38--52.39"/></nont><location loc="52.31--52.39"/></nont><term lexeme=";" token="SEMIC"><location loc="52.40--52.40"/></term><nont label="StatementsP"><nont label="Statement"><nont label="Expression"><nont label="ORXORExpression"><nont label="ANDExpression"><nont label="RelationalExpression"><nont label="ADDSUBExpression"><nont label="MULDIVExpression"><nont label="PrefixExpression"><nont label="PostfixExpression"><nont label="AtomicExpression"><term lexeme="t" token="IDENTIFIER"><location loc="52.44--52.44"/></term><nont label="ArgumentsOpt"/><location loc="52.44--52.44"/></nont><nont label="PostfixExpressionP"><term lexeme="[" token="LBRACKET"><location loc="52.45--52.45"/></term><nont label="Expression"><nont label="ORXORExpression"><nont label="ANDExpression"><nont label="RelationalExpression"><nont label="ADDSUBExpression"><nont label="MULDIVExpression"><nont label="PrefixExpression"><nont label="PostfixExpression"><nont label="AtomicExpression"><term lexeme="4" token="INTCONST"><location loc="52.46--52.46"/></term><location loc="52.46--52.46"/></nont><nont label="PostfixExpressionP"/><location loc="52.46--52.46"/></nont><location loc="52.46--52.46"/></nont><nont label="MULDIVExpressionP"/><location loc="52.46--52.46"/></nont><nont label="ADDSUBExpressionP"/><location loc="52.46--52.46"/></nont><nont label="RelationalExpressionP"/><location loc="52.46--52.46"/></nont><nont label="ANDExpressionP"/><location loc="52.46--52.46"/></nont><nont label="ORXORExpressionP"/><location loc="52.46--52.46"/></nont><location loc="52.46--52.46"/></nont><term lexeme="]" token="RBRACKET"><location loc="52.47--52.47"/></term><nont label="PostfixExpressionP"><term lexeme="[" token="LBRACKET"><location loc="52.48--52.48"/></term><nont label="Expression"><nont label="ORXORExpression"><nont label="ANDExpression"><nont label="RelationalExpression"><nont label="ADDSUBExpression"><nont label="MULDIVExpression"><nont label="PrefixExpression"><nont label="PostfixExpression"><nont label="AtomicExpression"><term lexeme="3" token="INTCONST"><location loc="52.49--52.49"/></term><location loc="52.49--52.49"/></nont><nont label="PostfixExpressionP"/><location loc="52.49--52.49"/></nont><location loc="52.49--52.49"/></nont><nont label="MULDIVExpressionP"/><location loc="52.49--52.49"/></nont><nont label="ADDSUBExpressionP"/><location loc="52.49--52.49"/></nont><nont label="RelationalExpressionP"/><location loc="52.49--52.49"/></nont><nont label="ANDExpressionP"/><location loc="52.49--52.49"/></nont><nont label="ORXORExpressionP"/><location loc="52.49--52.49"/></nont><location loc="52.49--52.49"/></nont><term lexeme="]" token="RBRACKET"><location loc="52.50--52.50"/></term><nont label="PostfixExpressionP"/><location loc="52.48--52.50"/></nont><location loc="52.45--52.50"/></nont><location loc="52.44--52.50"/></nont><location loc="52.44--52.50"/></nont><nont label="MULDIVExpressionP"/><location loc="52.44--52.50"/></nont><nont label="ADDSUBExpressionP"/><location loc="52.44--52.50"/></nont><nont label="RelationalExpressionP"/><location loc="52.44--52.50"/></nont><nont label="ANDExpressionP"/><location loc="52.44--52.50"/></nont><nont label="ORXORExpressionP"/><location loc="52.44--52.50"/></nont><location loc="52.44--52.50"/></nont><nont label="StatementP"><term lexeme="=" token="ASSIGN"><location loc="52.51--52.51"/></term><nont label="Expression"><nont label="ORXORExpression"><nont label="ANDExpression"><nont label="RelationalExpression"><nont label="ADDSUBExpression"><nont label="MULDIVExpression"><nont label="PrefixExpression"><nont label="PostfixExpression"><nont label="AtomicExpression"><term lexeme="0" token="INTCONST"><location loc="52.52--52.52"/></term><location loc="52.52--52.52"/></nont><nont label="PostfixExpressionP"/><location loc="52.52--52.52"/></nont><location loc="52.52--52.52"/></nont><nont label="MULDIVExpressionP"/><location loc="52.52--52.52"/></nont><nont label="ADDSUBExpressionP"/><location loc="52.52--52.52"/></nont><nont label="RelationalExpressionP"/><location loc="52.52--52.52"/></nont><nont label="ANDExpressionP"/><location loc="52.52--52.52"/></nont><nont label="ORXORExpressionP"/><location loc="52.52--52.52"/></nont><location loc="52.52--52.52"/></nont><location loc="52.51--52.52"/></nont><location loc="52.44--52.52"/></nont><term lexeme=";" token="SEMIC"><location loc="52.53--52.53"/></term><nont label="StatementsP"><nont label="Statement"><nont label="Expression"><nont label="ORXORExpression"><nont label="ANDExpression"><nont label="RelationalExpression"><nont label="ADDSUBExpression"><nont label="MULDIVExpression"><nont label="PrefixExpression"><nont label="PostfixExpression"><nont label="AtomicExpression"><term lexeme="t" token="IDENTIFIER"><location loc="52.55--52.55"/></term><nont label="ArgumentsOpt"/><location loc="52.55--52.55"/></nont><nont label="PostfixExpressionP"><term lexeme="[" token="LBRACKET"><location loc="52.56--52.56"/></term><nont label="Expression"><nont label="ORXORExpression"><nont label="ANDExpression"><nont label="RelationalExpression"><nont label="ADDSUBExpression"><nont label="MULDIVExpression"><nont label="PrefixExpression"><nont label="PostfixExpression"><nont label="AtomicExpression"><term lexeme="4" token="INTCONST"><location loc="52.57--52.57"/></term><location loc="52.57--52.57"/></nont><nont label="PostfixExpressionP"/><location loc="52.57--52.57"/></nont><location loc="52.57--52.57"/></nont><nont label="MULDIVExpressionP"/><location loc="52.57--52.57"/></nont><nont label="ADDSUBExpressionP"/><location loc="52.57--52.57"/></nont><nont label="RelationalExpressionP"/><location loc="52.57--52.57"/></nont><nont label="ANDExpressionP"/><location loc="52.57--52.57"/></nont><nont label="ORXORExpressionP"/><location loc="52.57--52.57"/></nont><location loc="52.57--52.57"/></nont><term lexeme="]" token="RBRACKET"><location loc="52.58--52.58"/></term><nont label="PostfixExpressionP"><term lexeme="[" token="LBRACKET"><location loc="52.59--52.59"/></term><nont label="Expression"><nont label="ORXORExpression"><nont label="ANDExpression"><nont label="RelationalExpression"><nont label="ADDSUBExpression"><nont label="MULDIVExpression"><nont label="PrefixExpression"><nont label="PostfixExpression"><nont label="AtomicExpression"><term lexeme="4" token="INTCONST"><location loc="52.60--52.60"/></term><location loc="52.60--52.60"/></nont><nont label="PostfixExpressionP"/><location loc="52.60--52.60"/></nont><location loc="52.60--52.60"/></nont><nont label="MULDIVExpressionP"/><location loc="52.60--52.60"/></nont><nont label="ADDSUBExpressionP"/><location loc="52.60--52.60"/></nont><nont label="RelationalExpressionP"/><location loc="52.60--52.60"/></nont><nont label="ANDExpressionP"/><location loc="52.60--52.60"/></nont><nont label="ORXORExpressionP"/><location loc="52.60--52.60"/></nont><location loc="52.60--52.60"/></nont><term lexeme="]" token="RBRACKET"><location loc="52.61--52.61"/></term><nont label="PostfixExpressionP"/><location loc="52.59--52.61"/></nont><location loc="52.56--52.61"/></nont><location loc="52.55--52.61"/></nont><location loc="52.55--52.61"/></nont><nont label="MULDIVExpressionP"/><location loc="52.55--52.61"/></nont><nont label="ADDSUBExpressionP"/><location loc="52.55--52.61"/></nont><nont label="RelationalExpressionP"/><location loc="52.55--52.61"/></nont><nont label="ANDExpressionP"/><location loc="52.55--52.61"/></nont><nont label="ORXORExpressionP"/><location loc="52.55--52.61"/></nont><location loc="52.55--52.61"/></nont><nont label="StatementP"><term lexeme="=" token="ASSIGN"><location loc="52.62--52.62"/></term><nont label="Expression"><nont label="ORXORExpression"><nont label="ANDExpression"><nont label="RelationalExpression"><nont label="ADDSUBExpression"><nont label="MULDIVExpression"><nont label="PrefixExpression"><nont label="PostfixExpression"><nont label="AtomicExpression"><term lexeme="0" token="INTCONST"><location loc="52.63--52.63"/></term><location loc="52.63--52.63"/></nont><nont label="PostfixExpressionP"/><location loc="52.63--52.63"/></nont><location loc="52.63--52.63"/></nont><nont label="MULDIVExpressionP"/><location loc="52.63--52.63"/></nont><nont label="ADDSUBExpressionP"/><location loc="52.63--52.63"/></nont><nont label="RelationalExpressionP"/><location loc="52.63--52.63"/></nont><nont label="ANDExpressionP"/><location loc="52.63--52.63"/></nont><nont label="ORXORExpressionP"/><location loc="52.63--52.63"/></nont><location loc="52.63--52.63"/></nont><location loc="52.62--52.63"/></nont><location loc="52.55--52.63"/></nont><term lexeme=";" token="SEMIC"><location loc="52.64--52.64"/></term><nont label="StatementsP"><nont label="Statement"><nont label="Expression"><nont label="ORXORExpression"><nont label="ANDExpression"><nont label="RelationalExpression"><nont label="ADDSUBExpression"><nont label="MULDIVExpression"><nont label="PrefixExpression"><nont label="PostfixExpression"><nont label="AtomicExpression"><term lexeme="t" token="IDENTIFIER"><location loc="52.66--52.66"/></term><nont label="ArgumentsOpt"/><location loc="52.66--52.66"/></nont><nont label="PostfixExpressionP"><term lexeme="[" token="LBRACKET"><location loc="52.67--52.67"/></term><nont label="Expression"><nont label="ORXORExpression"><nont label="ANDExpression"><nont label="RelationalExpression"><nont label="ADDSUBExpression"><nont label="MULDIVExpression"><nont label="PrefixExpression"><nont label="PostfixExpression"><nont label="AtomicExpression"><term lexeme="4" token="INTCONST"><location loc="52.68--52.68"/></term><location loc="52.68--52.68"/></nont><nont label="PostfixExpressionP"/><location loc="52.68--52.68"/></nont><location loc="52.68--52.68"/></nont><nont label="MULDIVExpressionP"/><location loc="52.68--52.68"/></nont><nont label="ADDSUBExpressionP"/><location loc="52.68--52.68"/></nont><nont label="RelationalExpressionP"/><location loc="52.68--52.68"/></nont><nont label="ANDExpressionP"/><location loc="52.68--52.68"/></nont><nont label="ORXORExpressionP"/><location loc="52.68--52.68"/></nont><location loc="52.68--52.68"/></nont><term lexeme="]" token="RBRACKET"><location loc="52.69--52.69"/></term><nont label="PostfixExpressionP"><term lexeme="[" token="LBRACKET"><location loc="52.70--52.70"/></term><nont label="Expression"><nont label="ORXORExpression"><nont label="ANDExpression"><nont label="RelationalExpression"><nont label="ADDSUBExpression"><nont label="MULDIVExpression"><nont label="PrefixExpression"><nont label="PostfixExpression"><nont label="AtomicExpression"><term lexeme="5" token="INTCONST"><location loc="52.71--52.71"/></term><location loc="52.71--52.71"/></nont><nont label="PostfixExpressionP"/><location loc="52.71--52.71"/></nont><location loc="52.71--52.71"/></nont><nont label="MULDIVExpressionP"/><location loc="52.71--52.71"/></nont><nont label="ADDSUBExpressionP"/><location loc="52.71--52.71"/></nont><nont label="RelationalExpressionP"/><location loc="52.71--52.71"/></nont><nont label="ANDExpressionP"/><location loc="52.71--52.71"/></nont><nont label="ORXORExpressionP"/><location loc="52.71--52.71"/></nont><location loc="52.71--52.71"/></nont><term lexeme="]" token="RBRACKET"><location loc="52.72--52.72"/></term><nont label="PostfixExpressionP"/><location loc="52.70--52.72"/></nont><location loc="52.67--52.72"/></nont><location loc="52.66--52.72"/></nont><location loc="52.66--52.72"/></nont><nont label="MULDIVExpressionP"/><location loc="52.66--52.72"/></nont><nont label="ADDSUBExpressionP"/><location loc="52.66--52.72"/></nont><nont label="RelationalExpressionP"/><location loc="52.66--52.72"/></nont><nont label="ANDExpressionP"/><location loc="52.66--52.72"/></nont><nont label="ORXORExpressionP"/><location loc="52.66--52.72"/></nont><location loc="52.66--52.72"/></nont><nont label="StatementP"><term lexeme="=" token="ASSIGN"><location loc="52.73--52.73"/></term><nont label="Expression"><nont label="ORXORExpression"><nont label="ANDExpression"><nont label="RelationalExpression"><nont label="ADDSUBExpression"><nont label="MULDIVExpression"><nont label="PrefixExpression"><nont label="PostfixExpression"><nont label="AtomicExpression"><term lexeme="0" token="INTCONST"><location loc="52.74--52.74"/></term><location loc="52.74--52.74"/></nont><nont label="PostfixExpressionP"/><location loc="52.74--52.74"/></nont><location loc="52.74--52.74"/></nont><nont label="MULDIVExpressionP"/><location loc="52.74--52.74"/></nont><nont label="ADDSUBExpressionP"/><location loc="52.74--52.74"/></nont><nont label="RelationalExpressionP"/><location loc="52.74--52.74"/></nont><nont label="ANDExpressionP"/><location loc="52.74--52.74"/></nont><nont label="ORXORExpressionP"/><location loc="52.74--52.74"/></nont><location loc="52.74--52.74"/></nont><location loc="52.73--52.74"/></nont><location loc="52.66--52.74"/></nont><term lexeme=";" token="SEMIC"><location loc="52.75--52.75"/></term><nont label="StatementsP"><nont label="Statement"><nont label="Expression"><nont label="ORXORExpression"><nont label="ANDExpression"><nont label="RelationalExpression"><nont label="ADDSUBExpression"><nont label="MULDIVExpression"><nont label="PrefixExpression"><nont label="PostfixExpression"><nont label="AtomicExpression"><term lexeme="t" token="IDENTIFIER"><location loc="52.79--52.79"/></term><nont label="ArgumentsOpt"/><location loc="52.79--52.79"/></nont><nont label="PostfixExpressionP"><term lexeme="[" token="LBRACKET"><location loc="52.80--52.80"/></term><nont label="Expression"><nont label="ORXORExpression"><nont label="ANDExpression"><nont label="RelationalExpression"><nont label="ADDSUBExpression"><nont label="MULDIVExpression"><nont label="PrefixExpression"><nont label="PostfixExpression"><nont label="AtomicExpression"><term lexeme="4" token="INTCONST"><location loc="52.81--52.81"/></term><location loc="52.81--52.81"/></nont><nont label="PostfixExpressionP"/><location loc="52.81--52.81"/></nont><location loc="52.81--52.81"/></nont><nont label="MULDIVExpressionP"/><location loc="52.81--52.81"/></nont><nont label="ADDSUBExpressionP"/><location loc="52.81--52.81"/></nont><nont label="RelationalExpressionP"/><location loc="52.81--52.81"/></nont><nont label="ANDExpressionP"/><location loc="52.81--52.81"/></nont><nont label="ORXORExpressionP"/><location loc="52.81--52.81"/></nont><location loc="52.81--52.81"/></nont><term lexeme="]" token="RBRACKET"><location loc="52.82--52.82"/></term><nont label="PostfixExpressionP"><term lexeme="[" token="LBRACKET"><location loc="52.83--52.83"/></term><nont label="Expression"><nont label="ORXORExpression"><nont label="ANDExpression"><nont label="RelationalExpression"><nont label="ADDSUBExpression"><nont label="MULDIVExpression"><nont label="PrefixExpression"><nont label="PostfixExpression"><nont label="AtomicExpression"><term lexeme="6" token="INTCONST"><location loc="52.84--52.84"/></term><location loc="52.84--52.84"/></nont><nont label="PostfixExpressionP"/><location loc="52.84--52.84"/></nont><location loc="52.84--52.84"/></nont><nont label="MULDIVExpressionP"/><location loc="52.84--52.84"/></nont><nont label="ADDSUBExpressionP"/><location loc="52.84--52.84"/></nont><nont label="RelationalExpressionP"/><location loc="52.84--52.84"/></nont><nont label="ANDExpressionP"/><location loc="52.84--52.84"/></nont><nont label="ORXORExpressionP"/><location loc="52.84--52.84"/></nont><location loc="52.84--52.84"/></nont><term lexeme="]" token="RBRACKET"><location loc="52.85--52.85"/></term><nont label="PostfixExpressionP"/><location loc="52.83--52.85"/></nont><location loc="52.80--52.85"/></nont><location loc="52.79--52.85"/></nont><location loc="52.79--52.85"/></nont><nont label="MULDIVExpressionP"/><location loc="52.79--52.85"/></nont><nont label="ADDSUBExpressionP"/><location loc="52.79--52.85"/></nont><nont label="RelationalExpressionP"/><location loc="52.79--52.85"/></nont><nont label="ANDExpressionP"/><location loc="52.79--52.85"/></nont><nont label="ORXORExpressionP"/><location loc="52.79--52.85"/></nont><location loc="52.79--52.85"/></nont><nont label="StatementP"><term lexeme="=" token="ASSIGN"><location loc="52.86--52.86"/></term><nont label="Expression"><nont label="ORXORExpression"><nont label="ANDExpression"><nont label="RelationalExpression"><nont label="ADDSUBExpression"><nont label="MULDIVExpression"><nont label="PrefixExpression"><nont label="PostfixExpression"><nont label="AtomicExpression"><term lexeme="6" token="INTCONST"><location loc="52.87--52.87"/></term><location loc="52.87--52.87"/></nont><nont label="PostfixExpressionP"/><location loc="52.87--52.87"/></nont><location loc="52.87--52.87"/></nont><nont label="MULDIVExpressionP"/><location loc="52.87--52.87"/></nont><nont label="ADDSUBExpressionP"/><location loc="52.87--52.87"/></nont><nont label="RelationalExpressionP"/><location loc="52.87--52.87"/></nont><nont label="ANDExpressionP"/><location loc="52.87--52.87"/></nont><nont label="ORXORExpressionP"/><location loc="52.87--52.87"/></nont><location loc="52.87--52.87"/></nont><location loc="52.86--52.87"/></nont><location loc="52.79--52.87"/></nont><term lexeme=";" token="SEMIC"><location loc="52.88--52.88"/></term><nont label="StatementsP"><nont label="Statement"><nont label="Expression"><nont label="ORXORExpression"><nont label="ANDExpression"><nont label="RelationalExpression"><nont label="ADDSUBExpression"><nont label="MULDIVExpression"><nont label="PrefixExpression"><nont label="PostfixExpression"><nont label="AtomicExpression"><term lexeme="t" token="IDENTIFIER"><location loc="52.90--52.90"/></term><nont label="ArgumentsOpt"/><location loc="52.90--52.90"/></nont><nont label="PostfixExpressionP"><term lexeme="[" token="LBRACKET"><location loc="52.91--52.91"/></term><nont label="Expression"><nont label="ORXORExpression"><nont label="ANDExpression"><nont label="RelationalExpression"><nont label="ADDSUBExpression"><nont label="MULDIVExpression"><nont label="PrefixExpression"><nont label="PostfixExpression"><nont label="AtomicExpression"><term lexeme="4" token="INTCONST"><location loc="52.92--52.92"/></term><location loc="52.92--52.92"/></nont><nont label="PostfixExpressionP"/><location loc="52.92--52.92"/></nont><location loc="52.92--52.92"/></nont><nont label="MULDIVExpressionP"/><location loc="52.92--52.92"/></nont><nont label="ADDSUBExpressionP"/><location loc="52.92--52.92"/></nont><nont label="RelationalExpressionP"/><location loc="52.92--52.92"/></nont><nont label="ANDExpressionP"/><location loc="52.92--52.92"/></nont><nont label="ORXORExpressionP"/><location loc="52.92--52.92"/></nont><location loc="52.92--52.92"/></nont><term lexeme="]" token="RBRACKET"><location loc="52.93--52.93"/></term><nont label="PostfixExpressionP"><term lexeme="[" token="LBRACKET"><location loc="52.94--52.94"/></term><nont label="Expression"><nont label="ORXORExpression"><nont label="ANDExpression"><nont label="RelationalExpression"><nont label="ADDSUBExpression"><nont label="MULDIVExpression"><nont label="PrefixExpression"><nont label="PostfixExpression"><nont label="AtomicExpression"><term lexeme="7" token="INTCONST"><location loc="52.95--52.95"/></term><location loc="52.95--52.95"/></nont><nont label="PostfixExpressionP"/><location loc="52.95--52.95"/></nont><location loc="52.95--52.95"/></nont><nont label="MULDIVExpressionP"/><location loc="52.95--52.95"/></nont><nont label="ADDSUBExpressionP"/><location loc="52.95--52.95"/></nont><nont label="RelationalExpressionP"/><location loc="52.95--52.95"/></nont><nont label="ANDExpressionP"/><location loc="52.95--52.95"/></nont><nont label="ORXORExpressionP"/><location loc="52.95--52.95"/></nont><location loc="52.95--52.95"/></nont><term lexeme="]" token="RBRACKET"><location loc="52.96--52.96"/></term><nont label="PostfixExpressionP"/><location loc="52.94--52.96"/></nont><location loc="52.91--52.96"/></nont><location loc="52.90--52.96"/></nont><location loc="52.90--52.96"/></nont><nont label="MULDIVExpressionP"/><location loc="52.90--52.96"/></nont><nont label="ADDSUBExpressionP"/><location loc="52.90--52.96"/></nont><nont label="RelationalExpressionP"/><location loc="52.90--52.96"/></nont><nont label="ANDExpressionP"/><location loc="52.90--52.96"/></nont><nont label="ORXORExpressionP"/><location loc="52.90--52.96"/></nont><location loc="52.90--52.96"/></nont><nont label="StatementP"><term lexeme="=" token="ASSIGN"><location loc="52.97--52.97"/></term><nont label="Expression"><nont label="ORXORExpression"><nont label="ANDExpression"><nont label="RelationalExpression"><nont label="ADDSUBExpression"><nont label="MULDIVExpression"><nont label="PrefixExpression"><nont label="PostfixExpression"><nont label="AtomicExpression"><term lexeme="7" token="INTCONST"><location loc="52.98--52.98"/></term><location loc="52.98--52.98"/></nont><nont label="PostfixExpressionP"/><location loc="52.98--52.98"/></nont><location loc="52.98--52.98"/></nont><nont label="MULDIVExpressionP"/><location loc="52.98--52.98"/></nont><nont label="ADDSUBExpressionP"/><location loc="52.98--52.98"/></nont><nont label="RelationalExpressionP"/><location loc="52.98--52.98"/></nont><nont label="ANDExpressionP"/><location loc="52.98--52.98"/></nont><nont label="ORXORExpressionP"/><location loc="52.98--52.98"/></nont><location loc="52.98--52.98"/></nont><location loc="52.97--52.98"/></nont><location loc="52.90--52.98"/></nont><term lexeme=";" token="SEMIC"><location loc="52.99--52.99"/></term><nont label="StatementsP"><nont label="Statement"><nont label="Expression"><nont label="ORXORExpression"><nont label="ANDExpression"><nont label="RelationalExpression"><nont label="ADDSUBExpression"><nont label="MULDIVExpression"><nont label="PrefixExpression"><nont label="PostfixExpression"><nont label="AtomicExpression"><term lexeme="t" token="IDENTIFIER"><location loc="52.101--52.101"/></term><nont label="ArgumentsOpt"/><location loc="52.101--52.101"/></nont><nont label="PostfixExpressionP"><term lexeme="[" token="LBRACKET"><location loc="52.102--52.102"/></term><nont label="Expression"><nont label="ORXORExpression"><nont label="ANDExpression"><nont label="RelationalExpression"><nont label="ADDSUBExpression"><nont label="MULDIVExpression"><nont label="PrefixExpression"><nont label="PostfixExpression"><nont label="AtomicExpression"><term lexeme="4" token="INTCONST"><location loc="52.103--52.103"/></term><location loc="52.103--52.103"/></nont><nont label="PostfixExpressionP"/><location loc="52.103--52.103"/></nont><location loc="52.103--52.103"/></nont><nont label="MULDIVExpressionP"/><location loc="52.103--52.103"/></nont><nont label="ADDSUBExpressionP"/><location loc="52.103--52.103"/></nont><nont label="RelationalExpressionP"/><location loc="52.103--52.103"/></nont><nont label="ANDExpressionP"/><location loc="52.103--52.103"/></nont><nont label="ORXORExpressionP"/><location loc="52.103--52.103"/></nont><location loc="52.103--52.103"/></nont><term lexeme="]" token="RBRACKET"><location loc="52.104--52.104"/></term><nont label="PostfixExpressionP"><term lexeme="[" token="LBRACKET"><location loc="52.105--52.105"/></term><nont label="Expression"><nont label="ORXORExpression"><nont label="ANDExpression"><nont label="RelationalExpression"><nont label="ADDSUBExpression"><nont label="MULDIVExpression"><nont label="PrefixExpression"><nont label="PostfixExpression"><nont label="AtomicExpression"><term lexeme="8" token="INTCONST"><location loc="52.106--52.106"/></term><location loc="52.106--52.106"/></nont><nont label="PostfixExpressionP"/><location loc="52.106--52.106"/></nont><location loc="52.106--52.106"/></nont><nont label="MULDIVExpressionP"/><location loc="52.106--52.106"/></nont><nont label="ADDSUBExpressionP"/><location loc="52.106--52.106"/></nont><nont label="RelationalExpressionP"/><location loc="52.106--52.106"/></nont><nont label="ANDExpressionP"/><location loc="52.106--52.106"/></nont><nont label="ORXORExpressionP"/><location loc="52.106--52.106"/></nont><location loc="52.106--52.106"/></nont><term lexeme="]" token="RBRACKET"><location loc="52.107--52.107"/></term><nont label="PostfixExpressionP"/><location loc="52.105--52.107"/></nont><location loc="52.102--52.107"/></nont><location loc="52.101--52.107"/></nont><location loc="52.101--52.107"/></nont><nont label="MULDIVExpressionP"/><location loc="52.101--52.107"/></nont><nont label="ADDSUBExpressionP"/><location loc="52.101--52.107"/></nont><nont label="RelationalExpressionP"/><location loc="52.101--52.107"/></nont><nont label="ANDExpressionP"/><location loc="52.101--52.107"/></nont><nont label="ORXORExpressionP"/><location loc="52.101--52.107"/></nont><location loc="52.101--52.107"/></nont><nont label="StatementP"><term lexeme="=" token="ASSIGN"><location loc="52.108--52.108"/></term><nont label="Expression"><nont label="ORXORExpression"><nont label="ANDExpression"><nont label="RelationalExpression"><nont label="ADDSUBExpression"><nont label="MULDIVExpression"><nont label="PrefixExpression"><nont label="PostfixExpression"><nont label="AtomicExpression"><term lexeme="0" token="INTCONST"><location loc="52.109--52.109"/></term><location loc="52.109--52.109"/></nont><nont label="PostfixExpressionP"/><location loc="52.109--52.109"/></nont><location loc="52.109--52.109"/></nont><nont label="MULDIVExpressionP"/><location loc="52.109--52.109"/></nont><nont label="ADDSUBExpressionP"/><location loc="52.109--52.109"/></nont><nont label="RelationalExpressionP"/><location loc="52.109--52.109"/></nont><nont label="ANDExpressionP"/><location loc="52.109--52.109"/></nont><nont label="ORXORExpressionP"/><location loc="52.109--52.109"/></nont><location loc="52.109--52.109"/></nont><location loc="52.108--52.109"/></nont><location loc="52.101--52.109"/></nont><term lexeme=";" token="SEMIC"><location loc="52.110--52.110"/></term><nont label="StatementsP"><nont label="Statement"><nont label="Expression"><nont label="ORXORExpression"><nont label="ANDExpression"><nont label="RelationalExpression"><nont label="ADDSUBExpression"><nont label="MULDIVExpression"><nont label="PrefixExpression"><nont label="PostfixExpression"><nont label="AtomicExpression"><term lexeme="t" token="IDENTIFIER"><location loc="53.9--53.9"/></term><nont label="ArgumentsOpt"/><location loc="53.9--53.9"/></nont><nont label="PostfixExpressionP"><term lexeme="[" token="LBRACKET"><location loc="53.10--53.10"/></term><nont label="Expression"><nont label="ORXORExpression"><nont label="ANDExpression"><nont label="RelationalExpression"><nont label="ADDSUBExpression"><nont label="MULDIVExpression"><nont label="PrefixExpression"><nont label="PostfixExpression"><nont label="AtomicExpression"><term lexeme="5" token="INTCONST"><location loc="53.11--53.11"/></term><location loc="53.11--53.11"/></nont><nont label="PostfixExpressionP"/><location loc="53.11--53.11"/></nont><location loc="53.11--53.11"/></nont><nont label="MULDIVExpressionP"/><location loc="53.11--53.11"/></nont><nont label="ADDSUBExpressionP"/><location loc="53.11--53.11"/></nont><nont label="RelationalExpressionP"/><location loc="53.11--53.11"/></nont><nont label="ANDExpressionP"/><location loc="53.11--53.11"/></nont><nont label="ORXORExpressionP"/><location loc="53.11--53.11"/></nont><location loc="53.11--53.11"/></nont><term lexeme="]" token="RBRACKET"><location loc="53.12--53.12"/></term><nont label="PostfixExpressionP"><term lexeme="[" token="LBRACKET"><location loc="53.13--53.13"/></term><nont label="Expression"><nont label="ORXORExpression"><nont label="ANDExpression"><nont label="RelationalExpression"><nont label="ADDSUBExpression"><nont label="MULDIVExpression"><nont label="PrefixExpression"><nont label="PostfixExpression"><nont label="AtomicExpression"><term lexeme="0" token="INTCONST"><location loc="53.14--53.14"/></term><location loc="53.14--53.14"/></nont><nont label="PostfixExpressionP"/><location loc="53.14--53.14"/></nont><location loc="53.14--53.14"/></nont><nont label="MULDIVExpressionP"/><location loc="53.14--53.14"/></nont><nont label="ADDSUBExpressionP"/><location loc="53.14--53.14"/></nont><nont label="RelationalExpressionP"/><location loc="53.14--53.14"/></nont><nont label="ANDExpressionP"/><location loc="53.14--53.14"/></nont><nont label="ORXORExpressionP"/><location loc="53.14--53.14"/></nont><location loc="53.14--53.14"/></nont><term lexeme="]" token="RBRACKET"><location loc="53.15--53.15"/></term><nont label="PostfixExpressionP"/><location loc="53.13--53.15"/></nont><location loc="53.10--53.15"/></nont><location loc="53.9--53.15"/></nont><location loc="53.9--53.15"/></nont><nont label="MULDIVExpressionP"/><location loc="53.9--53.15"/></nont><nont label="ADDSUBExpressionP"/><location loc="53.9--53.15"/></nont><nont label="RelationalExpressionP"/><location loc="53.9--53.15"/></nont><nont label="ANDExpressionP"/><location loc="53.9--53.15"/></nont><nont label="ORXORExpressionP"/><location loc="53.9--53.15"/></nont><location loc="53.9--53.15"/></nont><nont label="StatementP"><term lexeme="=" token="ASSIGN"><location loc="53.16--53.16"/></term><nont label="Expression"><nont label="ORXORExpression"><nont label="ANDExpression"><nont label="RelationalExpression"><nont label="ADDSUBExpression"><nont label="MULDIVExpression"><nont label="PrefixExpression"><nont label="PostfixExpression"><nont label="AtomicExpression"><term lexeme="0" token="INTCONST"><location loc="53.17--53.17"/></term><location loc="53.17--53.17"/></nont><nont label="PostfixExpressionP"/><location loc="53.17--53.17"/></nont><location loc="53.17--53.17"/></nont><nont label="MULDIVExpressionP"/><location loc="53.17--53.17"/></nont><nont label="ADDSUBExpressionP"/><location loc="53.17--53.17"/></nont><nont label="RelationalExpressionP"/><location loc="53.17--53.17"/></nont><nont label="ANDExpressionP"/><location loc="53.17--53.17"/></nont><nont label="ORXORExpressionP"/><location loc="53.17--53.17"/></nont><location loc="53.17--53.17"/></nont><location loc="53.16--53.17"/></nont><location loc="53.9--53.17"/></nont><term lexeme=";" token="SEMIC"><location loc="53.18--53.18"/></term><nont label="StatementsP"><nont label="Statement"><nont label="Expression"><nont label="ORXORExpression"><nont label="ANDExpression"><nont label="RelationalExpression"><nont label="ADDSUBExpression"><nont label="MULDIVExpression"><nont label="PrefixExpression"><nont label="PostfixExpression"><nont label="AtomicExpression"><term lexeme="t" token="IDENTIFIER"><location loc="53.20--53.20"/></term><nont label="ArgumentsOpt"/><location loc="53.20--53.20"/></nont><nont label="PostfixExpressionP"><term lexeme="[" token="LBRACKET"><location loc="53.21--53.21"/></term><nont label="Expression"><nont label="ORXORExpression"><nont label="ANDExpression"><nont label="RelationalExpression"><nont label="ADDSUBExpression"><nont label="MULDIVExpression"><nont label="PrefixExpression"><nont label="PostfixExpression"><nont label="AtomicExpression"><term lexeme="5" token="INTCONST"><location loc="53.22--53.22"/></term><location loc="53.22--53.22"/></nont><nont label="PostfixExpressionP"/><location loc="53.22--53.22"/></nont><location loc="53.22--53.22"/></nont><nont label="MULDIVExpressionP"/><location loc="53.22--53.22"/></nont><nont label="ADDSUBExpressionP"/><location loc="53.22--53.22"/></nont><nont label="RelationalExpressionP"/><location loc="53.22--53.22"/></nont><nont label="ANDExpressionP"/><location loc="53.22--53.22"/></nont><nont label="ORXORExpressionP"/><location loc="53.22--53.22"/></nont><location loc="53.22--53.22"/></nont><term lexeme="]" token="RBRACKET"><location loc="53.23--53.23"/></term><nont label="PostfixExpressionP"><term lexeme="[" token="LBRACKET"><location loc="53.24--53.24"/></term><nont label="Expression"><nont label="ORXORExpression"><nont label="ANDExpression"><nont label="RelationalExpression"><nont label="ADDSUBExpression"><nont label="MULDIVExpression"><nont label="PrefixExpression"><nont label="PostfixExpression"><nont label="AtomicExpression"><term lexeme="1" token="INTCONST"><location loc="53.25--53.25"/></term><location loc="53.25--53.25"/></nont><nont label="PostfixExpressionP"/><location loc="53.25--53.25"/></nont><location loc="53.25--53.25"/></nont><nont label="MULDIVExpressionP"/><location loc="53.25--53.25"/></nont><nont label="ADDSUBExpressionP"/><location loc="53.25--53.25"/></nont><nont label="RelationalExpressionP"/><location loc="53.25--53.25"/></nont><nont label="ANDExpressionP"/><location loc="53.25--53.25"/></nont><nont label="ORXORExpressionP"/><location loc="53.25--53.25"/></nont><location loc="53.25--53.25"/></nont><term lexeme="]" token="RBRACKET"><location loc="53.26--53.26"/></term><nont label="PostfixExpressionP"/><location loc="53.24--53.26"/></nont><location loc="53.21--53.26"/></nont><location loc="53.20--53.26"/></nont><location loc="53.20--53.26"/></nont><nont label="MULDIVExpressionP"/><location loc="53.20--53.26"/></nont><nont label="ADDSUBExpressionP"/><location loc="53.20--53.26"/></nont><nont label="RelationalExpressionP"/><location loc="53.20--53.26"/></nont><nont label="ANDExpressionP"/><location loc="53.20--53.26"/></nont><nont label="ORXORExpressionP"/><location loc="53.20--53.26"/></nont><location loc="53.20--53.26"/></nont><nont label="StatementP"><term lexeme="=" token="ASSIGN"><location loc="53.27--53.27"/></term><nont label="Expression"><nont label="ORXORExpression"><nont label="ANDExpression"><nont label="RelationalExpression"><nont label="ADDSUBExpression"><nont label="MULDIVExpression"><nont label="PrefixExpression"><nont label="PostfixExpression"><nont label="AtomicExpression"><term lexeme="0" token="INTCONST"><location loc="53.28--53.28"/></term><location loc="53.28--53.28"/></nont><nont label="PostfixExpressionP"/><location loc="53.28--53.28"/></nont><location loc="53.28--53.28"/></nont><nont label="MULDIVExpressionP"/><location loc="53.28--53.28"/></nont><nont label="ADDSUBExpressionP"/><location loc="53.28--53.28"/></nont><nont label="RelationalExpressionP"/><location loc="53.28--53.28"/></nont><nont label="ANDExpressionP"/><location loc="53.28--53.28"/></nont><nont label="ORXORExpressionP"/><location loc="53.28--53.28"/></nont><location loc="53.28--53.28"/></nont><location loc="53.27--53.28"/></nont><location loc="53.20--53.28"/></nont><term lexeme=";" token="SEMIC"><location loc="53.29--53.29"/></term><nont label="StatementsP"><nont label="Statement"><nont label="Expression"><nont label="ORXORExpression"><nont label="ANDExpression"><nont label="RelationalExpression"><nont label="ADDSUBExpression"><nont label="MULDIVExpression"><nont label="PrefixExpression"><nont label="PostfixExpression"><nont label="AtomicExpression"><term lexeme="t" token="IDENTIFIER"><location loc="53.31--53.31"/></term><nont label="ArgumentsOpt"/><location loc="53.31--53.31"/></nont><nont label="PostfixExpressionP"><term lexeme="[" token="LBRACKET"><location loc="53.32--53.32"/></term><nont label="Expression"><nont label="ORXORExpression"><nont label="ANDExpression"><nont label="RelationalExpression"><nont label="ADDSUBExpression"><nont label="MULDIVExpression"><nont label="PrefixExpression"><nont label="PostfixExpression"><nont label="AtomicExpression"><term lexeme="5" token="INTCONST"><location loc="53.33--53.33"/></term><location loc="53.33--53.33"/></nont><nont label="PostfixExpressionP"/><location loc="53.33--53.33"/></nont><location loc="53.33--53.33"/></nont><nont label="MULDIVExpressionP"/><location loc="53.33--53.33"/></nont><nont label="ADDSUBExpressionP"/><location loc="53.33--53.33"/></nont><nont label="RelationalExpressionP"/><location loc="53.33--53.33"/></nont><nont label="ANDExpressionP"/><location loc="53.33--53.33"/></nont><nont label="ORXORExpressionP"/><location loc="53.33--53.33"/></nont><location loc="53.33--53.33"/></nont><term lexeme="]" token="RBRACKET"><location loc="53.34--53.34"/></term><nont label="PostfixExpressionP"><term lexeme="[" token="LBRACKET"><location loc="53.35--53.35"/></term><nont label="Expression"><nont label="ORXORExpression"><nont label="ANDExpression"><nont label="RelationalExpression"><nont label="ADDSUBExpression"><nont label="MULDIVExpression"><nont label="PrefixExpression"><nont label="PostfixExpression"><nont label="AtomicExpression"><term lexeme="2" token="INTCONST"><location loc="53.36--53.36"/></term><location loc="53.36--53.36"/></nont><nont label="PostfixExpressionP"/><location loc="53.36--53.36"/></nont><location loc="53.36--53.36"/></nont><nont label="MULDIVExpressionP"/><location loc="53.36--53.36"/></nont><nont label="ADDSUBExpressionP"/><location loc="53.36--53.36"/></nont><nont label="RelationalExpressionP"/><location loc="53.36--53.36"/></nont><nont label="ANDExpressionP"/><location loc="53.36--53.36"/></nont><nont label="ORXORExpressionP"/><location loc="53.36--53.36"/></nont><location loc="53.36--53.36"/></nont><term lexeme="]" token="RBRACKET"><location loc="53.37--53.37"/></term><nont label="PostfixExpressionP"/><location loc="53.35--53.37"/></nont><location loc="53.32--53.37"/></nont><location loc="53.31--53.37"/></nont><location loc="53.31--53.37"/></nont><nont label="MULDIVExpressionP"/><location loc="53.31--53.37"/></nont><nont label="ADDSUBExpressionP"/><location loc="53.31--53.37"/></nont><nont label="RelationalExpressionP"/><location loc="53.31--53.37"/></nont><nont label="ANDExpressionP"/><location loc="53.31--53.37"/></nont><nont label="ORXORExpressionP"/><location loc="53.31--53.37"/></nont><location loc="53.31--53.37"/></nont><nont label="StatementP"><term lexeme="=" token="ASSIGN"><location loc="53.38--53.38"/></term><nont label="Expression"><nont label="ORXORExpression"><nont label="ANDExpression"><nont label="RelationalExpression"><nont label="ADDSUBExpression"><nont label="MULDIVExpression"><nont label="PrefixExpression"><nont label="PostfixExpression"><nont label="AtomicExpression"><term lexeme="0" token="INTCONST"><location loc="53.39--53.39"/></term><location loc="53.39--53.39"/></nont><nont label="PostfixExpressionP"/><location loc="53.39--53.39"/></nont><location loc="53.39--53.39"/></nont><nont label="MULDIVExpressionP"/><location loc="53.39--53.39"/></nont><nont label="ADDSUBExpressionP"/><location loc="53.39--53.39"/></nont><nont label="RelationalExpressionP"/><location loc="53.39--53.39"/></nont><nont label="ANDExpressionP"/><location loc="53.39--53.39"/></nont><nont label="ORXORExpressionP"/><location loc="53.39--53.39"/></nont><location loc="53.39--53.39"/></nont><location loc="53.38--53.39"/></nont><location loc="53.31--53.39"/></nont><term lexeme=";" token="SEMIC"><location loc="53.40--53.40"/></term><nont label="StatementsP"><nont label="Statement"><nont label="Expression"><nont label="ORXORExpression"><nont label="ANDExpression"><nont label="RelationalExpression"><nont label="ADDSUBExpression"><nont label="MULDIVExpression"><nont label="PrefixExpression"><nont label="PostfixExpression"><nont label="AtomicExpression"><term lexeme="t" token="IDENTIFIER"><location loc="53.44--53.44"/></term><nont label="ArgumentsOpt"/><location loc="53.44--53.44"/></nont><nont label="PostfixExpressionP"><term lexeme="[" token="LBRACKET"><location loc="53.45--53.45"/></term><nont label="Expression"><nont label="ORXORExpression"><nont label="ANDExpression"><nont label="RelationalExpression"><nont label="ADDSUBExpression"><nont label="MULDIVExpression"><nont label="PrefixExpression"><nont label="PostfixExpression"><nont label="AtomicExpression"><term lexeme="5" token="INTCONST"><location loc="53.46--53.46"/></term><location loc="53.46--53.46"/></nont><nont label="PostfixExpressionP"/><location loc="53.46--53.46"/></nont><location loc="53.46--53.46"/></nont><nont label="MULDIVExpressionP"/><location loc="53.46--53.46"/></nont><nont label="ADDSUBExpressionP"/><location loc="53.46--53.46"/></nont><nont label="RelationalExpressionP"/><location loc="53.46--53.46"/></nont><nont label="ANDExpressionP"/><location loc="53.46--53.46"/></nont><nont label="ORXORExpressionP"/><location loc="53.46--53.46"/></nont><location loc="53.46--53.46"/></nont><term lexeme="]" token="RBRACKET"><location loc="53.47--53.47"/></term><nont label="PostfixExpressionP"><term lexeme="[" token="LBRACKET"><location loc="53.48--53.48"/></term><nont label="Expression"><nont label="ORXORExpression"><nont label="ANDExpression"><nont label="RelationalExpression"><nont label="ADDSUBExpression"><nont label="MULDIVExpression"><nont label="PrefixExpression"><nont label="PostfixExpression"><nont label="AtomicExpression"><term lexeme="3" token="INTCONST"><location loc="53.49--53.49"/></term><location loc="53.49--53.49"/></nont><nont label="PostfixExpressionP"/><location loc="53.49--53.49"/></nont><location loc="53.49--53.49"/></nont><nont label="MULDIVExpressionP"/><location loc="53.49--53.49"/></nont><nont label="ADDSUBExpressionP"/><location loc="53.49--53.49"/></nont><nont label="RelationalExpressionP"/><location loc="53.49--53.49"/></nont><nont label="ANDExpressionP"/><location loc="53.49--53.49"/></nont><nont label="ORXORExpressionP"/><location loc="53.49--53.49"/></nont><location loc="53.49--53.49"/></nont><term lexeme="]" token="RBRACKET"><location loc="53.50--53.50"/></term><nont label="PostfixExpressionP"/><location loc="53.48--53.50"/></nont><location loc="53.45--53.50"/></nont><location loc="53.44--53.50"/></nont><location loc="53.44--53.50"/></nont><nont label="MULDIVExpressionP"/><location loc="53.44--53.50"/></nont><nont label="ADDSUBExpressionP"/><location loc="53.44--53.50"/></nont><nont label="RelationalExpressionP"/><location loc="53.44--53.50"/></nont><nont label="ANDExpressionP"/><location loc="53.44--53.50"/></nont><nont label="ORXORExpressionP"/><location loc="53.44--53.50"/></nont><location loc="53.44--53.50"/></nont><nont label="StatementP"><term lexeme="=" token="ASSIGN"><location loc="53.51--53.51"/></term><nont label="Expression"><nont label="ORXORExpression"><nont label="ANDExpression"><nont label="RelationalExpression"><nont label="ADDSUBExpression"><nont label="MULDIVExpression"><nont label="PrefixExpression"><nont label="PostfixExpression"><nont label="AtomicExpression"><term lexeme="0" token="INTCONST"><location loc="53.52--53.52"/></term><location loc="53.52--53.52"/></nont><nont label="PostfixExpressionP"/><location loc="53.52--53.52"/></nont><location loc="53.52--53.52"/></nont><nont label="MULDIVExpressionP"/><location loc="53.52--53.52"/></nont><nont label="ADDSUBExpressionP"/><location loc="53.52--53.52"/></nont><nont label="RelationalExpressionP"/><location loc="53.52--53.52"/></nont><nont label="ANDExpressionP"/><location loc="53.52--53.52"/></nont><nont label="ORXORExpressionP"/><location loc="53.52--53.52"/></nont><location loc="53.52--53.52"/></nont><location loc="53.51--53.52"/></nont><location loc="53.44--53.52"/></nont><term lexeme=";" token="SEMIC"><location loc="53.53--53.53"/></term><nont label="StatementsP"><nont label="Statement"><nont label="Expression"><nont label="ORXORExpression"><nont label="ANDExpression"><nont label="RelationalExpression"><nont label="ADDSUBExpression"><nont label="MULDIVExpression"><nont label="PrefixExpression"><nont label="PostfixExpression"><nont label="AtomicExpression"><term lexeme="t" token="IDENTIFIER"><location loc="53.55--53.55"/></term><nont label="ArgumentsOpt"/><location loc="53.55--53.55"/></nont><nont label="PostfixExpressionP"><term lexeme="[" token="LBRACKET"><location loc="53.56--53.56"/></term><nont label="Expression"><nont label="ORXORExpression"><nont label="ANDExpression"><nont label="RelationalExpression"><nont label="ADDSUBExpression"><nont label="MULDIVExpression"><nont label="PrefixExpression"><nont label="PostfixExpression"><nont label="AtomicExpression"><term lexeme="5" token="INTCONST"><location loc="53.57--53.57"/></term><location loc="53.57--53.57"/></nont><nont label="PostfixExpressionP"/><location loc="53.57--53.57"/></nont><location loc="53.57--53.57"/></nont><nont label="MULDIVExpressionP"/><location loc="53.57--53.57"/></nont><nont label="ADDSUBExpressionP"/><location loc="53.57--53.57"/></nont><nont label="RelationalExpressionP"/><location loc="53.57--53.57"/></nont><nont label="ANDExpressionP"/><location loc="53.57--53.57"/></nont><nont label="ORXORExpressionP"/><location loc="53.57--53.57"/></nont><location loc="53.57--53.57"/></nont><term lexeme="]" token="RBRACKET"><location loc="53.58--53.58"/></term><nont label="PostfixExpressionP"><term lexeme="[" token="LBRACKET"><location loc="53.59--53.59"/></term><nont label="Expression"><nont label="ORXORExpression"><nont label="ANDExpression"><nont label="RelationalExpression"><nont label="ADDSUBExpression"><nont label="MULDIVExpression"><nont label="PrefixExpression"><nont label="PostfixExpression"><nont label="AtomicExpression"><term lexeme="4" token="INTCONST"><location loc="53.60--53.60"/></term><location loc="53.60--53.60"/></nont><nont label="PostfixExpressionP"/><location loc="53.60--53.60"/></nont><location loc="53.60--53.60"/></nont><nont label="MULDIVExpressionP"/><location loc="53.60--53.60"/></nont><nont label="ADDSUBExpressionP"/><location loc="53.60--53.60"/></nont><nont label="RelationalExpressionP"/><location loc="53.60--53.60"/></nont><nont label="ANDExpressionP"/><location loc="53.60--53.60"/></nont><nont label="ORXORExpressionP"/><location loc="53.60--53.60"/></nont><location loc="53.60--53.60"/></nont><term lexeme="]" token="RBRACKET"><location loc="53.61--53.61"/></term><nont label="PostfixExpressionP"/><location loc="53.59--53.61"/></nont><location loc="53.56--53.61"/></nont><location loc="53.55--53.61"/></nont><location loc="53.55--53.61"/></nont><nont label="MULDIVExpressionP"/><location loc="53.55--53.61"/></nont><nont label="ADDSUBExpressionP"/><location loc="53.55--53.61"/></nont><nont label="RelationalExpressionP"/><location loc="53.55--53.61"/></nont><nont label="ANDExpressionP"/><location loc="53.55--53.61"/></nont><nont label="ORXORExpressionP"/><location loc="53.55--53.61"/></nont><location loc="53.55--53.61"/></nont><nont label="StatementP"><term lexeme="=" token="ASSIGN"><location loc="53.62--53.62"/></term><nont label="Expression"><nont label="ORXORExpression"><nont label="ANDExpression"><nont label="RelationalExpression"><nont label="ADDSUBExpression"><nont label="MULDIVExpression"><nont label="PrefixExpression"><nont label="PostfixExpression"><nont label="AtomicExpression"><term lexeme="0" token="INTCONST"><location loc="53.63--53.63"/></term><location loc="53.63--53.63"/></nont><nont label="PostfixExpressionP"/><location loc="53.63--53.63"/></nont><location loc="53.63--53.63"/></nont><nont label="MULDIVExpressionP"/><location loc="53.63--53.63"/></nont><nont label="ADDSUBExpressionP"/><location loc="53.63--53.63"/></nont><nont label="RelationalExpressionP"/><location loc="53.63--53.63"/></nont><nont label="ANDExpressionP"/><location loc="53.63--53.63"/></nont><nont label="ORXORExpressionP"/><location loc="53.63--53.63"/></nont><location loc="53.63--53.63"/></nont><location loc="53.62--53.63"/></nont><location loc="53.55--53.63"/></nont><term lexeme=";" token="SEMIC"><location loc="53.64--53.64"/></term><nont label="StatementsP"><nont label="Statement"><nont label="Expression"><nont label="ORXORExpression"><nont label="ANDExpression"><nont label="RelationalExpression"><nont label="ADDSUBExpression"><nont label="MULDIVExpression"><nont label="PrefixExpression"><nont label="PostfixExpression"><nont label="AtomicExpression"><term lexeme="t" token="IDENTIFIER"><location loc="53.66--53.66"/></term><nont label="ArgumentsOpt"/><location loc="53.66--53.66"/></nont><nont label="PostfixExpressionP"><term lexeme="[" token="LBRACKET"><location loc="53.67--53.67"/></term><nont label="Expression"><nont label="ORXORExpression"><nont label="ANDExpression"><nont label="RelationalExpression"><nont label="ADDSUBExpression"><nont label="MULDIVExpression"><nont label="PrefixExpression"><nont label="PostfixExpression"><nont label="AtomicExpression"><term lexeme="5" token="INTCONST"><location loc="53.68--53.68"/></term><location loc="53.68--53.68"/></nont><nont label="PostfixExpressionP"/><location loc="53.68--53.68"/></nont><location loc="53.68--53.68"/></nont><nont label="MULDIVExpressionP"/><location loc="53.68--53.68"/></nont><nont label="ADDSUBExpressionP"/><location loc="53.68--53.68"/></nont><nont label="RelationalExpressionP"/><location loc="53.68--53.68"/></nont><nont label="ANDExpressionP"/><location loc="53.68--53.68"/></nont><nont label="ORXORExpressionP"/><location loc="53.68--53.68"/></nont><location loc="53.68--53.68"/></nont><term lexeme="]" token="RBRACKET"><location loc="53.69--53.69"/></term><nont label="PostfixExpressionP"><term lexeme="[" token="LBRACKET"><location loc="53.70--53.70"/></term><nont label="Expression"><nont label="ORXORExpression"><nont label="ANDExpression"><nont label="RelationalExpression"><nont label="ADDSUBExpression"><nont label="MULDIVExpression"><nont label="PrefixExpression"><nont label="PostfixExpression"><nont label="AtomicExpression"><term lexeme="5" token="INTCONST"><location loc="53.71--53.71"/></term><location loc="53.71--53.71"/></nont><nont label="PostfixExpressionP"/><location loc="53.71--53.71"/></nont><location loc="53.71--53.71"/></nont><nont label="MULDIVExpressionP"/><location loc="53.71--53.71"/></nont><nont label="ADDSUBExpressionP"/><location loc="53.71--53.71"/></nont><nont label="RelationalExpressionP"/><location loc="53.71--53.71"/></nont><nont label="ANDExpressionP"/><location loc="53.71--53.71"/></nont><nont label="ORXORExpressionP"/><location loc="53.71--53.71"/></nont><location loc="53.71--53.71"/></nont><term lexeme="]" token="RBRACKET"><location loc="53.72--53.72"/></term><nont label="PostfixExpressionP"/><location loc="53.70--53.72"/></nont><location loc="53.67--53.72"/></nont><location loc="53.66--53.72"/></nont><location loc="53.66--53.72"/></nont><nont label="MULDIVExpressionP"/><location loc="53.66--53.72"/></nont><nont label="ADDSUBExpressionP"/><location loc="53.66--53.72"/></nont><nont label="RelationalExpressionP"/><location loc="53.66--53.72"/></nont><nont label="ANDExpressionP"/><location loc="53.66--53.72"/></nont><nont label="ORXORExpressionP"/><location loc="53.66--53.72"/></nont><location loc="53.66--53.72"/></nont><nont label="StatementP"><term lexeme="=" token="ASSIGN"><location loc="53.73--53.73"/></term><nont label="Expression"><nont label="ORXORExpression"><nont label="ANDExpression"><nont label="RelationalExpression"><nont label="ADDSUBExpression"><nont label="MULDIVExpression"><nont label="PrefixExpression"><nont label="PostfixExpression"><nont label="AtomicExpression"><term lexeme="9" token="INTCONST"><location loc="53.74--53.74"/></term><location loc="53.74--53.74"/></nont><nont label="PostfixExpressionP"/><location loc="53.74--53.74"/></nont><location loc="53.74--53.74"/></nont><nont label="MULDIVExpressionP"/><location loc="53.74--53.74"/></nont><nont label="ADDSUBExpressionP"/><location loc="53.74--53.74"/></nont><nont label="RelationalExpressionP"/><location loc="53.74--53.74"/></nont><nont label="ANDExpressionP"/><location loc="53.74--53.74"/></nont><nont label="ORXORExpressionP"/><location loc="53.74--53.74"/></nont><location loc="53.74--53.74"/></nont><location loc="53.73--53.74"/></nont><location loc="53.66--53.74"/></nont><term lexeme=";" token="SEMIC"><location loc="53.75--53.75"/></term><nont label="StatementsP"><nont label="Statement"><nont label="Expression"><nont label="ORXORExpression"><nont label="ANDExpression"><nont label="RelationalExpression"><nont label="ADDSUBExpression"><nont label="MULDIVExpression"><nont label="PrefixExpression"><nont label="PostfixExpression"><nont label="AtomicExpression"><term lexeme="t" token="IDENTIFIER"><location loc="53.79--53.79"/></term><nont label="ArgumentsOpt"/><location loc="53.79--53.79"/></nont><nont label="PostfixExpressionP"><term lexeme="[" token="LBRACKET"><location loc="53.80--53.80"/></term><nont label="Expression"><nont label="ORXORExpression"><nont label="ANDExpression"><nont label="RelationalExpression"><nont label="ADDSUBExpression"><nont label="MULDIVExpression"><nont label="PrefixExpression"><nont label="PostfixExpression"><nont label="AtomicExpression"><term lexeme="5" token="INTCONST"><location loc="53.81--53.81"/></term><location loc="53.81--53.81"/></nont><nont label="PostfixExpressionP"/><location loc="53.81--53.81"/></nont><location loc="53.81--53.81"/></nont><nont label="MULDIVExpressionP"/><location loc="53.81--53.81"/></nont><nont label="ADDSUBExpressionP"/><location loc="53.81--53.81"/></nont><nont label="RelationalExpressionP"/><location loc="53.81--53.81"/></nont><nont label="ANDExpressionP"/><location loc="53.81--53.81"/></nont><nont label="ORXORExpressionP"/><location loc="53.81--53.81"/></nont><location loc="53.81--53.81"/></nont><term lexeme="]" token="RBRACKET"><location loc="53.82--53.82"/></term><nont label="PostfixExpressionP"><term lexeme="[" token="LBRACKET"><location loc="53.83--53.83"/></term><nont label="Expression"><nont label="ORXORExpression"><nont label="ANDExpression"><nont label="RelationalExpression"><nont label="ADDSUBExpression"><nont label="MULDIVExpression"><nont label="PrefixExpression"><nont label="PostfixExpression"><nont label="AtomicExpression"><term lexeme="6" token="INTCONST"><location loc="53.84--53.84"/></term><location loc="53.84--53.84"/></nont><nont label="PostfixExpressionP"/><location loc="53.84--53.84"/></nont><location loc="53.84--53.84"/></nont><nont label="MULDIVExpressionP"/><location loc="53.84--53.84"/></nont><nont label="ADDSUBExpressionP"/><location loc="53.84--53.84"/></nont><nont label="RelationalExpressionP"/><location loc="53.84--53.84"/></nont><nont label="ANDExpressionP"/><location loc="53.84--53.84"/></nont><nont label="ORXORExpressionP"/><location loc="53.84--53.84"/></nont><location loc="53.84--53.84"/></nont><term lexeme="]" token="RBRACKET"><location loc="53.85--53.85"/></term><nont label="PostfixExpressionP"/><location loc="53.83--53.85"/></nont><location loc="53.80--53.85"/></nont><location loc="53.79--53.85"/></nont><location loc="53.79--53.85"/></nont><nont label="MULDIVExpressionP"/><location loc="53.79--53.85"/></nont><nont label="ADDSUBExpressionP"/><location loc="53.79--53.85"/></nont><nont label="RelationalExpressionP"/><location loc="53.79--53.85"/></nont><nont label="ANDExpressionP"/><location loc="53.79--53.85"/></nont><nont label="ORXORExpressionP"/><location loc="53.79--53.85"/></nont><location loc="53.79--53.85"/></nont><nont label="StatementP"><term lexeme="=" token="ASSIGN"><location loc="53.86--53.86"/></term><nont label="Expression"><nont label="ORXORExpression"><nont label="ANDExpression"><nont label="RelationalExpression"><nont label="ADDSUBExpression"><nont label="MULDIVExpression"><nont label="PrefixExpression"><nont label="PostfixExpression"><nont label="AtomicExpression"><term lexeme="0" token="INTCONST"><location loc="53.87--53.87"/></term><location loc="53.87--53.87"/></nont><nont label="PostfixExpressionP"/><location loc="53.87--53.87"/></nont><location loc="53.87--53.87"/></nont><nont label="MULDIVExpressionP"/><location loc="53.87--53.87"/></nont><nont label="ADDSUBExpressionP"/><location loc="53.87--53.87"/></nont><nont label="RelationalExpressionP"/><location loc="53.87--53.87"/></nont><nont label="ANDExpressionP"/><location loc="53.87--53.87"/></nont><nont label="ORXORExpressionP"/><location loc="53.87--53.87"/></nont><location loc="53.87--53.87"/></nont><location loc="53.86--53.87"/></nont><location loc="53.79--53.87"/></nont><term lexeme=";" token="SEMIC"><location loc="53.88--53.88"/></term><nont label="StatementsP"><nont label="Statement"><nont label="Expression"><nont label="ORXORExpression"><nont label="ANDExpression"><nont label="RelationalExpression"><nont label="ADDSUBExpression"><nont label="MULDIVExpression"><nont label="PrefixExpression"><nont label="PostfixExpression"><nont label="AtomicExpression"><term lexeme="t" token="IDENTIFIER"><location loc="53.90--53.90"/></term><nont label="ArgumentsOpt"/><location loc="53.90--53.90"/></nont><nont label="PostfixExpressionP"><term lexeme="[" token="LBRACKET"><location loc="53.91--53.91"/></term><nont label="Expression"><nont label="ORXORExpression"><nont label="ANDExpression"><nont label="RelationalExpression"><nont label="ADDSUBExpression"><nont label="MULDIVExpression"><nont label="PrefixExpression"><nont label="PostfixExpression"><nont label="AtomicExpression"><term lexeme="5" token="INTCONST"><location loc="53.92--53.92"/></term><location loc="53.92--53.92"/></nont><nont label="PostfixExpressionP"/><location loc="53.92--53.92"/></nont><location loc="53.92--53.92"/></nont><nont label="MULDIVExpressionP"/><location loc="53.92--53.92"/></nont><nont label="ADDSUBExpressionP"/><location loc="53.92--53.92"/></nont><nont label="RelationalExpressionP"/><location loc="53.92--53.92"/></nont><nont label="ANDExpressionP"/><location loc="53.92--53.92"/></nont><nont label="ORXORExpressionP"/><location loc="53.92--53.92"/></nont><location loc="53.92--53.92"/></nont><term lexeme="]" token="RBRACKET"><location loc="53.93--53.93"/></term><nont label="PostfixExpressionP"><term lexeme="[" token="LBRACKET"><location loc="53.94--53.94"/></term><nont label="Expression"><nont label="ORXORExpression"><nont label="ANDExpression"><nont label="RelationalExpression"><nont label="ADDSUBExpression"><nont label="MULDIVExpression"><nont label="PrefixExpression"><nont label="PostfixExpression"><nont label="AtomicExpression"><term lexeme="7" token="INTCONST"><location loc="53.95--53.95"/></term><location loc="53.95--53.95"/></nont><nont label="PostfixExpressionP"/><location loc="53.95--53.95"/></nont><location loc="53.95--53.95"/></nont><nont label="MULDIVExpressionP"/><location loc="53.95--53.95"/></nont><nont label="ADDSUBExpressionP"/><location loc="53.95--53.95"/></nont><nont label="RelationalExpressionP"/><location loc="53.95--53.95"/></nont><nont label="ANDExpressionP"/><location loc="53.95--53.95"/></nont><nont label="ORXORExpressionP"/><location loc="53.95--53.95"/></nont><location loc="53.95--53.95"/></nont><term lexeme="]" token="RBRACKET"><location loc="53.96--53.96"/></term><nont label="PostfixExpressionP"/><location loc="53.94--53.96"/></nont><location loc="53.91--53.96"/></nont><location loc="53.90--53.96"/></nont><location loc="53.90--53.96"/></nont><nont label="MULDIVExpressionP"/><location loc="53.90--53.96"/></nont><nont label="ADDSUBExpressionP"/><location loc="53.90--53.96"/></nont><nont label="RelationalExpressionP"/><location loc="53.90--53.96"/></nont><nont label="ANDExpressionP"/><location loc="53.90--53.96"/></nont><nont label="ORXORExpressionP"/><location loc="53.90--53.96"/></nont><location loc="53.90--53.96"/></nont><nont label="StatementP"><term lexeme="=" token="ASSIGN"><location loc="53.97--53.97"/></term><nont label="Expression"><nont label="ORXORExpression"><nont label="ANDExpression"><nont label="RelationalExpression"><nont label="ADDSUBExpression"><nont label="MULDIVExpression"><nont label="PrefixExpression"><nont label="PostfixExpression"><nont label="AtomicExpression"><term lexeme="0" token="INTCONST"><location loc="53.98--53.98"/></term><location loc="53.98--53.98"/></nont><nont label="PostfixExpressionP"/><location loc="53.98--53.98"/></nont><location loc="53.98--53.98"/></nont><nont label="MULDIVExpressionP"/><location loc="53.98--53.98"/></nont><nont label="ADDSUBExpressionP"/><location loc="53.98--53.98"/></nont><nont label="RelationalExpressionP"/><location loc="53.98--53.98"/></nont><nont label="ANDExpressionP"/><location loc="53.98--53.98"/></nont><nont label="ORXORExpressionP"/><location loc="53.98--53.98"/></nont><location loc="53.98--53.98"/></nont><location loc="53.97--53.98"/></nont><location loc="53.90--53.98"/></nont><term lexeme=";" token="SEMIC"><location loc="53.99--53.99"/></term><nont label="StatementsP"><nont label="Statement"><nont label="Expression"><nont label="ORXORExpression"><nont label="ANDExpression"><nont label="RelationalExpression"><nont label="ADDSUBExpression"><nont label="MULDIVExpression"><nont label="PrefixExpression"><nont label="PostfixExpression"><nont label="AtomicExpression"><term lexeme="t" token="IDENTIFIER"><location loc="53.101--53.101"/></term><nont label="ArgumentsOpt"/><location loc="53.101--53.101"/></nont><nont label="PostfixExpressionP"><term lexeme="[" token="LBRACKET"><location loc="53.102--53.102"/></term><nont label="Expression"><nont label="ORXORExpression"><nont label="ANDExpression"><nont label="RelationalExpression"><nont label="ADDSUBExpression"><nont label="MULDIVExpression"><nont label="PrefixExpression"><nont label="PostfixExpression"><nont label="AtomicExpression"><term lexeme="5" token="INTCONST"><location loc="53.103--53.103"/></term><location loc="53.103--53.103"/></nont><nont label="PostfixExpressionP"/><location loc="53.103--53.103"/></nont><location loc="53.103--53.103"/></nont><nont label="MULDIVExpressionP"/><location loc="53.103--53.103"/></nont><nont label="ADDSUBExpressionP"/><location loc="53.103--53.103"/></nont><nont label="RelationalExpressionP"/><location loc="53.103--53.103"/></nont><nont label="ANDExpressionP"/><location loc="53.103--53.103"/></nont><nont label="ORXORExpressionP"/><location loc="53.103--53.103"/></nont><location loc="53.103--53.103"/></nont><term lexeme="]" token="RBRACKET"><location loc="53.104--53.104"/></term><nont label="PostfixExpressionP"><term lexeme="[" token="LBRACKET"><location loc="53.105--53.105"/></term><nont label="Expression"><nont label="ORXORExpression"><nont label="ANDExpression"><nont label="RelationalExpression"><nont label="ADDSUBExpression"><nont label="MULDIVExpression"><nont label="PrefixExpression"><nont label="PostfixExpression"><nont label="AtomicExpression"><term lexeme="8" token="INTCONST"><location loc="53.106--53.106"/></term><location loc="53.106--53.106"/></nont><nont label="PostfixExpressionP"/><location loc="53.106--53.106"/></nont><location loc="53.106--53.106"/></nont><nont label="MULDIVExpressionP"/><location loc="53.106--53.106"/></nont><nont label="ADDSUBExpressionP"/><location loc="53.106--53.106"/></nont><nont label="RelationalExpressionP"/><location loc="53.106--53.106"/></nont><nont label="ANDExpressionP"/><location loc="53.106--53.106"/></nont><nont label="ORXORExpressionP"/><location loc="53.106--53.106"/></nont><location loc="53.106--53.106"/></nont><term lexeme="]" token="RBRACKET"><location loc="53.107--53.107"/></term><nont label="PostfixExpressionP"/><location loc="53.105--53.107"/></nont><location loc="53.102--53.107"/></nont><location loc="53.101--53.107"/></nont><location loc="53.101--53.107"/></nont><nont label="MULDIVExpressionP"/><location loc="53.101--53.107"/></nont><nont label="ADDSUBExpressionP"/><location loc="53.101--53.107"/></nont><nont label="RelationalExpressionP"/><location loc="53.101--53.107"/></nont><nont label="ANDExpressionP"/><location loc="53.101--53.107"/></nont><nont label="ORXORExpressionP"/><location loc="53.101--53.107"/></nont><location loc="53.101--53.107"/></nont><nont label="StatementP"><term lexeme="=" token="ASSIGN"><location loc="53.108--53.108"/></term><nont label="Expression"><nont label="ORXORExpression"><nont label="ANDExpression"><nont label="RelationalExpression"><nont label="ADDSUBExpression"><nont label="MULDIVExpression"><nont label="PrefixExpression"><nont label="PostfixExpression"><nont label="AtomicExpression"><term lexeme="0" token="INTCONST"><location loc="53.109--53.109"/></term><location loc="53.109--53.109"/></nont><nont label="PostfixExpressionP"/><location loc="53.109--53.109"/></nont><location loc="53.109--53.109"/></nont><nont label="MULDIVExpressionP"/><location loc="53.109--53.109"/></nont><nont label="ADDSUBExpressionP"/><location loc="53.109--53.109"/></nont><nont label="RelationalExpressionP"/><location loc="53.109--53.109"/></nont><nont label="ANDExpressionP"/><location loc="53.109--53.109"/></nont><nont label="ORXORExpressionP"/><location loc="53.109--53.109"/></nont><location loc="53.109--53.109"/></nont><location loc="53.108--53.109"/></nont><location loc="53.101--53.109"/></nont><term lexeme=";" token="SEMIC"><location loc="53.110--53.110"/></term><nont label="StatementsP"><nont label="Statement"><nont label="Expression"><nont label="ORXORExpression"><nont label="ANDExpression"><nont label="RelationalExpression"><nont label="ADDSUBExpression"><nont label="MULDIVExpression"><nont label="PrefixExpression"><nont label="PostfixExpression"><nont label="AtomicExpression"><term lexeme="t" token="IDENTIFIER"><location loc="55.9--55.9"/></term><nont label="ArgumentsOpt"/><location loc="55.9--55.9"/></nont><nont label="PostfixExpressionP"><term lexeme="[" token="LBRACKET"><location loc="55.10--55.10"/></term><nont label="Expression"><nont label="ORXORExpression"><nont label="ANDExpression"><nont label="RelationalExpression"><nont label="ADDSUBExpression"><nont label="MULDIVExpression"><nont label="PrefixExpression"><nont label="PostfixExpression"><nont label="AtomicExpression"><term lexeme="6" token="INTCONST"><location loc="55.11--55.11"/></term><location loc="55.11--55.11"/></nont><nont label="PostfixExpressionP"/><location loc="55.11--55.11"/></nont><location loc="55.11--55.11"/></nont><nont label="MULDIVExpressionP"/><location loc="55.11--55.11"/></nont><nont label="ADDSUBExpressionP"/><location loc="55.11--55.11"/></nont><nont label="RelationalExpressionP"/><location loc="55.11--55.11"/></nont><nont label="ANDExpressionP"/><location loc="55.11--55.11"/></nont><nont label="ORXORExpressionP"/><location loc="55.11--55.11"/></nont><location loc="55.11--55.11"/></nont><term lexeme="]" token="RBRACKET"><location loc="55.12--55.12"/></term><nont label="PostfixExpressionP"><term lexeme="[" token="LBRACKET"><location loc="55.13--55.13"/></term><nont label="Expression"><nont label="ORXORExpression"><nont label="ANDExpression"><nont label="RelationalExpression"><nont label="ADDSUBExpression"><nont label="MULDIVExpression"><nont label="PrefixExpression"><nont label="PostfixExpression"><nont label="AtomicExpression"><term lexeme="0" token="INTCONST"><location loc="55.14--55.14"/></term><location loc="55.14--55.14"/></nont><nont label="PostfixExpressionP"/><location loc="55.14--55.14"/></nont><location loc="55.14--55.14"/></nont><nont label="MULDIVExpressionP"/><location loc="55.14--55.14"/></nont><nont label="ADDSUBExpressionP"/><location loc="55.14--55.14"/></nont><nont label="RelationalExpressionP"/><location loc="55.14--55.14"/></nont><nont label="ANDExpressionP"/><location loc="55.14--55.14"/></nont><nont label="ORXORExpressionP"/><location loc="55.14--55.14"/></nont><location loc="55.14--55.14"/></nont><term lexeme="]" token="RBRACKET"><location loc="55.15--55.15"/></term><nont label="PostfixExpressionP"/><location loc="55.13--55.15"/></nont><location loc="55.10--55.15"/></nont><location loc="55.9--55.15"/></nont><location loc="55.9--55.15"/></nont><nont label="MULDIVExpressionP"/><location loc="55.9--55.15"/></nont><nont label="ADDSUBExpressionP"/><location loc="55.9--55.15"/></nont><nont label="RelationalExpressionP"/><location loc="55.9--55.15"/></nont><nont label="ANDExpressionP"/><location loc="55.9--55.15"/></nont><nont label="ORXORExpressionP"/><location loc="55.9--55.15"/></nont><location loc="55.9--55.15"/></nont><nont label="StatementP"><term lexeme="=" token="ASSIGN"><location loc="55.16--55.16"/></term><nont label="Expression"><nont label="ORXORExpression"><nont label="ANDExpression"><nont label="RelationalExpression"><nont label="ADDSUBExpression"><nont label="MULDIVExpression"><nont label="PrefixExpression"><nont label="PostfixExpression"><nont label="AtomicExpression"><term lexeme="0" token="INTCONST"><location loc="55.17--55.17"/></term><location loc="55.17--55.17"/></nont><nont label="PostfixExpressionP"/><location loc="55.17--55.17"/></nont><location loc="55.17--55.17"/></nont><nont label="MULDIVExpressionP"/><location loc="55.17--55.17"/></nont><nont label="ADDSUBExpressionP"/><location loc="55.17--55.17"/></nont><nont label="RelationalExpressionP"/><location loc="55.17--55.17"/></nont><nont label="ANDExpressionP"/><location loc="55.17--55.17"/></nont><nont label="ORXORExpressionP"/><location loc="55.17--55.17"/></nont><location loc="55.17--55.17"/></nont><location loc="55.16--55.17"/></nont><location loc="55.9--55.17"/></nont><term lexeme=";" token="SEMIC"><location loc="55.18--55.18"/></term><nont label="StatementsP"><nont label="Statement"><nont label="Expression"><nont label="ORXORExpression"><nont label="ANDExpression"><nont label="RelationalExpression"><nont label="ADDSUBExpression"><nont label="MULDIVExpression"><nont label="PrefixExpression"><nont label="PostfixExpression"><nont label="AtomicExpression"><term lexeme="t" token="IDENTIFIER"><location loc="55.20--55.20"/></term><nont label="ArgumentsOpt"/><location loc="55.20--55.20"/></nont><nont label="PostfixExpressionP"><term lexeme="[" token="LBRACKET"><location loc="55.21--55.21"/></term><nont label="Expression"><nont label="ORXORExpression"><nont label="ANDExpression"><nont label="RelationalExpression"><nont label="ADDSUBExpression"><nont label="MULDIVExpression"><nont label="PrefixExpression"><nont label="PostfixExpression"><nont label="AtomicExpression"><term lexeme="6" token="INTCONST"><location loc="55.22--55.22"/></term><location loc="55.22--55.22"/></nont><nont label="PostfixExpressionP"/><location loc="55.22--55.22"/></nont><location loc="55.22--55.22"/></nont><nont label="MULDIVExpressionP"/><location loc="55.22--55.22"/></nont><nont label="ADDSUBExpressionP"/><location loc="55.22--55.22"/></nont><nont label="RelationalExpressionP"/><location loc="55.22--55.22"/></nont><nont label="ANDExpressionP"/><location loc="55.22--55.22"/></nont><nont label="ORXORExpressionP"/><location loc="55.22--55.22"/></nont><location loc="55.22--55.22"/></nont><term lexeme="]" token="RBRACKET"><location loc="55.23--55.23"/></term><nont label="PostfixExpressionP"><term lexeme="[" token="LBRACKET"><location loc="55.24--55.24"/></term><nont label="Expression"><nont label="ORXORExpression"><nont label="ANDExpression"><nont label="RelationalExpression"><nont label="ADDSUBExpression"><nont label="MULDIVExpression"><nont label="PrefixExpression"><nont label="PostfixExpression"><nont label="AtomicExpression"><term lexeme="1" token="INTCONST"><location loc="55.25--55.25"/></term><location loc="55.25--55.25"/></nont><nont label="PostfixExpressionP"/><location loc="55.25--55.25"/></nont><location loc="55.25--55.25"/></nont><nont label="MULDIVExpressionP"/><location loc="55.25--55.25"/></nont><nont label="ADDSUBExpressionP"/><location loc="55.25--55.25"/></nont><nont label="RelationalExpressionP"/><location loc="55.25--55.25"/></nont><nont label="ANDExpressionP"/><location loc="55.25--55.25"/></nont><nont label="ORXORExpressionP"/><location loc="55.25--55.25"/></nont><location loc="55.25--55.25"/></nont><term lexeme="]" token="RBRACKET"><location loc="55.26--55.26"/></term><nont label="PostfixExpressionP"/><location loc="55.24--55.26"/></nont><location loc="55.21--55.26"/></nont><location loc="55.20--55.26"/></nont><location loc="55.20--55.26"/></nont><nont label="MULDIVExpressionP"/><location loc="55.20--55.26"/></nont><nont label="ADDSUBExpressionP"/><location loc="55.20--55.26"/></nont><nont label="RelationalExpressionP"/><location loc="55.20--55.26"/></nont><nont label="ANDExpressionP"/><location loc="55.20--55.26"/></nont><nont label="ORXORExpressionP"/><location loc="55.20--55.26"/></nont><location loc="55.20--55.26"/></nont><nont label="StatementP"><term lexeme="=" token="ASSIGN"><location loc="55.27--55.27"/></term><nont label="Expression"><nont label="ORXORExpression"><nont label="ANDExpression"><nont label="RelationalExpression"><nont label="ADDSUBExpression"><nont label="MULDIVExpression"><nont label="PrefixExpression"><nont label="PostfixExpression"><nont label="AtomicExpression"><term lexeme="0" token="INTCONST"><location loc="55.28--55.28"/></term><location loc="55.28--55.28"/></nont><nont label="PostfixExpressionP"/><location loc="55.28--55.28"/></nont><location loc="55.28--55.28"/></nont><nont label="MULDIVExpressionP"/><location loc="55.28--55.28"/></nont><nont label="ADDSUBExpressionP"/><location loc="55.28--55.28"/></nont><nont label="RelationalExpressionP"/><location loc="55.28--55.28"/></nont><nont label="ANDExpressionP"/><location loc="55.28--55.28"/></nont><nont label="ORXORExpressionP"/><location loc="55.28--55.28"/></nont><location loc="55.28--55.28"/></nont><location loc="55.27--55.28"/></nont><location loc="55.20--55.28"/></nont><term lexeme=";" token="SEMIC"><location loc="55.29--55.29"/></term><nont label="StatementsP"><nont label="Statement"><nont label="Expression"><nont label="ORXORExpression"><nont label="ANDExpression"><nont label="RelationalExpression"><nont label="ADDSUBExpression"><nont label="MULDIVExpression"><nont label="PrefixExpression"><nont label="PostfixExpression"><nont label="AtomicExpression"><term lexeme="t" token="IDENTIFIER"><location loc="55.31--55.31"/></term><nont label="ArgumentsOpt"/><location loc="55.31--55.31"/></nont><nont label="PostfixExpressionP"><term lexeme="[" token="LBRACKET"><location loc="55.32--55.32"/></term><nont label="Expression"><nont label="ORXORExpression"><nont label="ANDExpression"><nont label="RelationalExpression"><nont label="ADDSUBExpression"><nont label="MULDIVExpression"><nont label="PrefixExpression"><nont label="PostfixExpression"><nont label="AtomicExpression"><term lexeme="6" token="INTCONST"><location loc="55.33--55.33"/></term><location loc="55.33--55.33"/></nont><nont label="PostfixExpressionP"/><location loc="55.33--55.33"/></nont><location loc="55.33--55.33"/></nont><nont label="MULDIVExpressionP"/><location loc="55.33--55.33"/></nont><nont label="ADDSUBExpressionP"/><location loc="55.33--55.33"/></nont><nont label="RelationalExpressionP"/><location loc="55.33--55.33"/></nont><nont label="ANDExpressionP"/><location loc="55.33--55.33"/></nont><nont label="ORXORExpressionP"/><location loc="55.33--55.33"/></nont><location loc="55.33--55.33"/></nont><term lexeme="]" token="RBRACKET"><location loc="55.34--55.34"/></term><nont label="PostfixExpressionP"><term lexeme="[" token="LBRACKET"><location loc="55.35--55.35"/></term><nont label="Expression"><nont label="ORXORExpression"><nont label="ANDExpression"><nont label="RelationalExpression"><nont label="ADDSUBExpression"><nont label="MULDIVExpression"><nont label="PrefixExpression"><nont label="PostfixExpression"><nont label="AtomicExpression"><term lexeme="2" token="INTCONST"><location loc="55.36--55.36"/></term><location loc="55.36--55.36"/></nont><nont label="PostfixExpressionP"/><location loc="55.36--55.36"/></nont><location loc="55.36--55.36"/></nont><nont label="MULDIVExpressionP"/><location loc="55.36--55.36"/></nont><nont label="ADDSUBExpressionP"/><location loc="55.36--55.36"/></nont><nont label="RelationalExpressionP"/><location loc="55.36--55.36"/></nont><nont label="ANDExpressionP"/><location loc="55.36--55.36"/></nont><nont label="ORXORExpressionP"/><location loc="55.36--55.36"/></nont><location loc="55.36--55.36"/></nont><term lexeme="]" token="RBRACKET"><location loc="55.37--55.37"/></term><nont label="PostfixExpressionP"/><location loc="55.35--55.37"/></nont><location loc="55.32--55.37"/></nont><location loc="55.31--55.37"/></nont><location loc="55.31--55.37"/></nont><nont label="MULDIVExpressionP"/><location loc="55.31--55.37"/></nont><nont label="ADDSUBExpressionP"/><location loc="55.31--55.37"/></nont><nont label="RelationalExpressionP"/><location loc="55.31--55.37"/></nont><nont label="ANDExpressionP"/><location loc="55.31--55.37"/></nont><nont label="ORXORExpressionP"/><location loc="55.31--55.37"/></nont><location loc="55.31--55.37"/></nont><nont label="StatementP"><term lexeme="=" token="ASSIGN"><location loc="55.38--55.38"/></term><nont label="Expression"><nont label="ORXORExpression"><nont label="ANDExpression"><nont label="RelationalExpression"><nont label="ADDSUBExpression"><nont label="MULDIVExpression"><nont label="PrefixExpression"><nont label="PostfixExpression"><nont label="AtomicExpression"><term lexeme="0" token="INTCONST"><location loc="55.39--55.39"/></term><location loc="55.39--55.39"/></nont><nont label="PostfixExpressionP"/><location loc="55.39--55.39"/></nont><location loc="55.39--55.39"/></nont><nont label="MULDIVExpressionP"/><location loc="55.39--55.39"/></nont><nont label="ADDSUBExpressionP"/><location loc="55.39--55.39"/></nont><nont label="RelationalExpressionP"/><location loc="55.39--55.39"/></nont><nont label="ANDExpressionP"/><location loc="55.39--55.39"/></nont><nont label="ORXORExpressionP"/><location loc="55.39--55.39"/></nont><location loc="55.39--55.39"/></nont><location loc="55.38--55.39"/></nont><location loc="55.31--55.39"/></nont><term lexeme=";" token="SEMIC"><location loc="55.40--55.40"/></term><nont label="StatementsP"><nont label="Statement"><nont label="Expression"><nont label="ORXORExpression"><nont label="ANDExpression"><nont label="RelationalExpression"><nont label="ADDSUBExpression"><nont label="MULDIVExpression"><nont label="PrefixExpression"><nont label="PostfixExpression"><nont label="AtomicExpression"><term lexeme="t" token="IDENTIFIER"><location loc="55.44--55.44"/></term><nont label="ArgumentsOpt"/><location loc="55.44--55.44"/></nont><nont label="PostfixExpressionP"><term lexeme="[" token="LBRACKET"><location loc="55.45--55.45"/></term><nont label="Expression"><nont label="ORXORExpression"><nont label="ANDExpression"><nont label="RelationalExpression"><nont label="ADDSUBExpression"><nont label="MULDIVExpression"><nont label="PrefixExpression"><nont label="PostfixExpression"><nont label="AtomicExpression"><term lexeme="6" token="INTCONST"><location loc="55.46--55.46"/></term><location loc="55.46--55.46"/></nont><nont label="PostfixExpressionP"/><location loc="55.46--55.46"/></nont><location loc="55.46--55.46"/></nont><nont label="MULDIVExpressionP"/><location loc="55.46--55.46"/></nont><nont label="ADDSUBExpressionP"/><location loc="55.46--55.46"/></nont><nont label="RelationalExpressionP"/><location loc="55.46--55.46"/></nont><nont label="ANDExpressionP"/><location loc="55.46--55.46"/></nont><nont label="ORXORExpressionP"/><location loc="55.46--55.46"/></nont><location loc="55.46--55.46"/></nont><term lexeme="]" token="RBRACKET"><location loc="55.47--55.47"/></term><nont label="PostfixExpressionP"><term lexeme="[" token="LBRACKET"><location loc="55.48--55.48"/></term><nont label="Expression"><nont label="ORXORExpression"><nont label="ANDExpression"><nont label="RelationalExpression"><nont label="ADDSUBExpression"><nont label="MULDIVExpression"><nont label="PrefixExpression"><nont label="PostfixExpression"><nont label="AtomicExpression"><term lexeme="3" token="INTCONST"><location loc="55.49--55.49"/></term><location loc="55.49--55.49"/></nont><nont label="PostfixExpressionP"/><location loc="55.49--55.49"/></nont><location loc="55.49--55.49"/></nont><nont label="MULDIVExpressionP"/><location loc="55.49--55.49"/></nont><nont label="ADDSUBExpressionP"/><location loc="55.49--55.49"/></nont><nont label="RelationalExpressionP"/><location loc="55.49--55.49"/></nont><nont label="ANDExpressionP"/><location loc="55.49--55.49"/></nont><nont label="ORXORExpressionP"/><location loc="55.49--55.49"/></nont><location loc="55.49--55.49"/></nont><term lexeme="]" token="RBRACKET"><location loc="55.50--55.50"/></term><nont label="PostfixExpressionP"/><location loc="55.48--55.50"/></nont><location loc="55.45--55.50"/></nont><location loc="55.44--55.50"/></nont><location loc="55.44--55.50"/></nont><nont label="MULDIVExpressionP"/><location loc="55.44--55.50"/></nont><nont label="ADDSUBExpressionP"/><location loc="55.44--55.50"/></nont><nont label="RelationalExpressionP"/><location loc="55.44--55.50"/></nont><nont label="ANDExpressionP"/><location loc="55.44--55.50"/></nont><nont label="ORXORExpressionP"/><location loc="55.44--55.50"/></nont><location loc="55.44--55.50"/></nont><nont label="StatementP"><term lexeme="=" token="ASSIGN"><location loc="55.51--55.51"/></term><nont label="Expression"><nont label="ORXORExpression"><nont label="ANDExpression"><nont label="RelationalExpression"><nont label="ADDSUBExpression"><nont label="MULDIVExpression"><nont label="PrefixExpression"><nont label="PostfixExpression"><nont label="AtomicExpression"><term lexeme="0" token="INTCONST"><location loc="55.52--55.52"/></term><location loc="55.52--55.52"/></nont><nont label="PostfixExpressionP"/><location loc="55.52--55.52"/></nont><location loc="55.52--55.52"/></nont><nont label="MULDIVExpressionP"/><location loc="55.52--55.52"/></nont><nont label="ADDSUBExpressionP"/><location loc="55.52--55.52"/></nont><nont label="RelationalExpressionP"/><location loc="55.52--55.52"/></nont><nont label="ANDExpressionP"/><location loc="55.52--55.52"/></nont><nont label="ORXORExpressionP"/><location loc="55.52--55.52"/></nont><location loc="55.52--55.52"/></nont><location loc="55.51--55.52"/></nont><location loc="55.44--55.52"/></nont><term lexeme=";" token="SEMIC"><location loc="55.53--55.53"/></term><nont label="StatementsP"><nont label="Statement"><nont label="Expression"><nont label="ORXORExpression"><nont label="ANDExpression"><nont label="RelationalExpression"><nont label="ADDSUBExpression"><nont label="MULDIVExpression"><nont label="PrefixExpression"><nont label="PostfixExpression"><nont label="AtomicExpression"><term lexeme="t" token="IDENTIFIER"><location loc="55.55--55.55"/></term><nont label="ArgumentsOpt"/><location loc="55.55--55.55"/></nont><nont label="PostfixExpressionP"><term lexeme="[" token="LBRACKET"><location loc="55.56--55.56"/></term><nont label="Expression"><nont label="ORXORExpression"><nont label="ANDExpression"><nont label="RelationalExpression"><nont label="ADDSUBExpression"><nont label="MULDIVExpression"><nont label="PrefixExpression"><nont label="PostfixExpression"><nont label="AtomicExpression"><term lexeme="6" token="INTCONST"><location loc="55.57--55.57"/></term><location loc="55.57--55.57"/></nont><nont label="PostfixExpressionP"/><location loc="55.57--55.57"/></nont><location loc="55.57--55.57"/></nont><nont label="MULDIVExpressionP"/><location loc="55.57--55.57"/></nont><nont label="ADDSUBExpressionP"/><location loc="55.57--55.57"/></nont><nont label="RelationalExpressionP"/><location loc="55.57--55.57"/></nont><nont label="ANDExpressionP"/><location loc="55.57--55.57"/></nont><nont label="ORXORExpressionP"/><location loc="55.57--55.57"/></nont><location loc="55.57--55.57"/></nont><term lexeme="]" token="RBRACKET"><location loc="55.58--55.58"/></term><nont label="PostfixExpressionP"><term lexeme="[" token="LBRACKET"><location loc="55.59--55.59"/></term><nont label="Expression"><nont label="ORXORExpression"><nont label="ANDExpression"><nont label="RelationalExpression"><nont label="ADDSUBExpression"><nont label="MULDIVExpression"><nont label="PrefixExpression"><nont label="PostfixExpression"><nont label="AtomicExpression"><term lexeme="4" token="INTCONST"><location loc="55.60--55.60"/></term><location loc="55.60--55.60"/></nont><nont label="PostfixExpressionP"/><location loc="55.60--55.60"/></nont><location loc="55.60--55.60"/></nont><nont label="MULDIVExpressionP"/><location loc="55.60--55.60"/></nont><nont label="ADDSUBExpressionP"/><location loc="55.60--55.60"/></nont><nont label="RelationalExpressionP"/><location loc="55.60--55.60"/></nont><nont label="ANDExpressionP"/><location loc="55.60--55.60"/></nont><nont label="ORXORExpressionP"/><location loc="55.60--55.60"/></nont><location loc="55.60--55.60"/></nont><term lexeme="]" token="RBRACKET"><location loc="55.61--55.61"/></term><nont label="PostfixExpressionP"/><location loc="55.59--55.61"/></nont><location loc="55.56--55.61"/></nont><location loc="55.55--55.61"/></nont><location loc="55.55--55.61"/></nont><nont label="MULDIVExpressionP"/><location loc="55.55--55.61"/></nont><nont label="ADDSUBExpressionP"/><location loc="55.55--55.61"/></nont><nont label="RelationalExpressionP"/><location loc="55.55--55.61"/></nont><nont label="ANDExpressionP"/><location loc="55.55--55.61"/></nont><nont label="ORXORExpressionP"/><location loc="55.55--55.61"/></nont><location loc="55.55--55.61"/></nont><nont label="StatementP"><term lexeme="=" token="ASSIGN"><location loc="55.62--55.62"/></term><nont label="Expression"><nont label="ORXORExpression"><nont label="ANDExpression"><nont label="RelationalExpression"><nont label="ADDSUBExpression"><nont label="MULDIVExpression"><nont label="PrefixExpression"><nont label="PostfixExpression"><nont label="AtomicExpression"><term lexeme="0" token="INTCONST"><location loc="55.63--55.63"/></term><location loc="55.63--55.63"/></nont><nont label="PostfixExpressionP"/><location loc="55.63--55.63"/></nont><location loc="55.63--55.63"/></nont><nont label="MULDIVExpressionP"/><location loc="55.63--55.63"/></nont><nont label="ADDSUBExpressionP"/><location loc="55.63--55.63"/></nont><nont label="RelationalExpressionP"/><location loc="55.63--55.63"/></nont><nont label="ANDExpressionP"/><location loc="55.63--55.63"/></nont><nont label="ORXORExpressionP"/><location loc="55.63--55.63"/></nont><location loc="55.63--55.63"/></nont><location loc="55.62--55.63"/></nont><location loc="55.55--55.63"/></nont><term lexeme=";" token="SEMIC"><location loc="55.64--55.64"/></term><nont label="StatementsP"><nont label="Statement"><nont label="Expression"><nont label="ORXORExpression"><nont label="ANDExpression"><nont label="RelationalExpression"><nont label="ADDSUBExpression"><nont label="MULDIVExpression"><nont label="PrefixExpression"><nont label="PostfixExpression"><nont label="AtomicExpression"><term lexeme="t" token="IDENTIFIER"><location loc="55.66--55.66"/></term><nont label="ArgumentsOpt"/><location loc="55.66--55.66"/></nont><nont label="PostfixExpressionP"><term lexeme="[" token="LBRACKET"><location loc="55.67--55.67"/></term><nont label="Expression"><nont label="ORXORExpression"><nont label="ANDExpression"><nont label="RelationalExpression"><nont label="ADDSUBExpression"><nont label="MULDIVExpression"><nont label="PrefixExpression"><nont label="PostfixExpression"><nont label="AtomicExpression"><term lexeme="6" token="INTCONST"><location loc="55.68--55.68"/></term><location loc="55.68--55.68"/></nont><nont label="PostfixExpressionP"/><location loc="55.68--55.68"/></nont><location loc="55.68--55.68"/></nont><nont label="MULDIVExpressionP"/><location loc="55.68--55.68"/></nont><nont label="ADDSUBExpressionP"/><location loc="55.68--55.68"/></nont><nont label="RelationalExpressionP"/><location loc="55.68--55.68"/></nont><nont label="ANDExpressionP"/><location loc="55.68--55.68"/></nont><nont label="ORXORExpressionP"/><location loc="55.68--55.68"/></nont><location loc="55.68--55.68"/></nont><term lexeme="]" token="RBRACKET"><location loc="55.69--55.69"/></term><nont label="PostfixExpressionP"><term lexeme="[" token="LBRACKET"><location loc="55.70--55.70"/></term><nont label="Expression"><nont label="ORXORExpression"><nont label="ANDExpression"><nont label="RelationalExpression"><nont label="ADDSUBExpression"><nont label="MULDIVExpression"><nont label="PrefixExpression"><nont label="PostfixExpression"><nont label="AtomicExpression"><term lexeme="5" token="INTCONST"><location loc="55.71--55.71"/></term><location loc="55.71--55.71"/></nont><nont label="PostfixExpressionP"/><location loc="55.71--55.71"/></nont><location loc="55.71--55.71"/></nont><nont label="MULDIVExpressionP"/><location loc="55.71--55.71"/></nont><nont label="ADDSUBExpressionP"/><location loc="55.71--55.71"/></nont><nont label="RelationalExpressionP"/><location loc="55.71--55.71"/></nont><nont label="ANDExpressionP"/><location loc="55.71--55.71"/></nont><nont label="ORXORExpressionP"/><location loc="55.71--55.71"/></nont><location loc="55.71--55.71"/></nont><term lexeme="]" token="RBRACKET"><location loc="55.72--55.72"/></term><nont label="PostfixExpressionP"/><location loc="55.70--55.72"/></nont><location loc="55.67--55.72"/></nont><location loc="55.66--55.72"/></nont><location loc="55.66--55.72"/></nont><nont label="MULDIVExpressionP"/><location loc="55.66--55.72"/></nont><nont label="ADDSUBExpressionP"/><location loc="55.66--55.72"/></nont><nont label="RelationalExpressionP"/><location loc="55.66--55.72"/></nont><nont label="ANDExpressionP"/><location loc="55.66--55.72"/></nont><nont label="ORXORExpressionP"/><location loc="55.66--55.72"/></nont><location loc="55.66--55.72"/></nont><nont label="StatementP"><term lexeme="=" token="ASSIGN"><location loc="55.73--55.73"/></term><nont label="Expression"><nont label="ORXORExpression"><nont label="ANDExpression"><nont label="RelationalExpression"><nont label="ADDSUBExpression"><nont label="MULDIVExpression"><nont label="PrefixExpression"><nont label="PostfixExpression"><nont label="AtomicExpression"><term lexeme="1" token="INTCONST"><location loc="55.74--55.74"/></term><location loc="55.74--55.74"/></nont><nont label="PostfixExpressionP"/><location loc="55.74--55.74"/></nont><location loc="55.74--55.74"/></nont><nont label="MULDIVExpressionP"/><location loc="55.74--55.74"/></nont><nont label="ADDSUBExpressionP"/><location loc="55.74--55.74"/></nont><nont label="RelationalExpressionP"/><location loc="55.74--55.74"/></nont><nont label="ANDExpressionP"/><location loc="55.74--55.74"/></nont><nont label="ORXORExpressionP"/><location loc="55.74--55.74"/></nont><location loc="55.74--55.74"/></nont><location loc="55.73--55.74"/></nont><location loc="55.66--55.74"/></nont><term lexeme=";" token="SEMIC"><location loc="55.75--55.75"/></term><nont label="StatementsP"><nont label="Statement"><nont label="Expression"><nont label="ORXORExpression"><nont label="ANDExpression"><nont label="RelationalExpression"><nont label="ADDSUBExpression"><nont label="MULDIVExpression"><nont label="PrefixExpression"><nont label="PostfixExpression"><nont label="AtomicExpression"><term lexeme="t" token="IDENTIFIER"><location loc="55.79--55.79"/></term><nont label="ArgumentsOpt"/><location loc="55.79--55.79"/></nont><nont label="PostfixExpressionP"><term lexeme="[" token="LBRACKET"><location loc="55.80--55.80"/></term><nont label="Expression"><nont label="ORXORExpression"><nont label="ANDExpression"><nont label="RelationalExpression"><nont label="ADDSUBExpression"><nont label="MULDIVExpression"><nont label="PrefixExpression"><nont label="PostfixExpression"><nont label="AtomicExpression"><term lexeme="6" token="INTCONST"><location loc="55.81--55.81"/></term><location loc="55.81--55.81"/></nont><nont label="PostfixExpressionP"/><location loc="55.81--55.81"/></nont><location loc="55.81--55.81"/></nont><nont label="MULDIVExpressionP"/><location loc="55.81--55.81"/></nont><nont label="ADDSUBExpressionP"/><location loc="55.81--55.81"/></nont><nont label="RelationalExpressionP"/><location loc="55.81--55.81"/></nont><nont label="ANDExpressionP"/><location loc="55.81--55.81"/></nont><nont label="ORXORExpressionP"/><location loc="55.81--55.81"/></nont><location loc="55.81--55.81"/></nont><term lexeme="]" token="RBRACKET"><location loc="55.82--55.82"/></term><nont label="PostfixExpressionP"><term lexeme="[" token="LBRACKET"><location loc="55.83--55.83"/></term><nont label="Expression"><nont label="ORXORExpression"><nont label="ANDExpression"><nont label="RelationalExpression"><nont label="ADDSUBExpression"><nont label="MULDIVExpression"><nont label="PrefixExpression"><nont label="PostfixExpression"><nont label="AtomicExpression"><term lexeme="6" token="INTCONST"><location loc="55.84--55.84"/></term><location loc="55.84--55.84"/></nont><nont label="PostfixExpressionP"/><location loc="55.84--55.84"/></nont><location loc="55.84--55.84"/></nont><nont label="MULDIVExpressionP"/><location loc="55.84--55.84"/></nont><nont label="ADDSUBExpressionP"/><location loc="55.84--55.84"/></nont><nont label="RelationalExpressionP"/><location loc="55.84--55.84"/></nont><nont label="ANDExpressionP"/><location loc="55.84--55.84"/></nont><nont label="ORXORExpressionP"/><location loc="55.84--55.84"/></nont><location loc="55.84--55.84"/></nont><term lexeme="]" token="RBRACKET"><location loc="55.85--55.85"/></term><nont label="PostfixExpressionP"/><location loc="55.83--55.85"/></nont><location loc="55.80--55.85"/></nont><location loc="55.79--55.85"/></nont><location loc="55.79--55.85"/></nont><nont label="MULDIVExpressionP"/><location loc="55.79--55.85"/></nont><nont label="ADDSUBExpressionP"/><location loc="55.79--55.85"/></nont><nont label="RelationalExpressionP"/><location loc="55.79--55.85"/></nont><nont label="ANDExpressionP"/><location loc="55.79--55.85"/></nont><nont label="ORXORExpressionP"/><location loc="55.79--55.85"/></nont><location loc="55.79--55.85"/></nont><nont label="StatementP"><term lexeme="=" token="ASSIGN"><location loc="55.86--55.86"/></term><nont label="Expression"><nont label="ORXORExpression"><nont label="ANDExpression"><nont label="RelationalExpression"><nont label="ADDSUBExpression"><nont label="MULDIVExpression"><nont label="PrefixExpression"><nont label="PostfixExpression"><nont label="AtomicExpression"><term lexeme="0" token="INTCONST"><location loc="55.87--55.87"/></term><location loc="55.87--55.87"/></nont><nont label="PostfixExpressionP"/><location loc="55.87--55.87"/></nont><location loc="55.87--55.87"/></nont><nont label="MULDIVExpressionP"/><location loc="55.87--55.87"/></nont><nont label="ADDSUBExpressionP"/><location loc="55.87--55.87"/></nont><nont label="RelationalExpressionP"/><location loc="55.87--55.87"/></nont><nont label="ANDExpressionP"/><location loc="55.87--55.87"/></nont><nont label="ORXORExpressionP"/><location loc="55.87--55.87"/></nont><location loc="55.87--55.87"/></nont><location loc="55.86--55.87"/></nont><location loc="55.79--55.87"/></nont><term lexeme=";" token="SEMIC"><location loc="55.88--55.88"/></term><nont label="StatementsP"><nont label="Statement"><nont label="Expression"><nont label="ORXORExpression"><nont label="ANDExpression"><nont label="RelationalExpression"><nont label="ADDSUBExpression"><nont label="MULDIVExpression"><nont label="PrefixExpression"><nont label="PostfixExpression"><nont label="AtomicExpression"><term lexeme="t" token="IDENTIFIER"><location loc="55.90--55.90"/></term><nont label="ArgumentsOpt"/><location loc="55.90--55.90"/></nont><nont label="PostfixExpressionP"><term lexeme="[" token="LBRACKET"><location loc="55.91--55.91"/></term><nont label="Expression"><nont label="ORXORExpression"><nont label="ANDExpression"><nont label="RelationalExpression"><nont label="ADDSUBExpression"><nont label="MULDIVExpression"><nont label="PrefixExpression"><nont label="PostfixExpression"><nont label="AtomicExpression"><term lexeme="6" token="INTCONST"><location loc="55.92--55.92"/></term><location loc="55.92--55.92"/></nont><nont label="PostfixExpressionP"/><location loc="55.92--55.92"/></nont><location loc="55.92--55.92"/></nont><nont label="MULDIVExpressionP"/><location loc="55.92--55.92"/></nont><nont label="ADDSUBExpressionP"/><location loc="55.92--55.92"/></nont><nont label="RelationalExpressionP"/><location loc="55.92--55.92"/></nont><nont label="ANDExpressionP"/><location loc="55.92--55.92"/></nont><nont label="ORXORExpressionP"/><location loc="55.92--55.92"/></nont><location loc="55.92--55.92"/></nont><term lexeme="]" token="RBRACKET"><location loc="55.93--55.93"/></term><nont label="PostfixExpressionP"><term lexeme="[" token="LBRACKET"><location loc="55.94--55.94"/></term><nont label="Expression"><nont label="ORXORExpression"><nont label="ANDExpression"><nont label="RelationalExpression"><nont label="ADDSUBExpression"><nont label="MULDIVExpression"><nont label="PrefixExpression"><nont label="PostfixExpression"><nont label="AtomicExpression"><term lexeme="7" token="INTCONST"><location loc="55.95--55.95"/></term><location loc="55.95--55.95"/></nont><nont label="PostfixExpressionP"/><location loc="55.95--55.95"/></nont><location loc="55.95--55.95"/></nont><nont label="MULDIVExpressionP"/><location loc="55.95--55.95"/></nont><nont label="ADDSUBExpressionP"/><location loc="55.95--55.95"/></nont><nont label="RelationalExpressionP"/><location loc="55.95--55.95"/></nont><nont label="ANDExpressionP"/><location loc="55.95--55.95"/></nont><nont label="ORXORExpressionP"/><location loc="55.95--55.95"/></nont><location loc="55.95--55.95"/></nont><term lexeme="]" token="RBRACKET"><location loc="55.96--55.96"/></term><nont label="PostfixExpressionP"/><location loc="55.94--55.96"/></nont><location loc="55.91--55.96"/></nont><location loc="55.90--55.96"/></nont><location loc="55.90--55.96"/></nont><nont label="MULDIVExpressionP"/><location loc="55.90--55.96"/></nont><nont label="ADDSUBExpressionP"/><location loc="55.90--55.96"/></nont><nont label="RelationalExpressionP"/><location loc="55.90--55.96"/></nont><nont label="ANDExpressionP"/><location loc="55.90--55.96"/></nont><nont label="ORXORExpressionP"/><location loc="55.90--55.96"/></nont><location loc="55.90--55.96"/></nont><nont label="StatementP"><term lexeme="=" token="ASSIGN"><location loc="55.97--55.97"/></term><nont label="Expression"><nont label="ORXORExpression"><nont label="ANDExpression"><nont label="RelationalExpression"><nont label="ADDSUBExpression"><nont label="MULDIVExpression"><nont label="PrefixExpression"><nont label="PostfixExpression"><nont label="AtomicExpression"><term lexeme="0" token="INTCONST"><location loc="55.98--55.98"/></term><location loc="55.98--55.98"/></nont><nont label="PostfixExpressionP"/><location loc="55.98--55.98"/></nont><location loc="55.98--55.98"/></nont><nont label="MULDIVExpressionP"/><location loc="55.98--55.98"/></nont><nont label="ADDSUBExpressionP"/><location loc="55.98--55.98"/></nont><nont label="RelationalExpressionP"/><location loc="55.98--55.98"/></nont><nont label="ANDExpressionP"/><location loc="55.98--55.98"/></nont><nont label="ORXORExpressionP"/><location loc="55.98--55.98"/></nont><location loc="55.98--55.98"/></nont><location loc="55.97--55.98"/></nont><location loc="55.90--55.98"/></nont><term lexeme=";" token="SEMIC"><location loc="55.99--55.99"/></term><nont label="StatementsP"><nont label="Statement"><nont label="Expression"><nont label="ORXORExpression"><nont label="ANDExpression"><nont label="RelationalExpression"><nont label="ADDSUBExpression"><nont label="MULDIVExpression"><nont label="PrefixExpression"><nont label="PostfixExpression"><nont label="AtomicExpression"><term lexeme="t" token="IDENTIFIER"><location loc="55.101--55.101"/></term><nont label="ArgumentsOpt"/><location loc="55.101--55.101"/></nont><nont label="PostfixExpressionP"><term lexeme="[" token="LBRACKET"><location loc="55.102--55.102"/></term><nont label="Expression"><nont label="ORXORExpression"><nont label="ANDExpression"><nont label="RelationalExpression"><nont label="ADDSUBExpression"><nont label="MULDIVExpression"><nont label="PrefixExpression"><nont label="PostfixExpression"><nont label="AtomicExpression"><term lexeme="6" token="INTCONST"><location loc="55.103--55.103"/></term><location loc="55.103--55.103"/></nont><nont label="PostfixExpressionP"/><location loc="55.103--55.103"/></nont><location loc="55.103--55.103"/></nont><nont label="MULDIVExpressionP"/><location loc="55.103--55.103"/></nont><nont label="ADDSUBExpressionP"/><location loc="55.103--55.103"/></nont><nont label="RelationalExpressionP"/><location loc="55.103--55.103"/></nont><nont label="ANDExpressionP"/><location loc="55.103--55.103"/></nont><nont label="ORXORExpressionP"/><location loc="55.103--55.103"/></nont><location loc="55.103--55.103"/></nont><term lexeme="]" token="RBRACKET"><location loc="55.104--55.104"/></term><nont label="PostfixExpressionP"><term lexeme="[" token="LBRACKET"><location loc="55.105--55.105"/></term><nont label="Expression"><nont label="ORXORExpression"><nont label="ANDExpression"><nont label="RelationalExpression"><nont label="ADDSUBExpression"><nont label="MULDIVExpression"><nont label="PrefixExpression"><nont label="PostfixExpression"><nont label="AtomicExpression"><term lexeme="8" token="INTCONST"><location loc="55.106--55.106"/></term><location loc="55.106--55.106"/></nont><nont label="PostfixExpressionP"/><location loc="55.106--55.106"/></nont><location loc="55.106--55.106"/></nont><nont label="MULDIVExpressionP"/><location loc="55.106--55.106"/></nont><nont label="ADDSUBExpressionP"/><location loc="55.106--55.106"/></nont><nont label="RelationalExpressionP"/><location loc="55.106--55.106"/></nont><nont label="ANDExpressionP"/><location loc="55.106--55.106"/></nont><nont label="ORXORExpressionP"/><location loc="55.106--55.106"/></nont><location loc="55.106--55.106"/></nont><term lexeme="]" token="RBRACKET"><location loc="55.107--55.107"/></term><nont label="PostfixExpressionP"/><location loc="55.105--55.107"/></nont><location loc="55.102--55.107"/></nont><location loc="55.101--55.107"/></nont><location loc="55.101--55.107"/></nont><nont label="MULDIVExpressionP"/><location loc="55.101--55.107"/></nont><nont label="ADDSUBExpressionP"/><location loc="55.101--55.107"/></nont><nont label="RelationalExpressionP"/><location loc="55.101--55.107"/></nont><nont label="ANDExpressionP"/><location loc="55.101--55.107"/></nont><nont label="ORXORExpressionP"/><location loc="55.101--55.107"/></nont><location loc="55.101--55.107"/></nont><nont label="StatementP"><term lexeme="=" token="ASSIGN"><location loc="55.108--55.108"/></term><nont label="Expression"><nont label="ORXORExpression"><nont label="ANDExpression"><nont label="RelationalExpression"><nont label="ADDSUBExpression"><nont label="MULDIVExpression"><nont label="PrefixExpression"><nont label="PostfixExpression"><nont label="AtomicExpression"><term lexeme="7" token="INTCONST"><location loc="55.109--55.109"/></term><location loc="55.109--55.109"/></nont><nont label="PostfixExpressionP"/><location loc="55.109--55.109"/></nont><location loc="55.109--55.109"/></nont><nont label="MULDIVExpressionP"/><location loc="55.109--55.109"/></nont><nont label="ADDSUBExpressionP"/><location loc="55.109--55.109"/></nont><nont label="RelationalExpressionP"/><location loc="55.109--55.109"/></nont><nont label="ANDExpressionP"/><location loc="55.109--55.109"/></nont><nont label="ORXORExpressionP"/><location loc="55.109--55.109"/></nont><location loc="55.109--55.109"/></nont><location loc="55.108--55.109"/></nont><location loc="55.101--55.109"/></nont><term lexeme=";" token="SEMIC"><location loc="55.110--55.110"/></term><nont label="StatementsP"><nont label="Statement"><nont label="Expression"><nont label="ORXORExpression"><nont label="ANDExpression"><nont label="RelationalExpression"><nont label="ADDSUBExpression"><nont label="MULDIVExpression"><nont label="PrefixExpression"><nont label="PostfixExpression"><nont label="AtomicExpression"><term lexeme="t" token="IDENTIFIER"><location loc="56.9--56.9"/></term><nont label="ArgumentsOpt"/><location loc="56.9--56.9"/></nont><nont label="PostfixExpressionP"><term lexeme="[" token="LBRACKET"><location loc="56.10--56.10"/></term><nont label="Expression"><nont label="ORXORExpression"><nont label="ANDExpression"><nont label="RelationalExpression"><nont label="ADDSUBExpression"><nont label="MULDIVExpression"><nont label="PrefixExpression"><nont label="PostfixExpression"><nont label="AtomicExpression"><term lexeme="7" token="INTCONST"><location loc="56.11--56.11"/></term><location loc="56.11--56.11"/></nont><nont label="PostfixExpressionP"/><location loc="56.11--56.11"/></nont><location loc="56.11--56.11"/></nont><nont label="MULDIVExpressionP"/><location loc="56.11--56.11"/></nont><nont label="ADDSUBExpressionP"/><location loc="56.11--56.11"/></nont><nont label="RelationalExpressionP"/><location loc="56.11--56.11"/></nont><nont label="ANDExpressionP"/><location loc="56.11--56.11"/></nont><nont label="ORXORExpressionP"/><location loc="56.11--56.11"/></nont><location loc="56.11--56.11"/></nont><term lexeme="]" token="RBRACKET"><location loc="56.12--56.12"/></term><nont label="PostfixExpressionP"><term lexeme="[" token="LBRACKET"><location loc="56.13--56.13"/></term><nont label="Expression"><nont label="ORXORExpression"><nont label="ANDExpression"><nont label="RelationalExpression"><nont label="ADDSUBExpression"><nont label="MULDIVExpression"><nont label="PrefixExpression"><nont label="PostfixExpression"><nont label="AtomicExpression"><term lexeme="0" token="INTCONST"><location loc="56.14--56.14"/></term><location loc="56.14--56.14"/></nont><nont label="PostfixExpressionP"/><location loc="56.14--56.14"/></nont><location loc="56.14--56.14"/></nont><nont label="MULDIVExpressionP"/><location loc="56.14--56.14"/></nont><nont label="ADDSUBExpressionP"/><location loc="56.14--56.14"/></nont><nont label="RelationalExpressionP"/><location loc="56.14--56.14"/></nont><nont label="ANDExpressionP"/><location loc="56.14--56.14"/></nont><nont label="ORXORExpressionP"/><location loc="56.14--56.14"/></nont><location loc="56.14--56.14"/></nont><term lexeme="]" token="RBRACKET"><location loc="56.15--56.15"/></term><nont label="PostfixExpressionP"/><location loc="56.13--56.15"/></nont><location loc="56.10--56.15"/></nont><location loc="56.9--56.15"/></nont><location loc="56.9--56.15"/></nont><nont label="MULDIVExpressionP"/><location loc="56.9--56.15"/></nont><nont label="ADDSUBExpressionP"/><location loc="56.9--56.15"/></nont><nont label="RelationalExpressionP"/><location loc="56.9--56.15"/></nont><nont label="ANDExpressionP"/><location loc="56.9--56.15"/></nont><nont label="ORXORExpressionP"/><location loc="56.9--56.15"/></nont><location loc="56.9--56.15"/></nont><nont label="StatementP"><term lexeme="=" token="ASSIGN"><location loc="56.16--56.16"/></term><nont label="Expression"><nont label="ORXORExpression"><nont label="ANDExpression"><nont label="RelationalExpression"><nont label="ADDSUBExpression"><nont label="MULDIVExpression"><nont label="PrefixExpression"><nont label="PostfixExpression"><nont label="AtomicExpression"><term lexeme="1" token="INTCONST"><location loc="56.17--56.17"/></term><location loc="56.17--56.17"/></nont><nont label="PostfixExpressionP"/><location loc="56.17--56.17"/></nont><location loc="56.17--56.17"/></nont><nont label="MULDIVExpressionP"/><location loc="56.17--56.17"/></nont><nont label="ADDSUBExpressionP"/><location loc="56.17--56.17"/></nont><nont label="RelationalExpressionP"/><location loc="56.17--56.17"/></nont><nont label="ANDExpressionP"/><location loc="56.17--56.17"/></nont><nont label="ORXORExpressionP"/><location loc="56.17--56.17"/></nont><location loc="56.17--56.17"/></nont><location loc="56.16--56.17"/></nont><location loc="56.9--56.17"/></nont><term lexeme=";" token="SEMIC"><location loc="56.18--56.18"/></term><nont label="StatementsP"><nont label="Statement"><nont label="Expression"><nont label="ORXORExpression"><nont label="ANDExpression"><nont label="RelationalExpression"><nont label="ADDSUBExpression"><nont label="MULDIVExpression"><nont label="PrefixExpression"><nont label="PostfixExpression"><nont label="AtomicExpression"><term lexeme="t" token="IDENTIFIER"><location loc="56.20--56.20"/></term><nont label="ArgumentsOpt"/><location loc="56.20--56.20"/></nont><nont label="PostfixExpressionP"><term lexeme="[" token="LBRACKET"><location loc="56.21--56.21"/></term><nont label="Expression"><nont label="ORXORExpression"><nont label="ANDExpression"><nont label="RelationalExpression"><nont label="ADDSUBExpression"><nont label="MULDIVExpression"><nont label="PrefixExpression"><nont label="PostfixExpression"><nont label="AtomicExpression"><term lexeme="7" token="INTCONST"><location loc="56.22--56.22"/></term><location loc="56.22--56.22"/></nont><nont label="PostfixExpressionP"/><location loc="56.22--56.22"/></nont><location loc="56.22--56.22"/></nont><nont label="MULDIVExpressionP"/><location loc="56.22--56.22"/></nont><nont label="ADDSUBExpressionP"/><location loc="56.22--56.22"/></nont><nont label="RelationalExpressionP"/><location loc="56.22--56.22"/></nont><nont label="ANDExpressionP"/><location loc="56.22--56.22"/></nont><nont label="ORXORExpressionP"/><location loc="56.22--56.22"/></nont><location loc="56.22--56.22"/></nont><term lexeme="]" token="RBRACKET"><location loc="56.23--56.23"/></term><nont label="PostfixExpressionP"><term lexeme="[" token="LBRACKET"><location loc="56.24--56.24"/></term><nont label="Expression"><nont label="ORXORExpression"><nont label="ANDExpression"><nont label="RelationalExpression"><nont label="ADDSUBExpression"><nont label="MULDIVExpression"><nont label="PrefixExpression"><nont label="PostfixExpression"><nont label="AtomicExpression"><term lexeme="1" token="INTCONST"><location loc="56.25--56.25"/></term><location loc="56.25--56.25"/></nont><nont label="PostfixExpressionP"/><location loc="56.25--56.25"/></nont><location loc="56.25--56.25"/></nont><nont label="MULDIVExpressionP"/><location loc="56.25--56.25"/></nont><nont label="ADDSUBExpressionP"/><location loc="56.25--56.25"/></nont><nont label="RelationalExpressionP"/><location loc="56.25--56.25"/></nont><nont label="ANDExpressionP"/><location loc="56.25--56.25"/></nont><nont label="ORXORExpressionP"/><location loc="56.25--56.25"/></nont><location loc="56.25--56.25"/></nont><term lexeme="]" token="RBRACKET"><location loc="56.26--56.26"/></term><nont label="PostfixExpressionP"/><location loc="56.24--56.26"/></nont><location loc="56.21--56.26"/></nont><location loc="56.20--56.26"/></nont><location loc="56.20--56.26"/></nont><nont label="MULDIVExpressionP"/><location loc="56.20--56.26"/></nont><nont label="ADDSUBExpressionP"/><location loc="56.20--56.26"/></nont><nont label="RelationalExpressionP"/><location loc="56.20--56.26"/></nont><nont label="ANDExpressionP"/><location loc="56.20--56.26"/></nont><nont label="ORXORExpressionP"/><location loc="56.20--56.26"/></nont><location loc="56.20--56.26"/></nont><nont label="StatementP"><term lexeme="=" token="ASSIGN"><location loc="56.27--56.27"/></term><nont label="Expression"><nont label="ORXORExpression"><nont label="ANDExpression"><nont label="RelationalExpression"><nont label="ADDSUBExpression"><nont label="MULDIVExpression"><nont label="PrefixExpression"><nont label="PostfixExpression"><nont label="AtomicExpression"><term lexeme="0" token="INTCONST"><location loc="56.28--56.28"/></term><location loc="56.28--56.28"/></nont><nont label="PostfixExpressionP"/><location loc="56.28--56.28"/></nont><location loc="56.28--56.28"/></nont><nont label="MULDIVExpressionP"/><location loc="56.28--56.28"/></nont><nont label="ADDSUBExpressionP"/><location loc="56.28--56.28"/></nont><nont label="RelationalExpressionP"/><location loc="56.28--56.28"/></nont><nont label="ANDExpressionP"/><location loc="56.28--56.28"/></nont><nont label="ORXORExpressionP"/><location loc="56.28--56.28"/></nont><location loc="56.28--56.28"/></nont><location loc="56.27--56.28"/></nont><location loc="56.20--56.28"/></nont><term lexeme=";" token="SEMIC"><location loc="56.29--56.29"/></term><nont label="StatementsP"><nont label="Statement"><nont label="Expression"><nont label="ORXORExpression"><nont label="ANDExpression"><nont label="RelationalExpression"><nont label="ADDSUBExpression"><nont label="MULDIVExpression"><nont label="PrefixExpression"><nont label="PostfixExpression"><nont label="AtomicExpression"><term lexeme="t" token="IDENTIFIER"><location loc="56.31--56.31"/></term><nont label="ArgumentsOpt"/><location loc="56.31--56.31"/></nont><nont label="PostfixExpressionP"><term lexeme="[" token="LBRACKET"><location loc="56.32--56.32"/></term><nont label="Expression"><nont label="ORXORExpression"><nont label="ANDExpression"><nont label="RelationalExpression"><nont label="ADDSUBExpression"><nont label="MULDIVExpression"><nont label="PrefixExpression"><nont label="PostfixExpression"><nont label="AtomicExpression"><term lexeme="7" token="INTCONST"><location loc="56.33--56.33"/></term><location loc="56.33--56.33"/></nont><nont label="PostfixExpressionP"/><location loc="56.33--56.33"/></nont><location loc="56.33--56.33"/></nont><nont label="MULDIVExpressionP"/><location loc="56.33--56.33"/></nont><nont label="ADDSUBExpressionP"/><location loc="56.33--56.33"/></nont><nont label="RelationalExpressionP"/><location loc="56.33--56.33"/></nont><nont label="ANDExpressionP"/><location loc="56.33--56.33"/></nont><nont label="ORXORExpressionP"/><location loc="56.33--56.33"/></nont><location loc="56.33--56.33"/></nont><term lexeme="]" token="RBRACKET"><location loc="56.34--56.34"/></term><nont label="PostfixExpressionP"><term lexeme="[" token="LBRACKET"><location loc="56.35--56.35"/></term><nont label="Expression"><nont label="ORXORExpression"><nont label="ANDExpression"><nont label="RelationalExpression"><nont label="ADDSUBExpression"><nont label="MULDIVExpression"><nont label="PrefixExpression"><nont label="PostfixExpression"><nont label="AtomicExpression"><term lexeme="2" token="INTCONST"><location loc="56.36--56.36"/></term><location loc="56.36--56.36"/></nont><nont label="PostfixExpressionP"/><location loc="56.36--56.36"/></nont><location loc="56.36--56.36"/></nont><nont label="MULDIVExpressionP"/><location loc="56.36--56.36"/></nont><nont label="ADDSUBExpressionP"/><location loc="56.36--56.36"/></nont><nont label="RelationalExpressionP"/><location loc="56.36--56.36"/></nont><nont label="ANDExpressionP"/><location loc="56.36--56.36"/></nont><nont label="ORXORExpressionP"/><location loc="56.36--56.36"/></nont><location loc="56.36--56.36"/></nont><term lexeme="]" token="RBRACKET"><location loc="56.37--56.37"/></term><nont label="PostfixExpressionP"/><location loc="56.35--56.37"/></nont><location loc="56.32--56.37"/></nont><location loc="56.31--56.37"/></nont><location loc="56.31--56.37"/></nont><nont label="MULDIVExpressionP"/><location loc="56.31--56.37"/></nont><nont label="ADDSUBExpressionP"/><location loc="56.31--56.37"/></nont><nont label="RelationalExpressionP"/><location loc="56.31--56.37"/></nont><nont label="ANDExpressionP"/><location loc="56.31--56.37"/></nont><nont label="ORXORExpressionP"/><location loc="56.31--56.37"/></nont><location loc="56.31--56.37"/></nont><nont label="StatementP"><term lexeme="=" token="ASSIGN"><location loc="56.38--56.38"/></term><nont label="Expression"><nont label="ORXORExpression"><nont label="ANDExpression"><nont label="RelationalExpression"><nont label="ADDSUBExpression"><nont label="MULDIVExpression"><nont label="PrefixExpression"><nont label="PostfixExpression"><nont label="AtomicExpression"><term lexeme="0" token="INTCONST"><location loc="56.39--56.39"/></term><location loc="56.39--56.39"/></nont><nont label="PostfixExpressionP"/><location loc="56.39--56.39"/></nont><location loc="56.39--56.39"/></nont><nont label="MULDIVExpressionP"/><location loc="56.39--56.39"/></nont><nont label="ADDSUBExpressionP"/><location loc="56.39--56.39"/></nont><nont label="RelationalExpressionP"/><location loc="56.39--56.39"/></nont><nont label="ANDExpressionP"/><location loc="56.39--56.39"/></nont><nont label="ORXORExpressionP"/><location loc="56.39--56.39"/></nont><location loc="56.39--56.39"/></nont><location loc="56.38--56.39"/></nont><location loc="56.31--56.39"/></nont><term lexeme=";" token="SEMIC"><location loc="56.40--56.40"/></term><nont label="StatementsP"><nont label="Statement"><nont label="Expression"><nont label="ORXORExpression"><nont label="ANDExpression"><nont label="RelationalExpression"><nont label="ADDSUBExpression"><nont label="MULDIVExpression"><nont label="PrefixExpression"><nont label="PostfixExpression"><nont label="AtomicExpression"><term lexeme="t" token="IDENTIFIER"><location loc="56.44--56.44"/></term><nont label="ArgumentsOpt"/><location loc="56.44--56.44"/></nont><nont label="PostfixExpressionP"><term lexeme="[" token="LBRACKET"><location loc="56.45--56.45"/></term><nont label="Expression"><nont label="ORXORExpression"><nont label="ANDExpression"><nont label="RelationalExpression"><nont label="ADDSUBExpression"><nont label="MULDIVExpression"><nont label="PrefixExpression"><nont label="PostfixExpression"><nont label="AtomicExpression"><term lexeme="7" token="INTCONST"><location loc="56.46--56.46"/></term><location loc="56.46--56.46"/></nont><nont label="PostfixExpressionP"/><location loc="56.46--56.46"/></nont><location loc="56.46--56.46"/></nont><nont label="MULDIVExpressionP"/><location loc="56.46--56.46"/></nont><nont label="ADDSUBExpressionP"/><location loc="56.46--56.46"/></nont><nont label="RelationalExpressionP"/><location loc="56.46--56.46"/></nont><nont label="ANDExpressionP"/><location loc="56.46--56.46"/></nont><nont label="ORXORExpressionP"/><location loc="56.46--56.46"/></nont><location loc="56.46--56.46"/></nont><term lexeme="]" token="RBRACKET"><location loc="56.47--56.47"/></term><nont label="PostfixExpressionP"><term lexeme="[" token="LBRACKET"><location loc="56.48--56.48"/></term><nont label="Expression"><nont label="ORXORExpression"><nont label="ANDExpression"><nont label="RelationalExpression"><nont label="ADDSUBExpression"><nont label="MULDIVExpression"><nont label="PrefixExpression"><nont label="PostfixExpression"><nont label="AtomicExpression"><term lexeme="3" token="INTCONST"><location loc="56.49--56.49"/></term><location loc="56.49--56.49"/></nont><nont label="PostfixExpressionP"/><location loc="56.49--56.49"/></nont><location loc="56.49--56.49"/></nont><nont label="MULDIVExpressionP"/><location loc="56.49--56.49"/></nont><nont label="ADDSUBExpressionP"/><location loc="56.49--56.49"/></nont><nont label="RelationalExpressionP"/><location loc="56.49--56.49"/></nont><nont label="ANDExpressionP"/><location loc="56.49--56.49"/></nont><nont label="ORXORExpressionP"/><location loc="56.49--56.49"/></nont><location loc="56.49--56.49"/></nont><term lexeme="]" token="RBRACKET"><location loc="56.50--56.50"/></term><nont label="PostfixExpressionP"/><location loc="56.48--56.50"/></nont><location loc="56.45--56.50"/></nont><location loc="56.44--56.50"/></nont><location loc="56.44--56.50"/></nont><nont label="MULDIVExpressionP"/><location loc="56.44--56.50"/></nont><nont label="ADDSUBExpressionP"/><location loc="56.44--56.50"/></nont><nont label="RelationalExpressionP"/><location loc="56.44--56.50"/></nont><nont label="ANDExpressionP"/><location loc="56.44--56.50"/></nont><nont label="ORXORExpressionP"/><location loc="56.44--56.50"/></nont><location loc="56.44--56.50"/></nont><nont label="StatementP"><term lexeme="=" token="ASSIGN"><location loc="56.51--56.51"/></term><nont label="Expression"><nont label="ORXORExpression"><nont label="ANDExpression"><nont label="RelationalExpression"><nont label="ADDSUBExpression"><nont label="MULDIVExpression"><nont label="PrefixExpression"><nont label="PostfixExpression"><nont label="AtomicExpression"><term lexeme="0" token="INTCONST"><location loc="56.52--56.52"/></term><location loc="56.52--56.52"/></nont><nont label="PostfixExpressionP"/><location loc="56.52--56.52"/></nont><location loc="56.52--56.52"/></nont><nont label="MULDIVExpressionP"/><location loc="56.52--56.52"/></nont><nont label="ADDSUBExpressionP"/><location loc="56.52--56.52"/></nont><nont label="RelationalExpressionP"/><location loc="56.52--56.52"/></nont><nont label="ANDExpressionP"/><location loc="56.52--56.52"/></nont><nont label="ORXORExpressionP"/><location loc="56.52--56.52"/></nont><location loc="56.52--56.52"/></nont><location loc="56.51--56.52"/></nont><location loc="56.44--56.52"/></nont><term lexeme=";" token="SEMIC"><location loc="56.53--56.53"/></term><nont label="StatementsP"><nont label="Statement"><nont label="Expression"><nont label="ORXORExpression"><nont label="ANDExpression"><nont label="RelationalExpression"><nont label="ADDSUBExpression"><nont label="MULDIVExpression"><nont label="PrefixExpression"><nont label="PostfixExpression"><nont label="AtomicExpression"><term lexeme="t" token="IDENTIFIER"><location loc="56.55--56.55"/></term><nont label="ArgumentsOpt"/><location loc="56.55--56.55"/></nont><nont label="PostfixExpressionP"><term lexeme="[" token="LBRACKET"><location loc="56.56--56.56"/></term><nont label="Expression"><nont label="ORXORExpression"><nont label="ANDExpression"><nont label="RelationalExpression"><nont label="ADDSUBExpression"><nont label="MULDIVExpression"><nont label="PrefixExpression"><nont label="PostfixExpression"><nont label="AtomicExpression"><term lexeme="7" token="INTCONST"><location loc="56.57--56.57"/></term><location loc="56.57--56.57"/></nont><nont label="PostfixExpressionP"/><location loc="56.57--56.57"/></nont><location loc="56.57--56.57"/></nont><nont label="MULDIVExpressionP"/><location loc="56.57--56.57"/></nont><nont label="ADDSUBExpressionP"/><location loc="56.57--56.57"/></nont><nont label="RelationalExpressionP"/><location loc="56.57--56.57"/></nont><nont label="ANDExpressionP"/><location loc="56.57--56.57"/></nont><nont label="ORXORExpressionP"/><location loc="56.57--56.57"/></nont><location loc="56.57--56.57"/></nont><term lexeme="]" token="RBRACKET"><location loc="56.58--56.58"/></term><nont label="PostfixExpressionP"><term lexeme="[" token="LBRACKET"><location loc="56.59--56.59"/></term><nont label="Expression"><nont label="ORXORExpression"><nont label="ANDExpression"><nont label="RelationalExpression"><nont label="ADDSUBExpression"><nont label="MULDIVExpression"><nont label="PrefixExpression"><nont label="PostfixExpression"><nont label="AtomicExpression"><term lexeme="4" token="INTCONST"><location loc="56.60--56.60"/></term><location loc="56.60--56.60"/></nont><nont label="PostfixExpressionP"/><location loc="56.60--56.60"/></nont><location loc="56.60--56.60"/></nont><nont label="MULDIVExpressionP"/><location loc="56.60--56.60"/></nont><nont label="ADDSUBExpressionP"/><location loc="56.60--56.60"/></nont><nont label="RelationalExpressionP"/><location loc="56.60--56.60"/></nont><nont label="ANDExpressionP"/><location loc="56.60--56.60"/></nont><nont label="ORXORExpressionP"/><location loc="56.60--56.60"/></nont><location loc="56.60--56.60"/></nont><term lexeme="]" token="RBRACKET"><location loc="56.61--56.61"/></term><nont label="PostfixExpressionP"/><location loc="56.59--56.61"/></nont><location loc="56.56--56.61"/></nont><location loc="56.55--56.61"/></nont><location loc="56.55--56.61"/></nont><nont label="MULDIVExpressionP"/><location loc="56.55--56.61"/></nont><nont label="ADDSUBExpressionP"/><location loc="56.55--56.61"/></nont><nont label="RelationalExpressionP"/><location loc="56.55--56.61"/></nont><nont label="ANDExpressionP"/><location loc="56.55--56.61"/></nont><nont label="ORXORExpressionP"/><location loc="56.55--56.61"/></nont><location loc="56.55--56.61"/></nont><nont label="StatementP"><term lexeme="=" token="ASSIGN"><location loc="56.62--56.62"/></term><nont label="Expression"><nont label="ORXORExpression"><nont label="ANDExpression"><nont label="RelationalExpression"><nont label="ADDSUBExpression"><nont label="MULDIVExpression"><nont label="PrefixExpression"><nont label="PostfixExpression"><nont label="AtomicExpression"><term lexeme="0" token="INTCONST"><location loc="56.63--56.63"/></term><location loc="56.63--56.63"/></nont><nont label="PostfixExpressionP"/><location loc="56.63--56.63"/></nont><location loc="56.63--56.63"/></nont><nont label="MULDIVExpressionP"/><location loc="56.63--56.63"/></nont><nont label="ADDSUBExpressionP"/><location loc="56.63--56.63"/></nont><nont label="RelationalExpressionP"/><location loc="56.63--56.63"/></nont><nont label="ANDExpressionP"/><location loc="56.63--56.63"/></nont><nont label="ORXORExpressionP"/><location loc="56.63--56.63"/></nont><location loc="56.63--56.63"/></nont><location loc="56.62--56.63"/></nont><location loc="56.55--56.63"/></nont><term lexeme=";" token="SEMIC"><location loc="56.64--56.64"/></term><nont label="StatementsP"><nont label="Statement"><nont label="Expression"><nont label="ORXORExpression"><nont label="ANDExpression"><nont label="RelationalExpression"><nont label="ADDSUBExpression"><nont label="MULDIVExpression"><nont label="PrefixExpression"><nont label="PostfixExpression"><nont label="AtomicExpression"><term lexeme="t" token="IDENTIFIER"><location loc="56.66--56.66"/></term><nont label="ArgumentsOpt"/><location loc="56.66--56.66"/></nont><nont label="PostfixExpressionP"><term lexeme="[" token="LBRACKET"><location loc="56.67--56.67"/></term><nont label="Expression"><nont label="ORXORExpression"><nont label="ANDExpression"><nont label="RelationalExpression"><nont label="ADDSUBExpression"><nont label="MULDIVExpression"><nont label="PrefixExpression"><nont label="PostfixExpression"><nont label="AtomicExpression"><term lexeme="7" token="INTCONST"><location loc="56.68--56.68"/></term><location loc="56.68--56.68"/></nont><nont label="PostfixExpressionP"/><location loc="56.68--56.68"/></nont><location loc="56.68--56.68"/></nont><nont label="MULDIVExpressionP"/><location loc="56.68--56.68"/></nont><nont label="ADDSUBExpressionP"/><location loc="56.68--56.68"/></nont><nont label="RelationalExpressionP"/><location loc="56.68--56.68"/></nont><nont label="ANDExpressionP"/><location loc="56.68--56.68"/></nont><nont label="ORXORExpressionP"/><location loc="56.68--56.68"/></nont><location loc="56.68--56.68"/></nont><term lexeme="]" token="RBRACKET"><location loc="56.69--56.69"/></term><nont label="PostfixExpressionP"><term lexeme="[" token="LBRACKET"><location loc="56.70--56.70"/></term><nont label="Expression"><nont label="ORXORExpression"><nont label="ANDExpression"><nont label="RelationalExpression"><nont label="ADDSUBExpression"><nont label="MULDIVExpression"><nont label="PrefixExpression"><nont label="PostfixExpression"><nont label="AtomicExpression"><term lexeme="5" token="INTCONST"><location loc="56.71--56.71"/></term><location loc="56.71--56.71"/></nont><nont label="PostfixExpressionP"/><location loc="56.71--56.71"/></nont><location loc="56.71--56.71"/></nont><nont label="MULDIVExpressionP"/><location loc="56.71--56.71"/></nont><nont label="ADDSUBExpressionP"/><location loc="56.71--56.71"/></nont><nont label="RelationalExpressionP"/><location loc="56.71--56.71"/></nont><nont label="ANDExpressionP"/><location loc="56.71--56.71"/></nont><nont label="ORXORExpressionP"/><location loc="56.71--56.71"/></nont><location loc="56.71--56.71"/></nont><term lexeme="]" token="RBRACKET"><location loc="56.72--56.72"/></term><nont label="PostfixExpressionP"/><location loc="56.70--56.72"/></nont><location loc="56.67--56.72"/></nont><location loc="56.66--56.72"/></nont><location loc="56.66--56.72"/></nont><nont label="MULDIVExpressionP"/><location loc="56.66--56.72"/></nont><nont label="ADDSUBExpressionP"/><location loc="56.66--56.72"/></nont><nont label="RelationalExpressionP"/><location loc="56.66--56.72"/></nont><nont label="ANDExpressionP"/><location loc="56.66--56.72"/></nont><nont label="ORXORExpressionP"/><location loc="56.66--56.72"/></nont><location loc="56.66--56.72"/></nont><nont label="StatementP"><term lexeme="=" token="ASSIGN"><location loc="56.73--56.73"/></term><nont label="Expression"><nont label="ORXORExpression"><nont label="ANDExpression"><nont label="RelationalExpression"><nont label="ADDSUBExpression"><nont label="MULDIVExpression"><nont label="PrefixExpression"><nont label="PostfixExpression"><nont label="AtomicExpression"><term lexeme="2" token="INTCONST"><location loc="56.74--56.74"/></term><location loc="56.74--56.74"/></nont><nont label="PostfixExpressionP"/><location loc="56.74--56.74"/></nont><location loc="56.74--56.74"/></nont><nont label="MULDIVExpressionP"/><location loc="56.74--56.74"/></nont><nont label="ADDSUBExpressionP"/><location loc="56.74--56.74"/></nont><nont label="RelationalExpressionP"/><location loc="56.74--56.74"/></nont><nont label="ANDExpressionP"/><location loc="56.74--56.74"/></nont><nont label="ORXORExpressionP"/><location loc="56.74--56.74"/></nont><location loc="56.74--56.74"/></nont><location loc="56.73--56.74"/></nont><location loc="56.66--56.74"/></nont><term lexeme=";" token="SEMIC"><location loc="56.75--56.75"/></term><nont label="StatementsP"><nont label="Statement"><nont label="Expression"><nont label="ORXORExpression"><nont label="ANDExpression"><nont label="RelationalExpression"><nont label="ADDSUBExpression"><nont label="MULDIVExpression"><nont label="PrefixExpression"><nont label="PostfixExpression"><nont label="AtomicExpression"><term lexeme="t" token="IDENTIFIER"><location loc="56.79--56.79"/></term><nont label="ArgumentsOpt"/><location loc="56.79--56.79"/></nont><nont label="PostfixExpressionP"><term lexeme="[" token="LBRACKET"><location loc="56.80--56.80"/></term><nont label="Expression"><nont label="ORXORExpression"><nont label="ANDExpression"><nont label="RelationalExpression"><nont label="ADDSUBExpression"><nont label="MULDIVExpression"><nont label="PrefixExpression"><nont label="PostfixExpression"><nont label="AtomicExpression"><term lexeme="7" token="INTCONST"><location loc="56.81--56.81"/></term><location loc="56.81--56.81"/></nont><nont label="PostfixExpressionP"/><location loc="56.81--56.81"/></nont><location loc="56.81--56.81"/></nont><nont label="MULDIVExpressionP"/><location loc="56.81--56.81"/></nont><nont label="ADDSUBExpressionP"/><location loc="56.81--56.81"/></nont><nont label="RelationalExpressionP"/><location loc="56.81--56.81"/></nont><nont label="ANDExpressionP"/><location loc="56.81--56.81"/></nont><nont label="ORXORExpressionP"/><location loc="56.81--56.81"/></nont><location loc="56.81--56.81"/></nont><term lexeme="]" token="RBRACKET"><location loc="56.82--56.82"/></term><nont label="PostfixExpressionP"><term lexeme="[" token="LBRACKET"><location loc="56.83--56.83"/></term><nont label="Expression"><nont label="ORXORExpression"><nont label="ANDExpression"><nont label="RelationalExpression"><nont label="ADDSUBExpression"><nont label="MULDIVExpression"><nont label="PrefixExpression"><nont label="PostfixExpression"><nont label="AtomicExpression"><term lexeme="6" token="INTCONST"><location loc="56.84--56.84"/></term><location loc="56.84--56.84"/></nont><nont label="PostfixExpressionP"/><location loc="56.84--56.84"/></nont><location loc="56.84--56.84"/></nont><nont label="MULDIVExpressionP"/><location loc="56.84--56.84"/></nont><nont label="ADDSUBExpressionP"/><location loc="56.84--56.84"/></nont><nont label="RelationalExpressionP"/><location loc="56.84--56.84"/></nont><nont label="ANDExpressionP"/><location loc="56.84--56.84"/></nont><nont label="ORXORExpressionP"/><location loc="56.84--56.84"/></nont><location loc="56.84--56.84"/></nont><term lexeme="]" token="RBRACKET"><location loc="56.85--56.85"/></term><nont label="PostfixExpressionP"/><location loc="56.83--56.85"/></nont><location loc="56.80--56.85"/></nont><location loc="56.79--56.85"/></nont><location loc="56.79--56.85"/></nont><nont label="MULDIVExpressionP"/><location loc="56.79--56.85"/></nont><nont label="ADDSUBExpressionP"/><location loc="56.79--56.85"/></nont><nont label="RelationalExpressionP"/><location loc="56.79--56.85"/></nont><nont label="ANDExpressionP"/><location loc="56.79--56.85"/></nont><nont label="ORXORExpressionP"/><location loc="56.79--56.85"/></nont><location loc="56.79--56.85"/></nont><nont label="StatementP"><term lexeme="=" token="ASSIGN"><location loc="56.86--56.86"/></term><nont label="Expression"><nont label="ORXORExpression"><nont label="ANDExpression"><nont label="RelationalExpression"><nont label="ADDSUBExpression"><nont label="MULDIVExpression"><nont label="PrefixExpression"><nont label="PostfixExpression"><nont label="AtomicExpression"><term lexeme="4" token="INTCONST"><location loc="56.87--56.87"/></term><location loc="56.87--56.87"/></nont><nont label="PostfixExpressionP"/><location loc="56.87--56.87"/></nont><location loc="56.87--56.87"/></nont><nont label="MULDIVExpressionP"/><location loc="56.87--56.87"/></nont><nont label="ADDSUBExpressionP"/><location loc="56.87--56.87"/></nont><nont label="RelationalExpressionP"/><location loc="56.87--56.87"/></nont><nont label="ANDExpressionP"/><location loc="56.87--56.87"/></nont><nont label="ORXORExpressionP"/><location loc="56.87--56.87"/></nont><location loc="56.87--56.87"/></nont><location loc="56.86--56.87"/></nont><location loc="56.79--56.87"/></nont><term lexeme=";" token="SEMIC"><location loc="56.88--56.88"/></term><nont label="StatementsP"><nont label="Statement"><nont label="Expression"><nont label="ORXORExpression"><nont label="ANDExpression"><nont label="RelationalExpression"><nont label="ADDSUBExpression"><nont label="MULDIVExpression"><nont label="PrefixExpression"><nont label="PostfixExpression"><nont label="AtomicExpression"><term lexeme="t" token="IDENTIFIER"><location loc="56.90--56.90"/></term><nont label="ArgumentsOpt"/><location loc="56.90--56.90"/></nont><nont label="PostfixExpressionP"><term lexeme="[" token="LBRACKET"><location loc="56.91--56.91"/></term><nont label="Expression"><nont label="ORXORExpression"><nont label="ANDExpression"><nont label="RelationalExpression"><nont label="ADDSUBExpression"><nont label="MULDIVExpression"><nont label="PrefixExpression"><nont label="PostfixExpression"><nont label="AtomicExpression"><term lexeme="7" token="INTCONST"><location loc="56.92--56.92"/></term><location loc="56.92--56.92"/></nont><nont label="PostfixExpressionP"/><location loc="56.92--56.92"/></nont><location loc="56.92--56.92"/></nont><nont label="MULDIVExpressionP"/><location loc="56.92--56.92"/></nont><nont label="ADDSUBExpressionP"/><location loc="56.92--56.92"/></nont><nont label="RelationalExpressionP"/><location loc="56.92--56.92"/></nont><nont label="ANDExpressionP"/><location loc="56.92--56.92"/></nont><nont label="ORXORExpressionP"/><location loc="56.92--56.92"/></nont><location loc="56.92--56.92"/></nont><term lexeme="]" token="RBRACKET"><location loc="56.93--56.93"/></term><nont label="PostfixExpressionP"><term lexeme="[" token="LBRACKET"><location loc="56.94--56.94"/></term><nont label="Expression"><nont label="ORXORExpression"><nont label="ANDExpression"><nont label="RelationalExpression"><nont label="ADDSUBExpression"><nont label="MULDIVExpression"><nont label="PrefixExpression"><nont label="PostfixExpression"><nont label="AtomicExpression"><term lexeme="7" token="INTCONST"><location loc="56.95--56.95"/></term><location loc="56.95--56.95"/></nont><nont label="PostfixExpressionP"/><location loc="56.95--56.95"/></nont><location loc="56.95--56.95"/></nont><nont label="MULDIVExpressionP"/><location loc="56.95--56.95"/></nont><nont label="ADDSUBExpressionP"/><location loc="56.95--56.95"/></nont><nont label="RelationalExpressionP"/><location loc="56.95--56.95"/></nont><nont label="ANDExpressionP"/><location loc="56.95--56.95"/></nont><nont label="ORXORExpressionP"/><location loc="56.95--56.95"/></nont><location loc="56.95--56.95"/></nont><term lexeme="]" token="RBRACKET"><location loc="56.96--56.96"/></term><nont label="PostfixExpressionP"/><location loc="56.94--56.96"/></nont><location loc="56.91--56.96"/></nont><location loc="56.90--56.96"/></nont><location loc="56.90--56.96"/></nont><nont label="MULDIVExpressionP"/><location loc="56.90--56.96"/></nont><nont label="ADDSUBExpressionP"/><location loc="56.90--56.96"/></nont><nont label="RelationalExpressionP"/><location loc="56.90--56.96"/></nont><nont label="ANDExpressionP"/><location loc="56.90--56.96"/></nont><nont label="ORXORExpressionP"/><location loc="56.90--56.96"/></nont><location loc="56.90--56.96"/></nont><nont label="StatementP"><term lexeme="=" token="ASSIGN"><location loc="56.97--56.97"/></term><nont label="Expression"><nont label="ORXORExpression"><nont label="ANDExpression"><nont label="RelationalExpression"><nont label="ADDSUBExpression"><nont label="MULDIVExpression"><nont label="PrefixExpression"><nont label="PostfixExpression"><nont label="AtomicExpression"><term lexeme="0" token="INTCONST"><location loc="56.98--56.98"/></term><location loc="56.98--56.98"/></nont><nont label="PostfixExpressionP"/><location loc="56.98--56.98"/></nont><location loc="56.98--56.98"/></nont><nont label="MULDIVExpressionP"/><location loc="56.98--56.98"/></nont><nont label="ADDSUBExpressionP"/><location loc="56.98--56.98"/></nont><nont label="RelationalExpressionP"/><location loc="56.98--56.98"/></nont><nont label="ANDExpressionP"/><location loc="56.98--56.98"/></nont><nont label="ORXORExpressionP"/><location loc="56.98--56.98"/></nont><location loc="56.98--56.98"/></nont><location loc="56.97--56.98"/></nont><location loc="56.90--56.98"/></nont><term lexeme=";" token="SEMIC"><location loc="56.99--56.99"/></term><nont label="StatementsP"><nont label="Statement"><nont label="Expression"><nont label="ORXORExpression"><nont label="ANDExpression"><nont label="RelationalExpression"><nont label="ADDSUBExpression"><nont label="MULDIVExpression"><nont label="PrefixExpression"><nont label="PostfixExpression"><nont label="AtomicExpression"><term lexeme="t" token="IDENTIFIER"><location loc="56.101--56.101"/></term><nont label="ArgumentsOpt"/><location loc="56.101--56.101"/></nont><nont label="PostfixExpressionP"><term lexeme="[" token="LBRACKET"><location loc="56.102--56.102"/></term><nont label="Expression"><nont label="ORXORExpression"><nont label="ANDExpression"><nont label="RelationalExpression"><nont label="ADDSUBExpression"><nont label="MULDIVExpression"><nont label="PrefixExpression"><nont label="PostfixExpression"><nont label="AtomicExpression"><term lexeme="7" token="INTCONST"><location loc="56.103--56.103"/></term><location loc="56.103--56.103"/></nont><nont label="PostfixExpressionP"/><location loc="56.103--56.103"/></nont><location loc="56.103--56.103"/></nont><nont label="MULDIVExpressionP"/><location loc="56.103--56.103"/></nont><nont label="ADDSUBExpressionP"/><location loc="56.103--56.103"/></nont><nont label="RelationalExpressionP"/><location loc="56.103--56.103"/></nont><nont label="ANDExpressionP"/><location loc="56.103--56.103"/></nont><nont label="ORXORExpressionP"/><location loc="56.103--56.103"/></nont><location loc="56.103--56.103"/></nont><term lexeme="]" token="RBRACKET"><location loc="56.104--56.104"/></term><nont label="PostfixExpressionP"><term lexeme="[" token="LBRACKET"><location loc="56.105--56.105"/></term><nont label="Expression"><nont label="ORXORExpression"><nont label="ANDExpression"><nont label="RelationalExpression"><nont label="ADDSUBExpression"><nont label="MULDIVExpression"><nont label="PrefixExpression"><nont label="PostfixExpression"><nont label="AtomicExpression"><term lexeme="8" token="INTCONST"><location loc="56.106--56.106"/></term><location loc="56.106--56.106"/></nont><nont label="PostfixExpressionP"/><location loc="56.106--56.106"/></nont><location loc="56.106--56.106"/></nont><nont label="MULDIVExpressionP"/><location loc="56.106--56.106"/></nont><nont label="ADDSUBExpressionP"/><location loc="56.106--56.106"/></nont><nont label="RelationalExpressionP"/><location loc="56.106--56.106"/></nont><nont label="ANDExpressionP"/><location loc="56.106--56.106"/></nont><nont label="ORXORExpressionP"/><location loc="56.106--56.106"/></nont><location loc="56.106--56.106"/></nont><term lexeme="]" token="RBRACKET"><location loc="56.107--56.107"/></term><nont label="PostfixExpressionP"/><location loc="56.105--56.107"/></nont><location loc="56.102--56.107"/></nont><location loc="56.101--56.107"/></nont><location loc="56.101--56.107"/></nont><nont label="MULDIVExpressionP"/><location loc="56.101--56.107"/></nont><nont label="ADDSUBExpressionP"/><location loc="56.101--56.107"/></nont><nont label="RelationalExpressionP"/><location loc="56.101--56.107"/></nont><nont label="ANDExpressionP"/><location loc="56.101--56.107"/></nont><nont label="ORXORExpressionP"/><location loc="56.101--56.107"/></nont><location loc="56.101--56.107"/></nont><nont label="StatementP"><term lexeme="=" token="ASSIGN"><location loc="56.108--56.108"/></term><nont label="Expression"><nont label="ORXORExpression"><nont label="ANDExpression"><nont label="RelationalExpression"><nont label="ADDSUBExpression"><nont label="MULDIVExpression"><nont label="PrefixExpression"><nont label="PostfixExpression"><nont label="AtomicExpression"><term lexeme="0" token="INTCONST"><location loc="56.109--56.109"/></term><location loc="56.109--56.109"/></nont><nont label="PostfixExpressionP"/><location loc="56.109--56.109"/></nont><location loc="56.109--56.109"/></nont><nont label="MULDIVExpressionP"/><location loc="56.109--56.109"/></nont><nont label="ADDSUBExpressionP"/><location loc="56.109--56.109"/></nont><nont label="RelationalExpressionP"/><location loc="56.109--56.109"/></nont><nont label="ANDExpressionP"/><location loc="56.109--56.109"/></nont><nont label="ORXORExpressionP"/><location loc="56.109--56.109"/></nont><location loc="56.109--56.109"/></nont><location loc="56.108--56.109"/></nont><location loc="56.101--56.109"/></nont><term lexeme=";" token="SEMIC"><location loc="56.110--56.110"/></term><nont label="StatementsP"><nont label="Statement"><nont label="Expression"><nont label="ORXORExpression"><nont label="ANDExpression"><nont label="RelationalExpression"><nont label="ADDSUBExpression"><nont label="MULDIVExpression"><nont label="PrefixExpression"><nont label="PostfixExpression"><nont label="AtomicExpression"><term lexeme="t" token="IDENTIFIER"><location loc="57.9--57.9"/></term><nont label="ArgumentsOpt"/><location loc="57.9--57.9"/></nont><nont label="PostfixExpressionP"><term lexeme="[" token="LBRACKET"><location loc="57.10--57.10"/></term><nont label="Expression"><nont label="ORXORExpression"><nont label="ANDExpression"><nont label="RelationalExpression"><nont label="ADDSUBExpression"><nont label="MULDIVExpression"><nont label="PrefixExpression"><nont label="PostfixExpression"><nont label="AtomicExpression"><term lexeme="8" token="INTCONST"><location loc="57.11--57.11"/></term><location loc="57.11--57.11"/></nont><nont label="PostfixExpressionP"/><location loc="57.11--57.11"/></nont><location loc="57.11--57.11"/></nont><nont label="MULDIVExpressionP"/><location loc="57.11--57.11"/></nont><nont label="ADDSUBExpressionP"/><location loc="57.11--57.11"/></nont><nont label="RelationalExpressionP"/><location loc="57.11--57.11"/></nont><nont label="ANDExpressionP"/><location loc="57.11--57.11"/></nont><nont label="ORXORExpressionP"/><location loc="57.11--57.11"/></nont><location loc="57.11--57.11"/></nont><term lexeme="]" token="RBRACKET"><location loc="57.12--57.12"/></term><nont label="PostfixExpressionP"><term lexeme="[" token="LBRACKET"><location loc="57.13--57.13"/></term><nont label="Expression"><nont label="ORXORExpression"><nont label="ANDExpression"><nont label="RelationalExpression"><nont label="ADDSUBExpression"><nont label="MULDIVExpression"><nont label="PrefixExpression"><nont label="PostfixExpression"><nont label="AtomicExpression"><term lexeme="0" token="INTCONST"><location loc="57.14--57.14"/></term><location loc="57.14--57.14"/></nont><nont label="PostfixExpressionP"/><location loc="57.14--57.14"/></nont><location loc="57.14--57.14"/></nont><nont label="MULDIVExpressionP"/><location loc="57.14--57.14"/></nont><nont label="ADDSUBExpressionP"/><location loc="57.14--57.14"/></nont><nont label="RelationalExpressionP"/><location loc="57.14--57.14"/></nont><nont label="ANDExpressionP"/><location loc="57.14--57.14"/></nont><nont label="ORXORExpressionP"/><location loc="57.14--57.14"/></nont><location loc="57.14--57.14"/></nont><term lexeme="]" token="RBRACKET"><location loc="57.15--57.15"/></term><nont label="PostfixExpressionP"/><location loc="57.13--57.15"/></nont><location loc="57.10--57.15"/></nont><location loc="57.9--57.15"/></nont><location loc="57.9--57.15"/></nont><nont label="MULDIVExpressionP"/><location loc="57.9--57.15"/></nont><nont label="ADDSUBExpressionP"/><location loc="57.9--57.15"/></nont><nont label="RelationalExpressionP"/><location loc="57.9--57.15"/></nont><nont label="ANDExpressionP"/><location loc="57.9--57.15"/></nont><nont label="ORXORExpressionP"/><location loc="57.9--57.15"/></nont><location loc="57.9--57.15"/></nont><nont label="StatementP"><term lexeme="=" token="ASSIGN"><location loc="57.16--57.16"/></term><nont label="Expression"><nont label="ORXORExpression"><nont label="ANDExpression"><nont label="RelationalExpression"><nont label="ADDSUBExpression"><nont label="MULDIVExpression"><nont label="PrefixExpression"><nont label="PostfixExpression"><nont label="AtomicExpression"><term lexeme="5" token="INTCONST"><location loc="57.17--57.17"/></term><location loc="57.17--57.17"/></nont><nont label="PostfixExpressionP"/><location loc="57.17--57.17"/></nont><location loc="57.17--57.17"/></nont><nont label="MULDIVExpressionP"/><location loc="57.17--57.17"/></nont><nont label="ADDSUBExpressionP"/><location loc="57.17--57.17"/></nont><nont label="RelationalExpressionP"/><location loc="57.17--57.17"/></nont><nont label="ANDExpressionP"/><location loc="57.17--57.17"/></nont><nont label="ORXORExpressionP"/><location loc="57.17--57.17"/></nont><location loc="57.17--57.17"/></nont><location loc="57.16--57.17"/></nont><location loc="57.9--57.17"/></nont><term lexeme=";" token="SEMIC"><location loc="57.18--57.18"/></term><nont label="StatementsP"><nont label="Statement"><nont label="Expression"><nont label="ORXORExpression"><nont label="ANDExpression"><nont label="RelationalExpression"><nont label="ADDSUBExpression"><nont label="MULDIVExpression"><nont label="PrefixExpression"><nont label="PostfixExpression"><nont label="AtomicExpression"><term lexeme="t" token="IDENTIFIER"><location loc="57.20--57.20"/></term><nont label="ArgumentsOpt"/><location loc="57.20--57.20"/></nont><nont label="PostfixExpressionP"><term lexeme="[" token="LBRACKET"><location loc="57.21--57.21"/></term><nont label="Expression"><nont label="ORXORExpression"><nont label="ANDExpression"><nont label="RelationalExpression"><nont label="ADDSUBExpression"><nont label="MULDIVExpression"><nont label="PrefixExpression"><nont label="PostfixExpression"><nont label="AtomicExpression"><term lexeme="8" token="INTCONST"><location loc="57.22--57.22"/></term><location loc="57.22--57.22"/></nont><nont label="PostfixExpressionP"/><location loc="57.22--57.22"/></nont><location loc="57.22--57.22"/></nont><nont label="MULDIVExpressionP"/><location loc="57.22--57.22"/></nont><nont label="ADDSUBExpressionP"/><location loc="57.22--57.22"/></nont><nont label="RelationalExpressionP"/><location loc="57.22--57.22"/></nont><nont label="ANDExpressionP"/><location loc="57.22--57.22"/></nont><nont label="ORXORExpressionP"/><location loc="57.22--57.22"/></nont><location loc="57.22--57.22"/></nont><term lexeme="]" token="RBRACKET"><location loc="57.23--57.23"/></term><nont label="PostfixExpressionP"><term lexeme="[" token="LBRACKET"><location loc="57.24--57.24"/></term><nont label="Expression"><nont label="ORXORExpression"><nont label="ANDExpression"><nont label="RelationalExpression"><nont label="ADDSUBExpression"><nont label="MULDIVExpression"><nont label="PrefixExpression"><nont label="PostfixExpression"><nont label="AtomicExpression"><term lexeme="1" token="INTCONST"><location loc="57.25--57.25"/></term><location loc="57.25--57.25"/></nont><nont label="PostfixExpressionP"/><location loc="57.25--57.25"/></nont><location loc="57.25--57.25"/></nont><nont label="MULDIVExpressionP"/><location loc="57.25--57.25"/></nont><nont label="ADDSUBExpressionP"/><location loc="57.25--57.25"/></nont><nont label="RelationalExpressionP"/><location loc="57.25--57.25"/></nont><nont label="ANDExpressionP"/><location loc="57.25--57.25"/></nont><nont label="ORXORExpressionP"/><location loc="57.25--57.25"/></nont><location loc="57.25--57.25"/></nont><term lexeme="]" token="RBRACKET"><location loc="57.26--57.26"/></term><nont label="PostfixExpressionP"/><location loc="57.24--57.26"/></nont><location loc="57.21--57.26"/></nont><location loc="57.20--57.26"/></nont><location loc="57.20--57.26"/></nont><nont label="MULDIVExpressionP"/><location loc="57.20--57.26"/></nont><nont label="ADDSUBExpressionP"/><location loc="57.20--57.26"/></nont><nont label="RelationalExpressionP"/><location loc="57.20--57.26"/></nont><nont label="ANDExpressionP"/><location loc="57.20--57.26"/></nont><nont label="ORXORExpressionP"/><location loc="57.20--57.26"/></nont><location loc="57.20--57.26"/></nont><nont label="StatementP"><term lexeme="=" token="ASSIGN"><location loc="57.27--57.27"/></term><nont label="Expression"><nont label="ORXORExpression"><nont label="ANDExpression"><nont label="RelationalExpression"><nont label="ADDSUBExpression"><nont label="MULDIVExpression"><nont label="PrefixExpression"><nont label="PostfixExpression"><nont label="AtomicExpression"><term lexeme="7" token="INTCONST"><location loc="57.28--57.28"/></term><location loc="57.28--57.28"/></nont><nont label="PostfixExpressionP"/><location loc="57.28--57.28"/></nont><location loc="57.28--57.28"/></nont><nont label="MULDIVExpressionP"/><location loc="57.28--57.28"/></nont><nont label="ADDSUBExpressionP"/><location loc="57.28--57.28"/></nont><nont label="RelationalExpressionP"/><location loc="57.28--57.28"/></nont><nont label="ANDExpressionP"/><location loc="57.28--57.28"/></nont><nont label="ORXORExpressionP"/><location loc="57.28--57.28"/></nont><location loc="57.28--57.28"/></nont><location loc="57.27--57.28"/></nont><location loc="57.20--57.28"/></nont><term lexeme=";" token="SEMIC"><location loc="57.29--57.29"/></term><nont label="StatementsP"><nont label="Statement"><nont label="Expression"><nont label="ORXORExpression"><nont label="ANDExpression"><nont label="RelationalExpression"><nont label="ADDSUBExpression"><nont label="MULDIVExpression"><nont label="PrefixExpression"><nont label="PostfixExpression"><nont label="AtomicExpression"><term lexeme="t" token="IDENTIFIER"><location loc="57.31--57.31"/></term><nont label="ArgumentsOpt"/><location loc="57.31--57.31"/></nont><nont label="PostfixExpressionP"><term lexeme="[" token="LBRACKET"><location loc="57.32--57.32"/></term><nont label="Expression"><nont label="ORXORExpression"><nont label="ANDExpression"><nont label="RelationalExpression"><nont label="ADDSUBExpression"><nont label="MULDIVExpression"><nont label="PrefixExpression"><nont label="PostfixExpression"><nont label="AtomicExpression"><term lexeme="8" token="INTCONST"><location loc="57.33--57.33"/></term><location loc="57.33--57.33"/></nont><nont label="PostfixExpressionP"/><location loc="57.33--57.33"/></nont><location loc="57.33--57.33"/></nont><nont label="MULDIVExpressionP"/><location loc="57.33--57.33"/></nont><nont label="ADDSUBExpressionP"/><location loc="57.33--57.33"/></nont><nont label="RelationalExpressionP"/><location loc="57.33--57.33"/></nont><nont label="ANDExpressionP"/><location loc="57.33--57.33"/></nont><nont label="ORXORExpressionP"/><location loc="57.33--57.33"/></nont><location loc="57.33--57.33"/></nont><term lexeme="]" token="RBRACKET"><location loc="57.34--57.34"/></term><nont label="PostfixExpressionP"><term lexeme="[" token="LBRACKET"><location loc="57.35--57.35"/></term><nont label="Expression"><nont label="ORXORExpression"><nont label="ANDExpression"><nont label="RelationalExpression"><nont label="ADDSUBExpression"><nont label="MULDIVExpression"><nont label="PrefixExpression"><nont label="PostfixExpression"><nont label="AtomicExpression"><term lexeme="2" token="INTCONST"><location loc="57.36--57.36"/></term><location loc="57.36--57.36"/></nont><nont label="PostfixExpressionP"/><location loc="57.36--57.36"/></nont><location loc="57.36--57.36"/></nont><nont label="MULDIVExpressionP"/><location loc="57.36--57.36"/></nont><nont label="ADDSUBExpressionP"/><location loc="57.36--57.36"/></nont><nont label="RelationalExpressionP"/><location loc="57.36--57.36"/></nont><nont label="ANDExpressionP"/><location loc="57.36--57.36"/></nont><nont label="ORXORExpressionP"/><location loc="57.36--57.36"/></nont><location loc="57.36--57.36"/></nont><term lexeme="]" token="RBRACKET"><location loc="57.37--57.37"/></term><nont label="PostfixExpressionP"/><location loc="57.35--57.37"/></nont><location loc="57.32--57.37"/></nont><location loc="57.31--57.37"/></nont><location loc="57.31--57.37"/></nont><nont label="MULDIVExpressionP"/><location loc="57.31--57.37"/></nont><nont label="ADDSUBExpressionP"/><location loc="57.31--57.37"/></nont><nont label="RelationalExpressionP"/><location loc="57.31--57.37"/></nont><nont label="ANDExpressionP"/><location loc="57.31--57.37"/></nont><nont label="ORXORExpressionP"/><location loc="57.31--57.37"/></nont><location loc="57.31--57.37"/></nont><nont label="StatementP"><term lexeme="=" token="ASSIGN"><location loc="57.38--57.38"/></term><nont label="Expression"><nont label="ORXORExpression"><nont label="ANDExpression"><nont label="RelationalExpression"><nont label="ADDSUBExpression"><nont label="MULDIVExpression"><nont label="PrefixExpression"><nont label="PostfixExpression"><nont label="AtomicExpression"><term lexeme="0" token="INTCONST"><location loc="57.39--57.39"/></term><location loc="57.39--57.39"/></nont><nont label="PostfixExpressionP"/><location loc="57.39--57.39"/></nont><location loc="57.39--57.39"/></nont><nont label="MULDIVExpressionP"/><location loc="57.39--57.39"/></nont><nont label="ADDSUBExpressionP"/><location loc="57.39--57.39"/></nont><nont label="RelationalExpressionP"/><location loc="57.39--57.39"/></nont><nont label="ANDExpressionP"/><location loc="57.39--57.39"/></nont><nont label="ORXORExpressionP"/><location loc="57.39--57.39"/></nont><location loc="57.39--57.39"/></nont><location loc="57.38--57.39"/></nont><location loc="57.31--57.39"/></nont><term lexeme=";" token="SEMIC"><location loc="57.40--57.40"/></term><nont label="StatementsP"><nont label="Statement"><nont label="Expression"><nont label="ORXORExpression"><nont label="ANDExpression"><nont label="RelationalExpression"><nont label="ADDSUBExpression"><nont label="MULDIVExpression"><nont label="PrefixExpression"><nont label="PostfixExpression"><nont label="AtomicExpression"><term lexeme="t" token="IDENTIFIER"><location loc="57.44--57.44"/></term><nont label="ArgumentsOpt"/><location loc="57.44--57.44"/></nont><nont label="PostfixExpressionP"><term lexeme="[" token="LBRACKET"><location loc="57.45--57.45"/></term><nont label="Expression"><nont label="ORXORExpression"><nont label="ANDExpression"><nont label="RelationalExpression"><nont label="ADDSUBExpression"><nont label="MULDIVExpression"><nont label="PrefixExpression"><nont label="PostfixExpression"><nont label="AtomicExpression"><term lexeme="8" token="INTCONST"><location loc="57.46--57.46"/></term><location loc="57.46--57.46"/></nont><nont label="PostfixExpressionP"/><location loc="57.46--57.46"/></nont><location loc="57.46--57.46"/></nont><nont label="MULDIVExpressionP"/><location loc="57.46--57.46"/></nont><nont label="ADDSUBExpressionP"/><location loc="57.46--57.46"/></nont><nont label="RelationalExpressionP"/><location loc="57.46--57.46"/></nont><nont label="ANDExpressionP"/><location loc="57.46--57.46"/></nont><nont label="ORXORExpressionP"/><location loc="57.46--57.46"/></nont><location loc="57.46--57.46"/></nont><term lexeme="]" token="RBRACKET"><location loc="57.47--57.47"/></term><nont label="PostfixExpressionP"><term lexeme="[" token="LBRACKET"><location loc="57.48--57.48"/></term><nont label="Expression"><nont label="ORXORExpression"><nont label="ANDExpression"><nont label="RelationalExpression"><nont label="ADDSUBExpression"><nont label="MULDIVExpression"><nont label="PrefixExpression"><nont label="PostfixExpression"><nont label="AtomicExpression"><term lexeme="3" token="INTCONST"><location loc="57.49--57.49"/></term><location loc="57.49--57.49"/></nont><nont label="PostfixExpressionP"/><location loc="57.49--57.49"/></nont><location loc="57.49--57.49"/></nont><nont label="MULDIVExpressionP"/><location loc="57.49--57.49"/></nont><nont label="ADDSUBExpressionP"/><location loc="57.49--57.49"/></nont><nont label="RelationalExpressionP"/><location loc="57.49--57.49"/></nont><nont label="ANDExpressionP"/><location loc="57.49--57.49"/></nont><nont label="ORXORExpressionP"/><location loc="57.49--57.49"/></nont><location loc="57.49--57.49"/></nont><term lexeme="]" token="RBRACKET"><location loc="57.50--57.50"/></term><nont label="PostfixExpressionP"/><location loc="57.48--57.50"/></nont><location loc="57.45--57.50"/></nont><location loc="57.44--57.50"/></nont><location loc="57.44--57.50"/></nont><nont label="MULDIVExpressionP"/><location loc="57.44--57.50"/></nont><nont label="ADDSUBExpressionP"/><location loc="57.44--57.50"/></nont><nont label="RelationalExpressionP"/><location loc="57.44--57.50"/></nont><nont label="ANDExpressionP"/><location loc="57.44--57.50"/></nont><nont label="ORXORExpressionP"/><location loc="57.44--57.50"/></nont><location loc="57.44--57.50"/></nont><nont label="StatementP"><term lexeme="=" token="ASSIGN"><location loc="57.51--57.51"/></term><nont label="Expression"><nont label="ORXORExpression"><nont label="ANDExpression"><nont label="RelationalExpression"><nont label="ADDSUBExpression"><nont label="MULDIVExpression"><nont label="PrefixExpression"><nont label="PostfixExpression"><nont label="AtomicExpression"><term lexeme="0" token="INTCONST"><location loc="57.52--57.52"/></term><location loc="57.52--57.52"/></nont><nont label="PostfixExpressionP"/><location loc="57.52--57.52"/></nont><location loc="57.52--57.52"/></nont><nont label="MULDIVExpressionP"/><location loc="57.52--57.52"/></nont><nont label="ADDSUBExpressionP"/><location loc="57.52--57.52"/></nont><nont label="RelationalExpressionP"/><location loc="57.52--57.52"/></nont><nont label="ANDExpressionP"/><location loc="57.52--57.52"/></nont><nont label="ORXORExpressionP"/><location loc="57.52--57.52"/></nont><location loc="57.52--57.52"/></nont><location loc="57.51--57.52"/></nont><location loc="57.44--57.52"/></nont><term lexeme=";" token="SEMIC"><location loc="57.53--57.53"/></term><nont label="StatementsP"><nont label="Statement"><nont label="Expression"><nont label="ORXORExpression"><nont label="ANDExpression"><nont label="RelationalExpression"><nont label="ADDSUBExpression"><nont label="MULDIVExpression"><nont label="PrefixExpression"><nont label="PostfixExpression"><nont label="AtomicExpression"><term lexeme="t" token="IDENTIFIER"><location loc="57.55--57.55"/></term><nont label="ArgumentsOpt"/><location loc="57.55--57.55"/></nont><nont label="PostfixExpressionP"><term lexeme="[" token="LBRACKET"><location loc="57.56--57.56"/></term><nont label="Expression"><nont label="ORXORExpression"><nont label="ANDExpression"><nont label="RelationalExpression"><nont label="ADDSUBExpression"><nont label="MULDIVExpression"><nont label="PrefixExpression"><nont label="PostfixExpression"><nont label="AtomicExpression"><term lexeme="8" token="INTCONST"><location loc="57.57--57.57"/></term><location loc="57.57--57.57"/></nont><nont label="PostfixExpressionP"/><location loc="57.57--57.57"/></nont><location loc="57.57--57.57"/></nont><nont label="MULDIVExpressionP"/><location loc="57.57--57.57"/></nont><nont label="ADDSUBExpressionP"/><location loc="57.57--57.57"/></nont><nont label="RelationalExpressionP"/><location loc="57.57--57.57"/></nont><nont label="ANDExpressionP"/><location loc="57.57--57.57"/></nont><nont label="ORXORExpressionP"/><location loc="57.57--57.57"/></nont><location loc="57.57--57.57"/></nont><term lexeme="]" token="RBRACKET"><location loc="57.58--57.58"/></term><nont label="PostfixExpressionP"><term lexeme="[" token="LBRACKET"><location loc="57.59--57.59"/></term><nont label="Expression"><nont label="ORXORExpression"><nont label="ANDExpression"><nont label="RelationalExpression"><nont label="ADDSUBExpression"><nont label="MULDIVExpression"><nont label="PrefixExpression"><nont label="PostfixExpression"><nont label="AtomicExpression"><term lexeme="4" token="INTCONST"><location loc="57.60--57.60"/></term><location loc="57.60--57.60"/></nont><nont label="PostfixExpressionP"/><location loc="57.60--57.60"/></nont><location loc="57.60--57.60"/></nont><nont label="MULDIVExpressionP"/><location loc="57.60--57.60"/></nont><nont label="ADDSUBExpressionP"/><location loc="57.60--57.60"/></nont><nont label="RelationalExpressionP"/><location loc="57.60--57.60"/></nont><nont label="ANDExpressionP"/><location loc="57.60--57.60"/></nont><nont label="ORXORExpressionP"/><location loc="57.60--57.60"/></nont><location loc="57.60--57.60"/></nont><term lexeme="]" token="RBRACKET"><location loc="57.61--57.61"/></term><nont label="PostfixExpressionP"/><location loc="57.59--57.61"/></nont><location loc="57.56--57.61"/></nont><location loc="57.55--57.61"/></nont><location loc="57.55--57.61"/></nont><nont label="MULDIVExpressionP"/><location loc="57.55--57.61"/></nont><nont label="ADDSUBExpressionP"/><location loc="57.55--57.61"/></nont><nont label="RelationalExpressionP"/><location loc="57.55--57.61"/></nont><nont label="ANDExpressionP"/><location loc="57.55--57.61"/></nont><nont label="ORXORExpressionP"/><location loc="57.55--57.61"/></nont><location loc="57.55--57.61"/></nont><nont label="StatementP"><term lexeme="=" token="ASSIGN"><location loc="57.62--57.62"/></term><nont label="Expression"><nont label="ORXORExpression"><nont label="ANDExpression"><nont label="RelationalExpression"><nont label="ADDSUBExpression"><nont label="MULDIVExpression"><nont label="PrefixExpression"><nont label="PostfixExpression"><nont label="AtomicExpression"><term lexeme="4" token="INTCONST"><location loc="57.63--57.63"/></term><location loc="57.63--57.63"/></nont><nont label="PostfixExpressionP"/><location loc="57.63--57.63"/></nont><location loc="57.63--57.63"/></nont><nont label="MULDIVExpressionP"/><location loc="57.63--57.63"/></nont><nont label="ADDSUBExpressionP"/><location loc="57.63--57.63"/></nont><nont label="RelationalExpressionP"/><location loc="57.63--57.63"/></nont><nont label="ANDExpressionP"/><location loc="57.63--57.63"/></nont><nont label="ORXORExpressionP"/><location loc="57.63--57.63"/></nont><location loc="57.63--57.63"/></nont><location loc="57.62--57.63"/></nont><location loc="57.55--57.63"/></nont><term lexeme=";" token="SEMIC"><location loc="57.64--57.64"/></term><nont label="StatementsP"><nont label="Statement"><nont label="Expression"><nont label="ORXORExpression"><nont label="ANDExpression"><nont label="RelationalExpression"><nont label="ADDSUBExpression"><nont label="MULDIVExpression"><nont label="PrefixExpression"><nont label="PostfixExpression"><nont label="AtomicExpression"><term lexeme="t" token="IDENTIFIER"><location loc="57.66--57.66"/></term><nont label="ArgumentsOpt"/><location loc="57.66--57.66"/></nont><nont label="PostfixExpressionP"><term lexeme="[" token="LBRACKET"><location loc="57.67--57.67"/></term><nont label="Expression"><nont label="ORXORExpression"><nont label="ANDExpression"><nont label="RelationalExpression"><nont label="ADDSUBExpression"><nont label="MULDIVExpression"><nont label="PrefixExpression"><nont label="PostfixExpression"><nont label="AtomicExpression"><term lexeme="8" token="INTCONST"><location loc="57.68--57.68"/></term><location loc="57.68--57.68"/></nont><nont label="PostfixExpressionP"/><location loc="57.68--57.68"/></nont><location loc="57.68--57.68"/></nont><nont label="MULDIVExpressionP"/><location loc="57.68--57.68"/></nont><nont label="ADDSUBExpressionP"/><location loc="57.68--57.68"/></nont><nont label="RelationalExpressionP"/><location loc="57.68--57.68"/></nont><nont label="ANDExpressionP"/><location loc="57.68--57.68"/></nont><nont label="ORXORExpressionP"/><location loc="57.68--57.68"/></nont><location loc="57.68--57.68"/></nont><term lexeme="]" token="RBRACKET"><location loc="57.69--57.69"/></term><nont label="PostfixExpressionP"><term lexeme="[" token="LBRACKET"><location loc="57.70--57.70"/></term><nont label="Expression"><nont label="ORXORExpression"><nont label="ANDExpression"><nont label="RelationalExpression"><nont label="ADDSUBExpression"><nont label="MULDIVExpression"><nont label="PrefixExpression"><nont label="PostfixExpression"><nont label="AtomicExpression"><term lexeme="5" token="INTCONST"><location loc="57.71--57.71"/></term><location loc="57.71--57.71"/></nont><nont label="PostfixExpressionP"/><location loc="57.71--57.71"/></nont><location loc="57.71--57.71"/></nont><nont label="MULDIVExpressionP"/><location loc="57.71--57.71"/></nont><nont label="ADDSUBExpressionP"/><location loc="57.71--57.71"/></nont><nont label="RelationalExpressionP"/><location loc="57.71--57.71"/></nont><nont label="ANDExpressionP"/><location loc="57.71--57.71"/></nont><nont label="ORXORExpressionP"/><location loc="57.71--57.71"/></nont><location loc="57.71--57.71"/></nont><term lexeme="]" token="RBRACKET"><location loc="57.72--57.72"/></term><nont label="PostfixExpressionP"/><location loc="57.70--57.72"/></nont><location loc="57.67--57.72"/></nont><location loc="57.66--57.72"/></nont><location loc="57.66--57.72"/></nont><nont label="MULDIVExpressionP"/><location loc="57.66--57.72"/></nont><nont label="ADDSUBExpressionP"/><location loc="57.66--57.72"/></nont><nont label="RelationalExpressionP"/><location loc="57.66--57.72"/></nont><nont label="ANDExpressionP"/><location loc="57.66--57.72"/></nont><nont label="ORXORExpressionP"/><location loc="57.66--57.72"/></nont><location loc="57.66--57.72"/></nont><nont label="StatementP"><term lexeme="=" token="ASSIGN"><location loc="57.73--57.73"/></term><nont label="Expression"><nont label="ORXORExpression"><nont label="ANDExpression"><nont label="RelationalExpression"><nont label="ADDSUBExpression"><nont label="MULDIVExpression"><nont label="PrefixExpression"><nont label="PostfixExpression"><nont label="AtomicExpression"><term lexeme="0" token="INTCONST"><location loc="57.74--57.74"/></term><location loc="57.74--57.74"/></nont><nont label="PostfixExpressionP"/><location loc="57.74--57.74"/></nont><location loc="57.74--57.74"/></nont><nont label="MULDIVExpressionP"/><location loc="57.74--57.74"/></nont><nont label="ADDSUBExpressionP"/><location loc="57.74--57.74"/></nont><nont label="RelationalExpressionP"/><location loc="57.74--57.74"/></nont><nont label="ANDExpressionP"/><location loc="57.74--57.74"/></nont><nont label="ORXORExpressionP"/><location loc="57.74--57.74"/></nont><location loc="57.74--57.74"/></nont><location loc="57.73--57.74"/></nont><location loc="57.66--57.74"/></nont><term lexeme=";" token="SEMIC"><location loc="57.75--57.75"/></term><nont label="StatementsP"><nont label="Statement"><nont label="Expression"><nont label="ORXORExpression"><nont label="ANDExpression"><nont label="RelationalExpression"><nont label="ADDSUBExpression"><nont label="MULDIVExpression"><nont label="PrefixExpression"><nont label="PostfixExpression"><nont label="AtomicExpression"><term lexeme="t" token="IDENTIFIER"><location loc="57.79--57.79"/></term><nont label="ArgumentsOpt"/><location loc="57.79--57.79"/></nont><nont label="PostfixExpressionP"><term lexeme="[" token="LBRACKET"><location loc="57.80--57.80"/></term><nont label="Expression"><nont label="ORXORExpression"><nont label="ANDExpression"><nont label="RelationalExpression"><nont label="ADDSUBExpression"><nont label="MULDIVExpression"><nont label="PrefixExpression"><nont label="PostfixExpression"><nont label="AtomicExpression"><term lexeme="8" token="INTCONST"><location loc="57.81--57.81"/></term><location loc="57.81--57.81"/></nont><nont label="PostfixExpressionP"/><location loc="57.81--57.81"/></nont><location loc="57.81--57.81"/></nont><nont label="MULDIVExpressionP"/><location loc="57.81--57.81"/></nont><nont label="ADDSUBExpressionP"/><location loc="57.81--57.81"/></nont><nont label="RelationalExpressionP"/><location loc="57.81--57.81"/></nont><nont label="ANDExpressionP"/><location loc="57.81--57.81"/></nont><nont label="ORXORExpressionP"/><location loc="57.81--57.81"/></nont><location loc="57.81--57.81"/></nont><term lexeme="]" token="RBRACKET"><location loc="57.82--57.82"/></term><nont label="PostfixExpressionP"><term lexeme="[" token="LBRACKET"><location loc="57.83--57.83"/></term><nont label="Expression"><nont label="ORXORExpression"><nont label="ANDExpression"><nont label="RelationalExpression"><nont label="ADDSUBExpression"><nont label="MULDIVExpression"><nont label="PrefixExpression"><nont label="PostfixExpression"><nont label="AtomicExpression"><term lexeme="6" token="INTCONST"><location loc="57.84--57.84"/></term><location loc="57.84--57.84"/></nont><nont label="PostfixExpressionP"/><location loc="57.84--57.84"/></nont><location loc="57.84--57.84"/></nont><nont label="MULDIVExpressionP"/><location loc="57.84--57.84"/></nont><nont label="ADDSUBExpressionP"/><location loc="57.84--57.84"/></nont><nont label="RelationalExpressionP"/><location loc="57.84--57.84"/></nont><nont label="ANDExpressionP"/><location loc="57.84--57.84"/></nont><nont label="ORXORExpressionP"/><location loc="57.84--57.84"/></nont><location loc="57.84--57.84"/></nont><term lexeme="]" token="RBRACKET"><location loc="57.85--57.85"/></term><nont label="PostfixExpressionP"/><location loc="57.83--57.85"/></nont><location loc="57.80--57.85"/></nont><location loc="57.79--57.85"/></nont><location loc="57.79--57.85"/></nont><nont label="MULDIVExpressionP"/><location loc="57.79--57.85"/></nont><nont label="ADDSUBExpressionP"/><location loc="57.79--57.85"/></nont><nont label="RelationalExpressionP"/><location loc="57.79--57.85"/></nont><nont label="ANDExpressionP"/><location loc="57.79--57.85"/></nont><nont label="ORXORExpressionP"/><location loc="57.79--57.85"/></nont><location loc="57.79--57.85"/></nont><nont label="StatementP"><term lexeme="=" token="ASSIGN"><location loc="57.86--57.86"/></term><nont label="Expression"><nont label="ORXORExpression"><nont label="ANDExpression"><nont label="RelationalExpression"><nont label="ADDSUBExpression"><nont label="MULDIVExpression"><nont label="PrefixExpression"><nont label="PostfixExpression"><nont label="AtomicExpression"><term lexeme="9" token="INTCONST"><location loc="57.87--57.87"/></term><location loc="57.87--57.87"/></nont><nont label="PostfixExpressionP"/><location loc="57.87--57.87"/></nont><location loc="57.87--57.87"/></nont><nont label="MULDIVExpressionP"/><location loc="57.87--57.87"/></nont><nont label="ADDSUBExpressionP"/><location loc="57.87--57.87"/></nont><nont label="RelationalExpressionP"/><location loc="57.87--57.87"/></nont><nont label="ANDExpressionP"/><location loc="57.87--57.87"/></nont><nont label="ORXORExpressionP"/><location loc="57.87--57.87"/></nont><location loc="57.87--57.87"/></nont><location loc="57.86--57.87"/></nont><location loc="57.79--57.87"/></nont><term lexeme=";" token="SEMIC"><location loc="57.88--57.88"/></term><nont label="StatementsP"><nont label="Statement"><nont label="Expression"><nont label="ORXORExpression"><nont label="ANDExpression"><nont label="RelationalExpression"><nont label="ADDSUBExpression"><nont label="MULDIVExpression"><nont label="PrefixExpression"><nont label="PostfixExpression"><nont label="AtomicExpression"><term lexeme="t" token="IDENTIFIER"><location loc="57.90--57.90"/></term><nont label="ArgumentsOpt"/><location loc="57.90--57.90"/></nont><nont label="PostfixExpressionP"><term lexeme="[" token="LBRACKET"><location loc="57.91--57.91"/></term><nont label="Expression"><nont label="ORXORExpression"><nont label="ANDExpression"><nont label="RelationalExpression"><nont label="ADDSUBExpression"><nont label="MULDIVExpression"><nont label="PrefixExpression"><nont label="PostfixExpression"><nont label="AtomicExpression"><term lexeme="8" token="INTCONST"><location loc="57.92--57.92"/></term><location loc="57.92--57.92"/></nont><nont label="PostfixExpressionP"/><location loc="57.92--57.92"/></nont><location loc="57.92--57.92"/></nont><nont label="MULDIVExpressionP"/><location loc="57.92--57.92"/></nont><nont label="ADDSUBExpressionP"/><location loc="57.92--57.92"/></nont><nont label="RelationalExpressionP"/><location loc="57.92--57.92"/></nont><nont label="ANDExpressionP"/><location loc="57.92--57.92"/></nont><nont label="ORXORExpressionP"/><location loc="57.92--57.92"/></nont><location loc="57.92--57.92"/></nont><term lexeme="]" token="RBRACKET"><location loc="57.93--57.93"/></term><nont label="PostfixExpressionP"><term lexeme="[" token="LBRACKET"><location loc="57.94--57.94"/></term><nont label="Expression"><nont label="ORXORExpression"><nont label="ANDExpression"><nont label="RelationalExpression"><nont label="ADDSUBExpression"><nont label="MULDIVExpression"><nont label="PrefixExpression"><nont label="PostfixExpression"><nont label="AtomicExpression"><term lexeme="7" token="INTCONST"><location loc="57.95--57.95"/></term><location loc="57.95--57.95"/></nont><nont label="PostfixExpressionP"/><location loc="57.95--57.95"/></nont><location loc="57.95--57.95"/></nont><nont label="MULDIVExpressionP"/><location loc="57.95--57.95"/></nont><nont label="ADDSUBExpressionP"/><location loc="57.95--57.95"/></nont><nont label="RelationalExpressionP"/><location loc="57.95--57.95"/></nont><nont label="ANDExpressionP"/><location loc="57.95--57.95"/></nont><nont label="ORXORExpressionP"/><location loc="57.95--57.95"/></nont><location loc="57.95--57.95"/></nont><term lexeme="]" token="RBRACKET"><location loc="57.96--57.96"/></term><nont label="PostfixExpressionP"/><location loc="57.94--57.96"/></nont><location loc="57.91--57.96"/></nont><location loc="57.90--57.96"/></nont><location loc="57.90--57.96"/></nont><nont label="MULDIVExpressionP"/><location loc="57.90--57.96"/></nont><nont label="ADDSUBExpressionP"/><location loc="57.90--57.96"/></nont><nont label="RelationalExpressionP"/><location loc="57.90--57.96"/></nont><nont label="ANDExpressionP"/><location loc="57.90--57.96"/></nont><nont label="ORXORExpressionP"/><location loc="57.90--57.96"/></nont><location loc="57.90--57.96"/></nont><nont label="StatementP"><term lexeme="=" token="ASSIGN"><location loc="57.97--57.97"/></term><nont label="Expression"><nont label="ORXORExpression"><nont label="ANDExpression"><nont label="RelationalExpression"><nont label="ADDSUBExpression"><nont label="MULDIVExpression"><nont label="PrefixExpression"><nont label="PostfixExpression"><nont label="AtomicExpression"><term lexeme="3" token="INTCONST"><location loc="57.98--57.98"/></term><location loc="57.98--57.98"/></nont><nont label="PostfixExpressionP"/><location loc="57.98--57.98"/></nont><location loc="57.98--57.98"/></nont><nont label="MULDIVExpressionP"/><location loc="57.98--57.98"/></nont><nont label="ADDSUBExpressionP"/><location loc="57.98--57.98"/></nont><nont label="RelationalExpressionP"/><location loc="57.98--57.98"/></nont><nont label="ANDExpressionP"/><location loc="57.98--57.98"/></nont><nont label="ORXORExpressionP"/><location loc="57.98--57.98"/></nont><location loc="57.98--57.98"/></nont><location loc="57.97--57.98"/></nont><location loc="57.90--57.98"/></nont><term lexeme=";" token="SEMIC"><location loc="57.99--57.99"/></term><nont label="StatementsP"><nont label="Statement"><nont label="Expression"><nont label="ORXORExpression"><nont label="ANDExpression"><nont label="RelationalExpression"><nont label="ADDSUBExpression"><nont label="MULDIVExpression"><nont label="PrefixExpression"><nont label="PostfixExpression"><nont label="AtomicExpression"><term lexeme="t" token="IDENTIFIER"><location loc="57.101--57.101"/></term><nont label="ArgumentsOpt"/><location loc="57.101--57.101"/></nont><nont label="PostfixExpressionP"><term lexeme="[" token="LBRACKET"><location loc="57.102--57.102"/></term><nont label="Expression"><nont label="ORXORExpression"><nont label="ANDExpression"><nont label="RelationalExpression"><nont label="ADDSUBExpression"><nont label="MULDIVExpression"><nont label="PrefixExpression"><nont label="PostfixExpression"><nont label="AtomicExpression"><term lexeme="8" token="INTCONST"><location loc="57.103--57.103"/></term><location loc="57.103--57.103"/></nont><nont label="PostfixExpressionP"/><location loc="57.103--57.103"/></nont><location loc="57.103--57.103"/></nont><nont label="MULDIVExpressionP"/><location loc="57.103--57.103"/></nont><nont label="ADDSUBExpressionP"/><location loc="57.103--57.103"/></nont><nont label="RelationalExpressionP"/><location loc="57.103--57.103"/></nont><nont label="ANDExpressionP"/><location loc="57.103--57.103"/></nont><nont label="ORXORExpressionP"/><location loc="57.103--57.103"/></nont><location loc="57.103--57.103"/></nont><term lexeme="]" token="RBRACKET"><location loc="57.104--57.104"/></term><nont label="PostfixExpressionP"><term lexeme="[" token="LBRACKET"><location loc="57.105--57.105"/></term><nont label="Expression"><nont label="ORXORExpression"><nont label="ANDExpression"><nont label="RelationalExpression"><nont label="ADDSUBExpression"><nont label="MULDIVExpression"><nont label="PrefixExpression"><nont label="PostfixExpression"><nont label="AtomicExpression"><term lexeme="8" token="INTCONST"><location loc="57.106--57.106"/></term><location loc="57.106--57.106"/></nont><nont label="PostfixExpressionP"/><location loc="57.106--57.106"/></nont><location loc="57.106--57.106"/></nont><nont label="MULDIVExpressionP"/><location loc="57.106--57.106"/></nont><nont label="ADDSUBExpressionP"/><location loc="57.106--57.106"/></nont><nont label="RelationalExpressionP"/><location loc="57.106--57.106"/></nont><nont label="ANDExpressionP"/><location loc="57.106--57.106"/></nont><nont label="ORXORExpressionP"/><location loc="57.106--57.106"/></nont><location loc="57.106--57.106"/></nont><term lexeme="]" token="RBRACKET"><location loc="57.107--57.107"/></term><nont label="PostfixExpressionP"/><location loc="57.105--57.107"/></nont><location loc="57.102--57.107"/></nont><location loc="57.101--57.107"/></nont><location loc="57.101--57.107"/></nont><nont label="MULDIVExpressionP"/><location loc="57.101--57.107"/></nont><nont label="ADDSUBExpressionP"/><location loc="57.101--57.107"/></nont><nont label="RelationalExpressionP"/><location loc="57.101--57.107"/></nont><nont label="ANDExpressionP"/><location loc="57.101--57.107"/></nont><nont label="ORXORExpressionP"/><location loc="57.101--57.107"/></nont><location loc="57.101--57.107"/></nont><nont label="StatementP"><term lexeme="=" token="ASSIGN"><location loc="57.108--57.108"/></term><nont label="Expression"><nont label="ORXORExpression"><nont label="ANDExpression"><nont label="RelationalExpression"><nont label="ADDSUBExpression"><nont label="MULDIVExpression"><nont label="PrefixExpression"><nont label="PostfixExpression"><nont label="AtomicExpression"><term lexeme="0" token="INTCONST"><location loc="57.109--57.109"/></term><location loc="57.109--57.109"/></nont><nont label="PostfixExpressionP"/><location loc="57.109--57.109"/></nont><location loc="57.109--57.109"/></nont><nont label="MULDIVExpressionP"/><location loc="57.109--57.109"/></nont><nont label="ADDSUBExpressionP"/><location loc="57.109--57.109"/></nont><nont label="RelationalExpressionP"/><location loc="57.109--57.109"/></nont><nont label="ANDExpressionP"/><location loc="57.109--57.109"/></nont><nont label="ORXORExpressionP"/><location loc="57.109--57.109"/></nont><location loc="57.109--57.109"/></nont><location loc="57.108--57.109"/></nont><location loc="57.101--57.109"/></nont><term lexeme=";" token="SEMIC"><location loc="57.110--57.110"/></term><nont label="StatementsP"><nont label="Statement"><nont label="Expression"><nont label="ORXORExpression"><nont label="ANDExpression"><nont label="RelationalExpression"><nont label="ADDSUBExpression"><nont label="MULDIVExpression"><nont label="PrefixExpression"><nont label="PostfixExpression"><nont label="AtomicExpression"><term lexeme="count" token="IDENTIFIER"><location loc="59.9--59.13"/></term><nont label="ArgumentsOpt"/><location loc="59.9--59.13"/></nont><nont label="PostfixExpressionP"/><location loc="59.9--59.13"/></nont><location loc="59.9--59.13"/></nont><nont label="MULDIVExpressionP"/><location loc="59.9--59.13"/></nont><nont label="ADDSUBExpressionP"/><location loc="59.9--59.13"/></nont><nont label="RelationalExpressionP"/><location loc="59.9--59.13"/></nont><nont label="ANDExpressionP"/><location loc="59.9--59.13"/></nont><nont label="ORXORExpressionP"/><location loc="59.9--59.13"/></nont><location loc="59.9--59.13"/></nont><nont label="StatementP"><term lexeme="=" token="ASSIGN"><location loc="59.14--59.14"/></term><nont label="Expression"><nont label="ORXORExpression"><nont label="ANDExpression"><nont label="RelationalExpression"><nont label="ADDSUBExpression"><nont label="MULDIVExpression"><nont label="PrefixExpression"><nont label="PostfixExpression"><nont label="AtomicExpression"><term lexeme="sudoku" token="IDENTIFIER"><location loc="59.15--59.20"/></term><nont label="ArgumentsOpt"><term lexeme="(" token="LPARENTHESIS"><location loc="59.21--59.21"/></term><nont label="ArgumentsOptP"><nont label="Arguments"><nont label="Expression"><nont label="ORXORExpression"><nont label="ANDExpression"><nont label="RelationalExpression"><nont label="ADDSUBExpression"><nont label="MULDIVExpression"><nont label="PrefixExpression"><term lexeme="$" token="ADDR"><location loc="59.22--59.22"/></term><nont label="PrefixExpression"><nont label="PostfixExpression"><nont label="AtomicExpression"><term lexeme="t" token="IDENTIFIER"><location loc="59.23--59.23"/></term><nont label="ArgumentsOpt"/><location loc="59.23--59.23"/></nont><nont label="PostfixExpressionP"/><location loc="59.23--59.23"/></nont><location loc="59.23--59.23"/></nont><location loc="59.22--59.23"/></nont><nont label="MULDIVExpressionP"/><location loc="59.22--59.23"/></nont><nont label="ADDSUBExpressionP"/><location loc="59.22--59.23"/></nont><nont label="RelationalExpressionP"/><location loc="59.22--59.23"/></nont><nont label="ANDExpressionP"/><location loc="59.22--59.23"/></nont><nont label="ORXORExpressionP"/><location loc="59.22--59.23"/></nont><location loc="59.22--59.23"/></nont><nont label="ArgumentsP"/><location loc="59.22--59.23"/></nont><term lexeme=")" token="RPARENTHESIS"><location loc="59.24--59.24"/></term><location loc="59.22--59.24"/></nont><location loc="59.21--59.24"/></nont><location loc="59.15--59.24"/></nont><nont label="PostfixExpressionP"/><location loc="59.15--59.24"/></nont><location loc="59.15--59.24"/></nont><nont label="MULDIVExpressionP"/><location loc="59.15--59.24"/></nont><nont label="ADDSUBExpressionP"/><location loc="59.15--59.24"/></nont><nont label="RelationalExpressionP"/><location loc="59.15--59.24"/></nont><nont label="ANDExpressionP"/><location loc="59.15--59.24"/></nont><nont label="ORXORExpressionP"/><location loc="59.15--59.24"/></nont><location loc="59.15--59.24"/></nont><location loc="59.14--59.24"/></nont><location loc="59.9--59.24"/></nont><term lexeme=";" token="SEMIC"><location loc="59.25--59.25"/></term><nont label="StatementsP"><nont label="Statement"><nont label="Expression"><nont label="ORXORExpression"><nont label="ANDExpression"><nont label="RelationalExpression"><nont label="ADDSUBExpression"><nont label="MULDIVExpression"><nont label="PrefixExpression"><nont label="PostfixExpression"><nont label="AtomicExpression"><term lexeme="putInt" token="IDENTIFIER"><location loc="60.9--60.14"/></term><nont label="ArgumentsOpt"><term lexeme="(" token="LPARENTHESIS"><location loc="60.15--60.15"/></term><nont label="ArgumentsOptP"><nont label="Arguments"><nont label="Expression"><nont label="ORXORExpression"><nont label="ANDExpression"><nont label="RelationalExpression"><nont label="ADDSUBExpression"><nont label="MULDIVExpression"><nont label="PrefixExpression"><nont label="PostfixExpression"><nont label="AtomicExpression"><term lexeme="count" token="IDENTIFIER"><location loc="60.16--60.20"/></term><nont label="ArgumentsOpt"/><location loc="60.16--60.20"/></nont><nont label="PostfixExpressionP"/><location loc="60.16--60.20"/></nont><location loc="60.16--60.20"/></nont><nont label="MULDIVExpressionP"/><location loc="60.16--60.20"/></nont><nont label="ADDSUBExpressionP"/><location loc="60.16--60.20"/></nont><nont label="RelationalExpressionP"/><location loc="60.16--60.20"/></nont><nont label="ANDExpressionP"/><location loc="60.16--60.20"/></nont><nont label="ORXORExpressionP"/><location loc="60.16--60.20"/></nont><location loc="60.16--60.20"/></nont><nont label="ArgumentsP"/><location loc="60.16--60.20"/></nont><term lexeme=")" token="RPARENTHESIS"><location loc="60.21--60.21"/></term><location loc="60.16--60.21"/></nont><location loc="60.15--60.21"/></nont><location loc="60.9--60.21"/></nont><nont label="PostfixExpressionP"/><location loc="60.9--60.21"/></nont><location loc="60.9--60.21"/></nont><nont label="MULDIVExpressionP"/><location loc="60.9--60.21"/></nont><nont label="ADDSUBExpressionP"/><location loc="60.9--60.21"/></nont><nont label="RelationalExpressionP"/><location loc="60.9--60.21"/></nont><nont label="ANDExpressionP"/><location loc="60.9--60.21"/></nont><nont label="ORXORExpressionP"/><location loc="60.9--60.21"/></nont><location loc="60.9--60.21"/></nont><nont label="StatementP"/><location loc="60.9--60.21"/></nont><term lexeme=";" token="SEMIC"><location loc="60.22--60.22"/></term><nont label="StatementsP"><nont label="Statement"><nont label="Expression"><nont label="ORXORExpression"><nont label="ANDExpression"><nont label="RelationalExpression"><nont label="ADDSUBExpression"><nont label="MULDIVExpression"><nont label="PrefixExpression"><nont label="PostfixExpression"><nont label="AtomicExpression"><term lexeme="putChar" token="IDENTIFIER"><location loc="60.24--60.30"/></term><nont label="ArgumentsOpt"><term lexeme="(" token="LPARENTHESIS"><location loc="60.31--60.31"/></term><nont label="ArgumentsOptP"><nont label="Arguments"><nont label="Expression"><nont label="ORXORExpression"><nont label="ANDExpression"><nont label="RelationalExpression"><nont label="ADDSUBExpression"><nont label="MULDIVExpression"><nont label="PrefixExpression"><nont label="PostfixExpression"><term lexeme="(" token="LPARENTHESIS"><location loc="60.32--60.32"/></term><nont label="Expression"><nont label="ORXORExpression"><nont label="ANDExpression"><nont label="RelationalExpression"><nont label="ADDSUBExpression"><nont label="MULDIVExpression"><nont label="PrefixExpression"><nont label="PostfixExpression"><nont label="AtomicExpression"><term lexeme="10" token="INTCONST"><location loc="60.33--60.34"/></term><location loc="60.33--60.34"/></nont><nont label="PostfixExpressionP"/><location loc="60.33--60.34"/></nont><location loc="60.33--60.34"/></nont><nont label="MULDIVExpressionP"/><location loc="60.33--60.34"/></nont><nont label="ADDSUBExpressionP"/><location loc="60.33--60.34"/></nont><nont label="RelationalExpressionP"/><location loc="60.33--60.34"/></nont><nont label="ANDExpressionP"/><location loc="60.33--60.34"/></nont><nont label="ORXORExpressionP"/><location loc="60.33--60.34"/></nont><location loc="60.33--60.34"/></nont><nont label="PostfixExpressionPP"><term lexeme=":" token="COLON"><location loc="60.35--60.35"/></term><nont label="Type"><term lexeme="char" token="CHAR"><location loc="60.36--60.39"/></term><location loc="60.36--60.39"/></nont><term lexeme=")" token="RPARENTHESIS"><location loc="60.40--60.40"/></term><nont label="PostfixExpressionP"/><location loc="60.35--60.40"/></nont><location loc="60.32--60.40"/></nont><location loc="60.32--60.40"/></nont><nont label="MULDIVExpressionP"/><location loc="60.32--60.40"/></nont><nont label="ADDSUBExpressionP"/><location loc="60.32--60.40"/></nont><nont label="RelationalExpressionP"/><location loc="60.32--60.40"/></nont><nont label="ANDExpressionP"/><location loc="60.32--60.40"/></nont><nont label="ORXORExpressionP"/><location loc="60.32--60.40"/></nont><location loc="60.32--60.40"/></nont><nont label="ArgumentsP"/><location loc="60.32--60.40"/></nont><term lexeme=")" token="RPARENTHESIS"><location loc="60.41--60.41"/></term><location loc="60.32--60.41"/></nont><location loc="60.31--60.41"/></nont><location loc="60.24--60.41"/></nont><nont label="PostfixExpressionP"/><location loc="60.24--60.41"/></nont><location loc="60.24--60.41"/></nont><nont label="MULDIVExpressionP"/><location loc="60.24--60.41"/></nont><nont label="ADDSUBExpressionP"/><location loc="60.24--60.41"/></nont><nont label="RelationalExpressionP"/><location loc="60.24--60.41"/></nont><nont label="ANDExpressionP"/><location loc="60.24--60.41"/></nont><nont label="ORXORExpressionP"/><location loc="60.24--60.41"/></nont><location loc="60.24--60.41"/></nont><nont label="StatementP"/><location loc="60.24--60.41"/></nont><term lexeme=";" token="SEMIC"><location loc="60.42--60.42"/></term><nont label="StatementsP"/><location loc="60.24--60.42"/></nont><location loc="60.9--60.42"/></nont><location loc="59.9--60.42"/></nont><location loc="57.101--60.42"/></nont><location loc="57.90--60.42"/></nont><location loc="57.79--60.42"/></nont><location loc="57.66--60.42"/></nont><location loc="57.55--60.42"/></nont><location loc="57.44--60.42"/></nont><location loc="57.31--60.42"/></nont><location loc="57.20--60.42"/></nont><location loc="57.9--60.42"/></nont><location loc="56.101--60.42"/></nont><location loc="56.90--60.42"/></nont><location loc="56.79--60.42"/></nont><location loc="56.66--60.42"/></nont><location loc="56.55--60.42"/></nont><location loc="56.44--60.42"/></nont><location loc="56.31--60.42"/></nont><location loc="56.20--60.42"/></nont><location loc="56.9--60.42"/></nont><location loc="55.101--60.42"/></nont><location loc="55.90--60.42"/></nont><location loc="55.79--60.42"/></nont><location loc="55.66--60.42"/></nont><location loc="55.55--60.42"/></nont><location loc="55.44--60.42"/></nont><location loc="55.31--60.42"/></nont><location loc="55.20--60.42"/></nont><location loc="55.9--60.42"/></nont><location loc="53.101--60.42"/></nont><location loc="53.90--60.42"/></nont><location loc="53.79--60.42"/></nont><location loc="53.66--60.42"/></nont><location loc="53.55--60.42"/></nont><location loc="53.44--60.42"/></nont><location loc="53.31--60.42"/></nont><location loc="53.20--60.42"/></nont><location loc="53.9--60.42"/></nont><location loc="52.101--60.42"/></nont><location loc="52.90--60.42"/></nont><location loc="52.79--60.42"/></nont><location loc="52.66--60.42"/></nont><location loc="52.55--60.42"/></nont><location loc="52.44--60.42"/></nont><location loc="52.31--60.42"/></nont><location loc="52.20--60.42"/></nont><location loc="52.9--60.42"/></nont><location loc="51.101--60.42"/></nont><location loc="51.90--60.42"/></nont><location loc="51.79--60.42"/></nont><location loc="51.66--60.42"/></nont><location loc="51.55--60.42"/></nont><location loc="51.44--60.42"/></nont><location loc="51.31--60.42"/></nont><location loc="51.20--60.42"/></nont><location loc="51.9--60.42"/></nont><location loc="49.101--60.42"/></nont><location loc="49.90--60.42"/></nont><location loc="49.79--60.42"/></nont><location loc="49.66--60.42"/></nont><location loc="49.55--60.42"/></nont><location loc="49.44--60.42"/></nont><location loc="49.31--60.42"/></nont><location loc="49.20--60.42"/></nont><location loc="49.9--60.42"/></nont><location loc="48.101--60.42"/></nont><location loc="48.90--60.42"/></nont><location loc="48.79--60.42"/></nont><location loc="48.66--60.42"/></nont><location loc="48.55--60.42"/></nont><location loc="48.44--60.42"/></nont><location loc="48.31--60.42"/></nont><location loc="48.20--60.42"/></nont><location loc="48.9--60.42"/></nont><location loc="47.101--60.42"/></nont><location loc="47.90--60.42"/></nont><location loc="47.79--60.42"/></nont><location loc="47.66--60.42"/></nont><location loc="47.55--60.42"/></nont><location loc="47.44--60.42"/></nont><location loc="47.31--60.42"/></nont><location loc="47.20--60.42"/></nont><location loc="47.9--60.42"/></nont><term lexeme=":" token="COLON"><location loc="61.7--61.7"/></term><nont label="Expression"><nont label="ORXORExpression"><nont label="ANDExpression"><nont label="RelationalExpression"><nont label="ADDSUBExpression"><nont label="MULDIVExpression"><nont label="PrefixExpression"><nont label="PostfixExpression"><nont label="AtomicExpression"><term lexeme="none" token="VOIDCONST"><location loc="61.9--61.12"/></term><location loc="61.9--61.12"/></nont><nont label="PostfixExpressionP"/><location loc="61.9--61.12"/></nont><location loc="61.9--61.12"/></nont><nont label="MULDIVExpressionP"/><location loc="61.9--61.12"/></nont><nont label="ADDSUBExpressionP"/><location loc="61.9--61.12"/></nont><nont label="RelationalExpressionP"/><location loc="61.9--61.12"/></nont><nont label="ANDExpressionP"/><location loc="61.9--61.12"/></nont><nont label="ORXORExpressionP"/><location loc="61.9--61.12"/></nont><location loc="61.9--61.12"/></nont><nont label="WhereOpt"><term lexeme="where" token="WHERE"><location loc="62.7--62.11"/></term><nont label="Declarations"><nont label="Declaration"><term lexeme="var" token="VAR"><location loc="63.9--63.11"/></term><term lexeme="t" token="IDENTIFIER"><location loc="63.13--63.13"/></term><term lexeme=":" token="COLON"><location loc="63.14--63.14"/></term><nont label="Type"><term lexeme="arr" token="ARR"><location loc="63.15--63.17"/></term><term lexeme="[" token="LBRACKET"><location loc="63.18--63.18"/></term><nont label="Expression"><nont label="ORXORExpression"><nont label="ANDExpression"><nont label="RelationalExpression"><nont label="ADDSUBExpression"><nont label="MULDIVExpression"><nont label="PrefixExpression"><nont label="PostfixExpression"><nont label="AtomicExpression"><term lexeme="9" token="INTCONST"><location loc="63.19--63.19"/></term><location loc="63.19--63.19"/></nont><nont label="PostfixExpressionP"/><location loc="63.19--63.19"/></nont><location loc="63.19--63.19"/></nont><nont label="MULDIVExpressionP"/><location loc="63.19--63.19"/></nont><nont label="ADDSUBExpressionP"/><location loc="63.19--63.19"/></nont><nont label="RelationalExpressionP"/><location loc="63.19--63.19"/></nont><nont label="ANDExpressionP"/><location loc="63.19--63.19"/></nont><nont label="ORXORExpressionP"/><location loc="63.19--63.19"/></nont><location loc="63.19--63.19"/></nont><term lexeme="]" token="RBRACKET"><location loc="63.20--63.20"/></term><nont label="Type"><term lexeme="arr" token="ARR"><location loc="63.22--63.24"/></term><term lexeme="[" token="LBRACKET"><location loc="63.25--63.25"/></term><nont label="Expression"><nont label="ORXORExpression"><nont label="ANDExpression"><nont label="RelationalExpression"><nont label="ADDSUBExpression"><nont label="MULDIVExpression"><nont label="PrefixExpression"><nont label="PostfixExpression"><nont label="AtomicExpression"><term lexeme="9" token="INTCONST"><location loc="63.26--63.26"/></term><location loc="63.26--63.26"/></nont><nont label="PostfixExpressionP"/><location loc="63.26--63.26"/></nont><location loc="63.26--63.26"/></nont><nont label="MULDIVExpressionP"/><location loc="63.26--63.26"/></nont><nont label="ADDSUBExpressionP"/><location loc="63.26--63.26"/></nont><nont label="RelationalExpressionP"/><location loc="63.26--63.26"/></nont><nont label="ANDExpressionP"/><location loc="63.26--63.26"/></nont><nont label="ORXORExpressionP"/><location loc="63.26--63.26"/></nont><location loc="63.26--63.26"/></nont><term lexeme="]" token="RBRACKET"><location loc="63.27--63.27"/></term><nont label="Type"><term lexeme="int" token="INT"><location loc="63.29--63.31"/></term><location loc="63.29--63.31"/></nont><location loc="63.22--63.31"/></nont><location loc="63.15--63.31"/></nont><term lexeme=";" token="SEMIC"><location loc="63.32--63.32"/></term><location loc="63.9--63.32"/></nont><nont label="DeclarationsP"><nont label="Declaration"><term lexeme="var" token="VAR"><location loc="64.9--64.11"/></term><term lexeme="count" token="IDENTIFIER"><location loc="64.13--64.17"/></term><term lexeme=":" token="COLON"><location loc="64.18--64.18"/></term><nont label="Type"><term lexeme="int" token="INT"><location loc="64.19--64.21"/></term><location loc="64.19--64.21"/></nont><term lexeme=";" token="SEMIC"><location loc="64.22--64.22"/></term><location loc="64.9--64.22"/></nont><nont label="DeclarationsP"/><location loc="64.9--64.22"/></nont><location loc="63.9--64.22"/></nont><location loc="62.7--64.22"/></nont><term lexeme="}" token="RBRACE"><location loc="65.7--65.7"/></term><location loc="47.7--65.7"/></nont><nont label="PostfixExpressionP"/><location loc="47.7--65.7"/></nont><location loc="47.7--65.7"/></nont><nont label="MULDIVExpressionP"/><location loc="47.7--65.7"/></nont><nont label="ADDSUBExpressionP"/><location loc="47.7--65.7"/></nont><nont label="RelationalExpressionP"/><location loc="47.7--65.7"/></nont><nont label="ANDExpressionP"/><location loc="47.7--65.7"/></nont><nont label="ORXORExpressionP"/><location loc="47.7--65.7"/></nont><location loc="47.7--65.7"/></nont><nont label="StatementP"/><location loc="47.7--65.7"/></nont><term lexeme=";" token="SEMIC"><location loc="65.8--65.8"/></term><nont label="StatementsP"/><location loc="47.7--65.8"/></nont><location loc="46.29--65.8"/></nont><location loc="46.7--65.8"/></nont><location loc="44.7--65.8"/></nont><location loc="43.28--65.8"/></nont><location loc="43.7--65.8"/></nont><location loc="36.7--65.8"/></nont><location loc="35.7--65.8"/></nont><location loc="34.29--65.8"/></nont><location loc="34.7--65.8"/></nont><location loc="27.7--65.8"/></nont><location loc="26.7--65.8"/></nont><location loc="25.29--65.8"/></nont><location loc="25.7--65.8"/></nont><location loc="18.7--65.8"/></nont><location loc="17.7--65.8"/></nont><location loc="16.29--65.8"/></nont><location loc="16.7--65.8"/></nont><location loc="9.7--65.8"/></nont><location loc="8.7--65.8"/></nont><location loc="7.29--65.8"/></nont><location loc="7.7--65.8"/></nont><term lexeme=":" token="COLON"><location loc="67.7--67.7"/></term><nont label="Expression"><nont label="ORXORExpression"><nont label="ANDExpression"><nont label="RelationalExpression"><nont label="ADDSUBExpression"><nont label="MULDIVExpression"><nont label="PrefixExpression"><nont label="PostfixExpression"><nont label="AtomicExpression"><term lexeme="0" token="INTCONST"><location loc="67.9--67.9"/></term><location loc="67.9--67.9"/></nont><nont label="PostfixExpressionP"/><location loc="67.9--67.9"/></nont><location loc="67.9--67.9"/></nont><nont label="MULDIVExpressionP"/><location loc="67.9--67.9"/></nont><nont label="ADDSUBExpressionP"/><location loc="67.9--67.9"/></nont><nont label="RelationalExpressionP"/><location loc="67.9--67.9"/></nont><nont label="ANDExpressionP"/><location loc="67.9--67.9"/></nont><nont label="ORXORExpressionP"/><location loc="67.9--67.9"/></nont><location loc="67.9--67.9"/></nont><nont label="WhereOpt"><term lexeme="where" token="WHERE"><location loc="68.5--68.9"/></term><nont label="Declarations"><nont label="Declaration"><term lexeme="var" token="VAR"><location loc="69.7--69.9"/></term><term lexeme="n" token="IDENTIFIER"><location loc="69.11--69.11"/></term><term lexeme=":" token="COLON"><location loc="69.12--69.12"/></term><nont label="Type"><term lexeme="int" token="INT"><location loc="69.13--69.15"/></term><location loc="69.13--69.15"/></nont><term lexeme=";" token="SEMIC"><location loc="69.16--69.16"/></term><location loc="69.7--69.16"/></nont><nont label="DeclarationsP"><nont label="Declaration"><term lexeme="var" token="VAR"><location loc="69.18--69.20"/></term><term lexeme="m" token="IDENTIFIER"><location loc="69.22--69.22"/></term><term lexeme=":" token="COLON"><location loc="69.23--69.23"/></term><nont label="Type"><term lexeme="int" token="INT"><location loc="69.24--69.26"/></term><location loc="69.24--69.26"/></nont><term lexeme=";" token="SEMIC"><location loc="69.27--69.27"/></term><location loc="69.18--69.27"/></nont><nont label="DeclarationsP"/><location loc="69.18--69.27"/></nont><location loc="69.7--69.27"/></nont><location loc="68.5--69.27"/></nont><term lexeme="}" token="RBRACE"><location loc="70.5--70.5"/></term><location loc="6.5--70.5"/></nont><nont label="PostfixExpressionP"/><location loc="6.5--70.5"/></nont><location loc="6.5--70.5"/></nont><nont label="MULDIVExpressionP"/><location loc="6.5--70.5"/></nont><nont label="ADDSUBExpressionP"/><location loc="6.5--70.5"/></nont><nont label="RelationalExpressionP"/><location loc="6.5--70.5"/></nont><nont label="ANDExpressionP"/><location loc="6.5--70.5"/></nont><nont label="ORXORExpressionP"/><location loc="6.5--70.5"/></nont><location loc="6.5--70.5"/></nont><location loc="6.4--70.5"/></nont><term lexeme=";" token="SEMIC"><location loc="70.6--70.6"/></term><location loc="5.1--70.6"/></nont><nont label="DeclarationsP"><nont label="Declaration"><term lexeme="fun" token="FUN"><location loc="72.1--72.3"/></term><term lexeme="facItr" token="IDENTIFIER"><location loc="72.5--72.10"/></term><term lexeme="(" token="LPARENTHESIS"><location loc="72.11--72.11"/></term><nont label="ParametersOpt"><nont label="Parameters"><term lexeme="n" token="IDENTIFIER"><location loc="72.12--72.12"/></term><term lexeme=":" token="COLON"><location loc="72.13--72.13"/></term><nont label="Type"><term lexeme="int" token="INT"><location loc="72.14--72.16"/></term><location loc="72.14--72.16"/></nont><nont label="ParametersP"/><location loc="72.12--72.16"/></nont><location loc="72.12--72.16"/></nont><term lexeme=")" token="RPARENTHESIS"><location loc="72.17--72.17"/></term><term lexeme=":" token="COLON"><location loc="72.18--72.18"/></term><nont label="Type"><term lexeme="int" token="INT"><location loc="72.19--72.21"/></term><location loc="72.19--72.21"/></nont><nont label="FunctionBodyOpt"><term lexeme="=" token="ASSIGN"><location loc="73.4--73.4"/></term><nont label="Expression"><nont label="ORXORExpression"><nont label="ANDExpression"><nont label="RelationalExpression"><nont label="ADDSUBExpression"><nont label="MULDIVExpression"><nont label="PrefixExpression"><nont label="PostfixExpression"><nont label="AtomicExpression"><term lexeme="{" token="LBRACE"><location loc="73.5--73.5"/></term><nont label="Statements"><nont label="Statement"><nont label="Expression"><nont label="ORXORExpression"><nont label="ANDExpression"><nont label="RelationalExpression"><nont label="ADDSUBExpression"><nont label="MULDIVExpression"><nont label="PrefixExpression"><nont label="PostfixExpression"><nont label="AtomicExpression"><term lexeme="f" token="IDENTIFIER"><location loc="73.7--73.7"/></term><nont label="ArgumentsOpt"/><location loc="73.7--73.7"/></nont><nont label="PostfixExpressionP"/><location loc="73.7--73.7"/></nont><location loc="73.7--73.7"/></nont><nont label="MULDIVExpressionP"/><location loc="73.7--73.7"/></nont><nont label="ADDSUBExpressionP"/><location loc="73.7--73.7"/></nont><nont label="RelationalExpressionP"/><location loc="73.7--73.7"/></nont><nont label="ANDExpressionP"/><location loc="73.7--73.7"/></nont><nont label="ORXORExpressionP"/><location loc="73.7--73.7"/></nont><location loc="73.7--73.7"/></nont><nont label="StatementP"><term lexeme="=" token="ASSIGN"><location loc="73.8--73.8"/></term><nont label="Expression"><nont label="ORXORExpression"><nont label="ANDExpression"><nont label="RelationalExpression"><nont label="ADDSUBExpression"><nont label="MULDIVExpression"><nont label="PrefixExpression"><nont label="PostfixExpression"><nont label="AtomicExpression"><term lexeme="1" token="INTCONST"><location loc="73.9--73.9"/></term><location loc="73.9--73.9"/></nont><nont label="PostfixExpressionP"/><location loc="73.9--73.9"/></nont><location loc="73.9--73.9"/></nont><nont label="MULDIVExpressionP"/><location loc="73.9--73.9"/></nont><nont label="ADDSUBExpressionP"/><location loc="73.9--73.9"/></nont><nont label="RelationalExpressionP"/><location loc="73.9--73.9"/></nont><nont label="ANDExpressionP"/><location loc="73.9--73.9"/></nont><nont label="ORXORExpressionP"/><location loc="73.9--73.9"/></nont><location loc="73.9--73.9"/></nont><location loc="73.8--73.9"/></nont><location loc="73.7--73.9"/></nont><term lexeme=";" token="SEMIC"><location loc="73.10--73.10"/></term><nont label="StatementsP"><nont label="Statement"><term lexeme="while" token="WHILE"><location loc="74.7--74.11"/></term><nont label="Expression"><nont label="ORXORExpression"><nont label="ANDExpression"><nont label="RelationalExpression"><nont label="ADDSUBExpression"><nont label="MULDIVExpression"><nont label="PrefixExpression"><nont label="PostfixExpression"><nont label="AtomicExpression"><term lexeme="n" token="IDENTIFIER"><location loc="74.13--74.13"/></term><nont label="ArgumentsOpt"/><location loc="74.13--74.13"/></nont><nont label="PostfixExpressionP"/><location loc="74.13--74.13"/></nont><location loc="74.13--74.13"/></nont><nont label="MULDIVExpressionP"/><location loc="74.13--74.13"/></nont><nont label="ADDSUBExpressionP"/><location loc="74.13--74.13"/></nont><nont label="RelationalExpressionP"><term lexeme="&gt;" token="GTH"><location loc="74.14--74.14"/></term><nont label="ADDSUBExpression"><nont label="MULDIVExpression"><nont label="PrefixExpression"><nont label="PostfixExpression"><nont label="AtomicExpression"><term lexeme="0" token="INTCONST"><location loc="74.15--74.15"/></term><location loc="74.15--74.15"/></nont><nont label="PostfixExpressionP"/><location loc="74.15--74.15"/></nont><location loc="74.15--74.15"/></nont><nont label="MULDIVExpressionP"/><location loc="74.15--74.15"/></nont><nont label="ADDSUBExpressionP"/><location loc="74.15--74.15"/></nont><location loc="74.14--74.15"/></nont><location loc="74.13--74.15"/></nont><nont label="ANDExpressionP"/><location loc="74.13--74.15"/></nont><nont label="ORXORExpressionP"/><location loc="74.13--74.15"/></nont><location loc="74.13--74.15"/></nont><term lexeme="do" token="DO"><location loc="74.17--74.18"/></term><nont label="Statements"><nont label="Statement"><nont label="Expression"><nont label="ORXORExpression"><nont label="ANDExpression"><nont label="RelationalExpression"><nont label="ADDSUBExpression"><nont label="MULDIVExpression"><nont label="PrefixExpression"><nont label="PostfixExpression"><nont label="AtomicExpression"><term lexeme="f" token="IDENTIFIER"><location loc="74.20--74.20"/></term><nont label="ArgumentsOpt"/><location loc="74.20--74.20"/></nont><nont label="PostfixExpressionP"/><location loc="74.20--74.20"/></nont><location loc="74.20--74.20"/></nont><nont label="MULDIVExpressionP"/><location loc="74.20--74.20"/></nont><nont label="ADDSUBExpressionP"/><location loc="74.20--74.20"/></nont><nont label="RelationalExpressionP"/><location loc="74.20--74.20"/></nont><nont label="ANDExpressionP"/><location loc="74.20--74.20"/></nont><nont label="ORXORExpressionP"/><location loc="74.20--74.20"/></nont><location loc="74.20--74.20"/></nont><nont label="StatementP"><term lexeme="=" token="ASSIGN"><location loc="74.21--74.21"/></term><nont label="Expression"><nont label="ORXORExpression"><nont label="ANDExpression"><nont label="RelationalExpression"><nont label="ADDSUBExpression"><nont label="MULDIVExpression"><nont label="PrefixExpression"><nont label="PostfixExpression"><nont label="AtomicExpression"><term lexeme="f" token="IDENTIFIER"><location loc="74.22--74.22"/></term><nont label="ArgumentsOpt"/><location loc="74.22--74.22"/></nont><nont label="PostfixExpressionP"/><location loc="74.22--74.22"/></nont><location loc="74.22--74.22"/></nont><nont label="MULDIVExpressionP"><term lexeme="*" token="MUL"><location loc="74.23--74.23"/></term><nont label="PrefixExpression"><nont label="PostfixExpression"><nont label="AtomicExpression"><term lexeme="n" token="IDENTIFIER"><location loc="74.24--74.24"/></term><nont label="ArgumentsOpt"/><location loc="74.24--74.24"/></nont><nont label="PostfixExpressionP"/><location loc="74.24--74.24"/></nont><location loc="74.24--74.24"/></nont><nont label="MULDIVExpressionP"/><location loc="74.23--74.24"/></nont><location loc="74.22--74.24"/></nont><nont label="ADDSUBExpressionP"/><location loc="74.22--74.24"/></nont><nont label="RelationalExpressionP"/><location loc="74.22--74.24"/></nont><nont label="ANDExpressionP"/><location loc="74.22--74.24"/></nont><nont label="ORXORExpressionP"/><location loc="74.22--74.24"/></nont><location loc="74.22--74.24"/></nont><location loc="74.21--74.24"/></nont><location loc="74.20--74.24"/></nont><term lexeme=";" token="SEMIC"><location loc="74.25--74.25"/></term><nont label="StatementsP"><nont label="Statement"><nont label="Expression"><nont label="ORXORExpression"><nont label="ANDExpression"><nont label="RelationalExpression"><nont label="ADDSUBExpression"><nont label="MULDIVExpression"><nont label="PrefixExpression"><nont label="PostfixExpression"><nont label="AtomicExpression"><term lexeme="n" token="IDENTIFIER"><location loc="74.27--74.27"/></term><nont label="ArgumentsOpt"/><location loc="74.27--74.27"/></nont><nont label="PostfixExpressionP"/><location loc="74.27--74.27"/></nont><location loc="74.27--74.27"/></nont><nont label="MULDIVExpressionP"/><location loc="74.27--74.27"/></nont><nont label="ADDSUBExpressionP"/><location loc="74.27--74.27"/></nont><nont label="RelationalExpressionP"/><location loc="74.27--74.27"/></nont><nont label="ANDExpressionP"/><location loc="74.27--74.27"/></nont><nont label="ORXORExpressionP"/><location loc="74.27--74.27"/></nont><location loc="74.27--74.27"/></nont><nont label="StatementP"><term lexeme="=" token="ASSIGN"><location loc="74.28--74.28"/></term><nont label="Expression"><nont label="ORXORExpression"><nont label="ANDExpression"><nont label="RelationalExpression"><nont label="ADDSUBExpression"><nont label="MULDIVExpression"><nont label="PrefixExpression"><nont label="PostfixExpression"><nont label="AtomicExpression"><term lexeme="n" token="IDENTIFIER"><location loc="74.29--74.29"/></term><nont label="ArgumentsOpt"/><location loc="74.29--74.29"/></nont><nont label="PostfixExpressionP"/><location loc="74.29--74.29"/></nont><location loc="74.29--74.29"/></nont><nont label="MULDIVExpressionP"/><location loc="74.29--74.29"/></nont><nont label="ADDSUBExpressionP"><term lexeme="-" token="SUB"><location loc="74.30--74.30"/></term><nont label="MULDIVExpression"><nont label="PrefixExpression"><nont label="PostfixExpression"><nont label="AtomicExpression"><term lexeme="1" token="INTCONST"><location loc="74.31--74.31"/></term><location loc="74.31--74.31"/></nont><nont label="PostfixExpressionP"/><location loc="74.31--74.31"/></nont><location loc="74.31--74.31"/></nont><nont label="MULDIVExpressionP"/><location loc="74.31--74.31"/></nont><nont label="ADDSUBExpressionP"/><location loc="74.30--74.31"/></nont><location loc="74.29--74.31"/></nont><nont label="RelationalExpressionP"/><location loc="74.29--74.31"/></nont><nont label="ANDExpressionP"/><location loc="74.29--74.31"/></nont><nont label="ORXORExpressionP"/><location loc="74.29--74.31"/></nont><location loc="74.29--74.31"/></nont><location loc="74.28--74.31"/></nont><location loc="74.27--74.31"/></nont><term lexeme=";" token="SEMIC"><location loc="74.32--74.32"/></term><nont label="StatementsP"/><location loc="74.27--74.32"/></nont><location loc="74.20--74.32"/></nont><term lexeme="end" token="END"><location loc="74.34--74.36"/></term><location loc="74.7--74.36"/></nont><term lexeme=";" token="SEMIC"><location loc="74.37--74.37"/></term><nont label="StatementsP"/><location loc="74.7--74.37"/></nont><location loc="73.7--74.37"/></nont><term lexeme=":" token="COLON"><location loc="75.5--75.5"/></term><nont label="Expression"><nont label="ORXORExpression"><nont label="ANDExpression"><nont label="RelationalExpression"><nont label="ADDSUBExpression"><nont label="MULDIVExpression"><nont label="PrefixExpression"><nont label="PostfixExpression"><nont label="AtomicExpression"><term lexeme="f" token="IDENTIFIER"><location loc="75.7--75.7"/></term><nont label="ArgumentsOpt"/><location loc="75.7--75.7"/></nont><nont label="PostfixExpressionP"/><location loc="75.7--75.7"/></nont><location loc="75.7--75.7"/></nont><nont label="MULDIVExpressionP"/><location loc="75.7--75.7"/></nont><nont label="ADDSUBExpressionP"/><location loc="75.7--75.7"/></nont><nont label="RelationalExpressionP"/><location loc="75.7--75.7"/></nont><nont label="ANDExpressionP"/><location loc="75.7--75.7"/></nont><nont label="ORXORExpressionP"/><location loc="75.7--75.7"/></nont><location loc="75.7--75.7"/></nont><nont label="WhereOpt"><term lexeme="where" token="WHERE"><location loc="76.5--76.9"/></term><nont label="Declarations"><nont label="Declaration"><term lexeme="var" token="VAR"><location loc="77.7--77.9"/></term><term lexeme="f" token="IDENTIFIER"><location loc="77.11--77.11"/></term><term lexeme=":" token="COLON"><location loc="77.12--77.12"/></term><nont label="Type"><term lexeme="int" token="INT"><location loc="77.13--77.15"/></term><location loc="77.13--77.15"/></nont><term lexeme=";" token="SEMIC"><location loc="77.16--77.16"/></term><location loc="77.7--77.16"/></nont><nont label="DeclarationsP"/><location loc="77.7--77.16"/></nont><location loc="76.5--77.16"/></nont><term lexeme="}" token="RBRACE"><location loc="78.5--78.5"/></term><location loc="73.5--78.5"/></nont><nont label="PostfixExpressionP"/><location loc="73.5--78.5"/></nont><location loc="73.5--78.5"/></nont><nont label="MULDIVExpressionP"/><location loc="73.5--78.5"/></nont><nont label="ADDSUBExpressionP"/><location loc="73.5--78.5"/></nont><nont label="RelationalExpressionP"/><location loc="73.5--78.5"/></nont><nont label="ANDExpressionP"/><location loc="73.5--78.5"/></nont><nont label="ORXORExpressionP"/><location loc="73.5--78.5"/></nont><location loc="73.5--78.5"/></nont><location loc="73.4--78.5"/></nont><term lexeme=";" token="SEMIC"><location loc="78.6--78.6"/></term><location loc="72.1--78.6"/></nont><nont label="DeclarationsP"><nont label="Declaration"><term lexeme="fun" token="FUN"><location loc="80.1--80.3"/></term><term lexeme="facRec" token="IDENTIFIER"><location loc="80.5--80.10"/></term><term lexeme="(" token="LPARENTHESIS"><location loc="80.11--80.11"/></term><nont label="ParametersOpt"><nont label="Parameters"><term lexeme="n" token="IDENTIFIER"><location loc="80.12--80.12"/></term><term lexeme=":" token="COLON"><location loc="80.13--80.13"/></term><nont label="Type"><term lexeme="int" token="INT"><location loc="80.14--80.16"/></term><location loc="80.14--80.16"/></nont><nont label="ParametersP"/><location loc="80.12--80.16"/></nont><location loc="80.12--80.16"/></nont><term lexeme=")" token="RPARENTHESIS"><location loc="80.17--80.17"/></term><term lexeme=":" token="COLON"><location loc="80.18--80.18"/></term><nont label="Type"><term lexeme="int" token="INT"><location loc="80.19--80.21"/></term><location loc="80.19--80.21"/></nont><nont label="FunctionBodyOpt"><term lexeme="=" token="ASSIGN"><location loc="81.4--81.4"/></term><nont label="Expression"><nont label="ORXORExpression"><nont label="ANDExpression"><nont label="RelationalExpression"><nont label="ADDSUBExpression"><nont label="MULDIVExpression"><nont label="PrefixExpression"><nont label="PostfixExpression"><nont label="AtomicExpression"><term lexeme="{" token="LBRACE"><location loc="81.5--81.5"/></term><nont label="Statements"><nont label="Statement"><term lexeme="if" token="IF"><location loc="81.7--81.8"/></term><nont label="Expression"><nont label="ORXORExpression"><nont label="ANDExpression"><nont label="RelationalExpression"><nont label="ADDSUBExpression"><nont label="MULDIVExpression"><nont label="PrefixExpression"><nont label="PostfixExpression"><nont label="AtomicExpression"><term lexeme="n" token="IDENTIFIER"><location loc="81.10--81.10"/></term><nont label="ArgumentsOpt"/><location loc="81.10--81.10"/></nont><nont label="PostfixExpressionP"/><location loc="81.10--81.10"/></nont><location loc="81.10--81.10"/></nont><nont label="MULDIVExpressionP"/><location loc="81.10--81.10"/></nont><nont label="ADDSUBExpressionP"/><location loc="81.10--81.10"/></nont><nont label="RelationalExpressionP"><term lexeme="==" token="EQU"><location loc="81.11--81.12"/></term><nont label="ADDSUBExpression"><nont label="MULDIVExpression"><nont label="PrefixExpression"><nont label="PostfixExpression"><nont label="AtomicExpression"><term lexeme="1" token="INTCONST"><location loc="81.13--81.13"/></term><location loc="81.13--81.13"/></nont><nont label="PostfixExpressionP"/><location loc="81.13--81.13"/></nont><location loc="81.13--81.13"/></nont><nont label="MULDIVExpressionP"/><location loc="81.13--81.13"/></nont><nont label="ADDSUBExpressionP"/><location loc="81.13--81.13"/></nont><location loc="81.11--81.13"/></nont><location loc="81.10--81.13"/></nont><nont label="ANDExpressionP"/><location loc="81.10--81.13"/></nont><nont label="ORXORExpressionP"/><location loc="81.10--81.13"/></nont><location loc="81.10--81.13"/></nont><term lexeme="then" token="THEN"><location loc="81.15--81.18"/></term><nont label="Statements"><nont label="Statement"><nont label="Expression"><nont label="ORXORExpression"><nont label="ANDExpression"><nont label="RelationalExpression"><nont label="ADDSUBExpression"><nont label="MULDIVExpression"><nont label="PrefixExpression"><nont label="PostfixExpression"><nont label="AtomicExpression"><term lexeme="f" token="IDENTIFIER"><location loc="81.20--81.20"/></term><nont label="ArgumentsOpt"/><location loc="81.20--81.20"/></nont><nont label="PostfixExpressionP"/><location loc="81.20--81.20"/></nont><location loc="81.20--81.20"/></nont><nont label="MULDIVExpressionP"/><location loc="81.20--81.20"/></nont><nont label="ADDSUBExpressionP"/><location loc="81.20--81.20"/></nont><nont label="RelationalExpressionP"/><location loc="81.20--81.20"/></nont><nont label="ANDExpressionP"/><location loc="81.20--81.20"/></nont><nont label="ORXORExpressionP"/><location loc="81.20--81.20"/></nont><location loc="81.20--81.20"/></nont><nont label="StatementP"><term lexeme="=" token="ASSIGN"><location loc="81.21--81.21"/></term><nont label="Expression"><nont label="ORXORExpression"><nont label="ANDExpression"><nont label="RelationalExpression"><nont label="ADDSUBExpression"><nont label="MULDIVExpression"><nont label="PrefixExpression"><nont label="PostfixExpression"><nont label="AtomicExpression"><term lexeme="1" token="INTCONST"><location loc="81.22--81.22"/></term><location loc="81.22--81.22"/></nont><nont label="PostfixExpressionP"/><location loc="81.22--81.22"/></nont><location loc="81.22--81.22"/></nont><nont label="MULDIVExpressionP"/><location loc="81.22--81.22"/></nont><nont label="ADDSUBExpressionP"/><location loc="81.22--81.22"/></nont><nont label="RelationalExpressionP"/><location loc="81.22--81.22"/></nont><nont label="ANDExpressionP"/><location loc="81.22--81.22"/></nont><nont label="ORXORExpressionP"/><location loc="81.22--81.22"/></nont><location loc="81.22--81.22"/></nont><location loc="81.21--81.22"/></nont><location loc="81.20--81.22"/></nont><term lexeme=";" token="SEMIC"><location loc="81.23--81.23"/></term><nont label="StatementsP"/><location loc="81.20--81.23"/></nont><nont label="ElseOpt"><term lexeme="else" token="ELSE"><location loc="81.25--81.28"/></term><nont label="Statements"><nont label="Statement"><nont label="Expression"><nont label="ORXORExpression"><nont label="ANDExpression"><nont label="RelationalExpression"><nont label="ADDSUBExpression"><nont label="MULDIVExpression"><nont label="PrefixExpression"><nont label="PostfixExpression"><nont label="AtomicExpression"><term lexeme="f" token="IDENTIFIER"><location loc="81.30--81.30"/></term><nont label="ArgumentsOpt"/><location loc="81.30--81.30"/></nont><nont label="PostfixExpressionP"/><location loc="81.30--81.30"/></nont><location loc="81.30--81.30"/></nont><nont label="MULDIVExpressionP"/><location loc="81.30--81.30"/></nont><nont label="ADDSUBExpressionP"/><location loc="81.30--81.30"/></nont><nont label="RelationalExpressionP"/><location loc="81.30--81.30"/></nont><nont label="ANDExpressionP"/><location loc="81.30--81.30"/></nont><nont label="ORXORExpressionP"/><location loc="81.30--81.30"/></nont><location loc="81.30--81.30"/></nont><nont label="StatementP"><term lexeme="=" token="ASSIGN"><location loc="81.31--81.31"/></term><nont label="Expression"><nont label="ORXORExpression"><nont label="ANDExpression"><nont label="RelationalExpression"><nont label="ADDSUBExpression"><nont label="MULDIVExpression"><nont label="PrefixExpression"><nont label="PostfixExpression"><nont label="AtomicExpression"><term lexeme="n" token="IDENTIFIER"><location loc="81.32--81.32"/></term><nont label="ArgumentsOpt"/><location loc="81.32--81.32"/></nont><nont label="PostfixExpressionP"/><location loc="81.32--81.32"/></nont><location loc="81.32--81.32"/></nont><nont label="MULDIVExpressionP"><term lexeme="*" token="MUL"><location loc="81.33--81.33"/></term><nont label="PrefixExpression"><nont label="PostfixExpression"><nont label="AtomicExpression"><term lexeme="facRec" token="IDENTIFIER"><location loc="81.34--81.39"/></term><nont label="ArgumentsOpt"><term lexeme="(" token="LPARENTHESIS"><location loc="81.40--81.40"/></term><nont label="ArgumentsOptP"><nont label="Arguments"><nont label="Expression"><nont label="ORXORExpression"><nont label="ANDExpression"><nont label="RelationalExpression"><nont label="ADDSUBExpression"><nont label="MULDIVExpression"><nont label="PrefixExpression"><nont label="PostfixExpression"><nont label="AtomicExpression"><term lexeme="n" token="IDENTIFIER"><location loc="81.41--81.41"/></term><nont label="ArgumentsOpt"/><location loc="81.41--81.41"/></nont><nont label="PostfixExpressionP"/><location loc="81.41--81.41"/></nont><location loc="81.41--81.41"/></nont><nont label="MULDIVExpressionP"/><location loc="81.41--81.41"/></nont><nont label="ADDSUBExpressionP"><term lexeme="-" token="SUB"><location loc="81.42--81.42"/></term><nont label="MULDIVExpression"><nont label="PrefixExpression"><nont label="PostfixExpression"><nont label="AtomicExpression"><term lexeme="1" token="INTCONST"><location loc="81.43--81.43"/></term><location loc="81.43--81.43"/></nont><nont label="PostfixExpressionP"/><location loc="81.43--81.43"/></nont><location loc="81.43--81.43"/></nont><nont label="MULDIVExpressionP"/><location loc="81.43--81.43"/></nont><nont label="ADDSUBExpressionP"/><location loc="81.42--81.43"/></nont><location loc="81.41--81.43"/></nont><nont label="RelationalExpressionP"/><location loc="81.41--81.43"/></nont><nont label="ANDExpressionP"/><location loc="81.41--81.43"/></nont><nont label="ORXORExpressionP"/><location loc="81.41--81.43"/></nont><location loc="81.41--81.43"/></nont><nont label="ArgumentsP"/><location loc="81.41--81.43"/></nont><term lexeme=")" token="RPARENTHESIS"><location loc="81.44--81.44"/></term><location loc="81.41--81.44"/></nont><location loc="81.40--81.44"/></nont><location loc="81.34--81.44"/></nont><nont label="PostfixExpressionP"/><location loc="81.34--81.44"/></nont><location loc="81.34--81.44"/></nont><nont label="MULDIVExpressionP"/><location loc="81.33--81.44"/></nont><location loc="81.32--81.44"/></nont><nont label="ADDSUBExpressionP"/><location loc="81.32--81.44"/></nont><nont label="RelationalExpressionP"/><location loc="81.32--81.44"/></nont><nont label="ANDExpressionP"/><location loc="81.32--81.44"/></nont><nont label="ORXORExpressionP"/><location loc="81.32--81.44"/></nont><location loc="81.32--81.44"/></nont><location loc="81.31--81.44"/></nont><location loc="81.30--81.44"/></nont><term lexeme=";" token="SEMIC"><location loc="81.45--81.45"/></term><nont label="StatementsP"/><location loc="81.30--81.45"/></nont><location loc="81.25--81.45"/></nont><term lexeme="end" token="END"><location loc="81.47--81.49"/></term><location loc="81.7--81.49"/></nont><term lexeme=";" token="SEMIC"><location loc="81.50--81.50"/></term><nont label="StatementsP"/><location loc="81.7--81.50"/></nont><term lexeme=":" token="COLON"><location loc="82.5--82.5"/></term><nont label="Expression"><nont label="ORXORExpression"><nont label="ANDExpression"><nont label="RelationalExpression"><nont label="ADDSUBExpression"><nont label="MULDIVExpression"><nont label="PrefixExpression"><nont label="PostfixExpression"><nont label="AtomicExpression"><term lexeme="f" token="IDENTIFIER"><location loc="82.7--82.7"/></term><nont label="ArgumentsOpt"/><location loc="82.7--82.7"/></nont><nont label="PostfixExpressionP"/><location loc="82.7--82.7"/></nont><location loc="82.7--82.7"/></nont><nont label="MULDIVExpressionP"/><location loc="82.7--82.7"/></nont><nont label="ADDSUBExpressionP"/><location loc="82.7--82.7"/></nont><nont label="RelationalExpressionP"/><location loc="82.7--82.7"/></nont><nont label="ANDExpressionP"/><location loc="82.7--82.7"/></nont><nont label="ORXORExpressionP"/><location loc="82.7--82.7"/></nont><location loc="82.7--82.7"/></nont><nont label="WhereOpt"><term lexeme="where" token="WHERE"><location loc="83.5--83.9"/></term><nont label="Declarations"><nont label="Declaration"><term lexeme="var" token="VAR"><location loc="84.7--84.9"/></term><term lexeme="f" token="IDENTIFIER"><location loc="84.11--84.11"/></term><term lexeme=":" token="COLON"><location loc="84.12--84.12"/></term><nont label="Type"><term lexeme="int" token="INT"><location loc="84.13--84.15"/></term><location loc="84.13--84.15"/></nont><term lexeme=";" token="SEMIC"><location loc="84.16--84.16"/></term><location loc="84.7--84.16"/></nont><nont label="DeclarationsP"/><location loc="84.7--84.16"/></nont><location loc="83.5--84.16"/></nont><term lexeme="}" token="RBRACE"><location loc="85.5--85.5"/></term><location loc="81.5--85.5"/></nont><nont label="PostfixExpressionP"/><location loc="81.5--85.5"/></nont><location loc="81.5--85.5"/></nont><nont label="MULDIVExpressionP"/><location loc="81.5--85.5"/></nont><nont label="ADDSUBExpressionP"/><location loc="81.5--85.5"/></nont><nont label="RelationalExpressionP"/><location loc="81.5--85.5"/></nont><nont label="ANDExpressionP"/><location loc="81.5--85.5"/></nont><nont label="ORXORExpressionP"/><location loc="81.5--85.5"/></nont><location loc="81.5--85.5"/></nont><location loc="81.4--85.5"/></nont><term lexeme=";" token="SEMIC"><location loc="85.6--85.6"/></term><location loc="80.1--85.6"/></nont><nont label="DeclarationsP"><nont label="Declaration"><term lexeme="fun" token="FUN"><location loc="87.1--87.3"/></term><term lexeme="fibItr" token="IDENTIFIER"><location loc="87.5--87.10"/></term><term lexeme="(" token="LPARENTHESIS"><location loc="87.11--87.11"/></term><nont label="ParametersOpt"><nont label="Parameters"><term lexeme="n" token="IDENTIFIER"><location loc="87.12--87.12"/></term><term lexeme=":" token="COLON"><location loc="87.13--87.13"/></term><nont label="Type"><term lexeme="int" token="INT"><location loc="87.14--87.16"/></term><location loc="87.14--87.16"/></nont><nont label="ParametersP"/><location loc="87.12--87.16"/></nont><location loc="87.12--87.16"/></nont><term lexeme=")" token="RPARENTHESIS"><location loc="87.17--87.17"/></term><term lexeme=":" token="COLON"><location loc="87.18--87.18"/></term><nont label="Type"><term lexeme="int" token="INT"><location loc="87.19--87.21"/></term><location loc="87.19--87.21"/></nont><nont label="FunctionBodyOpt"><term lexeme="=" token="ASSIGN"><location loc="88.4--88.4"/></term><nont label="Expression"><nont label="ORXORExpression"><nont label="ANDExpression"><nont label="RelationalExpression"><nont label="ADDSUBExpression"><nont label="MULDIVExpression"><nont label="PrefixExpression"><nont label="PostfixExpression"><nont label="AtomicExpression"><term lexeme="{" token="LBRACE"><location loc="88.5--88.5"/></term><nont label="Statements"><nont label="Statement"><nont label="Expression"><nont label="ORXORExpression"><nont label="ANDExpression"><nont label="RelationalExpression"><nont label="ADDSUBExpression"><nont label="MULDIVExpression"><nont label="PrefixExpression"><nont label="PostfixExpression"><nont label="AtomicExpression"><term lexeme="f" token="IDENTIFIER"><location loc="88.7--88.7"/></term><nont label="ArgumentsOpt"/><location loc="88.7--88.7"/></nont><nont label="PostfixExpressionP"/><location loc="88.7--88.7"/></nont><location loc="88.7--88.7"/></nont><nont label="MULDIVExpressionP"/><location loc="88.7--88.7"/></nont><nont label="ADDSUBExpressionP"/><location loc="88.7--88.7"/></nont><nont label="RelationalExpressionP"/><location loc="88.7--88.7"/></nont><nont label="ANDExpressionP"/><location loc="88.7--88.7"/></nont><nont label="ORXORExpressionP"/><location loc="88.7--88.7"/></nont><location loc="88.7--88.7"/></nont><nont label="StatementP"><term lexeme="=" token="ASSIGN"><location loc="88.8--88.8"/></term><nont label="Expression"><nont label="ORXORExpression"><nont label="ANDExpression"><nont label="RelationalExpression"><nont label="ADDSUBExpression"><nont label="MULDIVExpression"><nont label="PrefixExpression"><nont label="PostfixExpression"><nont label="AtomicExpression"><term lexeme="1" token="INTCONST"><location loc="88.9--88.9"/></term><location loc="88.9--88.9"/></nont><nont label="PostfixExpressionP"/><location loc="88.9--88.9"/></nont><location loc="88.9--88.9"/></nont><nont label="MULDIVExpressionP"/><location loc="88.9--88.9"/></nont><nont label="ADDSUBExpressionP"/><location loc="88.9--88.9"/></nont><nont label="RelationalExpressionP"/><location loc="88.9--88.9"/></nont><nont label="ANDExpressionP"/><location loc="88.9--88.9"/></nont><nont label="ORXORExpressionP"/><location loc="88.9--88.9"/></nont><location loc="88.9--88.9"/></nont><location loc="88.8--88.9"/></nont><location loc="88.7--88.9"/></nont><term lexeme=";" token="SEMIC"><location loc="88.10--88.10"/></term><nont label="StatementsP"><nont label="Statement"><nont label="Expression"><nont label="ORXORExpression"><nont label="ANDExpression"><nont label="RelationalExpression"><nont label="ADDSUBExpression"><nont label="MULDIVExpression"><nont label="PrefixExpression"><nont label="PostfixExpression"><nont label="AtomicExpression"><term lexeme="fm1" token="IDENTIFIER"><location loc="88.12--88.14"/></term><nont label="ArgumentsOpt"/><location loc="88.12--88.14"/></nont><nont label="PostfixExpressionP"/><location loc="88.12--88.14"/></nont><location loc="88.12--88.14"/></nont><nont label="MULDIVExpressionP"/><location loc="88.12--88.14"/></nont><nont label="ADDSUBExpressionP"/><location loc="88.12--88.14"/></nont><nont label="RelationalExpressionP"/><location loc="88.12--88.14"/></nont><nont label="ANDExpressionP"/><location loc="88.12--88.14"/></nont><nont label="ORXORExpressionP"/><location loc="88.12--88.14"/></nont><location loc="88.12--88.14"/></nont><nont label="StatementP"><term lexeme="=" token="ASSIGN"><location loc="88.15--88.15"/></term><nont label="Expression"><nont label="ORXORExpression"><nont label="ANDExpression"><nont label="RelationalExpression"><nont label="ADDSUBExpression"><nont label="MULDIVExpression"><nont label="PrefixExpression"><nont label="PostfixExpression"><nont label="AtomicExpression"><term lexeme="1" token="INTCONST"><location loc="88.16--88.16"/></term><location loc="88.16--88.16"/></nont><nont label="PostfixExpressionP"/><location loc="88.16--88.16"/></nont><location loc="88.16--88.16"/></nont><nont label="MULDIVExpressionP"/><location loc="88.16--88.16"/></nont><nont label="ADDSUBExpressionP"/><location loc="88.16--88.16"/></nont><nont label="RelationalExpressionP"/><location loc="88.16--88.16"/></nont><nont label="ANDExpressionP"/><location loc="88.16--88.16"/></nont><nont label="ORXORExpressionP"/><location loc="88.16--88.16"/></nont><location loc="88.16--88.16"/></nont><location loc="88.15--88.16"/></nont><location loc="88.12--88.16"/></nont><term lexeme=";" token="SEMIC"><location loc="88.17--88.17"/></term><nont label="StatementsP"><nont label="Statement"><nont label="Expression"><nont label="ORXORExpression"><nont label="ANDExpression"><nont label="RelationalExpression"><nont label="ADDSUBExpression"><nont label="MULDIVExpression"><nont label="PrefixExpression"><nont label="PostfixExpression"><nont label="AtomicExpression"><term lexeme="fm2" token="IDENTIFIER"><location loc="88.19--88.21"/></term><nont label="ArgumentsOpt"/><location loc="88.19--88.21"/></nont><nont label="PostfixExpressionP"/><location loc="88.19--88.21"/></nont><location loc="88.19--88.21"/></nont><nont label="MULDIVExpressionP"/><location loc="88.19--88.21"/></nont><nont label="ADDSUBExpressionP"/><location loc="88.19--88.21"/></nont><nont label="RelationalExpressionP"/><location loc="88.19--88.21"/></nont><nont label="ANDExpressionP"/><location loc="88.19--88.21"/></nont><nont label="ORXORExpressionP"/><location loc="88.19--88.21"/></nont><location loc="88.19--88.21"/></nont><nont label="StatementP"><term lexeme="=" token="ASSIGN"><location loc="88.22--88.22"/></term><nont label="Expression"><nont label="ORXORExpression"><nont label="ANDExpression"><nont label="RelationalExpression"><nont label="ADDSUBExpression"><nont label="MULDIVExpression"><nont label="PrefixExpression"><nont label="PostfixExpression"><nont label="AtomicExpression"><term lexeme="0" token="INTCONST"><location loc="88.23--88.23"/></term><location loc="88.23--88.23"/></nont><nont label="PostfixExpressionP"/><location loc="88.23--88.23"/></nont><location loc="88.23--88.23"/></nont><nont label="MULDIVExpressionP"/><location loc="88.23--88.23"/></nont><nont label="ADDSUBExpressionP"/><location loc="88.23--88.23"/></nont><nont label="RelationalExpressionP"/><location loc="88.23--88.23"/></nont><nont label="ANDExpressionP"/><location loc="88.23--88.23"/></nont><nont label="ORXORExpressionP"/><location loc="88.23--88.23"/></nont><location loc="88.23--88.23"/></nont><location loc="88.22--88.23"/></nont><location loc="88.19--88.23"/></nont><term lexeme=";" token="SEMIC"><location loc="88.24--88.24"/></term><nont label="StatementsP"><nont label="Statement"><term lexeme="while" token="WHILE"><location loc="89.7--89.11"/></term><nont label="Expression"><nont label="ORXORExpression"><nont label="ANDExpression"><nont label="RelationalExpression"><nont label="ADDSUBExpression"><nont label="MULDIVExpression"><nont label="PrefixExpression"><nont label="PostfixExpression"><nont label="AtomicExpression"><term lexeme="n" token="IDENTIFIER"><location loc="89.13--89.13"/></term><nont label="ArgumentsOpt"/><location loc="89.13--89.13"/></nont><nont label="PostfixExpressionP"/><location loc="89.13--89.13"/></nont><location loc="89.13--89.13"/></nont><nont label="MULDIVExpressionP"/><location loc="89.13--89.13"/></nont><nont label="ADDSUBExpressionP"/><location loc="89.13--89.13"/></nont><nont label="RelationalExpressionP"><term lexeme="&gt;" token="GTH"><location loc="89.14--89.14"/></term><nont label="ADDSUBExpression"><nont label="MULDIVExpression"><nont label="PrefixExpression"><nont label="PostfixExpression"><nont label="AtomicExpression"><term lexeme="1" token="INTCONST"><location loc="89.15--89.15"/></term><location loc="89.15--89.15"/></nont><nont label="PostfixExpressionP"/><location loc="89.15--89.15"/></nont><location loc="89.15--89.15"/></nont><nont label="MULDIVExpressionP"/><location loc="89.15--89.15"/></nont><nont label="ADDSUBExpressionP"/><location loc="89.15--89.15"/></nont><location loc="89.14--89.15"/></nont><location loc="89.13--89.15"/></nont><nont label="ANDExpressionP"/><location loc="89.13--89.15"/></nont><nont label="ORXORExpressionP"/><location loc="89.13--89.15"/></nont><location loc="89.13--89.15"/></nont><term lexeme="do" token="DO"><location loc="89.17--89.18"/></term><nont label="Statements"><nont label="Statement"><nont label="Expression"><nont label="ORXORExpression"><nont label="ANDExpression"><nont label="RelationalExpression"><nont label="ADDSUBExpression"><nont label="MULDIVExpression"><nont label="PrefixExpression"><nont label="PostfixExpression"><nont label="AtomicExpression"><term lexeme="f" token="IDENTIFIER"><location loc="90.9--90.9"/></term><nont label="ArgumentsOpt"/><location loc="90.9--90.9"/></nont><nont label="PostfixExpressionP"/><location loc="90.9--90.9"/></nont><location loc="90.9--90.9"/></nont><nont label="MULDIVExpressionP"/><location loc="90.9--90.9"/></nont><nont label="ADDSUBExpressionP"/><location loc="90.9--90.9"/></nont><nont label="RelationalExpressionP"/><location loc="90.9--90.9"/></nont><nont label="ANDExpressionP"/><location loc="90.9--90.9"/></nont><nont label="ORXORExpressionP"/><location loc="90.9--90.9"/></nont><location loc="90.9--90.9"/></nont><nont label="StatementP"><term lexeme="=" token="ASSIGN"><location loc="90.10--90.10"/></term><nont label="Expression"><nont label="ORXORExpression"><nont label="ANDExpression"><nont label="RelationalExpression"><nont label="ADDSUBExpression"><nont label="MULDIVExpression"><nont label="PrefixExpression"><nont label="PostfixExpression"><nont label="AtomicExpression"><term lexeme="fm1" token="IDENTIFIER"><location loc="90.11--90.13"/></term><nont label="ArgumentsOpt"/><location loc="90.11--90.13"/></nont><nont label="PostfixExpressionP"/><location loc="90.11--90.13"/></nont><location loc="90.11--90.13"/></nont><nont label="MULDIVExpressionP"/><location loc="90.11--90.13"/></nont><nont label="ADDSUBExpressionP"><term lexeme="+" token="ADD"><location loc="90.14--90.14"/></term><nont label="MULDIVExpression"><nont label="PrefixExpression"><nont label="PostfixExpression"><nont label="AtomicExpression"><term lexeme="fm2" token="IDENTIFIER"><location loc="90.15--90.17"/></term><nont label="ArgumentsOpt"/><location loc="90.15--90.17"/></nont><nont label="PostfixExpressionP"/><location loc="90.15--90.17"/></nont><location loc="90.15--90.17"/></nont><nont label="MULDIVExpressionP"/><location loc="90.15--90.17"/></nont><nont label="ADDSUBExpressionP"/><location loc="90.14--90.17"/></nont><location loc="90.11--90.17"/></nont><nont label="RelationalExpressionP"/><location loc="90.11--90.17"/></nont><nont label="ANDExpressionP"/><location loc="90.11--90.17"/></nont><nont label="ORXORExpressionP"/><location loc="90.11--90.17"/></nont><location loc="90.11--90.17"/></nont><location loc="90.10--90.17"/></nont><location loc="90.9--90.17"/></nont><term lexeme=";" token="SEMIC"><location loc="90.18--90.18"/></term><nont label="StatementsP"><nont label="Statement"><nont label="Expression"><nont label="ORXORExpression"><nont label="ANDExpression"><nont label="RelationalExpression"><nont label="ADDSUBExpression"><nont label="MULDIVExpression"><nont label="PrefixExpression"><nont label="PostfixExpression"><nont label="AtomicExpression"><term lexeme="fm2" token="IDENTIFIER"><location loc="90.19--90.21"/></term><nont label="ArgumentsOpt"/><location loc="90.19--90.21"/></nont><nont label="PostfixExpressionP"/><location loc="90.19--90.21"/></nont><location loc="90.19--90.21"/></nont><nont label="MULDIVExpressionP"/><location loc="90.19--90.21"/></nont><nont label="ADDSUBExpressionP"/><location loc="90.19--90.21"/></nont><nont label="RelationalExpressionP"/><location loc="90.19--90.21"/></nont><nont label="ANDExpressionP"/><location loc="90.19--90.21"/></nont><nont label="ORXORExpressionP"/><location loc="90.19--90.21"/></nont><location loc="90.19--90.21"/></nont><nont label="StatementP"><term lexeme="=" token="ASSIGN"><location loc="90.22--90.22"/></term><nont label="Expression"><nont label="ORXORExpression"><nont label="ANDExpression"><nont label="RelationalExpression"><nont label="ADDSUBExpression"><nont label="MULDIVExpression"><nont label="PrefixExpression"><nont label="PostfixExpression"><nont label="AtomicExpression"><term lexeme="fm1" token="IDENTIFIER"><location loc="90.23--90.25"/></term><nont label="ArgumentsOpt"/><location loc="90.23--90.25"/></nont><nont label="PostfixExpressionP"/><location loc="90.23--90.25"/></nont><location loc="90.23--90.25"/></nont><nont label="MULDIVExpressionP"/><location loc="90.23--90.25"/></nont><nont label="ADDSUBExpressionP"/><location loc="90.23--90.25"/></nont><nont label="RelationalExpressionP"/><location loc="90.23--90.25"/></nont><nont label="ANDExpressionP"/><location loc="90.23--90.25"/></nont><nont label="ORXORExpressionP"/><location loc="90.23--90.25"/></nont><location loc="90.23--90.25"/></nont><location loc="90.22--90.25"/></nont><location loc="90.19--90.25"/></nont><term lexeme=";" token="SEMIC"><location loc="90.26--90.26"/></term><nont label="StatementsP"><nont label="Statement"><nont label="Expression"><nont label="ORXORExpression"><nont label="ANDExpression"><nont label="RelationalExpression"><nont label="ADDSUBExpression"><nont label="MULDIVExpression"><nont label="PrefixExpression"><nont label="PostfixExpression"><nont label="AtomicExpression"><term lexeme="fm1" token="IDENTIFIER"><location loc="90.27--90.29"/></term><nont label="ArgumentsOpt"/><location loc="90.27--90.29"/></nont><nont label="PostfixExpressionP"/><location loc="90.27--90.29"/></nont><location loc="90.27--90.29"/></nont><nont label="MULDIVExpressionP"/><location loc="90.27--90.29"/></nont><nont label="ADDSUBExpressionP"/><location loc="90.27--90.29"/></nont><nont label="RelationalExpressionP"/><location loc="90.27--90.29"/></nont><nont label="ANDExpressionP"/><location loc="90.27--90.29"/></nont><nont label="ORXORExpressionP"/><location loc="90.27--90.29"/></nont><location loc="90.27--90.29"/></nont><nont label="StatementP"><term lexeme="=" token="ASSIGN"><location loc="90.30--90.30"/></term><nont label="Expression"><nont label="ORXORExpression"><nont label="ANDExpression"><nont label="RelationalExpression"><nont label="ADDSUBExpression"><nont label="MULDIVExpression"><nont label="PrefixExpression"><nont label="PostfixExpression"><nont label="AtomicExpression"><term lexeme="f" token="IDENTIFIER"><location loc="90.31--90.31"/></term><nont label="ArgumentsOpt"/><location loc="90.31--90.31"/></nont><nont label="PostfixExpressionP"/><location loc="90.31--90.31"/></nont><location loc="90.31--90.31"/></nont><nont label="MULDIVExpressionP"/><location loc="90.31--90.31"/></nont><nont label="ADDSUBExpressionP"/><location loc="90.31--90.31"/></nont><nont label="RelationalExpressionP"/><location loc="90.31--90.31"/></nont><nont label="ANDExpressionP"/><location loc="90.31--90.31"/></nont><nont label="ORXORExpressionP"/><location loc="90.31--90.31"/></nont><location loc="90.31--90.31"/></nont><location loc="90.30--90.31"/></nont><location loc="90.27--90.31"/></nont><term lexeme=";" token="SEMIC"><location loc="90.32--90.32"/></term><nont label="StatementsP"><nont label="Statement"><nont label="Expression"><nont label="ORXORExpression"><nont label="ANDExpression"><nont label="RelationalExpression"><nont label="ADDSUBExpression"><nont label="MULDIVExpression"><nont label="PrefixExpression"><nont label="PostfixExpression"><nont label="AtomicExpression"><term lexeme="n" token="IDENTIFIER"><location loc="91.9--91.9"/></term><nont label="ArgumentsOpt"/><location loc="91.9--91.9"/></nont><nont label="PostfixExpressionP"/><location loc="91.9--91.9"/></nont><location loc="91.9--91.9"/></nont><nont label="MULDIVExpressionP"/><location loc="91.9--91.9"/></nont><nont label="ADDSUBExpressionP"/><location loc="91.9--91.9"/></nont><nont label="RelationalExpressionP"/><location loc="91.9--91.9"/></nont><nont label="ANDExpressionP"/><location loc="91.9--91.9"/></nont><nont label="ORXORExpressionP"/><location loc="91.9--91.9"/></nont><location loc="91.9--91.9"/></nont><nont label="StatementP"><term lexeme="=" token="ASSIGN"><location loc="91.10--91.10"/></term><nont label="Expression"><nont label="ORXORExpression"><nont label="ANDExpression"><nont label="RelationalExpression"><nont label="ADDSUBExpression"><nont label="MULDIVExpression"><nont label="PrefixExpression"><nont label="PostfixExpression"><nont label="AtomicExpression"><term lexeme="n" token="IDENTIFIER"><location loc="91.11--91.11"/></term><nont label="ArgumentsOpt"/><location loc="91.11--91.11"/></nont><nont label="PostfixExpressionP"/><location loc="91.11--91.11"/></nont><location loc="91.11--91.11"/></nont><nont label="MULDIVExpressionP"/><location loc="91.11--91.11"/></nont><nont label="ADDSUBExpressionP"><term lexeme="-" token="SUB"><location loc="91.12--91.12"/></term><nont label="MULDIVExpression"><nont label="PrefixExpression"><nont label="PostfixExpression"><nont label="AtomicExpression"><term lexeme="1" token="INTCONST"><location loc="91.13--91.13"/></term><location loc="91.13--91.13"/></nont><nont label="PostfixExpressionP"/><location loc="91.13--91.13"/></nont><location loc="91.13--91.13"/></nont><nont label="MULDIVExpressionP"/><location loc="91.13--91.13"/></nont><nont label="ADDSUBExpressionP"/><location loc="91.12--91.13"/></nont><location loc="91.11--91.13"/></nont><nont label="RelationalExpressionP"/><location loc="91.11--91.13"/></nont><nont label="ANDExpressionP"/><location loc="91.11--91.13"/></nont><nont label="ORXORExpressionP"/><location loc="91.11--91.13"/></nont><location loc="91.11--91.13"/></nont><location loc="91.10--91.13"/></nont><location loc="91.9--91.13"/></nont><term lexeme=";" token="SEMIC"><location loc="91.14--91.14"/></term><nont label="StatementsP"/><location loc="91.9--91.14"/></nont><location loc="90.27--91.14"/></nont><location loc="90.19--91.14"/></nont><location loc="90.9--91.14"/></nont><term lexeme="end" token="END"><location loc="92.7--92.9"/></term><location loc="89.7--92.9"/></nont><term lexeme=";" token="SEMIC"><location loc="92.10--92.10"/></term><nont label="StatementsP"/><location loc="89.7--92.10"/></nont><location loc="88.19--92.10"/></nont><location loc="88.12--92.10"/></nont><location loc="88.7--92.10"/></nont><term lexeme=":" token="COLON"><location loc="93.5--93.5"/></term><nont label="Expression"><nont label="ORXORExpression"><nont label="ANDExpression"><nont label="RelationalExpression"><nont label="ADDSUBExpression"><nont label="MULDIVExpression"><nont label="PrefixExpression"><nont label="PostfixExpression"><nont label="AtomicExpression"><term lexeme="f" token="IDENTIFIER"><location loc="93.7--93.7"/></term><nont label="ArgumentsOpt"/><location loc="93.7--93.7"/></nont><nont label="PostfixExpressionP"/><location loc="93.7--93.7"/></nont><location loc="93.7--93.7"/></nont><nont label="MULDIVExpressionP"/><location loc="93.7--93.7"/></nont><nont label="ADDSUBExpressionP"/><location loc="93.7--93.7"/></nont><nont label="RelationalExpressionP"/><location loc="93.7--93.7"/></nont><nont label="ANDExpressionP"/><location loc="93.7--93.7"/></nont><nont label="ORXORExpressionP"/><location loc="93.7--93.7"/></nont><location loc="93.7--93.7"/></nont><nont label="WhereOpt"><term lexeme="where" token="WHERE"><location loc="94.5--94.9"/></term><nont label="Declarations"><nont label="Declaration"><term lexeme="var" token="VAR"><location loc="95.7--95.9"/></term><term lexeme="f" token="IDENTIFIER"><location loc="95.11--95.11"/></term><term lexeme=":" token="COLON"><location loc="95.12--95.12"/></term><nont label="Type"><term lexeme="int" token="INT"><location loc="95.13--95.15"/></term><location loc="95.13--95.15"/></nont><term lexeme=";" token="SEMIC"><location loc="95.16--95.16"/></term><location loc="95.7--95.16"/></nont><nont label="DeclarationsP"><nont label="Declaration"><term lexeme="var" token="VAR"><location loc="96.7--96.9"/></term><term lexeme="fm1" token="IDENTIFIER"><location loc="96.11--96.13"/></term><term lexeme=":" token="COLON"><location loc="96.14--96.14"/></term><nont label="Type"><term lexeme="int" token="INT"><location loc="96.15--96.17"/></term><location loc="96.15--96.17"/></nont><term lexeme=";" token="SEMIC"><location loc="96.18--96.18"/></term><location loc="96.7--96.18"/></nont><nont label="DeclarationsP"><nont label="Declaration"><term lexeme="var" token="VAR"><location loc="97.7--97.9"/></term><term lexeme="fm2" token="IDENTIFIER"><location loc="97.11--97.13"/></term><term lexeme=":" token="COLON"><location loc="97.14--97.14"/></term><nont label="Type"><term lexeme="int" token="INT"><location loc="97.15--97.17"/></term><location loc="97.15--97.17"/></nont><term lexeme=";" token="SEMIC"><location loc="97.18--97.18"/></term><location loc="97.7--97.18"/></nont><nont label="DeclarationsP"/><location loc="97.7--97.18"/></nont><location loc="96.7--97.18"/></nont><location loc="95.7--97.18"/></nont><location loc="94.5--97.18"/></nont><term lexeme="}" token="RBRACE"><location loc="98.5--98.5"/></term><location loc="88.5--98.5"/></nont><nont label="PostfixExpressionP"/><location loc="88.5--98.5"/></nont><location loc="88.5--98.5"/></nont><nont label="MULDIVExpressionP"/><location loc="88.5--98.5"/></nont><nont label="ADDSUBExpressionP"/><location loc="88.5--98.5"/></nont><nont label="RelationalExpressionP"/><location loc="88.5--98.5"/></nont><nont label="ANDExpressionP"/><location loc="88.5--98.5"/></nont><nont label="ORXORExpressionP"/><location loc="88.5--98.5"/></nont><location loc="88.5--98.5"/></nont><location loc="88.4--98.5"/></nont><term lexeme=";" token="SEMIC"><location loc="98.6--98.6"/></term><location loc="87.1--98.6"/></nont><nont label="DeclarationsP"><nont label="Declaration"><term lexeme="fun" token="FUN"><location loc="100.1--100.3"/></term><term lexeme="fibRec" token="IDENTIFIER"><location loc="100.5--100.10"/></term><term lexeme="(" token="LPARENTHESIS"><location loc="100.11--100.11"/></term><nont label="ParametersOpt"><nont label="Parameters"><term lexeme="n" token="IDENTIFIER"><location loc="100.12--100.12"/></term><term lexeme=":" token="COLON"><location loc="100.13--100.13"/></term><nont label="Type"><term lexeme="int" token="INT"><location loc="100.14--100.16"/></term><location loc="100.14--100.16"/></nont><nont label="ParametersP"/><location loc="100.12--100.16"/></nont><location loc="100.12--100.16"/></nont><term lexeme=")" token="RPARENTHESIS"><location loc="100.17--100.17"/></term><term lexeme=":" token="COLON"><location loc="100.18--100.18"/></term><nont label="Type"><term lexeme="int" token="INT"><location loc="100.19--100.21"/></term><location loc="100.19--100.21"/></nont><nont label="FunctionBodyOpt"><term lexeme="=" token="ASSIGN"><location loc="101.4--101.4"/></term><nont label="Expression"><nont label="ORXORExpression"><nont label="ANDExpression"><nont label="RelationalExpression"><nont label="ADDSUBExpression"><nont label="MULDIVExpression"><nont label="PrefixExpression"><nont label="PostfixExpression"><nont label="AtomicExpression"><term lexeme="{" token="LBRACE"><location loc="101.5--101.5"/></term><nont label="Statements"><nont label="Statement"><term lexeme="if" token="IF"><location loc="101.7--101.8"/></term><nont label="Expression"><nont label="ORXORExpression"><nont label="ANDExpression"><nont label="RelationalExpression"><nont label="ADDSUBExpression"><nont label="MULDIVExpression"><nont label="PrefixExpression"><nont label="PostfixExpression"><nont label="AtomicExpression"><term lexeme="n" token="IDENTIFIER"><location loc="101.10--101.10"/></term><nont label="ArgumentsOpt"/><location loc="101.10--101.10"/></nont><nont label="PostfixExpressionP"/><location loc="101.10--101.10"/></nont><location loc="101.10--101.10"/></nont><nont label="MULDIVExpressionP"/><location loc="101.10--101.10"/></nont><nont label="ADDSUBExpressionP"/><location loc="101.10--101.10"/></nont><nont label="RelationalExpressionP"><term lexeme="&lt;=" token="LEQ"><location loc="101.11--101.12"/></term><nont label="ADDSUBExpression"><nont label="MULDIVExpression"><nont label="PrefixExpression"><nont label="PostfixExpression"><nont label="AtomicExpression"><term lexeme="2" token="INTCONST"><location loc="101.13--101.13"/></term><location loc="101.13--101.13"/></nont><nont label="PostfixExpressionP"/><location loc="101.13--101.13"/></nont><location loc="101.13--101.13"/></nont><nont label="MULDIVExpressionP"/><location loc="101.13--101.13"/></nont><nont label="ADDSUBExpressionP"/><location loc="101.13--101.13"/></nont><location loc="101.11--101.13"/></nont><location loc="101.10--101.13"/></nont><nont label="ANDExpressionP"/><location loc="101.10--101.13"/></nont><nont label="ORXORExpressionP"/><location loc="101.10--101.13"/></nont><location loc="101.10--101.13"/></nont><term lexeme="then" token="THEN"><location loc="101.15--101.18"/></term><nont label="Statements"><nont label="Statement"><nont label="Expression"><nont label="ORXORExpression"><nont label="ANDExpression"><nont label="RelationalExpression"><nont label="ADDSUBExpression"><nont label="MULDIVExpression"><nont label="PrefixExpression"><nont label="PostfixExpression"><nont label="AtomicExpression"><term lexeme="f" token="IDENTIFIER"><location loc="101.20--101.20"/></term><nont label="ArgumentsOpt"/><location loc="101.20--101.20"/></nont><nont label="PostfixExpressionP"/><location loc="101.20--101.20"/></nont><location loc="101.20--101.20"/></nont><nont label="MULDIVExpressionP"/><location loc="101.20--101.20"/></nont><nont label="ADDSUBExpressionP"/><location loc="101.20--101.20"/></nont><nont label="RelationalExpressionP"/><location loc="101.20--101.20"/></nont><nont label="ANDExpressionP"/><location loc="101.20--101.20"/></nont><nont label="ORXORExpressionP"/><location loc="101.20--101.20"/></nont><location loc="101.20--101.20"/></nont><nont label="StatementP"><term lexeme="=" token="ASSIGN"><location loc="101.21--101.21"/></term><nont label="Expression"><nont label="ORXORExpression"><nont label="ANDExpression"><nont label="RelationalExpression"><nont label="ADDSUBExpression"><nont label="MULDIVExpression"><nont label="PrefixExpression"><nont label="PostfixExpression"><nont label="AtomicExpression"><term lexeme="1" token="INTCONST"><location loc="101.22--101.22"/></term><location loc="101.22--101.22"/></nont><nont label="PostfixExpressionP"/><location loc="101.22--101.22"/></nont><location loc="101.22--101.22"/></nont><nont label="MULDIVExpressionP"/><location loc="101.22--101.22"/></nont><nont label="ADDSUBExpressionP"/><location loc="101.22--101.22"/></nont><nont label="RelationalExpressionP"/><location loc="101.22--101.22"/></nont><nont label="ANDExpressionP"/><location loc="101.22--101.22"/></nont><nont label="ORXORExpressionP"/><location loc="101.22--101.22"/></nont><location loc="101.22--101.22"/></nont><location loc="101.21--101.22"/></nont><location loc="101.20--101.22"/></nont><term lexeme=";" token="SEMIC"><location loc="101.23--101.23"/></term><nont label="StatementsP"/><location loc="101.20--101.23"/></nont><nont label="ElseOpt"><term lexeme="else" token="ELSE"><location loc="101.25--101.28"/></term><nont label="Statements"><nont label="Statement"><nont label="Expression"><nont label="ORXORExpression"><nont label="ANDExpression"><nont label="RelationalExpression"><nont label="ADDSUBExpression"><nont label="MULDIVExpression"><nont label="PrefixExpression"><nont label="PostfixExpression"><nont label="AtomicExpression"><term lexeme="f" token="IDENTIFIER"><location loc="101.30--101.30"/></term><nont label="ArgumentsOpt"/><location loc="101.30--101.30"/></nont><nont label="PostfixExpressionP"/><location loc="101.30--101.30"/></nont><location loc="101.30--101.30"/></nont><nont label="MULDIVExpressionP"/><location loc="101.30--101.30"/></nont><nont label="ADDSUBExpressionP"/><location loc="101.30--101.30"/></nont><nont label="RelationalExpressionP"/><location loc="101.30--101.30"/></nont><nont label="ANDExpressionP"/><location loc="101.30--101.30"/></nont><nont label="ORXORExpressionP"/><location loc="101.30--101.30"/></nont><location loc="101.30--101.30"/></nont><nont label="StatementP"><term lexeme="=" token="ASSIGN"><location loc="101.31--101.31"/></term><nont label="Expression"><nont label="ORXORExpression"><nont label="ANDExpression"><nont label="RelationalExpression"><nont label="ADDSUBExpression"><nont label="MULDIVExpression"><nont label="PrefixExpression"><nont label="PostfixExpression"><nont label="AtomicExpression"><term lexeme="fibRec" token="IDENTIFIER"><location loc="101.32--101.37"/></term><nont label="ArgumentsOpt"><term lexeme="(" token="LPARENTHESIS"><location loc="101.38--101.38"/></term><nont label="ArgumentsOptP"><nont label="Arguments"><nont label="Expression"><nont label="ORXORExpression"><nont label="ANDExpression"><nont label="RelationalExpression"><nont label="ADDSUBExpression"><nont label="MULDIVExpression"><nont label="PrefixExpression"><nont label="PostfixExpression"><nont label="AtomicExpression"><term lexeme="n" token="IDENTIFIER"><location loc="101.39--101.39"/></term><nont label="ArgumentsOpt"/><location loc="101.39--101.39"/></nont><nont label="PostfixExpressionP"/><location loc="101.39--101.39"/></nont><location loc="101.39--101.39"/></nont><nont label="MULDIVExpressionP"/><location loc="101.39--101.39"/></nont><nont label="ADDSUBExpressionP"><term lexeme="-" token="SUB"><location loc="101.40--101.40"/></term><nont label="MULDIVExpression"><nont label="PrefixExpression"><nont label="PostfixExpression"><nont label="AtomicExpression"><term lexeme="1" token="INTCONST"><location loc="101.41--101.41"/></term><location loc="101.41--101.41"/></nont><nont label="PostfixExpressionP"/><location loc="101.41--101.41"/></nont><location loc="101.41--101.41"/></nont><nont label="MULDIVExpressionP"/><location loc="101.41--101.41"/></nont><nont label="ADDSUBExpressionP"/><location loc="101.40--101.41"/></nont><location loc="101.39--101.41"/></nont><nont label="RelationalExpressionP"/><location loc="101.39--101.41"/></nont><nont label="ANDExpressionP"/><location loc="101.39--101.41"/></nont><nont label="ORXORExpressionP"/><location loc="101.39--101.41"/></nont><location loc="101.39--101.41"/></nont><nont label="ArgumentsP"/><location loc="101.39--101.41"/></nont><term lexeme=")" token="RPARENTHESIS"><location loc="101.42--101.42"/></term><location loc="101.39--101.42"/></nont><location loc="101.38--101.42"/></nont><location loc="101.32--101.42"/></nont><nont label="PostfixExpressionP"/><location loc="101.32--101.42"/></nont><location loc="101.32--101.42"/></nont><nont label="MULDIVExpressionP"/><location loc="101.32--101.42"/></nont><nont label="ADDSUBExpressionP"><term lexeme="+" token="ADD"><location loc="101.43--101.43"/></term><nont label="MULDIVExpression"><nont label="PrefixExpression"><nont label="PostfixExpression"><nont label="AtomicExpression"><term lexeme="fibRec" token="IDENTIFIER"><location loc="101.44--101.49"/></term><nont label="ArgumentsOpt"><term lexeme="(" token="LPARENTHESIS"><location loc="101.50--101.50"/></term><nont label="ArgumentsOptP"><nont label="Arguments"><nont label="Expression"><nont label="ORXORExpression"><nont label="ANDExpression"><nont label="RelationalExpression"><nont label="ADDSUBExpression"><nont label="MULDIVExpression"><nont label="PrefixExpression"><nont label="PostfixExpression"><nont label="AtomicExpression"><term lexeme="n" token="IDENTIFIER"><location loc="101.51--101.51"/></term><nont label="ArgumentsOpt"/><location loc="101.51--101.51"/></nont><nont label="PostfixExpressionP"/><location loc="101.51--101.51"/></nont><location loc="101.51--101.51"/></nont><nont label="MULDIVExpressionP"/><location loc="101.51--101.51"/></nont><nont label="ADDSUBExpressionP"><term lexeme="-" token="SUB"><location loc="101.52--101.52"/></term><nont label="MULDIVExpression"><nont label="PrefixExpression"><nont label="PostfixExpression"><nont label="AtomicExpression"><term lexeme="2" token="INTCONST"><location loc="101.53--101.53"/></term><location loc="101.53--101.53"/></nont><nont label="PostfixExpressionP"/><location loc="101.53--101.53"/></nont><location loc="101.53--101.53"/></nont><nont label="MULDIVExpressionP"/><location loc="101.53--101.53"/></nont><nont label="ADDSUBExpressionP"/><location loc="101.52--101.53"/></nont><location loc="101.51--101.53"/></nont><nont label="RelationalExpressionP"/><location loc="101.51--101.53"/></nont><nont label="ANDExpressionP"/><location loc="101.51--101.53"/></nont><nont label="ORXORExpressionP"/><location loc="101.51--101.53"/></nont><location loc="101.51--101.53"/></nont><nont label="ArgumentsP"/><location loc="101.51--101.53"/></nont><term lexeme=")" token="RPARENTHESIS"><location loc="101.54--101.54"/></term><location loc="101.51--101.54"/></nont><location loc="101.50--101.54"/></nont><location loc="101.44--101.54"/></nont><nont label="PostfixExpressionP"/><location loc="101.44--101.54"/></nont><location loc="101.44--101.54"/></nont><nont label="MULDIVExpressionP"/><location loc="101.44--101.54"/></nont><nont label="ADDSUBExpressionP"/><location loc="101.43--101.54"/></nont><location loc="101.32--101.54"/></nont><nont label="RelationalExpressionP"/><location loc="101.32--101.54"/></nont><nont label="ANDExpressionP"/><location loc="101.32--101.54"/></nont><nont label="ORXORExpressionP"/><location loc="101.32--101.54"/></nont><location loc="101.32--101.54"/></nont><location loc="101.31--101.54"/></nont><location loc="101.30--101.54"/></nont><term lexeme=";" token="SEMIC"><location loc="101.55--101.55"/></term><nont label="StatementsP"/><location loc="101.30--101.55"/></nont><location loc="101.25--101.55"/></nont><term lexeme="end" token="END"><location loc="101.57--101.59"/></term><location loc="101.7--101.59"/></nont><term lexeme=";" token="SEMIC"><location loc="101.60--101.60"/></term><nont label="StatementsP"/><location loc="101.7--101.60"/></nont><term lexeme=":" token="COLON"><location loc="102.5--102.5"/></term><nont label="Expression"><nont label="ORXORExpression"><nont label="ANDExpression"><nont label="RelationalExpression"><nont label="ADDSUBExpression"><nont label="MULDIVExpression"><nont label="PrefixExpression"><nont label="PostfixExpression"><nont label="AtomicExpression"><term lexeme="f" token="IDENTIFIER"><location loc="102.7--102.7"/></term><nont label="ArgumentsOpt"/><location loc="102.7--102.7"/></nont><nont label="PostfixExpressionP"/><location loc="102.7--102.7"/></nont><location loc="102.7--102.7"/></nont><nont label="MULDIVExpressionP"/><location loc="102.7--102.7"/></nont><nont label="ADDSUBExpressionP"/><location loc="102.7--102.7"/></nont><nont label="RelationalExpressionP"/><location loc="102.7--102.7"/></nont><nont label="ANDExpressionP"/><location loc="102.7--102.7"/></nont><nont label="ORXORExpressionP"/><location loc="102.7--102.7"/></nont><location loc="102.7--102.7"/></nont><nont label="WhereOpt"><term lexeme="where" token="WHERE"><location loc="103.5--103.9"/></term><nont label="Declarations"><nont label="Declaration"><term lexeme="var" token="VAR"><location loc="104.7--104.9"/></term><term lexeme="f" token="IDENTIFIER"><location loc="104.11--104.11"/></term><term lexeme=":" token="COLON"><location loc="104.12--104.12"/></term><nont label="Type"><term lexeme="int" token="INT"><location loc="104.13--104.15"/></term><location loc="104.13--104.15"/></nont><term lexeme=";" token="SEMIC"><location loc="104.16--104.16"/></term><location loc="104.7--104.16"/></nont><nont label="DeclarationsP"/><location loc="104.7--104.16"/></nont><location loc="103.5--104.16"/></nont><term lexeme="}" token="RBRACE"><location loc="105.5--105.5"/></term><location loc="101.5--105.5"/></nont><nont label="PostfixExpressionP"/><location loc="101.5--105.5"/></nont><location loc="101.5--105.5"/></nont><nont label="MULDIVExpressionP"/><location loc="101.5--105.5"/></nont><nont label="ADDSUBExpressionP"/><location loc="101.5--105.5"/></nont><nont label="RelationalExpressionP"/><location loc="101.5--105.5"/></nont><nont label="ANDExpressionP"/><location loc="101.5--105.5"/></nont><nont label="ORXORExpressionP"/><location loc="101.5--105.5"/></nont><location loc="101.5--105.5"/></nont><location loc="101.4--105.5"/></nont><term lexeme=";" token="SEMIC"><location loc="105.6--105.6"/></term><location loc="100.1--105.6"/></nont><nont label="DeclarationsP"><nont label="Declaration"><term lexeme="fun" token="FUN"><location loc="107.1--107.3"/></term><term lexeme="combs" token="IDENTIFIER"><location loc="107.5--107.9"/></term><term lexeme="(" token="LPARENTHESIS"><location loc="107.10--107.10"/></term><nont label="ParametersOpt"><nont label="Parameters"><term lexeme="n" token="IDENTIFIER"><location loc="107.11--107.11"/></term><term lexeme=":" token="COLON"><location loc="107.12--107.12"/></term><nont label="Type"><term lexeme="int" token="INT"><location loc="107.13--107.15"/></term><location loc="107.13--107.15"/></nont><nont label="ParametersP"><term lexeme="," token="COMMA"><location loc="107.16--107.16"/></term><term lexeme="k" token="IDENTIFIER"><location loc="107.17--107.17"/></term><term lexeme=":" token="COLON"><location loc="107.18--107.18"/></term><nont label="Type"><term lexeme="int" token="INT"><location loc="107.19--107.21"/></term><location loc="107.19--107.21"/></nont><nont label="ParametersP"/><location loc="107.16--107.21"/></nont><location loc="107.11--107.21"/></nont><location loc="107.11--107.21"/></nont><term lexeme=")" token="RPARENTHESIS"><location loc="107.22--107.22"/></term><term lexeme=":" token="COLON"><location loc="107.23--107.23"/></term><nont label="Type"><term lexeme="int" token="INT"><location loc="107.24--107.26"/></term><location loc="107.24--107.26"/></nont><nont label="FunctionBodyOpt"><term lexeme="=" token="ASSIGN"><location loc="108.4--108.4"/></term><nont label="Expression"><nont label="ORXORExpression"><nont label="ANDExpression"><nont label="RelationalExpression"><nont label="ADDSUBExpression"><nont label="MULDIVExpression"><nont label="PrefixExpression"><nont label="PostfixExpression"><nont label="AtomicExpression"><term lexeme="{" token="LBRACE"><location loc="108.5--108.5"/></term><nont label="Statements"><nont label="Statement"><nont label="Expression"><nont label="ORXORExpression"><nont label="ANDExpression"><nont label="RelationalExpression"><nont label="ADDSUBExpression"><nont label="MULDIVExpression"><nont label="PrefixExpression"><nont label="PostfixExpression"><nont label="AtomicExpression"><term lexeme="i" token="IDENTIFIER"><location loc="108.7--108.7"/></term><nont label="ArgumentsOpt"/><location loc="108.7--108.7"/></nont><nont label="PostfixExpressionP"/><location loc="108.7--108.7"/></nont><location loc="108.7--108.7"/></nont><nont label="MULDIVExpressionP"/><location loc="108.7--108.7"/></nont><nont label="ADDSUBExpressionP"/><location loc="108.7--108.7"/></nont><nont label="RelationalExpressionP"/><location loc="108.7--108.7"/></nont><nont label="ANDExpressionP"/><location loc="108.7--108.7"/></nont><nont label="ORXORExpressionP"/><location loc="108.7--108.7"/></nont><location loc="108.7--108.7"/></nont><nont label="StatementP"><term lexeme="=" token="ASSIGN"><location loc="108.8--108.8"/></term><nont label="Expression"><nont label="ORXORExpression"><nont label="ANDExpression"><nont label="RelationalExpression"><nont label="ADDSUBExpression"><nont label="MULDIVExpression"><nont label="PrefixExpression"><nont label="PostfixExpression"><nont label="AtomicExpression"><term lexeme="0" token="INTCONST"><location loc="108.9--108.9"/></term><location loc="108.9--108.9"/></nont><nont label="PostfixExpressionP"/><location loc="108.9--108.9"/></nont><location loc="108.9--108.9"/></nont><nont label="MULDIVExpressionP"/><location loc="108.9--108.9"/></nont><nont label="ADDSUBExpressionP"/><location loc="108.9--108.9"/></nont><nont label="RelationalExpressionP"/><location loc="108.9--108.9"/></nont><nont label="ANDExpressionP"/><location loc="108.9--108.9"/></nont><nont label="ORXORExpressionP"/><location loc="108.9--108.9"/></nont><location loc="108.9--108.9"/></nont><location loc="108.8--108.9"/></nont><location loc="108.7--108.9"/></nont><term lexeme=";" token="SEMIC"><location loc="108.10--108.10"/></term><nont label="StatementsP"><nont label="Statement"><term lexeme="while" token="WHILE"><location loc="108.12--108.16"/></term><nont label="Expression"><nont label="ORXORExpression"><nont label="ANDExpression"><nont label="RelationalExpression"><nont label="ADDSUBExpression"><nont label="MULDIVExpression"><nont label="PrefixExpression"><nont label="PostfixExpression"><nont label="AtomicExpression"><term lexeme="i" token="IDENTIFIER"><location loc="108.18--108.18"/></term><nont label="ArgumentsOpt"/><location loc="108.18--108.18"/></nont><nont label="PostfixExpressionP"/><location loc="108.18--108.18"/></nont><location loc="108.18--108.18"/></nont><nont label="MULDIVExpressionP"/><location loc="108.18--108.18"/></nont><nont label="ADDSUBExpressionP"/><location loc="108.18--108.18"/></nont><nont label="RelationalExpressionP"><term lexeme="&lt;" token="LTH"><location loc="108.19--108.19"/></term><nont label="ADDSUBExpression"><nont label="MULDIVExpression"><nont label="PrefixExpression"><nont label="PostfixExpression"><nont label="AtomicExpression"><term lexeme="100" token="INTCONST"><location loc="108.20--108.22"/></term><location loc="108.20--108.22"/></nont><nont label="PostfixExpressionP"/><location loc="108.20--108.22"/></nont><location loc="108.20--108.22"/></nont><nont label="MULDIVExpressionP"/><location loc="108.20--108.22"/></nont><nont label="ADDSUBExpressionP"/><location loc="108.20--108.22"/></nont><location loc="108.19--108.22"/></nont><location loc="108.18--108.22"/></nont><nont label="ANDExpressionP"/><location loc="108.18--108.22"/></nont><nont label="ORXORExpressionP"/><location loc="108.18--108.22"/></nont><location loc="108.18--108.22"/></nont><term lexeme="do" token="DO"><location loc="108.24--108.25"/></term><nont label="Statements"><nont label="Statement"><nont label="Expression"><nont label="ORXORExpression"><nont label="ANDExpression"><nont label="RelationalExpression"><nont label="ADDSUBExpression"><nont label="MULDIVExpression"><nont label="PrefixExpression"><nont label="PostfixExpression"><nont label="AtomicExpression"><term lexeme="c" token="IDENTIFIER"><location loc="108.27--108.27"/></term><nont label="ArgumentsOpt"/><location loc="108.27--108.27"/></nont><nont label="PostfixExpressionP"><term lexeme="[" token="LBRACKET"><location loc="108.28--108.28"/></term><nont label="Expression"><nont label="ORXORExpression"><nont label="ANDExpression"><nont label="RelationalExpression"><nont label="ADDSUBExpression"><nont label="MULDIVExpression"><nont label="PrefixExpression"><nont label="PostfixExpression"><nont label="AtomicExpression"><term lexeme="i" token="IDENTIFIER"><location loc="108.29--108.29"/></term><nont label="ArgumentsOpt"/><location loc="108.29--108.29"/></nont><nont label="PostfixExpressionP"/><location loc="108.29--108.29"/></nont><location loc="108.29--108.29"/></nont><nont label="MULDIVExpressionP"/><location loc="108.29--108.29"/></nont><nont label="ADDSUBExpressionP"/><location loc="108.29--108.29"/></nont><nont label="RelationalExpressionP"/><location loc="108.29--108.29"/></nont><nont label="ANDExpressionP"/><location loc="108.29--108.29"/></nont><nont label="ORXORExpressionP"/><location loc="108.29--108.29"/></nont><location loc="108.29--108.29"/></nont><term lexeme="]" token="RBRACKET"><location loc="108.30--108.30"/></term><nont label="PostfixExpressionP"/><location loc="108.28--108.30"/></nont><location loc="108.27--108.30"/></nont><location loc="108.27--108.30"/></nont><nont label="MULDIVExpressionP"/><location loc="108.27--108.30"/></nont><nont label="ADDSUBExpressionP"/><location loc="108.27--108.30"/></nont><nont label="RelationalExpressionP"/><location loc="108.27--108.30"/></nont><nont label="ANDExpressionP"/><location loc="108.27--108.30"/></nont><nont label="ORXORExpressionP"/><location loc="108.27--108.30"/></nont><location loc="108.27--108.30"/></nont><nont label="StatementP"><term lexeme="=" token="ASSIGN"><location loc="108.31--108.31"/></term><nont label="Expression"><nont label="ORXORExpression"><nont label="ANDExpression"><nont label="RelationalExpression"><nont label="ADDSUBExpression"><nont label="MULDIVExpression"><nont label="PrefixExpression"><nont label="PostfixExpression"><nont label="AtomicExpression"><term lexeme="0" token="INTCONST"><location loc="108.32--108.32"/></term><location loc="108.32--108.32"/></nont><nont label="PostfixExpressionP"/><location loc="108.32--108.32"/></nont><location loc="108.32--108.32"/></nont><nont label="MULDIVExpressionP"/><location loc="108.32--108.32"/></nont><nont label="ADDSUBExpressionP"/><location loc="108.32--108.32"/></nont><nont label="RelationalExpressionP"/><location loc="108.32--108.32"/></nont><nont label="ANDExpressionP"/><location loc="108.32--108.32"/></nont><nont label="ORXORExpressionP"/><location loc="108.32--108.32"/></nont><location loc="108.32--108.32"/></nont><location loc="108.31--108.32"/></nont><location loc="108.27--108.32"/></nont><term lexeme=";" token="SEMIC"><location loc="108.33--108.33"/></term><nont label="StatementsP"><nont label="Statement"><nont label="Expression"><nont label="ORXORExpression"><nont label="ANDExpression"><nont label="RelationalExpression"><nont label="ADDSUBExpression"><nont label="MULDIVExpression"><nont label="PrefixExpression"><nont label="PostfixExpression"><nont label="AtomicExpression"><term lexeme="i" token="IDENTIFIER"><location loc="108.35--108.35"/></term><nont label="ArgumentsOpt"/><location loc="108.35--108.35"/></nont><nont label="PostfixExpressionP"/><location loc="108.35--108.35"/></nont><location loc="108.35--108.35"/></nont><nont label="MULDIVExpressionP"/><location loc="108.35--108.35"/></nont><nont label="ADDSUBExpressionP"/><location loc="108.35--108.35"/></nont><nont label="RelationalExpressionP"/><location loc="108.35--108.35"/></nont><nont label="ANDExpressionP"/><location loc="108.35--108.35"/></nont><nont label="ORXORExpressionP"/><location loc="108.35--108.35"/></nont><location loc="108.35--108.35"/></nont><nont label="StatementP"><term lexeme="=" token="ASSIGN"><location loc="108.36--108.36"/></term><nont label="Expression"><nont label="ORXORExpression"><nont label="ANDExpression"><nont label="RelationalExpression"><nont label="ADDSUBExpression"><nont label="MULDIVExpression"><nont label="PrefixExpression"><nont label="PostfixExpression"><nont label="AtomicExpression"><term lexeme="i" token="IDENTIFIER"><location loc="108.37--108.37"/></term><nont label="ArgumentsOpt"/><location loc="108.37--108.37"/></nont><nont label="PostfixExpressionP"/><location loc="108.37--108.37"/></nont><location loc="108.37--108.37"/></nont><nont label="MULDIVExpressionP"/><location loc="108.37--108.37"/></nont><nont label="ADDSUBExpressionP"><term lexeme="+" token="ADD"><location loc="108.38--108.38"/></term><nont label="MULDIVExpression"><nont label="PrefixExpression"><nont label="PostfixExpression"><nont label="AtomicExpression"><term lexeme="1" token="INTCONST"><location loc="108.39--108.39"/></term><location loc="108.39--108.39"/></nont><nont label="PostfixExpressionP"/><location loc="108.39--108.39"/></nont><location loc="108.39--108.39"/></nont><nont label="MULDIVExpressionP"/><location loc="108.39--108.39"/></nont><nont label="ADDSUBExpressionP"/><location loc="108.38--108.39"/></nont><location loc="108.37--108.39"/></nont><nont label="RelationalExpressionP"/><location loc="108.37--108.39"/></nont><nont label="ANDExpressionP"/><location loc="108.37--108.39"/></nont><nont label="ORXORExpressionP"/><location loc="108.37--108.39"/></nont><location loc="108.37--108.39"/></nont><location loc="108.36--108.39"/></nont><location loc="108.35--108.39"/></nont><term lexeme=";" token="SEMIC"><location loc="108.40--108.40"/></term><nont label="StatementsP"/><location loc="108.35--108.40"/></nont><location loc="108.27--108.40"/></nont><term lexeme="end" token="END"><location loc="108.42--108.44"/></term><location loc="108.12--108.44"/></nont><term lexeme=";" token="SEMIC"><location loc="108.45--108.45"/></term><nont label="StatementsP"><nont label="Statement"><nont label="Expression"><nont label="ORXORExpression"><nont label="ANDExpression"><nont label="RelationalExpression"><nont label="ADDSUBExpression"><nont label="MULDIVExpression"><nont label="PrefixExpression"><nont label="PostfixExpression"><nont label="AtomicExpression"><term lexeme="gen" token="IDENTIFIER"><location loc="109.7--109.9"/></term><nont label="ArgumentsOpt"><term lexeme="(" token="LPARENTHESIS"><location loc="109.10--109.10"/></term><nont label="ArgumentsOptP"><nont label="Arguments"><nont label="Expression"><nont label="ORXORExpression"><nont label="ANDExpression"><nont label="RelationalExpression"><nont label="ADDSUBExpression"><nont label="MULDIVExpression"><nont label="PrefixExpression"><nont label="PostfixExpression"><nont label="AtomicExpression"><term lexeme="0" token="INTCONST"><location loc="109.11--109.11"/></term><location loc="109.11--109.11"/></nont><nont label="PostfixExpressionP"/><location loc="109.11--109.11"/></nont><location loc="109.11--109.11"/></nont><nont label="MULDIVExpressionP"/><location loc="109.11--109.11"/></nont><nont label="ADDSUBExpressionP"/><location loc="109.11--109.11"/></nont><nont label="RelationalExpressionP"/><location loc="109.11--109.11"/></nont><nont label="ANDExpressionP"/><location loc="109.11--109.11"/></nont><nont label="ORXORExpressionP"/><location loc="109.11--109.11"/></nont><location loc="109.11--109.11"/></nont><nont label="ArgumentsP"/><location loc="109.11--109.11"/></nont><term lexeme=")" token="RPARENTHESIS"><location loc="109.12--109.12"/></term><location loc="109.11--109.12"/></nont><location loc="109.10--109.12"/></nont><location loc="109.7--109.12"/></nont><nont label="PostfixExpressionP"/><location loc="109.7--109.12"/></nont><location loc="109.7--109.12"/></nont><nont label="MULDIVExpressionP"/><location loc="109.7--109.12"/></nont><nont label="ADDSUBExpressionP"/><location loc="109.7--109.12"/></nont><nont label="RelationalExpressionP"/><location loc="109.7--109.12"/></nont><nont label="ANDExpressionP"/><location loc="109.7--109.12"/></nont><nont label="ORXORExpressionP"/><location loc="109.7--109.12"/></nont><location loc="109.7--109.12"/></nont><nont label="StatementP"/><location loc="109.7--109.12"/></nont><term lexeme=";" token="SEMIC"><location loc="109.13--109.13"/></term><nont label="StatementsP"/><location loc="109.7--109.13"/></nont><location loc="108.12--109.13"/></nont><location loc="108.7--109.13"/></nont><term lexeme=":" token="COLON"><location loc="110.5--110.5"/></term><nont label="Expression"><nont label="ORXORExpression"><nont label="ANDExpression"><nont label="RelationalExpression"><nont label="ADDSUBExpression"><nont label="MULDIVExpression"><nont label="PrefixExpression"><nont label="PostfixExpression"><nont label="AtomicExpression"><term lexeme="0" token="INTCONST"><location loc="110.7--110.7"/></term><location loc="110.7--110.7"/></nont><nont label="PostfixExpressionP"/><location loc="110.7--110.7"/></nont><location loc="110.7--110.7"/></nont><nont label="MULDIVExpressionP"/><location loc="110.7--110.7"/></nont><nont label="ADDSUBExpressionP"/><location loc="110.7--110.7"/></nont><nont label="RelationalExpressionP"/><location loc="110.7--110.7"/></nont><nont label="ANDExpressionP"/><location loc="110.7--110.7"/></nont><nont label="ORXORExpressionP"/><location loc="110.7--110.7"/></nont><location loc="110.7--110.7"/></nont><nont label="WhereOpt"><term lexeme="where" token="WHERE"><location loc="111.5--111.9"/></term><nont label="Declarations"><nont label="Declaration"><term lexeme="var" token="VAR"><location loc="112.7--112.9"/></term><term lexeme="c" token="IDENTIFIER"><location loc="112.11--112.11"/></term><term lexeme=":" token="COLON"><location loc="112.12--112.12"/></term><nont label="Type"><term lexeme="arr" token="ARR"><location loc="112.13--112.15"/></term><term lexeme="[" token="LBRACKET"><location loc="112.16--112.16"/></term><nont label="Expression"><nont label="ORXORExpression"><nont label="ANDExpression"><nont label="RelationalExpression"><nont label="ADDSUBExpression"><nont label="MULDIVExpression"><nont label="PrefixExpression"><nont label="PostfixExpression"><nont label="AtomicExpression"><term lexeme="100" token="INTCONST"><location loc="112.17--112.19"/></term><location loc="112.17--112.19"/></nont><nont label="PostfixExpressionP"/><location loc="112.17--112.19"/></nont><location loc="112.17--112.19"/></nont><nont label="MULDIVExpressionP"/><location loc="112.17--112.19"/></nont><nont label="ADDSUBExpressionP"/><location loc="112.17--112.19"/></nont><nont label="RelationalExpressionP"/><location loc="112.17--112.19"/></nont><nont label="ANDExpressionP"/><location loc="112.17--112.19"/></nont><nont label="ORXORExpressionP"/><location loc="112.17--112.19"/></nont><location loc="112.17--112.19"/></nont><term lexeme="]" token="RBRACKET"><location loc="112.20--112.20"/></term><nont label="Type"><term lexeme="int" token="INT"><location loc="112.21--112.23"/></term><location loc="112.21--112.23"/></nont><location loc="112.13--112.23"/></nont><term lexeme=";" token="SEMIC"><location loc="112.24--112.24"/></term><location loc="112.7--112.24"/></nont><nont label="DeclarationsP"><nont label="Declaration"><term lexeme="var" token="VAR"><location loc="113.7--113.9"/></term><term lexeme="i" token="IDENTIFIER"><location loc="113.11--113.11"/></term><term lexeme=":" token="COLON"><location loc="113.12--113.12"/></term><nont label="Type"><term lexeme="int" token="INT"><location loc="113.13--113.15"/></term><location loc="113.13--113.15"/></nont><term lexeme=";" token="SEMIC"><location loc="113.16--113.16"/></term><location loc="113.7--113.16"/></nont><nont label="DeclarationsP"><nont label="Declaration"><term lexeme="fun" token="FUN"><location loc="114.7--114.9"/></term><term lexeme="gen" token="IDENTIFIER"><location loc="114.11--114.13"/></term><term lexeme="(" token="LPARENTHESIS"><location loc="114.14--114.14"/></term><nont label="ParametersOpt"><nont label="Parameters"><term lexeme="i" token="IDENTIFIER"><location loc="114.15--114.15"/></term><term lexeme=":" token="COLON"><location loc="114.16--114.16"/></term><nont label="Type"><term lexeme="int" token="INT"><location loc="114.17--114.19"/></term><location loc="114.17--114.19"/></nont><nont label="ParametersP"/><location loc="114.15--114.19"/></nont><location loc="114.15--114.19"/></nont><term lexeme=")" token="RPARENTHESIS"><location loc="114.20--114.20"/></term><term lexeme=":" token="COLON"><location loc="114.21--114.21"/></term><nont label="Type"><term lexeme="int" token="INT"><location loc="114.22--114.24"/></term><location loc="114.22--114.24"/></nont><nont label="FunctionBodyOpt"><term lexeme="=" token="ASSIGN"><location loc="115.8--115.8"/></term><nont label="Expression"><nont label="ORXORExpression"><nont label="ANDExpression"><nont label="RelationalExpression"><nont label="ADDSUBExpression"><nont label="MULDIVExpression"><nont label="PrefixExpression"><nont label="PostfixExpression"><nont label="AtomicExpression"><term lexeme="{" token="LBRACE"><location loc="115.9--115.9"/></term><nont label="Statements"><nont label="Statement"><term lexeme="if" token="IF"><location loc="115.11--115.12"/></term><nont label="Expression"><nont label="ORXORExpression"><nont label="ANDExpression"><nont label="RelationalExpression"><nont label="ADDSUBExpression"><nont label="MULDIVExpression"><nont label="PrefixExpression"><nont label="PostfixExpression"><nont label="AtomicExpression"><term lexeme="i" token="IDENTIFIER"><location loc="115.14--115.14"/></term><nont label="ArgumentsOpt"/><location loc="115.14--115.14"/></nont><nont label="PostfixExpressionP"/><location loc="115.14--115.14"/></nont><location loc="115.14--115.14"/></nont><nont label="MULDIVExpressionP"/><location loc="115.14--115.14"/></nont><nont label="ADDSUBExpressionP"/><location loc="115.14--115.14"/></nont><nont label="RelationalExpressionP"><term lexeme="==" token="EQU"><location loc="115.15--115.16"/></term><nont label="ADDSUBExpression"><nont label="MULDIVExpression"><nont label="PrefixExpression"><nont label="PostfixExpression"><nont label="AtomicExpression"><term lexeme="n" token="IDENTIFIER"><location loc="115.17--115.17"/></term><nont label="ArgumentsOpt"/><location loc="115.17--115.17"/></nont><nont label="PostfixExpressionP"/><location loc="115.17--115.17"/></nont><location loc="115.17--115.17"/></nont><nont label="MULDIVExpressionP"/><location loc="115.17--115.17"/></nont><nont label="ADDSUBExpressionP"/><location loc="115.17--115.17"/></nont><location loc="115.15--115.17"/></nont><location loc="115.14--115.17"/></nont><nont label="ANDExpressionP"/><location loc="115.14--115.17"/></nont><nont label="ORXORExpressionP"/><location loc="115.14--115.17"/></nont><location loc="115.14--115.17"/></nont><term lexeme="then" token="THEN"><location loc="115.19--115.22"/></term><nont label="Statements"><nont label="Statement"><nont label="Expression"><nont label="ORXORExpression"><nont label="ANDExpression"><nont label="RelationalExpression"><nont label="ADDSUBExpression"><nont label="MULDIVExpression"><nont label="PrefixExpression"><nont label="PostfixExpression"><nont label="AtomicExpression"><term lexeme="j" token="IDENTIFIER"><location loc="116.13--116.13"/></term><nont label="ArgumentsOpt"/><location loc="116.13--116.13"/></nont><nont label="PostfixExpressionP"/><location loc="116.13--116.13"/></nont><location loc="116.13--116.13"/></nont><nont label="MULDIVExpressionP"/><location loc="116.13--116.13"/></nont><nont label="ADDSUBExpressionP"/><location loc="116.13--116.13"/></nont><nont label="RelationalExpressionP"/><location loc="116.13--116.13"/></nont><nont label="ANDExpressionP"/><location loc="116.13--116.13"/></nont><nont label="ORXORExpressionP"/><location loc="116.13--116.13"/></nont><location loc="116.13--116.13"/></nont><nont label="StatementP"><term lexeme="=" token="ASSIGN"><location loc="116.14--116.14"/></term><nont label="Expression"><nont label="ORXORExpression"><nont label="ANDExpression"><nont label="RelationalExpression"><nont label="ADDSUBExpression"><nont label="MULDIVExpression"><nont label="PrefixExpression"><nont label="PostfixExpression"><nont label="AtomicExpression"><term lexeme="0" token="INTCONST"><location loc="116.15--116.15"/></term><location loc="116.15--116.15"/></nont><nont label="PostfixExpressionP"/><location loc="116.15--116.15"/></nont><location loc="116.15--116.15"/></nont><nont label="MULDIVExpressionP"/><location loc="116.15--116.15"/></nont><nont label="ADDSUBExpressionP"/><location loc="116.15--116.15"/></nont><nont label="RelationalExpressionP"/><location loc="116.15--116.15"/></nont><nont label="ANDExpressionP"/><location loc="116.15--116.15"/></nont><nont label="ORXORExpressionP"/><location loc="116.15--116.15"/></nont><location loc="116.15--116.15"/></nont><location loc="116.14--116.15"/></nont><location loc="116.13--116.15"/></nont><term lexeme=";" token="SEMIC"><location loc="116.16--116.16"/></term><nont label="StatementsP"><nont label="Statement"><term lexeme="while" token="WHILE"><location loc="117.13--117.17"/></term><nont label="Expression"><nont label="ORXORExpression"><nont label="ANDExpression"><nont label="RelationalExpression"><nont label="ADDSUBExpression"><nont label="MULDIVExpression"><nont label="PrefixExpression"><nont label="PostfixExpression"><nont label="AtomicExpression"><term lexeme="j" token="IDENTIFIER"><location loc="117.19--117.19"/></term><nont label="ArgumentsOpt"/><location loc="117.19--117.19"/></nont><nont label="PostfixExpressionP"/><location loc="117.19--117.19"/></nont><location loc="117.19--117.19"/></nont><nont label="MULDIVExpressionP"/><location loc="117.19--117.19"/></nont><nont label="ADDSUBExpressionP"/><location loc="117.19--117.19"/></nont><nont label="RelationalExpressionP"><term lexeme="&lt;" token="LTH"><location loc="117.20--117.20"/></term><nont label="ADDSUBExpression"><nont label="MULDIVExpression"><nont label="PrefixExpression"><nont label="PostfixExpression"><nont label="AtomicExpression"><term lexeme="n" token="IDENTIFIER"><location loc="117.21--117.21"/></term><nont label="ArgumentsOpt"/><location loc="117.21--117.21"/></nont><nont label="PostfixExpressionP"/><location loc="117.21--117.21"/></nont><location loc="117.21--117.21"/></nont><nont label="MULDIVExpressionP"/><location loc="117.21--117.21"/></nont><nont label="ADDSUBExpressionP"/><location loc="117.21--117.21"/></nont><location loc="117.20--117.21"/></nont><location loc="117.19--117.21"/></nont><nont label="ANDExpressionP"/><location loc="117.19--117.21"/></nont><nont label="ORXORExpressionP"/><location loc="117.19--117.21"/></nont><location loc="117.19--117.21"/></nont><term lexeme="do" token="DO"><location loc="117.23--117.24"/></term><nont label="Statements"><nont label="Statement"><nont label="Expression"><nont label="ORXORExpression"><nont label="ANDExpression"><nont label="RelationalExpression"><nont label="ADDSUBExpression"><nont label="MULDIVExpression"><nont label="PrefixExpression"><nont label="PostfixExpression"><nont label="AtomicExpression"><term lexeme="putInt" token="IDENTIFIER"><location loc="118.15--118.20"/></term><nont label="ArgumentsOpt"><term lexeme="(" token="LPARENTHESIS"><location loc="118.21--118.21"/></term><nont label="ArgumentsOptP"><nont label="Arguments"><nont label="Expression"><nont label="ORXORExpression"><nont label="ANDExpression"><nont label="RelationalExpression"><nont label="ADDSUBExpression"><nont label="MULDIVExpression"><nont label="PrefixExpression"><nont label="PostfixExpression"><nont label="AtomicExpression"><term lexeme="c" token="IDENTIFIER"><location loc="118.22--118.22"/></term><nont label="ArgumentsOpt"/><location loc="118.22--118.22"/></nont><nont label="PostfixExpressionP"><term lexeme="[" token="LBRACKET"><location loc="118.23--118.23"/></term><nont label="Expression"><nont label="ORXORExpression"><nont label="ANDExpression"><nont label="RelationalExpression"><nont label="ADDSUBExpression"><nont label="MULDIVExpression"><nont label="PrefixExpression"><nont label="PostfixExpression"><nont label="AtomicExpression"><term lexeme="j" token="IDENTIFIER"><location loc="118.24--118.24"/></term><nont label="ArgumentsOpt"/><location loc="118.24--118.24"/></nont><nont label="PostfixExpressionP"/><location loc="118.24--118.24"/></nont><location loc="118.24--118.24"/></nont><nont label="MULDIVExpressionP"/><location loc="118.24--118.24"/></nont><nont label="ADDSUBExpressionP"/><location loc="118.24--118.24"/></nont><nont label="RelationalExpressionP"/><location loc="118.24--118.24"/></nont><nont label="ANDExpressionP"/><location loc="118.24--118.24"/></nont><nont label="ORXORExpressionP"/><location loc="118.24--118.24"/></nont><location loc="118.24--118.24"/></nont><term lexeme="]" token="RBRACKET"><location loc="118.25--118.25"/></term><nont label="PostfixExpressionP"/><location loc="118.23--118.25"/></nont><location loc="118.22--118.25"/></nont><location loc="118.22--118.25"/></nont><nont label="MULDIVExpressionP"/><location loc="118.22--118.25"/></nont><nont label="ADDSUBExpressionP"/><location loc="118.22--118.25"/></nont><nont label="RelationalExpressionP"/><location loc="118.22--118.25"/></nont><nont label="ANDExpressionP"/><location loc="118.22--118.25"/></nont><nont label="ORXORExpressionP"/><location loc="118.22--118.25"/></nont><location loc="118.22--118.25"/></nont><nont label="ArgumentsP"/><location loc="118.22--118.25"/></nont><term lexeme=")" token="RPARENTHESIS"><location loc="118.26--118.26"/></term><location loc="118.22--118.26"/></nont><location loc="118.21--118.26"/></nont><location loc="118.15--118.26"/></nont><nont label="PostfixExpressionP"/><location loc="118.15--118.26"/></nont><location loc="118.15--118.26"/></nont><nont label="MULDIVExpressionP"/><location loc="118.15--118.26"/></nont><nont label="ADDSUBExpressionP"/><location loc="118.15--118.26"/></nont><nont label="RelationalExpressionP"/><location loc="118.15--118.26"/></nont><nont label="ANDExpressionP"/><location loc="118.15--118.26"/></nont><nont label="ORXORExpressionP"/><location loc="118.15--118.26"/></nont><location loc="118.15--118.26"/></nont><nont label="StatementP"/><location loc="118.15--118.26"/></nont><term lexeme=";" token="SEMIC"><location loc="118.27--118.27"/></term><nont label="StatementsP"><nont label="Statement"><nont label="Expression"><nont label="ORXORExpression"><nont label="ANDExpression"><nont label="RelationalExpression"><nont label="ADDSUBExpression"><nont label="MULDIVExpression"><nont label="PrefixExpression"><nont label="PostfixExpression"><nont label="AtomicExpression"><term lexeme="putChar" token="IDENTIFIER"><location loc="119.15--119.21"/></term><nont label="ArgumentsOpt"><term lexeme="(" token="LPARENTHESIS"><location loc="119.22--119.22"/></term><nont label="ArgumentsOptP"><nont label="Arguments"><nont label="Expression"><nont label="ORXORExpression"><nont label="ANDExpression"><nont label="RelationalExpression"><nont label="ADDSUBExpression"><nont label="MULDIVExpression"><nont label="PrefixExpression"><nont label="PostfixExpression"><nont label="AtomicExpression"><term lexeme="' '" token="CHARCONST"><location loc="119.23--119.25"/></term><location loc="119.23--119.25"/></nont><nont label="PostfixExpressionP"/><location loc="119.23--119.25"/></nont><location loc="119.23--119.25"/></nont><nont label="MULDIVExpressionP"/><location loc="119.23--119.25"/></nont><nont label="ADDSUBExpressionP"/><location loc="119.23--119.25"/></nont><nont label="RelationalExpressionP"/><location loc="119.23--119.25"/></nont><nont label="ANDExpressionP"/><location loc="119.23--119.25"/></nont><nont label="ORXORExpressionP"/><location loc="119.23--119.25"/></nont><location loc="119.23--119.25"/></nont><nont label="ArgumentsP"/><location loc="119.23--119.25"/></nont><term lexeme=")" token="RPARENTHESIS"><location loc="119.26--119.26"/></term><location loc="119.23--119.26"/></nont><location loc="119.22--119.26"/></nont><location loc="119.15--119.26"/></nont><nont label="PostfixExpressionP"/><location loc="119.15--119.26"/></nont><location loc="119.15--119.26"/></nont><nont label="MULDIVExpressionP"/><location loc="119.15--119.26"/></nont><nont label="ADDSUBExpressionP"/><location loc="119.15--119.26"/></nont><nont label="RelationalExpressionP"/><location loc="119.15--119.26"/></nont><nont label="ANDExpressionP"/><location loc="119.15--119.26"/></nont><nont label="ORXORExpressionP"/><location loc="119.15--119.26"/></nont><location loc="119.15--119.26"/></nont><nont label="StatementP"/><location loc="119.15--119.26"/></nont><term lexeme=";" token="SEMIC"><location loc="119.27--119.27"/></term><nont label="StatementsP"><nont label="Statement"><nont label="Expression"><nont label="ORXORExpression"><nont label="ANDExpression"><nont label="RelationalExpression"><nont label="ADDSUBExpression"><nont label="MULDIVExpression"><nont label="PrefixExpression"><nont label="PostfixExpression"><nont label="AtomicExpression"><term lexeme="j" token="IDENTIFIER"><location loc="120.15--120.15"/></term><nont label="ArgumentsOpt"/><location loc="120.15--120.15"/></nont><nont label="PostfixExpressionP"/><location loc="120.15--120.15"/></nont><location loc="120.15--120.15"/></nont><nont label="MULDIVExpressionP"/><location loc="120.15--120.15"/></nont><nont label="ADDSUBExpressionP"/><location loc="120.15--120.15"/></nont><nont label="RelationalExpressionP"/><location loc="120.15--120.15"/></nont><nont label="ANDExpressionP"/><location loc="120.15--120.15"/></nont><nont label="ORXORExpressionP"/><location loc="120.15--120.15"/></nont><location loc="120.15--120.15"/></nont><nont label="StatementP"><term lexeme="=" token="ASSIGN"><location loc="120.16--120.16"/></term><nont label="Expression"><nont label="ORXORExpression"><nont label="ANDExpression"><nont label="RelationalExpression"><nont label="ADDSUBExpression"><nont label="MULDIVExpression"><nont label="PrefixExpression"><nont label="PostfixExpression"><nont label="AtomicExpression"><term lexeme="j" token="IDENTIFIER"><location loc="120.17--120.17"/></term><nont label="ArgumentsOpt"/><location loc="120.17--120.17"/></nont><nont label="PostfixExpressionP"/><location loc="120.17--120.17"/></nont><location loc="120.17--120.17"/></nont><nont label="MULDIVExpressionP"/><location loc="120.17--120.17"/></nont><nont label="ADDSUBExpressionP"><term lexeme="+" token="ADD"><location loc="120.18--120.18"/></term><nont label="MULDIVExpression"><nont label="PrefixExpression"><nont label="PostfixExpression"><nont label="AtomicExpression"><term lexeme="1" token="INTCONST"><location loc="120.19--120.19"/></term><location loc="120.19--120.19"/></nont><nont label="PostfixExpressionP"/><location loc="120.19--120.19"/></nont><location loc="120.19--120.19"/></nont><nont label="MULDIVExpressionP"/><location loc="120.19--120.19"/></nont><nont label="ADDSUBExpressionP"/><location loc="120.18--120.19"/></nont><location loc="120.17--120.19"/></nont><nont label="RelationalExpressionP"/><location loc="120.17--120.19"/></nont><nont label="ANDExpressionP"/><location loc="120.17--120.19"/></nont><nont label="ORXORExpressionP"/><location loc="120.17--120.19"/></nont><location loc="120.17--120.19"/></nont><location loc="120.16--120.19"/></nont><location loc="120.15--120.19"/></nont><term lexeme=";" token="SEMIC"><location loc="120.20--120.20"/></term><nont label="StatementsP"/><location loc="120.15--120.20"/></nont><location loc="119.15--120.20"/></nont><location loc="118.15--120.20"/></nont><term lexeme="end" token="END"><location loc="121.13--121.15"/></term><location loc="117.13--121.15"/></nont><term lexeme=";" token="SEMIC"><location loc="121.16--121.16"/></term><nont label="StatementsP"><nont label="Statement"><nont label="Expression"><nont label="ORXORExpression"><nont label="ANDExpression"><nont label="RelationalExpression"><nont label="ADDSUBExpression"><nont label="MULDIVExpression"><nont label="PrefixExpression"><nont label="PostfixExpression"><nont label="AtomicExpression"><term lexeme="putChar" token="IDENTIFIER"><location loc="122.13--122.19"/></term><nont label="ArgumentsOpt"><term lexeme="(" token="LPARENTHESIS"><location loc="122.20--122.20"/></term><nont label="ArgumentsOptP"><nont label="Arguments"><nont label="Expression"><nont label="ORXORExpression"><nont label="ANDExpression"><nont label="RelationalExpression"><nont label="ADDSUBExpression"><nont label="MULDIVExpression"><nont label="PrefixExpression"><nont label="PostfixExpression"><term lexeme="(" token="LPARENTHESIS"><location loc="122.21--122.21"/></term><nont label="Expression"><nont label="ORXORExpression"><nont label="ANDExpression"><nont label="RelationalExpression"><nont label="ADDSUBExpression"><nont label="MULDIVExpression"><nont label="PrefixExpression"><nont label="PostfixExpression"><nont label="AtomicExpression"><term lexeme="10" token="INTCONST"><location loc="122.22--122.23"/></term><location loc="122.22--122.23"/></nont><nont label="PostfixExpressionP"/><location loc="122.22--122.23"/></nont><location loc="122.22--122.23"/></nont><nont label="MULDIVExpressionP"/><location loc="122.22--122.23"/></nont><nont label="ADDSUBExpressionP"/><location loc="122.22--122.23"/></nont><nont label="RelationalExpressionP"/><location loc="122.22--122.23"/></nont><nont label="ANDExpressionP"/><location loc="122.22--122.23"/></nont><nont label="ORXORExpressionP"/><location loc="122.22--122.23"/></nont><location loc="122.22--122.23"/></nont><nont label="PostfixExpressionPP"><term lexeme=":" token="COLON"><location loc="122.24--122.24"/></term><nont label="Type"><term lexeme="char" token="CHAR"><location loc="122.25--122.28"/></term><location loc="122.25--122.28"/></nont><term lexeme=")" token="RPARENTHESIS"><location loc="122.29--122.29"/></term><nont label="PostfixExpressionP"/><location loc="122.24--122.29"/></nont><location loc="122.21--122.29"/></nont><location loc="122.21--122.29"/></nont><nont label="MULDIVExpressionP"/><location loc="122.21--122.29"/></nont><nont label="ADDSUBExpressionP"/><location loc="122.21--122.29"/></nont><nont label="RelationalExpressionP"/><location loc="122.21--122.29"/></nont><nont label="ANDExpressionP"/><location loc="122.21--122.29"/></nont><nont label="ORXORExpressionP"/><location loc="122.21--122.29"/></nont><location loc="122.21--122.29"/></nont><nont label="ArgumentsP"/><location loc="122.21--122.29"/></nont><term lexeme=")" token="RPARENTHESIS"><location loc="122.30--122.30"/></term><location loc="122.21--122.30"/></nont><location loc="122.20--122.30"/></nont><location loc="122.13--122.30"/></nont><nont label="PostfixExpressionP"/><location loc="122.13--122.30"/></nont><location loc="122.13--122.30"/></nont><nont label="MULDIVExpressionP"/><location loc="122.13--122.30"/></nont><nont label="ADDSUBExpressionP"/><location loc="122.13--122.30"/></nont><nont label="RelationalExpressionP"/><location loc="122.13--122.30"/></nont><nont label="ANDExpressionP"/><location loc="122.13--122.30"/></nont><nont label="ORXORExpressionP"/><location loc="122.13--122.30"/></nont><location loc="122.13--122.30"/></nont><nont label="StatementP"/><location loc="122.13--122.30"/></nont><term lexeme=";" token="SEMIC"><location loc="122.31--122.31"/></term><nont label="StatementsP"/><location loc="122.13--122.31"/></nont><location loc="117.13--122.31"/></nont><location loc="116.13--122.31"/></nont><nont label="ElseOpt"><term lexeme="else" token="ELSE"><location loc="123.11--123.14"/></term><nont label="Statements"><nont label="Statement"><nont label="Expression"><nont label="ORXORExpression"><nont label="ANDExpression"><nont label="RelationalExpression"><nont label="ADDSUBExpression"><nont label="MULDIVExpression"><nont label="PrefixExpression"><nont label="PostfixExpression"><nont label="AtomicExpression"><term lexeme="j" token="IDENTIFIER"><location loc="124.13--124.13"/></term><nont label="ArgumentsOpt"/><location loc="124.13--124.13"/></nont><nont label="PostfixExpressionP"/><location loc="124.13--124.13"/></nont><location loc="124.13--124.13"/></nont><nont label="MULDIVExpressionP"/><location loc="124.13--124.13"/></nont><nont label="ADDSUBExpressionP"/><location loc="124.13--124.13"/></nont><nont label="RelationalExpressionP"/><location loc="124.13--124.13"/></nont><nont label="ANDExpressionP"/><location loc="124.13--124.13"/></nont><nont label="ORXORExpressionP"/><location loc="124.13--124.13"/></nont><location loc="124.13--124.13"/></nont><nont label="StatementP"><term lexeme="=" token="ASSIGN"><location loc="124.14--124.14"/></term><nont label="Expression"><nont label="ORXORExpression"><nont label="ANDExpression"><nont label="RelationalExpression"><nont label="ADDSUBExpression"><nont label="MULDIVExpression"><nont label="PrefixExpression"><nont label="PostfixExpression"><nont label="AtomicExpression"><term lexeme="1" token="INTCONST"><location loc="124.15--124.15"/></term><location loc="124.15--124.15"/></nont><nont label="PostfixExpressionP"/><location loc="124.15--124.15"/></nont><location loc="124.15--124.15"/></nont><nont label="MULDIVExpressionP"/><location loc="124.15--124.15"/></nont><nont label="ADDSUBExpressionP"/><location loc="124.15--124.15"/></nont><nont label="RelationalExpressionP"/><location loc="124.15--124.15"/></nont><nont label="ANDExpressionP"/><location loc="124.15--124.15"/></nont><nont label="ORXORExpressionP"/><location loc="124.15--124.15"/></nont><location loc="124.15--124.15"/></nont><location loc="124.14--124.15"/></nont><location loc="124.13--124.15"/></nont><term lexeme=";" token="SEMIC"><location loc="124.16--124.16"/></term><nont label="StatementsP"><nont label="Statement"><term lexeme="while" token="WHILE"><location loc="125.13--125.17"/></term><nont label="Expression"><nont label="ORXORExpression"><nont label="ANDExpression"><nont label="RelationalExpression"><nont label="ADDSUBExpression"><nont label="MULDIVExpression"><nont label="PrefixExpression"><nont label="PostfixExpression"><nont label="AtomicExpression"><term lexeme="j" token="IDENTIFIER"><location loc="125.19--125.19"/></term><nont label="ArgumentsOpt"/><location loc="125.19--125.19"/></nont><nont label="PostfixExpressionP"/><location loc="125.19--125.19"/></nont><location loc="125.19--125.19"/></nont><nont label="MULDIVExpressionP"/><location loc="125.19--125.19"/></nont><nont label="ADDSUBExpressionP"/><location loc="125.19--125.19"/></nont><nont label="RelationalExpressionP"><term lexeme="&lt;=" token="LEQ"><location loc="125.20--125.21"/></term><nont label="ADDSUBExpression"><nont label="MULDIVExpression"><nont label="PrefixExpression"><nont label="PostfixExpression"><nont label="AtomicExpression"><term lexeme="k" token="IDENTIFIER"><location loc="125.22--125.22"/></term><nont label="ArgumentsOpt"/><location loc="125.22--125.22"/></nont><nont label="PostfixExpressionP"/><location loc="125.22--125.22"/></nont><location loc="125.22--125.22"/></nont><nont label="MULDIVExpressionP"/><location loc="125.22--125.22"/></nont><nont label="ADDSUBExpressionP"/><location loc="125.22--125.22"/></nont><location loc="125.20--125.22"/></nont><location loc="125.19--125.22"/></nont><nont label="ANDExpressionP"/><location loc="125.19--125.22"/></nont><nont label="ORXORExpressionP"/><location loc="125.19--125.22"/></nont><location loc="125.19--125.22"/></nont><term lexeme="do" token="DO"><location loc="125.24--125.25"/></term><nont label="Statements"><nont label="Statement"><nont label="Expression"><nont label="ORXORExpression"><nont label="ANDExpression"><nont label="RelationalExpression"><nont label="ADDSUBExpression"><nont label="MULDIVExpression"><nont label="PrefixExpression"><nont label="PostfixExpression"><nont label="AtomicExpression"><term lexeme="c" token="IDENTIFIER"><location loc="126.15--126.15"/></term><nont label="ArgumentsOpt"/><location loc="126.15--126.15"/></nont><nont label="PostfixExpressionP"><term lexeme="[" token="LBRACKET"><location loc="126.16--126.16"/></term><nont label="Expression"><nont label="ORXORExpression"><nont label="ANDExpression"><nont label="RelationalExpression"><nont label="ADDSUBExpression"><nont label="MULDIVExpression"><nont label="PrefixExpression"><nont label="PostfixExpression"><nont label="AtomicExpression"><term lexeme="i" token="IDENTIFIER"><location loc="126.17--126.17"/></term><nont label="ArgumentsOpt"/><location loc="126.17--126.17"/></nont><nont label="PostfixExpressionP"/><location loc="126.17--126.17"/></nont><location loc="126.17--126.17"/></nont><nont label="MULDIVExpressionP"/><location loc="126.17--126.17"/></nont><nont label="ADDSUBExpressionP"/><location loc="126.17--126.17"/></nont><nont label="RelationalExpressionP"/><location loc="126.17--126.17"/></nont><nont label="ANDExpressionP"/><location loc="126.17--126.17"/></nont><nont label="ORXORExpressionP"/><location loc="126.17--126.17"/></nont><location loc="126.17--126.17"/></nont><term lexeme="]" token="RBRACKET"><location loc="126.18--126.18"/></term><nont label="PostfixExpressionP"/><location loc="126.16--126.18"/></nont><location loc="126.15--126.18"/></nont><location loc="126.15--126.18"/></nont><nont label="MULDIVExpressionP"/><location loc="126.15--126.18"/></nont><nont label="ADDSUBExpressionP"/><location loc="126.15--126.18"/></nont><nont label="RelationalExpressionP"/><location loc="126.15--126.18"/></nont><nont label="ANDExpressionP"/><location loc="126.15--126.18"/></nont><nont label="ORXORExpressionP"/><location loc="126.15--126.18"/></nont><location loc="126.15--126.18"/></nont><nont label="StatementP"><term lexeme="=" token="ASSIGN"><location loc="126.21--126.21"/></term><nont label="Expression"><nont label="ORXORExpression"><nont label="ANDExpression"><nont label="RelationalExpression"><nont label="ADDSUBExpression"><nont label="MULDIVExpression"><nont label="PrefixExpression"><nont label="PostfixExpression"><nont label="AtomicExpression"><term lexeme="j" token="IDENTIFIER"><location loc="126.22--126.22"/></term><nont label="ArgumentsOpt"/><location loc="126.22--126.22"/></nont><nont label="PostfixExpressionP"/><location loc="126.22--126.22"/></nont><location loc="126.22--126.22"/></nont><nont label="MULDIVExpressionP"/><location loc="126.22--126.22"/></nont><nont label="ADDSUBExpressionP"/><location loc="126.22--126.22"/></nont><nont label="RelationalExpressionP"/><location loc="126.22--126.22"/></nont><nont label="ANDExpressionP"/><location loc="126.22--126.22"/></nont><nont label="ORXORExpressionP"/><location loc="126.22--126.22"/></nont><location loc="126.22--126.22"/></nont><location loc="126.21--126.22"/></nont><location loc="126.15--126.22"/></nont><term lexeme=";" token="SEMIC"><location loc="126.23--126.23"/></term><nont label="StatementsP"><nont label="Statement"><nont label="Expression"><nont label="ORXORExpression"><nont label="ANDExpression"><nont label="RelationalExpression"><nont label="ADDSUBExpression"><nont label="MULDIVExpression"><nont label="PrefixExpression"><nont label="PostfixExpression"><nont label="AtomicExpression"><term lexeme="j" token="IDENTIFIER"><location loc="126.25--126.25"/></term><nont label="ArgumentsOpt"/><location loc="126.25--126.25"/></nont><nont label="PostfixExpressionP"/><location loc="126.25--126.25"/></nont><location loc="126.25--126.25"/></nont><nont label="MULDIVExpressionP"/><location loc="126.25--126.25"/></nont><nont label="ADDSUBExpressionP"/><location loc="126.25--126.25"/></nont><nont label="RelationalExpressionP"/><location loc="126.25--126.25"/></nont><nont label="ANDExpressionP"/><location loc="126.25--126.25"/></nont><nont label="ORXORExpressionP"/><location loc="126.25--126.25"/></nont><location loc="126.25--126.25"/></nont><nont label="StatementP"><term lexeme="=" token="ASSIGN"><location loc="126.26--126.26"/></term><nont label="Expression"><nont label="ORXORExpression"><nont label="ANDExpression"><nont label="RelationalExpression"><nont label="ADDSUBExpression"><nont label="MULDIVExpression"><nont label="PrefixExpression"><nont label="PostfixExpression"><nont label="AtomicExpression"><term lexeme="j" token="IDENTIFIER"><location loc="126.27--126.27"/></term><nont label="ArgumentsOpt"/><location loc="126.27--126.27"/></nont><nont label="PostfixExpressionP"/><location loc="126.27--126.27"/></nont><location loc="126.27--126.27"/></nont><nont label="MULDIVExpressionP"/><location loc="126.27--126.27"/></nont><nont label="ADDSUBExpressionP"><term lexeme="+" token="ADD"><location loc="126.28--126.28"/></term><nont label="MULDIVExpression"><nont label="PrefixExpression"><nont label="PostfixExpression"><nont label="AtomicExpression"><term lexeme="1" token="INTCONST"><location loc="126.29--126.29"/></term><location loc="126.29--126.29"/></nont><nont label="PostfixExpressionP"/><location loc="126.29--126.29"/></nont><location loc="126.29--126.29"/></nont><nont label="MULDIVExpressionP"/><location loc="126.29--126.29"/></nont><nont label="ADDSUBExpressionP"/><location loc="126.28--126.29"/></nont><location loc="126.27--126.29"/></nont><nont label="RelationalExpressionP"/><location loc="126.27--126.29"/></nont><nont label="ANDExpressionP"/><location loc="126.27--126.29"/></nont><nont label="ORXORExpressionP"/><location loc="126.27--126.29"/></nont><location loc="126.27--126.29"/></nont><location loc="126.26--126.29"/></nont><location loc="126.25--126.29"/></nont><term lexeme=";" token="SEMIC"><location loc="126.30--126.30"/></term><nont label="StatementsP"><nont label="Statement"><nont label="Expression"><nont label="ORXORExpression"><nont label="ANDExpression"><nont label="RelationalExpression"><nont label="ADDSUBExpression"><nont label="MULDIVExpression"><nont label="PrefixExpression"><nont label="PostfixExpression"><nont label="AtomicExpression"><term lexeme="gen" token="IDENTIFIER"><location loc="127.15--127.17"/></term><nont label="ArgumentsOpt"><term lexeme="(" token="LPARENTHESIS"><location loc="127.18--127.18"/></term><nont label="ArgumentsOptP"><nont label="Arguments"><nont label="Expression"><nont label="ORXORExpression"><nont label="ANDExpression"><nont label="RelationalExpression"><nont label="ADDSUBExpression"><nont label="MULDIVExpression"><nont label="PrefixExpression"><nont label="PostfixExpression"><nont label="AtomicExpression"><term lexeme="i" token="IDENTIFIER"><location loc="127.19--127.19"/></term><nont label="ArgumentsOpt"/><location loc="127.19--127.19"/></nont><nont label="PostfixExpressionP"/><location loc="127.19--127.19"/></nont><location loc="127.19--127.19"/></nont><nont label="MULDIVExpressionP"/><location loc="127.19--127.19"/></nont><nont label="ADDSUBExpressionP"><term lexeme="+" token="ADD"><location loc="127.20--127.20"/></term><nont label="MULDIVExpression"><nont label="PrefixExpression"><nont label="PostfixExpression"><nont label="AtomicExpression"><term lexeme="1" token="INTCONST"><location loc="127.21--127.21"/></term><location loc="127.21--127.21"/></nont><nont label="PostfixExpressionP"/><location loc="127.21--127.21"/></nont><location loc="127.21--127.21"/></nont><nont label="MULDIVExpressionP"/><location loc="127.21--127.21"/></nont><nont label="ADDSUBExpressionP"/><location loc="127.20--127.21"/></nont><location loc="127.19--127.21"/></nont><nont label="RelationalExpressionP"/><location loc="127.19--127.21"/></nont><nont label="ANDExpressionP"/><location loc="127.19--127.21"/></nont><nont label="ORXORExpressionP"/><location loc="127.19--127.21"/></nont><location loc="127.19--127.21"/></nont><nont label="ArgumentsP"/><location loc="127.19--127.21"/></nont><term lexeme=")" token="RPARENTHESIS"><location loc="127.22--127.22"/></term><location loc="127.19--127.22"/></nont><location loc="127.18--127.22"/></nont><location loc="127.15--127.22"/></nont><nont label="PostfixExpressionP"/><location loc="127.15--127.22"/></nont><location loc="127.15--127.22"/></nont><nont label="MULDIVExpressionP"/><location loc="127.15--127.22"/></nont><nont label="ADDSUBExpressionP"/><location loc="127.15--127.22"/></nont><nont label="RelationalExpressionP"/><location loc="127.15--127.22"/></nont><nont label="ANDExpressionP"/><location loc="127.15--127.22"/></nont><nont label="ORXORExpressionP"/><location loc="127.15--127.22"/></nont><location loc="127.15--127.22"/></nont><nont label="StatementP"/><location loc="127.15--127.22"/></nont><term lexeme=";" token="SEMIC"><location loc="127.23--127.23"/></term><nont label="StatementsP"/><location loc="127.15--127.23"/></nont><location loc="126.25--127.23"/></nont><location loc="126.15--127.23"/></nont><term lexeme="end" token="END"><location loc="128.13--128.15"/></term><location loc="125.13--128.15"/></nont><term lexeme=";" token="SEMIC"><location loc="128.16--128.16"/></term><nont label="StatementsP"/><location loc="125.13--128.16"/></nont><location loc="124.13--128.16"/></nont><location loc="123.11--128.16"/></nont><term lexeme="end" token="END"><location loc="129.11--129.13"/></term><location loc="115.11--129.13"/></nont><term lexeme=";" token="SEMIC"><location loc="129.14--129.14"/></term><nont label="StatementsP"/><location loc="115.11--129.14"/></nont><term lexeme=":" token="COLON"><location loc="130.9--130.9"/></term><nont label="Expression"><nont label="ORXORExpression"><nont label="ANDExpression"><nont label="RelationalExpression"><nont label="ADDSUBExpression"><nont label="MULDIVExpression"><nont label="PrefixExpression"><nont label="PostfixExpression"><nont label="AtomicExpression"><term lexeme="0" token="INTCONST"><location loc="130.11--130.11"/></term><location loc="130.11--130.11"/></nont><nont label="PostfixExpressionP"/><location loc="130.11--130.11"/></nont><location loc="130.11--130.11"/></nont><nont label="MULDIVExpressionP"/><location loc="130.11--130.11"/></nont><nont label="ADDSUBExpressionP"/><location loc="130.11--130.11"/></nont><nont label="RelationalExpressionP"/><location loc="130.11--130.11"/></nont><nont label="ANDExpressionP"/><location loc="130.11--130.11"/></nont><nont label="ORXORExpressionP"/><location loc="130.11--130.11"/></nont><location loc="130.11--130.11"/></nont><nont label="WhereOpt"><term lexeme="where" token="WHERE"><location loc="131.9--131.13"/></term><nont label="Declarations"><nont label="Declaration"><term lexeme="var" token="VAR"><location loc="132.11--132.13"/></term><term lexeme="j" token="IDENTIFIER"><location loc="132.15--132.15"/></term><term lexeme=":" token="COLON"><location loc="132.16--132.16"/></term><nont label="Type"><term lexeme="int" token="INT"><location loc="132.17--132.19"/></term><location loc="132.17--132.19"/></nont><term lexeme=";" token="SEMIC"><location loc="132.20--132.20"/></term><location loc="132.11--132.20"/></nont><nont label="DeclarationsP"/><location loc="132.11--132.20"/></nont><location loc="131.9--132.20"/></nont><term lexeme="}" token="RBRACE"><location loc="133.9--133.9"/></term><location loc="115.9--133.9"/></nont><nont label="PostfixExpressionP"/><location loc="115.9--133.9"/></nont><location loc="115.9--133.9"/></nont><nont label="MULDIVExpressionP"/><location loc="115.9--133.9"/></nont><nont label="ADDSUBExpressionP"/><location loc="115.9--133.9"/></nont><nont label="RelationalExpressionP"/><location loc="115.9--133.9"/></nont><nont label="ANDExpressionP"/><location loc="115.9--133.9"/></nont><nont label="ORXORExpressionP"/><location loc="115.9--133.9"/></nont><location loc="115.9--133.9"/></nont><location loc="115.8--133.9"/></nont><term lexeme=";" token="SEMIC"><location loc="133.10--133.10"/></term><location loc="114.7--133.10"/></nont><nont label="DeclarationsP"/><location loc="114.7--133.10"/></nont><location loc="113.7--133.10"/></nont><location loc="112.7--133.10"/></nont><location loc="111.5--133.10"/></nont><term lexeme="}" token="RBRACE"><location loc="134.5--134.5"/></term><location loc="108.5--134.5"/></nont><nont label="PostfixExpressionP"/><location loc="108.5--134.5"/></nont><location loc="108.5--134.5"/></nont><nont label="MULDIVExpressionP"/><location loc="108.5--134.5"/></nont><nont label="ADDSUBExpressionP"/><location loc="108.5--134.5"/></nont><nont label="RelationalExpressionP"/><location loc="108.5--134.5"/></nont><nont label="ANDExpressionP"/><location loc="108.5--134.5"/></nont><nont label="ORXORExpressionP"/><location loc="108.5--134.5"/></nont><location loc="108.5--134.5"/></nont><location loc="108.4--134.5"/></nont><term lexeme=";" token="SEMIC"><location loc="134.6--134.6"/></term><location loc="107.1--134.6"/></nont><nont label="DeclarationsP"><nont label="Declaration"><term lexeme="fun" token="FUN"><location loc="136.1--136.3"/></term><term lexeme="sudoku" token="IDENTIFIER"><location loc="136.5--136.10"/></term><term lexeme="(" token="LPARENTHESIS"><location loc="136.11--136.11"/></term><nont label="ParametersOpt"><nont label="Parameters"><term lexeme="t2d" token="IDENTIFIER"><location loc="136.12--136.14"/></term><term lexeme=":" token="COLON"><location loc="136.15--136.15"/></term><nont label="Type"><term lexeme="ptr" token="PTR"><location loc="136.16--136.18"/></term><nont label="Type"><term lexeme="arr" token="ARR"><location loc="136.20--136.22"/></term><term lexeme="[" token="LBRACKET"><location loc="136.23--136.23"/></term><nont label="Expression"><nont label="ORXORExpression"><nont label="ANDExpression"><nont label="RelationalExpression"><nont label="ADDSUBExpression"><nont label="MULDIVExpression"><nont label="PrefixExpression"><nont label="PostfixExpression"><nont label="AtomicExpression"><term lexeme="9" token="INTCONST"><location loc="136.24--136.24"/></term><location loc="136.24--136.24"/></nont><nont label="PostfixExpressionP"/><location loc="136.24--136.24"/></nont><location loc="136.24--136.24"/></nont><nont label="MULDIVExpressionP"/><location loc="136.24--136.24"/></nont><nont label="ADDSUBExpressionP"/><location loc="136.24--136.24"/></nont><nont label="RelationalExpressionP"/><location loc="136.24--136.24"/></nont><nont label="ANDExpressionP"/><location loc="136.24--136.24"/></nont><nont label="ORXORExpressionP"/><location loc="136.24--136.24"/></nont><location loc="136.24--136.24"/></nont><term lexeme="]" token="RBRACKET"><location loc="136.25--136.25"/></term><nont label="Type"><term lexeme="arr" token="ARR"><location loc="136.27--136.29"/></term><term lexeme="[" token="LBRACKET"><location loc="136.30--136.30"/></term><nont label="Expression"><nont label="ORXORExpression"><nont label="ANDExpression"><nont label="RelationalExpression"><nont label="ADDSUBExpression"><nont label="MULDIVExpression"><nont label="PrefixExpression"><nont label="PostfixExpression"><nont label="AtomicExpression"><term lexeme="9" token="INTCONST"><location loc="136.31--136.31"/></term><location loc="136.31--136.31"/></nont><nont label="PostfixExpressionP"/><location loc="136.31--136.31"/></nont><location loc="136.31--136.31"/></nont><nont label="MULDIVExpressionP"/><location loc="136.31--136.31"/></nont><nont label="ADDSUBExpressionP"/><location loc="136.31--136.31"/></nont><nont label="RelationalExpressionP"/><location loc="136.31--136.31"/></nont><nont label="ANDExpressionP"/><location loc="136.31--136.31"/></nont><nont label="ORXORExpressionP"/><location loc="136.31--136.31"/></nont><location loc="136.31--136.31"/></nont><term lexeme="]" token="RBRACKET"><location loc="136.32--136.32"/></term><nont label="Type"><term lexeme="int" token="INT"><location loc="136.34--136.36"/></term><location loc="136.34--136.36"/></nont><location loc="136.27--136.36"/></nont><location loc="136.20--136.36"/></nont><location loc="136.16--136.36"/></nont><nont label="ParametersP"/><location loc="136.12--136.36"/></nont><location loc="136.12--136.36"/></nont><term lexeme=")" token="RPARENTHESIS"><location loc="136.37--136.37"/></term><term lexeme=":" token="COLON"><location loc="136.38--136.38"/></term><nont label="Type"><term lexeme="int" token="INT"><location loc="136.39--136.41"/></term><location loc="136.39--136.41"/></nont><nont label="FunctionBodyOpt"><term lexeme="=" token="ASSIGN"><location loc="137.4--137.4"/></term><nont label="Expression"><nont label="ORXORExpression"><nont label="ANDExpression"><nont label="RelationalExpression"><nont label="ADDSUBExpression"><nont label="MULDIVExpression"><nont label="PrefixExpression"><nont label="PostfixExpression"><nont label="AtomicExpression"><term lexeme="{" token="LBRACE"><location loc="137.5--137.5"/></term><nont label="Statements"><nont label="Statement"><nont label="Expression"><nont label="ORXORExpression"><nont label="ANDExpression"><nont label="RelationalExpression"><nont label="ADDSUBExpression"><nont label="MULDIVExpression"><nont label="PrefixExpression"><nont label="PostfixExpression"><nont label="AtomicExpression"><term lexeme="t1d" token="IDENTIFIER"><location loc="137.7--137.9"/></term><nont label="ArgumentsOpt"/><location loc="137.7--137.9"/></nont><nont label="PostfixExpressionP"/><location loc="137.7--137.9"/></nont><location loc="137.7--137.9"/></nont><nont label="MULDIVExpressionP"/><location loc="137.7--137.9"/></nont><nont label="ADDSUBExpressionP"/><location loc="137.7--137.9"/></nont><nont label="RelationalExpressionP"/><location loc="137.7--137.9"/></nont><nont label="ANDExpressionP"/><location loc="137.7--137.9"/></nont><nont label="ORXORExpressionP"/><location loc="137.7--137.9"/></nont><location loc="137.7--137.9"/></nont><nont label="StatementP"><term lexeme="=" token="ASSIGN"><location loc="137.10--137.10"/></term><nont label="Expression"><nont label="ORXORExpression"><nont label="ANDExpression"><nont label="RelationalExpression"><nont label="ADDSUBExpression"><nont label="MULDIVExpression"><nont label="PrefixExpression"><nont label="PostfixExpression"><term lexeme="(" token="LPARENTHESIS"><location loc="137.11--137.11"/></term><nont label="Expression"><nont label="ORXORExpression"><nont label="ANDExpression"><nont label="RelationalExpression"><nont label="ADDSUBExpression"><nont label="MULDIVExpression"><nont label="PrefixExpression"><nont label="PostfixExpression"><nont label="AtomicExpression"><term lexeme="t2d" token="IDENTIFIER"><location loc="137.12--137.14"/></term><nont label="ArgumentsOpt"/><location loc="137.12--137.14"/></nont><nont label="PostfixExpressionP"/><location loc="137.12--137.14"/></nont><location loc="137.12--137.14"/></nont><nont label="MULDIVExpressionP"/><location loc="137.12--137.14"/></nont><nont label="ADDSUBExpressionP"/><location loc="137.12--137.14"/></nont><nont label="RelationalExpressionP"/><location loc="137.12--137.14"/></nont><nont label="ANDExpressionP"/><location loc="137.12--137.14"/></nont><nont label="ORXORExpressionP"/><location loc="137.12--137.14"/></nont><location loc="137.12--137.14"/></nont><nont label="PostfixExpressionPP"><term lexeme=":" token="COLON"><location loc="137.15--137.15"/></term><nont label="Type"><term lexeme="ptr" token="PTR"><location loc="137.16--137.18"/></term><nont label="Type"><term lexeme="arr" token="ARR"><location loc="137.20--137.22"/></term><term lexeme="[" token="LBRACKET"><location loc="137.23--137.23"/></term><nont label="Expression"><nont label="ORXORExpression"><nont label="ANDExpression"><nont label="RelationalExpression"><nont label="ADDSUBExpression"><nont label="MULDIVExpression"><nont label="PrefixExpression"><nont label="PostfixExpression"><nont label="AtomicExpression"><term lexeme="81" token="INTCONST"><location loc="137.24--137.25"/></term><location loc="137.24--137.25"/></nont><nont label="PostfixExpressionP"/><location loc="137.24--137.25"/></nont><location loc="137.24--137.25"/></nont><nont label="MULDIVExpressionP"/><location loc="137.24--137.25"/></nont><nont label="ADDSUBExpressionP"/><location loc="137.24--137.25"/></nont><nont label="RelationalExpressionP"/><location loc="137.24--137.25"/></nont><nont label="ANDExpressionP"/><location loc="137.24--137.25"/></nont><nont label="ORXORExpressionP"/><location loc="137.24--137.25"/></nont><location loc="137.24--137.25"/></nont><term lexeme="]" token="RBRACKET"><location loc="137.26--137.26"/></term><nont label="Type"><term lexeme="int" token="INT"><location loc="137.28--137.30"/></term><location loc="137.28--137.30"/></nont><location loc="137.20--137.30"/></nont><location loc="137.16--137.30"/></nont><term lexeme=")" token="RPARENTHESIS"><location loc="137.31--137.31"/></term><nont label="PostfixExpressionP"/><location loc="137.15--137.31"/></nont><location loc="137.11--137.31"/></nont><location loc="137.11--137.31"/></nont><nont label="MULDIVExpressionP"/><location loc="137.11--137.31"/></nont><nont label="ADDSUBExpressionP"/><location loc="137.11--137.31"/></nont><nont label="RelationalExpressionP"/><location loc="137.11--137.31"/></nont><nont label="ANDExpressionP"/><location loc="137.11--137.31"/></nont><nont label="ORXORExpressionP"/><location loc="137.11--137.31"/></nont><location loc="137.11--137.31"/></nont><location loc="137.10--137.31"/></nont><location loc="137.7--137.31"/></nont><term lexeme=";" token="SEMIC"><location loc="137.32--137.32"/></term><nont label="StatementsP"/><location loc="137.7--137.32"/></nont><term lexeme=":" token="COLON"><location loc="138.5--138.5"/></term><nont label="Expression"><nont label="ORXORExpression"><nont label="ANDExpression"><nont label="RelationalExpression"><nont label="ADDSUBExpression"><nont label="MULDIVExpression"><nont label="PrefixExpression"><nont label="PostfixExpression"><nont label="AtomicExpression"><term lexeme="solve" token="IDENTIFIER"><location loc="138.7--138.11"/></term><nont label="ArgumentsOpt"><term lexeme="(" token="LPARENTHESIS"><location loc="138.12--138.12"/></term><nont label="ArgumentsOptP"><nont label="Arguments"><nont label="Expression"><nont label="ORXORExpression"><nont label="ANDExpression"><nont label="RelationalExpression"><nont label="ADDSUBExpression"><nont label="MULDIVExpression"><nont label="PrefixExpression"><nont label="PostfixExpression"><nont label="AtomicExpression"><term lexeme="0" token="INTCONST"><location loc="138.13--138.13"/></term><location loc="138.13--138.13"/></nont><nont label="PostfixExpressionP"/><location loc="138.13--138.13"/></nont><location loc="138.13--138.13"/></nont><nont label="MULDIVExpressionP"/><location loc="138.13--138.13"/></nont><nont label="ADDSUBExpressionP"/><location loc="138.13--138.13"/></nont><nont label="RelationalExpressionP"/><location loc="138.13--138.13"/></nont><nont label="ANDExpressionP"/><location loc="138.13--138.13"/></nont><nont label="ORXORExpressionP"/><location loc="138.13--138.13"/></nont><location loc="138.13--138.13"/></nont><nont label="ArgumentsP"><term lexeme="," token="COMMA"><location loc="138.14--138.14"/></term><nont label="Expression"><nont label="ORXORExpression"><nont label="ANDExpression"><nont label="RelationalExpression"><nont label="ADDSUBExpression"><nont label="MULDIVExpression"><nont label="PrefixExpression"><nont label="PostfixExpression"><nont label="AtomicExpression"><term lexeme="81" token="INTCONST"><location loc="138.15--138.16"/></term><location loc="138.15--138.16"/></nont><nont label="PostfixExpressionP"/><location loc="138.15--138.16"/></nont><location loc="138.15--138.16"/></nont><nont label="MULDIVExpressionP"/><location loc="138.15--138.16"/></nont><nont label="ADDSUBExpressionP"/><location loc="138.15--138.16"/></nont><nont label="RelationalExpressionP"/><location loc="138.15--138.16"/></nont><nont label="ANDExpressionP"/><location loc="138.15--138.16"/></nont><nont label="ORXORExpressionP"/><location loc="138.15--138.16"/></nont><location loc="138.15--138.16"/></nont><nont label="ArgumentsP"/><location loc="138.14--138.16"/></nont><location loc="138.13--138.16"/></nont><term lexeme=")" token="RPARENTHESIS"><location loc="138.17--138.17"/></term><location loc="138.13--138.17"/></nont><location loc="138.12--138.17"/></nont><location loc="138.7--138.17"/></nont><nont label="PostfixExpressionP"/><location loc="138.7--138.17"/></nont><location loc="138.7--138.17"/></nont><nont label="MULDIVExpressionP"/><location loc="138.7--138.17"/></nont><nont label="ADDSUBExpressionP"/><location loc="138.7--138.17"/></nont><nont label="RelationalExpressionP"/><location loc="138.7--138.17"/></nont><nont label="ANDExpressionP"/><location loc="138.7--138.17"/></nont><nont label="ORXORExpressionP"/><location loc="138.7--138.17"/></nont><location loc="138.7--138.17"/></nont><nont label="WhereOpt"><term lexeme="where" token="WHERE"><location loc="139.5--139.9"/></term><nont label="Declarations"><nont label="Declaration"><term lexeme="var" token="VAR"><location loc="140.7--140.9"/></term><term lexeme="t1d" token="IDENTIFIER"><location loc="140.11--140.13"/></term><term lexeme=":" token="COLON"><location loc="140.14--140.14"/></term><nont label="Type"><term lexeme="ptr" token="PTR"><location loc="140.15--140.17"/></term><nont label="Type"><term lexeme="arr" token="ARR"><location loc="140.19--140.21"/></term><term lexeme="[" token="LBRACKET"><location loc="140.22--140.22"/></term><nont label="Expression"><nont label="ORXORExpression"><nont label="ANDExpression"><nont label="RelationalExpression"><nont label="ADDSUBExpression"><nont label="MULDIVExpression"><nont label="PrefixExpression"><nont label="PostfixExpression"><nont label="AtomicExpression"><term lexeme="81" token="INTCONST"><location loc="140.23--140.24"/></term><location loc="140.23--140.24"/></nont><nont label="PostfixExpressionP"/><location loc="140.23--140.24"/></nont><location loc="140.23--140.24"/></nont><nont label="MULDIVExpressionP"/><location loc="140.23--140.24"/></nont><nont label="ADDSUBExpressionP"/><location loc="140.23--140.24"/></nont><nont label="RelationalExpressionP"/><location loc="140.23--140.24"/></nont><nont label="ANDExpressionP"/><location loc="140.23--140.24"/></nont><nont label="ORXORExpressionP"/><location loc="140.23--140.24"/></nont><location loc="140.23--140.24"/></nont><term lexeme="]" token="RBRACKET"><location loc="140.25--140.25"/></term><nont label="Type"><term lexeme="int" token="INT"><location loc="140.27--140.29"/></term><location loc="140.27--140.29"/></nont><location loc="140.19--140.29"/></nont><location loc="140.15--140.29"/></nont><term lexeme=";" token="SEMIC"><location loc="140.30--140.30"/></term><location loc="140.7--140.30"/></nont><nont label="DeclarationsP"><nont label="Declaration"><term lexeme="fun" token="FUN"><location loc="141.7--141.9"/></term><term lexeme="check_h" token="IDENTIFIER"><location loc="141.11--141.17"/></term><term lexeme="(" token="LPARENTHESIS"><location loc="141.18--141.18"/></term><nont label="ParametersOpt"><nont label="Parameters"><term lexeme="j" token="IDENTIFIER"><location loc="141.19--141.19"/></term><term lexeme=":" token="COLON"><location loc="141.20--141.20"/></term><nont label="Type"><term lexeme="int" token="INT"><location loc="141.21--141.23"/></term><location loc="141.21--141.23"/></nont><nont label="ParametersP"/><location loc="141.19--141.23"/></nont><location loc="141.19--141.23"/></nont><term lexeme=")" token="RPARENTHESIS"><location loc="141.24--141.24"/></term><term lexeme=":" token="COLON"><location loc="141.25--141.25"/></term><nont label="Type"><term lexeme="bool" token="BOOL"><location loc="141.26--141.29"/></term><location loc="141.26--141.29"/></nont><nont label="FunctionBodyOpt"><term lexeme="=" token="ASSIGN"><location loc="142.10--142.10"/></term><nont label="Expression"><nont label="ORXORExpression"><nont label="ANDExpression"><nont label="RelationalExpression"><nont label="ADDSUBExpression"><nont label="MULDIVExpression"><nont label="PrefixExpression"><nont label="PostfixExpression"><nont label="AtomicExpression"><term lexeme="{" token="LBRACE"><location loc="142.11--142.11"/></term><nont label="Statements"><nont label="Statement"><nont label="Expression"><nont label="ORXORExpression"><nont label="ANDExpression"><nont label="RelationalExpression"><nont label="ADDSUBExpression"><nont label="MULDIVExpression"><nont label="PrefixExpression"><nont label="PostfixExpression"><nont label="AtomicExpression"><term lexeme="check" token="IDENTIFIER"><location loc="142.13--142.17"/></term><nont label="ArgumentsOpt"/><location loc="142.13--142.17"/></nont><nont label="PostfixExpressionP"/><location loc="142.13--142.17"/></nont><location loc="142.13--142.17"/></nont><nont label="MULDIVExpressionP"/><location loc="142.13--142.17"/></nont><nont label="ADDSUBExpressionP"/><location loc="142.13--142.17"/></nont><nont label="RelationalExpressionP"/><location loc="142.13--142.17"/></nont><nont label="ANDExpressionP"/><location loc="142.13--142.17"/></nont><nont label="ORXORExpressionP"/><location loc="142.13--142.17"/></nont><location loc="142.13--142.17"/></nont><nont label="StatementP"><term lexeme="=" token="ASSIGN"><location loc="142.18--142.18"/></term><nont label="Expression"><nont label="ORXORExpression"><nont label="ANDExpression"><nont label="RelationalExpression"><nont label="ADDSUBExpression"><nont label="MULDIVExpression"><nont label="PrefixExpression"><nont label="PostfixExpression"><nont label="AtomicExpression"><term lexeme="true" token="BOOLCONST"><location loc="142.19--142.22"/></term><location loc="142.19--142.22"/></nont><nont label="PostfixExpressionP"/><location loc="142.19--142.22"/></nont><location loc="142.19--142.22"/></nont><nont label="MULDIVExpressionP"/><location loc="142.19--142.22"/></nont><nont label="ADDSUBExpressionP"/><location loc="142.19--142.22"/></nont><nont label="RelationalExpressionP"/><location loc="142.19--142.22"/></nont><nont label="ANDExpressionP"/><location loc="142.19--142.22"/></nont><nont label="ORXORExpressionP"/><location loc="142.19--142.22"/></nont><location loc="142.19--142.22"/></nont><location loc="142.18--142.22"/></nont><location loc="142.13--142.22"/></nont><term lexeme=";" token="SEMIC"><location loc="142.23--142.23"/></term><nont label="StatementsP"><nont label="Statement"><nont label="Expression"><nont label="ORXORExpression"><nont label="ANDExpression"><nont label="RelationalExpression"><nont label="ADDSUBExpression"><nont label="MULDIVExpression"><nont label="PrefixExpression"><nont label="PostfixExpression"><nont label="AtomicExpression"><term lexeme="i" token="IDENTIFIER"><location loc="143.13--143.13"/></term><nont label="ArgumentsOpt"/><location loc="143.13--143.13"/></nont><nont label="PostfixExpressionP"/><location loc="143.13--143.13"/></nont><location loc="143.13--143.13"/></nont><nont label="MULDIVExpressionP"/><location loc="143.13--143.13"/></nont><nont label="ADDSUBExpressionP"/><location loc="143.13--143.13"/></nont><nont label="RelationalExpressionP"/><location loc="143.13--143.13"/></nont><nont label="ANDExpressionP"/><location loc="143.13--143.13"/></nont><nont label="ORXORExpressionP"/><location loc="143.13--143.13"/></nont><location loc="143.13--143.13"/></nont><nont label="StatementP"><term lexeme="=" token="ASSIGN"><location loc="143.14--143.14"/></term><nont label="Expression"><nont label="ORXORExpression"><nont label="ANDExpression"><nont label="RelationalExpression"><nont label="ADDSUBExpression"><nont label="MULDIVExpression"><nont label="PrefixExpression"><nont label="PostfixExpression"><nont label="AtomicExpression"><term lexeme="1" token="INTCONST"><location loc="143.15--143.15"/></term><location loc="143.15--143.15"/></nont><nont label="PostfixExpressionP"/><location loc="143.15--143.15"/></nont><location loc="143.15--143.15"/></nont><nont label="MULDIVExpressionP"/><location loc="143.15--143.15"/></nont><nont label="ADDSUBExpressionP"/><location loc="143.15--143.15"/></nont><nont label="RelationalExpressionP"/><location loc="143.15--143.15"/></nont><nont label="ANDExpressionP"/><location loc="143.15--143.15"/></nont><nont label="ORXORExpressionP"/><location loc="143.15--143.15"/></nont><location loc="143.15--143.15"/></nont><location loc="143.14--143.15"/></nont><location loc="143.13--143.15"/></nont><term lexeme=";" token="SEMIC"><location loc="143.16--143.16"/></term><nont label="StatementsP"><nont label="Statement"><term lexeme="while" token="WHILE"><location loc="143.18--143.22"/></term><nont label="Expression"><nont label="ORXORExpression"><nont label="ANDExpression"><nont label="RelationalExpression"><nont label="ADDSUBExpression"><nont label="MULDIVExpression"><nont label="PrefixExpression"><nont label="PostfixExpression"><nont label="AtomicExpression"><term lexeme="i" token="IDENTIFIER"><location loc="143.24--143.24"/></term><nont label="ArgumentsOpt"/><location loc="143.24--143.24"/></nont><nont label="PostfixExpressionP"/><location loc="143.24--143.24"/></nont><location loc="143.24--143.24"/></nont><nont label="MULDIVExpressionP"/><location loc="143.24--143.24"/></nont><nont label="ADDSUBExpressionP"/><location loc="143.24--143.24"/></nont><nont label="RelationalExpressionP"><term lexeme="&lt;=" token="LEQ"><location loc="143.25--143.26"/></term><nont label="ADDSUBExpression"><nont label="MULDIVExpression"><nont label="PrefixExpression"><nont label="PostfixExpression"><nont label="AtomicExpression"><term lexeme="9" token="INTCONST"><location loc="143.27--143.27"/></term><location loc="143.27--143.27"/></nont><nont label="PostfixExpressionP"/><location loc="143.27--143.27"/></nont><location loc="143.27--143.27"/></nont><nont label="MULDIVExpressionP"/><location loc="143.27--143.27"/></nont><nont label="ADDSUBExpressionP"/><location loc="143.27--143.27"/></nont><location loc="143.25--143.27"/></nont><location loc="143.24--143.27"/></nont><nont label="ANDExpressionP"/><location loc="143.24--143.27"/></nont><nont label="ORXORExpressionP"/><location loc="143.24--143.27"/></nont><location loc="143.24--143.27"/></nont><term lexeme="do" token="DO"><location loc="143.29--143.30"/></term><nont label="Statements"><nont label="Statement"><nont label="Expression"><nont label="ORXORExpression"><nont label="ANDExpression"><nont label="RelationalExpression"><nont label="ADDSUBExpression"><nont label="MULDIVExpression"><nont label="PrefixExpression"><nont label="PostfixExpression"><nont label="AtomicExpression"><term lexeme="mask" token="IDENTIFIER"><location loc="143.32--143.35"/></term><nont label="ArgumentsOpt"/><location loc="143.32--143.35"/></nont><nont label="PostfixExpressionP"><term lexeme="[" token="LBRACKET"><location loc="143.36--143.36"/></term><nont label="Expression"><nont label="ORXORExpression"><nont label="ANDExpression"><nont label="RelationalExpression"><nont label="ADDSUBExpression"><nont label="MULDIVExpression"><nont label="PrefixExpression"><nont label="PostfixExpression"><nont label="AtomicExpression"><term lexeme="i" token="IDENTIFIER"><location loc="143.37--143.37"/></term><nont label="ArgumentsOpt"/><location loc="143.37--143.37"/></nont><nont label="PostfixExpressionP"/><location loc="143.37--143.37"/></nont><location loc="143.37--143.37"/></nont><nont label="MULDIVExpressionP"/><location loc="143.37--143.37"/></nont><nont label="ADDSUBExpressionP"/><location loc="143.37--143.37"/></nont><nont label="RelationalExpressionP"/><location loc="143.37--143.37"/></nont><nont label="ANDExpressionP"/><location loc="143.37--143.37"/></nont><nont label="ORXORExpressionP"/><location loc="143.37--143.37"/></nont><location loc="143.37--143.37"/></nont><term lexeme="]" token="RBRACKET"><location loc="143.38--143.38"/></term><nont label="PostfixExpressionP"/><location loc="143.36--143.38"/></nont><location loc="143.32--143.38"/></nont><location loc="143.32--143.38"/></nont><nont label="MULDIVExpressionP"/><location loc="143.32--143.38"/></nont><nont label="ADDSUBExpressionP"/><location loc="143.32--143.38"/></nont><nont label="RelationalExpressionP"/><location loc="143.32--143.38"/></nont><nont label="ANDExpressionP"/><location loc="143.32--143.38"/></nont><nont label="ORXORExpressionP"/><location loc="143.32--143.38"/></nont><location loc="143.32--143.38"/></nont><nont label="StatementP"><term lexeme="=" token="ASSIGN"><location loc="143.39--143.39"/></term><nont label="Expression"><nont label="ORXORExpression"><nont label="ANDExpression"><nont label="RelationalExpression"><nont label="ADDSUBExpression"><nont label="MULDIVExpression"><nont label="PrefixExpression"><nont label="PostfixExpression"><nont label="AtomicExpression"><term lexeme="false" token="BOOLCONST"><location loc="143.40--143.44"/></term><location loc="143.40--143.44"/></nont><nont label="PostfixExpressionP"/><location loc="143.40--143.44"/></nont><location loc="143.40--143.44"/></nont><nont label="MULDIVExpressionP"/><location loc="143.40--143.44"/></nont><nont label="ADDSUBExpressionP"/><location loc="143.40--143.44"/></nont><nont label="RelationalExpressionP"/><location loc="143.40--143.44"/></nont><nont label="ANDExpressionP"/><location loc="143.40--143.44"/></nont><nont label="ORXORExpressionP"/><location loc="143.40--143.44"/></nont><location loc="143.40--143.44"/></nont><location loc="143.39--143.44"/></nont><location loc="143.32--143.44"/></nont><term lexeme=";" token="SEMIC"><location loc="143.45--143.45"/></term><nont label="StatementsP"><nont label="Statement"><nont label="Expression"><nont label="ORXORExpression"><nont label="ANDExpression"><nont label="RelationalExpression"><nont label="ADDSUBExpression"><nont label="MULDIVExpression"><nont label="PrefixExpression"><nont label="PostfixExpression"><nont label="AtomicExpression"><term lexeme="i" token="IDENTIFIER"><location loc="143.47--143.47"/></term><nont label="ArgumentsOpt"/><location loc="143.47--143.47"/></nont><nont label="PostfixExpressionP"/><location loc="143.47--143.47"/></nont><location loc="143.47--143.47"/></nont><nont label="MULDIVExpressionP"/><location loc="143.47--143.47"/></nont><nont label="ADDSUBExpressionP"/><location loc="143.47--143.47"/></nont><nont label="RelationalExpressionP"/><location loc="143.47--143.47"/></nont><nont label="ANDExpressionP"/><location loc="143.47--143.47"/></nont><nont label="ORXORExpressionP"/><location loc="143.47--143.47"/></nont><location loc="143.47--143.47"/></nont><nont label="StatementP"><term lexeme="=" token="ASSIGN"><location loc="143.48--143.48"/></term><nont label="Expression"><nont label="ORXORExpression"><nont label="ANDExpression"><nont label="RelationalExpression"><nont label="ADDSUBExpression"><nont label="MULDIVExpression"><nont label="PrefixExpression"><nont label="PostfixExpression"><nont label="AtomicExpression"><term lexeme="i" token="IDENTIFIER"><location loc="143.49--143.49"/></term><nont label="ArgumentsOpt"/><location loc="143.49--143.49"/></nont><nont label="PostfixExpressionP"/><location loc="143.49--143.49"/></nont><location loc="143.49--143.49"/></nont><nont label="MULDIVExpressionP"/><location loc="143.49--143.49"/></nont><nont label="ADDSUBExpressionP"><term lexeme="+" token="ADD"><location loc="143.50--143.50"/></term><nont label="MULDIVExpression"><nont label="PrefixExpression"><nont label="PostfixExpression"><nont label="AtomicExpression"><term lexeme="1" token="INTCONST"><location loc="143.51--143.51"/></term><location loc="143.51--143.51"/></nont><nont label="PostfixExpressionP"/><location loc="143.51--143.51"/></nont><location loc="143.51--143.51"/></nont><nont label="MULDIVExpressionP"/><location loc="143.51--143.51"/></nont><nont label="ADDSUBExpressionP"/><location loc="143.50--143.51"/></nont><location loc="143.49--143.51"/></nont><nont label="RelationalExpressionP"/><location loc="143.49--143.51"/></nont><nont label="ANDExpressionP"/><location loc="143.49--143.51"/></nont><nont label="ORXORExpressionP"/><location loc="143.49--143.51"/></nont><location loc="143.49--143.51"/></nont><location loc="143.48--143.51"/></nont><location loc="143.47--143.51"/></nont><term lexeme=";" token="SEMIC"><location loc="143.52--143.52"/></term><nont label="StatementsP"/><location loc="143.47--143.52"/></nont><location loc="143.32--143.52"/></nont><term lexeme="end" token="END"><location loc="143.54--143.56"/></term><location loc="143.18--143.56"/></nont><term lexeme=";" token="SEMIC"><location loc="143.57--143.57"/></term><nont label="StatementsP"><nont label="Statement"><nont label="Expression"><nont label="ORXORExpression"><nont label="ANDExpression"><nont label="RelationalExpression"><nont label="ADDSUBExpression"><nont label="MULDIVExpression"><nont label="PrefixExpression"><nont label="PostfixExpression"><nont label="AtomicExpression"><term lexeme="i" token="IDENTIFIER"><location loc="144.13--144.13"/></term><nont label="ArgumentsOpt"/><location loc="144.13--144.13"/></nont><nont label="PostfixExpressionP"/><location loc="144.13--144.13"/></nont><location loc="144.13--144.13"/></nont><nont label="MULDIVExpressionP"/><location loc="144.13--144.13"/></nont><nont label="ADDSUBExpressionP"/><location loc="144.13--144.13"/></nont><nont label="RelationalExpressionP"/><location loc="144.13--144.13"/></nont><nont label="ANDExpressionP"/><location loc="144.13--144.13"/></nont><nont label="ORXORExpressionP"/><location loc="144.13--144.13"/></nont><location loc="144.13--144.13"/></nont><nont label="StatementP"><term lexeme="=" token="ASSIGN"><location loc="144.14--144.14"/></term><nont label="Expression"><nont label="ORXORExpression"><nont label="ANDExpression"><nont label="RelationalExpression"><nont label="ADDSUBExpression"><nont label="MULDIVExpression"><nont label="PrefixExpression"><nont label="PostfixExpression"><nont label="AtomicExpression"><term lexeme="0" token="INTCONST"><location loc="144.15--144.15"/></term><location loc="144.15--144.15"/></nont><nont label="PostfixExpressionP"/><location loc="144.15--144.15"/></nont><location loc="144.15--144.15"/></nont><nont label="MULDIVExpressionP"/><location loc="144.15--144.15"/></nont><nont label="ADDSUBExpressionP"/><location loc="144.15--144.15"/></nont><nont label="RelationalExpressionP"/><location loc="144.15--144.15"/></nont><nont label="ANDExpressionP"/><location loc="144.15--144.15"/></nont><nont label="ORXORExpressionP"/><location loc="144.15--144.15"/></nont><location loc="144.15--144.15"/></nont><location loc="144.14--144.15"/></nont><location loc="144.13--144.15"/></nont><term lexeme=";" token="SEMIC"><location loc="144.16--144.16"/></term><nont label="StatementsP"><nont label="Statement"><term lexeme="while" token="WHILE"><location loc="145.13--145.17"/></term><nont label="Expression"><nont label="ORXORExpression"><nont label="ANDExpression"><nont label="RelationalExpression"><nont label="ADDSUBExpression"><nont label="MULDIVExpression"><nont label="PrefixExpression"><nont label="PostfixExpression"><nont label="AtomicExpression"><term lexeme="i" token="IDENTIFIER"><location loc="145.19--145.19"/></term><nont label="ArgumentsOpt"/><location loc="145.19--145.19"/></nont><nont label="PostfixExpressionP"/><location loc="145.19--145.19"/></nont><location loc="145.19--145.19"/></nont><nont label="MULDIVExpressionP"/><location loc="145.19--145.19"/></nont><nont label="ADDSUBExpressionP"/><location loc="145.19--145.19"/></nont><nont label="RelationalExpressionP"><term lexeme="&lt;" token="LTH"><location loc="145.20--145.20"/></term><nont label="ADDSUBExpression"><nont label="MULDIVExpression"><nont label="PrefixExpression"><nont label="PostfixExpression"><nont label="AtomicExpression"><term lexeme="9" token="INTCONST"><location loc="145.21--145.21"/></term><location loc="145.21--145.21"/></nont><nont label="PostfixExpressionP"/><location loc="145.21--145.21"/></nont><location loc="145.21--145.21"/></nont><nont label="MULDIVExpressionP"/><location loc="145.21--145.21"/></nont><nont label="ADDSUBExpressionP"/><location loc="145.21--145.21"/></nont><location loc="145.20--145.21"/></nont><location loc="145.19--145.21"/></nont><nont label="ANDExpressionP"/><location loc="145.19--145.21"/></nont><nont label="ORXORExpressionP"/><location loc="145.19--145.21"/></nont><location loc="145.19--145.21"/></nont><term lexeme="do" token="DO"><location loc="145.23--145.24"/></term><nont label="Statements"><nont label="Statement"><term lexeme="if" token="IF"><location loc="146.15--146.16"/></term><nont label="Expression"><nont label="ORXORExpression"><nont label="ANDExpression"><nont label="RelationalExpression"><nont label="ADDSUBExpression"><nont label="MULDIVExpression"><nont label="PrefixExpression"><nont label="PostfixExpression"><term lexeme="(" token="LPARENTHESIS"><location loc="146.18--146.18"/></term><nont label="Expression"><nont label="ORXORExpression"><nont label="ANDExpression"><nont label="RelationalExpression"><nont label="ADDSUBExpression"><nont label="MULDIVExpression"><nont label="PrefixExpression"><term lexeme="@" token="DATA"><location loc="146.19--146.19"/></term><nont label="PrefixExpression"><nont label="PostfixExpression"><nont label="AtomicExpression"><term lexeme="t2d" token="IDENTIFIER"><location loc="146.20--146.22"/></term><nont label="ArgumentsOpt"/><location loc="146.20--146.22"/></nont><nont label="PostfixExpressionP"/><location loc="146.20--146.22"/></nont><location loc="146.20--146.22"/></nont><location loc="146.19--146.22"/></nont><nont label="MULDIVExpressionP"/><location loc="146.19--146.22"/></nont><nont label="ADDSUBExpressionP"/><location loc="146.19--146.22"/></nont><nont label="RelationalExpressionP"/><location loc="146.19--146.22"/></nont><nont label="ANDExpressionP"/><location loc="146.19--146.22"/></nont><nont label="ORXORExpressionP"/><location loc="146.19--146.22"/></nont><location loc="146.19--146.22"/></nont><nont label="PostfixExpressionPP"><term lexeme=")" token="RPARENTHESIS"><location loc="146.23--146.23"/></term><nont label="PostfixExpressionP"><term lexeme="[" token="LBRACKET"><location loc="146.24--146.24"/></term><nont label="Expression"><nont label="ORXORExpression"><nont label="ANDExpression"><nont label="RelationalExpression"><nont label="ADDSUBExpression"><nont label="MULDIVExpression"><nont label="PrefixExpression"><nont label="PostfixExpression"><nont label="AtomicExpression"><term lexeme="j" token="IDENTIFIER"><location loc="146.25--146.25"/></term><nont label="ArgumentsOpt"/><location loc="146.25--146.25"/></nont><nont label="PostfixExpressionP"/><location loc="146.25--146.25"/></nont><location loc="146.25--146.25"/></nont><nont label="MULDIVExpressionP"/><location loc="146.25--146.25"/></nont><nont label="ADDSUBExpressionP"/><location loc="146.25--146.25"/></nont><nont label="RelationalExpressionP"/><location loc="146.25--146.25"/></nont><nont label="ANDExpressionP"/><location loc="146.25--146.25"/></nont><nont label="ORXORExpressionP"/><location loc="146.25--146.25"/></nont><location loc="146.25--146.25"/></nont><term lexeme="]" token="RBRACKET"><location loc="146.26--146.26"/></term><nont label="PostfixExpressionP"><term lexeme="[" token="LBRACKET"><location loc="146.27--146.27"/></term><nont label="Expression"><nont label="ORXORExpression"><nont label="ANDExpression"><nont label="RelationalExpression"><nont label="ADDSUBExpression"><nont label="MULDIVExpression"><nont label="PrefixExpression"><nont label="PostfixExpression"><nont label="AtomicExpression"><term lexeme="i" token="IDENTIFIER"><location loc="146.28--146.28"/></term><nont label="ArgumentsOpt"/><location loc="146.28--146.28"/></nont><nont label="PostfixExpressionP"/><location loc="146.28--146.28"/></nont><location loc="146.28--146.28"/></nont><nont label="MULDIVExpressionP"/><location loc="146.28--146.28"/></nont><nont label="ADDSUBExpressionP"/><location loc="146.28--146.28"/></nont><nont label="RelationalExpressionP"/><location loc="146.28--146.28"/></nont><nont label="ANDExpressionP"/><location loc="146.28--146.28"/></nont><nont label="ORXORExpressionP"/><location loc="146.28--146.28"/></nont><location loc="146.28--146.28"/></nont><term lexeme="]" token="RBRACKET"><location loc="146.29--146.29"/></term><nont label="PostfixExpressionP"/><location loc="146.27--146.29"/></nont><location loc="146.24--146.29"/></nont><location loc="146.23--146.29"/></nont><location loc="146.18--146.29"/></nont><location loc="146.18--146.29"/></nont><nont label="MULDIVExpressionP"/><location loc="146.18--146.29"/></nont><nont label="ADDSUBExpressionP"/><location loc="146.18--146.29"/></nont><nont label="RelationalExpressionP"><term lexeme="!=" token="NEQ"><location loc="146.30--146.31"/></term><nont label="ADDSUBExpression"><nont label="MULDIVExpression"><nont label="PrefixExpression"><nont label="PostfixExpression"><nont label="AtomicExpression"><term lexeme="0" token="INTCONST"><location loc="146.32--146.32"/></term><location loc="146.32--146.32"/></nont><nont label="PostfixExpressionP"/><location loc="146.32--146.32"/></nont><location loc="146.32--146.32"/></nont><nont label="MULDIVExpressionP"/><location loc="146.32--146.32"/></nont><nont label="ADDSUBExpressionP"/><location loc="146.32--146.32"/></nont><location loc="146.30--146.32"/></nont><location loc="146.18--146.32"/></nont><nont label="ANDExpressionP"/><location loc="146.18--146.32"/></nont><nont label="ORXORExpressionP"/><location loc="146.18--146.32"/></nont><location loc="146.18--146.32"/></nont><term lexeme="then" token="THEN"><location loc="146.34--146.37"/></term><nont label="Statements"><nont label="Statement"><term lexeme="if" token="IF"><location loc="147.17--147.18"/></term><nont label="Expression"><nont label="ORXORExpression"><nont label="ANDExpression"><nont label="RelationalExpression"><nont label="ADDSUBExpression"><nont label="MULDIVExpression"><nont label="PrefixExpression"><nont label="PostfixExpression"><nont label="AtomicExpression"><term lexeme="mask" token="IDENTIFIER"><location loc="147.20--147.23"/></term><nont label="ArgumentsOpt"/><location loc="147.20--147.23"/></nont><nont label="PostfixExpressionP"><term lexeme="[" token="LBRACKET"><location loc="147.24--147.24"/></term><nont label="Expression"><nont label="ORXORExpression"><nont label="ANDExpression"><nont label="RelationalExpression"><nont label="ADDSUBExpression"><nont label="MULDIVExpression"><nont label="PrefixExpression"><nont label="PostfixExpression"><term lexeme="(" token="LPARENTHESIS"><location loc="147.25--147.25"/></term><nont label="Expression"><nont label="ORXORExpression"><nont label="ANDExpression"><nont label="RelationalExpression"><nont label="ADDSUBExpression"><nont label="MULDIVExpression"><nont label="PrefixExpression"><term lexeme="@" token="DATA"><location loc="147.26--147.26"/></term><nont label="PrefixExpression"><nont label="PostfixExpression"><nont label="AtomicExpression"><term lexeme="t2d" token="IDENTIFIER"><location loc="147.27--147.29"/></term><nont label="ArgumentsOpt"/><location loc="147.27--147.29"/></nont><nont label="PostfixExpressionP"/><location loc="147.27--147.29"/></nont><location loc="147.27--147.29"/></nont><location loc="147.26--147.29"/></nont><nont label="MULDIVExpressionP"/><location loc="147.26--147.29"/></nont><nont label="ADDSUBExpressionP"/><location loc="147.26--147.29"/></nont><nont label="RelationalExpressionP"/><location loc="147.26--147.29"/></nont><nont label="ANDExpressionP"/><location loc="147.26--147.29"/></nont><nont label="ORXORExpressionP"/><location loc="147.26--147.29"/></nont><location loc="147.26--147.29"/></nont><nont label="PostfixExpressionPP"><term lexeme=")" token="RPARENTHESIS"><location loc="147.30--147.30"/></term><nont label="PostfixExpressionP"><term lexeme="[" token="LBRACKET"><location loc="147.31--147.31"/></term><nont label="Expression"><nont label="ORXORExpression"><nont label="ANDExpression"><nont label="RelationalExpression"><nont label="ADDSUBExpression"><nont label="MULDIVExpression"><nont label="PrefixExpression"><nont label="PostfixExpression"><nont label="AtomicExpression"><term lexeme="j" token="IDENTIFIER"><location loc="147.32--147.32"/></term><nont label="ArgumentsOpt"/><location loc="147.32--147.32"/></nont><nont label="PostfixExpressionP"/><location loc="147.32--147.32"/></nont><location loc="147.32--147.32"/></nont><nont label="MULDIVExpressionP"/><location loc="147.32--147.32"/></nont><nont label="ADDSUBExpressionP"/><location loc="147.32--147.32"/></nont><nont label="RelationalExpressionP"/><location loc="147.32--147.32"/></nont><nont label="ANDExpressionP"/><location loc="147.32--147.32"/></nont><nont label="ORXORExpressionP"/><location loc="147.32--147.32"/></nont><location loc="147.32--147.32"/></nont><term lexeme="]" token="RBRACKET"><location loc="147.33--147.33"/></term><nont label="PostfixExpressionP"><term lexeme="[" token="LBRACKET"><location loc="147.34--147.34"/></term><nont label="Expression"><nont label="ORXORExpression"><nont label="ANDExpression"><nont label="RelationalExpression"><nont label="ADDSUBExpression"><nont label="MULDIVExpression"><nont label="PrefixExpression"><nont label="PostfixExpression"><nont label="AtomicExpression"><term lexeme="i" token="IDENTIFIER"><location loc="147.35--147.35"/></term><nont label="ArgumentsOpt"/><location loc="147.35--147.35"/></nont><nont label="PostfixExpressionP"/><location loc="147.35--147.35"/></nont><location loc="147.35--147.35"/></nont><nont label="MULDIVExpressionP"/><location loc="147.35--147.35"/></nont><nont label="ADDSUBExpressionP"/><location loc="147.35--147.35"/></nont><nont label="RelationalExpressionP"/><location loc="147.35--147.35"/></nont><nont label="ANDExpressionP"/><location loc="147.35--147.35"/></nont><nont label="ORXORExpressionP"/><location loc="147.35--147.35"/></nont><location loc="147.35--147.35"/></nont><term lexeme="]" token="RBRACKET"><location loc="147.36--147.36"/></term><nont label="PostfixExpressionP"/><location loc="147.34--147.36"/></nont><location loc="147.31--147.36"/></nont><location loc="147.30--147.36"/></nont><location loc="147.25--147.36"/></nont><location loc="147.25--147.36"/></nont><nont label="MULDIVExpressionP"/><location loc="147.25--147.36"/></nont><nont label="ADDSUBExpressionP"/><location loc="147.25--147.36"/></nont><nont label="RelationalExpressionP"/><location loc="147.25--147.36"/></nont><nont label="ANDExpressionP"/><location loc="147.25--147.36"/></nont><nont label="ORXORExpressionP"/><location loc="147.25--147.36"/></nont><location loc="147.25--147.36"/></nont><term lexeme="]" token="RBRACKET"><location loc="147.37--147.37"/></term><nont label="PostfixExpressionP"/><location loc="147.24--147.37"/></nont><location loc="147.20--147.37"/></nont><location loc="147.20--147.37"/></nont><nont label="MULDIVExpressionP"/><location loc="147.20--147.37"/></nont><nont label="ADDSUBExpressionP"/><location loc="147.20--147.37"/></nont><nont label="RelationalExpressionP"/><location loc="147.20--147.37"/></nont><nont label="ANDExpressionP"/><location loc="147.20--147.37"/></nont><nont label="ORXORExpressionP"/><location loc="147.20--147.37"/></nont><location loc="147.20--147.37"/></nont><term lexeme="then" token="THEN"><location loc="148.19--148.22"/></term><nont label="Statements"><nont label="Statement"><nont label="Expression"><nont label="ORXORExpression"><nont label="ANDExpression"><nont label="RelationalExpression"><nont label="ADDSUBExpression"><nont label="MULDIVExpression"><nont label="PrefixExpression"><nont label="PostfixExpression"><nont label="AtomicExpression"><term lexeme="check" token="IDENTIFIER"><location loc="148.24--148.28"/></term><nont label="ArgumentsOpt"/><location loc="148.24--148.28"/></nont><nont label="PostfixExpressionP"/><location loc="148.24--148.28"/></nont><location loc="148.24--148.28"/></nont><nont label="MULDIVExpressionP"/><location loc="148.24--148.28"/></nont><nont label="ADDSUBExpressionP"/><location loc="148.24--148.28"/></nont><nont label="RelationalExpressionP"/><location loc="148.24--148.28"/></nont><nont label="ANDExpressionP"/><location loc="148.24--148.28"/></nont><nont label="ORXORExpressionP"/><location loc="148.24--148.28"/></nont><location loc="148.24--148.28"/></nont><nont label="StatementP"><term lexeme="=" token="ASSIGN"><location loc="148.29--148.29"/></term><nont label="Expression"><nont label="ORXORExpression"><nont label="ANDExpression"><nont label="RelationalExpression"><nont label="ADDSUBExpression"><nont label="MULDIVExpression"><nont label="PrefixExpression"><nont label="PostfixExpression"><nont label="AtomicExpression"><term lexeme="false" token="BOOLCONST"><location loc="148.30--148.34"/></term><location loc="148.30--148.34"/></nont><nont label="PostfixExpressionP"/><location loc="148.30--148.34"/></nont><location loc="148.30--148.34"/></nont><nont label="MULDIVExpressionP"/><location loc="148.30--148.34"/></nont><nont label="ADDSUBExpressionP"/><location loc="148.30--148.34"/></nont><nont label="RelationalExpressionP"/><location loc="148.30--148.34"/></nont><nont label="ANDExpressionP"/><location loc="148.30--148.34"/></nont><nont label="ORXORExpressionP"/><location loc="148.30--148.34"/></nont><location loc="148.30--148.34"/></nont><location loc="148.29--148.34"/></nont><location loc="148.24--148.34"/></nont><term lexeme=";" token="SEMIC"><location loc="148.35--148.35"/></term><nont label="StatementsP"/><location loc="148.24--148.35"/></nont><nont label="ElseOpt"><term lexeme="else" token="ELSE"><location loc="149.19--149.22"/></term><nont label="Statements"><nont label="Statement"><nont label="Expression"><nont label="ORXORExpression"><nont label="ANDExpression"><nont label="RelationalExpression"><nont label="ADDSUBExpression"><nont label="MULDIVExpression"><nont label="PrefixExpression"><nont label="PostfixExpression"><nont label="AtomicExpression"><term lexeme="mask" token="IDENTIFIER"><location loc="149.24--149.27"/></term><nont label="ArgumentsOpt"/><location loc="149.24--149.27"/></nont><nont label="PostfixExpressionP"><term lexeme="[" token="LBRACKET"><location loc="149.28--149.28"/></term><nont label="Expression"><nont label="ORXORExpression"><nont label="ANDExpression"><nont label="RelationalExpression"><nont label="ADDSUBExpression"><nont label="MULDIVExpression"><nont label="PrefixExpression"><nont label="PostfixExpression"><term lexeme="(" token="LPARENTHESIS"><location loc="149.29--149.29"/></term><nont label="Expression"><nont label="ORXORExpression"><nont label="ANDExpression"><nont label="RelationalExpression"><nont label="ADDSUBExpression"><nont label="MULDIVExpression"><nont label="PrefixExpression"><term lexeme="@" token="DATA"><location loc="149.30--149.30"/></term><nont label="PrefixExpression"><nont label="PostfixExpression"><nont label="AtomicExpression"><term lexeme="t2d" token="IDENTIFIER"><location loc="149.31--149.33"/></term><nont label="ArgumentsOpt"/><location loc="149.31--149.33"/></nont><nont label="PostfixExpressionP"/><location loc="149.31--149.33"/></nont><location loc="149.31--149.33"/></nont><location loc="149.30--149.33"/></nont><nont label="MULDIVExpressionP"/><location loc="149.30--149.33"/></nont><nont label="ADDSUBExpressionP"/><location loc="149.30--149.33"/></nont><nont label="RelationalExpressionP"/><location loc="149.30--149.33"/></nont><nont label="ANDExpressionP"/><location loc="149.30--149.33"/></nont><nont label="ORXORExpressionP"/><location loc="149.30--149.33"/></nont><location loc="149.30--149.33"/></nont><nont label="PostfixExpressionPP"><term lexeme=")" token="RPARENTHESIS"><location loc="149.34--149.34"/></term><nont label="PostfixExpressionP"><term lexeme="[" token="LBRACKET"><location loc="149.35--149.35"/></term><nont label="Expression"><nont label="ORXORExpression"><nont label="ANDExpression"><nont label="RelationalExpression"><nont label="ADDSUBExpression"><nont label="MULDIVExpression"><nont label="PrefixExpression"><nont label="PostfixExpression"><nont label="AtomicExpression"><term lexeme="j" token="IDENTIFIER"><location loc="149.36--149.36"/></term><nont label="ArgumentsOpt"/><location loc="149.36--149.36"/></nont><nont label="PostfixExpressionP"/><location loc="149.36--149.36"/></nont><location loc="149.36--149.36"/></nont><nont label="MULDIVExpressionP"/><location loc="149.36--149.36"/></nont><nont label="ADDSUBExpressionP"/><location loc="149.36--149.36"/></nont><nont label="RelationalExpressionP"/><location loc="149.36--149.36"/></nont><nont label="ANDExpressionP"/><location loc="149.36--149.36"/></nont><nont label="ORXORExpressionP"/><location loc="149.36--149.36"/></nont><location loc="149.36--149.36"/></nont><term lexeme="]" token="RBRACKET"><location loc="149.37--149.37"/></term><nont label="PostfixExpressionP"><term lexeme="[" token="LBRACKET"><location loc="149.38--149.38"/></term><nont label="Expression"><nont label="ORXORExpression"><nont label="ANDExpression"><nont label="RelationalExpression"><nont label="ADDSUBExpression"><nont label="MULDIVExpression"><nont label="PrefixExpression"><nont label="PostfixExpression"><nont label="AtomicExpression"><term lexeme="i" token="IDENTIFIER"><location loc="149.39--149.39"/></term><nont label="ArgumentsOpt"/><location loc="149.39--149.39"/></nont><nont label="PostfixExpressionP"/><location loc="149.39--149.39"/></nont><location loc="149.39--149.39"/></nont><nont label="MULDIVExpressionP"/><location loc="149.39--149.39"/></nont><nont label="ADDSUBExpressionP"/><location loc="149.39--149.39"/></nont><nont label="RelationalExpressionP"/><location loc="149.39--149.39"/></nont><nont label="ANDExpressionP"/><location loc="149.39--149.39"/></nont><nont label="ORXORExpressionP"/><location loc="149.39--149.39"/></nont><location loc="149.39--149.39"/></nont><term lexeme="]" token="RBRACKET"><location loc="149.40--149.40"/></term><nont label="PostfixExpressionP"/><location loc="149.38--149.40"/></nont><location loc="149.35--149.40"/></nont><location loc="149.34--149.40"/></nont><location loc="149.29--149.40"/></nont><location loc="149.29--149.40"/></nont><nont label="MULDIVExpressionP"/><location loc="149.29--149.40"/></nont><nont label="ADDSUBExpressionP"/><location loc="149.29--149.40"/></nont><nont label="RelationalExpressionP"/><location loc="149.29--149.40"/></nont><nont label="ANDExpressionP"/><location loc="149.29--149.40"/></nont><nont label="ORXORExpressionP"/><location loc="149.29--149.40"/></nont><location loc="149.29--149.40"/></nont><term lexeme="]" token="RBRACKET"><location loc="149.41--149.41"/></term><nont label="PostfixExpressionP"/><location loc="149.28--149.41"/></nont><location loc="149.24--149.41"/></nont><location loc="149.24--149.41"/></nont><nont label="MULDIVExpressionP"/><location loc="149.24--149.41"/></nont><nont label="ADDSUBExpressionP"/><location loc="149.24--149.41"/></nont><nont label="RelationalExpressionP"/><location loc="149.24--149.41"/></nont><nont label="ANDExpressionP"/><location loc="149.24--149.41"/></nont><nont label="ORXORExpressionP"/><location loc="149.24--149.41"/></nont><location loc="149.24--149.41"/></nont><nont label="StatementP"><term lexeme="=" token="ASSIGN"><location loc="149.42--149.42"/></term><nont label="Expression"><nont label="ORXORExpression"><nont label="ANDExpression"><nont label="RelationalExpression"><nont label="ADDSUBExpression"><nont label="MULDIVExpression"><nont label="PrefixExpression"><nont label="PostfixExpression"><nont label="AtomicExpression"><term lexeme="true" token="BOOLCONST"><location loc="149.43--149.46"/></term><location loc="149.43--149.46"/></nont><nont label="PostfixExpressionP"/><location loc="149.43--149.46"/></nont><location loc="149.43--149.46"/></nont><nont label="MULDIVExpressionP"/><location loc="149.43--149.46"/></nont><nont label="ADDSUBExpressionP"/><location loc="149.43--149.46"/></nont><nont label="RelationalExpressionP"/><location loc="149.43--149.46"/></nont><nont label="ANDExpressionP"/><location loc="149.43--149.46"/></nont><nont label="ORXORExpressionP"/><location loc="149.43--149.46"/></nont><location loc="149.43--149.46"/></nont><location loc="149.42--149.46"/></nont><location loc="149.24--149.46"/></nont><term lexeme=";" token="SEMIC"><location loc="149.47--149.47"/></term><nont label="StatementsP"/><location loc="149.24--149.47"/></nont><location loc="149.19--149.47"/></nont><term lexeme="end" token="END"><location loc="150.17--150.19"/></term><location loc="147.17--150.19"/></nont><term lexeme=";" token="SEMIC"><location loc="150.20--150.20"/></term><nont label="StatementsP"/><location loc="147.17--150.20"/></nont><nont label="ElseOpt"/><term lexeme="end" token="END"><location loc="151.15--151.17"/></term><location loc="146.15--151.17"/></nont><term lexeme=";" token="SEMIC"><location loc="151.18--151.18"/></term><nont label="StatementsP"><nont label="Statement"><nont label="Expression"><nont label="ORXORExpression"><nont label="ANDExpression"><nont label="RelationalExpression"><nont label="ADDSUBExpression"><nont label="MULDIVExpression"><nont label="PrefixExpression"><nont label="PostfixExpression"><nont label="AtomicExpression"><term lexeme="i" token="IDENTIFIER"><location loc="152.15--152.15"/></term><nont label="ArgumentsOpt"/><location loc="152.15--152.15"/></nont><nont label="PostfixExpressionP"/><location loc="152.15--152.15"/></nont><location loc="152.15--152.15"/></nont><nont label="MULDIVExpressionP"/><location loc="152.15--152.15"/></nont><nont label="ADDSUBExpressionP"/><location loc="152.15--152.15"/></nont><nont label="RelationalExpressionP"/><location loc="152.15--152.15"/></nont><nont label="ANDExpressionP"/><location loc="152.15--152.15"/></nont><nont label="ORXORExpressionP"/><location loc="152.15--152.15"/></nont><location loc="152.15--152.15"/></nont><nont label="StatementP"><term lexeme="=" token="ASSIGN"><location loc="152.16--152.16"/></term><nont label="Expression"><nont label="ORXORExpression"><nont label="ANDExpression"><nont label="RelationalExpression"><nont label="ADDSUBExpression"><nont label="MULDIVExpression"><nont label="PrefixExpression"><nont label="PostfixExpression"><nont label="AtomicExpression"><term lexeme="i" token="IDENTIFIER"><location loc="152.17--152.17"/></term><nont label="ArgumentsOpt"/><location loc="152.17--152.17"/></nont><nont label="PostfixExpressionP"/><location loc="152.17--152.17"/></nont><location loc="152.17--152.17"/></nont><nont label="MULDIVExpressionP"/><location loc="152.17--152.17"/></nont><nont label="ADDSUBExpressionP"><term lexeme="+" token="ADD"><location loc="152.18--152.18"/></term><nont label="MULDIVExpression"><nont label="PrefixExpression"><nont label="PostfixExpression"><nont label="AtomicExpression"><term lexeme="1" token="INTCONST"><location loc="152.19--152.19"/></term><location loc="152.19--152.19"/></nont><nont label="PostfixExpressionP"/><location loc="152.19--152.19"/></nont><location loc="152.19--152.19"/></nont><nont label="MULDIVExpressionP"/><location loc="152.19--152.19"/></nont><nont label="ADDSUBExpressionP"/><location loc="152.18--152.19"/></nont><location loc="152.17--152.19"/></nont><nont label="RelationalExpressionP"/><location loc="152.17--152.19"/></nont><nont label="ANDExpressionP"/><location loc="152.17--152.19"/></nont><nont label="ORXORExpressionP"/><location loc="152.17--152.19"/></nont><location loc="152.17--152.19"/></nont><location loc="152.16--152.19"/></nont><location loc="152.15--152.19"/></nont><term lexeme=";" token="SEMIC"><location loc="152.20--152.20"/></term><nont label="StatementsP"/><location loc="152.15--152.20"/></nont><location loc="146.15--152.20"/></nont><term lexeme="end" token="END"><location loc="153.13--153.15"/></term><location loc="145.13--153.15"/></nont><term lexeme=";" token="SEMIC"><location loc="153.16--153.16"/></term><nont label="StatementsP"/><location loc="145.13--153.16"/></nont><location loc="144.13--153.16"/></nont><location loc="143.18--153.16"/></nont><location loc="143.13--153.16"/></nont><location loc="142.13--153.16"/></nont><term lexeme=":" token="COLON"><location loc="154.11--154.11"/></term><nont label="Expression"><nont label="ORXORExpression"><nont label="ANDExpression"><nont label="RelationalExpression"><nont label="ADDSUBExpression"><nont label="MULDIVExpression"><nont label="PrefixExpression"><nont label="PostfixExpression"><nont label="AtomicExpression"><term lexeme="check" token="IDENTIFIER"><location loc="154.13--154.17"/></term><nont label="ArgumentsOpt"/><location loc="154.13--154.17"/></nont><nont label="PostfixExpressionP"/><location loc="154.13--154.17"/></nont><location loc="154.13--154.17"/></nont><nont label="MULDIVExpressionP"/><location loc="154.13--154.17"/></nont><nont label="ADDSUBExpressionP"/><location loc="154.13--154.17"/></nont><nont label="RelationalExpressionP"/><location loc="154.13--154.17"/></nont><nont label="ANDExpressionP"/><location loc="154.13--154.17"/></nont><nont label="ORXORExpressionP"/><location loc="154.13--154.17"/></nont><location loc="154.13--154.17"/></nont><nont label="WhereOpt"><term lexeme="where" token="WHERE"><location loc="155.11--155.15"/></term><nont label="Declarations"><nont label="Declaration"><term lexeme="var" token="VAR"><location loc="156.13--156.15"/></term><term lexeme="mask" token="IDENTIFIER"><location loc="156.17--156.20"/></term><term lexeme=":" token="COLON"><location loc="156.21--156.21"/></term><nont label="Type"><term lexeme="arr" token="ARR"><location loc="156.22--156.24"/></term><term lexeme="[" token="LBRACKET"><location loc="156.25--156.25"/></term><nont label="Expression"><nont label="ORXORExpression"><nont label="ANDExpression"><nont label="RelationalExpression"><nont label="ADDSUBExpression"><nont label="MULDIVExpression"><nont label="PrefixExpression"><nont label="PostfixExpression"><nont label="AtomicExpression"><term lexeme="10" token="INTCONST"><location loc="156.26--156.27"/></term><location loc="156.26--156.27"/></nont><nont label="PostfixExpressionP"/><location loc="156.26--156.27"/></nont><location loc="156.26--156.27"/></nont><nont label="MULDIVExpressionP"/><location loc="156.26--156.27"/></nont><nont label="ADDSUBExpressionP"/><location loc="156.26--156.27"/></nont><nont label="RelationalExpressionP"/><location loc="156.26--156.27"/></nont><nont label="ANDExpressionP"/><location loc="156.26--156.27"/></nont><nont label="ORXORExpressionP"/><location loc="156.26--156.27"/></nont><location loc="156.26--156.27"/></nont><term lexeme="]" token="RBRACKET"><location loc="156.28--156.28"/></term><nont label="Type"><term lexeme="bool" token="BOOL"><location loc="156.30--156.33"/></term><location loc="156.30--156.33"/></nont><location loc="156.22--156.33"/></nont><term lexeme=";" token="SEMIC"><location loc="156.34--156.34"/></term><location loc="156.13--156.34"/></nont><nont label="DeclarationsP"><nont label="Declaration"><term lexeme="var" token="VAR"><location loc="157.13--157.15"/></term><term lexeme="i" token="IDENTIFIER"><location loc="157.17--157.17"/></term><term lexeme=":" token="COLON"><location loc="157.18--157.18"/></term><nont label="Type"><term lexeme="int" token="INT"><location loc="157.19--157.21"/></term><location loc="157.19--157.21"/></nont><term lexeme=";" token="SEMIC"><location loc="157.22--157.22"/></term><location loc="157.13--157.22"/></nont><nont label="DeclarationsP"><nont label="Declaration"><term lexeme="var" token="VAR"><location loc="158.13--158.15"/></term><term lexeme="check" token="IDENTIFIER"><location loc="158.17--158.21"/></term><term lexeme=":" token="COLON"><location loc="158.22--158.22"/></term><nont label="Type"><term lexeme="bool" token="BOOL"><location loc="158.23--158.26"/></term><location loc="158.23--158.26"/></nont><term lexeme=";" token="SEMIC"><location loc="158.27--158.27"/></term><location loc="158.13--158.27"/></nont><nont label="DeclarationsP"/><location loc="158.13--158.27"/></nont><location loc="157.13--158.27"/></nont><location loc="156.13--158.27"/></nont><location loc="155.11--158.27"/></nont><term lexeme="}" token="RBRACE"><location loc="159.11--159.11"/></term><location loc="142.11--159.11"/></nont><nont label="PostfixExpressionP"/><location loc="142.11--159.11"/></nont><location loc="142.11--159.11"/></nont><nont label="MULDIVExpressionP"/><location loc="142.11--159.11"/></nont><nont label="ADDSUBExpressionP"/><location loc="142.11--159.11"/></nont><nont label="RelationalExpressionP"/><location loc="142.11--159.11"/></nont><nont label="ANDExpressionP"/><location loc="142.11--159.11"/></nont><nont label="ORXORExpressionP"/><location loc="142.11--159.11"/></nont><location loc="142.11--159.11"/></nont><location loc="142.10--159.11"/></nont><term lexeme=";" token="SEMIC"><location loc="159.12--159.12"/></term><location loc="141.7--159.12"/></nont><nont label="DeclarationsP"><nont label="Declaration"><term lexeme="fun" token="FUN"><location loc="160.7--160.9"/></term><term lexeme="check_v" token="IDENTIFIER"><location loc="160.11--160.17"/></term><term lexeme="(" token="LPARENTHESIS"><location loc="160.18--160.18"/></term><nont label="ParametersOpt"><nont label="Parameters"><term lexeme="i" token="IDENTIFIER"><location loc="160.19--160.19"/></term><term lexeme=":" token="COLON"><location loc="160.20--160.20"/></term><nont label="Type"><term lexeme="int" token="INT"><location loc="160.21--160.23"/></term><location loc="160.21--160.23"/></nont><nont label="ParametersP"/><location loc="160.19--160.23"/></nont><location loc="160.19--160.23"/></nont><term lexeme=")" token="RPARENTHESIS"><location loc="160.24--160.24"/></term><term lexeme=":" token="COLON"><location loc="160.25--160.25"/></term><nont label="Type"><term lexeme="bool" token="BOOL"><location loc="160.26--160.29"/></term><location loc="160.26--160.29"/></nont><nont label="FunctionBodyOpt"><term lexeme="=" token="ASSIGN"><location loc="161.10--161.10"/></term><nont label="Expression"><nont label="ORXORExpression"><nont label="ANDExpression"><nont label="RelationalExpression"><nont label="ADDSUBExpression"><nont label="MULDIVExpression"><nont label="PrefixExpression"><nont label="PostfixExpression"><nont label="AtomicExpression"><term lexeme="{" token="LBRACE"><location loc="161.11--161.11"/></term><nont label="Statements"><nont label="Statement"><nont label="Expression"><nont label="ORXORExpression"><nont label="ANDExpression"><nont label="RelationalExpression"><nont label="ADDSUBExpression"><nont label="MULDIVExpression"><nont label="PrefixExpression"><nont label="PostfixExpression"><nont label="AtomicExpression"><term lexeme="check" token="IDENTIFIER"><location loc="161.13--161.17"/></term><nont label="ArgumentsOpt"/><location loc="161.13--161.17"/></nont><nont label="PostfixExpressionP"/><location loc="161.13--161.17"/></nont><location loc="161.13--161.17"/></nont><nont label="MULDIVExpressionP"/><location loc="161.13--161.17"/></nont><nont label="ADDSUBExpressionP"/><location loc="161.13--161.17"/></nont><nont label="RelationalExpressionP"/><location loc="161.13--161.17"/></nont><nont label="ANDExpressionP"/><location loc="161.13--161.17"/></nont><nont label="ORXORExpressionP"/><location loc="161.13--161.17"/></nont><location loc="161.13--161.17"/></nont><nont label="StatementP"><term lexeme="=" token="ASSIGN"><location loc="161.18--161.18"/></term><nont label="Expression"><nont label="ORXORExpression"><nont label="ANDExpression"><nont label="RelationalExpression"><nont label="ADDSUBExpression"><nont label="MULDIVExpression"><nont label="PrefixExpression"><nont label="PostfixExpression"><nont label="AtomicExpression"><term lexeme="true" token="BOOLCONST"><location loc="161.19--161.22"/></term><location loc="161.19--161.22"/></nont><nont label="PostfixExpressionP"/><location loc="161.19--161.22"/></nont><location loc="161.19--161.22"/></nont><nont label="MULDIVExpressionP"/><location loc="161.19--161.22"/></nont><nont label="ADDSUBExpressionP"/><location loc="161.19--161.22"/></nont><nont label="RelationalExpressionP"/><location loc="161.19--161.22"/></nont><nont label="ANDExpressionP"/><location loc="161.19--161.22"/></nont><nont label="ORXORExpressionP"/><location loc="161.19--161.22"/></nont><location loc="161.19--161.22"/></nont><location loc="161.18--161.22"/></nont><location loc="161.13--161.22"/></nont><term lexeme=";" token="SEMIC"><location loc="161.23--161.23"/></term><nont label="StatementsP"><nont label="Statement"><nont label="Expression"><nont label="ORXORExpression"><nont label="ANDExpression"><nont label="RelationalExpression"><nont label="ADDSUBExpression"><nont label="MULDIVExpression"><nont label="PrefixExpression"><nont label="PostfixExpression"><nont label="AtomicExpression"><term lexeme="j" token="IDENTIFIER"><location loc="162.13--162.13"/></term><nont label="ArgumentsOpt"/><location loc="162.13--162.13"/></nont><nont label="PostfixExpressionP"/><location loc="162.13--162.13"/></nont><location loc="162.13--162.13"/></nont><nont label="MULDIVExpressionP"/><location loc="162.13--162.13"/></nont><nont label="ADDSUBExpressionP"/><location loc="162.13--162.13"/></nont><nont label="RelationalExpressionP"/><location loc="162.13--162.13"/></nont><nont label="ANDExpressionP"/><location loc="162.13--162.13"/></nont><nont label="ORXORExpressionP"/><location loc="162.13--162.13"/></nont><location loc="162.13--162.13"/></nont><nont label="StatementP"><term lexeme="=" token="ASSIGN"><location loc="162.14--162.14"/></term><nont label="Expression"><nont label="ORXORExpression"><nont label="ANDExpression"><nont label="RelationalExpression"><nont label="ADDSUBExpression"><nont label="MULDIVExpression"><nont label="PrefixExpression"><nont label="PostfixExpression"><nont label="AtomicExpression"><term lexeme="1" token="INTCONST"><location loc="162.15--162.15"/></term><location loc="162.15--162.15"/></nont><nont label="PostfixExpressionP"/><location loc="162.15--162.15"/></nont><location loc="162.15--162.15"/></nont><nont label="MULDIVExpressionP"/><location loc="162.15--162.15"/></nont><nont label="ADDSUBExpressionP"/><location loc="162.15--162.15"/></nont><nont label="RelationalExpressionP"/><location loc="162.15--162.15"/></nont><nont label="ANDExpressionP"/><location loc="162.15--162.15"/></nont><nont label="ORXORExpressionP"/><location loc="162.15--162.15"/></nont><location loc="162.15--162.15"/></nont><location loc="162.14--162.15"/></nont><location loc="162.13--162.15"/></nont><term lexeme=";" token="SEMIC"><location loc="162.16--162.16"/></term><nont label="StatementsP"><nont label="Statement"><term lexeme="while" token="WHILE"><location loc="162.18--162.22"/></term><nont label="Expression"><nont label="ORXORExpression"><nont label="ANDExpression"><nont label="RelationalExpression"><nont label="ADDSUBExpression"><nont label="MULDIVExpression"><nont label="PrefixExpression"><nont label="PostfixExpression"><nont label="AtomicExpression"><term lexeme="j" token="IDENTIFIER"><location loc="162.24--162.24"/></term><nont label="ArgumentsOpt"/><location loc="162.24--162.24"/></nont><nont label="PostfixExpressionP"/><location loc="162.24--162.24"/></nont><location loc="162.24--162.24"/></nont><nont label="MULDIVExpressionP"/><location loc="162.24--162.24"/></nont><nont label="ADDSUBExpressionP"/><location loc="162.24--162.24"/></nont><nont label="RelationalExpressionP"><term lexeme="&lt;=" token="LEQ"><location loc="162.25--162.26"/></term><nont label="ADDSUBExpression"><nont label="MULDIVExpression"><nont label="PrefixExpression"><nont label="PostfixExpression"><nont label="AtomicExpression"><term lexeme="9" token="INTCONST"><location loc="162.27--162.27"/></term><location loc="162.27--162.27"/></nont><nont label="PostfixExpressionP"/><location loc="162.27--162.27"/></nont><location loc="162.27--162.27"/></nont><nont label="MULDIVExpressionP"/><location loc="162.27--162.27"/></nont><nont label="ADDSUBExpressionP"/><location loc="162.27--162.27"/></nont><location loc="162.25--162.27"/></nont><location loc="162.24--162.27"/></nont><nont label="ANDExpressionP"/><location loc="162.24--162.27"/></nont><nont label="ORXORExpressionP"/><location loc="162.24--162.27"/></nont><location loc="162.24--162.27"/></nont><term lexeme="do" token="DO"><location loc="162.29--162.30"/></term><nont label="Statements"><nont label="Statement"><nont label="Expression"><nont label="ORXORExpression"><nont label="ANDExpression"><nont label="RelationalExpression"><nont label="ADDSUBExpression"><nont label="MULDIVExpression"><nont label="PrefixExpression"><nont label="PostfixExpression"><nont label="AtomicExpression"><term lexeme="mask" token="IDENTIFIER"><location loc="162.32--162.35"/></term><nont label="ArgumentsOpt"/><location loc="162.32--162.35"/></nont><nont label="PostfixExpressionP"><term lexeme="[" token="LBRACKET"><location loc="162.36--162.36"/></term><nont label="Expression"><nont label="ORXORExpression"><nont label="ANDExpression"><nont label="RelationalExpression"><nont label="ADDSUBExpression"><nont label="MULDIVExpression"><nont label="PrefixExpression"><nont label="PostfixExpression"><nont label="AtomicExpression"><term lexeme="j" token="IDENTIFIER"><location loc="162.37--162.37"/></term><nont label="ArgumentsOpt"/><location loc="162.37--162.37"/></nont><nont label="PostfixExpressionP"/><location loc="162.37--162.37"/></nont><location loc="162.37--162.37"/></nont><nont label="MULDIVExpressionP"/><location loc="162.37--162.37"/></nont><nont label="ADDSUBExpressionP"/><location loc="162.37--162.37"/></nont><nont label="RelationalExpressionP"/><location loc="162.37--162.37"/></nont><nont label="ANDExpressionP"/><location loc="162.37--162.37"/></nont><nont label="ORXORExpressionP"/><location loc="162.37--162.37"/></nont><location loc="162.37--162.37"/></nont><term lexeme="]" token="RBRACKET"><location loc="162.38--162.38"/></term><nont label="PostfixExpressionP"/><location loc="162.36--162.38"/></nont><location loc="162.32--162.38"/></nont><location loc="162.32--162.38"/></nont><nont label="MULDIVExpressionP"/><location loc="162.32--162.38"/></nont><nont label="ADDSUBExpressionP"/><location loc="162.32--162.38"/></nont><nont label="RelationalExpressionP"/><location loc="162.32--162.38"/></nont><nont label="ANDExpressionP"/><location loc="162.32--162.38"/></nont><nont label="ORXORExpressionP"/><location loc="162.32--162.38"/></nont><location loc="162.32--162.38"/></nont><nont label="StatementP"><term lexeme="=" token="ASSIGN"><location loc="162.39--162.39"/></term><nont label="Expression"><nont label="ORXORExpression"><nont label="ANDExpression"><nont label="RelationalExpression"><nont label="ADDSUBExpression"><nont label="MULDIVExpression"><nont label="PrefixExpression"><nont label="PostfixExpression"><nont label="AtomicExpression"><term lexeme="false" token="BOOLCONST"><location loc="162.40--162.44"/></term><location loc="162.40--162.44"/></nont><nont label="PostfixExpressionP"/><location loc="162.40--162.44"/></nont><location loc="162.40--162.44"/></nont><nont label="MULDIVExpressionP"/><location loc="162.40--162.44"/></nont><nont label="ADDSUBExpressionP"/><location loc="162.40--162.44"/></nont><nont label="RelationalExpressionP"/><location loc="162.40--162.44"/></nont><nont label="ANDExpressionP"/><location loc="162.40--162.44"/></nont><nont label="ORXORExpressionP"/><location loc="162.40--162.44"/></nont><location loc="162.40--162.44"/></nont><location loc="162.39--162.44"/></nont><location loc="162.32--162.44"/></nont><term lexeme=";" token="SEMIC"><location loc="162.45--162.45"/></term><nont label="StatementsP"><nont label="Statement"><nont label="Expression"><nont label="ORXORExpression"><nont label="ANDExpression"><nont label="RelationalExpression"><nont label="ADDSUBExpression"><nont label="MULDIVExpression"><nont label="PrefixExpression"><nont label="PostfixExpression"><nont label="AtomicExpression"><term lexeme="j" token="IDENTIFIER"><location loc="162.47--162.47"/></term><nont label="ArgumentsOpt"/><location loc="162.47--162.47"/></nont><nont label="PostfixExpressionP"/><location loc="162.47--162.47"/></nont><location loc="162.47--162.47"/></nont><nont label="MULDIVExpressionP"/><location loc="162.47--162.47"/></nont><nont label="ADDSUBExpressionP"/><location loc="162.47--162.47"/></nont><nont label="RelationalExpressionP"/><location loc="162.47--162.47"/></nont><nont label="ANDExpressionP"/><location loc="162.47--162.47"/></nont><nont label="ORXORExpressionP"/><location loc="162.47--162.47"/></nont><location loc="162.47--162.47"/></nont><nont label="StatementP"><term lexeme="=" token="ASSIGN"><location loc="162.48--162.48"/></term><nont label="Expression"><nont label="ORXORExpression"><nont label="ANDExpression"><nont label="RelationalExpression"><nont label="ADDSUBExpression"><nont label="MULDIVExpression"><nont label="PrefixExpression"><nont label="PostfixExpression"><nont label="AtomicExpression"><term lexeme="j" token="IDENTIFIER"><location loc="162.49--162.49"/></term><nont label="ArgumentsOpt"/><location loc="162.49--162.49"/></nont><nont label="PostfixExpressionP"/><location loc="162.49--162.49"/></nont><location loc="162.49--162.49"/></nont><nont label="MULDIVExpressionP"/><location loc="162.49--162.49"/></nont><nont label="ADDSUBExpressionP"><term lexeme="+" token="ADD"><location loc="162.50--162.50"/></term><nont label="MULDIVExpression"><nont label="PrefixExpression"><nont label="PostfixExpression"><nont label="AtomicExpression"><term lexeme="1" token="INTCONST"><location loc="162.51--162.51"/></term><location loc="162.51--162.51"/></nont><nont label="PostfixExpressionP"/><location loc="162.51--162.51"/></nont><location loc="162.51--162.51"/></nont><nont label="MULDIVExpressionP"/><location loc="162.51--162.51"/></nont><nont label="ADDSUBExpressionP"/><location loc="162.50--162.51"/></nont><location loc="162.49--162.51"/></nont><nont label="RelationalExpressionP"/><location loc="162.49--162.51"/></nont><nont label="ANDExpressionP"/><location loc="162.49--162.51"/></nont><nont label="ORXORExpressionP"/><location loc="162.49--162.51"/></nont><location loc="162.49--162.51"/></nont><location loc="162.48--162.51"/></nont><location loc="162.47--162.51"/></nont><term lexeme=";" token="SEMIC"><location loc="162.52--162.52"/></term><nont label="StatementsP"/><location loc="162.47--162.52"/></nont><location loc="162.32--162.52"/></nont><term lexeme="end" token="END"><location loc="162.54--162.56"/></term><location loc="162.18--162.56"/></nont><term lexeme=";" token="SEMIC"><location loc="162.57--162.57"/></term><nont label="StatementsP"><nont label="Statement"><nont label="Expression"><nont label="ORXORExpression"><nont label="ANDExpression"><nont label="RelationalExpression"><nont label="ADDSUBExpression"><nont label="MULDIVExpression"><nont label="PrefixExpression"><nont label="PostfixExpression"><nont label="AtomicExpression"><term lexeme="j" token="IDENTIFIER"><location loc="163.13--163.13"/></term><nont label="ArgumentsOpt"/><location loc="163.13--163.13"/></nont><nont label="PostfixExpressionP"/><location loc="163.13--163.13"/></nont><location loc="163.13--163.13"/></nont><nont label="MULDIVExpressionP"/><location loc="163.13--163.13"/></nont><nont label="ADDSUBExpressionP"/><location loc="163.13--163.13"/></nont><nont label="RelationalExpressionP"/><location loc="163.13--163.13"/></nont><nont label="ANDExpressionP"/><location loc="163.13--163.13"/></nont><nont label="ORXORExpressionP"/><location loc="163.13--163.13"/></nont><location loc="163.13--163.13"/></nont><nont label="StatementP"><term lexeme="=" token="ASSIGN"><location loc="163.14--163.14"/></term><nont label="Expression"><nont label="ORXORExpression"><nont label="ANDExpression"><nont label="RelationalExpression"><nont label="ADDSUBExpression"><nont label="MULDIVExpression"><nont label="PrefixExpression"><nont label="PostfixExpression"><nont label="AtomicExpression"><term lexeme="0" token="INTCONST"><location loc="163.15--163.15"/></term><location loc="163.15--163.15"/></nont><nont label="PostfixExpressionP"/><location loc="163.15--163.15"/></nont><location loc="163.15--163.15"/></nont><nont label="MULDIVExpressionP"/><location loc="163.15--163.15"/></nont><nont label="ADDSUBExpressionP"/><location loc="163.15--163.15"/></nont><nont label="RelationalExpressionP"/><location loc="163.15--163.15"/></nont><nont label="ANDExpressionP"/><location loc="163.15--163.15"/></nont><nont label="ORXORExpressionP"/><location loc="163.15--163.15"/></nont><location loc="163.15--163.15"/></nont><location loc="163.14--163.15"/></nont><location loc="163.13--163.15"/></nont><term lexeme=";" token="SEMIC"><location loc="163.16--163.16"/></term><nont label="StatementsP"><nont label="Statement"><term lexeme="while" token="WHILE"><location loc="164.13--164.17"/></term><nont label="Expression"><nont label="ORXORExpression"><nont label="ANDExpression"><nont label="RelationalExpression"><nont label="ADDSUBExpression"><nont label="MULDIVExpression"><nont label="PrefixExpression"><nont label="PostfixExpression"><nont label="AtomicExpression"><term lexeme="j" token="IDENTIFIER"><location loc="164.19--164.19"/></term><nont label="ArgumentsOpt"/><location loc="164.19--164.19"/></nont><nont label="PostfixExpressionP"/><location loc="164.19--164.19"/></nont><location loc="164.19--164.19"/></nont><nont label="MULDIVExpressionP"/><location loc="164.19--164.19"/></nont><nont label="ADDSUBExpressionP"/><location loc="164.19--164.19"/></nont><nont label="RelationalExpressionP"><term lexeme="&lt;" token="LTH"><location loc="164.20--164.20"/></term><nont label="ADDSUBExpression"><nont label="MULDIVExpression"><nont label="PrefixExpression"><nont label="PostfixExpression"><nont label="AtomicExpression"><term lexeme="9" token="INTCONST"><location loc="164.21--164.21"/></term><location loc="164.21--164.21"/></nont><nont label="PostfixExpressionP"/><location loc="164.21--164.21"/></nont><location loc="164.21--164.21"/></nont><nont label="MULDIVExpressionP"/><location loc="164.21--164.21"/></nont><nont label="ADDSUBExpressionP"/><location loc="164.21--164.21"/></nont><location loc="164.20--164.21"/></nont><location loc="164.19--164.21"/></nont><nont label="ANDExpressionP"/><location loc="164.19--164.21"/></nont><nont label="ORXORExpressionP"/><location loc="164.19--164.21"/></nont><location loc="164.19--164.21"/></nont><term lexeme="do" token="DO"><location loc="164.23--164.24"/></term><nont label="Statements"><nont label="Statement"><term lexeme="if" token="IF"><location loc="165.15--165.16"/></term><nont label="Expression"><nont label="ORXORExpression"><nont label="ANDExpression"><nont label="RelationalExpression"><nont label="ADDSUBExpression"><nont label="MULDIVExpression"><nont label="PrefixExpression"><nont label="PostfixExpression"><term lexeme="(" token="LPARENTHESIS"><location loc="165.18--165.18"/></term><nont label="Expression"><nont label="ORXORExpression"><nont label="ANDExpression"><nont label="RelationalExpression"><nont label="ADDSUBExpression"><nont label="MULDIVExpression"><nont label="PrefixExpression"><term lexeme="@" token="DATA"><location loc="165.19--165.19"/></term><nont label="PrefixExpression"><nont label="PostfixExpression"><nont label="AtomicExpression"><term lexeme="t2d" token="IDENTIFIER"><location loc="165.20--165.22"/></term><nont label="ArgumentsOpt"/><location loc="165.20--165.22"/></nont><nont label="PostfixExpressionP"/><location loc="165.20--165.22"/></nont><location loc="165.20--165.22"/></nont><location loc="165.19--165.22"/></nont><nont label="MULDIVExpressionP"/><location loc="165.19--165.22"/></nont><nont label="ADDSUBExpressionP"/><location loc="165.19--165.22"/></nont><nont label="RelationalExpressionP"/><location loc="165.19--165.22"/></nont><nont label="ANDExpressionP"/><location loc="165.19--165.22"/></nont><nont label="ORXORExpressionP"/><location loc="165.19--165.22"/></nont><location loc="165.19--165.22"/></nont><nont label="PostfixExpressionPP"><term lexeme=")" token="RPARENTHESIS"><location loc="165.23--165.23"/></term><nont label="PostfixExpressionP"><term lexeme="[" token="LBRACKET"><location loc="165.24--165.24"/></term><nont label="Expression"><nont label="ORXORExpression"><nont label="ANDExpression"><nont label="RelationalExpression"><nont label="ADDSUBExpression"><nont label="MULDIVExpression"><nont label="PrefixExpression"><nont label="PostfixExpression"><nont label="AtomicExpression"><term lexeme="j" token="IDENTIFIER"><location loc="165.25--165.25"/></term><nont label="ArgumentsOpt"/><location loc="165.25--165.25"/></nont><nont label="PostfixExpressionP"/><location loc="165.25--165.25"/></nont><location loc="165.25--165.25"/></nont><nont label="MULDIVExpressionP"/><location loc="165.25--165.25"/></nont><nont label="ADDSUBExpressionP"/><location loc="165.25--165.25"/></nont><nont label="RelationalExpressionP"/><location loc="165.25--165.25"/></nont><nont label="ANDExpressionP"/><location loc="165.25--165.25"/></nont><nont label="ORXORExpressionP"/><location loc="165.25--165.25"/></nont><location loc="165.25--165.25"/></nont><term lexeme="]" token="RBRACKET"><location loc="165.26--165.26"/></term><nont label="PostfixExpressionP"><term lexeme="[" token="LBRACKET"><location loc="165.27--165.27"/></term><nont label="Expression"><nont label="ORXORExpression"><nont label="ANDExpression"><nont label="RelationalExpression"><nont label="ADDSUBExpression"><nont label="MULDIVExpression"><nont label="PrefixExpression"><nont label="PostfixExpression"><nont label="AtomicExpression"><term lexeme="i" token="IDENTIFIER"><location loc="165.28--165.28"/></term><nont label="ArgumentsOpt"/><location loc="165.28--165.28"/></nont><nont label="PostfixExpressionP"/><location loc="165.28--165.28"/></nont><location loc="165.28--165.28"/></nont><nont label="MULDIVExpressionP"/><location loc="165.28--165.28"/></nont><nont label="ADDSUBExpressionP"/><location loc="165.28--165.28"/></nont><nont label="RelationalExpressionP"/><location loc="165.28--165.28"/></nont><nont label="ANDExpressionP"/><location loc="165.28--165.28"/></nont><nont label="ORXORExpressionP"/><location loc="165.28--165.28"/></nont><location loc="165.28--165.28"/></nont><term lexeme="]" token="RBRACKET"><location loc="165.29--165.29"/></term><nont label="PostfixExpressionP"/><location loc="165.27--165.29"/></nont><location loc="165.24--165.29"/></nont><location loc="165.23--165.29"/></nont><location loc="165.18--165.29"/></nont><location loc="165.18--165.29"/></nont><nont label="MULDIVExpressionP"/><location loc="165.18--165.29"/></nont><nont label="ADDSUBExpressionP"/><location loc="165.18--165.29"/></nont><nont label="RelationalExpressionP"><term lexeme="!=" token="NEQ"><location loc="165.30--165.31"/></term><nont label="ADDSUBExpression"><nont label="MULDIVExpression"><nont label="PrefixExpression"><nont label="PostfixExpression"><nont label="AtomicExpression"><term lexeme="0" token="INTCONST"><location loc="165.32--165.32"/></term><location loc="165.32--165.32"/></nont><nont label="PostfixExpressionP"/><location loc="165.32--165.32"/></nont><location loc="165.32--165.32"/></nont><nont label="MULDIVExpressionP"/><location loc="165.32--165.32"/></nont><nont label="ADDSUBExpressionP"/><location loc="165.32--165.32"/></nont><location loc="165.30--165.32"/></nont><location loc="165.18--165.32"/></nont><nont label="ANDExpressionP"/><location loc="165.18--165.32"/></nont><nont label="ORXORExpressionP"/><location loc="165.18--165.32"/></nont><location loc="165.18--165.32"/></nont><term lexeme="then" token="THEN"><location loc="165.34--165.37"/></term><nont label="Statements"><nont label="Statement"><term lexeme="if" token="IF"><location loc="166.17--166.18"/></term><nont label="Expression"><nont label="ORXORExpression"><nont label="ANDExpression"><nont label="RelationalExpression"><nont label="ADDSUBExpression"><nont label="MULDIVExpression"><nont label="PrefixExpression"><nont label="PostfixExpression"><nont label="AtomicExpression"><term lexeme="mask" token="IDENTIFIER"><location loc="166.20--166.23"/></term><nont label="ArgumentsOpt"/><location loc="166.20--166.23"/></nont><nont label="PostfixExpressionP"><term lexeme="[" token="LBRACKET"><location loc="166.24--166.24"/></term><nont label="Expression"><nont label="ORXORExpression"><nont label="ANDExpression"><nont label="RelationalExpression"><nont label="ADDSUBExpression"><nont label="MULDIVExpression"><nont label="PrefixExpression"><nont label="PostfixExpression"><term lexeme="(" token="LPARENTHESIS"><location loc="166.25--166.25"/></term><nont label="Expression"><nont label="ORXORExpression"><nont label="ANDExpression"><nont label="RelationalExpression"><nont label="ADDSUBExpression"><nont label="MULDIVExpression"><nont label="PrefixExpression"><term lexeme="@" token="DATA"><location loc="166.26--166.26"/></term><nont label="PrefixExpression"><nont label="PostfixExpression"><nont label="AtomicExpression"><term lexeme="t2d" token="IDENTIFIER"><location loc="166.27--166.29"/></term><nont label="ArgumentsOpt"/><location loc="166.27--166.29"/></nont><nont label="PostfixExpressionP"/><location loc="166.27--166.29"/></nont><location loc="166.27--166.29"/></nont><location loc="166.26--166.29"/></nont><nont label="MULDIVExpressionP"/><location loc="166.26--166.29"/></nont><nont label="ADDSUBExpressionP"/><location loc="166.26--166.29"/></nont><nont label="RelationalExpressionP"/><location loc="166.26--166.29"/></nont><nont label="ANDExpressionP"/><location loc="166.26--166.29"/></nont><nont label="ORXORExpressionP"/><location loc="166.26--166.29"/></nont><location loc="166.26--166.29"/></nont><nont label="PostfixExpressionPP"><term lexeme=")" token="RPARENTHESIS"><location loc="166.30--166.30"/></term><nont label="PostfixExpressionP"><term lexeme="[" token="LBRACKET"><location loc="166.31--166.31"/></term><nont label="Expression"><nont label="ORXORExpression"><nont label="ANDExpression"><nont label="RelationalExpression"><nont label="ADDSUBExpression"><nont label="MULDIVExpression"><nont label="PrefixExpression"><nont label="PostfixExpression"><nont label="AtomicExpression"><term lexeme="j" token="IDENTIFIER"><location loc="166.32--166.32"/></term><nont label="ArgumentsOpt"/><location loc="166.32--166.32"/></nont><nont label="PostfixExpressionP"/><location loc="166.32--166.32"/></nont><location loc="166.32--166.32"/></nont><nont label="MULDIVExpressionP"/><location loc="166.32--166.32"/></nont><nont label="ADDSUBExpressionP"/><location loc="166.32--166.32"/></nont><nont label="RelationalExpressionP"/><location loc="166.32--166.32"/></nont><nont label="ANDExpressionP"/><location loc="166.32--166.32"/></nont><nont label="ORXORExpressionP"/><location loc="166.32--166.32"/></nont><location loc="166.32--166.32"/></nont><term lexeme="]" token="RBRACKET"><location loc="166.33--166.33"/></term><nont label="PostfixExpressionP"><term lexeme="[" token="LBRACKET"><location loc="166.34--166.34"/></term><nont label="Expression"><nont label="ORXORExpression"><nont label="ANDExpression"><nont label="RelationalExpression"><nont label="ADDSUBExpression"><nont label="MULDIVExpression"><nont label="PrefixExpression"><nont label="PostfixExpression"><nont label="AtomicExpression"><term lexeme="i" token="IDENTIFIER"><location loc="166.35--166.35"/></term><nont label="ArgumentsOpt"/><location loc="166.35--166.35"/></nont><nont label="PostfixExpressionP"/><location loc="166.35--166.35"/></nont><location loc="166.35--166.35"/></nont><nont label="MULDIVExpressionP"/><location loc="166.35--166.35"/></nont><nont label="ADDSUBExpressionP"/><location loc="166.35--166.35"/></nont><nont label="RelationalExpressionP"/><location loc="166.35--166.35"/></nont><nont label="ANDExpressionP"/><location loc="166.35--166.35"/></nont><nont label="ORXORExpressionP"/><location loc="166.35--166.35"/></nont><location loc="166.35--166.35"/></nont><term lexeme="]" token="RBRACKET"><location loc="166.36--166.36"/></term><nont label="PostfixExpressionP"/><location loc="166.34--166.36"/></nont><location loc="166.31--166.36"/></nont><location loc="166.30--166.36"/></nont><location loc="166.25--166.36"/></nont><location loc="166.25--166.36"/></nont><nont label="MULDIVExpressionP"/><location loc="166.25--166.36"/></nont><nont label="ADDSUBExpressionP"/><location loc="166.25--166.36"/></nont><nont label="RelationalExpressionP"/><location loc="166.25--166.36"/></nont><nont label="ANDExpressionP"/><location loc="166.25--166.36"/></nont><nont label="ORXORExpressionP"/><location loc="166.25--166.36"/></nont><location loc="166.25--166.36"/></nont><term lexeme="]" token="RBRACKET"><location loc="166.37--166.37"/></term><nont label="PostfixExpressionP"/><location loc="166.24--166.37"/></nont><location loc="166.20--166.37"/></nont><location loc="166.20--166.37"/></nont><nont label="MULDIVExpressionP"/><location loc="166.20--166.37"/></nont><nont label="ADDSUBExpressionP"/><location loc="166.20--166.37"/></nont><nont label="RelationalExpressionP"/><location loc="166.20--166.37"/></nont><nont label="ANDExpressionP"/><location loc="166.20--166.37"/></nont><nont label="ORXORExpressionP"/><location loc="166.20--166.37"/></nont><location loc="166.20--166.37"/></nont><term lexeme="then" token="THEN"><location loc="167.19--167.22"/></term><nont label="Statements"><nont label="Statement"><nont label="Expression"><nont label="ORXORExpression"><nont label="ANDExpression"><nont label="RelationalExpression"><nont label="ADDSUBExpression"><nont label="MULDIVExpression"><nont label="PrefixExpression"><nont label="PostfixExpression"><nont label="AtomicExpression"><term lexeme="check" token="IDENTIFIER"><location loc="167.24--167.28"/></term><nont label="ArgumentsOpt"/><location loc="167.24--167.28"/></nont><nont label="PostfixExpressionP"/><location loc="167.24--167.28"/></nont><location loc="167.24--167.28"/></nont><nont label="MULDIVExpressionP"/><location loc="167.24--167.28"/></nont><nont label="ADDSUBExpressionP"/><location loc="167.24--167.28"/></nont><nont label="RelationalExpressionP"/><location loc="167.24--167.28"/></nont><nont label="ANDExpressionP"/><location loc="167.24--167.28"/></nont><nont label="ORXORExpressionP"/><location loc="167.24--167.28"/></nont><location loc="167.24--167.28"/></nont><nont label="StatementP"><term lexeme="=" token="ASSIGN"><location loc="167.29--167.29"/></term><nont label="Expression"><nont label="ORXORExpression"><nont label="ANDExpression"><nont label="RelationalExpression"><nont label="ADDSUBExpression"><nont label="MULDIVExpression"><nont label="PrefixExpression"><nont label="PostfixExpression"><nont label="AtomicExpression"><term lexeme="false" token="BOOLCONST"><location loc="167.30--167.34"/></term><location loc="167.30--167.34"/></nont><nont label="PostfixExpressionP"/><location loc="167.30--167.34"/></nont><location loc="167.30--167.34"/></nont><nont label="MULDIVExpressionP"/><location loc="167.30--167.34"/></nont><nont label="ADDSUBExpressionP"/><location loc="167.30--167.34"/></nont><nont label="RelationalExpressionP"/><location loc="167.30--167.34"/></nont><nont label="ANDExpressionP"/><location loc="167.30--167.34"/></nont><nont label="ORXORExpressionP"/><location loc="167.30--167.34"/></nont><location loc="167.30--167.34"/></nont><location loc="167.29--167.34"/></nont><location loc="167.24--167.34"/></nont><term lexeme=";" token="SEMIC"><location loc="167.35--167.35"/></term><nont label="StatementsP"/><location loc="167.24--167.35"/></nont><nont label="ElseOpt"><term lexeme="else" token="ELSE"><location loc="168.19--168.22"/></term><nont label="Statements"><nont label="Statement"><nont label="Expression"><nont label="ORXORExpression"><nont label="ANDExpression"><nont label="RelationalExpression"><nont label="ADDSUBExpression"><nont label="MULDIVExpression"><nont label="PrefixExpression"><nont label="PostfixExpression"><nont label="AtomicExpression"><term lexeme="mask" token="IDENTIFIER"><location loc="168.24--168.27"/></term><nont label="ArgumentsOpt"/><location loc="168.24--168.27"/></nont><nont label="PostfixExpressionP"><term lexeme="[" token="LBRACKET"><location loc="168.28--168.28"/></term><nont label="Expression"><nont label="ORXORExpression"><nont label="ANDExpression"><nont label="RelationalExpression"><nont label="ADDSUBExpression"><nont label="MULDIVExpression"><nont label="PrefixExpression"><nont label="PostfixExpression"><term lexeme="(" token="LPARENTHESIS"><location loc="168.29--168.29"/></term><nont label="Expression"><nont label="ORXORExpression"><nont label="ANDExpression"><nont label="RelationalExpression"><nont label="ADDSUBExpression"><nont label="MULDIVExpression"><nont label="PrefixExpression"><term lexeme="@" token="DATA"><location loc="168.30--168.30"/></term><nont label="PrefixExpression"><nont label="PostfixExpression"><nont label="AtomicExpression"><term lexeme="t2d" token="IDENTIFIER"><location loc="168.31--168.33"/></term><nont label="ArgumentsOpt"/><location loc="168.31--168.33"/></nont><nont label="PostfixExpressionP"/><location loc="168.31--168.33"/></nont><location loc="168.31--168.33"/></nont><location loc="168.30--168.33"/></nont><nont label="MULDIVExpressionP"/><location loc="168.30--168.33"/></nont><nont label="ADDSUBExpressionP"/><location loc="168.30--168.33"/></nont><nont label="RelationalExpressionP"/><location loc="168.30--168.33"/></nont><nont label="ANDExpressionP"/><location loc="168.30--168.33"/></nont><nont label="ORXORExpressionP"/><location loc="168.30--168.33"/></nont><location loc="168.30--168.33"/></nont><nont label="PostfixExpressionPP"><term lexeme=")" token="RPARENTHESIS"><location loc="168.34--168.34"/></term><nont label="PostfixExpressionP"><term lexeme="[" token="LBRACKET"><location loc="168.35--168.35"/></term><nont label="Expression"><nont label="ORXORExpression"><nont label="ANDExpression"><nont label="RelationalExpression"><nont label="ADDSUBExpression"><nont label="MULDIVExpression"><nont label="PrefixExpression"><nont label="PostfixExpression"><nont label="AtomicExpression"><term lexeme="j" token="IDENTIFIER"><location loc="168.36--168.36"/></term><nont label="ArgumentsOpt"/><location loc="168.36--168.36"/></nont><nont label="PostfixExpressionP"/><location loc="168.36--168.36"/></nont><location loc="168.36--168.36"/></nont><nont label="MULDIVExpressionP"/><location loc="168.36--168.36"/></nont><nont label="ADDSUBExpressionP"/><location loc="168.36--168.36"/></nont><nont label="RelationalExpressionP"/><location loc="168.36--168.36"/></nont><nont label="ANDExpressionP"/><location loc="168.36--168.36"/></nont><nont label="ORXORExpressionP"/><location loc="168.36--168.36"/></nont><location loc="168.36--168.36"/></nont><term lexeme="]" token="RBRACKET"><location loc="168.37--168.37"/></term><nont label="PostfixExpressionP"><term lexeme="[" token="LBRACKET"><location loc="168.38--168.38"/></term><nont label="Expression"><nont label="ORXORExpression"><nont label="ANDExpression"><nont label="RelationalExpression"><nont label="ADDSUBExpression"><nont label="MULDIVExpression"><nont label="PrefixExpression"><nont label="PostfixExpression"><nont label="AtomicExpression"><term lexeme="i" token="IDENTIFIER"><location loc="168.39--168.39"/></term><nont label="ArgumentsOpt"/><location loc="168.39--168.39"/></nont><nont label="PostfixExpressionP"/><location loc="168.39--168.39"/></nont><location loc="168.39--168.39"/></nont><nont label="MULDIVExpressionP"/><location loc="168.39--168.39"/></nont><nont label="ADDSUBExpressionP"/><location loc="168.39--168.39"/></nont><nont label="RelationalExpressionP"/><location loc="168.39--168.39"/></nont><nont label="ANDExpressionP"/><location loc="168.39--168.39"/></nont><nont label="ORXORExpressionP"/><location loc="168.39--168.39"/></nont><location loc="168.39--168.39"/></nont><term lexeme="]" token="RBRACKET"><location loc="168.40--168.40"/></term><nont label="PostfixExpressionP"/><location loc="168.38--168.40"/></nont><location loc="168.35--168.40"/></nont><location loc="168.34--168.40"/></nont><location loc="168.29--168.40"/></nont><location loc="168.29--168.40"/></nont><nont label="MULDIVExpressionP"/><location loc="168.29--168.40"/></nont><nont label="ADDSUBExpressionP"/><location loc="168.29--168.40"/></nont><nont label="RelationalExpressionP"/><location loc="168.29--168.40"/></nont><nont label="ANDExpressionP"/><location loc="168.29--168.40"/></nont><nont label="ORXORExpressionP"/><location loc="168.29--168.40"/></nont><location loc="168.29--168.40"/></nont><term lexeme="]" token="RBRACKET"><location loc="168.41--168.41"/></term><nont label="PostfixExpressionP"/><location loc="168.28--168.41"/></nont><location loc="168.24--168.41"/></nont><location loc="168.24--168.41"/></nont><nont label="MULDIVExpressionP"/><location loc="168.24--168.41"/></nont><nont label="ADDSUBExpressionP"/><location loc="168.24--168.41"/></nont><nont label="RelationalExpressionP"/><location loc="168.24--168.41"/></nont><nont label="ANDExpressionP"/><location loc="168.24--168.41"/></nont><nont label="ORXORExpressionP"/><location loc="168.24--168.41"/></nont><location loc="168.24--168.41"/></nont><nont label="StatementP"><term lexeme="=" token="ASSIGN"><location loc="168.42--168.42"/></term><nont label="Expression"><nont label="ORXORExpression"><nont label="ANDExpression"><nont label="RelationalExpression"><nont label="ADDSUBExpression"><nont label="MULDIVExpression"><nont label="PrefixExpression"><nont label="PostfixExpression"><nont label="AtomicExpression"><term lexeme="true" token="BOOLCONST"><location loc="168.43--168.46"/></term><location loc="168.43--168.46"/></nont><nont label="PostfixExpressionP"/><location loc="168.43--168.46"/></nont><location loc="168.43--168.46"/></nont><nont label="MULDIVExpressionP"/><location loc="168.43--168.46"/></nont><nont label="ADDSUBExpressionP"/><location loc="168.43--168.46"/></nont><nont label="RelationalExpressionP"/><location loc="168.43--168.46"/></nont><nont label="ANDExpressionP"/><location loc="168.43--168.46"/></nont><nont label="ORXORExpressionP"/><location loc="168.43--168.46"/></nont><location loc="168.43--168.46"/></nont><location loc="168.42--168.46"/></nont><location loc="168.24--168.46"/></nont><term lexeme=";" token="SEMIC"><location loc="168.47--168.47"/></term><nont label="StatementsP"/><location loc="168.24--168.47"/></nont><location loc="168.19--168.47"/></nont><term lexeme="end" token="END"><location loc="169.17--169.19"/></term><location loc="166.17--169.19"/></nont><term lexeme=";" token="SEMIC"><location loc="169.20--169.20"/></term><nont label="StatementsP"/><location loc="166.17--169.20"/></nont><nont label="ElseOpt"/><term lexeme="end" token="END"><location loc="170.15--170.17"/></term><location loc="165.15--170.17"/></nont><term lexeme=";" token="SEMIC"><location loc="170.18--170.18"/></term><nont label="StatementsP"><nont label="Statement"><nont label="Expression"><nont label="ORXORExpression"><nont label="ANDExpression"><nont label="RelationalExpression"><nont label="ADDSUBExpression"><nont label="MULDIVExpression"><nont label="PrefixExpression"><nont label="PostfixExpression"><nont label="AtomicExpression"><term lexeme="j" token="IDENTIFIER"><location loc="171.15--171.15"/></term><nont label="ArgumentsOpt"/><location loc="171.15--171.15"/></nont><nont label="PostfixExpressionP"/><location loc="171.15--171.15"/></nont><location loc="171.15--171.15"/></nont><nont label="MULDIVExpressionP"/><location loc="171.15--171.15"/></nont><nont label="ADDSUBExpressionP"/><location loc="171.15--171.15"/></nont><nont label="RelationalExpressionP"/><location loc="171.15--171.15"/></nont><nont label="ANDExpressionP"/><location loc="171.15--171.15"/></nont><nont label="ORXORExpressionP"/><location loc="171.15--171.15"/></nont><location loc="171.15--171.15"/></nont><nont label="StatementP"><term lexeme="=" token="ASSIGN"><location loc="171.16--171.16"/></term><nont label="Expression"><nont label="ORXORExpression"><nont label="ANDExpression"><nont label="RelationalExpression"><nont label="ADDSUBExpression"><nont label="MULDIVExpression"><nont label="PrefixExpression"><nont label="PostfixExpression"><nont label="AtomicExpression"><term lexeme="j" token="IDENTIFIER"><location loc="171.17--171.17"/></term><nont label="ArgumentsOpt"/><location loc="171.17--171.17"/></nont><nont label="PostfixExpressionP"/><location loc="171.17--171.17"/></nont><location loc="171.17--171.17"/></nont><nont label="MULDIVExpressionP"/><location loc="171.17--171.17"/></nont><nont label="ADDSUBExpressionP"><term lexeme="+" token="ADD"><location loc="171.18--171.18"/></term><nont label="MULDIVExpression"><nont label="PrefixExpression"><nont label="PostfixExpression"><nont label="AtomicExpression"><term lexeme="1" token="INTCONST"><location loc="171.19--171.19"/></term><location loc="171.19--171.19"/></nont><nont label="PostfixExpressionP"/><location loc="171.19--171.19"/></nont><location loc="171.19--171.19"/></nont><nont label="MULDIVExpressionP"/><location loc="171.19--171.19"/></nont><nont label="ADDSUBExpressionP"/><location loc="171.18--171.19"/></nont><location loc="171.17--171.19"/></nont><nont label="RelationalExpressionP"/><location loc="171.17--171.19"/></nont><nont label="ANDExpressionP"/><location loc="171.17--171.19"/></nont><nont label="ORXORExpressionP"/><location loc="171.17--171.19"/></nont><location loc="171.17--171.19"/></nont><location loc="171.16--171.19"/></nont><location loc="171.15--171.19"/></nont><term lexeme=";" token="SEMIC"><location loc="171.20--171.20"/></term><nont label="StatementsP"/><location loc="171.15--171.20"/></nont><location loc="165.15--171.20"/></nont><term lexeme="end" token="END"><location loc="172.13--172.15"/></term><location loc="164.13--172.15"/></nont><term lexeme=";" token="SEMIC"><location loc="172.16--172.16"/></term><nont label="StatementsP"/><location loc="164.13--172.16"/></nont><location loc="163.13--172.16"/></nont><location loc="162.18--172.16"/></nont><location loc="162.13--172.16"/></nont><location loc="161.13--172.16"/></nont><term lexeme=":" token="COLON"><location loc="173.11--173.11"/></term><nont label="Expression"><nont label="ORXORExpression"><nont label="ANDExpression"><nont label="RelationalExpression"><nont label="ADDSUBExpression"><nont label="MULDIVExpression"><nont label="PrefixExpression"><nont label="PostfixExpression"><nont label="AtomicExpression"><term lexeme="check" token="IDENTIFIER"><location loc="173.13--173.17"/></term><nont label="ArgumentsOpt"/><location loc="173.13--173.17"/></nont><nont label="PostfixExpressionP"/><location loc="173.13--173.17"/></nont><location loc="173.13--173.17"/></nont><nont label="MULDIVExpressionP"/><location loc="173.13--173.17"/></nont><nont label="ADDSUBExpressionP"/><location loc="173.13--173.17"/></nont><nont label="RelationalExpressionP"/><location loc="173.13--173.17"/></nont><nont label="ANDExpressionP"/><location loc="173.13--173.17"/></nont><nont label="ORXORExpressionP"/><location loc="173.13--173.17"/></nont><location loc="173.13--173.17"/></nont><nont label="WhereOpt"><term lexeme="where" token="WHERE"><location loc="174.11--174.15"/></term><nont label="Declarations"><nont label="Declaration"><term lexeme="var" token="VAR"><location loc="175.13--175.15"/></term><term lexeme="mask" token="IDENTIFIER"><location loc="175.17--175.20"/></term><term lexeme=":" token="COLON"><location loc="175.21--175.21"/></term><nont label="Type"><term lexeme="arr" token="ARR"><location loc="175.22--175.24"/></term><term lexeme="[" token="LBRACKET"><location loc="175.25--175.25"/></term><nont label="Expression"><nont label="ORXORExpression"><nont label="ANDExpression"><nont label="RelationalExpression"><nont label="ADDSUBExpression"><nont label="MULDIVExpression"><nont label="PrefixExpression"><nont label="PostfixExpression"><nont label="AtomicExpression"><term lexeme="10" token="INTCONST"><location loc="175.26--175.27"/></term><location loc="175.26--175.27"/></nont><nont label="PostfixExpressionP"/><location loc="175.26--175.27"/></nont><location loc="175.26--175.27"/></nont><nont label="MULDIVExpressionP"/><location loc="175.26--175.27"/></nont><nont label="ADDSUBExpressionP"/><location loc="175.26--175.27"/></nont><nont label="RelationalExpressionP"/><location loc="175.26--175.27"/></nont><nont label="ANDExpressionP"/><location loc="175.26--175.27"/></nont><nont label="ORXORExpressionP"/><location loc="175.26--175.27"/></nont><location loc="175.26--175.27"/></nont><term lexeme="]" token="RBRACKET"><location loc="175.28--175.28"/></term><nont label="Type"><term lexeme="bool" token="BOOL"><location loc="175.30--175.33"/></term><location loc="175.30--175.33"/></nont><location loc="175.22--175.33"/></nont><term lexeme=";" token="SEMIC"><location loc="175.34--175.34"/></term><location loc="175.13--175.34"/></nont><nont label="DeclarationsP"><nont label="Declaration"><term lexeme="var" token="VAR"><location loc="176.13--176.15"/></term><term lexeme="j" token="IDENTIFIER"><location loc="176.17--176.17"/></term><term lexeme=":" token="COLON"><location loc="176.18--176.18"/></term><nont label="Type"><term lexeme="int" token="INT"><location loc="176.19--176.21"/></term><location loc="176.19--176.21"/></nont><term lexeme=";" token="SEMIC"><location loc="176.22--176.22"/></term><location loc="176.13--176.22"/></nont><nont label="DeclarationsP"><nont label="Declaration"><term lexeme="var" token="VAR"><location loc="177.13--177.15"/></term><term lexeme="check" token="IDENTIFIER"><location loc="177.17--177.21"/></term><term lexeme=":" token="COLON"><location loc="177.22--177.22"/></term><nont label="Type"><term lexeme="bool" token="BOOL"><location loc="177.23--177.26"/></term><location loc="177.23--177.26"/></nont><term lexeme=";" token="SEMIC"><location loc="177.27--177.27"/></term><location loc="177.13--177.27"/></nont><nont label="DeclarationsP"/><location loc="177.13--177.27"/></nont><location loc="176.13--177.27"/></nont><location loc="175.13--177.27"/></nont><location loc="174.11--177.27"/></nont><term lexeme="}" token="RBRACE"><location loc="178.11--178.11"/></term><location loc="161.11--178.11"/></nont><nont label="PostfixExpressionP"/><location loc="161.11--178.11"/></nont><location loc="161.11--178.11"/></nont><nont label="MULDIVExpressionP"/><location loc="161.11--178.11"/></nont><nont label="ADDSUBExpressionP"/><location loc="161.11--178.11"/></nont><nont label="RelationalExpressionP"/><location loc="161.11--178.11"/></nont><nont label="ANDExpressionP"/><location loc="161.11--178.11"/></nont><nont label="ORXORExpressionP"/><location loc="161.11--178.11"/></nont><location loc="161.11--178.11"/></nont><location loc="161.10--178.11"/></nont><term lexeme=";" token="SEMIC"><location loc="178.12--178.12"/></term><location loc="160.7--178.12"/></nont><nont label="DeclarationsP"><nont label="Declaration"><term lexeme="fun" token="FUN"><location loc="179.7--179.9"/></term><term lexeme="check_q" token="IDENTIFIER"><location loc="179.11--179.17"/></term><term lexeme="(" token="LPARENTHESIS"><location loc="179.18--179.18"/></term><nont label="ParametersOpt"><nont label="Parameters"><term lexeme="i" token="IDENTIFIER"><location loc="179.19--179.19"/></term><term lexeme=":" token="COLON"><location loc="179.20--179.20"/></term><nont label="Type"><term lexeme="int" token="INT"><location loc="179.21--179.23"/></term><location loc="179.21--179.23"/></nont><nont label="ParametersP"><term lexeme="," token="COMMA"><location loc="179.24--179.24"/></term><term lexeme="j" token="IDENTIFIER"><location loc="179.25--179.25"/></term><term lexeme=":" token="COLON"><location loc="179.26--179.26"/></term><nont label="Type"><term lexeme="int" token="INT"><location loc="179.27--179.29"/></term><location loc="179.27--179.29"/></nont><nont label="ParametersP"/><location loc="179.24--179.29"/></nont><location loc="179.19--179.29"/></nont><location loc="179.19--179.29"/></nont><term lexeme=")" token="RPARENTHESIS"><location loc="179.30--179.30"/></term><term lexeme=":" token="COLON"><location loc="179.31--179.31"/></term><nont label="Type"><term lexeme="bool" token="BOOL"><location loc="179.32--179.35"/></term><location loc="179.32--179.35"/></nont><nont label="FunctionBodyOpt"><term lexeme="=" token="ASSIGN"><location loc="180.10--180.10"/></term><nont label="Expression"><nont label="ORXORExpression"><nont label="ANDExpression"><nont label="RelationalExpression"><nont label="ADDSUBExpression"><nont label="MULDIVExpression"><nont label="PrefixExpression"><nont label="PostfixExpression"><nont label="AtomicExpression"><term lexeme="{" token="LBRACE"><location loc="180.11--180.11"/></term><nont label="Statements"><nont label="Statement"><nont label="Expression"><nont label="ORXORExpression"><nont label="ANDExpression"><nont label="RelationalExpression"><nont label="ADDSUBExpression"><nont label="MULDIVExpression"><nont label="PrefixExpression"><nont label="PostfixExpression"><nont label="AtomicExpression"><term lexeme="check" token="IDENTIFIER"><location loc="180.13--180.17"/></term><nont label="ArgumentsOpt"/><location loc="180.13--180.17"/></nont><nont label="PostfixExpressionP"/><location loc="180.13--180.17"/></nont><location loc="180.13--180.17"/></nont><nont label="MULDIVExpressionP"/><location loc="180.13--180.17"/></nont><nont label="ADDSUBExpressionP"/><location loc="180.13--180.17"/></nont><nont label="RelationalExpressionP"/><location loc="180.13--180.17"/></nont><nont label="ANDExpressionP"/><location loc="180.13--180.17"/></nont><nont label="ORXORExpressionP"/><location loc="180.13--180.17"/></nont><location loc="180.13--180.17"/></nont><nont label="StatementP"><term lexeme="=" token="ASSIGN"><location loc="180.18--180.18"/></term><nont label="Expression"><nont label="ORXORExpression"><nont label="ANDExpression"><nont label="RelationalExpression"><nont label="ADDSUBExpression"><nont label="MULDIVExpression"><nont label="PrefixExpression"><nont label="PostfixExpression"><nont label="AtomicExpression"><term lexeme="true" token="BOOLCONST"><location loc="180.19--180.22"/></term><location loc="180.19--180.22"/></nont><nont label="PostfixExpressionP"/><location loc="180.19--180.22"/></nont><location loc="180.19--180.22"/></nont><nont label="MULDIVExpressionP"/><location loc="180.19--180.22"/></nont><nont label="ADDSUBExpressionP"/><location loc="180.19--180.22"/></nont><nont label="RelationalExpressionP"/><location loc="180.19--180.22"/></nont><nont label="ANDExpressionP"/><location loc="180.19--180.22"/></nont><nont label="ORXORExpressionP"/><location loc="180.19--180.22"/></nont><location loc="180.19--180.22"/></nont><location loc="180.18--180.22"/></nont><location loc="180.13--180.22"/></nont><term lexeme=";" token="SEMIC"><location loc="180.23--180.23"/></term><nont label="StatementsP"><nont label="Statement"><nont label="Expression"><nont label="ORXORExpression"><nont label="ANDExpression"><nont label="RelationalExpression"><nont label="ADDSUBExpression"><nont label="MULDIVExpression"><nont label="PrefixExpression"><nont label="PostfixExpression"><nont label="AtomicExpression"><term lexeme="k" token="IDENTIFIER"><location loc="181.13--181.13"/></term><nont label="ArgumentsOpt"/><location loc="181.13--181.13"/></nont><nont label="PostfixExpressionP"/><location loc="181.13--181.13"/></nont><location loc="181.13--181.13"/></nont><nont label="MULDIVExpressionP"/><location loc="181.13--181.13"/></nont><nont label="ADDSUBExpressionP"/><location loc="181.13--181.13"/></nont><nont label="RelationalExpressionP"/><location loc="181.13--181.13"/></nont><nont label="ANDExpressionP"/><location loc="181.13--181.13"/></nont><nont label="ORXORExpressionP"/><location loc="181.13--181.13"/></nont><location loc="181.13--181.13"/></nont><nont label="StatementP"><term lexeme="=" token="ASSIGN"><location loc="181.14--181.14"/></term><nont label="Expression"><nont label="ORXORExpression"><nont label="ANDExpression"><nont label="RelationalExpression"><nont label="ADDSUBExpression"><nont label="MULDIVExpression"><nont label="PrefixExpression"><nont label="PostfixExpression"><nont label="AtomicExpression"><term lexeme="1" token="INTCONST"><location loc="181.15--181.15"/></term><location loc="181.15--181.15"/></nont><nont label="PostfixExpressionP"/><location loc="181.15--181.15"/></nont><location loc="181.15--181.15"/></nont><nont label="MULDIVExpressionP"/><location loc="181.15--181.15"/></nont><nont label="ADDSUBExpressionP"/><location loc="181.15--181.15"/></nont><nont label="RelationalExpressionP"/><location loc="181.15--181.15"/></nont><nont label="ANDExpressionP"/><location loc="181.15--181.15"/></nont><nont label="ORXORExpressionP"/><location loc="181.15--181.15"/></nont><location loc="181.15--181.15"/></nont><location loc="181.14--181.15"/></nont><location loc="181.13--181.15"/></nont><term lexeme=";" token="SEMIC"><location loc="181.16--181.16"/></term><nont label="StatementsP"><nont label="Statement"><term lexeme="while" token="WHILE"><location loc="181.18--181.22"/></term><nont label="Expression"><nont label="ORXORExpression"><nont label="ANDExpression"><nont label="RelationalExpression"><nont label="ADDSUBExpression"><nont label="MULDIVExpression"><nont label="PrefixExpression"><nont label="PostfixExpression"><nont label="AtomicExpression"><term lexeme="k" token="IDENTIFIER"><location loc="181.24--181.24"/></term><nont label="ArgumentsOpt"/><location loc="181.24--181.24"/></nont><nont label="PostfixExpressionP"/><location loc="181.24--181.24"/></nont><location loc="181.24--181.24"/></nont><nont label="MULDIVExpressionP"/><location loc="181.24--181.24"/></nont><nont label="ADDSUBExpressionP"/><location loc="181.24--181.24"/></nont><nont label="RelationalExpressionP"><term lexeme="&lt;=" token="LEQ"><location loc="181.25--181.26"/></term><nont label="ADDSUBExpression"><nont label="MULDIVExpression"><nont label="PrefixExpression"><nont label="PostfixExpression"><nont label="AtomicExpression"><term lexeme="9" token="INTCONST"><location loc="181.27--181.27"/></term><location loc="181.27--181.27"/></nont><nont label="PostfixExpressionP"/><location loc="181.27--181.27"/></nont><location loc="181.27--181.27"/></nont><nont label="MULDIVExpressionP"/><location loc="181.27--181.27"/></nont><nont label="ADDSUBExpressionP"/><location loc="181.27--181.27"/></nont><location loc="181.25--181.27"/></nont><location loc="181.24--181.27"/></nont><nont label="ANDExpressionP"/><location loc="181.24--181.27"/></nont><nont label="ORXORExpressionP"/><location loc="181.24--181.27"/></nont><location loc="181.24--181.27"/></nont><term lexeme="do" token="DO"><location loc="181.29--181.30"/></term><nont label="Statements"><nont label="Statement"><nont label="Expression"><nont label="ORXORExpression"><nont label="ANDExpression"><nont label="RelationalExpression"><nont label="ADDSUBExpression"><nont label="MULDIVExpression"><nont label="PrefixExpression"><nont label="PostfixExpression"><nont label="AtomicExpression"><term lexeme="mask" token="IDENTIFIER"><location loc="181.32--181.35"/></term><nont label="ArgumentsOpt"/><location loc="181.32--181.35"/></nont><nont label="PostfixExpressionP"><term lexeme="[" token="LBRACKET"><location loc="181.36--181.36"/></term><nont label="Expression"><nont label="ORXORExpression"><nont label="ANDExpression"><nont label="RelationalExpression"><nont label="ADDSUBExpression"><nont label="MULDIVExpression"><nont label="PrefixExpression"><nont label="PostfixExpression"><nont label="AtomicExpression"><term lexeme="k" token="IDENTIFIER"><location loc="181.37--181.37"/></term><nont label="ArgumentsOpt"/><location loc="181.37--181.37"/></nont><nont label="PostfixExpressionP"/><location loc="181.37--181.37"/></nont><location loc="181.37--181.37"/></nont><nont label="MULDIVExpressionP"/><location loc="181.37--181.37"/></nont><nont label="ADDSUBExpressionP"/><location loc="181.37--181.37"/></nont><nont label="RelationalExpressionP"/><location loc="181.37--181.37"/></nont><nont label="ANDExpressionP"/><location loc="181.37--181.37"/></nont><nont label="ORXORExpressionP"/><location loc="181.37--181.37"/></nont><location loc="181.37--181.37"/></nont><term lexeme="]" token="RBRACKET"><location loc="181.38--181.38"/></term><nont label="PostfixExpressionP"/><location loc="181.36--181.38"/></nont><location loc="181.32--181.38"/></nont><location loc="181.32--181.38"/></nont><nont label="MULDIVExpressionP"/><location loc="181.32--181.38"/></nont><nont label="ADDSUBExpressionP"/><location loc="181.32--181.38"/></nont><nont label="RelationalExpressionP"/><location loc="181.32--181.38"/></nont><nont label="ANDExpressionP"/><location loc="181.32--181.38"/></nont><nont label="ORXORExpressionP"/><location loc="181.32--181.38"/></nont><location loc="181.32--181.38"/></nont><nont label="StatementP"><term lexeme="=" token="ASSIGN"><location loc="181.39--181.39"/></term><nont label="Expression"><nont label="ORXORExpression"><nont label="ANDExpression"><nont label="RelationalExpression"><nont label="ADDSUBExpression"><nont label="MULDIVExpression"><nont label="PrefixExpression"><nont label="PostfixExpression"><nont label="AtomicExpression"><term lexeme="false" token="BOOLCONST"><location loc="181.40--181.44"/></term><location loc="181.40--181.44"/></nont><nont label="PostfixExpressionP"/><location loc="181.40--181.44"/></nont><location loc="181.40--181.44"/></nont><nont label="MULDIVExpressionP"/><location loc="181.40--181.44"/></nont><nont label="ADDSUBExpressionP"/><location loc="181.40--181.44"/></nont><nont label="RelationalExpressionP"/><location loc="181.40--181.44"/></nont><nont label="ANDExpressionP"/><location loc="181.40--181.44"/></nont><nont label="ORXORExpressionP"/><location loc="181.40--181.44"/></nont><location loc="181.40--181.44"/></nont><location loc="181.39--181.44"/></nont><location loc="181.32--181.44"/></nont><term lexeme=";" token="SEMIC"><location loc="181.45--181.45"/></term><nont label="StatementsP"><nont label="Statement"><nont label="Expression"><nont label="ORXORExpression"><nont label="ANDExpression"><nont label="RelationalExpression"><nont label="ADDSUBExpression"><nont label="MULDIVExpression"><nont label="PrefixExpression"><nont label="PostfixExpression"><nont label="AtomicExpression"><term lexeme="k" token="IDENTIFIER"><location loc="181.47--181.47"/></term><nont label="ArgumentsOpt"/><location loc="181.47--181.47"/></nont><nont label="PostfixExpressionP"/><location loc="181.47--181.47"/></nont><location loc="181.47--181.47"/></nont><nont label="MULDIVExpressionP"/><location loc="181.47--181.47"/></nont><nont label="ADDSUBExpressionP"/><location loc="181.47--181.47"/></nont><nont label="RelationalExpressionP"/><location loc="181.47--181.47"/></nont><nont label="ANDExpressionP"/><location loc="181.47--181.47"/></nont><nont label="ORXORExpressionP"/><location loc="181.47--181.47"/></nont><location loc="181.47--181.47"/></nont><nont label="StatementP"><term lexeme="=" token="ASSIGN"><location loc="181.48--181.48"/></term><nont label="Expression"><nont label="ORXORExpression"><nont label="ANDExpression"><nont label="RelationalExpression"><nont label="ADDSUBExpression"><nont label="MULDIVExpression"><nont label="PrefixExpression"><nont label="PostfixExpression"><nont label="AtomicExpression"><term lexeme="k" token="IDENTIFIER"><location loc="181.49--181.49"/></term><nont label="ArgumentsOpt"/><location loc="181.49--181.49"/></nont><nont label="PostfixExpressionP"/><location loc="181.49--181.49"/></nont><location loc="181.49--181.49"/></nont><nont label="MULDIVExpressionP"/><location loc="181.49--181.49"/></nont><nont label="ADDSUBExpressionP"><term lexeme="+" token="ADD"><location loc="181.50--181.50"/></term><nont label="MULDIVExpression"><nont label="PrefixExpression"><nont label="PostfixExpression"><nont label="AtomicExpression"><term lexeme="1" token="INTCONST"><location loc="181.51--181.51"/></term><location loc="181.51--181.51"/></nont><nont label="PostfixExpressionP"/><location loc="181.51--181.51"/></nont><location loc="181.51--181.51"/></nont><nont label="MULDIVExpressionP"/><location loc="181.51--181.51"/></nont><nont label="ADDSUBExpressionP"/><location loc="181.50--181.51"/></nont><location loc="181.49--181.51"/></nont><nont label="RelationalExpressionP"/><location loc="181.49--181.51"/></nont><nont label="ANDExpressionP"/><location loc="181.49--181.51"/></nont><nont label="ORXORExpressionP"/><location loc="181.49--181.51"/></nont><location loc="181.49--181.51"/></nont><location loc="181.48--181.51"/></nont><location loc="181.47--181.51"/></nont><term lexeme=";" token="SEMIC"><location loc="181.52--181.52"/></term><nont label="StatementsP"/><location loc="181.47--181.52"/></nont><location loc="181.32--181.52"/></nont><term lexeme="end" token="END"><location loc="181.54--181.56"/></term><location loc="181.18--181.56"/></nont><term lexeme=";" token="SEMIC"><location loc="181.57--181.57"/></term><nont label="StatementsP"><nont label="Statement"><nont label="Expression"><nont label="ORXORExpression"><nont label="ANDExpression"><nont label="RelationalExpression"><nont label="ADDSUBExpression"><nont label="MULDIVExpression"><nont label="PrefixExpression"><nont label="PostfixExpression"><nont label="AtomicExpression"><term lexeme="jj" token="IDENTIFIER"><location loc="182.13--182.14"/></term><nont label="ArgumentsOpt"/><location loc="182.13--182.14"/></nont><nont label="PostfixExpressionP"/><location loc="182.13--182.14"/></nont><location loc="182.13--182.14"/></nont><nont label="MULDIVExpressionP"/><location loc="182.13--182.14"/></nont><nont label="ADDSUBExpressionP"/><location loc="182.13--182.14"/></nont><nont label="RelationalExpressionP"/><location loc="182.13--182.14"/></nont><nont label="ANDExpressionP"/><location loc="182.13--182.14"/></nont><nont label="ORXORExpressionP"/><location loc="182.13--182.14"/></nont><location loc="182.13--182.14"/></nont><nont label="StatementP"><term lexeme="=" token="ASSIGN"><location loc="182.15--182.15"/></term><nont label="Expression"><nont label="ORXORExpression"><nont label="ANDExpression"><nont label="RelationalExpression"><nont label="ADDSUBExpression"><nont label="MULDIVExpression"><nont label="PrefixExpression"><nont label="PostfixExpression"><nont label="AtomicExpression"><term lexeme="0" token="INTCONST"><location loc="182.16--182.16"/></term><location loc="182.16--182.16"/></nont><nont label="PostfixExpressionP"/><location loc="182.16--182.16"/></nont><location loc="182.16--182.16"/></nont><nont label="MULDIVExpressionP"/><location loc="182.16--182.16"/></nont><nont label="ADDSUBExpressionP"/><location loc="182.16--182.16"/></nont><nont label="RelationalExpressionP"/><location loc="182.16--182.16"/></nont><nont label="ANDExpressionP"/><location loc="182.16--182.16"/></nont><nont label="ORXORExpressionP"/><location loc="182.16--182.16"/></nont><location loc="182.16--182.16"/></nont><location loc="182.15--182.16"/></nont><location loc="182.13--182.16"/></nont><term lexeme=";" token="SEMIC"><location loc="182.17--182.17"/></term><nont label="StatementsP"><nont label="Statement"><term lexeme="while" token="WHILE"><location loc="183.13--183.17"/></term><nont label="Expression"><nont label="ORXORExpression"><nont label="ANDExpression"><nont label="RelationalExpression"><nont label="ADDSUBExpression"><nont label="MULDIVExpression"><nont label="PrefixExpression"><nont label="PostfixExpression"><nont label="AtomicExpression"><term lexeme="jj" token="IDENTIFIER"><location loc="183.19--183.20"/></term><nont label="ArgumentsOpt"/><location loc="183.19--183.20"/></nont><nont label="PostfixExpressionP"/><location loc="183.19--183.20"/></nont><location loc="183.19--183.20"/></nont><nont label="MULDIVExpressionP"/><location loc="183.19--183.20"/></nont><nont label="ADDSUBExpressionP"/><location loc="183.19--183.20"/></nont><nont label="RelationalExpressionP"><term lexeme="&lt;" token="LTH"><location loc="183.21--183.21"/></term><nont label="ADDSUBExpression"><nont label="MULDIVExpression"><nont label="PrefixExpression"><nont label="PostfixExpression"><nont label="AtomicExpression"><term lexeme="3" token="INTCONST"><location loc="183.22--183.22"/></term><location loc="183.22--183.22"/></nont><nont label="PostfixExpressionP"/><location loc="183.22--183.22"/></nont><location loc="183.22--183.22"/></nont><nont label="MULDIVExpressionP"/><location loc="183.22--183.22"/></nont><nont label="ADDSUBExpressionP"/><location loc="183.22--183.22"/></nont><location loc="183.21--183.22"/></nont><location loc="183.19--183.22"/></nont><nont label="ANDExpressionP"/><location loc="183.19--183.22"/></nont><nont label="ORXORExpressionP"/><location loc="183.19--183.22"/></nont><location loc="183.19--183.22"/></nont><term lexeme="do" token="DO"><location loc="183.24--183.25"/></term><nont label="Statements"><nont label="Statement"><nont label="Expression"><nont label="ORXORExpression"><nont label="ANDExpression"><nont label="RelationalExpression"><nont label="ADDSUBExpression"><nont label="MULDIVExpression"><nont label="PrefixExpression"><nont label="PostfixExpression"><nont label="AtomicExpression"><term lexeme="ii" token="IDENTIFIER"><location loc="184.15--184.16"/></term><nont label="ArgumentsOpt"/><location loc="184.15--184.16"/></nont><nont label="PostfixExpressionP"/><location loc="184.15--184.16"/></nont><location loc="184.15--184.16"/></nont><nont label="MULDIVExpressionP"/><location loc="184.15--184.16"/></nont><nont label="ADDSUBExpressionP"/><location loc="184.15--184.16"/></nont><nont label="RelationalExpressionP"/><location loc="184.15--184.16"/></nont><nont label="ANDExpressionP"/><location loc="184.15--184.16"/></nont><nont label="ORXORExpressionP"/><location loc="184.15--184.16"/></nont><location loc="184.15--184.16"/></nont><nont label="StatementP"><term lexeme="=" token="ASSIGN"><location loc="184.17--184.17"/></term><nont label="Expression"><nont label="ORXORExpression"><nont label="ANDExpression"><nont label="RelationalExpression"><nont label="ADDSUBExpression"><nont label="MULDIVExpression"><nont label="PrefixExpression"><nont label="PostfixExpression"><nont label="AtomicExpression"><term lexeme="0" token="INTCONST"><location loc="184.18--184.18"/></term><location loc="184.18--184.18"/></nont><nont label="PostfixExpressionP"/><location loc="184.18--184.18"/></nont><location loc="184.18--184.18"/></nont><nont label="MULDIVExpressionP"/><location loc="184.18--184.18"/></nont><nont label="ADDSUBExpressionP"/><location loc="184.18--184.18"/></nont><nont label="RelationalExpressionP"/><location loc="184.18--184.18"/></nont><nont label="ANDExpressionP"/><location loc="184.18--184.18"/></nont><nont label="ORXORExpressionP"/><location loc="184.18--184.18"/></nont><location loc="184.18--184.18"/></nont><location loc="184.17--184.18"/></nont><location loc="184.15--184.18"/></nont><term lexeme=";" token="SEMIC"><location loc="184.19--184.19"/></term><nont label="StatementsP"><nont label="Statement"><term lexeme="while" token="WHILE"><location loc="185.15--185.19"/></term><nont label="Expression"><nont label="ORXORExpression"><nont label="ANDExpression"><nont label="RelationalExpression"><nont label="ADDSUBExpression"><nont label="MULDIVExpression"><nont label="PrefixExpression"><nont label="PostfixExpression"><nont label="AtomicExpression"><term lexeme="ii" token="IDENTIFIER"><location loc="185.21--185.22"/></term><nont label="ArgumentsOpt"/><location loc="185.21--185.22"/></nont><nont label="PostfixExpressionP"/><location loc="185.21--185.22"/></nont><location loc="185.21--185.22"/></nont><nont label="MULDIVExpressionP"/><location loc="185.21--185.22"/></nont><nont label="ADDSUBExpressionP"/><location loc="185.21--185.22"/></nont><nont label="RelationalExpressionP"><term lexeme="&lt;" token="LTH"><location loc="185.23--185.23"/></term><nont label="ADDSUBExpression"><nont label="MULDIVExpression"><nont label="PrefixExpression"><nont label="PostfixExpression"><nont label="AtomicExpression"><term lexeme="3" token="INTCONST"><location loc="185.24--185.24"/></term><location loc="185.24--185.24"/></nont><nont label="PostfixExpressionP"/><location loc="185.24--185.24"/></nont><location loc="185.24--185.24"/></nont><nont label="MULDIVExpressionP"/><location loc="185.24--185.24"/></nont><nont label="ADDSUBExpressionP"/><location loc="185.24--185.24"/></nont><location loc="185.23--185.24"/></nont><location loc="185.21--185.24"/></nont><nont label="ANDExpressionP"/><location loc="185.21--185.24"/></nont><nont label="ORXORExpressionP"/><location loc="185.21--185.24"/></nont><location loc="185.21--185.24"/></nont><term lexeme="do" token="DO"><location loc="185.26--185.27"/></term><nont label="Statements"><nont label="Statement"><term lexeme="if" token="IF"><location loc="186.17--186.18"/></term><nont label="Expression"><nont label="ORXORExpression"><nont label="ANDExpression"><nont label="RelationalExpression"><nont label="ADDSUBExpression"><nont label="MULDIVExpression"><nont label="PrefixExpression"><nont label="PostfixExpression"><term lexeme="(" token="LPARENTHESIS"><location loc="186.20--186.20"/></term><nont label="Expression"><nont label="ORXORExpression"><nont label="ANDExpression"><nont label="RelationalExpression"><nont label="ADDSUBExpression"><nont label="MULDIVExpression"><nont label="PrefixExpression"><term lexeme="@" token="DATA"><location loc="186.21--186.21"/></term><nont label="PrefixExpression"><nont label="PostfixExpression"><nont label="AtomicExpression"><term lexeme="t2d" token="IDENTIFIER"><location loc="186.22--186.24"/></term><nont label="ArgumentsOpt"/><location loc="186.22--186.24"/></nont><nont label="PostfixExpressionP"/><location loc="186.22--186.24"/></nont><location loc="186.22--186.24"/></nont><location loc="186.21--186.24"/></nont><nont label="MULDIVExpressionP"/><location loc="186.21--186.24"/></nont><nont label="ADDSUBExpressionP"/><location loc="186.21--186.24"/></nont><nont label="RelationalExpressionP"/><location loc="186.21--186.24"/></nont><nont label="ANDExpressionP"/><location loc="186.21--186.24"/></nont><nont label="ORXORExpressionP"/><location loc="186.21--186.24"/></nont><location loc="186.21--186.24"/></nont><nont label="PostfixExpressionPP"><term lexeme=")" token="RPARENTHESIS"><location loc="186.25--186.25"/></term><nont label="PostfixExpressionP"><term lexeme="[" token="LBRACKET"><location loc="186.26--186.26"/></term><nont label="Expression"><nont label="ORXORExpression"><nont label="ANDExpression"><nont label="RelationalExpression"><nont label="ADDSUBExpression"><nont label="MULDIVExpression"><nont label="PrefixExpression"><nont label="PostfixExpression"><nont label="AtomicExpression"><term lexeme="j" token="IDENTIFIER"><location loc="186.27--186.27"/></term><nont label="ArgumentsOpt"/><location loc="186.27--186.27"/></nont><nont label="PostfixExpressionP"/><location loc="186.27--186.27"/></nont><location loc="186.27--186.27"/></nont><nont label="MULDIVExpressionP"><term lexeme="*" token="MUL"><location loc="186.28--186.28"/></term><nont label="PrefixExpression"><nont label="PostfixExpression"><nont label="AtomicExpression"><term lexeme="3" token="INTCONST"><location loc="186.29--186.29"/></term><location loc="186.29--186.29"/></nont><nont label="PostfixExpressionP"/><location loc="186.29--186.29"/></nont><location loc="186.29--186.29"/></nont><nont label="MULDIVExpressionP"/><location loc="186.28--186.29"/></nont><location loc="186.27--186.29"/></nont><nont label="ADDSUBExpressionP"><term lexeme="+" token="ADD"><location loc="186.30--186.30"/></term><nont label="MULDIVExpression"><nont label="PrefixExpression"><nont label="PostfixExpression"><nont label="AtomicExpression"><term lexeme="jj" token="IDENTIFIER"><location loc="186.31--186.32"/></term><nont label="ArgumentsOpt"/><location loc="186.31--186.32"/></nont><nont label="PostfixExpressionP"/><location loc="186.31--186.32"/></nont><location loc="186.31--186.32"/></nont><nont label="MULDIVExpressionP"/><location loc="186.31--186.32"/></nont><nont label="ADDSUBExpressionP"/><location loc="186.30--186.32"/></nont><location loc="186.27--186.32"/></nont><nont label="RelationalExpressionP"/><location loc="186.27--186.32"/></nont><nont label="ANDExpressionP"/><location loc="186.27--186.32"/></nont><nont label="ORXORExpressionP"/><location loc="186.27--186.32"/></nont><location loc="186.27--186.32"/></nont><term lexeme="]" token="RBRACKET"><location loc="186.33--186.33"/></term><nont label="PostfixExpressionP"><term lexeme="[" token="LBRACKET"><location loc="186.34--186.34"/></term><nont label="Expression"><nont label="ORXORExpression"><nont label="ANDExpression"><nont label="RelationalExpression"><nont label="ADDSUBExpression"><nont label="MULDIVExpression"><nont label="PrefixExpression"><nont label="PostfixExpression"><nont label="AtomicExpression"><term lexeme="i" token="IDENTIFIER"><location loc="186.35--186.35"/></term><nont label="ArgumentsOpt"/><location loc="186.35--186.35"/></nont><nont label="PostfixExpressionP"/><location loc="186.35--186.35"/></nont><location loc="186.35--186.35"/></nont><nont label="MULDIVExpressionP"><term lexeme="*" token="MUL"><location loc="186.36--186.36"/></term><nont label="PrefixExpression"><nont label="PostfixExpression"><nont label="AtomicExpression"><term lexeme="3" token="INTCONST"><location loc="186.37--186.37"/></term><location loc="186.37--186.37"/></nont><nont label="PostfixExpressionP"/><location loc="186.37--186.37"/></nont><location loc="186.37--186.37"/></nont><nont label="MULDIVExpressionP"/><location loc="186.36--186.37"/></nont><location loc="186.35--186.37"/></nont><nont label="ADDSUBExpressionP"><term lexeme="+" token="ADD"><location loc="186.38--186.38"/></term><nont label="MULDIVExpression"><nont label="PrefixExpression"><nont label="PostfixExpression"><nont label="AtomicExpression"><term lexeme="ii" token="IDENTIFIER"><location loc="186.39--186.40"/></term><nont label="ArgumentsOpt"/><location loc="186.39--186.40"/></nont><nont label="PostfixExpressionP"/><location loc="186.39--186.40"/></nont><location loc="186.39--186.40"/></nont><nont label="MULDIVExpressionP"/><location loc="186.39--186.40"/></nont><nont label="ADDSUBExpressionP"/><location loc="186.38--186.40"/></nont><location loc="186.35--186.40"/></nont><nont label="RelationalExpressionP"/><location loc="186.35--186.40"/></nont><nont label="ANDExpressionP"/><location loc="186.35--186.40"/></nont><nont label="ORXORExpressionP"/><location loc="186.35--186.40"/></nont><location loc="186.35--186.40"/></nont><term lexeme="]" token="RBRACKET"><location loc="186.41--186.41"/></term><nont label="PostfixExpressionP"/><location loc="186.34--186.41"/></nont><location loc="186.26--186.41"/></nont><location loc="186.25--186.41"/></nont><location loc="186.20--186.41"/></nont><location loc="186.20--186.41"/></nont><nont label="MULDIVExpressionP"/><location loc="186.20--186.41"/></nont><nont label="ADDSUBExpressionP"/><location loc="186.20--186.41"/></nont><nont label="RelationalExpressionP"><term lexeme="!=" token="NEQ"><location loc="186.42--186.43"/></term><nont label="ADDSUBExpression"><nont label="MULDIVExpression"><nont label="PrefixExpression"><nont label="PostfixExpression"><nont label="AtomicExpression"><term lexeme="0" token="INTCONST"><location loc="186.44--186.44"/></term><location loc="186.44--186.44"/></nont><nont label="PostfixExpressionP"/><location loc="186.44--186.44"/></nont><location loc="186.44--186.44"/></nont><nont label="MULDIVExpressionP"/><location loc="186.44--186.44"/></nont><nont label="ADDSUBExpressionP"/><location loc="186.44--186.44"/></nont><location loc="186.42--186.44"/></nont><location loc="186.20--186.44"/></nont><nont label="ANDExpressionP"/><location loc="186.20--186.44"/></nont><nont label="ORXORExpressionP"/><location loc="186.20--186.44"/></nont><location loc="186.20--186.44"/></nont><term lexeme="then" token="THEN"><location loc="186.46--186.49"/></term><nont label="Statements"><nont label="Statement"><term lexeme="if" token="IF"><location loc="187.19--187.20"/></term><nont label="Expression"><nont label="ORXORExpression"><nont label="ANDExpression"><nont label="RelationalExpression"><nont label="ADDSUBExpression"><nont label="MULDIVExpression"><nont label="PrefixExpression"><nont label="PostfixExpression"><nont label="AtomicExpression"><term lexeme="mask" token="IDENTIFIER"><location loc="187.22--187.25"/></term><nont label="ArgumentsOpt"/><location loc="187.22--187.25"/></nont><nont label="PostfixExpressionP"><term lexeme="[" token="LBRACKET"><location loc="187.26--187.26"/></term><nont label="Expression"><nont label="ORXORExpression"><nont label="ANDExpression"><nont label="RelationalExpression"><nont label="ADDSUBExpression"><nont label="MULDIVExpression"><nont label="PrefixExpression"><nont label="PostfixExpression"><term lexeme="(" token="LPARENTHESIS"><location loc="187.27--187.27"/></term><nont label="Expression"><nont label="ORXORExpression"><nont label="ANDExpression"><nont label="RelationalExpression"><nont label="ADDSUBExpression"><nont label="MULDIVExpression"><nont label="PrefixExpression"><term lexeme="@" token="DATA"><location loc="187.28--187.28"/></term><nont label="PrefixExpression"><nont label="PostfixExpression"><nont label="AtomicExpression"><term lexeme="t2d" token="IDENTIFIER"><location loc="187.29--187.31"/></term><nont label="ArgumentsOpt"/><location loc="187.29--187.31"/></nont><nont label="PostfixExpressionP"/><location loc="187.29--187.31"/></nont><location loc="187.29--187.31"/></nont><location loc="187.28--187.31"/></nont><nont label="MULDIVExpressionP"/><location loc="187.28--187.31"/></nont><nont label="ADDSUBExpressionP"/><location loc="187.28--187.31"/></nont><nont label="RelationalExpressionP"/><location loc="187.28--187.31"/></nont><nont label="ANDExpressionP"/><location loc="187.28--187.31"/></nont><nont label="ORXORExpressionP"/><location loc="187.28--187.31"/></nont><location loc="187.28--187.31"/></nont><nont label="PostfixExpressionPP"><term lexeme=")" token="RPARENTHESIS"><location loc="187.32--187.32"/></term><nont label="PostfixExpressionP"><term lexeme="[" token="LBRACKET"><location loc="187.33--187.33"/></term><nont label="Expression"><nont label="ORXORExpression"><nont label="ANDExpression"><nont label="RelationalExpression"><nont label="ADDSUBExpression"><nont label="MULDIVExpression"><nont label="PrefixExpression"><nont label="PostfixExpression"><nont label="AtomicExpression"><term lexeme="j" token="IDENTIFIER"><location loc="187.34--187.34"/></term><nont label="ArgumentsOpt"/><location loc="187.34--187.34"/></nont><nont label="PostfixExpressionP"/><location loc="187.34--187.34"/></nont><location loc="187.34--187.34"/></nont><nont label="MULDIVExpressionP"><term lexeme="*" token="MUL"><location loc="187.35--187.35"/></term><nont label="PrefixExpression"><nont label="PostfixExpression"><nont label="AtomicExpression"><term lexeme="3" token="INTCONST"><location loc="187.36--187.36"/></term><location loc="187.36--187.36"/></nont><nont label="PostfixExpressionP"/><location loc="187.36--187.36"/></nont><location loc="187.36--187.36"/></nont><nont label="MULDIVExpressionP"/><location loc="187.35--187.36"/></nont><location loc="187.34--187.36"/></nont><nont label="ADDSUBExpressionP"><term lexeme="+" token="ADD"><location loc="187.37--187.37"/></term><nont label="MULDIVExpression"><nont label="PrefixExpression"><nont label="PostfixExpression"><nont label="AtomicExpression"><term lexeme="jj" token="IDENTIFIER"><location loc="187.38--187.39"/></term><nont label="ArgumentsOpt"/><location loc="187.38--187.39"/></nont><nont label="PostfixExpressionP"/><location loc="187.38--187.39"/></nont><location loc="187.38--187.39"/></nont><nont label="MULDIVExpressionP"/><location loc="187.38--187.39"/></nont><nont label="ADDSUBExpressionP"/><location loc="187.37--187.39"/></nont><location loc="187.34--187.39"/></nont><nont label="RelationalExpressionP"/><location loc="187.34--187.39"/></nont><nont label="ANDExpressionP"/><location loc="187.34--187.39"/></nont><nont label="ORXORExpressionP"/><location loc="187.34--187.39"/></nont><location loc="187.34--187.39"/></nont><term lexeme="]" token="RBRACKET"><location loc="187.40--187.40"/></term><nont label="PostfixExpressionP"><term lexeme="[" token="LBRACKET"><location loc="187.41--187.41"/></term><nont label="Expression"><nont label="ORXORExpression"><nont label="ANDExpression"><nont label="RelationalExpression"><nont label="ADDSUBExpression"><nont label="MULDIVExpression"><nont label="PrefixExpression"><nont label="PostfixExpression"><nont label="AtomicExpression"><term lexeme="i" token="IDENTIFIER"><location loc="187.42--187.42"/></term><nont label="ArgumentsOpt"/><location loc="187.42--187.42"/></nont><nont label="PostfixExpressionP"/><location loc="187.42--187.42"/></nont><location loc="187.42--187.42"/></nont><nont label="MULDIVExpressionP"><term lexeme="*" token="MUL"><location loc="187.43--187.43"/></term><nont label="PrefixExpression"><nont label="PostfixExpression"><nont label="AtomicExpression"><term lexeme="3" token="INTCONST"><location loc="187.44--187.44"/></term><location loc="187.44--187.44"/></nont><nont label="PostfixExpressionP"/><location loc="187.44--187.44"/></nont><location loc="187.44--187.44"/></nont><nont label="MULDIVExpressionP"/><location loc="187.43--187.44"/></nont><location loc="187.42--187.44"/></nont><nont label="ADDSUBExpressionP"><term lexeme="+" token="ADD"><location loc="187.45--187.45"/></term><nont label="MULDIVExpression"><nont label="PrefixExpression"><nont label="PostfixExpression"><nont label="AtomicExpression"><term lexeme="ii" token="IDENTIFIER"><location loc="187.46--187.47"/></term><nont label="ArgumentsOpt"/><location loc="187.46--187.47"/></nont><nont label="PostfixExpressionP"/><location loc="187.46--187.47"/></nont><location loc="187.46--187.47"/></nont><nont label="MULDIVExpressionP"/><location loc="187.46--187.47"/></nont><nont label="ADDSUBExpressionP"/><location loc="187.45--187.47"/></nont><location loc="187.42--187.47"/></nont><nont label="RelationalExpressionP"/><location loc="187.42--187.47"/></nont><nont label="ANDExpressionP"/><location loc="187.42--187.47"/></nont><nont label="ORXORExpressionP"/><location loc="187.42--187.47"/></nont><location loc="187.42--187.47"/></nont><term lexeme="]" token="RBRACKET"><location loc="187.48--187.48"/></term><nont label="PostfixExpressionP"/><location loc="187.41--187.48"/></nont><location loc="187.33--187.48"/></nont><location loc="187.32--187.48"/></nont><location loc="187.27--187.48"/></nont><location loc="187.27--187.48"/></nont><nont label="MULDIVExpressionP"/><location loc="187.27--187.48"/></nont><nont label="ADDSUBExpressionP"/><location loc="187.27--187.48"/></nont><nont label="RelationalExpressionP"/><location loc="187.27--187.48"/></nont><nont label="ANDExpressionP"/><location loc="187.27--187.48"/></nont><nont label="ORXORExpressionP"/><location loc="187.27--187.48"/></nont><location loc="187.27--187.48"/></nont><term lexeme="]" token="RBRACKET"><location loc="187.49--187.49"/></term><nont label="PostfixExpressionP"/><location loc="187.26--187.49"/></nont><location loc="187.22--187.49"/></nont><location loc="187.22--187.49"/></nont><nont label="MULDIVExpressionP"/><location loc="187.22--187.49"/></nont><nont label="ADDSUBExpressionP"/><location loc="187.22--187.49"/></nont><nont label="RelationalExpressionP"/><location loc="187.22--187.49"/></nont><nont label="ANDExpressionP"/><location loc="187.22--187.49"/></nont><nont label="ORXORExpressionP"/><location loc="187.22--187.49"/></nont><location loc="187.22--187.49"/></nont><term lexeme="then" token="THEN"><location loc="188.21--188.24"/></term><nont label="Statements"><nont label="Statement"><nont label="Expression"><nont label="ORXORExpression"><nont label="ANDExpression"><nont label="RelationalExpression"><nont label="ADDSUBExpression"><nont label="MULDIVExpression"><nont label="PrefixExpression"><nont label="PostfixExpression"><nont label="AtomicExpression"><term lexeme="check" token="IDENTIFIER"><location loc="188.26--188.30"/></term><nont label="ArgumentsOpt"/><location loc="188.26--188.30"/></nont><nont label="PostfixExpressionP"/><location loc="188.26--188.30"/></nont><location loc="188.26--188.30"/></nont><nont label="MULDIVExpressionP"/><location loc="188.26--188.30"/></nont><nont label="ADDSUBExpressionP"/><location loc="188.26--188.30"/></nont><nont label="RelationalExpressionP"/><location loc="188.26--188.30"/></nont><nont label="ANDExpressionP"/><location loc="188.26--188.30"/></nont><nont label="ORXORExpressionP"/><location loc="188.26--188.30"/></nont><location loc="188.26--188.30"/></nont><nont label="StatementP"><term lexeme="=" token="ASSIGN"><location loc="188.31--188.31"/></term><nont label="Expression"><nont label="ORXORExpression"><nont label="ANDExpression"><nont label="RelationalExpression"><nont label="ADDSUBExpression"><nont label="MULDIVExpression"><nont label="PrefixExpression"><nont label="PostfixExpression"><nont label="AtomicExpression"><term lexeme="false" token="BOOLCONST"><location loc="188.32--188.36"/></term><location loc="188.32--188.36"/></nont><nont label="PostfixExpressionP"/><location loc="188.32--188.36"/></nont><location loc="188.32--188.36"/></nont><nont label="MULDIVExpressionP"/><location loc="188.32--188.36"/></nont><nont label="ADDSUBExpressionP"/><location loc="188.32--188.36"/></nont><nont label="RelationalExpressionP"/><location loc="188.32--188.36"/></nont><nont label="ANDExpressionP"/><location loc="188.32--188.36"/></nont><nont label="ORXORExpressionP"/><location loc="188.32--188.36"/></nont><location loc="188.32--188.36"/></nont><location loc="188.31--188.36"/></nont><location loc="188.26--188.36"/></nont><term lexeme=";" token="SEMIC"><location loc="188.37--188.37"/></term><nont label="StatementsP"/><location loc="188.26--188.37"/></nont><nont label="ElseOpt"><term lexeme="else" token="ELSE"><location loc="189.21--189.24"/></term><nont label="Statements"><nont label="Statement"><nont label="Expression"><nont label="ORXORExpression"><nont label="ANDExpression"><nont label="RelationalExpression"><nont label="ADDSUBExpression"><nont label="MULDIVExpression"><nont label="PrefixExpression"><nont label="PostfixExpression"><nont label="AtomicExpression"><term lexeme="mask" token="IDENTIFIER"><location loc="189.26--189.29"/></term><nont label="ArgumentsOpt"/><location loc="189.26--189.29"/></nont><nont label="PostfixExpressionP"><term lexeme="[" token="LBRACKET"><location loc="189.30--189.30"/></term><nont label="Expression"><nont label="ORXORExpression"><nont label="ANDExpression"><nont label="RelationalExpression"><nont label="ADDSUBExpression"><nont label="MULDIVExpression"><nont label="PrefixExpression"><nont label="PostfixExpression"><term lexeme="(" token="LPARENTHESIS"><location loc="189.31--189.31"/></term><nont label="Expression"><nont label="ORXORExpression"><nont label="ANDExpression"><nont label="RelationalExpression"><nont label="ADDSUBExpression"><nont label="MULDIVExpression"><nont label="PrefixExpression"><term lexeme="@" token="DATA"><location loc="189.32--189.32"/></term><nont label="PrefixExpression"><nont label="PostfixExpression"><nont label="AtomicExpression"><term lexeme="t2d" token="IDENTIFIER"><location loc="189.33--189.35"/></term><nont label="ArgumentsOpt"/><location loc="189.33--189.35"/></nont><nont label="PostfixExpressionP"/><location loc="189.33--189.35"/></nont><location loc="189.33--189.35"/></nont><location loc="189.32--189.35"/></nont><nont label="MULDIVExpressionP"/><location loc="189.32--189.35"/></nont><nont label="ADDSUBExpressionP"/><location loc="189.32--189.35"/></nont><nont label="RelationalExpressionP"/><location loc="189.32--189.35"/></nont><nont label="ANDExpressionP"/><location loc="189.32--189.35"/></nont><nont label="ORXORExpressionP"/><location loc="189.32--189.35"/></nont><location loc="189.32--189.35"/></nont><nont label="PostfixExpressionPP"><term lexeme=")" token="RPARENTHESIS"><location loc="189.36--189.36"/></term><nont label="PostfixExpressionP"><term lexeme="[" token="LBRACKET"><location loc="189.37--189.37"/></term><nont label="Expression"><nont label="ORXORExpression"><nont label="ANDExpression"><nont label="RelationalExpression"><nont label="ADDSUBExpression"><nont label="MULDIVExpression"><nont label="PrefixExpression"><nont label="PostfixExpression"><nont label="AtomicExpression"><term lexeme="j" token="IDENTIFIER"><location loc="189.38--189.38"/></term><nont label="ArgumentsOpt"/><location loc="189.38--189.38"/></nont><nont label="PostfixExpressionP"/><location loc="189.38--189.38"/></nont><location loc="189.38--189.38"/></nont><nont label="MULDIVExpressionP"><term lexeme="*" token="MUL"><location loc="189.39--189.39"/></term><nont label="PrefixExpression"><nont label="PostfixExpression"><nont label="AtomicExpression"><term lexeme="3" token="INTCONST"><location loc="189.40--189.40"/></term><location loc="189.40--189.40"/></nont><nont label="PostfixExpressionP"/><location loc="189.40--189.40"/></nont><location loc="189.40--189.40"/></nont><nont label="MULDIVExpressionP"/><location loc="189.39--189.40"/></nont><location loc="189.38--189.40"/></nont><nont label="ADDSUBExpressionP"><term lexeme="+" token="ADD"><location loc="189.41--189.41"/></term><nont label="MULDIVExpression"><nont label="PrefixExpression"><nont label="PostfixExpression"><nont label="AtomicExpression"><term lexeme="jj" token="IDENTIFIER"><location loc="189.42--189.43"/></term><nont label="ArgumentsOpt"/><location loc="189.42--189.43"/></nont><nont label="PostfixExpressionP"/><location loc="189.42--189.43"/></nont><location loc="189.42--189.43"/></nont><nont label="MULDIVExpressionP"/><location loc="189.42--189.43"/></nont><nont label="ADDSUBExpressionP"/><location loc="189.41--189.43"/></nont><location loc="189.38--189.43"/></nont><nont label="RelationalExpressionP"/><location loc="189.38--189.43"/></nont><nont label="ANDExpressionP"/><location loc="189.38--189.43"/></nont><nont label="ORXORExpressionP"/><location loc="189.38--189.43"/></nont><location loc="189.38--189.43"/></nont><term lexeme="]" token="RBRACKET"><location loc="189.44--189.44"/></term><nont label="PostfixExpressionP"><term lexeme="[" token="LBRACKET"><location loc="189.45--189.45"/></term><nont label="Expression"><nont label="ORXORExpression"><nont label="ANDExpression"><nont label="RelationalExpression"><nont label="ADDSUBExpression"><nont label="MULDIVExpression"><nont label="PrefixExpression"><nont label="PostfixExpression"><nont label="AtomicExpression"><term lexeme="i" token="IDENTIFIER"><location loc="189.46--189.46"/></term><nont label="ArgumentsOpt"/><location loc="189.46--189.46"/></nont><nont label="PostfixExpressionP"/><location loc="189.46--189.46"/></nont><location loc="189.46--189.46"/></nont><nont label="MULDIVExpressionP"><term lexeme="*" token="MUL"><location loc="189.47--189.47"/></term><nont label="PrefixExpression"><nont label="PostfixExpression"><nont label="AtomicExpression"><term lexeme="3" token="INTCONST"><location loc="189.48--189.48"/></term><location loc="189.48--189.48"/></nont><nont label="PostfixExpressionP"/><location loc="189.48--189.48"/></nont><location loc="189.48--189.48"/></nont><nont label="MULDIVExpressionP"/><location loc="189.47--189.48"/></nont><location loc="189.46--189.48"/></nont><nont label="ADDSUBExpressionP"><term lexeme="+" token="ADD"><location loc="189.49--189.49"/></term><nont label="MULDIVExpression"><nont label="PrefixExpression"><nont label="PostfixExpression"><nont label="AtomicExpression"><term lexeme="ii" token="IDENTIFIER"><location loc="189.50--189.51"/></term><nont label="ArgumentsOpt"/><location loc="189.50--189.51"/></nont><nont label="PostfixExpressionP"/><location loc="189.50--189.51"/></nont><location loc="189.50--189.51"/></nont><nont label="MULDIVExpressionP"/><location loc="189.50--189.51"/></nont><nont label="ADDSUBExpressionP"/><location loc="189.49--189.51"/></nont><location loc="189.46--189.51"/></nont><nont label="RelationalExpressionP"/><location loc="189.46--189.51"/></nont><nont label="ANDExpressionP"/><location loc="189.46--189.51"/></nont><nont label="ORXORExpressionP"/><location loc="189.46--189.51"/></nont><location loc="189.46--189.51"/></nont><term lexeme="]" token="RBRACKET"><location loc="189.52--189.52"/></term><nont label="PostfixExpressionP"/><location loc="189.45--189.52"/></nont><location loc="189.37--189.52"/></nont><location loc="189.36--189.52"/></nont><location loc="189.31--189.52"/></nont><location loc="189.31--189.52"/></nont><nont label="MULDIVExpressionP"/><location loc="189.31--189.52"/></nont><nont label="ADDSUBExpressionP"/><location loc="189.31--189.52"/></nont><nont label="RelationalExpressionP"/><location loc="189.31--189.52"/></nont><nont label="ANDExpressionP"/><location loc="189.31--189.52"/></nont><nont label="ORXORExpressionP"/><location loc="189.31--189.52"/></nont><location loc="189.31--189.52"/></nont><term lexeme="]" token="RBRACKET"><location loc="189.53--189.53"/></term><nont label="PostfixExpressionP"/><location loc="189.30--189.53"/></nont><location loc="189.26--189.53"/></nont><location loc="189.26--189.53"/></nont><nont label="MULDIVExpressionP"/><location loc="189.26--189.53"/></nont><nont label="ADDSUBExpressionP"/><location loc="189.26--189.53"/></nont><nont label="RelationalExpressionP"/><location loc="189.26--189.53"/></nont><nont label="ANDExpressionP"/><location loc="189.26--189.53"/></nont><nont label="ORXORExpressionP"/><location loc="189.26--189.53"/></nont><location loc="189.26--189.53"/></nont><nont label="StatementP"><term lexeme="=" token="ASSIGN"><location loc="189.54--189.54"/></term><nont label="Expression"><nont label="ORXORExpression"><nont label="ANDExpression"><nont label="RelationalExpression"><nont label="ADDSUBExpression"><nont label="MULDIVExpression"><nont label="PrefixExpression"><nont label="PostfixExpression"><nont label="AtomicExpression"><term lexeme="true" token="BOOLCONST"><location loc="189.55--189.58"/></term><location loc="189.55--189.58"/></nont><nont label="PostfixExpressionP"/><location loc="189.55--189.58"/></nont><location loc="189.55--189.58"/></nont><nont label="MULDIVExpressionP"/><location loc="189.55--189.58"/></nont><nont label="ADDSUBExpressionP"/><location loc="189.55--189.58"/></nont><nont label="RelationalExpressionP"/><location loc="189.55--189.58"/></nont><nont label="ANDExpressionP"/><location loc="189.55--189.58"/></nont><nont label="ORXORExpressionP"/><location loc="189.55--189.58"/></nont><location loc="189.55--189.58"/></nont><location loc="189.54--189.58"/></nont><location loc="189.26--189.58"/></nont><term lexeme=";" token="SEMIC"><location loc="189.59--189.59"/></term><nont label="StatementsP"/><location loc="189.26--189.59"/></nont><location loc="189.21--189.59"/></nont><term lexeme="end" token="END"><location loc="190.19--190.21"/></term><location loc="187.19--190.21"/></nont><term lexeme=";" token="SEMIC"><location loc="190.22--190.22"/></term><nont label="StatementsP"/><location loc="187.19--190.22"/></nont><nont label="ElseOpt"/><term lexeme="end" token="END"><location loc="191.17--191.19"/></term><location loc="186.17--191.19"/></nont><term lexeme=";" token="SEMIC"><location loc="191.20--191.20"/></term><nont label="StatementsP"><nont label="Statement"><nont label="Expression"><nont label="ORXORExpression"><nont label="ANDExpression"><nont label="RelationalExpression"><nont label="ADDSUBExpression"><nont label="MULDIVExpression"><nont label="PrefixExpression"><nont label="PostfixExpression"><nont label="AtomicExpression"><term lexeme="ii" token="IDENTIFIER"><location loc="192.17--192.18"/></term><nont label="ArgumentsOpt"/><location loc="192.17--192.18"/></nont><nont label="PostfixExpressionP"/><location loc="192.17--192.18"/></nont><location loc="192.17--192.18"/></nont><nont label="MULDIVExpressionP"/><location loc="192.17--192.18"/></nont><nont label="ADDSUBExpressionP"/><location loc="192.17--192.18"/></nont><nont label="RelationalExpressionP"/><location loc="192.17--192.18"/></nont><nont label="ANDExpressionP"/><location loc="192.17--192.18"/></nont><nont label="ORXORExpressionP"/><location loc="192.17--192.18"/></nont><location loc="192.17--192.18"/></nont><nont label="StatementP"><term lexeme="=" token="ASSIGN"><location loc="192.19--192.19"/></term><nont label="Expression"><nont label="ORXORExpression"><nont label="ANDExpression"><nont label="RelationalExpression"><nont label="ADDSUBExpression"><nont label="MULDIVExpression"><nont label="PrefixExpression"><nont label="PostfixExpression"><nont label="AtomicExpression"><term lexeme="ii" token="IDENTIFIER"><location loc="192.20--192.21"/></term><nont label="ArgumentsOpt"/><location loc="192.20--192.21"/></nont><nont label="PostfixExpressionP"/><location loc="192.20--192.21"/></nont><location loc="192.20--192.21"/></nont><nont label="MULDIVExpressionP"/><location loc="192.20--192.21"/></nont><nont label="ADDSUBExpressionP"><term lexeme="+" token="ADD"><location loc="192.22--192.22"/></term><nont label="MULDIVExpression"><nont label="PrefixExpression"><nont label="PostfixExpression"><nont label="AtomicExpression"><term lexeme="1" token="INTCONST"><location loc="192.23--192.23"/></term><location loc="192.23--192.23"/></nont><nont label="PostfixExpressionP"/><location loc="192.23--192.23"/></nont><location loc="192.23--192.23"/></nont><nont label="MULDIVExpressionP"/><location loc="192.23--192.23"/></nont><nont label="ADDSUBExpressionP"/><location loc="192.22--192.23"/></nont><location loc="192.20--192.23"/></nont><nont label="RelationalExpressionP"/><location loc="192.20--192.23"/></nont><nont label="ANDExpressionP"/><location loc="192.20--192.23"/></nont><nont label="ORXORExpressionP"/><location loc="192.20--192.23"/></nont><location loc="192.20--192.23"/></nont><location loc="192.19--192.23"/></nont><location loc="192.17--192.23"/></nont><term lexeme=";" token="SEMIC"><location loc="192.24--192.24"/></term><nont label="StatementsP"/><location loc="192.17--192.24"/></nont><location loc="186.17--192.24"/></nont><term lexeme="end" token="END"><location loc="193.15--193.17"/></term><location loc="185.15--193.17"/></nont><term lexeme=";" token="SEMIC"><location loc="193.18--193.18"/></term><nont label="StatementsP"><nont label="Statement"><nont label="Expression"><nont label="ORXORExpression"><nont label="ANDExpression"><nont label="RelationalExpression"><nont label="ADDSUBExpression"><nont label="MULDIVExpression"><nont label="PrefixExpression"><nont label="PostfixExpression"><nont label="AtomicExpression"><term lexeme="jj" token="IDENTIFIER"><location loc="194.15--194.16"/></term><nont label="ArgumentsOpt"/><location loc="194.15--194.16"/></nont><nont label="PostfixExpressionP"/><location loc="194.15--194.16"/></nont><location loc="194.15--194.16"/></nont><nont label="MULDIVExpressionP"/><location loc="194.15--194.16"/></nont><nont label="ADDSUBExpressionP"/><location loc="194.15--194.16"/></nont><nont label="RelationalExpressionP"/><location loc="194.15--194.16"/></nont><nont label="ANDExpressionP"/><location loc="194.15--194.16"/></nont><nont label="ORXORExpressionP"/><location loc="194.15--194.16"/></nont><location loc="194.15--194.16"/></nont><nont label="StatementP"><term lexeme="=" token="ASSIGN"><location loc="194.17--194.17"/></term><nont label="Expression"><nont label="ORXORExpression"><nont label="ANDExpression"><nont label="RelationalExpression"><nont label="ADDSUBExpression"><nont label="MULDIVExpression"><nont label="PrefixExpression"><nont label="PostfixExpression"><nont label="AtomicExpression"><term lexeme="jj" token="IDENTIFIER"><location loc="194.18--194.19"/></term><nont label="ArgumentsOpt"/><location loc="194.18--194.19"/></nont><nont label="PostfixExpressionP"/><location loc="194.18--194.19"/></nont><location loc="194.18--194.19"/></nont><nont label="MULDIVExpressionP"/><location loc="194.18--194.19"/></nont><nont label="ADDSUBExpressionP"><term lexeme="+" token="ADD"><location loc="194.20--194.20"/></term><nont label="MULDIVExpression"><nont label="PrefixExpression"><nont label="PostfixExpression"><nont label="AtomicExpression"><term lexeme="1" token="INTCONST"><location loc="194.21--194.21"/></term><location loc="194.21--194.21"/></nont><nont label="PostfixExpressionP"/><location loc="194.21--194.21"/></nont><location loc="194.21--194.21"/></nont><nont label="MULDIVExpressionP"/><location loc="194.21--194.21"/></nont><nont label="ADDSUBExpressionP"/><location loc="194.20--194.21"/></nont><location loc="194.18--194.21"/></nont><nont label="RelationalExpressionP"/><location loc="194.18--194.21"/></nont><nont label="ANDExpressionP"/><location loc="194.18--194.21"/></nont><nont label="ORXORExpressionP"/><location loc="194.18--194.21"/></nont><location loc="194.18--194.21"/></nont><location loc="194.17--194.21"/></nont><location loc="194.15--194.21"/></nont><term lexeme=";" token="SEMIC"><location loc="194.22--194.22"/></term><nont label="StatementsP"/><location loc="194.15--194.22"/></nont><location loc="185.15--194.22"/></nont><location loc="184.15--194.22"/></nont><term lexeme="end" token="END"><location loc="195.13--195.15"/></term><location loc="183.13--195.15"/></nont><term lexeme=";" token="SEMIC"><location loc="195.16--195.16"/></term><nont label="StatementsP"/><location loc="183.13--195.16"/></nont><location loc="182.13--195.16"/></nont><location loc="181.18--195.16"/></nont><location loc="181.13--195.16"/></nont><location loc="180.13--195.16"/></nont><term lexeme=":" token="COLON"><location loc="196.11--196.11"/></term><nont label="Expression"><nont label="ORXORExpression"><nont label="ANDExpression"><nont label="RelationalExpression"><nont label="ADDSUBExpression"><nont label="MULDIVExpression"><nont label="PrefixExpression"><nont label="PostfixExpression"><nont label="AtomicExpression"><term lexeme="check" token="IDENTIFIER"><location loc="196.13--196.17"/></term><nont label="ArgumentsOpt"/><location loc="196.13--196.17"/></nont><nont label="PostfixExpressionP"/><location loc="196.13--196.17"/></nont><location loc="196.13--196.17"/></nont><nont label="MULDIVExpressionP"/><location loc="196.13--196.17"/></nont><nont label="ADDSUBExpressionP"/><location loc="196.13--196.17"/></nont><nont label="RelationalExpressionP"/><location loc="196.13--196.17"/></nont><nont label="ANDExpressionP"/><location loc="196.13--196.17"/></nont><nont label="ORXORExpressionP"/><location loc="196.13--196.17"/></nont><location loc="196.13--196.17"/></nont><nont label="WhereOpt"><term lexeme="where" token="WHERE"><location loc="197.11--197.15"/></term><nont label="Declarations"><nont label="Declaration"><term lexeme="var" token="VAR"><location loc="198.13--198.15"/></term><term lexeme="mask" token="IDENTIFIER"><location loc="198.17--198.20"/></term><term lexeme=":" token="COLON"><location loc="198.21--198.21"/></term><nont label="Type"><term lexeme="arr" token="ARR"><location loc="198.22--198.24"/></term><term lexeme="[" token="LBRACKET"><location loc="198.25--198.25"/></term><nont label="Expression"><nont label="ORXORExpression"><nont label="ANDExpression"><nont label="RelationalExpression"><nont label="ADDSUBExpression"><nont label="MULDIVExpression"><nont label="PrefixExpression"><nont label="PostfixExpression"><nont label="AtomicExpression"><term lexeme="10" token="INTCONST"><location loc="198.26--198.27"/></term><location loc="198.26--198.27"/></nont><nont label="PostfixExpressionP"/><location loc="198.26--198.27"/></nont><location loc="198.26--198.27"/></nont><nont label="MULDIVExpressionP"/><location loc="198.26--198.27"/></nont><nont label="ADDSUBExpressionP"/><location loc="198.26--198.27"/></nont><nont label="RelationalExpressionP"/><location loc="198.26--198.27"/></nont><nont label="ANDExpressionP"/><location loc="198.26--198.27"/></nont><nont label="ORXORExpressionP"/><location loc="198.26--198.27"/></nont><location loc="198.26--198.27"/></nont><term lexeme="]" token="RBRACKET"><location loc="198.28--198.28"/></term><nont label="Type"><term lexeme="bool" token="BOOL"><location loc="198.30--198.33"/></term><location loc="198.30--198.33"/></nont><location loc="198.22--198.33"/></nont><term lexeme=";" token="SEMIC"><location loc="198.34--198.34"/></term><location loc="198.13--198.34"/></nont><nont label="DeclarationsP"><nont label="Declaration"><term lexeme="var" token="VAR"><location loc="199.13--199.15"/></term><term lexeme="ii" token="IDENTIFIER"><location loc="199.17--199.18"/></term><term lexeme=":" token="COLON"><location loc="199.19--199.19"/></term><nont label="Type"><term lexeme="int" token="INT"><location loc="199.20--199.22"/></term><location loc="199.20--199.22"/></nont><term lexeme=";" token="SEMIC"><location loc="199.23--199.23"/></term><location loc="199.13--199.23"/></nont><nont label="DeclarationsP"><nont label="Declaration"><term lexeme="var" token="VAR"><location loc="200.13--200.15"/></term><term lexeme="jj" token="IDENTIFIER"><location loc="200.17--200.18"/></term><term lexeme=":" token="COLON"><location loc="200.19--200.19"/></term><nont label="Type"><term lexeme="int" token="INT"><location loc="200.20--200.22"/></term><location loc="200.20--200.22"/></nont><term lexeme=";" token="SEMIC"><location loc="200.23--200.23"/></term><location loc="200.13--200.23"/></nont><nont label="DeclarationsP"><nont label="Declaration"><term lexeme="var" token="VAR"><location loc="201.13--201.15"/></term><term lexeme="k" token="IDENTIFIER"><location loc="201.17--201.17"/></term><term lexeme=":" token="COLON"><location loc="201.18--201.18"/></term><nont label="Type"><term lexeme="int" token="INT"><location loc="201.19--201.21"/></term><location loc="201.19--201.21"/></nont><term lexeme=";" token="SEMIC"><location loc="201.22--201.22"/></term><location loc="201.13--201.22"/></nont><nont label="DeclarationsP"><nont label="Declaration"><term lexeme="var" token="VAR"><location loc="202.13--202.15"/></term><term lexeme="check" token="IDENTIFIER"><location loc="202.17--202.21"/></term><term lexeme=":" token="COLON"><location loc="202.22--202.22"/></term><nont label="Type"><term lexeme="bool" token="BOOL"><location loc="202.23--202.26"/></term><location loc="202.23--202.26"/></nont><term lexeme=";" token="SEMIC"><location loc="202.27--202.27"/></term><location loc="202.13--202.27"/></nont><nont label="DeclarationsP"/><location loc="202.13--202.27"/></nont><location loc="201.13--202.27"/></nont><location loc="200.13--202.27"/></nont><location loc="199.13--202.27"/></nont><location loc="198.13--202.27"/></nont><location loc="197.11--202.27"/></nont><term lexeme="}" token="RBRACE"><location loc="203.11--203.11"/></term><location loc="180.11--203.11"/></nont><nont label="PostfixExpressionP"/><location loc="180.11--203.11"/></nont><location loc="180.11--203.11"/></nont><nont label="MULDIVExpressionP"/><location loc="180.11--203.11"/></nont><nont label="ADDSUBExpressionP"/><location loc="180.11--203.11"/></nont><nont label="RelationalExpressionP"/><location loc="180.11--203.11"/></nont><nont label="ANDExpressionP"/><location loc="180.11--203.11"/></nont><nont label="ORXORExpressionP"/><location loc="180.11--203.11"/></nont><location loc="180.11--203.11"/></nont><location loc="180.10--203.11"/></nont><term lexeme=";" token="SEMIC"><location loc="203.12--203.12"/></term><location loc="179.7--203.12"/></nont><nont label="DeclarationsP"><nont label="Declaration"><term lexeme="fun" token="FUN"><location loc="204.7--204.9"/></term><term lexeme="solve" token="IDENTIFIER"><location loc="204.11--204.15"/></term><term lexeme="(" token="LPARENTHESIS"><location loc="204.16--204.16"/></term><nont label="ParametersOpt"><nont label="Parameters"><term lexeme="k" token="IDENTIFIER"><location loc="204.17--204.17"/></term><term lexeme=":" token="COLON"><location loc="204.18--204.18"/></term><nont label="Type"><term lexeme="int" token="INT"><location loc="204.19--204.21"/></term><location loc="204.19--204.21"/></nont><nont label="ParametersP"><term lexeme="," token="COMMA"><location loc="204.22--204.22"/></term><term lexeme="n" token="IDENTIFIER"><location loc="204.23--204.23"/></term><term lexeme=":" token="COLON"><location loc="204.24--204.24"/></term><nont label="Type"><term lexeme="int" token="INT"><location loc="204.25--204.27"/></term><location loc="204.25--204.27"/></nont><nont label="ParametersP"/><location loc="204.22--204.27"/></nont><location loc="204.17--204.27"/></nont><location loc="204.17--204.27"/></nont><term lexeme=")" token="RPARENTHESIS"><location loc="204.28--204.28"/></term><term lexeme=":" token="COLON"><location loc="204.29--204.29"/></term><nont label="Type"><term lexeme="int" token="INT"><location loc="204.30--204.32"/></term><location loc="204.30--204.32"/></nont><nont label="FunctionBodyOpt"><term lexeme="=" token="ASSIGN"><location loc="205.10--205.10"/></term><nont label="Expression"><nont label="ORXORExpression"><nont label="ANDExpression"><nont label="RelationalExpression"><nont label="ADDSUBExpression"><nont label="MULDIVExpression"><nont label="PrefixExpression"><nont label="PostfixExpression"><nont label="AtomicExpression"><term lexeme="{" token="LBRACE"><location loc="205.11--205.11"/></term><nont label="Statements"><nont label="Statement"><term lexeme="if" token="IF"><location loc="205.13--205.14"/></term><nont label="Expression"><nont label="ORXORExpression"><nont label="ANDExpression"><nont label="RelationalExpression"><nont label="ADDSUBExpression"><nont label="MULDIVExpression"><nont label="PrefixExpression"><nont label="PostfixExpression"><nont label="AtomicExpression"><term lexeme="k" token="IDENTIFIER"><location loc="205.16--205.16"/></term><nont label="ArgumentsOpt"/><location loc="205.16--205.16"/></nont><nont label="PostfixExpressionP"/><location loc="205.16--205.16"/></nont><location loc="205.16--205.16"/></nont><nont label="MULDIVExpressionP"/><location loc="205.16--205.16"/></nont><nont label="ADDSUBExpressionP"/><location loc="205.16--205.16"/></nont><nont label="RelationalExpressionP"><term lexeme="==" token="EQU"><location loc="205.17--205.18"/></term><nont label="ADDSUBExpression"><nont label="MULDIVExpression"><nont label="PrefixExpression"><nont label="PostfixExpression"><nont label="AtomicExpression"><term lexeme="n" token="IDENTIFIER"><location loc="205.19--205.19"/></term><nont label="ArgumentsOpt"/><location loc="205.19--205.19"/></nont><nont label="PostfixExpressionP"/><location loc="205.19--205.19"/></nont><location loc="205.19--205.19"/></nont><nont label="MULDIVExpressionP"/><location loc="205.19--205.19"/></nont><nont label="ADDSUBExpressionP"/><location loc="205.19--205.19"/></nont><location loc="205.17--205.19"/></nont><location loc="205.16--205.19"/></nont><nont label="ANDExpressionP"/><location loc="205.16--205.19"/></nont><nont label="ORXORExpressionP"/><location loc="205.16--205.19"/></nont><location loc="205.16--205.19"/></nont><term lexeme="then" token="THEN"><location loc="205.21--205.24"/></term><nont label="Statements"><nont label="Statement"><nont label="Expression"><nont label="ORXORExpression"><nont label="ANDExpression"><nont label="RelationalExpression"><nont label="ADDSUBExpression"><nont label="MULDIVExpression"><nont label="PrefixExpression"><nont label="PostfixExpression"><nont label="AtomicExpression"><term lexeme="{" token="LBRACE"><location loc="206.15--206.15"/></term><nont label="Statements"><nont label="Statement"><term lexeme="if" token="IF"><location loc="206.17--206.18"/></term><nont label="Expression"><nont label="ORXORExpression"><nont label="ANDExpression"><nont label="RelationalExpression"><nont label="ADDSUBExpression"><nont label="MULDIVExpression"><nont label="PrefixExpression"><nont label="PostfixExpression"><nont label="AtomicExpression"><term lexeme="true" token="BOOLCONST"><location loc="206.20--206.23"/></term><location loc="206.20--206.23"/></nont><nont label="PostfixExpressionP"/><location loc="206.20--206.23"/></nont><location loc="206.20--206.23"/></nont><nont label="MULDIVExpressionP"/><location loc="206.20--206.23"/></nont><nont label="ADDSUBExpressionP"/><location loc="206.20--206.23"/></nont><nont label="RelationalExpressionP"/><location loc="206.20--206.23"/></nont><nont label="ANDExpressionP"/><location loc="206.20--206.23"/></nont><nont label="ORXORExpressionP"/><location loc="206.20--206.23"/></nont><location loc="206.20--206.23"/></nont><term lexeme="then" token="THEN"><location loc="206.25--206.28"/></term><nont label="Statements"><nont label="Statement"><nont label="Expression"><nont label="ORXORExpression"><nont label="ANDExpression"><nont label="RelationalExpression"><nont label="ADDSUBExpression"><nont label="MULDIVExpression"><nont label="PrefixExpression"><nont label="PostfixExpression"><nont label="AtomicExpression"><term lexeme="j" token="IDENTIFIER"><location loc="207.19--207.19"/></term><nont label="ArgumentsOpt"/><location loc="207.19--207.19"/></nont><nont label="PostfixExpressionP"/><location loc="207.19--207.19"/></nont><location loc="207.19--207.19"/></nont><nont label="MULDIVExpressionP"/><location loc="207.19--207.19"/></nont><nont label="ADDSUBExpressionP"/><location loc="207.19--207.19"/></nont><nont label="RelationalExpressionP"/><location loc="207.19--207.19"/></nont><nont label="ANDExpressionP"/><location loc="207.19--207.19"/></nont><nont label="ORXORExpressionP"/><location loc="207.19--207.19"/></nont><location loc="207.19--207.19"/></nont><nont label="StatementP"><term lexeme="=" token="ASSIGN"><location loc="207.20--207.20"/></term><nont label="Expression"><nont label="ORXORExpression"><nont label="ANDExpression"><nont label="RelationalExpression"><nont label="ADDSUBExpression"><nont label="MULDIVExpression"><nont label="PrefixExpression"><nont label="PostfixExpression"><nont label="AtomicExpression"><term lexeme="0" token="INTCONST"><location loc="207.21--207.21"/></term><location loc="207.21--207.21"/></nont><nont label="PostfixExpressionP"/><location loc="207.21--207.21"/></nont><location loc="207.21--207.21"/></nont><nont label="MULDIVExpressionP"/><location loc="207.21--207.21"/></nont><nont label="ADDSUBExpressionP"/><location loc="207.21--207.21"/></nont><nont label="RelationalExpressionP"/><location loc="207.21--207.21"/></nont><nont label="ANDExpressionP"/><location loc="207.21--207.21"/></nont><nont label="ORXORExpressionP"/><location loc="207.21--207.21"/></nont><location loc="207.21--207.21"/></nont><location loc="207.20--207.21"/></nont><location loc="207.19--207.21"/></nont><term lexeme=";" token="SEMIC"><location loc="207.22--207.22"/></term><nont label="StatementsP"><nont label="Statement"><term lexeme="while" token="WHILE"><location loc="208.19--208.23"/></term><nont label="Expression"><nont label="ORXORExpression"><nont label="ANDExpression"><nont label="RelationalExpression"><nont label="ADDSUBExpression"><nont label="MULDIVExpression"><nont label="PrefixExpression"><nont label="PostfixExpression"><nont label="AtomicExpression"><term lexeme="j" token="IDENTIFIER"><location loc="208.25--208.25"/></term><nont label="ArgumentsOpt"/><location loc="208.25--208.25"/></nont><nont label="PostfixExpressionP"/><location loc="208.25--208.25"/></nont><location loc="208.25--208.25"/></nont><nont label="MULDIVExpressionP"/><location loc="208.25--208.25"/></nont><nont label="ADDSUBExpressionP"/><location loc="208.25--208.25"/></nont><nont label="RelationalExpressionP"><term lexeme="&lt;" token="LTH"><location loc="208.26--208.26"/></term><nont label="ADDSUBExpression"><nont label="MULDIVExpression"><nont label="PrefixExpression"><nont label="PostfixExpression"><nont label="AtomicExpression"><term lexeme="9" token="INTCONST"><location loc="208.27--208.27"/></term><location loc="208.27--208.27"/></nont><nont label="PostfixExpressionP"/><location loc="208.27--208.27"/></nont><location loc="208.27--208.27"/></nont><nont label="MULDIVExpressionP"/><location loc="208.27--208.27"/></nont><nont label="ADDSUBExpressionP"/><location loc="208.27--208.27"/></nont><location loc="208.26--208.27"/></nont><location loc="208.25--208.27"/></nont><nont label="ANDExpressionP"/><location loc="208.25--208.27"/></nont><nont label="ORXORExpressionP"/><location loc="208.25--208.27"/></nont><location loc="208.25--208.27"/></nont><term lexeme="do" token="DO"><location loc="208.29--208.30"/></term><nont label="Statements"><nont label="Statement"><nont label="Expression"><nont label="ORXORExpression"><nont label="ANDExpression"><nont label="RelationalExpression"><nont label="ADDSUBExpression"><nont label="MULDIVExpression"><nont label="PrefixExpression"><nont label="PostfixExpression"><nont label="AtomicExpression"><term lexeme="i" token="IDENTIFIER"><location loc="209.21--209.21"/></term><nont label="ArgumentsOpt"/><location loc="209.21--209.21"/></nont><nont label="PostfixExpressionP"/><location loc="209.21--209.21"/></nont><location loc="209.21--209.21"/></nont><nont label="MULDIVExpressionP"/><location loc="209.21--209.21"/></nont><nont label="ADDSUBExpressionP"/><location loc="209.21--209.21"/></nont><nont label="RelationalExpressionP"/><location loc="209.21--209.21"/></nont><nont label="ANDExpressionP"/><location loc="209.21--209.21"/></nont><nont label="ORXORExpressionP"/><location loc="209.21--209.21"/></nont><location loc="209.21--209.21"/></nont><nont label="StatementP"><term lexeme="=" token="ASSIGN"><location loc="209.22--209.22"/></term><nont label="Expression"><nont label="ORXORExpression"><nont label="ANDExpression"><nont label="RelationalExpression"><nont label="ADDSUBExpression"><nont label="MULDIVExpression"><nont label="PrefixExpression"><nont label="PostfixExpression"><nont label="AtomicExpression"><term lexeme="0" token="INTCONST"><location loc="209.23--209.23"/></term><location loc="209.23--209.23"/></nont><nont label="PostfixExpressionP"/><location loc="209.23--209.23"/></nont><location loc="209.23--209.23"/></nont><nont label="MULDIVExpressionP"/><location loc="209.23--209.23"/></nont><nont label="ADDSUBExpressionP"/><location loc="209.23--209.23"/></nont><nont label="RelationalExpressionP"/><location loc="209.23--209.23"/></nont><nont label="ANDExpressionP"/><location loc="209.23--209.23"/></nont><nont label="ORXORExpressionP"/><location loc="209.23--209.23"/></nont><location loc="209.23--209.23"/></nont><location loc="209.22--209.23"/></nont><location loc="209.21--209.23"/></nont><term lexeme=";" token="SEMIC"><location loc="209.24--209.24"/></term><nont label="StatementsP"><nont label="Statement"><term lexeme="while" token="WHILE"><location loc="210.21--210.25"/></term><nont label="Expression"><nont label="ORXORExpression"><nont label="ANDExpression"><nont label="RelationalExpression"><nont label="ADDSUBExpression"><nont label="MULDIVExpression"><nont label="PrefixExpression"><nont label="PostfixExpression"><nont label="AtomicExpression"><term lexeme="i" token="IDENTIFIER"><location loc="210.27--210.27"/></term><nont label="ArgumentsOpt"/><location loc="210.27--210.27"/></nont><nont label="PostfixExpressionP"/><location loc="210.27--210.27"/></nont><location loc="210.27--210.27"/></nont><nont label="MULDIVExpressionP"/><location loc="210.27--210.27"/></nont><nont label="ADDSUBExpressionP"/><location loc="210.27--210.27"/></nont><nont label="RelationalExpressionP"><term lexeme="&lt;" token="LTH"><location loc="210.28--210.28"/></term><nont label="ADDSUBExpression"><nont label="MULDIVExpression"><nont label="PrefixExpression"><nont label="PostfixExpression"><nont label="AtomicExpression"><term lexeme="9" token="INTCONST"><location loc="210.29--210.29"/></term><location loc="210.29--210.29"/></nont><nont label="PostfixExpressionP"/><location loc="210.29--210.29"/></nont><location loc="210.29--210.29"/></nont><nont label="MULDIVExpressionP"/><location loc="210.29--210.29"/></nont><nont label="ADDSUBExpressionP"/><location loc="210.29--210.29"/></nont><location loc="210.28--210.29"/></nont><location loc="210.27--210.29"/></nont><nont label="ANDExpressionP"/><location loc="210.27--210.29"/></nont><nont label="ORXORExpressionP"/><location loc="210.27--210.29"/></nont><location loc="210.27--210.29"/></nont><term lexeme="do" token="DO"><location loc="210.31--210.32"/></term><nont label="Statements"><nont label="Statement"><nont label="Expression"><nont label="ORXORExpression"><nont label="ANDExpression"><nont label="RelationalExpression"><nont label="ADDSUBExpression"><nont label="MULDIVExpression"><nont label="PrefixExpression"><nont label="PostfixExpression"><nont label="AtomicExpression"><term lexeme="putInt" token="IDENTIFIER"><location loc="211.23--211.28"/></term><nont label="ArgumentsOpt"><term lexeme="(" token="LPARENTHESIS"><location loc="211.29--211.29"/></term><nont label="ArgumentsOptP"><nont label="Arguments"><nont label="Expression"><nont label="ORXORExpression"><nont label="ANDExpression"><nont label="RelationalExpression"><nont label="ADDSUBExpression"><nont label="MULDIVExpression"><nont label="PrefixExpression"><nont label="PostfixExpression"><term lexeme="(" token="LPARENTHESIS"><location loc="211.30--211.30"/></term><nont label="Expression"><nont label="ORXORExpression"><nont label="ANDExpression"><nont label="RelationalExpression"><nont label="ADDSUBExpression"><nont label="MULDIVExpression"><nont label="PrefixExpression"><term lexeme="@" token="DATA"><location loc="211.31--211.31"/></term><nont label="PrefixExpression"><nont label="PostfixExpression"><nont label="AtomicExpression"><term lexeme="t2d" token="IDENTIFIER"><location loc="211.32--211.34"/></term><nont label="ArgumentsOpt"/><location loc="211.32--211.34"/></nont><nont label="PostfixExpressionP"/><location loc="211.32--211.34"/></nont><location loc="211.32--211.34"/></nont><location loc="211.31--211.34"/></nont><nont label="MULDIVExpressionP"/><location loc="211.31--211.34"/></nont><nont label="ADDSUBExpressionP"/><location loc="211.31--211.34"/></nont><nont label="RelationalExpressionP"/><location loc="211.31--211.34"/></nont><nont label="ANDExpressionP"/><location loc="211.31--211.34"/></nont><nont label="ORXORExpressionP"/><location loc="211.31--211.34"/></nont><location loc="211.31--211.34"/></nont><nont label="PostfixExpressionPP"><term lexeme=")" token="RPARENTHESIS"><location loc="211.35--211.35"/></term><nont label="PostfixExpressionP"><term lexeme="[" token="LBRACKET"><location loc="211.36--211.36"/></term><nont label="Expression"><nont label="ORXORExpression"><nont label="ANDExpression"><nont label="RelationalExpression"><nont label="ADDSUBExpression"><nont label="MULDIVExpression"><nont label="PrefixExpression"><nont label="PostfixExpression"><nont label="AtomicExpression"><term lexeme="j" token="IDENTIFIER"><location loc="211.37--211.37"/></term><nont label="ArgumentsOpt"/><location loc="211.37--211.37"/></nont><nont label="PostfixExpressionP"/><location loc="211.37--211.37"/></nont><location loc="211.37--211.37"/></nont><nont label="MULDIVExpressionP"/><location loc="211.37--211.37"/></nont><nont label="ADDSUBExpressionP"/><location loc="211.37--211.37"/></nont><nont label="RelationalExpressionP"/><location loc="211.37--211.37"/></nont><nont label="ANDExpressionP"/><location loc="211.37--211.37"/></nont><nont label="ORXORExpressionP"/><location loc="211.37--211.37"/></nont><location loc="211.37--211.37"/></nont><term lexeme="]" token="RBRACKET"><location loc="211.38--211.38"/></term><nont label="PostfixExpressionP"><term lexeme="[" token="LBRACKET"><location loc="211.39--211.39"/></term><nont label="Expression"><nont label="ORXORExpression"><nont label="ANDExpression"><nont label="RelationalExpression"><nont label="ADDSUBExpression"><nont label="MULDIVExpression"><nont label="PrefixExpression"><nont label="PostfixExpression"><nont label="AtomicExpression"><term lexeme="i" token="IDENTIFIER"><location loc="211.40--211.40"/></term><nont label="ArgumentsOpt"/><location loc="211.40--211.40"/></nont><nont label="PostfixExpressionP"/><location loc="211.40--211.40"/></nont><location loc="211.40--211.40"/></nont><nont label="MULDIVExpressionP"/><location loc="211.40--211.40"/></nont><nont label="ADDSUBExpressionP"/><location loc="211.40--211.40"/></nont><nont label="RelationalExpressionP"/><location loc="211.40--211.40"/></nont><nont label="ANDExpressionP"/><location loc="211.40--211.40"/></nont><nont label="ORXORExpressionP"/><location loc="211.40--211.40"/></nont><location loc="211.40--211.40"/></nont><term lexeme="]" token="RBRACKET"><location loc="211.41--211.41"/></term><nont label="PostfixExpressionP"/><location loc="211.39--211.41"/></nont><location loc="211.36--211.41"/></nont><location loc="211.35--211.41"/></nont><location loc="211.30--211.41"/></nont><location loc="211.30--211.41"/></nont><nont label="MULDIVExpressionP"/><location loc="211.30--211.41"/></nont><nont label="ADDSUBExpressionP"/><location loc="211.30--211.41"/></nont><nont label="RelationalExpressionP"/><location loc="211.30--211.41"/></nont><nont label="ANDExpressionP"/><location loc="211.30--211.41"/></nont><nont label="ORXORExpressionP"/><location loc="211.30--211.41"/></nont><location loc="211.30--211.41"/></nont><nont label="ArgumentsP"/><location loc="211.30--211.41"/></nont><term lexeme=")" token="RPARENTHESIS"><location loc="211.42--211.42"/></term><location loc="211.30--211.42"/></nont><location loc="211.29--211.42"/></nont><location loc="211.23--211.42"/></nont><nont label="PostfixExpressionP"/><location loc="211.23--211.42"/></nont><location loc="211.23--211.42"/></nont><nont label="MULDIVExpressionP"/><location loc="211.23--211.42"/></nont><nont label="ADDSUBExpressionP"/><location loc="211.23--211.42"/></nont><nont label="RelationalExpressionP"/><location loc="211.23--211.42"/></nont><nont label="ANDExpressionP"/><location loc="211.23--211.42"/></nont><nont label="ORXORExpressionP"/><location loc="211.23--211.42"/></nont><location loc="211.23--211.42"/></nont><nont label="StatementP"/><location loc="211.23--211.42"/></nont><term lexeme=";" token="SEMIC"><location loc="211.43--211.43"/></term><nont label="StatementsP"><nont label="Statement"><nont label="Expression"><nont label="ORXORExpression"><nont label="ANDExpression"><nont label="RelationalExpression"><nont label="ADDSUBExpression"><nont label="MULDIVExpression"><nont label="PrefixExpression"><nont label="PostfixExpression"><nont label="AtomicExpression"><term lexeme="putChar" token="IDENTIFIER"><location loc="212.23--212.29"/></term><nont label="ArgumentsOpt"><term lexeme="(" token="LPARENTHESIS"><location loc="212.30--212.30"/></term><nont label="ArgumentsOptP"><nont label="Arguments"><nont label="Expression"><nont label="ORXORExpression"><nont label="ANDExpression"><nont label="RelationalExpression"><nont label="ADDSUBExpression"><nont label="MULDIVExpression"><nont label="PrefixExpression"><nont label="PostfixExpression"><nont label="AtomicExpression"><term lexeme="' '" token="CHARCONST"><location loc="212.31--212.33"/></term><location loc="212.31--212.33"/></nont><nont label="PostfixExpressionP"/><location loc="212.31--212.33"/></nont><location loc="212.31--212.33"/></nont><nont label="MULDIVExpressionP"/><location loc="212.31--212.33"/></nont><nont label="ADDSUBExpressionP"/><location loc="212.31--212.33"/></nont><nont label="RelationalExpressionP"/><location loc="212.31--212.33"/></nont><nont label="ANDExpressionP"/><location loc="212.31--212.33"/></nont><nont label="ORXORExpressionP"/><location loc="212.31--212.33"/></nont><location loc="212.31--212.33"/></nont><nont label="ArgumentsP"/><location loc="212.31--212.33"/></nont><term lexeme=")" token="RPARENTHESIS"><location loc="212.34--212.34"/></term><location loc="212.31--212.34"/></nont><location loc="212.30--212.34"/></nont><location loc="212.23--212.34"/></nont><nont label="PostfixExpressionP"/><location loc="212.23--212.34"/></nont><location loc="212.23--212.34"/></nont><nont label="MULDIVExpressionP"/><location loc="212.23--212.34"/></nont><nont label="ADDSUBExpressionP"/><location loc="212.23--212.34"/></nont><nont label="RelationalExpressionP"/><location loc="212.23--212.34"/></nont><nont label="ANDExpressionP"/><location loc="212.23--212.34"/></nont><nont label="ORXORExpressionP"/><location loc="212.23--212.34"/></nont><location loc="212.23--212.34"/></nont><nont label="StatementP"/><location loc="212.23--212.34"/></nont><term lexeme=";" token="SEMIC"><location loc="212.35--212.35"/></term><nont label="StatementsP"><nont label="Statement"><nont label="Expression"><nont label="ORXORExpression"><nont label="ANDExpression"><nont label="RelationalExpression"><nont label="ADDSUBExpression"><nont label="MULDIVExpression"><nont label="PrefixExpression"><nont label="PostfixExpression"><nont label="AtomicExpression"><term lexeme="i" token="IDENTIFIER"><location loc="213.23--213.23"/></term><nont label="ArgumentsOpt"/><location loc="213.23--213.23"/></nont><nont label="PostfixExpressionP"/><location loc="213.23--213.23"/></nont><location loc="213.23--213.23"/></nont><nont label="MULDIVExpressionP"/><location loc="213.23--213.23"/></nont><nont label="ADDSUBExpressionP"/><location loc="213.23--213.23"/></nont><nont label="RelationalExpressionP"/><location loc="213.23--213.23"/></nont><nont label="ANDExpressionP"/><location loc="213.23--213.23"/></nont><nont label="ORXORExpressionP"/><location loc="213.23--213.23"/></nont><location loc="213.23--213.23"/></nont><nont label="StatementP"><term lexeme="=" token="ASSIGN"><location loc="213.24--213.24"/></term><nont label="Expression"><nont label="ORXORExpression"><nont label="ANDExpression"><nont label="RelationalExpression"><nont label="ADDSUBExpression"><nont label="MULDIVExpression"><nont label="PrefixExpression"><nont label="PostfixExpression"><nont label="AtomicExpression"><term lexeme="i" token="IDENTIFIER"><location loc="213.25--213.25"/></term><nont label="ArgumentsOpt"/><location loc="213.25--213.25"/></nont><nont label="PostfixExpressionP"/><location loc="213.25--213.25"/></nont><location loc="213.25--213.25"/></nont><nont label="MULDIVExpressionP"/><location loc="213.25--213.25"/></nont><nont label="ADDSUBExpressionP"><term lexeme="+" token="ADD"><location loc="213.26--213.26"/></term><nont label="MULDIVExpression"><nont label="PrefixExpression"><nont label="PostfixExpression"><nont label="AtomicExpression"><term lexeme="1" token="INTCONST"><location loc="213.27--213.27"/></term><location loc="213.27--213.27"/></nont><nont label="PostfixExpressionP"/><location loc="213.27--213.27"/></nont><location loc="213.27--213.27"/></nont><nont label="MULDIVExpressionP"/><location loc="213.27--213.27"/></nont><nont label="ADDSUBExpressionP"/><location loc="213.26--213.27"/></nont><location loc="213.25--213.27"/></nont><nont label="RelationalExpressionP"/><location loc="213.25--213.27"/></nont><nont label="ANDExpressionP"/><location loc="213.25--213.27"/></nont><nont label="ORXORExpressionP"/><location loc="213.25--213.27"/></nont><location loc="213.25--213.27"/></nont><location loc="213.24--213.27"/></nont><location loc="213.23--213.27"/></nont><term lexeme=";" token="SEMIC"><location loc="213.28--213.28"/></term><nont label="StatementsP"/><location loc="213.23--213.28"/></nont><location loc="212.23--213.28"/></nont><location loc="211.23--213.28"/></nont><term lexeme="end" token="END"><location loc="214.21--214.23"/></term><location loc="210.21--214.23"/></nont><term lexeme=";" token="SEMIC"><location loc="214.24--214.24"/></term><nont label="StatementsP"><nont label="Statement"><nont label="Expression"><nont label="ORXORExpression"><nont label="ANDExpression"><nont label="RelationalExpression"><nont label="ADDSUBExpression"><nont label="MULDIVExpression"><nont label="PrefixExpression"><nont label="PostfixExpression"><nont label="AtomicExpression"><term lexeme="putChar" token="IDENTIFIER"><location loc="215.21--215.27"/></term><nont label="ArgumentsOpt"><term lexeme="(" token="LPARENTHESIS"><location loc="215.28--215.28"/></term><nont label="ArgumentsOptP"><nont label="Arguments"><nont label="Expression"><nont label="ORXORExpression"><nont label="ANDExpression"><nont label="RelationalExpression"><nont label="ADDSUBExpression"><nont label="MULDIVExpression"><nont label="PrefixExpression"><nont label="PostfixExpression"><term lexeme="(" token="LPARENTHESIS"><location loc="215.29--215.29"/></term><nont label="Expression"><nont label="ORXORExpression"><nont label="ANDExpression"><nont label="RelationalExpression"><nont label="ADDSUBExpression"><nont label="MULDIVExpression"><nont label="PrefixExpression"><nont label="PostfixExpression"><nont label="AtomicExpression"><term lexeme="10" token="INTCONST"><location loc="215.30--215.31"/></term><location loc="215.30--215.31"/></nont><nont label="PostfixExpressionP"/><location loc="215.30--215.31"/></nont><location loc="215.30--215.31"/></nont><nont label="MULDIVExpressionP"/><location loc="215.30--215.31"/></nont><nont label="ADDSUBExpressionP"/><location loc="215.30--215.31"/></nont><nont label="RelationalExpressionP"/><location loc="215.30--215.31"/></nont><nont label="ANDExpressionP"/><location loc="215.30--215.31"/></nont><nont label="ORXORExpressionP"/><location loc="215.30--215.31"/></nont><location loc="215.30--215.31"/></nont><nont label="PostfixExpressionPP"><term lexeme=":" token="COLON"><location loc="215.32--215.32"/></term><nont label="Type"><term lexeme="char" token="CHAR"><location loc="215.33--215.36"/></term><location loc="215.33--215.36"/></nont><term lexeme=")" token="RPARENTHESIS"><location loc="215.37--215.37"/></term><nont label="PostfixExpressionP"/><location loc="215.32--215.37"/></nont><location loc="215.29--215.37"/></nont><location loc="215.29--215.37"/></nont><nont label="MULDIVExpressionP"/><location loc="215.29--215.37"/></nont><nont label="ADDSUBExpressionP"/><location loc="215.29--215.37"/></nont><nont label="RelationalExpressionP"/><location loc="215.29--215.37"/></nont><nont label="ANDExpressionP"/><location loc="215.29--215.37"/></nont><nont label="ORXORExpressionP"/><location loc="215.29--215.37"/></nont><location loc="215.29--215.37"/></nont><nont label="ArgumentsP"/><location loc="215.29--215.37"/></nont><term lexeme=")" token="RPARENTHESIS"><location loc="215.38--215.38"/></term><location loc="215.29--215.38"/></nont><location loc="215.28--215.38"/></nont><location loc="215.21--215.38"/></nont><nont label="PostfixExpressionP"/><location loc="215.21--215.38"/></nont><location loc="215.21--215.38"/></nont><nont label="MULDIVExpressionP"/><location loc="215.21--215.38"/></nont><nont label="ADDSUBExpressionP"/><location loc="215.21--215.38"/></nont><nont label="RelationalExpressionP"/><location loc="215.21--215.38"/></nont><nont label="ANDExpressionP"/><location loc="215.21--215.38"/></nont><nont label="ORXORExpressionP"/><location loc="215.21--215.38"/></nont><location loc="215.21--215.38"/></nont><nont label="StatementP"/><location loc="215.21--215.38"/></nont><term lexeme=";" token="SEMIC"><location loc="215.39--215.39"/></term><nont label="StatementsP"><nont label="Statement"><nont label="Expression"><nont label="ORXORExpression"><nont label="ANDExpression"><nont label="RelationalExpression"><nont label="ADDSUBExpression"><nont label="MULDIVExpression"><nont label="PrefixExpression"><nont label="PostfixExpression"><nont label="AtomicExpression"><term lexeme="j" token="IDENTIFIER"><location loc="216.21--216.21"/></term><nont label="ArgumentsOpt"/><location loc="216.21--216.21"/></nont><nont label="PostfixExpressionP"/><location loc="216.21--216.21"/></nont><location loc="216.21--216.21"/></nont><nont label="MULDIVExpressionP"/><location loc="216.21--216.21"/></nont><nont label="ADDSUBExpressionP"/><location loc="216.21--216.21"/></nont><nont label="RelationalExpressionP"/><location loc="216.21--216.21"/></nont><nont label="ANDExpressionP"/><location loc="216.21--216.21"/></nont><nont label="ORXORExpressionP"/><location loc="216.21--216.21"/></nont><location loc="216.21--216.21"/></nont><nont label="StatementP"><term lexeme="=" token="ASSIGN"><location loc="216.22--216.22"/></term><nont label="Expression"><nont label="ORXORExpression"><nont label="ANDExpression"><nont label="RelationalExpression"><nont label="ADDSUBExpression"><nont label="MULDIVExpression"><nont label="PrefixExpression"><nont label="PostfixExpression"><nont label="AtomicExpression"><term lexeme="j" token="IDENTIFIER"><location loc="216.23--216.23"/></term><nont label="ArgumentsOpt"/><location loc="216.23--216.23"/></nont><nont label="PostfixExpressionP"/><location loc="216.23--216.23"/></nont><location loc="216.23--216.23"/></nont><nont label="MULDIVExpressionP"/><location loc="216.23--216.23"/></nont><nont label="ADDSUBExpressionP"><term lexeme="+" token="ADD"><location loc="216.24--216.24"/></term><nont label="MULDIVExpression"><nont label="PrefixExpression"><nont label="PostfixExpression"><nont label="AtomicExpression"><term lexeme="1" token="INTCONST"><location loc="216.25--216.25"/></term><location loc="216.25--216.25"/></nont><nont label="PostfixExpressionP"/><location loc="216.25--216.25"/></nont><location loc="216.25--216.25"/></nont><nont label="MULDIVExpressionP"/><location loc="216.25--216.25"/></nont><nont label="ADDSUBExpressionP"/><location loc="216.24--216.25"/></nont><location loc="216.23--216.25"/></nont><nont label="RelationalExpressionP"/><location loc="216.23--216.25"/></nont><nont label="ANDExpressionP"/><location loc="216.23--216.25"/></nont><nont label="ORXORExpressionP"/><location loc="216.23--216.25"/></nont><location loc="216.23--216.25"/></nont><location loc="216.22--216.25"/></nont><location loc="216.21--216.25"/></nont><term lexeme=";" token="SEMIC"><location loc="216.26--216.26"/></term><nont label="StatementsP"/><location loc="216.21--216.26"/></nont><location loc="215.21--216.26"/></nont><location loc="210.21--216.26"/></nont><location loc="209.21--216.26"/></nont><term lexeme="end" token="END"><location loc="217.19--217.21"/></term><location loc="208.19--217.21"/></nont><term lexeme=";" token="SEMIC"><location loc="217.22--217.22"/></term><nont label="StatementsP"><nont label="Statement"><nont label="Expression"><nont label="ORXORExpression"><nont label="ANDExpression"><nont label="RelationalExpression"><nont label="ADDSUBExpression"><nont label="MULDIVExpression"><nont label="PrefixExpression"><nont label="PostfixExpression"><nont label="AtomicExpression"><term lexeme="putChar" token="IDENTIFIER"><location loc="218.19--218.25"/></term><nont label="ArgumentsOpt"><term lexeme="(" token="LPARENTHESIS"><location loc="218.26--218.26"/></term><nont label="ArgumentsOptP"><nont label="Arguments"><nont label="Expression"><nont label="ORXORExpression"><nont label="ANDExpression"><nont label="RelationalExpression"><nont label="ADDSUBExpression"><nont label="MULDIVExpression"><nont label="PrefixExpression"><nont label="PostfixExpression"><term lexeme="(" token="LPARENTHESIS"><location loc="218.27--218.27"/></term><nont label="Expression"><nont label="ORXORExpression"><nont label="ANDExpression"><nont label="RelationalExpression"><nont label="ADDSUBExpression"><nont label="MULDIVExpression"><nont label="PrefixExpression"><nont label="PostfixExpression"><nont label="AtomicExpression"><term lexeme="10" token="INTCONST"><location loc="218.28--218.29"/></term><location loc="218.28--218.29"/></nont><nont label="PostfixExpressionP"/><location loc="218.28--218.29"/></nont><location loc="218.28--218.29"/></nont><nont label="MULDIVExpressionP"/><location loc="218.28--218.29"/></nont><nont label="ADDSUBExpressionP"/><location loc="218.28--218.29"/></nont><nont label="RelationalExpressionP"/><location loc="218.28--218.29"/></nont><nont label="ANDExpressionP"/><location loc="218.28--218.29"/></nont><nont label="ORXORExpressionP"/><location loc="218.28--218.29"/></nont><location loc="218.28--218.29"/></nont><nont label="PostfixExpressionPP"><term lexeme=":" token="COLON"><location loc="218.30--218.30"/></term><nont label="Type"><term lexeme="char" token="CHAR"><location loc="218.31--218.34"/></term><location loc="218.31--218.34"/></nont><term lexeme=")" token="RPARENTHESIS"><location loc="218.35--218.35"/></term><nont label="PostfixExpressionP"/><location loc="218.30--218.35"/></nont><location loc="218.27--218.35"/></nont><location loc="218.27--218.35"/></nont><nont label="MULDIVExpressionP"/><location loc="218.27--218.35"/></nont><nont label="ADDSUBExpressionP"/><location loc="218.27--218.35"/></nont><nont label="RelationalExpressionP"/><location loc="218.27--218.35"/></nont><nont label="ANDExpressionP"/><location loc="218.27--218.35"/></nont><nont label="ORXORExpressionP"/><location loc="218.27--218.35"/></nont><location loc="218.27--218.35"/></nont><nont label="ArgumentsP"/><location loc="218.27--218.35"/></nont><term lexeme=")" token="RPARENTHESIS"><location loc="218.36--218.36"/></term><location loc="218.27--218.36"/></nont><location loc="218.26--218.36"/></nont><location loc="218.19--218.36"/></nont><nont label="PostfixExpressionP"/><location loc="218.19--218.36"/></nont><location loc="218.19--218.36"/></nont><nont label="MULDIVExpressionP"/><location loc="218.19--218.36"/></nont><nont label="ADDSUBExpressionP"/><location loc="218.19--218.36"/></nont><nont label="RelationalExpressionP"/><location loc="218.19--218.36"/></nont><nont label="ANDExpressionP"/><location loc="218.19--218.36"/></nont><nont label="ORXORExpressionP"/><location loc="218.19--218.36"/></nont><location loc="218.19--218.36"/></nont><nont label="StatementP"/><location loc="218.19--218.36"/></nont><term lexeme=";" token="SEMIC"><location loc="218.37--218.37"/></term><nont label="StatementsP"/><location loc="218.19--218.37"/></nont><location loc="208.19--218.37"/></nont><location loc="207.19--218.37"/></nont><nont label="ElseOpt"/><term lexeme="end" token="END"><location loc="219.17--219.19"/></term><location loc="206.17--219.19"/></nont><term lexeme=";" token="SEMIC"><location loc="219.20--219.20"/></term><nont label="StatementsP"/><location loc="206.17--219.20"/></nont><term lexeme=":" token="COLON"><location loc="220.15--220.15"/></term><nont label="Expression"><nont label="ORXORExpression"><nont label="ANDExpression"><nont label="RelationalExpression"><nont label="ADDSUBExpression"><nont label="MULDIVExpression"><nont label="PrefixExpression"><nont label="PostfixExpression"><nont label="AtomicExpression"><term lexeme="none" token="VOIDCONST"><location loc="220.17--220.20"/></term><location loc="220.17--220.20"/></nont><nont label="PostfixExpressionP"/><location loc="220.17--220.20"/></nont><location loc="220.17--220.20"/></nont><nont label="MULDIVExpressionP"/><location loc="220.17--220.20"/></nont><nont label="ADDSUBExpressionP"/><location loc="220.17--220.20"/></nont><nont label="RelationalExpressionP"/><location loc="220.17--220.20"/></nont><nont label="ANDExpressionP"/><location loc="220.17--220.20"/></nont><nont label="ORXORExpressionP"/><location loc="220.17--220.20"/></nont><location loc="220.17--220.20"/></nont><nont label="WhereOpt"><term lexeme="where" token="WHERE"><location loc="221.15--221.19"/></term><nont label="Declarations"><nont label="Declaration"><term lexeme="var" token="VAR"><location loc="222.17--222.19"/></term><term lexeme="j" token="IDENTIFIER"><location loc="222.21--222.21"/></term><term lexeme=":" token="COLON"><location loc="222.22--222.22"/></term><nont label="Type"><term lexeme="int" token="INT"><location loc="222.23--222.25"/></term><location loc="222.23--222.25"/></nont><term lexeme=";" token="SEMIC"><location loc="222.26--222.26"/></term><location loc="222.17--222.26"/></nont><nont label="DeclarationsP"><nont label="Declaration"><term lexeme="var" token="VAR"><location loc="223.17--223.19"/></term><term lexeme="i" token="IDENTIFIER"><location loc="223.21--223.21"/></term><term lexeme=":" token="COLON"><location loc="223.22--223.22"/></term><nont label="Type"><term lexeme="int" token="INT"><location loc="223.23--223.25"/></term><location loc="223.23--223.25"/></nont><term lexeme=";" token="SEMIC"><location loc="223.26--223.26"/></term><location loc="223.17--223.26"/></nont><nont label="DeclarationsP"/><location loc="223.17--223.26"/></nont><location loc="222.17--223.26"/></nont><location loc="221.15--223.26"/></nont><term lexeme="}" token="RBRACE"><location loc="224.15--224.15"/></term><location loc="206.15--224.15"/></nont><nont label="PostfixExpressionP"/><location loc="206.15--224.15"/></nont><location loc="206.15--224.15"/></nont><nont label="MULDIVExpressionP"/><location loc="206.15--224.15"/></nont><nont label="ADDSUBExpressionP"/><location loc="206.15--224.15"/></nont><nont label="RelationalExpressionP"/><location loc="206.15--224.15"/></nont><nont label="ANDExpressionP"/><location loc="206.15--224.15"/></nont><nont label="ORXORExpressionP"/><location loc="206.15--224.15"/></nont><location loc="206.15--224.15"/></nont><nont label="StatementP"/><location loc="206.15--224.15"/></nont><term lexeme=";" token="SEMIC"><location loc="224.16--224.16"/></term><nont label="StatementsP"><nont label="Statement"><nont label="Expression"><nont label="ORXORExpression"><nont label="ANDExpression"><nont label="RelationalExpression"><nont label="ADDSUBExpression"><nont label="MULDIVExpression"><nont label="PrefixExpression"><nont label="PostfixExpression"><nont label="AtomicExpression"><term lexeme="count" token="IDENTIFIER"><location loc="225.15--225.19"/></term><nont label="ArgumentsOpt"/><location loc="225.15--225.19"/></nont><nont label="PostfixExpressionP"/><location loc="225.15--225.19"/></nont><location loc="225.15--225.19"/></nont><nont label="MULDIVExpressionP"/><location loc="225.15--225.19"/></nont><nont label="ADDSUBExpressionP"/><location loc="225.15--225.19"/></nont><nont label="RelationalExpressionP"/><location loc="225.15--225.19"/></nont><nont label="ANDExpressionP"/><location loc="225.15--225.19"/></nont><nont label="ORXORExpressionP"/><location loc="225.15--225.19"/></nont><location loc="225.15--225.19"/></nont><nont label="StatementP"><term lexeme="=" token="ASSIGN"><location loc="225.20--225.20"/></term><nont label="Expression"><nont label="ORXORExpression"><nont label="ANDExpression"><nont label="RelationalExpression"><nont label="ADDSUBExpression"><nont label="MULDIVExpression"><nont label="PrefixExpression"><nont label="PostfixExpression"><nont label="AtomicExpression"><term lexeme="1" token="INTCONST"><location loc="225.21--225.21"/></term><location loc="225.21--225.21"/></nont><nont label="PostfixExpressionP"/><location loc="225.21--225.21"/></nont><location loc="225.21--225.21"/></nont><nont label="MULDIVExpressionP"/><location loc="225.21--225.21"/></nont><nont label="ADDSUBExpressionP"/><location loc="225.21--225.21"/></nont><nont label="RelationalExpressionP"/><location loc="225.21--225.21"/></nont><nont label="ANDExpressionP"/><location loc="225.21--225.21"/></nont><nont label="ORXORExpressionP"/><location loc="225.21--225.21"/></nont><location loc="225.21--225.21"/></nont><location loc="225.20--225.21"/></nont><location loc="225.15--225.21"/></nont><term lexeme=";" token="SEMIC"><location loc="225.22--225.22"/></term><nont label="StatementsP"/><location loc="225.15--225.22"/></nont><location loc="206.15--225.22"/></nont><nont label="ElseOpt"><term lexeme="else" token="ELSE"><location loc="226.13--226.16"/></term><nont label="Statements"><nont label="Statement"><term lexeme="if" token="IF"><location loc="227.15--227.16"/></term><nont label="Expression"><nont label="ORXORExpression"><nont label="ANDExpression"><nont label="RelationalExpression"><nont label="ADDSUBExpression"><nont label="MULDIVExpression"><nont label="PrefixExpression"><nont label="PostfixExpression"><term lexeme="(" token="LPARENTHESIS"><location loc="227.18--227.18"/></term><nont label="Expression"><nont label="ORXORExpression"><nont label="ANDExpression"><nont label="RelationalExpression"><nont label="ADDSUBExpression"><nont label="MULDIVExpression"><nont label="PrefixExpression"><term lexeme="@" token="DATA"><location loc="227.19--227.19"/></term><nont label="PrefixExpression"><nont label="PostfixExpression"><nont label="AtomicExpression"><term lexeme="t1d" token="IDENTIFIER"><location loc="227.20--227.22"/></term><nont label="ArgumentsOpt"/><location loc="227.20--227.22"/></nont><nont label="PostfixExpressionP"/><location loc="227.20--227.22"/></nont><location loc="227.20--227.22"/></nont><location loc="227.19--227.22"/></nont><nont label="MULDIVExpressionP"/><location loc="227.19--227.22"/></nont><nont label="ADDSUBExpressionP"/><location loc="227.19--227.22"/></nont><nont label="RelationalExpressionP"/><location loc="227.19--227.22"/></nont><nont label="ANDExpressionP"/><location loc="227.19--227.22"/></nont><nont label="ORXORExpressionP"/><location loc="227.19--227.22"/></nont><location loc="227.19--227.22"/></nont><nont label="PostfixExpressionPP"><term lexeme=")" token="RPARENTHESIS"><location loc="227.23--227.23"/></term><nont label="PostfixExpressionP"><term lexeme="[" token="LBRACKET"><location loc="227.24--227.24"/></term><nont label="Expression"><nont label="ORXORExpression"><nont label="ANDExpression"><nont label="RelationalExpression"><nont label="ADDSUBExpression"><nont label="MULDIVExpression"><nont label="PrefixExpression"><nont label="PostfixExpression"><nont label="AtomicExpression"><term lexeme="k" token="IDENTIFIER"><location loc="227.25--227.25"/></term><nont label="ArgumentsOpt"/><location loc="227.25--227.25"/></nont><nont label="PostfixExpressionP"/><location loc="227.25--227.25"/></nont><location loc="227.25--227.25"/></nont><nont label="MULDIVExpressionP"/><location loc="227.25--227.25"/></nont><nont label="ADDSUBExpressionP"/><location loc="227.25--227.25"/></nont><nont label="RelationalExpressionP"/><location loc="227.25--227.25"/></nont><nont label="ANDExpressionP"/><location loc="227.25--227.25"/></nont><nont label="ORXORExpressionP"/><location loc="227.25--227.25"/></nont><location loc="227.25--227.25"/></nont><term lexeme="]" token="RBRACKET"><location loc="227.26--227.26"/></term><nont label="PostfixExpressionP"/><location loc="227.24--227.26"/></nont><location loc="227.23--227.26"/></nont><location loc="227.18--227.26"/></nont><location loc="227.18--227.26"/></nont><nont label="MULDIVExpressionP"/><location loc="227.18--227.26"/></nont><nont label="ADDSUBExpressionP"/><location loc="227.18--227.26"/></nont><nont label="RelationalExpressionP"><term lexeme="!=" token="NEQ"><location loc="227.27--227.28"/></term><nont label="ADDSUBExpression"><nont label="MULDIVExpression"><nont label="PrefixExpression"><nont label="PostfixExpression"><nont label="AtomicExpression"><term lexeme="0" token="INTCONST"><location loc="227.29--227.29"/></term><location loc="227.29--227.29"/></nont><nont label="PostfixExpressionP"/><location loc="227.29--227.29"/></nont><location loc="227.29--227.29"/></nont><nont label="MULDIVExpressionP"/><location loc="227.29--227.29"/></nont><nont label="ADDSUBExpressionP"/><location loc="227.29--227.29"/></nont><location loc="227.27--227.29"/></nont><location loc="227.18--227.29"/></nont><nont label="ANDExpressionP"/><location loc="227.18--227.29"/></nont><nont label="ORXORExpressionP"/><location loc="227.18--227.29"/></nont><location loc="227.18--227.29"/></nont><term lexeme="then" token="THEN"><location loc="227.31--227.34"/></term><nont label="Statements"><nont label="Statement"><nont label="Expression"><nont label="ORXORExpression"><nont label="ANDExpression"><nont label="RelationalExpression"><nont label="ADDSUBExpression"><nont label="MULDIVExpression"><nont label="PrefixExpression"><nont label="PostfixExpression"><nont label="AtomicExpression"><term lexeme="count" token="IDENTIFIER"><location loc="228.17--228.21"/></term><nont label="ArgumentsOpt"/><location loc="228.17--228.21"/></nont><nont label="PostfixExpressionP"/><location loc="228.17--228.21"/></nont><location loc="228.17--228.21"/></nont><nont label="MULDIVExpressionP"/><location loc="228.17--228.21"/></nont><nont label="ADDSUBExpressionP"/><location loc="228.17--228.21"/></nont><nont label="RelationalExpressionP"/><location loc="228.17--228.21"/></nont><nont label="ANDExpressionP"/><location loc="228.17--228.21"/></nont><nont label="ORXORExpressionP"/><location loc="228.17--228.21"/></nont><location loc="228.17--228.21"/></nont><nont label="StatementP"><term lexeme="=" token="ASSIGN"><location loc="228.22--228.22"/></term><nont label="Expression"><nont label="ORXORExpression"><nont label="ANDExpression"><nont label="RelationalExpression"><nont label="ADDSUBExpression"><nont label="MULDIVExpression"><nont label="PrefixExpression"><nont label="PostfixExpression"><nont label="AtomicExpression"><term lexeme="solve" token="IDENTIFIER"><location loc="228.23--228.27"/></term><nont label="ArgumentsOpt"><term lexeme="(" token="LPARENTHESIS"><location loc="228.28--228.28"/></term><nont label="ArgumentsOptP"><nont label="Arguments"><nont label="Expression"><nont label="ORXORExpression"><nont label="ANDExpression"><nont label="RelationalExpression"><nont label="ADDSUBExpression"><nont label="MULDIVExpression"><nont label="PrefixExpression"><nont label="PostfixExpression"><nont label="AtomicExpression"><term lexeme="k" token="IDENTIFIER"><location loc="228.29--228.29"/></term><nont label="ArgumentsOpt"/><location loc="228.29--228.29"/></nont><nont label="PostfixExpressionP"/><location loc="228.29--228.29"/></nont><location loc="228.29--228.29"/></nont><nont label="MULDIVExpressionP"/><location loc="228.29--228.29"/></nont><nont label="ADDSUBExpressionP"><term lexeme="+" token="ADD"><location loc="228.30--228.30"/></term><nont label="MULDIVExpression"><nont label="PrefixExpression"><nont label="PostfixExpression"><nont label="AtomicExpression"><term lexeme="1" token="INTCONST"><location loc="228.31--228.31"/></term><location loc="228.31--228.31"/></nont><nont label="PostfixExpressionP"/><location loc="228.31--228.31"/></nont><location loc="228.31--228.31"/></nont><nont label="MULDIVExpressionP"/><location loc="228.31--228.31"/></nont><nont label="ADDSUBExpressionP"/><location loc="228.30--228.31"/></nont><location loc="228.29--228.31"/></nont><nont label="RelationalExpressionP"/><location loc="228.29--228.31"/></nont><nont label="ANDExpressionP"/><location loc="228.29--228.31"/></nont><nont label="ORXORExpressionP"/><location loc="228.29--228.31"/></nont><location loc="228.29--228.31"/></nont><nont label="ArgumentsP"><term lexeme="," token="COMMA"><location loc="228.32--228.32"/></term><nont label="Expression"><nont label="ORXORExpression"><nont label="ANDExpression"><nont label="RelationalExpression"><nont label="ADDSUBExpression"><nont label="MULDIVExpression"><nont label="PrefixExpression"><nont label="PostfixExpression"><nont label="AtomicExpression"><term lexeme="n" token="IDENTIFIER"><location loc="228.33--228.33"/></term><nont label="ArgumentsOpt"/><location loc="228.33--228.33"/></nont><nont label="PostfixExpressionP"/><location loc="228.33--228.33"/></nont><location loc="228.33--228.33"/></nont><nont label="MULDIVExpressionP"/><location loc="228.33--228.33"/></nont><nont label="ADDSUBExpressionP"/><location loc="228.33--228.33"/></nont><nont label="RelationalExpressionP"/><location loc="228.33--228.33"/></nont><nont label="ANDExpressionP"/><location loc="228.33--228.33"/></nont><nont label="ORXORExpressionP"/><location loc="228.33--228.33"/></nont><location loc="228.33--228.33"/></nont><nont label="ArgumentsP"/><location loc="228.32--228.33"/></nont><location loc="228.29--228.33"/></nont><term lexeme=")" token="RPARENTHESIS"><location loc="228.34--228.34"/></term><location loc="228.29--228.34"/></nont><location loc="228.28--228.34"/></nont><location loc="228.23--228.34"/></nont><nont label="PostfixExpressionP"/><location loc="228.23--228.34"/></nont><location loc="228.23--228.34"/></nont><nont label="MULDIVExpressionP"/><location loc="228.23--228.34"/></nont><nont label="ADDSUBExpressionP"/><location loc="228.23--228.34"/></nont><nont label="RelationalExpressionP"/><location loc="228.23--228.34"/></nont><nont label="ANDExpressionP"/><location loc="228.23--228.34"/></nont><nont label="ORXORExpressionP"/><location loc="228.23--228.34"/></nont><location loc="228.23--228.34"/></nont><location loc="228.22--228.34"/></nont><location loc="228.17--228.34"/></nont><term lexeme=";" token="SEMIC"><location loc="228.35--228.35"/></term><nont label="StatementsP"/><location loc="228.17--228.35"/></nont><nont label="ElseOpt"><term lexeme="else" token="ELSE"><location loc="229.15--229.18"/></term><nont label="Statements"><nont label="Statement"><nont label="Expression"><nont label="ORXORExpression"><nont label="ANDExpression"><nont label="RelationalExpression"><nont label="ADDSUBExpression"><nont label="MULDIVExpression"><nont label="PrefixExpression"><nont label="PostfixExpression"><nont label="AtomicExpression"><term lexeme="{" token="LBRACE"><location loc="230.17--230.17"/></term><nont label="Statements"><nont label="Statement"><nont label="Expression"><nont label="ORXORExpression"><nont label="ANDExpression"><nont label="RelationalExpression"><nont label="ADDSUBExpression"><nont label="MULDIVExpression"><nont label="PrefixExpression"><nont label="PostfixExpression"><nont label="AtomicExpression"><term lexeme="count" token="IDENTIFIER"><location loc="230.19--230.23"/></term><nont label="ArgumentsOpt"/><location loc="230.19--230.23"/></nont><nont label="PostfixExpressionP"/><location loc="230.19--230.23"/></nont><location loc="230.19--230.23"/></nont><nont label="MULDIVExpressionP"/><location loc="230.19--230.23"/></nont><nont label="ADDSUBExpressionP"/><location loc="230.19--230.23"/></nont><nont label="RelationalExpressionP"/><location loc="230.19--230.23"/></nont><nont label="ANDExpressionP"/><location loc="230.19--230.23"/></nont><nont label="ORXORExpressionP"/><location loc="230.19--230.23"/></nont><location loc="230.19--230.23"/></nont><nont label="StatementP"><term lexeme="=" token="ASSIGN"><location loc="230.26--230.26"/></term><nont label="Expression"><nont label="ORXORExpression"><nont label="ANDExpression"><nont label="RelationalExpression"><nont label="ADDSUBExpression"><nont label="MULDIVExpression"><nont label="PrefixExpression"><nont label="PostfixExpression"><nont label="AtomicExpression"><term lexeme="0" token="INTCONST"><location loc="230.27--230.27"/></term><location loc="230.27--230.27"/></nont><nont label="PostfixExpressionP"/><location loc="230.27--230.27"/></nont><location loc="230.27--230.27"/></nont><nont label="MULDIVExpressionP"/><location loc="230.27--230.27"/></nont><nont label="ADDSUBExpressionP"/><location loc="230.27--230.27"/></nont><nont label="RelationalExpressionP"/><location loc="230.27--230.27"/></nont><nont label="ANDExpressionP"/><location loc="230.27--230.27"/></nont><nont label="ORXORExpressionP"/><location loc="230.27--230.27"/></nont><location loc="230.27--230.27"/></nont><location loc="230.26--230.27"/></nont><location loc="230.19--230.27"/></nont><term lexeme=";" token="SEMIC"><location loc="230.28--230.28"/></term><nont label="StatementsP"><nont label="Statement"><nont label="Expression"><nont label="ORXORExpression"><nont label="ANDExpression"><nont label="RelationalExpression"><nont label="ADDSUBExpression"><nont label="MULDIVExpression"><nont label="PrefixExpression"><nont label="PostfixExpression"><nont label="AtomicExpression"><term lexeme="d" token="IDENTIFIER"><location loc="231.19--231.19"/></term><nont label="ArgumentsOpt"/><location loc="231.19--231.19"/></nont><nont label="PostfixExpressionP"/><location loc="231.19--231.19"/></nont><location loc="231.19--231.19"/></nont><nont label="MULDIVExpressionP"/><location loc="231.19--231.19"/></nont><nont label="ADDSUBExpressionP"/><location loc="231.19--231.19"/></nont><nont label="RelationalExpressionP"/><location loc="231.19--231.19"/></nont><nont label="ANDExpressionP"/><location loc="231.19--231.19"/></nont><nont label="ORXORExpressionP"/><location loc="231.19--231.19"/></nont><location loc="231.19--231.19"/></nont><nont label="StatementP"><term lexeme="=" token="ASSIGN"><location loc="231.20--231.20"/></term><nont label="Expression"><nont label="ORXORExpression"><nont label="ANDExpression"><nont label="RelationalExpression"><nont label="ADDSUBExpression"><nont label="MULDIVExpression"><nont label="PrefixExpression"><nont label="PostfixExpression"><nont label="AtomicExpression"><term lexeme="1" token="INTCONST"><location loc="231.21--231.21"/></term><location loc="231.21--231.21"/></nont><nont label="PostfixExpressionP"/><location loc="231.21--231.21"/></nont><location loc="231.21--231.21"/></nont><nont label="MULDIVExpressionP"/><location loc="231.21--231.21"/></nont><nont label="ADDSUBExpressionP"/><location loc="231.21--231.21"/></nont><nont label="RelationalExpressionP"/><location loc="231.21--231.21"/></nont><nont label="ANDExpressionP"/><location loc="231.21--231.21"/></nont><nont label="ORXORExpressionP"/><location loc="231.21--231.21"/></nont><location loc="231.21--231.21"/></nont><location loc="231.20--231.21"/></nont><location loc="231.19--231.21"/></nont><term lexeme=";" token="SEMIC"><location loc="231.22--231.22"/></term><nont label="StatementsP"><nont label="Statement"><term lexeme="while" token="WHILE"><location loc="232.19--232.23"/></term><nont label="Expression"><nont label="ORXORExpression"><nont label="ANDExpression"><nont label="RelationalExpression"><nont label="ADDSUBExpression"><nont label="MULDIVExpression"><nont label="PrefixExpression"><nont label="PostfixExpression"><nont label="AtomicExpression"><term lexeme="d" token="IDENTIFIER"><location loc="232.25--232.25"/></term><nont label="ArgumentsOpt"/><location loc="232.25--232.25"/></nont><nont label="PostfixExpressionP"/><location loc="232.25--232.25"/></nont><location loc="232.25--232.25"/></nont><nont label="MULDIVExpressionP"/><location loc="232.25--232.25"/></nont><nont label="ADDSUBExpressionP"/><location loc="232.25--232.25"/></nont><nont label="RelationalExpressionP"><term lexeme="&lt;=" token="LEQ"><location loc="232.26--232.27"/></term><nont label="ADDSUBExpression"><nont label="MULDIVExpression"><nont label="PrefixExpression"><nont label="PostfixExpression"><nont label="AtomicExpression"><term lexeme="9" token="INTCONST"><location loc="232.28--232.28"/></term><location loc="232.28--232.28"/></nont><nont label="PostfixExpressionP"/><location loc="232.28--232.28"/></nont><location loc="232.28--232.28"/></nont><nont label="MULDIVExpressionP"/><location loc="232.28--232.28"/></nont><nont label="ADDSUBExpressionP"/><location loc="232.28--232.28"/></nont><location loc="232.26--232.28"/></nont><location loc="232.25--232.28"/></nont><nont label="ANDExpressionP"/><location loc="232.25--232.28"/></nont><nont label="ORXORExpressionP"/><location loc="232.25--232.28"/></nont><location loc="232.25--232.28"/></nont><term lexeme="do" token="DO"><location loc="232.30--232.31"/></term><nont label="Statements"><nont label="Statement"><nont label="Expression"><nont label="ORXORExpression"><nont label="ANDExpression"><nont label="RelationalExpression"><nont label="ADDSUBExpression"><nont label="MULDIVExpression"><nont label="PrefixExpression"><nont label="PostfixExpression"><term lexeme="(" token="LPARENTHESIS"><location loc="233.21--233.21"/></term><nont label="Expression"><nont label="ORXORExpression"><nont label="ANDExpression"><nont label="RelationalExpression"><nont label="ADDSUBExpression"><nont label="MULDIVExpression"><nont label="PrefixExpression"><term lexeme="@" token="DATA"><location loc="233.22--233.22"/></term><nont label="PrefixExpression"><nont label="PostfixExpression"><nont label="AtomicExpression"><term lexeme="t1d" token="IDENTIFIER"><location loc="233.23--233.25"/></term><nont label="ArgumentsOpt"/><location loc="233.23--233.25"/></nont><nont label="PostfixExpressionP"/><location loc="233.23--233.25"/></nont><location loc="233.23--233.25"/></nont><location loc="233.22--233.25"/></nont><nont label="MULDIVExpressionP"/><location loc="233.22--233.25"/></nont><nont label="ADDSUBExpressionP"/><location loc="233.22--233.25"/></nont><nont label="RelationalExpressionP"/><location loc="233.22--233.25"/></nont><nont label="ANDExpressionP"/><location loc="233.22--233.25"/></nont><nont label="ORXORExpressionP"/><location loc="233.22--233.25"/></nont><location loc="233.22--233.25"/></nont><nont label="PostfixExpressionPP"><term lexeme=")" token="RPARENTHESIS"><location loc="233.26--233.26"/></term><nont label="PostfixExpressionP"><term lexeme="[" token="LBRACKET"><location loc="233.27--233.27"/></term><nont label="Expression"><nont label="ORXORExpression"><nont label="ANDExpression"><nont label="RelationalExpression"><nont label="ADDSUBExpression"><nont label="MULDIVExpression"><nont label="PrefixExpression"><nont label="PostfixExpression"><nont label="AtomicExpression"><term lexeme="k" token="IDENTIFIER"><location loc="233.28--233.28"/></term><nont label="ArgumentsOpt"/><location loc="233.28--233.28"/></nont><nont label="PostfixExpressionP"/><location loc="233.28--233.28"/></nont><location loc="233.28--233.28"/></nont><nont label="MULDIVExpressionP"/><location loc="233.28--233.28"/></nont><nont label="ADDSUBExpressionP"/><location loc="233.28--233.28"/></nont><nont label="RelationalExpressionP"/><location loc="233.28--233.28"/></nont><nont label="ANDExpressionP"/><location loc="233.28--233.28"/></nont><nont label="ORXORExpressionP"/><location loc="233.28--233.28"/></nont><location loc="233.28--233.28"/></nont><term lexeme="]" token="RBRACKET"><location loc="233.29--233.29"/></term><nont label="PostfixExpressionP"/><location loc="233.27--233.29"/></nont><location loc="233.26--233.29"/></nont><location loc="233.21--233.29"/></nont><location loc="233.21--233.29"/></nont><nont label="MULDIVExpressionP"/><location loc="233.21--233.29"/></nont><nont label="ADDSUBExpressionP"/><location loc="233.21--233.29"/></nont><nont label="RelationalExpressionP"/><location loc="233.21--233.29"/></nont><nont label="ANDExpressionP"/><location loc="233.21--233.29"/></nont><nont label="ORXORExpressionP"/><location loc="233.21--233.29"/></nont><location loc="233.21--233.29"/></nont><nont label="StatementP"><term lexeme="=" token="ASSIGN"><location loc="233.30--233.30"/></term><nont label="Expression"><nont label="ORXORExpression"><nont label="ANDExpression"><nont label="RelationalExpression"><nont label="ADDSUBExpression"><nont label="MULDIVExpression"><nont label="PrefixExpression"><nont label="PostfixExpression"><nont label="AtomicExpression"><term lexeme="d" token="IDENTIFIER"><location loc="233.31--233.31"/></term><nont label="ArgumentsOpt"/><location loc="233.31--233.31"/></nont><nont label="PostfixExpressionP"/><location loc="233.31--233.31"/></nont><location loc="233.31--233.31"/></nont><nont label="MULDIVExpressionP"/><location loc="233.31--233.31"/></nont><nont label="ADDSUBExpressionP"/><location loc="233.31--233.31"/></nont><nont label="RelationalExpressionP"/><location loc="233.31--233.31"/></nont><nont label="ANDExpressionP"/><location loc="233.31--233.31"/></nont><nont label="ORXORExpressionP"/><location loc="233.31--233.31"/></nont><location loc="233.31--233.31"/></nont><location loc="233.30--233.31"/></nont><location loc="233.21--233.31"/></nont><term lexeme=";" token="SEMIC"><location loc="233.32--233.32"/></term><nont label="StatementsP"><nont label="Statement"><term lexeme="if" token="IF"><location loc="234.21--234.22"/></term><nont label="Expression"><nont label="ORXORExpression"><nont label="ANDExpression"><nont label="RelationalExpression"><nont label="ADDSUBExpression"><nont label="MULDIVExpression"><nont label="PrefixExpression"><nont label="PostfixExpression"><nont label="AtomicExpression"><term lexeme="check_h" token="IDENTIFIER"><location loc="234.24--234.30"/></term><nont label="ArgumentsOpt"><term lexeme="(" token="LPARENTHESIS"><location loc="234.31--234.31"/></term><nont label="ArgumentsOptP"><nont label="Arguments"><nont label="Expression"><nont label="ORXORExpression"><nont label="ANDExpression"><nont label="RelationalExpression"><nont label="ADDSUBExpression"><nont label="MULDIVExpression"><nont label="PrefixExpression"><nont label="PostfixExpression"><nont label="AtomicExpression"><term lexeme="k" token="IDENTIFIER"><location loc="234.32--234.32"/></term><nont label="ArgumentsOpt"/><location loc="234.32--234.32"/></nont><nont label="PostfixExpressionP"/><location loc="234.32--234.32"/></nont><location loc="234.32--234.32"/></nont><nont label="MULDIVExpressionP"><term lexeme="/" token="DIV"><location loc="234.33--234.33"/></term><nont label="PrefixExpression"><nont label="PostfixExpression"><nont label="AtomicExpression"><term lexeme="9" token="INTCONST"><location loc="234.34--234.34"/></term><location loc="234.34--234.34"/></nont><nont label="PostfixExpressionP"/><location loc="234.34--234.34"/></nont><location loc="234.34--234.34"/></nont><nont label="MULDIVExpressionP"/><location loc="234.33--234.34"/></nont><location loc="234.32--234.34"/></nont><nont label="ADDSUBExpressionP"/><location loc="234.32--234.34"/></nont><nont label="RelationalExpressionP"/><location loc="234.32--234.34"/></nont><nont label="ANDExpressionP"/><location loc="234.32--234.34"/></nont><nont label="ORXORExpressionP"/><location loc="234.32--234.34"/></nont><location loc="234.32--234.34"/></nont><nont label="ArgumentsP"/><location loc="234.32--234.34"/></nont><term lexeme=")" token="RPARENTHESIS"><location loc="234.35--234.35"/></term><location loc="234.32--234.35"/></nont><location loc="234.31--234.35"/></nont><location loc="234.24--234.35"/></nont><nont label="PostfixExpressionP"/><location loc="234.24--234.35"/></nont><location loc="234.24--234.35"/></nont><nont label="MULDIVExpressionP"/><location loc="234.24--234.35"/></nont><nont label="ADDSUBExpressionP"/><location loc="234.24--234.35"/></nont><nont label="RelationalExpressionP"/><location loc="234.24--234.35"/></nont><nont label="ANDExpressionP"><term lexeme="&amp;" token="AND"><location loc="234.36--234.36"/></term><nont label="RelationalExpression"><nont label="ADDSUBExpression"><nont label="MULDIVExpression"><nont label="PrefixExpression"><nont label="PostfixExpression"><nont label="AtomicExpression"><term lexeme="check_v" token="IDENTIFIER"><location loc="234.37--234.43"/></term><nont label="ArgumentsOpt"><term lexeme="(" token="LPARENTHESIS"><location loc="234.44--234.44"/></term><nont label="ArgumentsOptP"><nont label="Arguments"><nont label="Expression"><nont label="ORXORExpression"><nont label="ANDExpression"><nont label="RelationalExpression"><nont label="ADDSUBExpression"><nont label="MULDIVExpression"><nont label="PrefixExpression"><nont label="PostfixExpression"><nont label="AtomicExpression"><term lexeme="k" token="IDENTIFIER"><location loc="234.45--234.45"/></term><nont label="ArgumentsOpt"/><location loc="234.45--234.45"/></nont><nont label="PostfixExpressionP"/><location loc="234.45--234.45"/></nont><location loc="234.45--234.45"/></nont><nont label="MULDIVExpressionP"><term lexeme="%" token="MOD"><location loc="234.46--234.46"/></term><nont label="PrefixExpression"><nont label="PostfixExpression"><nont label="AtomicExpression"><term lexeme="9" token="INTCONST"><location loc="234.47--234.47"/></term><location loc="234.47--234.47"/></nont><nont label="PostfixExpressionP"/><location loc="234.47--234.47"/></nont><location loc="234.47--234.47"/></nont><nont label="MULDIVExpressionP"/><location loc="234.46--234.47"/></nont><location loc="234.45--234.47"/></nont><nont label="ADDSUBExpressionP"/><location loc="234.45--234.47"/></nont><nont label="RelationalExpressionP"/><location loc="234.45--234.47"/></nont><nont label="ANDExpressionP"/><location loc="234.45--234.47"/></nont><nont label="ORXORExpressionP"/><location loc="234.45--234.47"/></nont><location loc="234.45--234.47"/></nont><nont label="ArgumentsP"/><location loc="234.45--234.47"/></nont><term lexeme=")" token="RPARENTHESIS"><location loc="234.48--234.48"/></term><location loc="234.45--234.48"/></nont><location loc="234.44--234.48"/></nont><location loc="234.37--234.48"/></nont><nont label="PostfixExpressionP"/><location loc="234.37--234.48"/></nont><location loc="234.37--234.48"/></nont><nont label="MULDIVExpressionP"/><location loc="234.37--234.48"/></nont><nont label="ADDSUBExpressionP"/><location loc="234.37--234.48"/></nont><nont label="RelationalExpressionP"/><location loc="234.37--234.48"/></nont><nont label="ANDExpressionP"><term lexeme="&amp;" token="AND"><location loc="234.49--234.49"/></term><nont label="RelationalExpression"><nont label="ADDSUBExpression"><nont label="MULDIVExpression"><nont label="PrefixExpression"><nont label="PostfixExpression"><nont label="AtomicExpression"><term lexeme="check_q" token="IDENTIFIER"><location loc="234.50--234.56"/></term><nont label="ArgumentsOpt"><term lexeme="(" token="LPARENTHESIS"><location loc="234.57--234.57"/></term><nont label="ArgumentsOptP"><nont label="Arguments"><nont label="Expression"><nont label="ORXORExpression"><nont label="ANDExpression"><nont label="RelationalExpression"><nont label="ADDSUBExpression"><nont label="MULDIVExpression"><nont label="PrefixExpression"><nont label="PostfixExpression"><term lexeme="(" token="LPARENTHESIS"><location loc="234.58--234.58"/></term><nont label="Expression"><nont label="ORXORExpression"><nont label="ANDExpression"><nont label="RelationalExpression"><nont label="ADDSUBExpression"><nont label="MULDIVExpression"><nont label="PrefixExpression"><nont label="PostfixExpression"><nont label="AtomicExpression"><term lexeme="k" token="IDENTIFIER"><location loc="234.59--234.59"/></term><nont label="ArgumentsOpt"/><location loc="234.59--234.59"/></nont><nont label="PostfixExpressionP"/><location loc="234.59--234.59"/></nont><location loc="234.59--234.59"/></nont><nont label="MULDIVExpressionP"><term lexeme="/" token="DIV"><location loc="234.60--234.60"/></term><nont label="PrefixExpression"><nont label="PostfixExpression"><nont label="AtomicExpression"><term lexeme="9" token="INTCONST"><location loc="234.61--234.61"/></term><location loc="234.61--234.61"/></nont><nont label="PostfixExpressionP"/><location loc="234.61--234.61"/></nont><location loc="234.61--234.61"/></nont><nont label="MULDIVExpressionP"/><location loc="234.60--234.61"/></nont><location loc="234.59--234.61"/></nont><nont label="ADDSUBExpressionP"/><location loc="234.59--234.61"/></nont><nont label="RelationalExpressionP"/><location loc="234.59--234.61"/></nont><nont label="ANDExpressionP"/><location loc="234.59--234.61"/></nont><nont label="ORXORExpressionP"/><location loc="234.59--234.61"/></nont><location loc="234.59--234.61"/></nont><nont label="PostfixExpressionPP"><term lexeme=")" token="RPARENTHESIS"><location loc="234.62--234.62"/></term><nont label="PostfixExpressionP"/><location loc="234.62--234.62"/></nont><location loc="234.58--234.62"/></nont><location loc="234.58--234.62"/></nont><nont label="MULDIVExpressionP"><term lexeme="/" token="DIV"><location loc="234.63--234.63"/></term><nont label="PrefixExpression"><nont label="PostfixExpression"><nont label="AtomicExpression"><term lexeme="3" token="INTCONST"><location loc="234.64--234.64"/></term><location loc="234.64--234.64"/></nont><nont label="PostfixExpressionP"/><location loc="234.64--234.64"/></nont><location loc="234.64--234.64"/></nont><nont label="MULDIVExpressionP"/><location loc="234.63--234.64"/></nont><location loc="234.58--234.64"/></nont><nont label="ADDSUBExpressionP"/><location loc="234.58--234.64"/></nont><nont label="RelationalExpressionP"/><location loc="234.58--234.64"/></nont><nont label="ANDExpressionP"/><location loc="234.58--234.64"/></nont><nont label="ORXORExpressionP"/><location loc="234.58--234.64"/></nont><location loc="234.58--234.64"/></nont><nont label="ArgumentsP"><term lexeme="," token="COMMA"><location loc="234.65--234.65"/></term><nont label="Expression"><nont label="ORXORExpression"><nont label="ANDExpression"><nont label="RelationalExpression"><nont label="ADDSUBExpression"><nont label="MULDIVExpression"><nont label="PrefixExpression"><nont label="PostfixExpression"><term lexeme="(" token="LPARENTHESIS"><location loc="234.66--234.66"/></term><nont label="Expression"><nont label="ORXORExpression"><nont label="ANDExpression"><nont label="RelationalExpression"><nont label="ADDSUBExpression"><nont label="MULDIVExpression"><nont label="PrefixExpression"><nont label="PostfixExpression"><nont label="AtomicExpression"><term lexeme="k" token="IDENTIFIER"><location loc="234.67--234.67"/></term><nont label="ArgumentsOpt"/><location loc="234.67--234.67"/></nont><nont label="PostfixExpressionP"/><location loc="234.67--234.67"/></nont><location loc="234.67--234.67"/></nont><nont label="MULDIVExpressionP"><term lexeme="%" token="MOD"><location loc="234.68--234.68"/></term><nont label="PrefixExpression"><nont label="PostfixExpression"><nont label="AtomicExpression"><term lexeme="9" token="INTCONST"><location loc="234.69--234.69"/></term><location loc="234.69--234.69"/></nont><nont label="PostfixExpressionP"/><location loc="234.69--234.69"/></nont><location loc="234.69--234.69"/></nont><nont label="MULDIVExpressionP"/><location loc="234.68--234.69"/></nont><location loc="234.67--234.69"/></nont><nont label="ADDSUBExpressionP"/><location loc="234.67--234.69"/></nont><nont label="RelationalExpressionP"/><location loc="234.67--234.69"/></nont><nont label="ANDExpressionP"/><location loc="234.67--234.69"/></nont><nont label="ORXORExpressionP"/><location loc="234.67--234.69"/></nont><location loc="234.67--234.69"/></nont><nont label="PostfixExpressionPP"><term lexeme=")" token="RPARENTHESIS"><location loc="234.70--234.70"/></term><nont label="PostfixExpressionP"/><location loc="234.70--234.70"/></nont><location loc="234.66--234.70"/></nont><location loc="234.66--234.70"/></nont><nont label="MULDIVExpressionP"><term lexeme="/" token="DIV"><location loc="234.71--234.71"/></term><nont label="PrefixExpression"><nont label="PostfixExpression"><nont label="AtomicExpression"><term lexeme="3" token="INTCONST"><location loc="234.72--234.72"/></term><location loc="234.72--234.72"/></nont><nont label="PostfixExpressionP"/><location loc="234.72--234.72"/></nont><location loc="234.72--234.72"/></nont><nont label="MULDIVExpressionP"/><location loc="234.71--234.72"/></nont><location loc="234.66--234.72"/></nont><nont label="ADDSUBExpressionP"/><location loc="234.66--234.72"/></nont><nont label="RelationalExpressionP"/><location loc="234.66--234.72"/></nont><nont label="ANDExpressionP"/><location loc="234.66--234.72"/></nont><nont label="ORXORExpressionP"/><location loc="234.66--234.72"/></nont><location loc="234.66--234.72"/></nont><nont label="ArgumentsP"/><location loc="234.65--234.72"/></nont><location loc="234.58--234.72"/></nont><term lexeme=")" token="RPARENTHESIS"><location loc="234.73--234.73"/></term><location loc="234.58--234.73"/></nont><location loc="234.57--234.73"/></nont><location loc="234.50--234.73"/></nont><nont label="PostfixExpressionP"/><location loc="234.50--234.73"/></nont><location loc="234.50--234.73"/></nont><nont label="MULDIVExpressionP"/><location loc="234.50--234.73"/></nont><nont label="ADDSUBExpressionP"/><location loc="234.50--234.73"/></nont><nont label="RelationalExpressionP"/><location loc="234.50--234.73"/></nont><nont label="ANDExpressionP"/><location loc="234.49--234.73"/></nont><location loc="234.36--234.73"/></nont><location loc="234.24--234.73"/></nont><nont label="ORXORExpressionP"/><location loc="234.24--234.73"/></nont><location loc="234.24--234.73"/></nont><term lexeme="then" token="THEN"><location loc="234.75--234.78"/></term><nont label="Statements"><nont label="Statement"><nont label="Expression"><nont label="ORXORExpression"><nont label="ANDExpression"><nont label="RelationalExpression"><nont label="ADDSUBExpression"><nont label="MULDIVExpression"><nont label="PrefixExpression"><nont label="PostfixExpression"><nont label="AtomicExpression"><term lexeme="count" token="IDENTIFIER"><location loc="235.23--235.27"/></term><nont label="ArgumentsOpt"/><location loc="235.23--235.27"/></nont><nont label="PostfixExpressionP"/><location loc="235.23--235.27"/></nont><location loc="235.23--235.27"/></nont><nont label="MULDIVExpressionP"/><location loc="235.23--235.27"/></nont><nont label="ADDSUBExpressionP"/><location loc="235.23--235.27"/></nont><nont label="RelationalExpressionP"/><location loc="235.23--235.27"/></nont><nont label="ANDExpressionP"/><location loc="235.23--235.27"/></nont><nont label="ORXORExpressionP"/><location loc="235.23--235.27"/></nont><location loc="235.23--235.27"/></nont><nont label="StatementP"><term lexeme="=" token="ASSIGN"><location loc="235.28--235.28"/></term><nont label="Expression"><nont label="ORXORExpression"><nont label="ANDExpression"><nont label="RelationalExpression"><nont label="ADDSUBExpression"><nont label="MULDIVExpression"><nont label="PrefixExpression"><nont label="PostfixExpression"><nont label="AtomicExpression"><term lexeme="count" token="IDENTIFIER"><location loc="235.29--235.33"/></term><nont label="ArgumentsOpt"/><location loc="235.29--235.33"/></nont><nont label="PostfixExpressionP"/><location loc="235.29--235.33"/></nont><location loc="235.29--235.33"/></nont><nont label="MULDIVExpressionP"/><location loc="235.29--235.33"/></nont><nont label="ADDSUBExpressionP"><term lexeme="+" token="ADD"><location loc="235.34--235.34"/></term><nont label="MULDIVExpression"><nont label="PrefixExpression"><nont label="PostfixExpression"><nont label="AtomicExpression"><term lexeme="solve" token="IDENTIFIER"><location loc="235.35--235.39"/></term><nont label="ArgumentsOpt"><term lexeme="(" token="LPARENTHESIS"><location loc="235.40--235.40"/></term><nont label="ArgumentsOptP"><nont label="Arguments"><nont label="Expression"><nont label="ORXORExpression"><nont label="ANDExpression"><nont label="RelationalExpression"><nont label="ADDSUBExpression"><nont label="MULDIVExpression"><nont label="PrefixExpression"><nont label="PostfixExpression"><nont label="AtomicExpression"><term lexeme="k" token="IDENTIFIER"><location loc="235.41--235.41"/></term><nont label="ArgumentsOpt"/><location loc="235.41--235.41"/></nont><nont label="PostfixExpressionP"/><location loc="235.41--235.41"/></nont><location loc="235.41--235.41"/></nont><nont label="MULDIVExpressionP"/><location loc="235.41--235.41"/></nont><nont label="ADDSUBExpressionP"><term lexeme="+" token="ADD"><location loc="235.42--235.42"/></term><nont label="MULDIVExpression"><nont label="PrefixExpression"><nont label="PostfixExpression"><nont label="AtomicExpression"><term lexeme="1" token="INTCONST"><location loc="235.43--235.43"/></term><location loc="235.43--235.43"/></nont><nont label="PostfixExpressionP"/><location loc="235.43--235.43"/></nont><location loc="235.43--235.43"/></nont><nont label="MULDIVExpressionP"/><location loc="235.43--235.43"/></nont><nont label="ADDSUBExpressionP"/><location loc="235.42--235.43"/></nont><location loc="235.41--235.43"/></nont><nont label="RelationalExpressionP"/><location loc="235.41--235.43"/></nont><nont label="ANDExpressionP"/><location loc="235.41--235.43"/></nont><nont label="ORXORExpressionP"/><location loc="235.41--235.43"/></nont><location loc="235.41--235.43"/></nont><nont label="ArgumentsP"><term lexeme="," token="COMMA"><location loc="235.44--235.44"/></term><nont label="Expression"><nont label="ORXORExpression"><nont label="ANDExpression"><nont label="RelationalExpression"><nont label="ADDSUBExpression"><nont label="MULDIVExpression"><nont label="PrefixExpression"><nont label="PostfixExpression"><nont label="AtomicExpression"><term lexeme="n" token="IDENTIFIER"><location loc="235.45--235.45"/></term><nont label="ArgumentsOpt"/><location loc="235.45--235.45"/></nont><nont label="PostfixExpressionP"/><location loc="235.45--235.45"/></nont><location loc="235.45--235.45"/></nont><nont label="MULDIVExpressionP"/><location loc="235.45--235.45"/></nont><nont label="ADDSUBExpressionP"/><location loc="235.45--235.45"/></nont><nont label="RelationalExpressionP"/><location loc="235.45--235.45"/></nont><nont label="ANDExpressionP"/><location loc="235.45--235.45"/></nont><nont label="ORXORExpressionP"/><location loc="235.45--235.45"/></nont><location loc="235.45--235.45"/></nont><nont label="ArgumentsP"/><location loc="235.44--235.45"/></nont><location loc="235.41--235.45"/></nont><term lexeme=")" token="RPARENTHESIS"><location loc="235.46--235.46"/></term><location loc="235.41--235.46"/></nont><location loc="235.40--235.46"/></nont><location loc="235.35--235.46"/></nont><nont label="PostfixExpressionP"/><location loc="235.35--235.46"/></nont><location loc="235.35--235.46"/></nont><nont label="MULDIVExpressionP"/><location loc="235.35--235.46"/></nont><nont label="ADDSUBExpressionP"/><location loc="235.34--235.46"/></nont><location loc="235.29--235.46"/></nont><nont label="RelationalExpressionP"/><location loc="235.29--235.46"/></nont><nont label="ANDExpressionP"/><location loc="235.29--235.46"/></nont><nont label="ORXORExpressionP"/><location loc="235.29--235.46"/></nont><location loc="235.29--235.46"/></nont><location loc="235.28--235.46"/></nont><location loc="235.23--235.46"/></nont><term lexeme=";" token="SEMIC"><location loc="235.47--235.47"/></term><nont label="StatementsP"/><location loc="235.23--235.47"/></nont><nont label="ElseOpt"/><term lexeme="end" token="END"><location loc="236.21--236.23"/></term><location loc="234.21--236.23"/></nont><term lexeme=";" token="SEMIC"><location loc="236.24--236.24"/></term><nont label="StatementsP"><nont label="Statement"><nont label="Expression"><nont label="ORXORExpression"><nont label="ANDExpression"><nont label="RelationalExpression"><nont label="ADDSUBExpression"><nont label="MULDIVExpression"><nont label="PrefixExpression"><nont label="PostfixExpression"><term lexeme="(" token="LPARENTHESIS"><location loc="237.21--237.21"/></term><nont label="Expression"><nont label="ORXORExpression"><nont label="ANDExpression"><nont label="RelationalExpression"><nont label="ADDSUBExpression"><nont label="MULDIVExpression"><nont label="PrefixExpression"><term lexeme="@" token="DATA"><location loc="237.22--237.22"/></term><nont label="PrefixExpression"><nont label="PostfixExpression"><nont label="AtomicExpression"><term lexeme="t1d" token="IDENTIFIER"><location loc="237.23--237.25"/></term><nont label="ArgumentsOpt"/><location loc="237.23--237.25"/></nont><nont label="PostfixExpressionP"/><location loc="237.23--237.25"/></nont><location loc="237.23--237.25"/></nont><location loc="237.22--237.25"/></nont><nont label="MULDIVExpressionP"/><location loc="237.22--237.25"/></nont><nont label="ADDSUBExpressionP"/><location loc="237.22--237.25"/></nont><nont label="RelationalExpressionP"/><location loc="237.22--237.25"/></nont><nont label="ANDExpressionP"/><location loc="237.22--237.25"/></nont><nont label="ORXORExpressionP"/><location loc="237.22--237.25"/></nont><location loc="237.22--237.25"/></nont><nont label="PostfixExpressionPP"><term lexeme=")" token="RPARENTHESIS"><location loc="237.26--237.26"/></term><nont label="PostfixExpressionP"><term lexeme="[" token="LBRACKET"><location loc="237.27--237.27"/></term><nont label="Expression"><nont label="ORXORExpression"><nont label="ANDExpression"><nont label="RelationalExpression"><nont label="ADDSUBExpression"><nont label="MULDIVExpression"><nont label="PrefixExpression"><nont label="PostfixExpression"><nont label="AtomicExpression"><term lexeme="k" token="IDENTIFIER"><location loc="237.28--237.28"/></term><nont label="ArgumentsOpt"/><location loc="237.28--237.28"/></nont><nont label="PostfixExpressionP"/><location loc="237.28--237.28"/></nont><location loc="237.28--237.28"/></nont><nont label="MULDIVExpressionP"/><location loc="237.28--237.28"/></nont><nont label="ADDSUBExpressionP"/><location loc="237.28--237.28"/></nont><nont label="RelationalExpressionP"/><location loc="237.28--237.28"/></nont><nont label="ANDExpressionP"/><location loc="237.28--237.28"/></nont><nont label="ORXORExpressionP"/><location loc="237.28--237.28"/></nont><location loc="237.28--237.28"/></nont><term lexeme="]" token="RBRACKET"><location loc="237.29--237.29"/></term><nont label="PostfixExpressionP"/><location loc="237.27--237.29"/></nont><location loc="237.26--237.29"/></nont><location loc="237.21--237.29"/></nont><location loc="237.21--237.29"/></nont><nont label="MULDIVExpressionP"/><location loc="237.21--237.29"/></nont><nont label="ADDSUBExpressionP"/><location loc="237.21--237.29"/></nont><nont label="RelationalExpressionP"/><location loc="237.21--237.29"/></nont><nont label="ANDExpressionP"/><location loc="237.21--237.29"/></nont><nont label="ORXORExpressionP"/><location loc="237.21--237.29"/></nont><location loc="237.21--237.29"/></nont><nont label="StatementP"><term lexeme="=" token="ASSIGN"><location loc="237.30--237.30"/></term><nont label="Expression"><nont label="ORXORExpression"><nont label="ANDExpression"><nont label="RelationalExpression"><nont label="ADDSUBExpression"><nont label="MULDIVExpression"><nont label="PrefixExpression"><nont label="PostfixExpression"><nont label="AtomicExpression"><term lexeme="0" token="INTCONST"><location loc="237.31--237.31"/></term><location loc="237.31--237.31"/></nont><nont label="PostfixExpressionP"/><location loc="237.31--237.31"/></nont><location loc="237.31--237.31"/></nont><nont label="MULDIVExpressionP"/><location loc="237.31--237.31"/></nont><nont label="ADDSUBExpressionP"/><location loc="237.31--237.31"/></nont><nont label="RelationalExpressionP"/><location loc="237.31--237.31"/></nont><nont label="ANDExpressionP"/><location loc="237.31--237.31"/></nont><nont label="ORXORExpressionP"/><location loc="237.31--237.31"/></nont><location loc="237.31--237.31"/></nont><location loc="237.30--237.31"/></nont><location loc="237.21--237.31"/></nont><term lexeme=";" token="SEMIC"><location loc="237.32--237.32"/></term><nont label="StatementsP"><nont label="Statement"><nont label="Expression"><nont label="ORXORExpression"><nont label="ANDExpression"><nont label="RelationalExpression"><nont label="ADDSUBExpression"><nont label="MULDIVExpression"><nont label="PrefixExpression"><nont label="PostfixExpression"><nont label="AtomicExpression"><term lexeme="d" token="IDENTIFIER"><location loc="238.21--238.21"/></term><nont label="ArgumentsOpt"/><location loc="238.21--238.21"/></nont><nont label="PostfixExpressionP"/><location loc="238.21--238.21"/></nont><location loc="238.21--238.21"/></nont><nont label="MULDIVExpressionP"/><location loc="238.21--238.21"/></nont><nont label="ADDSUBExpressionP"/><location loc="238.21--238.21"/></nont><nont label="RelationalExpressionP"/><location loc="238.21--238.21"/></nont><nont label="ANDExpressionP"/><location loc="238.21--238.21"/></nont><nont label="ORXORExpressionP"/><location loc="238.21--238.21"/></nont><location loc="238.21--238.21"/></nont><nont label="StatementP"><term lexeme="=" token="ASSIGN"><location loc="238.22--238.22"/></term><nont label="Expression"><nont label="ORXORExpression"><nont label="ANDExpression"><nont label="RelationalExpression"><nont label="ADDSUBExpression"><nont label="MULDIVExpression"><nont label="PrefixExpression"><nont label="PostfixExpression"><nont label="AtomicExpression"><term lexeme="d" token="IDENTIFIER"><location loc="238.23--238.23"/></term><nont label="ArgumentsOpt"/><location loc="238.23--238.23"/></nont><nont label="PostfixExpressionP"/><location loc="238.23--238.23"/></nont><location loc="238.23--238.23"/></nont><nont label="MULDIVExpressionP"/><location loc="238.23--238.23"/></nont><nont label="ADDSUBExpressionP"><term lexeme="+" token="ADD"><location loc="238.24--238.24"/></term><nont label="MULDIVExpression"><nont label="PrefixExpression"><nont label="PostfixExpression"><nont label="AtomicExpression"><term lexeme="1" token="INTCONST"><location loc="238.25--238.25"/></term><location loc="238.25--238.25"/></nont><nont label="PostfixExpressionP"/><location loc="238.25--238.25"/></nont><location loc="238.25--238.25"/></nont><nont label="MULDIVExpressionP"/><location loc="238.25--238.25"/></nont><nont label="ADDSUBExpressionP"/><location loc="238.24--238.25"/></nont><location loc="238.23--238.25"/></nont><nont label="RelationalExpressionP"/><location loc="238.23--238.25"/></nont><nont label="ANDExpressionP"/><location loc="238.23--238.25"/></nont><nont label="ORXORExpressionP"/><location loc="238.23--238.25"/></nont><location loc="238.23--238.25"/></nont><location loc="238.22--238.25"/></nont><location loc="238.21--238.25"/></nont><term lexeme=";" token="SEMIC"><location loc="238.26--238.26"/></term><nont label="StatementsP"/><location loc="238.21--238.26"/></nont><location loc="237.21--238.26"/></nont><location loc="234.21--238.26"/></nont><location loc="233.21--238.26"/></nont><term lexeme="end" token="END"><location loc="239.19--239.21"/></term><location loc="232.19--239.21"/></nont><term lexeme=";" token="SEMIC"><location loc="239.22--239.22"/></term><nont label="StatementsP"/><location loc="232.19--239.22"/></nont><location loc="231.19--239.22"/></nont><location loc="230.19--239.22"/></nont><term lexeme=":" token="COLON"><location loc="240.17--240.17"/></term><nont label="Expression"><nont label="ORXORExpression"><nont label="ANDExpression"><nont label="RelationalExpression"><nont label="ADDSUBExpression"><nont label="MULDIVExpression"><nont label="PrefixExpression"><nont label="PostfixExpression"><nont label="AtomicExpression"><term lexeme="none" token="VOIDCONST"><location loc="240.19--240.22"/></term><location loc="240.19--240.22"/></nont><nont label="PostfixExpressionP"/><location loc="240.19--240.22"/></nont><location loc="240.19--240.22"/></nont><nont label="MULDIVExpressionP"/><location loc="240.19--240.22"/></nont><nont label="ADDSUBExpressionP"/><location loc="240.19--240.22"/></nont><nont label="RelationalExpressionP"/><location loc="240.19--240.22"/></nont><nont label="ANDExpressionP"/><location loc="240.19--240.22"/></nont><nont label="ORXORExpressionP"/><location loc="240.19--240.22"/></nont><location loc="240.19--240.22"/></nont><nont label="WhereOpt"><term lexeme="where" token="WHERE"><location loc="241.17--241.21"/></term><nont label="Declarations"><nont label="Declaration"><term lexeme="var" token="VAR"><location loc="242.19--242.21"/></term><term lexeme="d" token="IDENTIFIER"><location loc="242.23--242.23"/></term><term lexeme=":" token="COLON"><location loc="242.24--242.24"/></term><nont label="Type"><term lexeme="int" token="INT"><location loc="242.25--242.27"/></term><location loc="242.25--242.27"/></nont><term lexeme=";" token="SEMIC"><location loc="242.28--242.28"/></term><location loc="242.19--242.28"/></nont><nont label="DeclarationsP"/><location loc="242.19--242.28"/></nont><location loc="241.17--242.28"/></nont><term lexeme="}" token="RBRACE"><location loc="243.17--243.17"/></term><location loc="230.17--243.17"/></nont><nont label="PostfixExpressionP"/><location loc="230.17--243.17"/></nont><location loc="230.17--243.17"/></nont><nont label="MULDIVExpressionP"/><location loc="230.17--243.17"/></nont><nont label="ADDSUBExpressionP"/><location loc="230.17--243.17"/></nont><nont label="RelationalExpressionP"/><location loc="230.17--243.17"/></nont><nont label="ANDExpressionP"/><location loc="230.17--243.17"/></nont><nont label="ORXORExpressionP"/><location loc="230.17--243.17"/></nont><location loc="230.17--243.17"/></nont><nont label="StatementP"/><location loc="230.17--243.17"/></nont><term lexeme=";" token="SEMIC"><location loc="243.18--243.18"/></term><nont label="StatementsP"/><location loc="230.17--243.18"/></nont><location loc="229.15--243.18"/></nont><term lexeme="end" token="END"><location loc="244.15--244.17"/></term><location loc="227.15--244.17"/></nont><term lexeme=";" token="SEMIC"><location loc="244.18--244.18"/></term><nont label="StatementsP"/><location loc="227.15--244.18"/></nont><location loc="226.13--244.18"/></nont><term lexeme="end" token="END"><location loc="245.13--245.15"/></term><location loc="205.13--245.15"/></nont><term lexeme=";" token="SEMIC"><location loc="245.16--245.16"/></term><nont label="StatementsP"/><location loc="205.13--245.16"/></nont><term lexeme=":" token="COLON"><location loc="246.11--246.11"/></term><nont label="Expression"><nont label="ORXORExpression"><nont label="ANDExpression"><nont label="RelationalExpression"><nont label="ADDSUBExpression"><nont label="MULDIVExpression"><nont label="PrefixExpression"><nont label="PostfixExpression"><nont label="AtomicExpression"><term lexeme="count" token="IDENTIFIER"><location loc="246.13--246.17"/></term><nont label="ArgumentsOpt"/><location loc="246.13--246.17"/></nont><nont label="PostfixExpressionP"/><location loc="246.13--246.17"/></nont><location loc="246.13--246.17"/></nont><nont label="MULDIVExpressionP"/><location loc="246.13--246.17"/></nont><nont label="ADDSUBExpressionP"/><location loc="246.13--246.17"/></nont><nont label="RelationalExpressionP"/><location loc="246.13--246.17"/></nont><nont label="ANDExpressionP"/><location loc="246.13--246.17"/></nont><nont label="ORXORExpressionP"/><location loc="246.13--246.17"/></nont><location loc="246.13--246.17"/></nont><nont label="WhereOpt"><term lexeme="where" token="WHERE"><location loc="247.11--247.15"/></term><nont label="Declarations"><nont label="Declaration"><term lexeme="var" token="VAR"><location loc="248.13--248.15"/></term><term lexeme="count" token="IDENTIFIER"><location loc="248.17--248.21"/></term><term lexeme=":" token="COLON"><location loc="248.22--248.22"/></term><nont label="Type"><term lexeme="int" token="INT"><location loc="248.23--248.25"/></term><location loc="248.23--248.25"/></nont><term lexeme=";" token="SEMIC"><location loc="248.26--248.26"/></term><location loc="248.13--248.26"/></nont><nont label="DeclarationsP"/><location loc="248.13--248.26"/></nont><location loc="247.11--248.26"/></nont><term lexeme="}" token="RBRACE"><location loc="249.11--249.11"/></term><location loc="205.11--249.11"/></nont><nont label="PostfixExpressionP"/><location loc="205.11--249.11"/></nont><location loc="205.11--249.11"/></nont><nont label="MULDIVExpressionP"/><location loc="205.11--249.11"/></nont><nont label="ADDSUBExpressionP"/><location loc="205.11--249.11"/></nont><nont label="RelationalExpressionP"/><location loc="205.11--249.11"/></nont><nont label="ANDExpressionP"/><location loc="205.11--249.11"/></nont><nont label="ORXORExpressionP"/><location loc="205.11--249.11"/></nont><location loc="205.11--249.11"/></nont><location loc="205.10--249.11"/></nont><term lexeme=";" token="SEMIC"><location loc="249.12--249.12"/></term><location loc="204.7--249.12"/></nont><nont label="DeclarationsP"/><location loc="204.7--249.12"/></nont><location loc="179.7--249.12"/></nont><location loc="160.7--249.12"/></nont><location loc="141.7--249.12"/></nont><location loc="140.7--249.12"/></nont><location loc="139.5--249.12"/></nont><term lexeme="}" token="RBRACE"><location loc="250.5--250.5"/></term><location loc="137.5--250.5"/></nont><nont label="PostfixExpressionP"/><location loc="137.5--250.5"/></nont><location loc="137.5--250.5"/></nont><nont label="MULDIVExpressionP"/><location loc="137.5--250.5"/></nont><nont label="ADDSUBExpressionP"/><location loc="137.5--250.5"/></nont><nont label="RelationalExpressionP"/><location loc="137.5--250.5"/></nont><nont label="ANDExpressionP"/><location loc="137.5--250.5"/></nont><nont label="ORXORExpressionP"/><location loc="137.5--250.5"/></nont><location loc="137.5--250.5"/></nont><location loc="137.4--250.5"/></nont><term lexeme=";" token="SEMIC"><location loc="250.6--250.6"/></term><location loc="136.1--250.6"/></nont><nont label="DeclarationsP"/><location loc="136.1--250.6"/></nont><location loc="107.1--250.6"/></nont><location loc="100.1--250.6"/></nont><location loc="87.1--250.6"/></nont><location loc="80.1--250.6"/></nont><location loc="72.1--250.6"/></nont><location loc="5.1--250.6"/></nont><location loc="3.1--250.6"/></nont><location loc="2.1--250.6"/></nont><location loc="1.1--250.6"/></nont><location loc="1.1--250.6"/></nont></synan>