<?xml version="1.0" encoding="UTF-8" standalone="no"?><?xml-stylesheet type="text/xsl" href="../../data/synan.xsl"?><synan><nont label="Source"><nont label="Declarations"><nont label="Declaration"><term lexeme="var" token="VAR"><location loc="1.1--1.3"/></term><term lexeme="mewi" token="IDENTIFIER"><location loc="1.5--1.8"/></term><term lexeme=":" token="COLON"><location loc="1.10--1.10"/></term><nont label="Type"><term lexeme="bool" token="BOOL"><location loc="1.12--1.15"/></term><location loc="1.12--1.15"/></nont><term lexeme=";" token="SEMIC"><location loc="3.1--3.1"/></term><location loc="1.1--3.1"/></nont><nont label="DeclarationsP"><nont label="Declaration"><term lexeme="fun" token="FUN"><location loc="5.1--5.3"/></term><term lexeme="ekv" token="IDENTIFIER"><location loc="5.5--5.7"/></term><term lexeme="(" token="LPARENTHESIS"><location loc="5.9--5.9"/></term><nont label="ParametersOpt"><nont label="Parameters"><term lexeme="l" token="IDENTIFIER"><location loc="5.11--5.11"/></term><term lexeme=":" token="COLON"><location loc="5.13--5.13"/></term><nont label="Type"><term lexeme="int" token="INT"><location loc="5.15--5.17"/></term><location loc="5.15--5.17"/></nont><nont label="ParametersP"/><location loc="5.11--5.17"/></nont><location loc="5.11--5.17"/></nont><term lexeme=")" token="RPARENTHESIS"><location loc="5.19--5.19"/></term><term lexeme=":" token="COLON"><location loc="5.21--5.21"/></term><nont label="Type"><term lexeme="void" token="VOID"><location loc="5.23--5.26"/></term><location loc="5.23--5.26"/></nont><nont label="FunctionBodyOpt"><term lexeme="=" token="ASSIGN"><location loc="5.29--5.29"/></term><nont label="Expression"><nont label="ORXORExpression"><nont label="ANDExpression"><nont label="RelationalExpression"><nont label="ADDSUBExpression"><nont label="MULDIVExpression"><nont label="PrefixExpression"><nont label="PostfixExpression"><nont label="AtomicExpression"><term lexeme="{" token="LBRACE"><location loc="5.30--5.30"/></term><nont label="Statements"><nont label="Statement"><nont label="Expression"><nont label="ORXORExpression"><nont label="ANDExpression"><nont label="RelationalExpression"><nont label="ADDSUBExpression"><nont label="MULDIVExpression"><nont label="PrefixExpression"><nont label="PostfixExpression"><nont label="AtomicExpression"><term lexeme="mewi" token="IDENTIFIER"><location loc="6.9--6.12"/></term><nont label="ArgumentsOpt"/><location loc="6.9--6.12"/></nont><nont label="PostfixExpressionP"><term lexeme="[" token="LBRACKET"><location loc="6.13--6.13"/></term><nont label="Expression"><nont label="ORXORExpression"><nont label="ANDExpression"><nont label="RelationalExpression"><nont label="ADDSUBExpression"><nont label="MULDIVExpression"><nont label="PrefixExpression"><nont label="PostfixExpression"><nont label="AtomicExpression"><term lexeme="369" token="INTCONST"><location loc="6.14--6.16"/></term><location loc="6.14--6.16"/></nont><nont label="PostfixExpressionP"/><location loc="6.14--6.16"/></nont><location loc="6.14--6.16"/></nont><nont label="MULDIVExpressionP"/><location loc="6.14--6.16"/></nont><nont label="ADDSUBExpressionP"/><location loc="6.14--6.16"/></nont><nont label="RelationalExpressionP"/><location loc="6.14--6.16"/></nont><nont label="ANDExpressionP"/><location loc="6.14--6.16"/></nont><nont label="ORXORExpressionP"/><location loc="6.14--6.16"/></nont><location loc="6.14--6.16"/></nont><term lexeme="]" token="RBRACKET"><location loc="6.17--6.17"/></term><nont label="PostfixExpressionP"/><location loc="6.13--6.17"/></nont><location loc="6.9--6.17"/></nont><location loc="6.9--6.17"/></nont><nont label="MULDIVExpressionP"/><location loc="6.9--6.17"/></nont><nont label="ADDSUBExpressionP"/><location loc="6.9--6.17"/></nont><nont label="RelationalExpressionP"><term lexeme="!=" token="NEQ"><location loc="6.19--6.20"/></term><nont label="ADDSUBExpression"><nont label="MULDIVExpression"><nont label="PrefixExpression"><nont label="PostfixExpression"><nont label="AtomicExpression"><term lexeme="ekv" token="IDENTIFIER"><location loc="6.22--6.24"/></term><nont label="ArgumentsOpt"/><location loc="6.22--6.24"/></nont><nont label="PostfixExpressionP"><term lexeme="[" token="LBRACKET"><location loc="6.25--6.25"/></term><nont label="Expression"><nont label="ORXORExpression"><nont label="ANDExpression"><nont label="RelationalExpression"><nont label="ADDSUBExpression"><nont label="MULDIVExpression"><nont label="PrefixExpression"><nont label="PostfixExpression"><nont label="AtomicExpression"><term lexeme="17" token="INTCONST"><location loc="6.26--6.27"/></term><location loc="6.26--6.27"/></nont><nont label="PostfixExpressionP"/><location loc="6.26--6.27"/></nont><location loc="6.26--6.27"/></nont><nont label="MULDIVExpressionP"/><location loc="6.26--6.27"/></nont><nont label="ADDSUBExpressionP"/><location loc="6.26--6.27"/></nont><nont label="RelationalExpressionP"/><location loc="6.26--6.27"/></nont><nont label="ANDExpressionP"/><location loc="6.26--6.27"/></nont><nont label="ORXORExpressionP"/><location loc="6.26--6.27"/></nont><location loc="6.26--6.27"/></nont><term lexeme="]" token="RBRACKET"><location loc="6.28--6.28"/></term><nont label="PostfixExpressionP"/><location loc="6.25--6.28"/></nont><location loc="6.22--6.28"/></nont><location loc="6.22--6.28"/></nont><nont label="MULDIVExpressionP"/><location loc="6.22--6.28"/></nont><nont label="ADDSUBExpressionP"><term lexeme="+" token="ADD"><location loc="6.30--6.30"/></term><nont label="MULDIVExpression"><nont label="PrefixExpression"><nont label="PostfixExpression"><nont label="AtomicExpression"><term lexeme="5" token="INTCONST"><location loc="6.32--6.32"/></term><location loc="6.32--6.32"/></nont><nont label="PostfixExpressionP"/><location loc="6.32--6.32"/></nont><location loc="6.32--6.32"/></nont><nont label="MULDIVExpressionP"/><location loc="6.32--6.32"/></nont><nont label="ADDSUBExpressionP"/><location loc="6.30--6.32"/></nont><location loc="6.22--6.32"/></nont><location loc="6.19--6.32"/></nont><location loc="6.9--6.32"/></nont><nont label="ANDExpressionP"/><location loc="6.9--6.32"/></nont><nont label="ORXORExpressionP"/><location loc="6.9--6.32"/></nont><location loc="6.9--6.32"/></nont><nont label="StatementP"/><location loc="6.9--6.32"/></nont><term lexeme=";" token="SEMIC"><location loc="6.33--6.33"/></term><nont label="StatementsP"><nont label="Statement"><term lexeme="if" token="IF"><location loc="8.9--8.10"/></term><nont label="Expression"><nont label="ORXORExpression"><nont label="ANDExpression"><nont label="RelationalExpression"><nont label="ADDSUBExpression"><nont label="MULDIVExpression"><nont label="PrefixExpression"><nont label="PostfixExpression"><term lexeme="(" token="LPARENTHESIS"><location loc="8.12--8.12"/></term><nont label="Expression"><nont label="ORXORExpression"><nont label="ANDExpression"><nont label="RelationalExpression"><nont label="ADDSUBExpression"><nont label="MULDIVExpression"><nont label="PrefixExpression"><nont label="PostfixExpression"><nont label="AtomicExpression"><term lexeme="true" token="BOOLCONST"><location loc="8.13--8.16"/></term><location loc="8.13--8.16"/></nont><nont label="PostfixExpressionP"/><location loc="8.13--8.16"/></nont><location loc="8.13--8.16"/></nont><nont label="MULDIVExpressionP"/><location loc="8.13--8.16"/></nont><nont label="ADDSUBExpressionP"/><location loc="8.13--8.16"/></nont><nont label="RelationalExpressionP"/><location loc="8.13--8.16"/></nont><nont label="ANDExpressionP"/><location loc="8.13--8.16"/></nont><nont label="ORXORExpressionP"/><location loc="8.13--8.16"/></nont><location loc="8.13--8.16"/></nont><nont label="PostfixExpressionPP"><term lexeme=")" token="RPARENTHESIS"><location loc="8.17--8.17"/></term><nont label="PostfixExpressionP"/><location loc="8.17--8.17"/></nont><location loc="8.12--8.17"/></nont><location loc="8.12--8.17"/></nont><nont label="MULDIVExpressionP"/><location loc="8.12--8.17"/></nont><nont label="ADDSUBExpressionP"/><location loc="8.12--8.17"/></nont><nont label="RelationalExpressionP"/><location loc="8.12--8.17"/></nont><nont label="ANDExpressionP"/><location loc="8.12--8.17"/></nont><nont label="ORXORExpressionP"/><location loc="8.12--8.17"/></nont><location loc="8.12--8.17"/></nont><term lexeme="then" token="THEN"><location loc="9.9--9.12"/></term><nont label="Statements"><nont label="Statement"><nont label="Expression"><nont label="ORXORExpression"><nont label="ANDExpression"><nont label="RelationalExpression"><nont label="ADDSUBExpression"><nont label="MULDIVExpression"><nont label="PrefixExpression"><nont label="PostfixExpression"><nont label="AtomicExpression"><term lexeme="false" token="BOOLCONST"><location loc="10.17--10.21"/></term><location loc="10.17--10.21"/></nont><nont label="PostfixExpressionP"/><location loc="10.17--10.21"/></nont><location loc="10.17--10.21"/></nont><nont label="MULDIVExpressionP"/><location loc="10.17--10.21"/></nont><nont label="ADDSUBExpressionP"/><location loc="10.17--10.21"/></nont><nont label="RelationalExpressionP"/><location loc="10.17--10.21"/></nont><nont label="ANDExpressionP"/><location loc="10.17--10.21"/></nont><nont label="ORXORExpressionP"/><location loc="10.17--10.21"/></nont><location loc="10.17--10.21"/></nont><nont label="StatementP"/><location loc="10.17--10.21"/></nont><term lexeme=";" token="SEMIC"><location loc="10.22--10.22"/></term><nont label="StatementsP"><nont label="Statement"><nont label="Expression"><nont label="ORXORExpression"><nont label="ANDExpression"><nont label="RelationalExpression"><nont label="ADDSUBExpression"><nont label="MULDIVExpression"><nont label="PrefixExpression"><term lexeme="!" token="NOT"><location loc="11.17--11.17"/></term><nont label="PrefixExpression"><term lexeme="!" token="NOT"><location loc="11.18--11.18"/></term><nont label="PrefixExpression"><term lexeme="!" token="NOT"><location loc="11.19--11.19"/></term><nont label="PrefixExpression"><nont label="PostfixExpression"><nont label="AtomicExpression"><term lexeme="x" token="IDENTIFIER"><location loc="11.20--11.20"/></term><nont label="ArgumentsOpt"/><location loc="11.20--11.20"/></nont><nont label="PostfixExpressionP"><term lexeme="[" token="LBRACKET"><location loc="11.21--11.21"/></term><nont label="Expression"><nont label="ORXORExpression"><nont label="ANDExpression"><nont label="RelationalExpression"><nont label="ADDSUBExpression"><nont label="MULDIVExpression"><nont label="PrefixExpression"><nont label="PostfixExpression"><nont label="AtomicExpression"><term lexeme="3" token="INTCONST"><location loc="11.22--11.22"/></term><location loc="11.22--11.22"/></nont><nont label="PostfixExpressionP"/><location loc="11.22--11.22"/></nont><location loc="11.22--11.22"/></nont><nont label="MULDIVExpressionP"/><location loc="11.22--11.22"/></nont><nont label="ADDSUBExpressionP"/><location loc="11.22--11.22"/></nont><nont label="RelationalExpressionP"/><location loc="11.22--11.22"/></nont><nont label="ANDExpressionP"/><location loc="11.22--11.22"/></nont><nont label="ORXORExpressionP"/><location loc="11.22--11.22"/></nont><location loc="11.22--11.22"/></nont><term lexeme="]" token="RBRACKET"><location loc="11.23--11.23"/></term><nont label="PostfixExpressionP"/><location loc="11.21--11.23"/></nont><location loc="11.20--11.23"/></nont><location loc="11.20--11.23"/></nont><location loc="11.19--11.23"/></nont><location loc="11.18--11.23"/></nont><location loc="11.17--11.23"/></nont><nont label="MULDIVExpressionP"/><location loc="11.17--11.23"/></nont><nont label="ADDSUBExpressionP"/><location loc="11.17--11.23"/></nont><nont label="RelationalExpressionP"/><location loc="11.17--11.23"/></nont><nont label="ANDExpressionP"/><location loc="11.17--11.23"/></nont><nont label="ORXORExpressionP"/><location loc="11.17--11.23"/></nont><location loc="11.17--11.23"/></nont><nont label="StatementP"/><location loc="11.17--11.23"/></nont><term lexeme=";" token="SEMIC"><location loc="11.24--11.24"/></term><nont label="StatementsP"/><location loc="11.17--11.24"/></nont><location loc="10.17--11.24"/></nont><nont label="ElseOpt"><term lexeme="else" token="ELSE"><location loc="12.9--12.12"/></term><nont label="Statements"><nont label="Statement"><term lexeme="if" token="IF"><location loc="13.17--13.18"/></term><nont label="Expression"><nont label="ORXORExpression"><nont label="ANDExpression"><nont label="RelationalExpression"><nont label="ADDSUBExpression"><nont label="MULDIVExpression"><nont label="PrefixExpression"><nont label="PostfixExpression"><nont label="AtomicExpression"><term lexeme="false" token="BOOLCONST"><location loc="13.20--13.24"/></term><location loc="13.20--13.24"/></nont><nont label="PostfixExpressionP"/><location loc="13.20--13.24"/></nont><location loc="13.20--13.24"/></nont><nont label="MULDIVExpressionP"/><location loc="13.20--13.24"/></nont><nont label="ADDSUBExpressionP"/><location loc="13.20--13.24"/></nont><nont label="RelationalExpressionP"/><location loc="13.20--13.24"/></nont><nont label="ANDExpressionP"/><location loc="13.20--13.24"/></nont><nont label="ORXORExpressionP"/><location loc="13.20--13.24"/></nont><location loc="13.20--13.24"/></nont><term lexeme="then" token="THEN"><location loc="13.26--13.29"/></term><nont label="Statements"><nont label="Statement"><term lexeme="while" token="WHILE"><location loc="14.25--14.29"/></term><nont label="Expression"><nont label="ORXORExpression"><nont label="ANDExpression"><nont label="RelationalExpression"><nont label="ADDSUBExpression"><nont label="MULDIVExpression"><nont label="PrefixExpression"><nont label="PostfixExpression"><nont label="AtomicExpression"><term lexeme="true" token="BOOLCONST"><location loc="14.31--14.34"/></term><location loc="14.31--14.34"/></nont><nont label="PostfixExpressionP"/><location loc="14.31--14.34"/></nont><location loc="14.31--14.34"/></nont><nont label="MULDIVExpressionP"/><location loc="14.31--14.34"/></nont><nont label="ADDSUBExpressionP"/><location loc="14.31--14.34"/></nont><nont label="RelationalExpressionP"/><location loc="14.31--14.34"/></nont><nont label="ANDExpressionP"/><location loc="14.31--14.34"/></nont><nont label="ORXORExpressionP"/><location loc="14.31--14.34"/></nont><location loc="14.31--14.34"/></nont><term lexeme="do" token="DO"><location loc="15.25--15.26"/></term><nont label="Statements"><nont label="Statement"><nont label="Expression"><nont label="ORXORExpression"><nont label="ANDExpression"><nont label="RelationalExpression"><nont label="ADDSUBExpression"><nont label="MULDIVExpression"><nont label="PrefixExpression"><nont label="PostfixExpression"><nont label="AtomicExpression"><term lexeme="1" token="INTCONST"><location loc="16.33--16.33"/></term><location loc="16.33--16.33"/></nont><nont label="PostfixExpressionP"/><location loc="16.33--16.33"/></nont><location loc="16.33--16.33"/></nont><nont label="MULDIVExpressionP"/><location loc="16.33--16.33"/></nont><nont label="ADDSUBExpressionP"/><location loc="16.33--16.33"/></nont><nont label="RelationalExpressionP"><term lexeme="&gt;" token="GTH"><location loc="16.34--16.34"/></term><nont label="ADDSUBExpression"><nont label="MULDIVExpression"><nont label="PrefixExpression"><nont label="PostfixExpression"><nont label="AtomicExpression"><term lexeme="2" token="INTCONST"><location loc="16.35--16.35"/></term><location loc="16.35--16.35"/></nont><nont label="PostfixExpressionP"/><location loc="16.35--16.35"/></nont><location loc="16.35--16.35"/></nont><nont label="MULDIVExpressionP"/><location loc="16.35--16.35"/></nont><nont label="ADDSUBExpressionP"/><location loc="16.35--16.35"/></nont><location loc="16.34--16.35"/></nont><location loc="16.33--16.35"/></nont><nont label="ANDExpressionP"/><location loc="16.33--16.35"/></nont><nont label="ORXORExpressionP"/><location loc="16.33--16.35"/></nont><location loc="16.33--16.35"/></nont><nont label="StatementP"/><location loc="16.33--16.35"/></nont><term lexeme=";" token="SEMIC"><location loc="16.36--16.36"/></term><nont label="StatementsP"/><location loc="16.33--16.36"/></nont><term lexeme="end" token="END"><location loc="17.25--17.27"/></term><location loc="14.25--17.27"/></nont><term lexeme=";" token="SEMIC"><location loc="17.28--17.28"/></term><nont label="StatementsP"/><location loc="14.25--17.28"/></nont><nont label="ElseOpt"/><term lexeme="end" token="END"><location loc="18.17--18.19"/></term><location loc="13.17--18.19"/></nont><term lexeme=";" token="SEMIC"><location loc="18.20--18.20"/></term><nont label="StatementsP"/><location loc="13.17--18.20"/></nont><location loc="12.9--18.20"/></nont><term lexeme="end" token="END"><location loc="19.9--19.11"/></term><location loc="8.9--19.11"/></nont><term lexeme=";" token="SEMIC"><location loc="19.12--19.12"/></term><nont label="StatementsP"/><location loc="8.9--19.12"/></nont><location loc="6.9--19.12"/></nont><term lexeme=":" token="COLON"><location loc="20.9--20.9"/></term><nont label="Expression"><nont label="ORXORExpression"><nont label="ANDExpression"><nont label="RelationalExpression"><nont label="ADDSUBExpression"><nont label="MULDIVExpression"><nont label="PrefixExpression"><nont label="PostfixExpression"><nont label="AtomicExpression"><term lexeme="17" token="INTCONST"><location loc="21.9--21.10"/></term><location loc="21.9--21.10"/></nont><nont label="PostfixExpressionP"/><location loc="21.9--21.10"/></nont><location loc="21.9--21.10"/></nont><nont label="MULDIVExpressionP"/><location loc="21.9--21.10"/></nont><nont label="ADDSUBExpressionP"/><location loc="21.9--21.10"/></nont><nont label="RelationalExpressionP"/><location loc="21.9--21.10"/></nont><nont label="ANDExpressionP"/><location loc="21.9--21.10"/></nont><nont label="ORXORExpressionP"/><location loc="21.9--21.10"/></nont><location loc="21.9--21.10"/></nont><nont label="WhereOpt"/><term lexeme="}" token="RBRACE"><location loc="23.1--23.1"/></term><location loc="5.30--23.1"/></nont><nont label="PostfixExpressionP"/><location loc="5.30--23.1"/></nont><location loc="5.30--23.1"/></nont><nont label="MULDIVExpressionP"/><location loc="5.30--23.1"/></nont><nont label="ADDSUBExpressionP"/><location loc="5.30--23.1"/></nont><nont label="RelationalExpressionP"/><location loc="5.30--23.1"/></nont><nont label="ANDExpressionP"/><location loc="5.30--23.1"/></nont><nont label="ORXORExpressionP"/><location loc="5.30--23.1"/></nont><location loc="5.30--23.1"/></nont><location loc="5.29--23.1"/></nont><term lexeme=";" token="SEMIC"><location loc="25.1--25.1"/></term><location loc="5.1--25.1"/></nont><nont label="DeclarationsP"><nont label="Declaration"><term lexeme="typ" token="TYP"><location loc="27.1--27.3"/></term><term lexeme="id" token="IDENTIFIER"><location loc="27.5--27.6"/></term><term lexeme=":" token="COLON"><location loc="27.8--27.8"/></term><nont label="Type"><term lexeme="char" token="CHAR"><location loc="27.10--27.13"/></term><location loc="27.10--27.13"/></nont><term lexeme=";" token="SEMIC"><location loc="30.1--30.1"/></term><location loc="27.1--30.1"/></nont><nont label="DeclarationsP"><nont label="Declaration"><term lexeme="fun" token="FUN"><location loc="32.1--32.3"/></term><term lexeme="f" token="IDENTIFIER"><location loc="32.5--32.5"/></term><term lexeme="(" token="LPARENTHESIS"><location loc="32.7--32.7"/></term><nont label="ParametersOpt"><nont label="Parameters"><term lexeme="x" token="IDENTIFIER"><location loc="32.9--32.9"/></term><term lexeme=":" token="COLON"><location loc="32.11--32.11"/></term><nont label="Type"><term lexeme="int" token="INT"><location loc="32.13--32.15"/></term><location loc="32.13--32.15"/></nont><nont label="ParametersP"><term lexeme="," token="COMMA"><location loc="32.17--32.17"/></term><term lexeme="y" token="IDENTIFIER"><location loc="32.19--32.19"/></term><term lexeme=":" token="COLON"><location loc="32.21--32.21"/></term><nont label="Type"><term lexeme="char" token="CHAR"><location loc="32.23--32.26"/></term><location loc="32.23--32.26"/></nont><nont label="ParametersP"/><location loc="32.17--32.26"/></nont><location loc="32.9--32.26"/></nont><location loc="32.9--32.26"/></nont><term lexeme=")" token="RPARENTHESIS"><location loc="32.28--32.28"/></term><term lexeme=":" token="COLON"><location loc="32.30--32.30"/></term><nont label="Type"><term lexeme="char" token="CHAR"><location loc="32.32--32.35"/></term><location loc="32.32--32.35"/></nont><nont label="FunctionBodyOpt"><term lexeme="=" token="ASSIGN"><location loc="32.38--32.38"/></term><nont label="Expression"><nont label="ORXORExpression"><nont label="ANDExpression"><nont label="RelationalExpression"><nont label="ADDSUBExpression"><nont label="MULDIVExpression"><nont label="PrefixExpression"><nont label="PostfixExpression"><term lexeme="(" token="LPARENTHESIS"><location loc="32.39--32.39"/></term><nont label="Expression"><nont label="ORXORExpression"><nont label="ANDExpression"><nont label="RelationalExpression"><nont label="ADDSUBExpression"><nont label="MULDIVExpression"><nont label="PrefixExpression"><nont label="PostfixExpression"><nont label="AtomicExpression"><term lexeme="x" token="IDENTIFIER"><location loc="32.40--32.40"/></term><nont label="ArgumentsOpt"/><location loc="32.40--32.40"/></nont><nont label="PostfixExpressionP"/><location loc="32.40--32.40"/></nont><location loc="32.40--32.40"/></nont><nont label="MULDIVExpressionP"/><location loc="32.40--32.40"/></nont><nont label="ADDSUBExpressionP"><term lexeme="+" token="ADD"><location loc="32.42--32.42"/></term><nont label="MULDIVExpression"><nont label="PrefixExpression"><nont label="PostfixExpression"><nont label="AtomicExpression"><term lexeme="3" token="INTCONST"><location loc="32.44--32.44"/></term><location loc="32.44--32.44"/></nont><nont label="PostfixExpressionP"/><location loc="32.44--32.44"/></nont><location loc="32.44--32.44"/></nont><nont label="MULDIVExpressionP"/><location loc="32.44--32.44"/></nont><nont label="ADDSUBExpressionP"/><location loc="32.42--32.44"/></nont><location loc="32.40--32.44"/></nont><nont label="RelationalExpressionP"/><location loc="32.40--32.44"/></nont><nont label="ANDExpressionP"/><location loc="32.40--32.44"/></nont><nont label="ORXORExpressionP"/><location loc="32.40--32.44"/></nont><location loc="32.40--32.44"/></nont><nont label="PostfixExpressionPP"><term lexeme=")" token="RPARENTHESIS"><location loc="32.45--32.45"/></term><nont label="PostfixExpressionP"/><location loc="32.45--32.45"/></nont><location loc="32.39--32.45"/></nont><location loc="32.39--32.45"/></nont><nont label="MULDIVExpressionP"/><location loc="32.39--32.45"/></nont><nont label="ADDSUBExpressionP"><term lexeme="-" token="SUB"><location loc="32.47--32.47"/></term><nont label="MULDIVExpression"><nont label="PrefixExpression"><nont label="PostfixExpression"><term lexeme="(" token="LPARENTHESIS"><location loc="32.49--32.49"/></term><nont label="Expression"><nont label="ORXORExpression"><nont label="ANDExpression"><nont label="RelationalExpression"><nont label="ADDSUBExpression"><nont label="MULDIVExpression"><nont label="PrefixExpression"><term lexeme="-" token="SUB"><location loc="32.50--32.50"/></term><nont label="PrefixExpression"><nont label="PostfixExpression"><nont label="AtomicExpression"><term lexeme="3" token="INTCONST"><location loc="32.51--32.51"/></term><location loc="32.51--32.51"/></nont><nont label="PostfixExpressionP"/><location loc="32.51--32.51"/></nont><location loc="32.51--32.51"/></nont><location loc="32.50--32.51"/></nont><nont label="MULDIVExpressionP"/><location loc="32.50--32.51"/></nont><nont label="ADDSUBExpressionP"/><location loc="32.50--32.51"/></nont><nont label="RelationalExpressionP"/><location loc="32.50--32.51"/></nont><nont label="ANDExpressionP"/><location loc="32.50--32.51"/></nont><nont label="ORXORExpressionP"/><location loc="32.50--32.51"/></nont><location loc="32.50--32.51"/></nont><nont label="PostfixExpressionPP"><term lexeme=")" token="RPARENTHESIS"><location loc="32.52--32.52"/></term><nont label="PostfixExpressionP"/><location loc="32.52--32.52"/></nont><location loc="32.49--32.52"/></nont><location loc="32.49--32.52"/></nont><nont label="MULDIVExpressionP"/><location loc="32.49--32.52"/></nont><nont label="ADDSUBExpressionP"/><location loc="32.47--32.52"/></nont><location loc="32.39--32.52"/></nont><nont label="RelationalExpressionP"/><location loc="32.39--32.52"/></nont><nont label="ANDExpressionP"/><location loc="32.39--32.52"/></nont><nont label="ORXORExpressionP"/><location loc="32.39--32.52"/></nont><location loc="32.39--32.52"/></nont><location loc="32.38--32.52"/></nont><term lexeme=";" token="SEMIC"><location loc="32.54--32.54"/></term><location loc="32.1--32.54"/></nont><nont label="DeclarationsP"><nont label="Declaration"><term lexeme="fun" token="FUN"><location loc="34.1--34.3"/></term><term lexeme="g" token="IDENTIFIER"><location loc="34.5--34.5"/></term><term lexeme="(" token="LPARENTHESIS"><location loc="34.7--34.7"/></term><nont label="ParametersOpt"><nont label="Parameters"><term lexeme="x" token="IDENTIFIER"><location loc="34.9--34.9"/></term><term lexeme=":" token="COLON"><location loc="34.11--34.11"/></term><nont label="Type"><term lexeme="int" token="INT"><location loc="34.13--34.15"/></term><location loc="34.13--34.15"/></nont><nont label="ParametersP"><term lexeme="," token="COMMA"><location loc="34.16--34.16"/></term><term lexeme="y" token="IDENTIFIER"><location loc="34.18--34.18"/></term><term lexeme=":" token="COLON"><location loc="34.20--34.20"/></term><nont label="Type"><term lexeme="char" token="CHAR"><location loc="34.22--34.25"/></term><location loc="34.22--34.25"/></nont><nont label="ParametersP"/><location loc="34.16--34.25"/></nont><location loc="34.9--34.25"/></nont><location loc="34.9--34.25"/></nont><term lexeme=")" token="RPARENTHESIS"><location loc="34.27--34.27"/></term><term lexeme=":" token="COLON"><location loc="34.29--34.29"/></term><nont label="Type"><term lexeme="char" token="CHAR"><location loc="34.31--34.34"/></term><location loc="34.31--34.34"/></nont><nont label="FunctionBodyOpt"><term lexeme="=" token="ASSIGN"><location loc="34.37--34.37"/></term><nont label="Expression"><nont label="ORXORExpression"><nont label="ANDExpression"><nont label="RelationalExpression"><nont label="ADDSUBExpression"><nont label="MULDIVExpression"><nont label="PrefixExpression"><nont label="PostfixExpression"><nont label="AtomicExpression"><term lexeme="{" token="LBRACE"><location loc="34.38--34.38"/></term><nont label="Statements"><nont label="Statement"><nont label="Expression"><nont label="ORXORExpression"><nont label="ANDExpression"><nont label="RelationalExpression"><nont label="ADDSUBExpression"><nont label="MULDIVExpression"><nont label="PrefixExpression"><nont label="PostfixExpression"><nont label="AtomicExpression"><term lexeme="x" token="IDENTIFIER"><location loc="35.9--35.9"/></term><nont label="ArgumentsOpt"/><location loc="35.9--35.9"/></nont><nont label="PostfixExpressionP"/><location loc="35.9--35.9"/></nont><location loc="35.9--35.9"/></nont><nont label="MULDIVExpressionP"/><location loc="35.9--35.9"/></nont><nont label="ADDSUBExpressionP"/><location loc="35.9--35.9"/></nont><nont label="RelationalExpressionP"/><location loc="35.9--35.9"/></nont><nont label="ANDExpressionP"/><location loc="35.9--35.9"/></nont><nont label="ORXORExpressionP"/><location loc="35.9--35.9"/></nont><location loc="35.9--35.9"/></nont><nont label="StatementP"><term lexeme="=" token="ASSIGN"><location loc="35.12--35.12"/></term><nont label="Expression"><nont label="ORXORExpression"><nont label="ANDExpression"><nont label="RelationalExpression"><nont label="ADDSUBExpression"><nont label="MULDIVExpression"><nont label="PrefixExpression"><nont label="PostfixExpression"><nont label="AtomicExpression"><term lexeme="3" token="INTCONST"><location loc="35.13--35.13"/></term><location loc="35.13--35.13"/></nont><nont label="PostfixExpressionP"/><location loc="35.13--35.13"/></nont><location loc="35.13--35.13"/></nont><nont label="MULDIVExpressionP"/><location loc="35.13--35.13"/></nont><nont label="ADDSUBExpressionP"/><location loc="35.13--35.13"/></nont><nont label="RelationalExpressionP"/><location loc="35.13--35.13"/></nont><nont label="ANDExpressionP"/><location loc="35.13--35.13"/></nont><nont label="ORXORExpressionP"/><location loc="35.13--35.13"/></nont><location loc="35.13--35.13"/></nont><location loc="35.12--35.13"/></nont><location loc="35.9--35.13"/></nont><term lexeme=";" token="SEMIC"><location loc="35.14--35.14"/></term><nont label="StatementsP"><nont label="Statement"><term lexeme="if" token="IF"><location loc="37.9--37.10"/></term><nont label="Expression"><nont label="ORXORExpression"><nont label="ANDExpression"><nont label="RelationalExpression"><nont label="ADDSUBExpression"><nont label="MULDIVExpression"><nont label="PrefixExpression"><nont label="PostfixExpression"><term lexeme="(" token="LPARENTHESIS"><location loc="37.12--37.12"/></term><nont label="Expression"><nont label="ORXORExpression"><nont label="ANDExpression"><nont label="RelationalExpression"><nont label="ADDSUBExpression"><nont label="MULDIVExpression"><nont label="PrefixExpression"><term lexeme="!" token="NOT"><location loc="37.13--37.13"/></term><nont label="PrefixExpression"><nont label="PostfixExpression"><nont label="AtomicExpression"><term lexeme="{" token="LBRACE"><location loc="37.14--37.14"/></term><nont label="Statements"><nont label="Statement"><nont label="Expression"><nont label="ORXORExpression"><nont label="ANDExpression"><nont label="RelationalExpression"><nont label="ADDSUBExpression"><nont label="MULDIVExpression"><nont label="PrefixExpression"><nont label="PostfixExpression"><nont label="AtomicExpression"><term lexeme="x" token="IDENTIFIER"><location loc="37.15--37.15"/></term><nont label="ArgumentsOpt"/><location loc="37.15--37.15"/></nont><nont label="PostfixExpressionP"/><location loc="37.15--37.15"/></nont><location loc="37.15--37.15"/></nont><nont label="MULDIVExpressionP"/><location loc="37.15--37.15"/></nont><nont label="ADDSUBExpressionP"/><location loc="37.15--37.15"/></nont><nont label="RelationalExpressionP"/><location loc="37.15--37.15"/></nont><nont label="ANDExpressionP"/><location loc="37.15--37.15"/></nont><nont label="ORXORExpressionP"/><location loc="37.15--37.15"/></nont><location loc="37.15--37.15"/></nont><nont label="StatementP"><term lexeme="=" token="ASSIGN"><location loc="37.18--37.18"/></term><nont label="Expression"><nont label="ORXORExpression"><nont label="ANDExpression"><nont label="RelationalExpression"><nont label="ADDSUBExpression"><nont label="MULDIVExpression"><nont label="PrefixExpression"><nont label="PostfixExpression"><nont label="AtomicExpression"><term lexeme="1" token="INTCONST"><location loc="37.19--37.19"/></term><location loc="37.19--37.19"/></nont><nont label="PostfixExpressionP"/><location loc="37.19--37.19"/></nont><location loc="37.19--37.19"/></nont><nont label="MULDIVExpressionP"/><location loc="37.19--37.19"/></nont><nont label="ADDSUBExpressionP"/><location loc="37.19--37.19"/></nont><nont label="RelationalExpressionP"/><location loc="37.19--37.19"/></nont><nont label="ANDExpressionP"/><location loc="37.19--37.19"/></nont><nont label="ORXORExpressionP"/><location loc="37.19--37.19"/></nont><location loc="37.19--37.19"/></nont><location loc="37.18--37.19"/></nont><location loc="37.15--37.19"/></nont><term lexeme=";" token="SEMIC"><location loc="37.20--37.20"/></term><nont label="StatementsP"/><location loc="37.15--37.20"/></nont><term lexeme=":" token="COLON"><location loc="37.22--37.22"/></term><nont label="Expression"><nont label="ORXORExpression"><nont label="ANDExpression"><nont label="RelationalExpression"><nont label="ADDSUBExpression"><nont label="MULDIVExpression"><nont label="PrefixExpression"><nont label="PostfixExpression"><nont label="AtomicExpression"><term lexeme="id" token="IDENTIFIER"><location loc="37.24--37.25"/></term><nont label="ArgumentsOpt"/><location loc="37.24--37.25"/></nont><nont label="PostfixExpressionP"/><location loc="37.24--37.25"/></nont><location loc="37.24--37.25"/></nont><nont label="MULDIVExpressionP"/><location loc="37.24--37.25"/></nont><nont label="ADDSUBExpressionP"/><location loc="37.24--37.25"/></nont><nont label="RelationalExpressionP"/><location loc="37.24--37.25"/></nont><nont label="ANDExpressionP"/><location loc="37.24--37.25"/></nont><nont label="ORXORExpressionP"/><location loc="37.24--37.25"/></nont><location loc="37.24--37.25"/></nont><nont label="WhereOpt"/><term lexeme="}" token="RBRACE"><location loc="37.26--37.26"/></term><location loc="37.14--37.26"/></nont><nont label="PostfixExpressionP"/><location loc="37.14--37.26"/></nont><location loc="37.14--37.26"/></nont><location loc="37.13--37.26"/></nont><nont label="MULDIVExpressionP"/><location loc="37.13--37.26"/></nont><nont label="ADDSUBExpressionP"/><location loc="37.13--37.26"/></nont><nont label="RelationalExpressionP"><term lexeme="&gt;" token="GTH"><location loc="37.29--37.29"/></term><nont label="ADDSUBExpression"><nont label="MULDIVExpression"><nont label="PrefixExpression"><nont label="PostfixExpression"><nont label="AtomicExpression"><term lexeme="3" token="INTCONST"><location loc="37.30--37.30"/></term><location loc="37.30--37.30"/></nont><nont label="PostfixExpressionP"/><location loc="37.30--37.30"/></nont><location loc="37.30--37.30"/></nont><nont label="MULDIVExpressionP"/><location loc="37.30--37.30"/></nont><nont label="ADDSUBExpressionP"/><location loc="37.30--37.30"/></nont><location loc="37.29--37.30"/></nont><location loc="37.13--37.30"/></nont><nont label="ANDExpressionP"/><location loc="37.13--37.30"/></nont><nont label="ORXORExpressionP"/><location loc="37.13--37.30"/></nont><location loc="37.13--37.30"/></nont><nont label="PostfixExpressionPP"><term lexeme=")" token="RPARENTHESIS"><location loc="37.31--37.31"/></term><nont label="PostfixExpressionP"/><location loc="37.31--37.31"/></nont><location loc="37.12--37.31"/></nont><location loc="37.12--37.31"/></nont><nont label="MULDIVExpressionP"/><location loc="37.12--37.31"/></nont><nont label="ADDSUBExpressionP"/><location loc="37.12--37.31"/></nont><nont label="RelationalExpressionP"/><location loc="37.12--37.31"/></nont><nont label="ANDExpressionP"/><location loc="37.12--37.31"/></nont><nont label="ORXORExpressionP"/><location loc="37.12--37.31"/></nont><location loc="37.12--37.31"/></nont><term lexeme="then" token="THEN"><location loc="37.33--37.36"/></term><nont label="Statements"><nont label="Statement"><nont label="Expression"><nont label="ORXORExpression"><nont label="ANDExpression"><nont label="RelationalExpression"><nont label="ADDSUBExpression"><nont label="MULDIVExpression"><nont label="PrefixExpression"><nont label="PostfixExpression"><nont label="AtomicExpression"><term lexeme="x" token="IDENTIFIER"><location loc="37.38--37.38"/></term><nont label="ArgumentsOpt"/><location loc="37.38--37.38"/></nont><nont label="PostfixExpressionP"/><location loc="37.38--37.38"/></nont><location loc="37.38--37.38"/></nont><nont label="MULDIVExpressionP"/><location loc="37.38--37.38"/></nont><nont label="ADDSUBExpressionP"/><location loc="37.38--37.38"/></nont><nont label="RelationalExpressionP"/><location loc="37.38--37.38"/></nont><nont label="ANDExpressionP"/><location loc="37.38--37.38"/></nont><nont label="ORXORExpressionP"/><location loc="37.38--37.38"/></nont><location loc="37.38--37.38"/></nont><nont label="StatementP"/><location loc="37.38--37.38"/></nont><term lexeme=";" token="SEMIC"><location loc="37.39--37.39"/></term><nont label="StatementsP"/><location loc="37.38--37.39"/></nont><nont label="ElseOpt"><term lexeme="else" token="ELSE"><location loc="37.41--37.44"/></term><nont label="Statements"><nont label="Statement"><nont label="Expression"><nont label="ORXORExpression"><nont label="ANDExpression"><nont label="RelationalExpression"><nont label="ADDSUBExpression"><nont label="MULDIVExpression"><nont label="PrefixExpression"><nont label="PostfixExpression"><nont label="AtomicExpression"><term lexeme="{" token="LBRACE"><location loc="37.46--37.46"/></term><nont label="Statements"><nont label="Statement"><nont label="Expression"><nont label="ORXORExpression"><nont label="ANDExpression"><nont label="RelationalExpression"><nont label="ADDSUBExpression"><nont label="MULDIVExpression"><nont label="PrefixExpression"><nont label="PostfixExpression"><nont label="AtomicExpression"><term lexeme="x" token="IDENTIFIER"><location loc="37.47--37.47"/></term><nont label="ArgumentsOpt"/><location loc="37.47--37.47"/></nont><nont label="PostfixExpressionP"/><location loc="37.47--37.47"/></nont><location loc="37.47--37.47"/></nont><nont label="MULDIVExpressionP"/><location loc="37.47--37.47"/></nont><nont label="ADDSUBExpressionP"/><location loc="37.47--37.47"/></nont><nont label="RelationalExpressionP"/><location loc="37.47--37.47"/></nont><nont label="ANDExpressionP"/><location loc="37.47--37.47"/></nont><nont label="ORXORExpressionP"/><location loc="37.47--37.47"/></nont><location loc="37.47--37.47"/></nont><nont label="StatementP"><term lexeme="=" token="ASSIGN"><location loc="37.50--37.50"/></term><nont label="Expression"><nont label="ORXORExpression"><nont label="ANDExpression"><nont label="RelationalExpression"><nont label="ADDSUBExpression"><nont label="MULDIVExpression"><nont label="PrefixExpression"><nont label="PostfixExpression"><nont label="AtomicExpression"><term lexeme="x" token="IDENTIFIER"><location loc="37.51--37.51"/></term><nont label="ArgumentsOpt"/><location loc="37.51--37.51"/></nont><nont label="PostfixExpressionP"/><location loc="37.51--37.51"/></nont><location loc="37.51--37.51"/></nont><nont label="MULDIVExpressionP"><term lexeme="*" token="MUL"><location loc="37.53--37.53"/></term><nont label="PrefixExpression"><nont label="PostfixExpression"><nont label="AtomicExpression"><term lexeme="3" token="INTCONST"><location loc="37.55--37.55"/></term><location loc="37.55--37.55"/></nont><nont label="PostfixExpressionP"/><location loc="37.55--37.55"/></nont><location loc="37.55--37.55"/></nont><nont label="MULDIVExpressionP"><term lexeme="/" token="DIV"><location loc="37.57--37.57"/></term><nont label="PrefixExpression"><nont label="PostfixExpression"><nont label="AtomicExpression"><term lexeme="1" token="INTCONST"><location loc="37.59--37.59"/></term><location loc="37.59--37.59"/></nont><nont label="PostfixExpressionP"/><location loc="37.59--37.59"/></nont><location loc="37.59--37.59"/></nont><nont label="MULDIVExpressionP"/><location loc="37.57--37.59"/></nont><location loc="37.53--37.59"/></nont><location loc="37.51--37.59"/></nont><nont label="ADDSUBExpressionP"><term lexeme="+" token="ADD"><location loc="37.61--37.61"/></term><nont label="MULDIVExpression"><nont label="PrefixExpression"><nont label="PostfixExpression"><nont label="AtomicExpression"><term lexeme="17" token="INTCONST"><location loc="37.63--37.64"/></term><location loc="37.63--37.64"/></nont><nont label="PostfixExpressionP"/><location loc="37.63--37.64"/></nont><location loc="37.63--37.64"/></nont><nont label="MULDIVExpressionP"/><location loc="37.63--37.64"/></nont><nont label="ADDSUBExpressionP"/><location loc="37.61--37.64"/></nont><location loc="37.51--37.64"/></nont><nont label="RelationalExpressionP"/><location loc="37.51--37.64"/></nont><nont label="ANDExpressionP"/><location loc="37.51--37.64"/></nont><nont label="ORXORExpressionP"/><location loc="37.51--37.64"/></nont><location loc="37.51--37.64"/></nont><location loc="37.50--37.64"/></nont><location loc="37.47--37.64"/></nont><term lexeme=";" token="SEMIC"><location loc="37.65--37.65"/></term><nont label="StatementsP"/><location loc="37.47--37.65"/></nont><term lexeme=":" token="COLON"><location loc="37.67--37.67"/></term><nont label="Expression"><nont label="ORXORExpression"><nont label="ANDExpression"><nont label="RelationalExpression"><nont label="ADDSUBExpression"><nont label="MULDIVExpression"><nont label="PrefixExpression"><nont label="PostfixExpression"><nont label="AtomicExpression"><term lexeme="x" token="IDENTIFIER"><location loc="37.69--37.69"/></term><nont label="ArgumentsOpt"/><location loc="37.69--37.69"/></nont><nont label="PostfixExpressionP"/><location loc="37.69--37.69"/></nont><location loc="37.69--37.69"/></nont><nont label="MULDIVExpressionP"><term lexeme="*" token="MUL"><location loc="37.71--37.71"/></term><nont label="PrefixExpression"><nont label="PostfixExpression"><nont label="AtomicExpression"><term lexeme="f" token="IDENTIFIER"><location loc="37.73--37.73"/></term><nont label="ArgumentsOpt"><term lexeme="(" token="LPARENTHESIS"><location loc="37.74--37.74"/></term><nont label="ArgumentsOptP"><nont label="Arguments"><nont label="Expression"><nont label="ORXORExpression"><nont label="ANDExpression"><nont label="RelationalExpression"><nont label="ADDSUBExpression"><nont label="MULDIVExpression"><nont label="PrefixExpression"><nont label="PostfixExpression"><nont label="AtomicExpression"><term lexeme="x" token="IDENTIFIER"><location loc="37.75--37.75"/></term><nont label="ArgumentsOpt"/><location loc="37.75--37.75"/></nont><nont label="PostfixExpressionP"/><location loc="37.75--37.75"/></nont><location loc="37.75--37.75"/></nont><nont label="MULDIVExpressionP"/><location loc="37.75--37.75"/></nont><nont label="ADDSUBExpressionP"/><location loc="37.75--37.75"/></nont><nont label="RelationalExpressionP"/><location loc="37.75--37.75"/></nont><nont label="ANDExpressionP"/><location loc="37.75--37.75"/></nont><nont label="ORXORExpressionP"/><location loc="37.75--37.75"/></nont><location loc="37.75--37.75"/></nont><nont label="ArgumentsP"/><location loc="37.75--37.75"/></nont><term lexeme=")" token="RPARENTHESIS"><location loc="37.76--37.76"/></term><location loc="37.75--37.76"/></nont><location loc="37.74--37.76"/></nont><location loc="37.73--37.76"/></nont><nont label="PostfixExpressionP"/><location loc="37.73--37.76"/></nont><location loc="37.73--37.76"/></nont><nont label="MULDIVExpressionP"/><location loc="37.71--37.76"/></nont><location loc="37.69--37.76"/></nont><nont label="ADDSUBExpressionP"/><location loc="37.69--37.76"/></nont><nont label="RelationalExpressionP"/><location loc="37.69--37.76"/></nont><nont label="ANDExpressionP"/><location loc="37.69--37.76"/></nont><nont label="ORXORExpressionP"/><location loc="37.69--37.76"/></nont><location loc="37.69--37.76"/></nont><nont label="WhereOpt"><term lexeme="where" token="WHERE"><location loc="37.78--37.82"/></term><nont label="Declarations"><nont label="Declaration"><term lexeme="fun" token="FUN"><location loc="37.84--37.86"/></term><term lexeme="f" token="IDENTIFIER"><location loc="37.88--37.88"/></term><term lexeme="(" token="LPARENTHESIS"><location loc="37.90--37.90"/></term><nont label="ParametersOpt"><nont label="Parameters"><term lexeme="x" token="IDENTIFIER"><location loc="37.91--37.91"/></term><term lexeme=":" token="COLON"><location loc="37.93--37.93"/></term><nont label="Type"><term lexeme="int" token="INT"><location loc="37.95--37.97"/></term><location loc="37.95--37.97"/></nont><nont label="ParametersP"/><location loc="37.91--37.97"/></nont><location loc="37.91--37.97"/></nont><term lexeme=")" token="RPARENTHESIS"><location loc="37.98--37.98"/></term><term lexeme=":" token="COLON"><location loc="37.100--37.100"/></term><nont label="Type"><term lexeme="int" token="INT"><location loc="37.102--37.104"/></term><location loc="37.102--37.104"/></nont><nont label="FunctionBodyOpt"><term lexeme="=" token="ASSIGN"><location loc="37.107--37.107"/></term><nont label="Expression"><nont label="ORXORExpression"><nont label="ANDExpression"><nont label="RelationalExpression"><nont label="ADDSUBExpression"><nont label="MULDIVExpression"><nont label="PrefixExpression"><nont label="PostfixExpression"><nont label="AtomicExpression"><term lexeme="{" token="LBRACE"><location loc="37.108--37.108"/></term><nont label="Statements"><nont label="Statement"><nont label="Expression"><nont label="ORXORExpression"><nont label="ANDExpression"><nont label="RelationalExpression"><nont label="ADDSUBExpression"><nont label="MULDIVExpression"><nont label="PrefixExpression"><term lexeme="!" token="NOT"><location loc="37.109--37.109"/></term><nont label="PrefixExpression"><term lexeme="!" token="NOT"><location loc="37.110--37.110"/></term><nont label="PrefixExpression"><nont label="PostfixExpression"><nont label="AtomicExpression"><term lexeme="x" token="IDENTIFIER"><location loc="37.111--37.111"/></term><nont label="ArgumentsOpt"/><location loc="37.111--37.111"/></nont><nont label="PostfixExpressionP"/><location loc="37.111--37.111"/></nont><location loc="37.111--37.111"/></nont><location loc="37.110--37.111"/></nont><location loc="37.109--37.111"/></nont><nont label="MULDIVExpressionP"/><location loc="37.109--37.111"/></nont><nont label="ADDSUBExpressionP"/><location loc="37.109--37.111"/></nont><nont label="RelationalExpressionP"/><location loc="37.109--37.111"/></nont><nont label="ANDExpressionP"/><location loc="37.109--37.111"/></nont><nont label="ORXORExpressionP"/><location loc="37.109--37.111"/></nont><location loc="37.109--37.111"/></nont><nont label="StatementP"/><location loc="37.109--37.111"/></nont><term lexeme=";" token="SEMIC"><location loc="37.112--37.112"/></term><nont label="StatementsP"/><location loc="37.109--37.112"/></nont><term lexeme=":" token="COLON"><location loc="37.114--37.114"/></term><nont label="Expression"><nont label="ORXORExpression"><nont label="ANDExpression"><nont label="RelationalExpression"><nont label="ADDSUBExpression"><nont label="MULDIVExpression"><nont label="PrefixExpression"><nont label="PostfixExpression"><nont label="AtomicExpression"><term lexeme="x" token="IDENTIFIER"><location loc="37.116--37.116"/></term><nont label="ArgumentsOpt"/><location loc="37.116--37.116"/></nont><nont label="PostfixExpressionP"/><location loc="37.116--37.116"/></nont><location loc="37.116--37.116"/></nont><nont label="MULDIVExpressionP"/><location loc="37.116--37.116"/></nont><nont label="ADDSUBExpressionP"/><location loc="37.116--37.116"/></nont><nont label="RelationalExpressionP"/><location loc="37.116--37.116"/></nont><nont label="ANDExpressionP"/><location loc="37.116--37.116"/></nont><nont label="ORXORExpressionP"/><location loc="37.116--37.116"/></nont><location loc="37.116--37.116"/></nont><nont label="WhereOpt"/><term lexeme="}" token="RBRACE"><location loc="37.117--37.117"/></term><location loc="37.108--37.117"/></nont><nont label="PostfixExpressionP"/><location loc="37.108--37.117"/></nont><location loc="37.108--37.117"/></nont><nont label="MULDIVExpressionP"/><location loc="37.108--37.117"/></nont><nont label="ADDSUBExpressionP"/><location loc="37.108--37.117"/></nont><nont label="RelationalExpressionP"/><location loc="37.108--37.117"/></nont><nont label="ANDExpressionP"/><location loc="37.108--37.117"/></nont><nont label="ORXORExpressionP"/><location loc="37.108--37.117"/></nont><location loc="37.108--37.117"/></nont><location loc="37.107--37.117"/></nont><term lexeme=";" token="SEMIC"><location loc="37.118--37.118"/></term><location loc="37.84--37.118"/></nont><nont label="DeclarationsP"/><location loc="37.84--37.118"/></nont><location loc="37.78--37.118"/></nont><term lexeme="}" token="RBRACE"><location loc="37.119--37.119"/></term><location loc="37.46--37.119"/></nont><nont label="PostfixExpressionP"/><location loc="37.46--37.119"/></nont><location loc="37.46--37.119"/></nont><nont label="MULDIVExpressionP"/><location loc="37.46--37.119"/></nont><nont label="ADDSUBExpressionP"/><location loc="37.46--37.119"/></nont><nont label="RelationalExpressionP"/><location loc="37.46--37.119"/></nont><nont label="ANDExpressionP"/><location loc="37.46--37.119"/></nont><nont label="ORXORExpressionP"/><location loc="37.46--37.119"/></nont><location loc="37.46--37.119"/></nont><nont label="StatementP"><term lexeme="=" token="ASSIGN"><location loc="37.122--37.122"/></term><nont label="Expression"><nont label="ORXORExpression"><nont label="ANDExpression"><nont label="RelationalExpression"><nont label="ADDSUBExpression"><nont label="MULDIVExpression"><nont label="PrefixExpression"><nont label="PostfixExpression"><nont label="AtomicExpression"><term lexeme="false" token="BOOLCONST"><location loc="37.123--37.127"/></term><location loc="37.123--37.127"/></nont><nont label="PostfixExpressionP"/><location loc="37.123--37.127"/></nont><location loc="37.123--37.127"/></nont><nont label="MULDIVExpressionP"/><location loc="37.123--37.127"/></nont><nont label="ADDSUBExpressionP"/><location loc="37.123--37.127"/></nont><nont label="RelationalExpressionP"/><location loc="37.123--37.127"/></nont><nont label="ANDExpressionP"/><location loc="37.123--37.127"/></nont><nont label="ORXORExpressionP"/><location loc="37.123--37.127"/></nont><location loc="37.123--37.127"/></nont><location loc="37.122--37.127"/></nont><location loc="37.46--37.127"/></nont><term lexeme=";" token="SEMIC"><location loc="37.128--37.128"/></term><nont label="StatementsP"/><location loc="37.46--37.128"/></nont><location loc="37.41--37.128"/></nont><term lexeme="end" token="END"><location loc="37.130--37.132"/></term><location loc="37.9--37.132"/></nont><term lexeme=";" token="SEMIC"><location loc="37.133--37.133"/></term><nont label="StatementsP"/><location loc="37.9--37.133"/></nont><location loc="35.9--37.133"/></nont><term lexeme=":" token="COLON"><location loc="39.9--39.9"/></term><nont label="Expression"><nont label="ORXORExpression"><nont label="ANDExpression"><nont label="RelationalExpression"><nont label="ADDSUBExpression"><nont label="MULDIVExpression"><nont label="PrefixExpression"><nont label="PostfixExpression"><nont label="AtomicExpression"><term lexeme="x" token="IDENTIFIER"><location loc="39.11--39.11"/></term><nont label="ArgumentsOpt"/><location loc="39.11--39.11"/></nont><nont label="PostfixExpressionP"/><location loc="39.11--39.11"/></nont><location loc="39.11--39.11"/></nont><nont label="MULDIVExpressionP"/><location loc="39.11--39.11"/></nont><nont label="ADDSUBExpressionP"/><location loc="39.11--39.11"/></nont><nont label="RelationalExpressionP"/><location loc="39.11--39.11"/></nont><nont label="ANDExpressionP"/><location loc="39.11--39.11"/></nont><nont label="ORXORExpressionP"/><location loc="39.11--39.11"/></nont><location loc="39.11--39.11"/></nont><nont label="WhereOpt"/><term lexeme="}" token="RBRACE"><location loc="40.1--40.1"/></term><location loc="34.38--40.1"/></nont><nont label="PostfixExpressionP"/><location loc="34.38--40.1"/></nont><location loc="34.38--40.1"/></nont><nont label="MULDIVExpressionP"/><location loc="34.38--40.1"/></nont><nont label="ADDSUBExpressionP"/><location loc="34.38--40.1"/></nont><nont label="RelationalExpressionP"/><location loc="34.38--40.1"/></nont><nont label="ANDExpressionP"/><location loc="34.38--40.1"/></nont><nont label="ORXORExpressionP"/><location loc="34.38--40.1"/></nont><location loc="34.38--40.1"/></nont><location loc="34.37--40.1"/></nont><term lexeme=";" token="SEMIC"><location loc="40.2--40.2"/></term><location loc="34.1--40.2"/></nont><nont label="DeclarationsP"/><location loc="34.1--40.2"/></nont><location loc="32.1--40.2"/></nont><location loc="27.1--40.2"/></nont><location loc="5.1--40.2"/></nont><location loc="1.1--40.2"/></nont><location loc="1.1--40.2"/></nont></synan>