<?xml version="1.0" encoding="UTF-8" standalone="no"?><?xml-stylesheet type="text/xsl" href="../../data/synan.xsl"?><synan><nont label="Source"><nont label="Declarations"><nont label="Declaration"><term lexeme="fun" token="FUN"><location loc="1.1--1.3"/></term><term lexeme="f" token="IDENTIFIER"><location loc="1.5--1.5"/></term><term lexeme="(" token="LPARENTHESIS"><location loc="1.6--1.6"/></term><nont label="ParametersOpt"/><term lexeme=")" token="RPARENTHESIS"><location loc="1.7--1.7"/></term><term lexeme=":" token="COLON"><location loc="1.9--1.9"/></term><nont label="Type"><term lexeme="int" token="INT"><location loc="1.11--1.13"/></term><location loc="1.11--1.13"/></nont><nont label="FunctionBodyOpt"><term lexeme="=" token="ASSIGN"><location loc="1.16--1.16"/></term><nont label="Expression"><nont label="ORXORExpression"><nont label="ANDExpression"><nont label="RelationalExpression"><nont label="ADDSUBExpression"><nont label="MULDIVExpression"><nont label="PrefixExpression"><nont label="PostfixExpression"><term lexeme="(" token="LPARENTHESIS"><location loc="1.17--1.17"/></term><nont label="Expression"><nont label="ORXORExpression"><nont label="ANDExpression"><nont label="RelationalExpression"><nont label="ADDSUBExpression"><nont label="MULDIVExpression"><nont label="PrefixExpression"><nont label="PostfixExpression"><term lexeme="(" token="LPARENTHESIS"><location loc="1.18--1.18"/></term><nont label="Expression"><nont label="ORXORExpression"><nont label="ANDExpression"><nont label="RelationalExpression"><nont label="ADDSUBExpression"><nont label="MULDIVExpression"><nont label="PrefixExpression"><nont label="PostfixExpression"><nont label="AtomicExpression"><term lexeme="3" token="INTCONST"><location loc="1.19--1.19"/></term><location loc="1.19--1.19"/></nont><nont label="PostfixExpressionP"/><location loc="1.19--1.19"/></nont><location loc="1.19--1.19"/></nont><nont label="MULDIVExpressionP"/><location loc="1.19--1.19"/></nont><nont label="ADDSUBExpressionP"/><location loc="1.19--1.19"/></nont><nont label="RelationalExpressionP"/><location loc="1.19--1.19"/></nont><nont label="ANDExpressionP"/><location loc="1.19--1.19"/></nont><nont label="ORXORExpressionP"/><location loc="1.19--1.19"/></nont><location loc="1.19--1.19"/></nont><nont label="PostfixExpressionPP"><term lexeme=")" token="RPARENTHESIS"><location loc="1.20--1.20"/></term><nont label="PostfixExpressionP"/><location loc="1.20--1.20"/></nont><location loc="1.18--1.20"/></nont><location loc="1.18--1.20"/></nont><nont label="MULDIVExpressionP"/><location loc="1.18--1.20"/></nont><nont label="ADDSUBExpressionP"><term lexeme="+" token="ADD"><location loc="1.22--1.22"/></term><nont label="MULDIVExpression"><nont label="PrefixExpression"><nont label="PostfixExpression"><term lexeme="(" token="LPARENTHESIS"><location loc="1.24--1.24"/></term><nont label="Expression"><nont label="ORXORExpression"><nont label="ANDExpression"><nont label="RelationalExpression"><nont label="ADDSUBExpression"><nont label="MULDIVExpression"><nont label="PrefixExpression"><nont label="PostfixExpression"><term lexeme="(" token="LPARENTHESIS"><location loc="1.25--1.25"/></term><nont label="Expression"><nont label="ORXORExpression"><nont label="ANDExpression"><nont label="RelationalExpression"><nont label="ADDSUBExpression"><nont label="MULDIVExpression"><nont label="PrefixExpression"><nont label="PostfixExpression"><nont label="AtomicExpression"><term lexeme="5" token="INTCONST"><location loc="1.26--1.26"/></term><location loc="1.26--1.26"/></nont><nont label="PostfixExpressionP"/><location loc="1.26--1.26"/></nont><location loc="1.26--1.26"/></nont><nont label="MULDIVExpressionP"/><location loc="1.26--1.26"/></nont><nont label="ADDSUBExpressionP"/><location loc="1.26--1.26"/></nont><nont label="RelationalExpressionP"/><location loc="1.26--1.26"/></nont><nont label="ANDExpressionP"/><location loc="1.26--1.26"/></nont><nont label="ORXORExpressionP"/><location loc="1.26--1.26"/></nont><location loc="1.26--1.26"/></nont><nont label="PostfixExpressionPP"><term lexeme=")" token="RPARENTHESIS"><location loc="1.27--1.27"/></term><nont label="PostfixExpressionP"/><location loc="1.27--1.27"/></nont><location loc="1.25--1.27"/></nont><location loc="1.25--1.27"/></nont><nont label="MULDIVExpressionP"/><location loc="1.25--1.27"/></nont><nont label="ADDSUBExpressionP"/><location loc="1.25--1.27"/></nont><nont label="RelationalExpressionP"/><location loc="1.25--1.27"/></nont><nont label="ANDExpressionP"/><location loc="1.25--1.27"/></nont><nont label="ORXORExpressionP"/><location loc="1.25--1.27"/></nont><location loc="1.25--1.27"/></nont><nont label="PostfixExpressionPP"><term lexeme=")" token="RPARENTHESIS"><location loc="1.28--1.28"/></term><nont label="PostfixExpressionP"/><location loc="1.28--1.28"/></nont><location loc="1.24--1.28"/></nont><location loc="1.24--1.28"/></nont><nont label="MULDIVExpressionP"><term lexeme="*" token="MUL"><location loc="1.30--1.30"/></term><nont label="PrefixExpression"><nont label="PostfixExpression"><term lexeme="(" token="LPARENTHESIS"><location loc="1.32--1.32"/></term><nont label="Expression"><nont label="ORXORExpression"><nont label="ANDExpression"><nont label="RelationalExpression"><nont label="ADDSUBExpression"><nont label="MULDIVExpression"><nont label="PrefixExpression"><term lexeme="-" token="SUB"><location loc="1.33--1.33"/></term><nont label="PrefixExpression"><nont label="PostfixExpression"><nont label="AtomicExpression"><term lexeme="7" token="INTCONST"><location loc="1.34--1.34"/></term><location loc="1.34--1.34"/></nont><nont label="PostfixExpressionP"/><location loc="1.34--1.34"/></nont><location loc="1.34--1.34"/></nont><location loc="1.33--1.34"/></nont><nont label="MULDIVExpressionP"/><location loc="1.33--1.34"/></nont><nont label="ADDSUBExpressionP"/><location loc="1.33--1.34"/></nont><nont label="RelationalExpressionP"/><location loc="1.33--1.34"/></nont><nont label="ANDExpressionP"/><location loc="1.33--1.34"/></nont><nont label="ORXORExpressionP"/><location loc="1.33--1.34"/></nont><location loc="1.33--1.34"/></nont><nont label="PostfixExpressionPP"><term lexeme=")" token="RPARENTHESIS"><location loc="1.35--1.35"/></term><nont label="PostfixExpressionP"/><location loc="1.35--1.35"/></nont><location loc="1.32--1.35"/></nont><location loc="1.32--1.35"/></nont><nont label="MULDIVExpressionP"/><location loc="1.30--1.35"/></nont><location loc="1.24--1.35"/></nont><nont label="ADDSUBExpressionP"/><location loc="1.22--1.35"/></nont><location loc="1.18--1.35"/></nont><nont label="RelationalExpressionP"/><location loc="1.18--1.35"/></nont><nont label="ANDExpressionP"/><location loc="1.18--1.35"/></nont><nont label="ORXORExpressionP"/><location loc="1.18--1.35"/></nont><location loc="1.18--1.35"/></nont><nont label="PostfixExpressionPP"><term lexeme=")" token="RPARENTHESIS"><location loc="1.36--1.36"/></term><nont label="PostfixExpressionP"/><location loc="1.36--1.36"/></nont><location loc="1.17--1.36"/></nont><location loc="1.17--1.36"/></nont><nont label="MULDIVExpressionP"/><location loc="1.17--1.36"/></nont><nont label="ADDSUBExpressionP"/><location loc="1.17--1.36"/></nont><nont label="RelationalExpressionP"/><location loc="1.17--1.36"/></nont><nont label="ANDExpressionP"/><location loc="1.17--1.36"/></nont><nont label="ORXORExpressionP"/><location loc="1.17--1.36"/></nont><location loc="1.17--1.36"/></nont><location loc="1.16--1.36"/></nont><term lexeme=";" token="SEMIC"><location loc="1.37--1.37"/></term><location loc="1.1--1.37"/></nont><nont label="DeclarationsP"/><location loc="1.1--1.37"/></nont><location loc="1.1--1.37"/></nont></synan>