<?xml version="1.0" encoding="UTF-8" standalone="no"?><?xml-stylesheet type="text/xsl" href="../../data/synan.xsl"?><synan><nont label="Source"><nont label="Declarations"><nont label="Declaration"><term lexeme="var" token="VAR"><location loc="1.1--1.3"/></term><term lexeme="j" token="IDENTIFIER"><location loc="1.5--1.5"/></term><term lexeme=":" token="COLON"><location loc="1.6--1.6"/></term><nont label="Type"><term lexeme="int" token="INT"><location loc="1.7--1.9"/></term><location loc="1.7--1.9"/></nont><term lexeme=";" token="SEMIC"><location loc="1.10--1.10"/></term><location loc="1.1--1.10"/></nont><nont label="DeclarationsP"><nont label="Declaration"><term lexeme="fun" token="FUN"><location loc="2.1--2.3"/></term><term lexeme="x" token="IDENTIFIER"><location loc="2.5--2.5"/></term><term lexeme="(" token="LPARENTHESIS"><location loc="2.6--2.6"/></term><nont label="ParametersOpt"/><term lexeme=")" token="RPARENTHESIS"><location loc="2.7--2.7"/></term><term lexeme=":" token="COLON"><location loc="2.8--2.8"/></term><nont label="Type"><term lexeme="int" token="INT"><location loc="2.9--2.11"/></term><location loc="2.9--2.11"/></nont><nont label="FunctionBodyOpt"><term lexeme="=" token="ASSIGN"><location loc="2.14--2.14"/></term><nont label="Expression"><nont label="ORXORExpression"><nont label="ANDExpression"><nont label="RelationalExpression"><nont label="ADDSUBExpression"><nont label="MULDIVExpression"><nont label="PrefixExpression"><nont label="PostfixExpression"><nont label="AtomicExpression"><term lexeme="j" token="IDENTIFIER"><location loc="2.15--2.15"/></term><nont label="ArgumentsOpt"/><location loc="2.15--2.15"/></nont><nont label="PostfixExpressionP"/><location loc="2.15--2.15"/></nont><location loc="2.15--2.15"/></nont><nont label="MULDIVExpressionP"/><location loc="2.15--2.15"/></nont><nont label="ADDSUBExpressionP"><term lexeme="+" token="ADD"><location loc="2.17--2.17"/></term><nont label="MULDIVExpression"><nont label="PrefixExpression"><nont label="PostfixExpression"><nont label="AtomicExpression"><term lexeme="3" token="INTCONST"><location loc="2.19--2.19"/></term><location loc="2.19--2.19"/></nont><nont label="PostfixExpressionP"/><location loc="2.19--2.19"/></nont><location loc="2.19--2.19"/></nont><nont label="MULDIVExpressionP"/><location loc="2.19--2.19"/></nont><nont label="ADDSUBExpressionP"/><location loc="2.17--2.19"/></nont><location loc="2.15--2.19"/></nont><nont label="RelationalExpressionP"/><location loc="2.15--2.19"/></nont><nont label="ANDExpressionP"/><location loc="2.15--2.19"/></nont><nont label="ORXORExpressionP"/><location loc="2.15--2.19"/></nont><location loc="2.15--2.19"/></nont><location loc="2.14--2.19"/></nont><term lexeme=";" token="SEMIC"><location loc="2.20--2.20"/></term><location loc="2.1--2.20"/></nont><nont label="DeclarationsP"><nont label="Declaration"><term lexeme="typ" token="TYP"><location loc="4.1--4.3"/></term><term lexeme="y" token="IDENTIFIER"><location loc="4.5--4.5"/></term><term lexeme=":" token="COLON"><location loc="4.6--4.6"/></term><nont label="Type"><term lexeme="rec" token="REC"><location loc="4.7--4.9"/></term><term lexeme="(" token="LPARENTHESIS"><location loc="4.10--4.10"/></term><nont label="Parameters"><term lexeme="k" token="IDENTIFIER"><location loc="4.11--4.11"/></term><term lexeme=":" token="COLON"><location loc="4.12--4.12"/></term><nont label="Type"><term lexeme="int" token="INT"><location loc="4.13--4.15"/></term><location loc="4.13--4.15"/></nont><nont label="ParametersP"/><location loc="4.11--4.15"/></nont><term lexeme=")" token="RPARENTHESIS"><location loc="4.16--4.16"/></term><location loc="4.7--4.16"/></nont><term lexeme=";" token="SEMIC"><location loc="4.17--4.17"/></term><location loc="4.1--4.17"/></nont><nont label="DeclarationsP"><nont label="Declaration"><term lexeme="var" token="VAR"><location loc="5.1--5.3"/></term><term lexeme="z" token="IDENTIFIER"><location loc="5.5--5.5"/></term><term lexeme=":" token="COLON"><location loc="5.6--5.6"/></term><nont label="Type"><term lexeme="y" token="IDENTIFIER"><location loc="5.7--5.7"/></term><location loc="5.7--5.7"/></nont><term lexeme=";" token="SEMIC"><location loc="5.8--5.8"/></term><location loc="5.1--5.8"/></nont><nont label="DeclarationsP"><nont label="Declaration"><term lexeme="fun" token="FUN"><location loc="7.1--7.3"/></term><term lexeme="ekv" token="IDENTIFIER"><location loc="7.5--7.7"/></term><term lexeme="(" token="LPARENTHESIS"><location loc="7.8--7.8"/></term><nont label="ParametersOpt"><nont label="Parameters"><term lexeme="mk" token="IDENTIFIER"><location loc="7.9--7.10"/></term><term lexeme=":" token="COLON"><location loc="7.12--7.12"/></term><nont label="Type"><term lexeme="y" token="IDENTIFIER"><location loc="7.14--7.14"/></term><location loc="7.14--7.14"/></nont><nont label="ParametersP"><term lexeme="," token="COMMA"><location loc="7.15--7.15"/></term><term lexeme="cr" token="IDENTIFIER"><location loc="7.17--7.18"/></term><term lexeme=":" token="COLON"><location loc="7.20--7.20"/></term><nont label="Type"><term lexeme="int" token="INT"><location loc="7.22--7.24"/></term><location loc="7.22--7.24"/></nont><nont label="ParametersP"><term lexeme="," token="COMMA"><location loc="7.25--7.25"/></term><term lexeme="xx" token="IDENTIFIER"><location loc="7.27--7.28"/></term><term lexeme=":" token="COLON"><location loc="7.30--7.30"/></term><nont label="Type"><term lexeme="bool" token="BOOL"><location loc="7.32--7.35"/></term><location loc="7.32--7.35"/></nont><nont label="ParametersP"/><location loc="7.25--7.35"/></nont><location loc="7.15--7.35"/></nont><location loc="7.9--7.35"/></nont><location loc="7.9--7.35"/></nont><term lexeme=")" token="RPARENTHESIS"><location loc="7.36--7.36"/></term><term lexeme=":" token="COLON"><location loc="7.38--7.38"/></term><nont label="Type"><term lexeme="y" token="IDENTIFIER"><location loc="7.40--7.40"/></term><location loc="7.40--7.40"/></nont><nont label="FunctionBodyOpt"><term lexeme="=" token="ASSIGN"><location loc="7.43--7.43"/></term><nont label="Expression"><nont label="ORXORExpression"><nont label="ANDExpression"><nont label="RelationalExpression"><nont label="ADDSUBExpression"><nont label="MULDIVExpression"><nont label="PrefixExpression"><nont label="PostfixExpression"><nont label="AtomicExpression"><term lexeme="mk" token="IDENTIFIER"><location loc="7.44--7.45"/></term><nont label="ArgumentsOpt"/><location loc="7.44--7.45"/></nont><nont label="PostfixExpressionP"/><location loc="7.44--7.45"/></nont><location loc="7.44--7.45"/></nont><nont label="MULDIVExpressionP"/><location loc="7.44--7.45"/></nont><nont label="ADDSUBExpressionP"><term lexeme="+" token="ADD"><location loc="7.47--7.47"/></term><nont label="MULDIVExpression"><nont label="PrefixExpression"><nont label="PostfixExpression"><nont label="AtomicExpression"><term lexeme="j" token="IDENTIFIER"><location loc="7.49--7.49"/></term><nont label="ArgumentsOpt"/><location loc="7.49--7.49"/></nont><nont label="PostfixExpressionP"/><location loc="7.49--7.49"/></nont><location loc="7.49--7.49"/></nont><nont label="MULDIVExpressionP"/><location loc="7.49--7.49"/></nont><nont label="ADDSUBExpressionP"><term lexeme="+" token="ADD"><location loc="7.51--7.51"/></term><nont label="MULDIVExpression"><nont label="PrefixExpression"><nont label="PostfixExpression"><nont label="AtomicExpression"><term lexeme="x" token="IDENTIFIER"><location loc="7.53--7.53"/></term><nont label="ArgumentsOpt"><term lexeme="(" token="LPARENTHESIS"><location loc="7.54--7.54"/></term><nont label="ArgumentsOptP"><term lexeme=")" token="RPARENTHESIS"><location loc="7.55--7.55"/></term><location loc="7.55--7.55"/></nont><location loc="7.54--7.55"/></nont><location loc="7.53--7.55"/></nont><nont label="PostfixExpressionP"/><location loc="7.53--7.55"/></nont><location loc="7.53--7.55"/></nont><nont label="MULDIVExpressionP"/><location loc="7.53--7.55"/></nont><nont label="ADDSUBExpressionP"/><location loc="7.51--7.55"/></nont><location loc="7.47--7.55"/></nont><location loc="7.44--7.55"/></nont><nont label="RelationalExpressionP"/><location loc="7.44--7.55"/></nont><nont label="ANDExpressionP"/><location loc="7.44--7.55"/></nont><nont label="ORXORExpressionP"/><location loc="7.44--7.55"/></nont><location loc="7.44--7.55"/></nont><location loc="7.43--7.55"/></nont><term lexeme=";" token="SEMIC"><location loc="7.56--7.56"/></term><location loc="7.1--7.56"/></nont><nont label="DeclarationsP"><nont label="Declaration"><term lexeme="var" token="VAR"><location loc="9.1--9.3"/></term><term lexeme="i" token="IDENTIFIER"><location loc="9.5--9.5"/></term><term lexeme=":" token="COLON"><location loc="9.6--9.6"/></term><nont label="Type"><term lexeme="int" token="INT"><location loc="9.7--9.9"/></term><location loc="9.7--9.9"/></nont><term lexeme=";" token="SEMIC"><location loc="9.10--9.10"/></term><location loc="9.1--9.10"/></nont><nont label="DeclarationsP"><nont label="Declaration"><term lexeme="fun" token="FUN"><location loc="10.1--10.3"/></term><term lexeme="main" token="IDENTIFIER"><location loc="10.5--10.8"/></term><term lexeme="(" token="LPARENTHESIS"><location loc="10.9--10.9"/></term><nont label="ParametersOpt"><nont label="Parameters"><term lexeme="n" token="IDENTIFIER"><location loc="10.10--10.10"/></term><term lexeme=":" token="COLON"><location loc="10.11--10.11"/></term><nont label="Type"><term lexeme="int" token="INT"><location loc="10.12--10.14"/></term><location loc="10.12--10.14"/></nont><nont label="ParametersP"/><location loc="10.10--10.14"/></nont><location loc="10.10--10.14"/></nont><term lexeme=")" token="RPARENTHESIS"><location loc="10.15--10.15"/></term><term lexeme=":" token="COLON"><location loc="10.16--10.16"/></term><nont label="Type"><term lexeme="int" token="INT"><location loc="10.17--10.19"/></term><location loc="10.17--10.19"/></nont><nont label="FunctionBodyOpt"><term lexeme="=" token="ASSIGN"><location loc="10.20--10.20"/></term><nont label="Expression"><nont label="ORXORExpression"><nont label="ANDExpression"><nont label="RelationalExpression"><nont label="ADDSUBExpression"><nont label="MULDIVExpression"><nont label="PrefixExpression"><nont label="PostfixExpression"><nont label="AtomicExpression"><term lexeme="main" token="IDENTIFIER"><location loc="10.21--10.24"/></term><nont label="ArgumentsOpt"><term lexeme="(" token="LPARENTHESIS"><location loc="10.25--10.25"/></term><nont label="ArgumentsOptP"><nont label="Arguments"><nont label="Expression"><nont label="ORXORExpression"><nont label="ANDExpression"><nont label="RelationalExpression"><nont label="ADDSUBExpression"><nont label="MULDIVExpression"><nont label="PrefixExpression"><nont label="PostfixExpression"><nont label="AtomicExpression"><term lexeme="i" token="IDENTIFIER"><location loc="10.26--10.26"/></term><nont label="ArgumentsOpt"/><location loc="10.26--10.26"/></nont><nont label="PostfixExpressionP"/><location loc="10.26--10.26"/></nont><location loc="10.26--10.26"/></nont><nont label="MULDIVExpressionP"/><location loc="10.26--10.26"/></nont><nont label="ADDSUBExpressionP"><term lexeme="+" token="ADD"><location loc="10.27--10.27"/></term><nont label="MULDIVExpression"><nont label="PrefixExpression"><nont label="PostfixExpression"><nont label="AtomicExpression"><term lexeme="2" token="INTCONST"><location loc="10.28--10.28"/></term><location loc="10.28--10.28"/></nont><nont label="PostfixExpressionP"/><location loc="10.28--10.28"/></nont><location loc="10.28--10.28"/></nont><nont label="MULDIVExpressionP"><term lexeme="*" token="MUL"><location loc="10.29--10.29"/></term><nont label="PrefixExpression"><nont label="PostfixExpression"><nont label="AtomicExpression"><term lexeme="n" token="IDENTIFIER"><location loc="10.30--10.30"/></term><nont label="ArgumentsOpt"/><location loc="10.30--10.30"/></nont><nont label="PostfixExpressionP"/><location loc="10.30--10.30"/></nont><location loc="10.30--10.30"/></nont><nont label="MULDIVExpressionP"/><location loc="10.29--10.30"/></nont><location loc="10.28--10.30"/></nont><nont label="ADDSUBExpressionP"/><location loc="10.27--10.30"/></nont><location loc="10.26--10.30"/></nont><nont label="RelationalExpressionP"/><location loc="10.26--10.30"/></nont><nont label="ANDExpressionP"/><location loc="10.26--10.30"/></nont><nont label="ORXORExpressionP"/><location loc="10.26--10.30"/></nont><location loc="10.26--10.30"/></nont><nont label="ArgumentsP"/><location loc="10.26--10.30"/></nont><term lexeme=")" token="RPARENTHESIS"><location loc="10.31--10.31"/></term><location loc="10.26--10.31"/></nont><location loc="10.25--10.31"/></nont><location loc="10.21--10.31"/></nont><nont label="PostfixExpressionP"/><location loc="10.21--10.31"/></nont><location loc="10.21--10.31"/></nont><nont label="MULDIVExpressionP"/><location loc="10.21--10.31"/></nont><nont label="ADDSUBExpressionP"><term lexeme="+" token="ADD"><location loc="10.32--10.32"/></term><nont label="MULDIVExpression"><nont label="PrefixExpression"><nont label="PostfixExpression"><nont label="AtomicExpression"><term lexeme="{" token="LBRACE"><location loc="10.33--10.33"/></term><nont label="Statements"><nont label="Statement"><nont label="Expression"><nont label="ORXORExpression"><nont label="ANDExpression"><nont label="RelationalExpression"><nont label="ADDSUBExpression"><nont label="MULDIVExpression"><nont label="PrefixExpression"><nont label="PostfixExpression"><nont label="AtomicExpression"><term lexeme="none" token="VOIDCONST"><location loc="10.34--10.37"/></term><location loc="10.34--10.37"/></nont><nont label="PostfixExpressionP"/><location loc="10.34--10.37"/></nont><location loc="10.34--10.37"/></nont><nont label="MULDIVExpressionP"/><location loc="10.34--10.37"/></nont><nont label="ADDSUBExpressionP"/><location loc="10.34--10.37"/></nont><nont label="RelationalExpressionP"/><location loc="10.34--10.37"/></nont><nont label="ANDExpressionP"/><location loc="10.34--10.37"/></nont><nont label="ORXORExpressionP"/><location loc="10.34--10.37"/></nont><location loc="10.34--10.37"/></nont><nont label="StatementP"/><location loc="10.34--10.37"/></nont><term lexeme=";" token="SEMIC"><location loc="10.38--10.38"/></term><nont label="StatementsP"><nont label="Statement"><nont label="Expression"><nont label="ORXORExpression"><nont label="ANDExpression"><nont label="RelationalExpression"><nont label="ADDSUBExpression"><nont label="MULDIVExpression"><nont label="PrefixExpression"><nont label="PostfixExpression"><term lexeme="(" token="LPARENTHESIS"><location loc="10.40--10.40"/></term><nont label="Expression"><nont label="ORXORExpression"><nont label="ANDExpression"><nont label="RelationalExpression"><nont label="ADDSUBExpression"><nont label="MULDIVExpression"><nont label="PrefixExpression"><nont label="PostfixExpression"><nont label="AtomicExpression"><term lexeme="y" token="IDENTIFIER"><location loc="10.41--10.41"/></term><nont label="ArgumentsOpt"/><location loc="10.41--10.41"/></nont><nont label="PostfixExpressionP"/><location loc="10.41--10.41"/></nont><location loc="10.41--10.41"/></nont><nont label="MULDIVExpressionP"/><location loc="10.41--10.41"/></nont><nont label="ADDSUBExpressionP"/><location loc="10.41--10.41"/></nont><nont label="RelationalExpressionP"/><location loc="10.41--10.41"/></nont><nont label="ANDExpressionP"/><location loc="10.41--10.41"/></nont><nont label="ORXORExpressionP"/><location loc="10.41--10.41"/></nont><location loc="10.41--10.41"/></nont><nont label="PostfixExpressionPP"><term lexeme=":" token="COLON"><location loc="10.43--10.43"/></term><nont label="Type"><term lexeme="int" token="INT"><location loc="10.45--10.47"/></term><location loc="10.45--10.47"/></nont><term lexeme=")" token="RPARENTHESIS"><location loc="10.48--10.48"/></term><nont label="PostfixExpressionP"/><location loc="10.43--10.48"/></nont><location loc="10.40--10.48"/></nont><location loc="10.40--10.48"/></nont><nont label="MULDIVExpressionP"/><location loc="10.40--10.48"/></nont><nont label="ADDSUBExpressionP"/><location loc="10.40--10.48"/></nont><nont label="RelationalExpressionP"/><location loc="10.40--10.48"/></nont><nont label="ANDExpressionP"/><location loc="10.40--10.48"/></nont><nont label="ORXORExpressionP"/><location loc="10.40--10.48"/></nont><location loc="10.40--10.48"/></nont><nont label="StatementP"/><location loc="10.40--10.48"/></nont><term lexeme=";" token="SEMIC"><location loc="10.49--10.49"/></term><nont label="StatementsP"><nont label="Statement"><nont label="Expression"><nont label="ORXORExpression"><nont label="ANDExpression"><nont label="RelationalExpression"><nont label="ADDSUBExpression"><nont label="MULDIVExpression"><nont label="PrefixExpression"><nont label="PostfixExpression"><nont label="AtomicExpression"><term lexeme="mr" token="IDENTIFIER"><location loc="10.51--10.52"/></term><nont label="ArgumentsOpt"/><location loc="10.51--10.52"/></nont><nont label="PostfixExpressionP"><term lexeme="." token="DOT"><location loc="10.53--10.53"/></term><term lexeme="fb" token="IDENTIFIER"><location loc="10.54--10.55"/></term><nont label="PostfixExpressionP"/><location loc="10.53--10.55"/></nont><location loc="10.51--10.55"/></nont><location loc="10.51--10.55"/></nont><nont label="MULDIVExpressionP"/><location loc="10.51--10.55"/></nont><nont label="ADDSUBExpressionP"/><location loc="10.51--10.55"/></nont><nont label="RelationalExpressionP"/><location loc="10.51--10.55"/></nont><nont label="ANDExpressionP"/><location loc="10.51--10.55"/></nont><nont label="ORXORExpressionP"/><location loc="10.51--10.55"/></nont><location loc="10.51--10.55"/></nont><nont label="StatementP"><term lexeme="=" token="ASSIGN"><location loc="10.58--10.58"/></term><nont label="Expression"><nont label="ORXORExpression"><nont label="ANDExpression"><nont label="RelationalExpression"><nont label="ADDSUBExpression"><nont label="MULDIVExpression"><nont label="PrefixExpression"><nont label="PostfixExpression"><nont label="AtomicExpression"><term lexeme="17" token="INTCONST"><location loc="10.59--10.60"/></term><location loc="10.59--10.60"/></nont><nont label="PostfixExpressionP"/><location loc="10.59--10.60"/></nont><location loc="10.59--10.60"/></nont><nont label="MULDIVExpressionP"/><location loc="10.59--10.60"/></nont><nont label="ADDSUBExpressionP"><term lexeme="+" token="ADD"><location loc="10.62--10.62"/></term><nont label="MULDIVExpression"><nont label="PrefixExpression"><nont label="PostfixExpression"><nont label="AtomicExpression"><term lexeme="y" token="IDENTIFIER"><location loc="10.64--10.64"/></term><nont label="ArgumentsOpt"/><location loc="10.64--10.64"/></nont><nont label="PostfixExpressionP"><term lexeme="." token="DOT"><location loc="10.65--10.65"/></term><term lexeme="z" token="IDENTIFIER"><location loc="10.66--10.66"/></term><nont label="PostfixExpressionP"><term lexeme="." token="DOT"><location loc="10.67--10.67"/></term><term lexeme="x" token="IDENTIFIER"><location loc="10.68--10.68"/></term><nont label="PostfixExpressionP"><term lexeme="[" token="LBRACKET"><location loc="10.69--10.69"/></term><nont label="Expression"><nont label="ORXORExpression"><nont label="ANDExpression"><nont label="RelationalExpression"><nont label="ADDSUBExpression"><nont label="MULDIVExpression"><nont label="PrefixExpression"><nont label="PostfixExpression"><nont label="AtomicExpression"><term lexeme="i" token="IDENTIFIER"><location loc="10.70--10.70"/></term><nont label="ArgumentsOpt"/><location loc="10.70--10.70"/></nont><nont label="PostfixExpressionP"/><location loc="10.70--10.70"/></nont><location loc="10.70--10.70"/></nont><nont label="MULDIVExpressionP"/><location loc="10.70--10.70"/></nont><nont label="ADDSUBExpressionP"><term lexeme="-" token="SUB"><location loc="10.72--10.72"/></term><nont label="MULDIVExpression"><nont label="PrefixExpression"><nont label="PostfixExpression"><nont label="AtomicExpression"><term lexeme="1" token="INTCONST"><location loc="10.74--10.74"/></term><location loc="10.74--10.74"/></nont><nont label="PostfixExpressionP"/><location loc="10.74--10.74"/></nont><location loc="10.74--10.74"/></nont><nont label="MULDIVExpressionP"/><location loc="10.74--10.74"/></nont><nont label="ADDSUBExpressionP"/><location loc="10.72--10.74"/></nont><location loc="10.70--10.74"/></nont><nont label="RelationalExpressionP"/><location loc="10.70--10.74"/></nont><nont label="ANDExpressionP"/><location loc="10.70--10.74"/></nont><nont label="ORXORExpressionP"/><location loc="10.70--10.74"/></nont><location loc="10.70--10.74"/></nont><term lexeme="]" token="RBRACKET"><location loc="10.75--10.75"/></term><nont label="PostfixExpressionP"/><location loc="10.69--10.75"/></nont><location loc="10.67--10.75"/></nont><location loc="10.65--10.75"/></nont><location loc="10.64--10.75"/></nont><location loc="10.64--10.75"/></nont><nont label="MULDIVExpressionP"><term lexeme="*" token="MUL"><location loc="10.77--10.77"/></term><nont label="PrefixExpression"><term lexeme="-" token="SUB"><location loc="10.79--10.79"/></term><nont label="PrefixExpression"><nont label="PostfixExpression"><nont label="AtomicExpression"><term lexeme="2" token="INTCONST"><location loc="10.80--10.80"/></term><location loc="10.80--10.80"/></nont><nont label="PostfixExpressionP"/><location loc="10.80--10.80"/></nont><location loc="10.80--10.80"/></nont><location loc="10.79--10.80"/></nont><nont label="MULDIVExpressionP"/><location loc="10.77--10.80"/></nont><location loc="10.64--10.80"/></nont><nont label="ADDSUBExpressionP"/><location loc="10.62--10.80"/></nont><location loc="10.59--10.80"/></nont><nont label="RelationalExpressionP"/><location loc="10.59--10.80"/></nont><nont label="ANDExpressionP"/><location loc="10.59--10.80"/></nont><nont label="ORXORExpressionP"/><location loc="10.59--10.80"/></nont><location loc="10.59--10.80"/></nont><location loc="10.58--10.80"/></nont><location loc="10.51--10.80"/></nont><term lexeme=";" token="SEMIC"><location loc="10.81--10.81"/></term><nont label="StatementsP"/><location loc="10.51--10.81"/></nont><location loc="10.40--10.81"/></nont><location loc="10.34--10.81"/></nont><term lexeme=":" token="COLON"><location loc="10.83--10.83"/></term><nont label="Expression"><nont label="ORXORExpression"><nont label="ANDExpression"><nont label="RelationalExpression"><nont label="ADDSUBExpression"><nont label="MULDIVExpression"><nont label="PrefixExpression"><nont label="PostfixExpression"><nont label="AtomicExpression"><term lexeme="i" token="IDENTIFIER"><location loc="10.84--10.84"/></term><nont label="ArgumentsOpt"/><location loc="10.84--10.84"/></nont><nont label="PostfixExpressionP"/><location loc="10.84--10.84"/></nont><location loc="10.84--10.84"/></nont><nont label="MULDIVExpressionP"/><location loc="10.84--10.84"/></nont><nont label="ADDSUBExpressionP"/><location loc="10.84--10.84"/></nont><nont label="RelationalExpressionP"/><location loc="10.84--10.84"/></nont><nont label="ANDExpressionP"/><location loc="10.84--10.84"/></nont><nont label="ORXORExpressionP"/><location loc="10.84--10.84"/></nont><location loc="10.84--10.84"/></nont><nont label="WhereOpt"><term lexeme="where" token="WHERE"><location loc="10.86--10.90"/></term><nont label="Declarations"><nont label="Declaration"><term lexeme="var" token="VAR"><location loc="10.92--10.94"/></term><term lexeme="i" token="IDENTIFIER"><location loc="10.96--10.96"/></term><term lexeme=":" token="COLON"><location loc="10.97--10.97"/></term><nont label="Type"><term lexeme="int" token="INT"><location loc="10.98--10.100"/></term><location loc="10.98--10.100"/></nont><term lexeme=";" token="SEMIC"><location loc="10.101--10.101"/></term><location loc="10.92--10.101"/></nont><nont label="DeclarationsP"/><location loc="10.92--10.101"/></nont><location loc="10.86--10.101"/></nont><term lexeme="}" token="RBRACE"><location loc="10.102--10.102"/></term><location loc="10.33--10.102"/></nont><nont label="PostfixExpressionP"/><location loc="10.33--10.102"/></nont><location loc="10.33--10.102"/></nont><nont label="MULDIVExpressionP"/><location loc="10.33--10.102"/></nont><nont label="ADDSUBExpressionP"/><location loc="10.32--10.102"/></nont><location loc="10.21--10.102"/></nont><nont label="RelationalExpressionP"/><location loc="10.21--10.102"/></nont><nont label="ANDExpressionP"/><location loc="10.21--10.102"/></nont><nont label="ORXORExpressionP"/><location loc="10.21--10.102"/></nont><location loc="10.21--10.102"/></nont><location loc="10.20--10.102"/></nont><term lexeme=";" token="SEMIC"><location loc="10.103--10.103"/></term><location loc="10.1--10.103"/></nont><nont label="DeclarationsP"><nont label="Declaration"><term lexeme="fun" token="FUN"><location loc="13.1--13.3"/></term><term lexeme="f" token="IDENTIFIER"><location loc="13.5--13.5"/></term><term lexeme="(" token="LPARENTHESIS"><location loc="13.6--13.6"/></term><nont label="ParametersOpt"/><term lexeme=")" token="RPARENTHESIS"><location loc="13.7--13.7"/></term><term lexeme=":" token="COLON"><location loc="13.9--13.9"/></term><nont label="Type"><term lexeme="int" token="INT"><location loc="13.11--13.13"/></term><location loc="13.11--13.13"/></nont><nont label="FunctionBodyOpt"><term lexeme="=" token="ASSIGN"><location loc="13.16--13.16"/></term><nont label="Expression"><nont label="ORXORExpression"><nont label="ANDExpression"><nont label="RelationalExpression"><nont label="ADDSUBExpression"><nont label="MULDIVExpression"><nont label="PrefixExpression"><nont label="PostfixExpression"><term lexeme="(" token="LPARENTHESIS"><location loc="13.17--13.17"/></term><nont label="Expression"><nont label="ORXORExpression"><nont label="ANDExpression"><nont label="RelationalExpression"><nont label="ADDSUBExpression"><nont label="MULDIVExpression"><nont label="PrefixExpression"><nont label="PostfixExpression"><term lexeme="(" token="LPARENTHESIS"><location loc="13.18--13.18"/></term><nont label="Expression"><nont label="ORXORExpression"><nont label="ANDExpression"><nont label="RelationalExpression"><nont label="ADDSUBExpression"><nont label="MULDIVExpression"><nont label="PrefixExpression"><nont label="PostfixExpression"><nont label="AtomicExpression"><term lexeme="3" token="INTCONST"><location loc="13.19--13.19"/></term><location loc="13.19--13.19"/></nont><nont label="PostfixExpressionP"/><location loc="13.19--13.19"/></nont><location loc="13.19--13.19"/></nont><nont label="MULDIVExpressionP"/><location loc="13.19--13.19"/></nont><nont label="ADDSUBExpressionP"/><location loc="13.19--13.19"/></nont><nont label="RelationalExpressionP"/><location loc="13.19--13.19"/></nont><nont label="ANDExpressionP"/><location loc="13.19--13.19"/></nont><nont label="ORXORExpressionP"/><location loc="13.19--13.19"/></nont><location loc="13.19--13.19"/></nont><nont label="PostfixExpressionPP"><term lexeme=")" token="RPARENTHESIS"><location loc="13.20--13.20"/></term><nont label="PostfixExpressionP"/><location loc="13.20--13.20"/></nont><location loc="13.18--13.20"/></nont><location loc="13.18--13.20"/></nont><nont label="MULDIVExpressionP"/><location loc="13.18--13.20"/></nont><nont label="ADDSUBExpressionP"><term lexeme="+" token="ADD"><location loc="13.22--13.22"/></term><nont label="MULDIVExpression"><nont label="PrefixExpression"><nont label="PostfixExpression"><term lexeme="(" token="LPARENTHESIS"><location loc="13.24--13.24"/></term><nont label="Expression"><nont label="ORXORExpression"><nont label="ANDExpression"><nont label="RelationalExpression"><nont label="ADDSUBExpression"><nont label="MULDIVExpression"><nont label="PrefixExpression"><nont label="PostfixExpression"><term lexeme="(" token="LPARENTHESIS"><location loc="13.25--13.25"/></term><nont label="Expression"><nont label="ORXORExpression"><nont label="ANDExpression"><nont label="RelationalExpression"><nont label="ADDSUBExpression"><nont label="MULDIVExpression"><nont label="PrefixExpression"><nont label="PostfixExpression"><nont label="AtomicExpression"><term lexeme="5" token="INTCONST"><location loc="13.26--13.26"/></term><location loc="13.26--13.26"/></nont><nont label="PostfixExpressionP"/><location loc="13.26--13.26"/></nont><location loc="13.26--13.26"/></nont><nont label="MULDIVExpressionP"/><location loc="13.26--13.26"/></nont><nont label="ADDSUBExpressionP"/><location loc="13.26--13.26"/></nont><nont label="RelationalExpressionP"/><location loc="13.26--13.26"/></nont><nont label="ANDExpressionP"/><location loc="13.26--13.26"/></nont><nont label="ORXORExpressionP"/><location loc="13.26--13.26"/></nont><location loc="13.26--13.26"/></nont><nont label="PostfixExpressionPP"><term lexeme=")" token="RPARENTHESIS"><location loc="13.27--13.27"/></term><nont label="PostfixExpressionP"/><location loc="13.27--13.27"/></nont><location loc="13.25--13.27"/></nont><location loc="13.25--13.27"/></nont><nont label="MULDIVExpressionP"/><location loc="13.25--13.27"/></nont><nont label="ADDSUBExpressionP"/><location loc="13.25--13.27"/></nont><nont label="RelationalExpressionP"/><location loc="13.25--13.27"/></nont><nont label="ANDExpressionP"/><location loc="13.25--13.27"/></nont><nont label="ORXORExpressionP"/><location loc="13.25--13.27"/></nont><location loc="13.25--13.27"/></nont><nont label="PostfixExpressionPP"><term lexeme=")" token="RPARENTHESIS"><location loc="13.28--13.28"/></term><nont label="PostfixExpressionP"/><location loc="13.28--13.28"/></nont><location loc="13.24--13.28"/></nont><location loc="13.24--13.28"/></nont><nont label="MULDIVExpressionP"><term lexeme="*" token="MUL"><location loc="13.30--13.30"/></term><nont label="PrefixExpression"><nont label="PostfixExpression"><term lexeme="(" token="LPARENTHESIS"><location loc="13.32--13.32"/></term><nont label="Expression"><nont label="ORXORExpression"><nont label="ANDExpression"><nont label="RelationalExpression"><nont label="ADDSUBExpression"><nont label="MULDIVExpression"><nont label="PrefixExpression"><term lexeme="-" token="SUB"><location loc="13.33--13.33"/></term><nont label="PrefixExpression"><nont label="PostfixExpression"><nont label="AtomicExpression"><term lexeme="7" token="INTCONST"><location loc="13.34--13.34"/></term><location loc="13.34--13.34"/></nont><nont label="PostfixExpressionP"/><location loc="13.34--13.34"/></nont><location loc="13.34--13.34"/></nont><location loc="13.33--13.34"/></nont><nont label="MULDIVExpressionP"/><location loc="13.33--13.34"/></nont><nont label="ADDSUBExpressionP"/><location loc="13.33--13.34"/></nont><nont label="RelationalExpressionP"/><location loc="13.33--13.34"/></nont><nont label="ANDExpressionP"/><location loc="13.33--13.34"/></nont><nont label="ORXORExpressionP"/><location loc="13.33--13.34"/></nont><location loc="13.33--13.34"/></nont><nont label="PostfixExpressionPP"><term lexeme=")" token="RPARENTHESIS"><location loc="13.35--13.35"/></term><nont label="PostfixExpressionP"/><location loc="13.35--13.35"/></nont><location loc="13.32--13.35"/></nont><location loc="13.32--13.35"/></nont><nont label="MULDIVExpressionP"/><location loc="13.30--13.35"/></nont><location loc="13.24--13.35"/></nont><nont label="ADDSUBExpressionP"/><location loc="13.22--13.35"/></nont><location loc="13.18--13.35"/></nont><nont label="RelationalExpressionP"/><location loc="13.18--13.35"/></nont><nont label="ANDExpressionP"/><location loc="13.18--13.35"/></nont><nont label="ORXORExpressionP"/><location loc="13.18--13.35"/></nont><location loc="13.18--13.35"/></nont><nont label="PostfixExpressionPP"><term lexeme=")" token="RPARENTHESIS"><location loc="13.36--13.36"/></term><nont label="PostfixExpressionP"/><location loc="13.36--13.36"/></nont><location loc="13.17--13.36"/></nont><location loc="13.17--13.36"/></nont><nont label="MULDIVExpressionP"/><location loc="13.17--13.36"/></nont><nont label="ADDSUBExpressionP"/><location loc="13.17--13.36"/></nont><nont label="RelationalExpressionP"/><location loc="13.17--13.36"/></nont><nont label="ANDExpressionP"/><location loc="13.17--13.36"/></nont><nont label="ORXORExpressionP"/><location loc="13.17--13.36"/></nont><location loc="13.17--13.36"/></nont><location loc="13.16--13.36"/></nont><term lexeme=";" token="SEMIC"><location loc="13.37--13.37"/></term><location loc="13.1--13.37"/></nont><nont label="DeclarationsP"><nont label="Declaration"><term lexeme="fun" token="FUN"><location loc="15.1--15.3"/></term><term lexeme="f" token="IDENTIFIER"><location loc="15.5--15.5"/></term><term lexeme="(" token="LPARENTHESIS"><location loc="15.6--15.6"/></term><nont label="ParametersOpt"/><term lexeme=")" token="RPARENTHESIS"><location loc="15.7--15.7"/></term><term lexeme=":" token="COLON"><location loc="15.9--15.9"/></term><nont label="Type"><term lexeme="int" token="INT"><location loc="15.11--15.13"/></term><location loc="15.11--15.13"/></nont><nont label="FunctionBodyOpt"><term lexeme="=" token="ASSIGN"><location loc="15.16--15.16"/></term><nont label="Expression"><nont label="ORXORExpression"><nont label="ANDExpression"><nont label="RelationalExpression"><nont label="ADDSUBExpression"><nont label="MULDIVExpression"><nont label="PrefixExpression"><nont label="PostfixExpression"><nont label="AtomicExpression"><term lexeme="{" token="LBRACE"><location loc="15.17--15.17"/></term><nont label="Statements"><nont label="Statement"><nont label="Expression"><nont label="ORXORExpression"><nont label="ANDExpression"><nont label="RelationalExpression"><nont label="ADDSUBExpression"><nont label="MULDIVExpression"><nont label="PrefixExpression"><nont label="PostfixExpression"><nont label="AtomicExpression"><term lexeme="y" token="IDENTIFIER"><location loc="15.18--15.18"/></term><nont label="ArgumentsOpt"/><location loc="15.18--15.18"/></nont><nont label="PostfixExpressionP"/><location loc="15.18--15.18"/></nont><location loc="15.18--15.18"/></nont><nont label="MULDIVExpressionP"/><location loc="15.18--15.18"/></nont><nont label="ADDSUBExpressionP"/><location loc="15.18--15.18"/></nont><nont label="RelationalExpressionP"/><location loc="15.18--15.18"/></nont><nont label="ANDExpressionP"/><location loc="15.18--15.18"/></nont><nont label="ORXORExpressionP"/><location loc="15.18--15.18"/></nont><location loc="15.18--15.18"/></nont><nont label="StatementP"><term lexeme="=" token="ASSIGN"><location loc="15.21--15.21"/></term><nont label="Expression"><nont label="ORXORExpression"><nont label="ANDExpression"><nont label="RelationalExpression"><nont label="ADDSUBExpression"><nont label="MULDIVExpression"><nont label="PrefixExpression"><nont label="PostfixExpression"><nont label="AtomicExpression"><term lexeme="1" token="INTCONST"><location loc="15.22--15.22"/></term><location loc="15.22--15.22"/></nont><nont label="PostfixExpressionP"/><location loc="15.22--15.22"/></nont><location loc="15.22--15.22"/></nont><nont label="MULDIVExpressionP"/><location loc="15.22--15.22"/></nont><nont label="ADDSUBExpressionP"/><location loc="15.22--15.22"/></nont><nont label="RelationalExpressionP"/><location loc="15.22--15.22"/></nont><nont label="ANDExpressionP"/><location loc="15.22--15.22"/></nont><nont label="ORXORExpressionP"/><location loc="15.22--15.22"/></nont><location loc="15.22--15.22"/></nont><location loc="15.21--15.22"/></nont><location loc="15.18--15.22"/></nont><term lexeme=";" token="SEMIC"><location loc="15.23--15.23"/></term><nont label="StatementsP"><nont label="Statement"><nont label="Expression"><nont label="ORXORExpression"><nont label="ANDExpression"><nont label="RelationalExpression"><nont label="ADDSUBExpression"><nont label="MULDIVExpression"><nont label="PrefixExpression"><nont label="PostfixExpression"><nont label="AtomicExpression"><term lexeme="z" token="IDENTIFIER"><location loc="15.25--15.25"/></term><nont label="ArgumentsOpt"/><location loc="15.25--15.25"/></nont><nont label="PostfixExpressionP"/><location loc="15.25--15.25"/></nont><location loc="15.25--15.25"/></nont><nont label="MULDIVExpressionP"/><location loc="15.25--15.25"/></nont><nont label="ADDSUBExpressionP"/><location loc="15.25--15.25"/></nont><nont label="RelationalExpressionP"/><location loc="15.25--15.25"/></nont><nont label="ANDExpressionP"/><location loc="15.25--15.25"/></nont><nont label="ORXORExpressionP"/><location loc="15.25--15.25"/></nont><location loc="15.25--15.25"/></nont><nont label="StatementP"/><location loc="15.25--15.25"/></nont><term lexeme=";" token="SEMIC"><location loc="15.26--15.26"/></term><nont label="StatementsP"/><location loc="15.25--15.26"/></nont><location loc="15.18--15.26"/></nont><term lexeme=":" token="COLON"><location loc="15.28--15.28"/></term><nont label="Expression"><nont label="ORXORExpression"><nont label="ANDExpression"><nont label="RelationalExpression"><nont label="ADDSUBExpression"><nont label="MULDIVExpression"><nont label="PrefixExpression"><nont label="PostfixExpression"><nont label="AtomicExpression"><term lexeme="true" token="BOOLCONST"><location loc="15.30--15.33"/></term><location loc="15.30--15.33"/></nont><nont label="PostfixExpressionP"/><location loc="15.30--15.33"/></nont><location loc="15.30--15.33"/></nont><nont label="MULDIVExpressionP"/><location loc="15.30--15.33"/></nont><nont label="ADDSUBExpressionP"/><location loc="15.30--15.33"/></nont><nont label="RelationalExpressionP"/><location loc="15.30--15.33"/></nont><nont label="ANDExpressionP"/><location loc="15.30--15.33"/></nont><nont label="ORXORExpressionP"/><location loc="15.30--15.33"/></nont><location loc="15.30--15.33"/></nont><nont label="WhereOpt"/><term lexeme="}" token="RBRACE"><location loc="15.34--15.34"/></term><location loc="15.17--15.34"/></nont><nont label="PostfixExpressionP"/><location loc="15.17--15.34"/></nont><location loc="15.17--15.34"/></nont><nont label="MULDIVExpressionP"/><location loc="15.17--15.34"/></nont><nont label="ADDSUBExpressionP"/><location loc="15.17--15.34"/></nont><nont label="RelationalExpressionP"/><location loc="15.17--15.34"/></nont><nont label="ANDExpressionP"/><location loc="15.17--15.34"/></nont><nont label="ORXORExpressionP"/><location loc="15.17--15.34"/></nont><location loc="15.17--15.34"/></nont><location loc="15.16--15.34"/></nont><term lexeme=";" token="SEMIC"><location loc="15.35--15.35"/></term><location loc="15.1--15.35"/></nont><nont label="DeclarationsP"/><location loc="15.1--15.35"/></nont><location loc="13.1--15.35"/></nont><location loc="10.1--15.35"/></nont><location loc="9.1--15.35"/></nont><location loc="7.1--15.35"/></nont><location loc="5.1--15.35"/></nont><location loc="4.1--15.35"/></nont><location loc="2.1--15.35"/></nont><location loc="1.1--15.35"/></nont><location loc="1.1--15.35"/></nont></synan>