<?xml version="1.0" encoding="UTF-8" standalone="no"?><?xml-stylesheet type="text/xsl" href="../../data/asmgen.xsl"?><asmgen><code entrylabel="L2" exitlabel="L3" tempsize="0"><frame FP="T0" RV="T1" argssize="0" depth="1" label="_main" locssize="0" size="16"/><instructions><instruction code="L2"/><instruction code="SETL  T62, 0"/><instruction code="INCML T62, 0"/><instruction code="INCMH T62, 0"/><instruction code="INCH  T62, 0"/><instruction code="OR T10, T62, 0"/><instruction code="LDO T65, T64, 0"/><instruction code="STO T65, T10, 0"/><instruction code="SETL  T66, 2"/><instruction code="INCML T66, 0"/><instruction code="INCMH T66, 0"/><instruction code="INCH  T66, 0"/><instruction code="OR T11, T66, 0"/><instruction code="LDO T71, T70, 0"/><instruction code="STO T71, T11, 0"/><instruction code="LDA T72, _x"/><instruction code="OR T12, T72, 0"/><instruction code="LDO T74, T73, 0"/><instruction code="OR T13, T74, 0"/><instruction code="LDA T75, _ptu"/><instruction code="OR T14, T75, 0"/><instruction code="SETL  T76, 0"/><instruction code="INCML T76, 0"/><instruction code="INCMH T76, 0"/><instruction code="INCH  T76, 0"/><instruction code="OR T15, T76, 0"/><instruction code="ADD T77, T14, T15"/><instruction code="OR T16, T77, 0"/><instruction code="LDO T79, T78, 0"/><instruction code="OR T17, T79, 0"/><instruction code="MUL T80, T13, T17"/><instruction code="OR T18, T80, 0"/><instruction code="SETL  T81, 99"/><instruction code="INCML T81, 0"/><instruction code="INCMH T81, 0"/><instruction code="INCH  T81, 0"/><instruction code="OR T19, T81, 0"/><instruction code="ADD T82, T18, T19"/><instruction code="OR T20, T82, 0"/><instruction code="SETL  T83, 97"/><instruction code="INCML T83, 0"/><instruction code="INCMH T83, 0"/><instruction code="INCH  T83, 0"/><instruction code="OR T21, T83, 0"/><instruction code="SUB T84, T20, T21"/><instruction code="OR T22, T84, 0"/><instruction code="LDO T89, T88, 0"/><instruction code="STO T89, T22, 0"/><instruction code="LDA T90, _ptv"/><instruction code="OR T23, T90, 0"/><instruction code="SETL  T91, 8"/><instruction code="INCML T91, 0"/><instruction code="INCMH T91, 0"/><instruction code="INCH  T91, 0"/><instruction code="OR T24, T91, 0"/><instruction code="ADD T92, T23, T24"/><instruction code="OR T25, T92, 0"/><instruction code="LDO T94, T93, 0"/><instruction code="OR T26, T94, 0"/><instruction code="SETL  T95, 17"/><instruction code="INCML T95, 0"/><instruction code="INCMH T95, 0"/><instruction code="INCH  T95, 0"/><instruction code="OR T27, T95, 0"/><instruction code="ADD T96, T26, T27"/><instruction code="OR T28, T96, 0"/><instruction code="LDO T103, T102, 0"/><instruction code="STO T103, T28, 0"/><instruction code="LDA T104, _ptt"/><instruction code="OR T29, T104, 0"/><instruction code="SETL  T105, 0"/><instruction code="INCML T105, 0"/><instruction code="INCMH T105, 0"/><instruction code="INCH  T105, 0"/><instruction code="OR T30, T105, 0"/><instruction code="ADD T106, T29, T30"/><instruction code="OR T31, T106, 0"/><instruction code="SETL  T107, 8"/><instruction code="INCML T107, 0"/><instruction code="INCMH T107, 0"/><instruction code="INCH  T107, 0"/><instruction code="OR T32, T107, 0"/><instruction code="ADD T108, T31, T32"/><instruction code="OR T33, T108, 0"/><instruction code="LDO T110, T109, 0"/><instruction code="OR T34, T110, 0"/><instruction code="OR T35, T34, 0"/><instruction code="SETL  T111, 3"/><instruction code="INCML T111, 0"/><instruction code="INCMH T111, 0"/><instruction code="INCH  T111, 0"/><instruction code="OR T36, T111, 0"/><instruction code="ADD T112, T35, T36"/><instruction code="OR T1, T112, 0"/><instruction code="LDA T113, L3"/><instruction code="GO T113, T113, 0"/></instructions></code><code entrylabel="L4" exitlabel="L5" tempsize="0"><frame FP="T4" RV="T5" argssize="0" depth="2" label="L0" locssize="0" size="16"/><instructions><instruction code="L4"/><instruction code="SETL  T114, 3"/><instruction code="INCML T114, 0"/><instruction code="INCMH T114, 0"/><instruction code="INCH  T114, 0"/><instruction code="OR T5, T114, 0"/><instruction code="LDA T115, L5"/><instruction code="GO T115, T115, 0"/></instructions></code><code entrylabel="L6" exitlabel="L7" tempsize="0"><frame FP="T6" RV="T7" argssize="0" depth="2" label="L1" locssize="0" size="16"/><instructions><instruction code="L6"/><instruction code="SETL  T116, 3"/><instruction code="INCML T116, 0"/><instruction code="INCMH T116, 0"/><instruction code="INCH  T116, 0"/><instruction code="OR T37, T116, 0"/><instruction code="SETL  T117, 1"/><instruction code="INCML T117, 0"/><instruction code="INCMH T117, 0"/><instruction code="INCH  T117, 0"/><instruction code="OR T38, T117, 0"/><instruction code="SETL  T118, 1"/><instruction code="INCML T118, 0"/><instruction code="INCMH T118, 0"/><instruction code="INCH  T118, 0"/><instruction code="OR T39, T118, 0"/><instruction code="LDO T124, T123, 0"/><instruction code="STO T124, T39, 0"/><instruction code="OR T40, T6, 0"/><instruction code="LDO T126, T125, 0"/><instruction code="OR T41, T126, 0"/><instruction code="SETL  T127, 8"/><instruction code="INCML T127, 0"/><instruction code="INCMH T127, 0"/><instruction code="INCH  T127, 0"/><instruction code="OR T42, T127, 0"/><instruction code="ADD T128, T41, T42"/><instruction code="OR T43, T128, 0"/><instruction code="LDO T130, T129, 0"/><instruction code="OR T44, T130, 0"/><instruction code="OR T45, T44, 0"/><instruction code="ADD T131, T37, T45"/><instruction code="OR T7, T131, 0"/><instruction code="LDA T132, L7"/><instruction code="GO T132, T132, 0"/></instructions></code><code entrylabel="L8" exitlabel="L9" tempsize="0"><frame FP="T2" RV="T3" argssize="8" depth="1" label="_f" locssize="0" size="24"/><instructions><instruction code="L8"/><instruction code="OR T46, T2, 0"/><instruction code="SETL  T133, 8"/><instruction code="INCML T133, 0"/><instruction code="INCMH T133, 0"/><instruction code="INCH  T133, 0"/><instruction code="OR T47, T133, 0"/><instruction code="ADD T134, T46, T47"/><instruction code="OR T48, T134, 0"/><instruction code="LDO T136, T135, 0"/><instruction code="OR T49, T136, 0"/><instruction code="SETL  T137, 1"/><instruction code="INCML T137, 0"/><instruction code="INCMH T137, 0"/><instruction code="INCH  T137, 0"/><instruction code="OR T50, T137, 0"/><instruction code="SUB T138, T49, T50"/><instruction code="OR T51, T138, 0"/><instruction code="OR T52, T2, 0"/><instruction code="STO `d0, $254, 8"/><instruction code="LDA T139, L1"/><instruction code="GO $0, T139, 0"/><instruction code="OR T53, T140, 0"/><instruction code="ADD T141, T51, T53"/><instruction code="OR T54, T141, 0"/><instruction code="LDO T145, T144, 0"/><instruction code="STO T145, T54, 0"/><instruction code="SETL  T146, 3"/><instruction code="INCML T146, 0"/><instruction code="INCMH T146, 0"/><instruction code="INCH  T146, 0"/><instruction code="OR T55, T146, 0"/><instruction code="LDO T151, T150, 0"/><instruction code="STO T151, T55, 0"/><instruction code="OR T56, T2, 0"/><instruction code="SETL  T152, 8"/><instruction code="INCML T152, 0"/><instruction code="INCMH T152, 0"/><instruction code="INCH  T152, 0"/><instruction code="OR T57, T152, 0"/><instruction code="ADD T153, T56, T57"/><instruction code="OR T58, T153, 0"/><instruction code="LDO T155, T154, 0"/><instruction code="OR T59, T155, 0"/><instruction code="OR T3, T59, 0"/><instruction code="LDA T156, L9"/><instruction code="GO T156, T156, 0"/></instructions></code></asmgen>