<?xml version="1.0" encoding="UTF-8" standalone="no"?><?xml-stylesheet type="text/xsl" href="../../data/asmgen.xsl"?><asmgen><code entrylabel="L4" exitlabel="L5" tempsize="0"><frame FP="T6" RV="T7" argssize="16" depth="1" label="_main" locssize="16" size="48"/><instructions><instruction code="L4"/><instruction code="SETL T41,0"/><instruction code="INCML T41,0"/><instruction code="INCMH T41,0"/><instruction code="INCH T41,0"/><instruction code="OR T12,T41,0"/><instruction code="SETL T42,2"/><instruction code="INCML T42,0"/><instruction code="INCMH T42,0"/><instruction code="INCH T42,0"/><instruction code="OR T13,T42,0"/><instruction code="STO T12,$254,0"/><instruction code="STO T13,$254,8"/><instruction code="PUSHJ $8,_f"/><instruction code="LDO T44,$254,0"/><instruction code="OR T14,T44,0"/><instruction code="SETL T45,0"/><instruction code="INCML T45,0"/><instruction code="INCMH T45,0"/><instruction code="INCH T45,0"/><instruction code="OR T15,T45,0"/><instruction code="OR T7,T15,0"/><instruction code="JMP L5"/></instructions></code><code entrylabel="L7" exitlabel="L8" tempsize="0"><frame FP="T10" RV="T11" argssize="16" depth="2" label="L0" locssize="0" size="32"/><instructions><instruction code="L7"/><instruction code="OR T16,T10,0"/><instruction code="LDO T47,T16,0"/><instruction code="OR T17,T47,0"/><instruction code="SETL T48,8"/><instruction code="INCML T48,0"/><instruction code="INCMH T48,0"/><instruction code="INCH T48,0"/><instruction code="OR T18,T48,0"/><instruction code="ADD T49,T17,T18"/><instruction code="OR T19,T49,0"/><instruction code="LDO T50,T19,0"/><instruction code="OR T20,T50,0"/><instruction code="OR T21,T10,0"/><instruction code="SETL T51,8"/><instruction code="INCML T51,0"/><instruction code="INCMH T51,0"/><instruction code="INCH T51,0"/><instruction code="OR T22,T51,0"/><instruction code="ADD T52,T21,T22"/><instruction code="OR T23,T52,0"/><instruction code="LDO T53,T23,0"/><instruction code="OR T24,T53,0"/><instruction code="SETL T54,1"/><instruction code="INCML T54,0"/><instruction code="INCMH T54,0"/><instruction code="INCH T54,0"/><instruction code="OR T25,T54,0"/><instruction code="CMP T55,T24,T25"/><instruction code="ZSZ T55,T55,1"/><instruction code="OR T26,T55,0"/><instruction code="BNZ T26,L1"/><instruction code="L6"/><instruction code="JMP L2"/><instruction code="L1"/><instruction code="SETL T57,1"/><instruction code="INCML T57,0"/><instruction code="INCMH T57,0"/><instruction code="INCH T57,0"/><instruction code="OR T27,T57,0"/><instruction code="JMP L3"/><instruction code="L2"/><instruction code="LDO T59,T10,0"/><instruction code="OR T28,T59,0"/><instruction code="OR T29,T10,0"/><instruction code="SETL T60,8"/><instruction code="INCML T60,0"/><instruction code="INCMH T60,0"/><instruction code="INCH T60,0"/><instruction code="OR T30,T60,0"/><instruction code="ADD T61,T29,T30"/><instruction code="OR T31,T61,0"/><instruction code="LDO T62,T31,0"/><instruction code="OR T32,T62,0"/><instruction code="SETL T63,1"/><instruction code="INCML T63,0"/><instruction code="INCMH T63,0"/><instruction code="INCH T63,0"/><instruction code="OR T33,T63,0"/><instruction code="ADD T64,T32,T33"/><instruction code="OR T34,T64,0"/><instruction code="STO T28,$254,0"/><instruction code="STO T34,$254,8"/><instruction code="PUSHJ $8,L0"/><instruction code="LDO T66,$254,0"/><instruction code="OR T35,T66,0"/><instruction code="L3"/><instruction code="SETL T67,0"/><instruction code="INCML T67,0"/><instruction code="INCMH T67,0"/><instruction code="INCH T67,0"/><instruction code="OR T36,T67,0"/><instruction code="OR T11,T36,0"/><instruction code="JMP L8"/></instructions></code><code entrylabel="L9" exitlabel="L10" tempsize="0"><frame FP="T8" RV="T9" argssize="16" depth="1" label="_f" locssize="0" size="32"/><instructions><instruction code="L9"/><instruction code="OR T37,T8,0"/><instruction code="SETL T69,0"/><instruction code="INCML T69,0"/><instruction code="INCMH T69,0"/><instruction code="INCH T69,0"/><instruction code="OR T38,T69,0"/><instruction code="STO T37,$254,0"/><instruction code="STO T38,$254,8"/><instruction code="PUSHJ $8,L0"/><instruction code="LDO T71,$254,0"/><instruction code="OR T39,T71,0"/><instruction code="SETL T72,0"/><instruction code="INCML T72,0"/><instruction code="INCMH T72,0"/><instruction code="INCH T72,0"/><instruction code="OR T40,T72,0"/><instruction code="OR T9,T40,0"/><instruction code="JMP L10"/></instructions></code></asmgen>