<?xml version="1.0" encoding="UTF-8" standalone="no"?><?xml-stylesheet type="text/xsl" href="../../data/asmgen.xsl"?><asmgen><code entrylabel="L109" exitlabel="L110" tempsize="0"><frame FP="T6" RV="T7" argssize="24" depth="1" label="_main" locssize="16" size="56"/><instructions><instruction code="L109"/><instruction code="SETL  T905, 0"/><instruction code="INCML T905, 0"/><instruction code="INCMH T905, 0"/><instruction code="INCH  T905, 0"/><instruction code="OR T30, T905, 0"/><instruction code="LDA T906, L5"/><instruction code="OR T31, T906, 0"/><instruction code="STO T30, $254, 8"/><instruction code="STO T31, $254, 16"/><instruction code="LDA T907, _putString"/><instruction code="PUSHJ $15, T907, 0"/><instruction code="OR T32, T908, 0"/><instruction code="SETL  T909, 0"/><instruction code="INCML T909, 0"/><instruction code="INCMH T909, 0"/><instruction code="INCH  T909, 0"/><instruction code="OR T33, T909, 0"/><instruction code="SETL  T910, 10"/><instruction code="INCML T910, 0"/><instruction code="INCMH T910, 0"/><instruction code="INCH  T910, 0"/><instruction code="OR T34, T910, 0"/><instruction code="SETL  T911, 256"/><instruction code="INCML T911, 0"/><instruction code="INCMH T911, 0"/><instruction code="INCH  T911, 0"/><instruction code="OR T35, T911, 0"/><instruction code="DIV T912, T34, T35"/><instruction code="OR T912, rR, 0"/><instruction code="OR T36, T912, 0"/><instruction code="STO T33, $254, 8"/><instruction code="STO T36, $254, 16"/><instruction code="LDA T913, _putChar"/><instruction code="PUSHJ $15, T913, 0"/><instruction code="OR T37, T914, 0"/><instruction code="SETL  T915, 1"/><instruction code="INCML T915, 0"/><instruction code="INCMH T915, 0"/><instruction code="INCH  T915, 0"/><instruction code="OR T38, T915, 0"/><instruction code="LDO T919, T918, 0"/><instruction code="STO T919, T38, 0"/><instruction code="L7"/><instruction code="OR T39, T6, 0"/><instruction code="SETL  T920, 8"/><instruction code="INCML T920, 0"/><instruction code="INCMH T920, 0"/><instruction code="INCH  T920, 0"/><instruction code="NEG T920, 0, T920"/><instruction code="OR T40, T920, 0"/><instruction code="ADD T921, T39, T40"/><instruction code="OR T41, T921, 0"/><instruction code="LDO T923, T922, 0"/><instruction code="OR T42, T923, 0"/><instruction code="SETL  T924, 10"/><instruction code="INCML T924, 0"/><instruction code="INCMH T924, 0"/><instruction code="INCH  T924, 0"/><instruction code="OR T43, T924, 0"/><instruction code="CMP T925, T42, T43"/><instruction code="ZSNP T925, T925, 1"/><instruction code="OR T44, T925, 0"/><instruction code="BNZ T44, L8"/><instruction code="L105"/><instruction code="LDA T926, L9"/><instruction code="GO T926, T926, 0"/><instruction code="L8"/><instruction code="SETL  T927, 0"/><instruction code="INCML T927, 0"/><instruction code="INCMH T927, 0"/><instruction code="INCH  T927, 0"/><instruction code="OR T45, T927, 0"/><instruction code="OR T46, T6, 0"/><instruction code="SETL  T928, 8"/><instruction code="INCML T928, 0"/><instruction code="INCMH T928, 0"/><instruction code="INCH  T928, 0"/><instruction code="NEG T928, 0, T928"/><instruction code="OR T47, T928, 0"/><instruction code="ADD T929, T46, T47"/><instruction code="OR T48, T929, 0"/><instruction code="LDO T931, T930, 0"/><instruction code="OR T49, T931, 0"/><instruction code="STO T45, $254, 8"/><instruction code="STO T49, $254, 16"/><instruction code="LDA T932, _putInt"/><instruction code="PUSHJ $15, T932, 0"/><instruction code="OR T50, T933, 0"/><instruction code="SETL  T934, 0"/><instruction code="INCML T934, 0"/><instruction code="INCMH T934, 0"/><instruction code="INCH  T934, 0"/><instruction code="OR T51, T934, 0"/><instruction code="LDA T935, L6"/><instruction code="OR T52, T935, 0"/><instruction code="STO T51, $254, 8"/><instruction code="STO T52, $254, 16"/><instruction code="LDA T936, _putString"/><instruction code="PUSHJ $15, T936, 0"/><instruction code="OR T53, T937, 0"/><instruction code="SETL  T938, 0"/><instruction code="INCML T938, 0"/><instruction code="INCMH T938, 0"/><instruction code="INCH  T938, 0"/><instruction code="OR T54, T938, 0"/><instruction code="SETL  T939, 0"/><instruction code="INCML T939, 0"/><instruction code="INCMH T939, 0"/><instruction code="INCH  T939, 0"/><instruction code="OR T55, T939, 0"/><instruction code="OR T56, T6, 0"/><instruction code="SETL  T940, 8"/><instruction code="INCML T940, 0"/><instruction code="INCMH T940, 0"/><instruction code="INCH  T940, 0"/><instruction code="NEG T940, 0, T940"/><instruction code="OR T57, T940, 0"/><instruction code="ADD T941, T56, T57"/><instruction code="OR T58, T941, 0"/><instruction code="LDO T943, T942, 0"/><instruction code="OR T59, T943, 0"/><instruction code="STO T55, $254, 8"/><instruction code="STO T59, $254, 16"/><instruction code="LDA T944, _facItr"/><instruction code="PUSHJ $15, T944, 0"/><instruction code="OR T60, T945, 0"/><instruction code="STO T54, $254, 8"/><instruction code="STO T60, $254, 16"/><instruction code="LDA T946, _putInt"/><instruction code="PUSHJ $15, T946, 0"/><instruction code="OR T61, T947, 0"/><instruction code="SETL  T948, 0"/><instruction code="INCML T948, 0"/><instruction code="INCMH T948, 0"/><instruction code="INCH  T948, 0"/><instruction code="OR T62, T948, 0"/><instruction code="SETL  T949, 10"/><instruction code="INCML T949, 0"/><instruction code="INCMH T949, 0"/><instruction code="INCH  T949, 0"/><instruction code="OR T63, T949, 0"/><instruction code="SETL  T950, 256"/><instruction code="INCML T950, 0"/><instruction code="INCMH T950, 0"/><instruction code="INCH  T950, 0"/><instruction code="OR T64, T950, 0"/><instruction code="DIV T951, T63, T64"/><instruction code="OR T951, rR, 0"/><instruction code="OR T65, T951, 0"/><instruction code="STO T62, $254, 8"/><instruction code="STO T65, $254, 16"/><instruction code="LDA T952, _putChar"/><instruction code="PUSHJ $15, T952, 0"/><instruction code="OR T66, T953, 0"/><instruction code="OR T67, T6, 0"/><instruction code="SETL  T954, 8"/><instruction code="INCML T954, 0"/><instruction code="INCMH T954, 0"/><instruction code="INCH  T954, 0"/><instruction code="NEG T954, 0, T954"/><instruction code="OR T68, T954, 0"/><instruction code="ADD T955, T67, T68"/><instruction code="OR T69, T955, 0"/><instruction code="LDO T957, T956, 0"/><instruction code="OR T70, T957, 0"/><instruction code="SETL  T958, 1"/><instruction code="INCML T958, 0"/><instruction code="INCMH T958, 0"/><instruction code="INCH  T958, 0"/><instruction code="OR T71, T958, 0"/><instruction code="ADD T959, T70, T71"/><instruction code="OR T72, T959, 0"/><instruction code="LDO T963, T962, 0"/><instruction code="STO T963, T72, 0"/><instruction code="LDA T964, L7"/><instruction code="GO T964, T964, 0"/><instruction code="L9"/><instruction code="SETL  T965, 0"/><instruction code="INCML T965, 0"/><instruction code="INCMH T965, 0"/><instruction code="INCH  T965, 0"/><instruction code="OR T73, T965, 0"/><instruction code="LDA T966, L10"/><instruction code="OR T74, T966, 0"/><instruction code="STO T73, $254, 8"/><instruction code="STO T74, $254, 16"/><instruction code="LDA T967, _putString"/><instruction code="PUSHJ $15, T967, 0"/><instruction code="OR T75, T968, 0"/><instruction code="SETL  T969, 0"/><instruction code="INCML T969, 0"/><instruction code="INCMH T969, 0"/><instruction code="INCH  T969, 0"/><instruction code="OR T76, T969, 0"/><instruction code="SETL  T970, 10"/><instruction code="INCML T970, 0"/><instruction code="INCMH T970, 0"/><instruction code="INCH  T970, 0"/><instruction code="OR T77, T970, 0"/><instruction code="SETL  T971, 256"/><instruction code="INCML T971, 0"/><instruction code="INCMH T971, 0"/><instruction code="INCH  T971, 0"/><instruction code="OR T78, T971, 0"/><instruction code="DIV T972, T77, T78"/><instruction code="OR T972, rR, 0"/><instruction code="OR T79, T972, 0"/><instruction code="STO T76, $254, 8"/><instruction code="STO T79, $254, 16"/><instruction code="LDA T973, _putChar"/><instruction code="PUSHJ $15, T973, 0"/><instruction code="OR T80, T974, 0"/><instruction code="SETL  T975, 1"/><instruction code="INCML T975, 0"/><instruction code="INCMH T975, 0"/><instruction code="INCH  T975, 0"/><instruction code="OR T81, T975, 0"/><instruction code="LDO T979, T978, 0"/><instruction code="STO T979, T81, 0"/><instruction code="L12"/><instruction code="OR T82, T6, 0"/><instruction code="SETL  T980, 8"/><instruction code="INCML T980, 0"/><instruction code="INCMH T980, 0"/><instruction code="INCH  T980, 0"/><instruction code="NEG T980, 0, T980"/><instruction code="OR T83, T980, 0"/><instruction code="ADD T981, T82, T83"/><instruction code="OR T84, T981, 0"/><instruction code="LDO T983, T982, 0"/><instruction code="OR T85, T983, 0"/><instruction code="SETL  T984, 10"/><instruction code="INCML T984, 0"/><instruction code="INCMH T984, 0"/><instruction code="INCH  T984, 0"/><instruction code="OR T86, T984, 0"/><instruction code="CMP T985, T85, T86"/><instruction code="ZSNP T985, T985, 1"/><instruction code="OR T87, T985, 0"/><instruction code="BNZ T87, L13"/><instruction code="L106"/><instruction code="LDA T986, L14"/><instruction code="GO T986, T986, 0"/><instruction code="L13"/><instruction code="SETL  T987, 0"/><instruction code="INCML T987, 0"/><instruction code="INCMH T987, 0"/><instruction code="INCH  T987, 0"/><instruction code="OR T88, T987, 0"/><instruction code="OR T89, T6, 0"/><instruction code="SETL  T988, 8"/><instruction code="INCML T988, 0"/><instruction code="INCMH T988, 0"/><instruction code="INCH  T988, 0"/><instruction code="NEG T988, 0, T988"/><instruction code="OR T90, T988, 0"/><instruction code="ADD T989, T89, T90"/><instruction code="OR T91, T989, 0"/><instruction code="LDO T991, T990, 0"/><instruction code="OR T92, T991, 0"/><instruction code="STO T88, $254, 8"/><instruction code="STO T92, $254, 16"/><instruction code="LDA T992, _putInt"/><instruction code="PUSHJ $15, T992, 0"/><instruction code="OR T93, T993, 0"/><instruction code="SETL  T994, 0"/><instruction code="INCML T994, 0"/><instruction code="INCMH T994, 0"/><instruction code="INCH  T994, 0"/><instruction code="OR T94, T994, 0"/><instruction code="LDA T995, L11"/><instruction code="OR T95, T995, 0"/><instruction code="STO T94, $254, 8"/><instruction code="STO T95, $254, 16"/><instruction code="LDA T996, _putString"/><instruction code="PUSHJ $15, T996, 0"/><instruction code="OR T96, T997, 0"/><instruction code="SETL  T998, 0"/><instruction code="INCML T998, 0"/><instruction code="INCMH T998, 0"/><instruction code="INCH  T998, 0"/><instruction code="OR T97, T998, 0"/><instruction code="SETL  T999, 0"/><instruction code="INCML T999, 0"/><instruction code="INCMH T999, 0"/><instruction code="INCH  T999, 0"/><instruction code="OR T98, T999, 0"/><instruction code="OR T99, T6, 0"/><instruction code="SETL  T1000, 8"/><instruction code="INCML T1000, 0"/><instruction code="INCMH T1000, 0"/><instruction code="INCH  T1000, 0"/><instruction code="NEG T1000, 0, T1000"/><instruction code="OR T100, T1000, 0"/><instruction code="ADD T1001, T99, T100"/><instruction code="OR T101, T1001, 0"/><instruction code="LDO T1003, T1002, 0"/><instruction code="OR T102, T1003, 0"/><instruction code="STO T98, $254, 8"/><instruction code="STO T102, $254, 16"/><instruction code="LDA T1004, _facRec"/><instruction code="PUSHJ $15, T1004, 0"/><instruction code="OR T103, T1005, 0"/><instruction code="STO T97, $254, 8"/><instruction code="STO T103, $254, 16"/><instruction code="LDA T1006, _putInt"/><instruction code="PUSHJ $15, T1006, 0"/><instruction code="OR T104, T1007, 0"/><instruction code="SETL  T1008, 0"/><instruction code="INCML T1008, 0"/><instruction code="INCMH T1008, 0"/><instruction code="INCH  T1008, 0"/><instruction code="OR T105, T1008, 0"/><instruction code="SETL  T1009, 10"/><instruction code="INCML T1009, 0"/><instruction code="INCMH T1009, 0"/><instruction code="INCH  T1009, 0"/><instruction code="OR T106, T1009, 0"/><instruction code="SETL  T1010, 256"/><instruction code="INCML T1010, 0"/><instruction code="INCMH T1010, 0"/><instruction code="INCH  T1010, 0"/><instruction code="OR T107, T1010, 0"/><instruction code="DIV T1011, T106, T107"/><instruction code="OR T1011, rR, 0"/><instruction code="OR T108, T1011, 0"/><instruction code="STO T105, $254, 8"/><instruction code="STO T108, $254, 16"/><instruction code="LDA T1012, _putChar"/><instruction code="PUSHJ $15, T1012, 0"/><instruction code="OR T109, T1013, 0"/><instruction code="OR T110, T6, 0"/><instruction code="SETL  T1014, 8"/><instruction code="INCML T1014, 0"/><instruction code="INCMH T1014, 0"/><instruction code="INCH  T1014, 0"/><instruction code="NEG T1014, 0, T1014"/><instruction code="OR T111, T1014, 0"/><instruction code="ADD T1015, T110, T111"/><instruction code="OR T112, T1015, 0"/><instruction code="LDO T1017, T1016, 0"/><instruction code="OR T113, T1017, 0"/><instruction code="SETL  T1018, 1"/><instruction code="INCML T1018, 0"/><instruction code="INCMH T1018, 0"/><instruction code="INCH  T1018, 0"/><instruction code="OR T114, T1018, 0"/><instruction code="ADD T1019, T113, T114"/><instruction code="OR T115, T1019, 0"/><instruction code="LDO T1023, T1022, 0"/><instruction code="STO T1023, T115, 0"/><instruction code="LDA T1024, L12"/><instruction code="GO T1024, T1024, 0"/><instruction code="L14"/><instruction code="SETL  T1025, 0"/><instruction code="INCML T1025, 0"/><instruction code="INCMH T1025, 0"/><instruction code="INCH  T1025, 0"/><instruction code="OR T116, T1025, 0"/><instruction code="LDA T1026, L15"/><instruction code="OR T117, T1026, 0"/><instruction code="STO T116, $254, 8"/><instruction code="STO T117, $254, 16"/><instruction code="LDA T1027, _putString"/><instruction code="PUSHJ $15, T1027, 0"/><instruction code="OR T118, T1028, 0"/><instruction code="SETL  T1029, 0"/><instruction code="INCML T1029, 0"/><instruction code="INCMH T1029, 0"/><instruction code="INCH  T1029, 0"/><instruction code="OR T119, T1029, 0"/><instruction code="SETL  T1030, 10"/><instruction code="INCML T1030, 0"/><instruction code="INCMH T1030, 0"/><instruction code="INCH  T1030, 0"/><instruction code="OR T120, T1030, 0"/><instruction code="SETL  T1031, 256"/><instruction code="INCML T1031, 0"/><instruction code="INCMH T1031, 0"/><instruction code="INCH  T1031, 0"/><instruction code="OR T121, T1031, 0"/><instruction code="DIV T1032, T120, T121"/><instruction code="OR T1032, rR, 0"/><instruction code="OR T122, T1032, 0"/><instruction code="STO T119, $254, 8"/><instruction code="STO T122, $254, 16"/><instruction code="LDA T1033, _putChar"/><instruction code="PUSHJ $15, T1033, 0"/><instruction code="OR T123, T1034, 0"/><instruction code="SETL  T1035, 1"/><instruction code="INCML T1035, 0"/><instruction code="INCMH T1035, 0"/><instruction code="INCH  T1035, 0"/><instruction code="OR T124, T1035, 0"/><instruction code="LDO T1039, T1038, 0"/><instruction code="STO T1039, T124, 0"/><instruction code="L17"/><instruction code="OR T125, T6, 0"/><instruction code="SETL  T1040, 8"/><instruction code="INCML T1040, 0"/><instruction code="INCMH T1040, 0"/><instruction code="INCH  T1040, 0"/><instruction code="NEG T1040, 0, T1040"/><instruction code="OR T126, T1040, 0"/><instruction code="ADD T1041, T125, T126"/><instruction code="OR T127, T1041, 0"/><instruction code="LDO T1043, T1042, 0"/><instruction code="OR T128, T1043, 0"/><instruction code="SETL  T1044, 10"/><instruction code="INCML T1044, 0"/><instruction code="INCMH T1044, 0"/><instruction code="INCH  T1044, 0"/><instruction code="OR T129, T1044, 0"/><instruction code="CMP T1045, T128, T129"/><instruction code="ZSNP T1045, T1045, 1"/><instruction code="OR T130, T1045, 0"/><instruction code="BNZ T130, L18"/><instruction code="L107"/><instruction code="LDA T1046, L19"/><instruction code="GO T1046, T1046, 0"/><instruction code="L18"/><instruction code="SETL  T1047, 0"/><instruction code="INCML T1047, 0"/><instruction code="INCMH T1047, 0"/><instruction code="INCH  T1047, 0"/><instruction code="OR T131, T1047, 0"/><instruction code="OR T132, T6, 0"/><instruction code="SETL  T1048, 8"/><instruction code="INCML T1048, 0"/><instruction code="INCMH T1048, 0"/><instruction code="INCH  T1048, 0"/><instruction code="NEG T1048, 0, T1048"/><instruction code="OR T133, T1048, 0"/><instruction code="ADD T1049, T132, T133"/><instruction code="OR T134, T1049, 0"/><instruction code="LDO T1051, T1050, 0"/><instruction code="OR T135, T1051, 0"/><instruction code="STO T131, $254, 8"/><instruction code="STO T135, $254, 16"/><instruction code="LDA T1052, _putInt"/><instruction code="PUSHJ $15, T1052, 0"/><instruction code="OR T136, T1053, 0"/><instruction code="SETL  T1054, 0"/><instruction code="INCML T1054, 0"/><instruction code="INCMH T1054, 0"/><instruction code="INCH  T1054, 0"/><instruction code="OR T137, T1054, 0"/><instruction code="LDA T1055, L16"/><instruction code="OR T138, T1055, 0"/><instruction code="STO T137, $254, 8"/><instruction code="STO T138, $254, 16"/><instruction code="LDA T1056, _putString"/><instruction code="PUSHJ $15, T1056, 0"/><instruction code="OR T139, T1057, 0"/><instruction code="SETL  T1058, 0"/><instruction code="INCML T1058, 0"/><instruction code="INCMH T1058, 0"/><instruction code="INCH  T1058, 0"/><instruction code="OR T140, T1058, 0"/><instruction code="SETL  T1059, 0"/><instruction code="INCML T1059, 0"/><instruction code="INCMH T1059, 0"/><instruction code="INCH  T1059, 0"/><instruction code="OR T141, T1059, 0"/><instruction code="OR T142, T6, 0"/><instruction code="SETL  T1060, 8"/><instruction code="INCML T1060, 0"/><instruction code="INCMH T1060, 0"/><instruction code="INCH  T1060, 0"/><instruction code="NEG T1060, 0, T1060"/><instruction code="OR T143, T1060, 0"/><instruction code="ADD T1061, T142, T143"/><instruction code="OR T144, T1061, 0"/><instruction code="LDO T1063, T1062, 0"/><instruction code="OR T145, T1063, 0"/><instruction code="STO T141, $254, 8"/><instruction code="STO T145, $254, 16"/><instruction code="LDA T1064, _fibItr"/><instruction code="PUSHJ $15, T1064, 0"/><instruction code="OR T146, T1065, 0"/><instruction code="STO T140, $254, 8"/><instruction code="STO T146, $254, 16"/><instruction code="LDA T1066, _putInt"/><instruction code="PUSHJ $15, T1066, 0"/><instruction code="OR T147, T1067, 0"/><instruction code="SETL  T1068, 0"/><instruction code="INCML T1068, 0"/><instruction code="INCMH T1068, 0"/><instruction code="INCH  T1068, 0"/><instruction code="OR T148, T1068, 0"/><instruction code="SETL  T1069, 10"/><instruction code="INCML T1069, 0"/><instruction code="INCMH T1069, 0"/><instruction code="INCH  T1069, 0"/><instruction code="OR T149, T1069, 0"/><instruction code="SETL  T1070, 256"/><instruction code="INCML T1070, 0"/><instruction code="INCMH T1070, 0"/><instruction code="INCH  T1070, 0"/><instruction code="OR T150, T1070, 0"/><instruction code="DIV T1071, T149, T150"/><instruction code="OR T1071, rR, 0"/><instruction code="OR T151, T1071, 0"/><instruction code="STO T148, $254, 8"/><instruction code="STO T151, $254, 16"/><instruction code="LDA T1072, _putChar"/><instruction code="PUSHJ $15, T1072, 0"/><instruction code="OR T152, T1073, 0"/><instruction code="OR T153, T6, 0"/><instruction code="SETL  T1074, 8"/><instruction code="INCML T1074, 0"/><instruction code="INCMH T1074, 0"/><instruction code="INCH  T1074, 0"/><instruction code="NEG T1074, 0, T1074"/><instruction code="OR T154, T1074, 0"/><instruction code="ADD T1075, T153, T154"/><instruction code="OR T155, T1075, 0"/><instruction code="LDO T1077, T1076, 0"/><instruction code="OR T156, T1077, 0"/><instruction code="SETL  T1078, 1"/><instruction code="INCML T1078, 0"/><instruction code="INCMH T1078, 0"/><instruction code="INCH  T1078, 0"/><instruction code="OR T157, T1078, 0"/><instruction code="ADD T1079, T156, T157"/><instruction code="OR T158, T1079, 0"/><instruction code="LDO T1083, T1082, 0"/><instruction code="STO T1083, T158, 0"/><instruction code="LDA T1084, L17"/><instruction code="GO T1084, T1084, 0"/><instruction code="L19"/><instruction code="SETL  T1085, 0"/><instruction code="INCML T1085, 0"/><instruction code="INCMH T1085, 0"/><instruction code="INCH  T1085, 0"/><instruction code="OR T159, T1085, 0"/><instruction code="LDA T1086, L20"/><instruction code="OR T160, T1086, 0"/><instruction code="STO T159, $254, 8"/><instruction code="STO T160, $254, 16"/><instruction code="LDA T1087, _putString"/><instruction code="PUSHJ $15, T1087, 0"/><instruction code="OR T161, T1088, 0"/><instruction code="SETL  T1089, 0"/><instruction code="INCML T1089, 0"/><instruction code="INCMH T1089, 0"/><instruction code="INCH  T1089, 0"/><instruction code="OR T162, T1089, 0"/><instruction code="SETL  T1090, 10"/><instruction code="INCML T1090, 0"/><instruction code="INCMH T1090, 0"/><instruction code="INCH  T1090, 0"/><instruction code="OR T163, T1090, 0"/><instruction code="SETL  T1091, 256"/><instruction code="INCML T1091, 0"/><instruction code="INCMH T1091, 0"/><instruction code="INCH  T1091, 0"/><instruction code="OR T164, T1091, 0"/><instruction code="DIV T1092, T163, T164"/><instruction code="OR T1092, rR, 0"/><instruction code="OR T165, T1092, 0"/><instruction code="STO T162, $254, 8"/><instruction code="STO T165, $254, 16"/><instruction code="LDA T1093, _putChar"/><instruction code="PUSHJ $15, T1093, 0"/><instruction code="OR T166, T1094, 0"/><instruction code="SETL  T1095, 1"/><instruction code="INCML T1095, 0"/><instruction code="INCMH T1095, 0"/><instruction code="INCH  T1095, 0"/><instruction code="OR T167, T1095, 0"/><instruction code="LDO T1099, T1098, 0"/><instruction code="STO T1099, T167, 0"/><instruction code="L22"/><instruction code="OR T168, T6, 0"/><instruction code="SETL  T1100, 8"/><instruction code="INCML T1100, 0"/><instruction code="INCMH T1100, 0"/><instruction code="INCH  T1100, 0"/><instruction code="NEG T1100, 0, T1100"/><instruction code="OR T169, T1100, 0"/><instruction code="ADD T1101, T168, T169"/><instruction code="OR T170, T1101, 0"/><instruction code="LDO T1103, T1102, 0"/><instruction code="OR T171, T1103, 0"/><instruction code="SETL  T1104, 10"/><instruction code="INCML T1104, 0"/><instruction code="INCMH T1104, 0"/><instruction code="INCH  T1104, 0"/><instruction code="OR T172, T1104, 0"/><instruction code="CMP T1105, T171, T172"/><instruction code="ZSNP T1105, T1105, 1"/><instruction code="OR T173, T1105, 0"/><instruction code="BNZ T173, L23"/><instruction code="L108"/><instruction code="LDA T1106, L24"/><instruction code="GO T1106, T1106, 0"/><instruction code="L23"/><instruction code="SETL  T1107, 0"/><instruction code="INCML T1107, 0"/><instruction code="INCMH T1107, 0"/><instruction code="INCH  T1107, 0"/><instruction code="OR T174, T1107, 0"/><instruction code="OR T175, T6, 0"/><instruction code="SETL  T1108, 8"/><instruction code="INCML T1108, 0"/><instruction code="INCMH T1108, 0"/><instruction code="INCH  T1108, 0"/><instruction code="NEG T1108, 0, T1108"/><instruction code="OR T176, T1108, 0"/><instruction code="ADD T1109, T175, T176"/><instruction code="OR T177, T1109, 0"/><instruction code="LDO T1111, T1110, 0"/><instruction code="OR T178, T1111, 0"/><instruction code="STO T174, $254, 8"/><instruction code="STO T178, $254, 16"/><instruction code="LDA T1112, _putInt"/><instruction code="PUSHJ $15, T1112, 0"/><instruction code="OR T179, T1113, 0"/><instruction code="SETL  T1114, 0"/><instruction code="INCML T1114, 0"/><instruction code="INCMH T1114, 0"/><instruction code="INCH  T1114, 0"/><instruction code="OR T180, T1114, 0"/><instruction code="LDA T1115, L21"/><instruction code="OR T181, T1115, 0"/><instruction code="STO T180, $254, 8"/><instruction code="STO T181, $254, 16"/><instruction code="LDA T1116, _putString"/><instruction code="PUSHJ $15, T1116, 0"/><instruction code="OR T182, T1117, 0"/><instruction code="SETL  T1118, 0"/><instruction code="INCML T1118, 0"/><instruction code="INCMH T1118, 0"/><instruction code="INCH  T1118, 0"/><instruction code="OR T183, T1118, 0"/><instruction code="SETL  T1119, 0"/><instruction code="INCML T1119, 0"/><instruction code="INCMH T1119, 0"/><instruction code="INCH  T1119, 0"/><instruction code="OR T184, T1119, 0"/><instruction code="OR T185, T6, 0"/><instruction code="SETL  T1120, 8"/><instruction code="INCML T1120, 0"/><instruction code="INCMH T1120, 0"/><instruction code="INCH  T1120, 0"/><instruction code="NEG T1120, 0, T1120"/><instruction code="OR T186, T1120, 0"/><instruction code="ADD T1121, T185, T186"/><instruction code="OR T187, T1121, 0"/><instruction code="LDO T1123, T1122, 0"/><instruction code="OR T188, T1123, 0"/><instruction code="STO T184, $254, 8"/><instruction code="STO T188, $254, 16"/><instruction code="LDA T1124, _fibRec"/><instruction code="PUSHJ $15, T1124, 0"/><instruction code="OR T189, T1125, 0"/><instruction code="STO T183, $254, 8"/><instruction code="STO T189, $254, 16"/><instruction code="LDA T1126, _putInt"/><instruction code="PUSHJ $15, T1126, 0"/><instruction code="OR T190, T1127, 0"/><instruction code="SETL  T1128, 0"/><instruction code="INCML T1128, 0"/><instruction code="INCMH T1128, 0"/><instruction code="INCH  T1128, 0"/><instruction code="OR T191, T1128, 0"/><instruction code="SETL  T1129, 10"/><instruction code="INCML T1129, 0"/><instruction code="INCMH T1129, 0"/><instruction code="INCH  T1129, 0"/><instruction code="OR T192, T1129, 0"/><instruction code="SETL  T1130, 256"/><instruction code="INCML T1130, 0"/><instruction code="INCMH T1130, 0"/><instruction code="INCH  T1130, 0"/><instruction code="OR T193, T1130, 0"/><instruction code="DIV T1131, T192, T193"/><instruction code="OR T1131, rR, 0"/><instruction code="OR T194, T1131, 0"/><instruction code="STO T191, $254, 8"/><instruction code="STO T194, $254, 16"/><instruction code="LDA T1132, _putChar"/><instruction code="PUSHJ $15, T1132, 0"/><instruction code="OR T195, T1133, 0"/><instruction code="OR T196, T6, 0"/><instruction code="SETL  T1134, 8"/><instruction code="INCML T1134, 0"/><instruction code="INCMH T1134, 0"/><instruction code="INCH  T1134, 0"/><instruction code="NEG T1134, 0, T1134"/><instruction code="OR T197, T1134, 0"/><instruction code="ADD T1135, T196, T197"/><instruction code="OR T198, T1135, 0"/><instruction code="LDO T1137, T1136, 0"/><instruction code="OR T199, T1137, 0"/><instruction code="SETL  T1138, 1"/><instruction code="INCML T1138, 0"/><instruction code="INCMH T1138, 0"/><instruction code="INCH  T1138, 0"/><instruction code="OR T200, T1138, 0"/><instruction code="ADD T1139, T199, T200"/><instruction code="OR T201, T1139, 0"/><instruction code="LDO T1143, T1142, 0"/><instruction code="STO T1143, T201, 0"/><instruction code="LDA T1144, L22"/><instruction code="GO T1144, T1144, 0"/><instruction code="L24"/><instruction code="SETL  T1145, 0"/><instruction code="INCML T1145, 0"/><instruction code="INCMH T1145, 0"/><instruction code="INCH  T1145, 0"/><instruction code="OR T202, T1145, 0"/><instruction code="LDA T1146, L25"/><instruction code="OR T203, T1146, 0"/><instruction code="STO T202, $254, 8"/><instruction code="STO T203, $254, 16"/><instruction code="LDA T1147, _putString"/><instruction code="PUSHJ $15, T1147, 0"/><instruction code="OR T204, T1148, 0"/><instruction code="SETL  T1149, 0"/><instruction code="INCML T1149, 0"/><instruction code="INCMH T1149, 0"/><instruction code="INCH  T1149, 0"/><instruction code="OR T205, T1149, 0"/><instruction code="SETL  T1150, 10"/><instruction code="INCML T1150, 0"/><instruction code="INCMH T1150, 0"/><instruction code="INCH  T1150, 0"/><instruction code="OR T206, T1150, 0"/><instruction code="SETL  T1151, 256"/><instruction code="INCML T1151, 0"/><instruction code="INCMH T1151, 0"/><instruction code="INCH  T1151, 0"/><instruction code="OR T207, T1151, 0"/><instruction code="DIV T1152, T206, T207"/><instruction code="OR T1152, rR, 0"/><instruction code="OR T208, T1152, 0"/><instruction code="STO T205, $254, 8"/><instruction code="STO T208, $254, 16"/><instruction code="LDA T1153, _putChar"/><instruction code="PUSHJ $15, T1153, 0"/><instruction code="OR T209, T1154, 0"/><instruction code="SETL  T1155, 0"/><instruction code="INCML T1155, 0"/><instruction code="INCMH T1155, 0"/><instruction code="INCH  T1155, 0"/><instruction code="OR T210, T1155, 0"/><instruction code="SETL  T1156, 4"/><instruction code="INCML T1156, 0"/><instruction code="INCMH T1156, 0"/><instruction code="INCH  T1156, 0"/><instruction code="OR T211, T1156, 0"/><instruction code="SETL  T1157, 3"/><instruction code="INCML T1157, 0"/><instruction code="INCMH T1157, 0"/><instruction code="INCH  T1157, 0"/><instruction code="OR T212, T1157, 0"/><instruction code="STO T210, $254, 8"/><instruction code="STO T211, $254, 16"/><instruction code="STO T212, $254, 24"/><instruction code="LDA T1158, _combs"/><instruction code="PUSHJ $15, T1158, 0"/><instruction code="OR T213, T1159, 0"/><instruction code="SETL  T1160, 0"/><instruction code="INCML T1160, 0"/><instruction code="INCMH T1160, 0"/><instruction code="INCH  T1160, 0"/><instruction code="OR T214, T1160, 0"/><instruction code="OR T7, T214, 0"/><instruction code="LDA T1161, L110"/><instruction code="GO T1161, T1161, 0"/></instructions></code><code entrylabel="L112" exitlabel="L113" tempsize="0"><frame FP="T8" RV="T9" argssize="0" depth="1" label="_facItr" locssize="8" size="24"/><instructions><instruction code="L112"/><instruction code="SETL  T1162, 1"/><instruction code="INCML T1162, 0"/><instruction code="INCMH T1162, 0"/><instruction code="INCH  T1162, 0"/><instruction code="OR T215, T1162, 0"/><instruction code="LDO T1166, T1165, 0"/><instruction code="STO T1166, T215, 0"/><instruction code="L26"/><instruction code="OR T216, T8, 0"/><instruction code="SETL  T1167, 8"/><instruction code="INCML T1167, 0"/><instruction code="INCMH T1167, 0"/><instruction code="INCH  T1167, 0"/><instruction code="OR T217, T1167, 0"/><instruction code="ADD T1168, T216, T217"/><instruction code="OR T218, T1168, 0"/><instruction code="LDO T1170, T1169, 0"/><instruction code="OR T219, T1170, 0"/><instruction code="SETL  T1171, 0"/><instruction code="INCML T1171, 0"/><instruction code="INCMH T1171, 0"/><instruction code="INCH  T1171, 0"/><instruction code="OR T220, T1171, 0"/><instruction code="CMP T1172, T219, T220"/><instruction code="ZSP T1172, T1172, 1"/><instruction code="OR T221, T1172, 0"/><instruction code="BNZ T221, L27"/><instruction code="L111"/><instruction code="LDA T1173, L28"/><instruction code="GO T1173, T1173, 0"/><instruction code="L27"/><instruction code="OR T222, T8, 0"/><instruction code="SETL  T1174, 8"/><instruction code="INCML T1174, 0"/><instruction code="INCMH T1174, 0"/><instruction code="INCH  T1174, 0"/><instruction code="NEG T1174, 0, T1174"/><instruction code="OR T223, T1174, 0"/><instruction code="ADD T1175, T222, T223"/><instruction code="OR T224, T1175, 0"/><instruction code="LDO T1177, T1176, 0"/><instruction code="OR T225, T1177, 0"/><instruction code="OR T226, T8, 0"/><instruction code="SETL  T1178, 8"/><instruction code="INCML T1178, 0"/><instruction code="INCMH T1178, 0"/><instruction code="INCH  T1178, 0"/><instruction code="OR T227, T1178, 0"/><instruction code="ADD T1179, T226, T227"/><instruction code="OR T228, T1179, 0"/><instruction code="LDO T1181, T1180, 0"/><instruction code="OR T229, T1181, 0"/><instruction code="MUL T1182, T225, T229"/><instruction code="OR T230, T1182, 0"/><instruction code="LDO T1186, T1185, 0"/><instruction code="STO T1186, T230, 0"/><instruction code="OR T231, T8, 0"/><instruction code="SETL  T1187, 8"/><instruction code="INCML T1187, 0"/><instruction code="INCMH T1187, 0"/><instruction code="INCH  T1187, 0"/><instruction code="OR T232, T1187, 0"/><instruction code="ADD T1188, T231, T232"/><instruction code="OR T233, T1188, 0"/><instruction code="LDO T1190, T1189, 0"/><instruction code="OR T234, T1190, 0"/><instruction code="SETL  T1191, 1"/><instruction code="INCML T1191, 0"/><instruction code="INCMH T1191, 0"/><instruction code="INCH  T1191, 0"/><instruction code="OR T235, T1191, 0"/><instruction code="SUB T1192, T234, T235"/><instruction code="OR T236, T1192, 0"/><instruction code="LDO T1196, T1195, 0"/><instruction code="STO T1196, T236, 0"/><instruction code="LDA T1197, L26"/><instruction code="GO T1197, T1197, 0"/><instruction code="L28"/><instruction code="OR T237, T8, 0"/><instruction code="SETL  T1198, 8"/><instruction code="INCML T1198, 0"/><instruction code="INCMH T1198, 0"/><instruction code="INCH  T1198, 0"/><instruction code="NEG T1198, 0, T1198"/><instruction code="OR T238, T1198, 0"/><instruction code="ADD T1199, T237, T238"/><instruction code="OR T239, T1199, 0"/><instruction code="LDO T1201, T1200, 0"/><instruction code="OR T240, T1201, 0"/><instruction code="OR T9, T240, 0"/><instruction code="LDA T1202, L113"/><instruction code="GO T1202, T1202, 0"/></instructions></code><code entrylabel="L115" exitlabel="L116" tempsize="0"><frame FP="T10" RV="T11" argssize="16" depth="1" label="_facRec" locssize="8" size="40"/><instructions><instruction code="L115"/><instruction code="OR T241, T10, 0"/><instruction code="SETL  T1203, 8"/><instruction code="INCML T1203, 0"/><instruction code="INCMH T1203, 0"/><instruction code="INCH  T1203, 0"/><instruction code="OR T242, T1203, 0"/><instruction code="ADD T1204, T241, T242"/><instruction code="OR T243, T1204, 0"/><instruction code="LDO T1206, T1205, 0"/><instruction code="OR T244, T1206, 0"/><instruction code="SETL  T1207, 1"/><instruction code="INCML T1207, 0"/><instruction code="INCMH T1207, 0"/><instruction code="INCH  T1207, 0"/><instruction code="OR T245, T1207, 0"/><instruction code="CMP T1208, T244, T245"/><instruction code="ZSZ T1208, T1208, 1"/><instruction code="OR T246, T1208, 0"/><instruction code="BNZ T246, L29"/><instruction code="L114"/><instruction code="LDA T1209, L30"/><instruction code="GO T1209, T1209, 0"/><instruction code="L29"/><instruction code="SETL  T1210, 1"/><instruction code="INCML T1210, 0"/><instruction code="INCMH T1210, 0"/><instruction code="INCH  T1210, 0"/><instruction code="OR T247, T1210, 0"/><instruction code="LDO T1214, T1213, 0"/><instruction code="STO T1214, T247, 0"/><instruction code="LDA T1215, L31"/><instruction code="GO T1215, T1215, 0"/><instruction code="L30"/><instruction code="OR T248, T10, 0"/><instruction code="SETL  T1216, 8"/><instruction code="INCML T1216, 0"/><instruction code="INCMH T1216, 0"/><instruction code="INCH  T1216, 0"/><instruction code="OR T249, T1216, 0"/><instruction code="ADD T1217, T248, T249"/><instruction code="OR T250, T1217, 0"/><instruction code="LDO T1219, T1218, 0"/><instruction code="OR T251, T1219, 0"/><instruction code="SETL  T1220, 0"/><instruction code="INCML T1220, 0"/><instruction code="INCMH T1220, 0"/><instruction code="INCH  T1220, 0"/><instruction code="OR T252, T1220, 0"/><instruction code="OR T253, T10, 0"/><instruction code="SETL  T1221, 8"/><instruction code="INCML T1221, 0"/><instruction code="INCMH T1221, 0"/><instruction code="INCH  T1221, 0"/><instruction code="OR T254, T1221, 0"/><instruction code="ADD T1222, T253, T254"/><instruction code="OR T255, T1222, 0"/><instruction code="LDO T1224, T1223, 0"/><instruction code="OR T256, T1224, 0"/><instruction code="SETL  T1225, 1"/><instruction code="INCML T1225, 0"/><instruction code="INCMH T1225, 0"/><instruction code="INCH  T1225, 0"/><instruction code="OR T257, T1225, 0"/><instruction code="SUB T1226, T256, T257"/><instruction code="OR T258, T1226, 0"/><instruction code="STO T252, $254, 8"/><instruction code="STO T258, $254, 16"/><instruction code="LDA T1227, _facRec"/><instruction code="PUSHJ $15, T1227, 0"/><instruction code="OR T259, T1228, 0"/><instruction code="MUL T1229, T251, T259"/><instruction code="OR T260, T1229, 0"/><instruction code="LDO T1233, T1232, 0"/><instruction code="STO T1233, T260, 0"/><instruction code="L31"/><instruction code="OR T261, T10, 0"/><instruction code="SETL  T1234, 8"/><instruction code="INCML T1234, 0"/><instruction code="INCMH T1234, 0"/><instruction code="INCH  T1234, 0"/><instruction code="NEG T1234, 0, T1234"/><instruction code="OR T262, T1234, 0"/><instruction code="ADD T1235, T261, T262"/><instruction code="OR T263, T1235, 0"/><instruction code="LDO T1237, T1236, 0"/><instruction code="OR T264, T1237, 0"/><instruction code="OR T11, T264, 0"/><instruction code="LDA T1238, L116"/><instruction code="GO T1238, T1238, 0"/></instructions></code><code entrylabel="L118" exitlabel="L119" tempsize="0"><frame FP="T12" RV="T13" argssize="0" depth="1" label="_fibItr" locssize="24" size="40"/><instructions><instruction code="L118"/><instruction code="SETL  T1239, 1"/><instruction code="INCML T1239, 0"/><instruction code="INCMH T1239, 0"/><instruction code="INCH  T1239, 0"/><instruction code="OR T265, T1239, 0"/><instruction code="LDO T1243, T1242, 0"/><instruction code="STO T1243, T265, 0"/><instruction code="SETL  T1244, 1"/><instruction code="INCML T1244, 0"/><instruction code="INCMH T1244, 0"/><instruction code="INCH  T1244, 0"/><instruction code="OR T266, T1244, 0"/><instruction code="LDO T1248, T1247, 0"/><instruction code="STO T1248, T266, 0"/><instruction code="SETL  T1249, 0"/><instruction code="INCML T1249, 0"/><instruction code="INCMH T1249, 0"/><instruction code="INCH  T1249, 0"/><instruction code="OR T267, T1249, 0"/><instruction code="LDO T1253, T1252, 0"/><instruction code="STO T1253, T267, 0"/><instruction code="L32"/><instruction code="OR T268, T12, 0"/><instruction code="SETL  T1254, 8"/><instruction code="INCML T1254, 0"/><instruction code="INCMH T1254, 0"/><instruction code="INCH  T1254, 0"/><instruction code="OR T269, T1254, 0"/><instruction code="ADD T1255, T268, T269"/><instruction code="OR T270, T1255, 0"/><instruction code="LDO T1257, T1256, 0"/><instruction code="OR T271, T1257, 0"/><instruction code="SETL  T1258, 1"/><instruction code="INCML T1258, 0"/><instruction code="INCMH T1258, 0"/><instruction code="INCH  T1258, 0"/><instruction code="OR T272, T1258, 0"/><instruction code="CMP T1259, T271, T272"/><instruction code="ZSP T1259, T1259, 1"/><instruction code="OR T273, T1259, 0"/><instruction code="BNZ T273, L33"/><instruction code="L117"/><instruction code="LDA T1260, L34"/><instruction code="GO T1260, T1260, 0"/><instruction code="L33"/><instruction code="OR T274, T12, 0"/><instruction code="SETL  T1261, 16"/><instruction code="INCML T1261, 0"/><instruction code="INCMH T1261, 0"/><instruction code="INCH  T1261, 0"/><instruction code="NEG T1261, 0, T1261"/><instruction code="OR T275, T1261, 0"/><instruction code="ADD T1262, T274, T275"/><instruction code="OR T276, T1262, 0"/><instruction code="LDO T1264, T1263, 0"/><instruction code="OR T277, T1264, 0"/><instruction code="OR T278, T12, 0"/><instruction code="SETL  T1265, 24"/><instruction code="INCML T1265, 0"/><instruction code="INCMH T1265, 0"/><instruction code="INCH  T1265, 0"/><instruction code="NEG T1265, 0, T1265"/><instruction code="OR T279, T1265, 0"/><instruction code="ADD T1266, T278, T279"/><instruction code="OR T280, T1266, 0"/><instruction code="LDO T1268, T1267, 0"/><instruction code="OR T281, T1268, 0"/><instruction code="ADD T1269, T277, T281"/><instruction code="OR T282, T1269, 0"/><instruction code="LDO T1273, T1272, 0"/><instruction code="STO T1273, T282, 0"/><instruction code="OR T283, T12, 0"/><instruction code="SETL  T1274, 16"/><instruction code="INCML T1274, 0"/><instruction code="INCMH T1274, 0"/><instruction code="INCH  T1274, 0"/><instruction code="NEG T1274, 0, T1274"/><instruction code="OR T284, T1274, 0"/><instruction code="ADD T1275, T283, T284"/><instruction code="OR T285, T1275, 0"/><instruction code="LDO T1277, T1276, 0"/><instruction code="OR T286, T1277, 0"/><instruction code="LDO T1281, T1280, 0"/><instruction code="STO T1281, T286, 0"/><instruction code="OR T287, T12, 0"/><instruction code="SETL  T1282, 8"/><instruction code="INCML T1282, 0"/><instruction code="INCMH T1282, 0"/><instruction code="INCH  T1282, 0"/><instruction code="NEG T1282, 0, T1282"/><instruction code="OR T288, T1282, 0"/><instruction code="ADD T1283, T287, T288"/><instruction code="OR T289, T1283, 0"/><instruction code="LDO T1285, T1284, 0"/><instruction code="OR T290, T1285, 0"/><instruction code="LDO T1289, T1288, 0"/><instruction code="STO T1289, T290, 0"/><instruction code="OR T291, T12, 0"/><instruction code="SETL  T1290, 8"/><instruction code="INCML T1290, 0"/><instruction code="INCMH T1290, 0"/><instruction code="INCH  T1290, 0"/><instruction code="OR T292, T1290, 0"/><instruction code="ADD T1291, T291, T292"/><instruction code="OR T293, T1291, 0"/><instruction code="LDO T1293, T1292, 0"/><instruction code="OR T294, T1293, 0"/><instruction code="SETL  T1294, 1"/><instruction code="INCML T1294, 0"/><instruction code="INCMH T1294, 0"/><instruction code="INCH  T1294, 0"/><instruction code="OR T295, T1294, 0"/><instruction code="SUB T1295, T294, T295"/><instruction code="OR T296, T1295, 0"/><instruction code="LDO T1299, T1298, 0"/><instruction code="STO T1299, T296, 0"/><instruction code="LDA T1300, L32"/><instruction code="GO T1300, T1300, 0"/><instruction code="L34"/><instruction code="OR T297, T12, 0"/><instruction code="SETL  T1301, 8"/><instruction code="INCML T1301, 0"/><instruction code="INCMH T1301, 0"/><instruction code="INCH  T1301, 0"/><instruction code="NEG T1301, 0, T1301"/><instruction code="OR T298, T1301, 0"/><instruction code="ADD T1302, T297, T298"/><instruction code="OR T299, T1302, 0"/><instruction code="LDO T1304, T1303, 0"/><instruction code="OR T300, T1304, 0"/><instruction code="OR T13, T300, 0"/><instruction code="LDA T1305, L119"/><instruction code="GO T1305, T1305, 0"/></instructions></code><code entrylabel="L121" exitlabel="L122" tempsize="0"><frame FP="T14" RV="T15" argssize="16" depth="1" label="_fibRec" locssize="8" size="40"/><instructions><instruction code="L121"/><instruction code="OR T301, T14, 0"/><instruction code="SETL  T1306, 8"/><instruction code="INCML T1306, 0"/><instruction code="INCMH T1306, 0"/><instruction code="INCH  T1306, 0"/><instruction code="OR T302, T1306, 0"/><instruction code="ADD T1307, T301, T302"/><instruction code="OR T303, T1307, 0"/><instruction code="LDO T1309, T1308, 0"/><instruction code="OR T304, T1309, 0"/><instruction code="SETL  T1310, 2"/><instruction code="INCML T1310, 0"/><instruction code="INCMH T1310, 0"/><instruction code="INCH  T1310, 0"/><instruction code="OR T305, T1310, 0"/><instruction code="CMP T1311, T304, T305"/><instruction code="ZSNP T1311, T1311, 1"/><instruction code="OR T306, T1311, 0"/><instruction code="BNZ T306, L35"/><instruction code="L120"/><instruction code="LDA T1312, L36"/><instruction code="GO T1312, T1312, 0"/><instruction code="L35"/><instruction code="SETL  T1313, 1"/><instruction code="INCML T1313, 0"/><instruction code="INCMH T1313, 0"/><instruction code="INCH  T1313, 0"/><instruction code="OR T307, T1313, 0"/><instruction code="LDO T1317, T1316, 0"/><instruction code="STO T1317, T307, 0"/><instruction code="LDA T1318, L37"/><instruction code="GO T1318, T1318, 0"/><instruction code="L36"/><instruction code="SETL  T1319, 0"/><instruction code="INCML T1319, 0"/><instruction code="INCMH T1319, 0"/><instruction code="INCH  T1319, 0"/><instruction code="OR T308, T1319, 0"/><instruction code="OR T309, T14, 0"/><instruction code="SETL  T1320, 8"/><instruction code="INCML T1320, 0"/><instruction code="INCMH T1320, 0"/><instruction code="INCH  T1320, 0"/><instruction code="OR T310, T1320, 0"/><instruction code="ADD T1321, T309, T310"/><instruction code="OR T311, T1321, 0"/><instruction code="LDO T1323, T1322, 0"/><instruction code="OR T312, T1323, 0"/><instruction code="SETL  T1324, 1"/><instruction code="INCML T1324, 0"/><instruction code="INCMH T1324, 0"/><instruction code="INCH  T1324, 0"/><instruction code="OR T313, T1324, 0"/><instruction code="SUB T1325, T312, T313"/><instruction code="OR T314, T1325, 0"/><instruction code="STO T308, $254, 8"/><instruction code="STO T314, $254, 16"/><instruction code="LDA T1326, _fibRec"/><instruction code="PUSHJ $15, T1326, 0"/><instruction code="OR T315, T1327, 0"/><instruction code="SETL  T1328, 0"/><instruction code="INCML T1328, 0"/><instruction code="INCMH T1328, 0"/><instruction code="INCH  T1328, 0"/><instruction code="OR T316, T1328, 0"/><instruction code="OR T317, T14, 0"/><instruction code="SETL  T1329, 8"/><instruction code="INCML T1329, 0"/><instruction code="INCMH T1329, 0"/><instruction code="INCH  T1329, 0"/><instruction code="OR T318, T1329, 0"/><instruction code="ADD T1330, T317, T318"/><instruction code="OR T319, T1330, 0"/><instruction code="LDO T1332, T1331, 0"/><instruction code="OR T320, T1332, 0"/><instruction code="SETL  T1333, 2"/><instruction code="INCML T1333, 0"/><instruction code="INCMH T1333, 0"/><instruction code="INCH  T1333, 0"/><instruction code="OR T321, T1333, 0"/><instruction code="SUB T1334, T320, T321"/><instruction code="OR T322, T1334, 0"/><instruction code="STO T316, $254, 8"/><instruction code="STO T322, $254, 16"/><instruction code="LDA T1335, _fibRec"/><instruction code="PUSHJ $15, T1335, 0"/><instruction code="OR T323, T1336, 0"/><instruction code="ADD T1337, T315, T323"/><instruction code="OR T324, T1337, 0"/><instruction code="LDO T1341, T1340, 0"/><instruction code="STO T1341, T324, 0"/><instruction code="L37"/><instruction code="OR T325, T14, 0"/><instruction code="SETL  T1342, 8"/><instruction code="INCML T1342, 0"/><instruction code="INCMH T1342, 0"/><instruction code="INCH  T1342, 0"/><instruction code="NEG T1342, 0, T1342"/><instruction code="OR T326, T1342, 0"/><instruction code="ADD T1343, T325, T326"/><instruction code="OR T327, T1343, 0"/><instruction code="LDO T1345, T1344, 0"/><instruction code="OR T328, T1345, 0"/><instruction code="OR T15, T328, 0"/><instruction code="LDA T1346, L122"/><instruction code="GO T1346, T1346, 0"/></instructions></code><code entrylabel="L126" exitlabel="L127" tempsize="0"><frame FP="T18" RV="T19" argssize="16" depth="2" label="L0" locssize="8" size="40"/><instructions><instruction code="L126"/><instruction code="OR T329, T18, 0"/><instruction code="SETL  T1347, 8"/><instruction code="INCML T1347, 0"/><instruction code="INCMH T1347, 0"/><instruction code="INCH  T1347, 0"/><instruction code="OR T330, T1347, 0"/><instruction code="ADD T1348, T329, T330"/><instruction code="OR T331, T1348, 0"/><instruction code="LDO T1350, T1349, 0"/><instruction code="OR T332, T1350, 0"/><instruction code="OR T333, T18, 0"/><instruction code="LDO T1352, T1351, 0"/><instruction code="OR T334, T1352, 0"/><instruction code="SETL  T1353, 8"/><instruction code="INCML T1353, 0"/><instruction code="INCMH T1353, 0"/><instruction code="INCH  T1353, 0"/><instruction code="OR T335, T1353, 0"/><instruction code="ADD T1354, T334, T335"/><instruction code="OR T336, T1354, 0"/><instruction code="LDO T1356, T1355, 0"/><instruction code="OR T337, T1356, 0"/><instruction code="CMP T1357, T332, T337"/><instruction code="ZSZ T1357, T1357, 1"/><instruction code="OR T338, T1357, 0"/><instruction code="BNZ T338, L44"/><instruction code="L123"/><instruction code="LDA T1358, L45"/><instruction code="GO T1358, T1358, 0"/><instruction code="L44"/><instruction code="SETL  T1359, 0"/><instruction code="INCML T1359, 0"/><instruction code="INCMH T1359, 0"/><instruction code="INCH  T1359, 0"/><instruction code="OR T339, T1359, 0"/><instruction code="LDO T1363, T1362, 0"/><instruction code="STO T1363, T339, 0"/><instruction code="L38"/><instruction code="OR T340, T18, 0"/><instruction code="SETL  T1364, 8"/><instruction code="INCML T1364, 0"/><instruction code="INCMH T1364, 0"/><instruction code="INCH  T1364, 0"/><instruction code="NEG T1364, 0, T1364"/><instruction code="OR T341, T1364, 0"/><instruction code="ADD T1365, T340, T341"/><instruction code="OR T342, T1365, 0"/><instruction code="LDO T1367, T1366, 0"/><instruction code="OR T343, T1367, 0"/><instruction code="OR T344, T18, 0"/><instruction code="LDO T1369, T1368, 0"/><instruction code="OR T345, T1369, 0"/><instruction code="SETL  T1370, 8"/><instruction code="INCML T1370, 0"/><instruction code="INCMH T1370, 0"/><instruction code="INCH  T1370, 0"/><instruction code="OR T346, T1370, 0"/><instruction code="ADD T1371, T345, T346"/><instruction code="OR T347, T1371, 0"/><instruction code="LDO T1373, T1372, 0"/><instruction code="OR T348, T1373, 0"/><instruction code="CMP T1374, T343, T348"/><instruction code="ZSN T1374, T1374, 1"/><instruction code="OR T349, T1374, 0"/><instruction code="BNZ T349, L39"/><instruction code="L124"/><instruction code="LDA T1375, L40"/><instruction code="GO T1375, T1375, 0"/><instruction code="L39"/><instruction code="SETL  T1376, 0"/><instruction code="INCML T1376, 0"/><instruction code="INCMH T1376, 0"/><instruction code="INCH  T1376, 0"/><instruction code="OR T350, T1376, 0"/><instruction code="OR T351, T18, 0"/><instruction code="LDO T1378, T1377, 0"/><instruction code="OR T352, T1378, 0"/><instruction code="SETL  T1379, 800"/><instruction code="INCML T1379, 0"/><instruction code="INCMH T1379, 0"/><instruction code="INCH  T1379, 0"/><instruction code="NEG T1379, 0, T1379"/><instruction code="OR T353, T1379, 0"/><instruction code="ADD T1380, T352, T353"/><instruction code="OR T354, T1380, 0"/><instruction code="OR T355, T18, 0"/><instruction code="SETL  T1381, 8"/><instruction code="INCML T1381, 0"/><instruction code="INCMH T1381, 0"/><instruction code="INCH  T1381, 0"/><instruction code="NEG T1381, 0, T1381"/><instruction code="OR T356, T1381, 0"/><instruction code="ADD T1382, T355, T356"/><instruction code="OR T357, T1382, 0"/><instruction code="LDO T1384, T1383, 0"/><instruction code="OR T358, T1384, 0"/><instruction code="SETL  T1385, 8"/><instruction code="INCML T1385, 0"/><instruction code="INCMH T1385, 0"/><instruction code="INCH  T1385, 0"/><instruction code="OR T359, T1385, 0"/><instruction code="MUL T1386, T358, T359"/><instruction code="OR T360, T1386, 0"/><instruction code="ADD T1387, T354, T360"/><instruction code="OR T361, T1387, 0"/><instruction code="LDO T1389, T1388, 0"/><instruction code="OR T362, T1389, 0"/><instruction code="STO T350, $254, 8"/><instruction code="STO T362, $254, 16"/><instruction code="LDA T1390, _putInt"/><instruction code="PUSHJ $15, T1390, 0"/><instruction code="OR T363, T1391, 0"/><instruction code="SETL  T1392, 0"/><instruction code="INCML T1392, 0"/><instruction code="INCMH T1392, 0"/><instruction code="INCH  T1392, 0"/><instruction code="OR T364, T1392, 0"/><instruction code="SETL  T1393, 32"/><instruction code="INCML T1393, 0"/><instruction code="INCMH T1393, 0"/><instruction code="INCH  T1393, 0"/><instruction code="OR T365, T1393, 0"/><instruction code="STO T364, $254, 8"/><instruction code="STO T365, $254, 16"/><instruction code="LDA T1394, _putChar"/><instruction code="PUSHJ $15, T1394, 0"/><instruction code="OR T366, T1395, 0"/><instruction code="OR T367, T18, 0"/><instruction code="SETL  T1396, 8"/><instruction code="INCML T1396, 0"/><instruction code="INCMH T1396, 0"/><instruction code="INCH  T1396, 0"/><instruction code="NEG T1396, 0, T1396"/><instruction code="OR T368, T1396, 0"/><instruction code="ADD T1397, T367, T368"/><instruction code="OR T369, T1397, 0"/><instruction code="LDO T1399, T1398, 0"/><instruction code="OR T370, T1399, 0"/><instruction code="SETL  T1400, 1"/><instruction code="INCML T1400, 0"/><instruction code="INCMH T1400, 0"/><instruction code="INCH  T1400, 0"/><instruction code="OR T371, T1400, 0"/><instruction code="ADD T1401, T370, T371"/><instruction code="OR T372, T1401, 0"/><instruction code="LDO T1405, T1404, 0"/><instruction code="STO T1405, T372, 0"/><instruction code="LDA T1406, L38"/><instruction code="GO T1406, T1406, 0"/><instruction code="L40"/><instruction code="SETL  T1407, 0"/><instruction code="INCML T1407, 0"/><instruction code="INCMH T1407, 0"/><instruction code="INCH  T1407, 0"/><instruction code="OR T373, T1407, 0"/><instruction code="SETL  T1408, 10"/><instruction code="INCML T1408, 0"/><instruction code="INCMH T1408, 0"/><instruction code="INCH  T1408, 0"/><instruction code="OR T374, T1408, 0"/><instruction code="SETL  T1409, 256"/><instruction code="INCML T1409, 0"/><instruction code="INCMH T1409, 0"/><instruction code="INCH  T1409, 0"/><instruction code="OR T375, T1409, 0"/><instruction code="DIV T1410, T374, T375"/><instruction code="OR T1410, rR, 0"/><instruction code="OR T376, T1410, 0"/><instruction code="STO T373, $254, 8"/><instruction code="STO T376, $254, 16"/><instruction code="LDA T1411, _putChar"/><instruction code="PUSHJ $15, T1411, 0"/><instruction code="OR T377, T1412, 0"/><instruction code="LDA T1413, L46"/><instruction code="GO T1413, T1413, 0"/><instruction code="L45"/><instruction code="SETL  T1414, 1"/><instruction code="INCML T1414, 0"/><instruction code="INCMH T1414, 0"/><instruction code="INCH  T1414, 0"/><instruction code="OR T378, T1414, 0"/><instruction code="LDO T1418, T1417, 0"/><instruction code="STO T1418, T378, 0"/><instruction code="L41"/><instruction code="OR T379, T18, 0"/><instruction code="SETL  T1419, 8"/><instruction code="INCML T1419, 0"/><instruction code="INCMH T1419, 0"/><instruction code="INCH  T1419, 0"/><instruction code="NEG T1419, 0, T1419"/><instruction code="OR T380, T1419, 0"/><instruction code="ADD T1420, T379, T380"/><instruction code="OR T381, T1420, 0"/><instruction code="LDO T1422, T1421, 0"/><instruction code="OR T382, T1422, 0"/><instruction code="OR T383, T18, 0"/><instruction code="LDO T1424, T1423, 0"/><instruction code="OR T384, T1424, 0"/><instruction code="SETL  T1425, 16"/><instruction code="INCML T1425, 0"/><instruction code="INCMH T1425, 0"/><instruction code="INCH  T1425, 0"/><instruction code="OR T385, T1425, 0"/><instruction code="ADD T1426, T384, T385"/><instruction code="OR T386, T1426, 0"/><instruction code="LDO T1428, T1427, 0"/><instruction code="OR T387, T1428, 0"/><instruction code="CMP T1429, T382, T387"/><instruction code="ZSNP T1429, T1429, 1"/><instruction code="OR T388, T1429, 0"/><instruction code="BNZ T388, L42"/><instruction code="L125"/><instruction code="LDA T1430, L43"/><instruction code="GO T1430, T1430, 0"/><instruction code="L42"/><instruction code="OR T389, T18, 0"/><instruction code="SETL  T1431, 8"/><instruction code="INCML T1431, 0"/><instruction code="INCMH T1431, 0"/><instruction code="INCH  T1431, 0"/><instruction code="NEG T1431, 0, T1431"/><instruction code="OR T390, T1431, 0"/><instruction code="ADD T1432, T389, T390"/><instruction code="OR T391, T1432, 0"/><instruction code="LDO T1434, T1433, 0"/><instruction code="OR T392, T1434, 0"/><instruction code="LDO T1447, T1446, 0"/><instruction code="STO T1447, T392, 0"/><instruction code="OR T393, T18, 0"/><instruction code="SETL  T1448, 8"/><instruction code="INCML T1448, 0"/><instruction code="INCMH T1448, 0"/><instruction code="INCH  T1448, 0"/><instruction code="NEG T1448, 0, T1448"/><instruction code="OR T394, T1448, 0"/><instruction code="ADD T1449, T393, T394"/><instruction code="OR T395, T1449, 0"/><instruction code="LDO T1451, T1450, 0"/><instruction code="OR T396, T1451, 0"/><instruction code="SETL  T1452, 1"/><instruction code="INCML T1452, 0"/><instruction code="INCMH T1452, 0"/><instruction code="INCH  T1452, 0"/><instruction code="OR T397, T1452, 0"/><instruction code="ADD T1453, T396, T397"/><instruction code="OR T398, T1453, 0"/><instruction code="LDO T1457, T1456, 0"/><instruction code="STO T1457, T398, 0"/><instruction code="LDO T1459, T1458, 0"/><instruction code="OR T399, T1459, 0"/><instruction code="OR T400, T18, 0"/><instruction code="SETL  T1460, 8"/><instruction code="INCML T1460, 0"/><instruction code="INCMH T1460, 0"/><instruction code="INCH  T1460, 0"/><instruction code="OR T401, T1460, 0"/><instruction code="ADD T1461, T400, T401"/><instruction code="OR T402, T1461, 0"/><instruction code="LDO T1463, T1462, 0"/><instruction code="OR T403, T1463, 0"/><instruction code="SETL  T1464, 1"/><instruction code="INCML T1464, 0"/><instruction code="INCMH T1464, 0"/><instruction code="INCH  T1464, 0"/><instruction code="OR T404, T1464, 0"/><instruction code="ADD T1465, T403, T404"/><instruction code="OR T405, T1465, 0"/><instruction code="STO T399, $254, 8"/><instruction code="STO T405, $254, 16"/><instruction code="LDA T1466, L0"/><instruction code="PUSHJ $15, T1466, 0"/><instruction code="OR T406, T1467, 0"/><instruction code="LDA T1468, L41"/><instruction code="GO T1468, T1468, 0"/><instruction code="L43"/><instruction code="L46"/><instruction code="SETL  T1469, 0"/><instruction code="INCML T1469, 0"/><instruction code="INCMH T1469, 0"/><instruction code="INCH  T1469, 0"/><instruction code="OR T407, T1469, 0"/><instruction code="OR T19, T407, 0"/><instruction code="LDA T1470, L127"/><instruction code="GO T1470, T1470, 0"/></instructions></code><code entrylabel="L129" exitlabel="L130" tempsize="0"><frame FP="T16" RV="T17" argssize="16" depth="1" label="_combs" locssize="808" size="840"/><instructions><instruction code="L129"/><instruction code="SETL  T1471, 0"/><instruction code="INCML T1471, 0"/><instruction code="INCMH T1471, 0"/><instruction code="INCH  T1471, 0"/><instruction code="OR T408, T1471, 0"/><instruction code="LDO T1475, T1474, 0"/><instruction code="STO T1475, T408, 0"/><instruction code="L47"/><instruction code="OR T409, T16, 0"/><instruction code="SETL  T1476, 808"/><instruction code="INCML T1476, 0"/><instruction code="INCMH T1476, 0"/><instruction code="INCH  T1476, 0"/><instruction code="NEG T1476, 0, T1476"/><instruction code="OR T410, T1476, 0"/><instruction code="ADD T1477, T409, T410"/><instruction code="OR T411, T1477, 0"/><instruction code="LDO T1479, T1478, 0"/><instruction code="OR T412, T1479, 0"/><instruction code="SETL  T1480, 100"/><instruction code="INCML T1480, 0"/><instruction code="INCMH T1480, 0"/><instruction code="INCH  T1480, 0"/><instruction code="OR T413, T1480, 0"/><instruction code="CMP T1481, T412, T413"/><instruction code="ZSN T1481, T1481, 1"/><instruction code="OR T414, T1481, 0"/><instruction code="BNZ T414, L48"/><instruction code="L128"/><instruction code="LDA T1482, L49"/><instruction code="GO T1482, T1482, 0"/><instruction code="L48"/><instruction code="SETL  T1483, 0"/><instruction code="INCML T1483, 0"/><instruction code="INCMH T1483, 0"/><instruction code="INCH  T1483, 0"/><instruction code="OR T415, T1483, 0"/><instruction code="LDO T1494, T1493, 0"/><instruction code="STO T1494, T415, 0"/><instruction code="OR T416, T16, 0"/><instruction code="SETL  T1495, 808"/><instruction code="INCML T1495, 0"/><instruction code="INCMH T1495, 0"/><instruction code="INCH  T1495, 0"/><instruction code="NEG T1495, 0, T1495"/><instruction code="OR T417, T1495, 0"/><instruction code="ADD T1496, T416, T417"/><instruction code="OR T418, T1496, 0"/><instruction code="LDO T1498, T1497, 0"/><instruction code="OR T419, T1498, 0"/><instruction code="SETL  T1499, 1"/><instruction code="INCML T1499, 0"/><instruction code="INCMH T1499, 0"/><instruction code="INCH  T1499, 0"/><instruction code="OR T420, T1499, 0"/><instruction code="ADD T1500, T419, T420"/><instruction code="OR T421, T1500, 0"/><instruction code="LDO T1504, T1503, 0"/><instruction code="STO T1504, T421, 0"/><instruction code="LDA T1505, L47"/><instruction code="GO T1505, T1505, 0"/><instruction code="L49"/><instruction code="OR T422, T16, 0"/><instruction code="SETL  T1506, 0"/><instruction code="INCML T1506, 0"/><instruction code="INCMH T1506, 0"/><instruction code="INCH  T1506, 0"/><instruction code="OR T423, T1506, 0"/><instruction code="STO T422, $254, 8"/><instruction code="STO T423, $254, 16"/><instruction code="LDA T1507, L0"/><instruction code="PUSHJ $15, T1507, 0"/><instruction code="OR T424, T1508, 0"/><instruction code="SETL  T1509, 0"/><instruction code="INCML T1509, 0"/><instruction code="INCMH T1509, 0"/><instruction code="INCH  T1509, 0"/><instruction code="OR T425, T1509, 0"/><instruction code="OR T17, T425, 0"/><instruction code="LDA T1510, L130"/><instruction code="GO T1510, T1510, 0"/></instructions></code><code entrylabel="L135" exitlabel="L136" tempsize="0"><frame FP="T22" RV="T23" argssize="0" depth="2" label="L1" locssize="96" size="112"/><instructions><instruction code="L135"/><instruction code="SETL  T1511, 1"/><instruction code="INCML T1511, 0"/><instruction code="INCMH T1511, 0"/><instruction code="INCH  T1511, 0"/><instruction code="OR T426, T1511, 0"/><instruction code="LDO T1515, T1514, 0"/><instruction code="STO T1515, T426, 0"/><instruction code="SETL  T1516, 1"/><instruction code="INCML T1516, 0"/><instruction code="INCMH T1516, 0"/><instruction code="INCH  T1516, 0"/><instruction code="OR T427, T1516, 0"/><instruction code="LDO T1520, T1519, 0"/><instruction code="STO T1520, T427, 0"/><instruction code="L50"/><instruction code="OR T428, T22, 0"/><instruction code="SETL  T1521, 88"/><instruction code="INCML T1521, 0"/><instruction code="INCMH T1521, 0"/><instruction code="INCH  T1521, 0"/><instruction code="NEG T1521, 0, T1521"/><instruction code="OR T429, T1521, 0"/><instruction code="ADD T1522, T428, T429"/><instruction code="OR T430, T1522, 0"/><instruction code="LDO T1524, T1523, 0"/><instruction code="OR T431, T1524, 0"/><instruction code="SETL  T1525, 9"/><instruction code="INCML T1525, 0"/><instruction code="INCMH T1525, 0"/><instruction code="INCH  T1525, 0"/><instruction code="OR T432, T1525, 0"/><instruction code="CMP T1526, T431, T432"/><instruction code="ZSNP T1526, T1526, 1"/><instruction code="OR T433, T1526, 0"/><instruction code="BNZ T433, L51"/><instruction code="L131"/><instruction code="LDA T1527, L52"/><instruction code="GO T1527, T1527, 0"/><instruction code="L51"/><instruction code="SETL  T1528, 0"/><instruction code="INCML T1528, 0"/><instruction code="INCMH T1528, 0"/><instruction code="INCH  T1528, 0"/><instruction code="OR T434, T1528, 0"/><instruction code="LDO T1539, T1538, 0"/><instruction code="STO T1539, T434, 0"/><instruction code="OR T435, T22, 0"/><instruction code="SETL  T1540, 88"/><instruction code="INCML T1540, 0"/><instruction code="INCMH T1540, 0"/><instruction code="INCH  T1540, 0"/><instruction code="NEG T1540, 0, T1540"/><instruction code="OR T436, T1540, 0"/><instruction code="ADD T1541, T435, T436"/><instruction code="OR T437, T1541, 0"/><instruction code="LDO T1543, T1542, 0"/><instruction code="OR T438, T1543, 0"/><instruction code="SETL  T1544, 1"/><instruction code="INCML T1544, 0"/><instruction code="INCMH T1544, 0"/><instruction code="INCH  T1544, 0"/><instruction code="OR T439, T1544, 0"/><instruction code="ADD T1545, T438, T439"/><instruction code="OR T440, T1545, 0"/><instruction code="LDO T1549, T1548, 0"/><instruction code="STO T1549, T440, 0"/><instruction code="LDA T1550, L50"/><instruction code="GO T1550, T1550, 0"/><instruction code="L52"/><instruction code="SETL  T1551, 0"/><instruction code="INCML T1551, 0"/><instruction code="INCMH T1551, 0"/><instruction code="INCH  T1551, 0"/><instruction code="OR T441, T1551, 0"/><instruction code="LDO T1555, T1554, 0"/><instruction code="STO T1555, T441, 0"/><instruction code="L58"/><instruction code="OR T442, T22, 0"/><instruction code="SETL  T1556, 88"/><instruction code="INCML T1556, 0"/><instruction code="INCMH T1556, 0"/><instruction code="INCH  T1556, 0"/><instruction code="NEG T1556, 0, T1556"/><instruction code="OR T443, T1556, 0"/><instruction code="ADD T1557, T442, T443"/><instruction code="OR T444, T1557, 0"/><instruction code="LDO T1559, T1558, 0"/><instruction code="OR T445, T1559, 0"/><instruction code="SETL  T1560, 9"/><instruction code="INCML T1560, 0"/><instruction code="INCMH T1560, 0"/><instruction code="INCH  T1560, 0"/><instruction code="OR T446, T1560, 0"/><instruction code="CMP T1561, T445, T446"/><instruction code="ZSN T1561, T1561, 1"/><instruction code="OR T447, T1561, 0"/><instruction code="BNZ T447, L59"/><instruction code="L132"/><instruction code="LDA T1562, L60"/><instruction code="GO T1562, T1562, 0"/><instruction code="L59"/><instruction code="OR T448, T22, 0"/><instruction code="LDO T1564, T1563, 0"/><instruction code="OR T449, T1564, 0"/><instruction code="SETL  T1565, 8"/><instruction code="INCML T1565, 0"/><instruction code="INCMH T1565, 0"/><instruction code="INCH  T1565, 0"/><instruction code="OR T450, T1565, 0"/><instruction code="ADD T1566, T449, T450"/><instruction code="OR T451, T1566, 0"/><instruction code="LDO T1568, T1567, 0"/><instruction code="OR T452, T1568, 0"/><instruction code="OR T453, T22, 0"/><instruction code="SETL  T1569, 8"/><instruction code="INCML T1569, 0"/><instruction code="INCMH T1569, 0"/><instruction code="INCH  T1569, 0"/><instruction code="OR T454, T1569, 0"/><instruction code="ADD T1570, T453, T454"/><instruction code="OR T455, T1570, 0"/><instruction code="LDO T1572, T1571, 0"/><instruction code="OR T456, T1572, 0"/><instruction code="SETL  T1573, 72"/><instruction code="INCML T1573, 0"/><instruction code="INCMH T1573, 0"/><instruction code="INCH  T1573, 0"/><instruction code="OR T457, T1573, 0"/><instruction code="MUL T1574, T456, T457"/><instruction code="OR T458, T1574, 0"/><instruction code="ADD T1575, T452, T458"/><instruction code="OR T459, T1575, 0"/><instruction code="OR T460, T22, 0"/><instruction code="SETL  T1576, 88"/><instruction code="INCML T1576, 0"/><instruction code="INCMH T1576, 0"/><instruction code="INCH  T1576, 0"/><instruction code="NEG T1576, 0, T1576"/><instruction code="OR T461, T1576, 0"/><instruction code="ADD T1577, T460, T461"/><instruction code="OR T462, T1577, 0"/><instruction code="LDO T1579, T1578, 0"/><instruction code="OR T463, T1579, 0"/><instruction code="SETL  T1580, 8"/><instruction code="INCML T1580, 0"/><instruction code="INCMH T1580, 0"/><instruction code="INCH  T1580, 0"/><instruction code="OR T464, T1580, 0"/><instruction code="MUL T1581, T463, T464"/><instruction code="OR T465, T1581, 0"/><instruction code="ADD T1582, T459, T465"/><instruction code="OR T466, T1582, 0"/><instruction code="LDO T1584, T1583, 0"/><instruction code="OR T467, T1584, 0"/><instruction code="SETL  T1585, 0"/><instruction code="INCML T1585, 0"/><instruction code="INCMH T1585, 0"/><instruction code="INCH  T1585, 0"/><instruction code="OR T468, T1585, 0"/><instruction code="CMP T1586, T467, T468"/><instruction code="ZSNZ T1586, T1586, 1"/><instruction code="OR T469, T1586, 0"/><instruction code="BNZ T469, L56"/><instruction code="L133"/><instruction code="LDA T1587, L57"/><instruction code="GO T1587, T1587, 0"/><instruction code="L56"/><instruction code="OR T470, T22, 0"/><instruction code="SETL  T1588, 80"/><instruction code="INCML T1588, 0"/><instruction code="INCMH T1588, 0"/><instruction code="INCH  T1588, 0"/><instruction code="NEG T1588, 0, T1588"/><instruction code="OR T471, T1588, 0"/><instruction code="ADD T1589, T470, T471"/><instruction code="OR T472, T1589, 0"/><instruction code="OR T473, T22, 0"/><instruction code="LDO T1591, T1590, 0"/><instruction code="OR T474, T1591, 0"/><instruction code="SETL  T1592, 8"/><instruction code="INCML T1592, 0"/><instruction code="INCMH T1592, 0"/><instruction code="INCH  T1592, 0"/><instruction code="OR T475, T1592, 0"/><instruction code="ADD T1593, T474, T475"/><instruction code="OR T476, T1593, 0"/><instruction code="LDO T1595, T1594, 0"/><instruction code="OR T477, T1595, 0"/><instruction code="OR T478, T22, 0"/><instruction code="SETL  T1596, 8"/><instruction code="INCML T1596, 0"/><instruction code="INCMH T1596, 0"/><instruction code="INCH  T1596, 0"/><instruction code="OR T479, T1596, 0"/><instruction code="ADD T1597, T478, T479"/><instruction code="OR T480, T1597, 0"/><instruction code="LDO T1599, T1598, 0"/><instruction code="OR T481, T1599, 0"/><instruction code="SETL  T1600, 72"/><instruction code="INCML T1600, 0"/><instruction code="INCMH T1600, 0"/><instruction code="INCH  T1600, 0"/><instruction code="OR T482, T1600, 0"/><instruction code="MUL T1601, T481, T482"/><instruction code="OR T483, T1601, 0"/><instruction code="ADD T1602, T477, T483"/><instruction code="OR T484, T1602, 0"/><instruction code="OR T485, T22, 0"/><instruction code="SETL  T1603, 88"/><instruction code="INCML T1603, 0"/><instruction code="INCMH T1603, 0"/><instruction code="INCH  T1603, 0"/><instruction code="NEG T1603, 0, T1603"/><instruction code="OR T486, T1603, 0"/><instruction code="ADD T1604, T485, T486"/><instruction code="OR T487, T1604, 0"/><instruction code="LDO T1606, T1605, 0"/><instruction code="OR T488, T1606, 0"/><instruction code="SETL  T1607, 8"/><instruction code="INCML T1607, 0"/><instruction code="INCMH T1607, 0"/><instruction code="INCH  T1607, 0"/><instruction code="OR T489, T1607, 0"/><instruction code="MUL T1608, T488, T489"/><instruction code="OR T490, T1608, 0"/><instruction code="ADD T1609, T484, T490"/><instruction code="OR T491, T1609, 0"/><instruction code="LDO T1611, T1610, 0"/><instruction code="OR T492, T1611, 0"/><instruction code="SETL  T1612, 8"/><instruction code="INCML T1612, 0"/><instruction code="INCMH T1612, 0"/><instruction code="INCH  T1612, 0"/><instruction code="OR T493, T1612, 0"/><instruction code="MUL T1613, T492, T493"/><instruction code="OR T494, T1613, 0"/><instruction code="ADD T1614, T472, T494"/><instruction code="OR T495, T1614, 0"/><instruction code="LDO T1616, T1615, 0"/><instruction code="OR T496, T1616, 0"/><instruction code="BNZ T496, L53"/><instruction code="L134"/><instruction code="LDA T1617, L54"/><instruction code="GO T1617, T1617, 0"/><instruction code="L53"/><instruction code="SETL  T1618, 0"/><instruction code="INCML T1618, 0"/><instruction code="INCMH T1618, 0"/><instruction code="INCH  T1618, 0"/><instruction code="OR T497, T1618, 0"/><instruction code="LDO T1622, T1621, 0"/><instruction code="STO T1622, T497, 0"/><instruction code="LDA T1623, L55"/><instruction code="GO T1623, T1623, 0"/><instruction code="L54"/><instruction code="SETL  T1624, 1"/><instruction code="INCML T1624, 0"/><instruction code="INCMH T1624, 0"/><instruction code="INCH  T1624, 0"/><instruction code="OR T498, T1624, 0"/><instruction code="LDO T1653, T1652, 0"/><instruction code="STO T1653, T498, 0"/><instruction code="L55"/><instruction code="L57"/><instruction code="OR T499, T22, 0"/><instruction code="SETL  T1654, 88"/><instruction code="INCML T1654, 0"/><instruction code="INCMH T1654, 0"/><instruction code="INCH  T1654, 0"/><instruction code="NEG T1654, 0, T1654"/><instruction code="OR T500, T1654, 0"/><instruction code="ADD T1655, T499, T500"/><instruction code="OR T501, T1655, 0"/><instruction code="LDO T1657, T1656, 0"/><instruction code="OR T502, T1657, 0"/><instruction code="SETL  T1658, 1"/><instruction code="INCML T1658, 0"/><instruction code="INCMH T1658, 0"/><instruction code="INCH  T1658, 0"/><instruction code="OR T503, T1658, 0"/><instruction code="ADD T1659, T502, T503"/><instruction code="OR T504, T1659, 0"/><instruction code="LDO T1663, T1662, 0"/><instruction code="STO T1663, T504, 0"/><instruction code="LDA T1664, L58"/><instruction code="GO T1664, T1664, 0"/><instruction code="L60"/><instruction code="OR T505, T22, 0"/><instruction code="SETL  T1665, 96"/><instruction code="INCML T1665, 0"/><instruction code="INCMH T1665, 0"/><instruction code="INCH  T1665, 0"/><instruction code="NEG T1665, 0, T1665"/><instruction code="OR T506, T1665, 0"/><instruction code="ADD T1666, T505, T506"/><instruction code="OR T507, T1666, 0"/><instruction code="LDO T1668, T1667, 0"/><instruction code="OR T508, T1668, 0"/><instruction code="OR T23, T508, 0"/><instruction code="LDA T1669, L136"/><instruction code="GO T1669, T1669, 0"/></instructions></code><code entrylabel="L141" exitlabel="L142" tempsize="0"><frame FP="T24" RV="T25" argssize="0" depth="2" label="L2" locssize="96" size="112"/><instructions><instruction code="L141"/><instruction code="SETL  T1670, 1"/><instruction code="INCML T1670, 0"/><instruction code="INCMH T1670, 0"/><instruction code="INCH  T1670, 0"/><instruction code="OR T509, T1670, 0"/><instruction code="LDO T1674, T1673, 0"/><instruction code="STO T1674, T509, 0"/><instruction code="SETL  T1675, 1"/><instruction code="INCML T1675, 0"/><instruction code="INCMH T1675, 0"/><instruction code="INCH  T1675, 0"/><instruction code="OR T510, T1675, 0"/><instruction code="LDO T1679, T1678, 0"/><instruction code="STO T1679, T510, 0"/><instruction code="L61"/><instruction code="OR T511, T24, 0"/><instruction code="SETL  T1680, 88"/><instruction code="INCML T1680, 0"/><instruction code="INCMH T1680, 0"/><instruction code="INCH  T1680, 0"/><instruction code="NEG T1680, 0, T1680"/><instruction code="OR T512, T1680, 0"/><instruction code="ADD T1681, T511, T512"/><instruction code="OR T513, T1681, 0"/><instruction code="LDO T1683, T1682, 0"/><instruction code="OR T514, T1683, 0"/><instruction code="SETL  T1684, 9"/><instruction code="INCML T1684, 0"/><instruction code="INCMH T1684, 0"/><instruction code="INCH  T1684, 0"/><instruction code="OR T515, T1684, 0"/><instruction code="CMP T1685, T514, T515"/><instruction code="ZSNP T1685, T1685, 1"/><instruction code="OR T516, T1685, 0"/><instruction code="BNZ T516, L62"/><instruction code="L137"/><instruction code="LDA T1686, L63"/><instruction code="GO T1686, T1686, 0"/><instruction code="L62"/><instruction code="SETL  T1687, 0"/><instruction code="INCML T1687, 0"/><instruction code="INCMH T1687, 0"/><instruction code="INCH  T1687, 0"/><instruction code="OR T517, T1687, 0"/><instruction code="LDO T1698, T1697, 0"/><instruction code="STO T1698, T517, 0"/><instruction code="OR T518, T24, 0"/><instruction code="SETL  T1699, 88"/><instruction code="INCML T1699, 0"/><instruction code="INCMH T1699, 0"/><instruction code="INCH  T1699, 0"/><instruction code="NEG T1699, 0, T1699"/><instruction code="OR T519, T1699, 0"/><instruction code="ADD T1700, T518, T519"/><instruction code="OR T520, T1700, 0"/><instruction code="LDO T1702, T1701, 0"/><instruction code="OR T521, T1702, 0"/><instruction code="SETL  T1703, 1"/><instruction code="INCML T1703, 0"/><instruction code="INCMH T1703, 0"/><instruction code="INCH  T1703, 0"/><instruction code="OR T522, T1703, 0"/><instruction code="ADD T1704, T521, T522"/><instruction code="OR T523, T1704, 0"/><instruction code="LDO T1708, T1707, 0"/><instruction code="STO T1708, T523, 0"/><instruction code="LDA T1709, L61"/><instruction code="GO T1709, T1709, 0"/><instruction code="L63"/><instruction code="SETL  T1710, 0"/><instruction code="INCML T1710, 0"/><instruction code="INCMH T1710, 0"/><instruction code="INCH  T1710, 0"/><instruction code="OR T524, T1710, 0"/><instruction code="LDO T1714, T1713, 0"/><instruction code="STO T1714, T524, 0"/><instruction code="L69"/><instruction code="OR T525, T24, 0"/><instruction code="SETL  T1715, 88"/><instruction code="INCML T1715, 0"/><instruction code="INCMH T1715, 0"/><instruction code="INCH  T1715, 0"/><instruction code="NEG T1715, 0, T1715"/><instruction code="OR T526, T1715, 0"/><instruction code="ADD T1716, T525, T526"/><instruction code="OR T527, T1716, 0"/><instruction code="LDO T1718, T1717, 0"/><instruction code="OR T528, T1718, 0"/><instruction code="SETL  T1719, 9"/><instruction code="INCML T1719, 0"/><instruction code="INCMH T1719, 0"/><instruction code="INCH  T1719, 0"/><instruction code="OR T529, T1719, 0"/><instruction code="CMP T1720, T528, T529"/><instruction code="ZSN T1720, T1720, 1"/><instruction code="OR T530, T1720, 0"/><instruction code="BNZ T530, L70"/><instruction code="L138"/><instruction code="LDA T1721, L71"/><instruction code="GO T1721, T1721, 0"/><instruction code="L70"/><instruction code="OR T531, T24, 0"/><instruction code="LDO T1723, T1722, 0"/><instruction code="OR T532, T1723, 0"/><instruction code="SETL  T1724, 8"/><instruction code="INCML T1724, 0"/><instruction code="INCMH T1724, 0"/><instruction code="INCH  T1724, 0"/><instruction code="OR T533, T1724, 0"/><instruction code="ADD T1725, T532, T533"/><instruction code="OR T534, T1725, 0"/><instruction code="LDO T1727, T1726, 0"/><instruction code="OR T535, T1727, 0"/><instruction code="OR T536, T24, 0"/><instruction code="SETL  T1728, 88"/><instruction code="INCML T1728, 0"/><instruction code="INCMH T1728, 0"/><instruction code="INCH  T1728, 0"/><instruction code="NEG T1728, 0, T1728"/><instruction code="OR T537, T1728, 0"/><instruction code="ADD T1729, T536, T537"/><instruction code="OR T538, T1729, 0"/><instruction code="LDO T1731, T1730, 0"/><instruction code="OR T539, T1731, 0"/><instruction code="SETL  T1732, 72"/><instruction code="INCML T1732, 0"/><instruction code="INCMH T1732, 0"/><instruction code="INCH  T1732, 0"/><instruction code="OR T540, T1732, 0"/><instruction code="MUL T1733, T539, T540"/><instruction code="OR T541, T1733, 0"/><instruction code="ADD T1734, T535, T541"/><instruction code="OR T542, T1734, 0"/><instruction code="OR T543, T24, 0"/><instruction code="SETL  T1735, 8"/><instruction code="INCML T1735, 0"/><instruction code="INCMH T1735, 0"/><instruction code="INCH  T1735, 0"/><instruction code="OR T544, T1735, 0"/><instruction code="ADD T1736, T543, T544"/><instruction code="OR T545, T1736, 0"/><instruction code="LDO T1738, T1737, 0"/><instruction code="OR T546, T1738, 0"/><instruction code="SETL  T1739, 8"/><instruction code="INCML T1739, 0"/><instruction code="INCMH T1739, 0"/><instruction code="INCH  T1739, 0"/><instruction code="OR T547, T1739, 0"/><instruction code="MUL T1740, T546, T547"/><instruction code="OR T548, T1740, 0"/><instruction code="ADD T1741, T542, T548"/><instruction code="OR T549, T1741, 0"/><instruction code="LDO T1743, T1742, 0"/><instruction code="OR T550, T1743, 0"/><instruction code="SETL  T1744, 0"/><instruction code="INCML T1744, 0"/><instruction code="INCMH T1744, 0"/><instruction code="INCH  T1744, 0"/><instruction code="OR T551, T1744, 0"/><instruction code="CMP T1745, T550, T551"/><instruction code="ZSNZ T1745, T1745, 1"/><instruction code="OR T552, T1745, 0"/><instruction code="BNZ T552, L67"/><instruction code="L139"/><instruction code="LDA T1746, L68"/><instruction code="GO T1746, T1746, 0"/><instruction code="L67"/><instruction code="OR T553, T24, 0"/><instruction code="SETL  T1747, 80"/><instruction code="INCML T1747, 0"/><instruction code="INCMH T1747, 0"/><instruction code="INCH  T1747, 0"/><instruction code="NEG T1747, 0, T1747"/><instruction code="OR T554, T1747, 0"/><instruction code="ADD T1748, T553, T554"/><instruction code="OR T555, T1748, 0"/><instruction code="OR T556, T24, 0"/><instruction code="LDO T1750, T1749, 0"/><instruction code="OR T557, T1750, 0"/><instruction code="SETL  T1751, 8"/><instruction code="INCML T1751, 0"/><instruction code="INCMH T1751, 0"/><instruction code="INCH  T1751, 0"/><instruction code="OR T558, T1751, 0"/><instruction code="ADD T1752, T557, T558"/><instruction code="OR T559, T1752, 0"/><instruction code="LDO T1754, T1753, 0"/><instruction code="OR T560, T1754, 0"/><instruction code="OR T561, T24, 0"/><instruction code="SETL  T1755, 88"/><instruction code="INCML T1755, 0"/><instruction code="INCMH T1755, 0"/><instruction code="INCH  T1755, 0"/><instruction code="NEG T1755, 0, T1755"/><instruction code="OR T562, T1755, 0"/><instruction code="ADD T1756, T561, T562"/><instruction code="OR T563, T1756, 0"/><instruction code="LDO T1758, T1757, 0"/><instruction code="OR T564, T1758, 0"/><instruction code="SETL  T1759, 72"/><instruction code="INCML T1759, 0"/><instruction code="INCMH T1759, 0"/><instruction code="INCH  T1759, 0"/><instruction code="OR T565, T1759, 0"/><instruction code="MUL T1760, T564, T565"/><instruction code="OR T566, T1760, 0"/><instruction code="ADD T1761, T560, T566"/><instruction code="OR T567, T1761, 0"/><instruction code="OR T568, T24, 0"/><instruction code="SETL  T1762, 8"/><instruction code="INCML T1762, 0"/><instruction code="INCMH T1762, 0"/><instruction code="INCH  T1762, 0"/><instruction code="OR T569, T1762, 0"/><instruction code="ADD T1763, T568, T569"/><instruction code="OR T570, T1763, 0"/><instruction code="LDO T1765, T1764, 0"/><instruction code="OR T571, T1765, 0"/><instruction code="SETL  T1766, 8"/><instruction code="INCML T1766, 0"/><instruction code="INCMH T1766, 0"/><instruction code="INCH  T1766, 0"/><instruction code="OR T572, T1766, 0"/><instruction code="MUL T1767, T571, T572"/><instruction code="OR T573, T1767, 0"/><instruction code="ADD T1768, T567, T573"/><instruction code="OR T574, T1768, 0"/><instruction code="LDO T1770, T1769, 0"/><instruction code="OR T575, T1770, 0"/><instruction code="SETL  T1771, 8"/><instruction code="INCML T1771, 0"/><instruction code="INCMH T1771, 0"/><instruction code="INCH  T1771, 0"/><instruction code="OR T576, T1771, 0"/><instruction code="MUL T1772, T575, T576"/><instruction code="OR T577, T1772, 0"/><instruction code="ADD T1773, T555, T577"/><instruction code="OR T578, T1773, 0"/><instruction code="LDO T1775, T1774, 0"/><instruction code="OR T579, T1775, 0"/><instruction code="BNZ T579, L64"/><instruction code="L140"/><instruction code="LDA T1776, L65"/><instruction code="GO T1776, T1776, 0"/><instruction code="L64"/><instruction code="SETL  T1777, 0"/><instruction code="INCML T1777, 0"/><instruction code="INCMH T1777, 0"/><instruction code="INCH  T1777, 0"/><instruction code="OR T580, T1777, 0"/><instruction code="LDO T1781, T1780, 0"/><instruction code="STO T1781, T580, 0"/><instruction code="LDA T1782, L66"/><instruction code="GO T1782, T1782, 0"/><instruction code="L65"/><instruction code="SETL  T1783, 1"/><instruction code="INCML T1783, 0"/><instruction code="INCMH T1783, 0"/><instruction code="INCH  T1783, 0"/><instruction code="OR T581, T1783, 0"/><instruction code="LDO T1812, T1811, 0"/><instruction code="STO T1812, T581, 0"/><instruction code="L66"/><instruction code="L68"/><instruction code="OR T582, T24, 0"/><instruction code="SETL  T1813, 88"/><instruction code="INCML T1813, 0"/><instruction code="INCMH T1813, 0"/><instruction code="INCH  T1813, 0"/><instruction code="NEG T1813, 0, T1813"/><instruction code="OR T583, T1813, 0"/><instruction code="ADD T1814, T582, T583"/><instruction code="OR T584, T1814, 0"/><instruction code="LDO T1816, T1815, 0"/><instruction code="OR T585, T1816, 0"/><instruction code="SETL  T1817, 1"/><instruction code="INCML T1817, 0"/><instruction code="INCMH T1817, 0"/><instruction code="INCH  T1817, 0"/><instruction code="OR T586, T1817, 0"/><instruction code="ADD T1818, T585, T586"/><instruction code="OR T587, T1818, 0"/><instruction code="LDO T1822, T1821, 0"/><instruction code="STO T1822, T587, 0"/><instruction code="LDA T1823, L69"/><instruction code="GO T1823, T1823, 0"/><instruction code="L71"/><instruction code="OR T588, T24, 0"/><instruction code="SETL  T1824, 96"/><instruction code="INCML T1824, 0"/><instruction code="INCMH T1824, 0"/><instruction code="INCH  T1824, 0"/><instruction code="NEG T1824, 0, T1824"/><instruction code="OR T589, T1824, 0"/><instruction code="ADD T1825, T588, T589"/><instruction code="OR T590, T1825, 0"/><instruction code="LDO T1827, T1826, 0"/><instruction code="OR T591, T1827, 0"/><instruction code="OR T25, T591, 0"/><instruction code="LDA T1828, L142"/><instruction code="GO T1828, T1828, 0"/></instructions></code><code entrylabel="L148" exitlabel="L149" tempsize="0"><frame FP="T26" RV="T27" argssize="0" depth="2" label="L3" locssize="112" size="128"/><instructions><instruction code="L148"/><instruction code="SETL  T1829, 1"/><instruction code="INCML T1829, 0"/><instruction code="INCMH T1829, 0"/><instruction code="INCH  T1829, 0"/><instruction code="OR T592, T1829, 0"/><instruction code="LDO T1833, T1832, 0"/><instruction code="STO T1833, T592, 0"/><instruction code="SETL  T1834, 1"/><instruction code="INCML T1834, 0"/><instruction code="INCMH T1834, 0"/><instruction code="INCH  T1834, 0"/><instruction code="OR T593, T1834, 0"/><instruction code="LDO T1838, T1837, 0"/><instruction code="STO T1838, T593, 0"/><instruction code="L72"/><instruction code="OR T594, T26, 0"/><instruction code="SETL  T1839, 104"/><instruction code="INCML T1839, 0"/><instruction code="INCMH T1839, 0"/><instruction code="INCH  T1839, 0"/><instruction code="NEG T1839, 0, T1839"/><instruction code="OR T595, T1839, 0"/><instruction code="ADD T1840, T594, T595"/><instruction code="OR T596, T1840, 0"/><instruction code="LDO T1842, T1841, 0"/><instruction code="OR T597, T1842, 0"/><instruction code="SETL  T1843, 9"/><instruction code="INCML T1843, 0"/><instruction code="INCMH T1843, 0"/><instruction code="INCH  T1843, 0"/><instruction code="OR T598, T1843, 0"/><instruction code="CMP T1844, T597, T598"/><instruction code="ZSNP T1844, T1844, 1"/><instruction code="OR T599, T1844, 0"/><instruction code="BNZ T599, L73"/><instruction code="L143"/><instruction code="LDA T1845, L74"/><instruction code="GO T1845, T1845, 0"/><instruction code="L73"/><instruction code="SETL  T1846, 0"/><instruction code="INCML T1846, 0"/><instruction code="INCMH T1846, 0"/><instruction code="INCH  T1846, 0"/><instruction code="OR T600, T1846, 0"/><instruction code="LDO T1857, T1856, 0"/><instruction code="STO T1857, T600, 0"/><instruction code="OR T601, T26, 0"/><instruction code="SETL  T1858, 104"/><instruction code="INCML T1858, 0"/><instruction code="INCMH T1858, 0"/><instruction code="INCH  T1858, 0"/><instruction code="NEG T1858, 0, T1858"/><instruction code="OR T602, T1858, 0"/><instruction code="ADD T1859, T601, T602"/><instruction code="OR T603, T1859, 0"/><instruction code="LDO T1861, T1860, 0"/><instruction code="OR T604, T1861, 0"/><instruction code="SETL  T1862, 1"/><instruction code="INCML T1862, 0"/><instruction code="INCMH T1862, 0"/><instruction code="INCH  T1862, 0"/><instruction code="OR T605, T1862, 0"/><instruction code="ADD T1863, T604, T605"/><instruction code="OR T606, T1863, 0"/><instruction code="LDO T1867, T1866, 0"/><instruction code="STO T1867, T606, 0"/><instruction code="LDA T1868, L72"/><instruction code="GO T1868, T1868, 0"/><instruction code="L74"/><instruction code="SETL  T1869, 0"/><instruction code="INCML T1869, 0"/><instruction code="INCMH T1869, 0"/><instruction code="INCH  T1869, 0"/><instruction code="OR T607, T1869, 0"/><instruction code="LDO T1873, T1872, 0"/><instruction code="STO T1873, T607, 0"/><instruction code="L83"/><instruction code="OR T608, T26, 0"/><instruction code="SETL  T1874, 96"/><instruction code="INCML T1874, 0"/><instruction code="INCMH T1874, 0"/><instruction code="INCH  T1874, 0"/><instruction code="NEG T1874, 0, T1874"/><instruction code="OR T609, T1874, 0"/><instruction code="ADD T1875, T608, T609"/><instruction code="OR T610, T1875, 0"/><instruction code="LDO T1877, T1876, 0"/><instruction code="OR T611, T1877, 0"/><instruction code="SETL  T1878, 3"/><instruction code="INCML T1878, 0"/><instruction code="INCMH T1878, 0"/><instruction code="INCH  T1878, 0"/><instruction code="OR T612, T1878, 0"/><instruction code="CMP T1879, T611, T612"/><instruction code="ZSN T1879, T1879, 1"/><instruction code="OR T613, T1879, 0"/><instruction code="BNZ T613, L84"/><instruction code="L144"/><instruction code="LDA T1880, L85"/><instruction code="GO T1880, T1880, 0"/><instruction code="L84"/><instruction code="SETL  T1881, 0"/><instruction code="INCML T1881, 0"/><instruction code="INCMH T1881, 0"/><instruction code="INCH  T1881, 0"/><instruction code="OR T614, T1881, 0"/><instruction code="LDO T1885, T1884, 0"/><instruction code="STO T1885, T614, 0"/><instruction code="L80"/><instruction code="OR T615, T26, 0"/><instruction code="SETL  T1886, 88"/><instruction code="INCML T1886, 0"/><instruction code="INCMH T1886, 0"/><instruction code="INCH  T1886, 0"/><instruction code="NEG T1886, 0, T1886"/><instruction code="OR T616, T1886, 0"/><instruction code="ADD T1887, T615, T616"/><instruction code="OR T617, T1887, 0"/><instruction code="LDO T1889, T1888, 0"/><instruction code="OR T618, T1889, 0"/><instruction code="SETL  T1890, 3"/><instruction code="INCML T1890, 0"/><instruction code="INCMH T1890, 0"/><instruction code="INCH  T1890, 0"/><instruction code="OR T619, T1890, 0"/><instruction code="CMP T1891, T618, T619"/><instruction code="ZSN T1891, T1891, 1"/><instruction code="OR T620, T1891, 0"/><instruction code="BNZ T620, L81"/><instruction code="L145"/><instruction code="LDA T1892, L82"/><instruction code="GO T1892, T1892, 0"/><instruction code="L81"/><instruction code="OR T621, T26, 0"/><instruction code="LDO T1894, T1893, 0"/><instruction code="OR T622, T1894, 0"/><instruction code="SETL  T1895, 8"/><instruction code="INCML T1895, 0"/><instruction code="INCMH T1895, 0"/><instruction code="INCH  T1895, 0"/><instruction code="OR T623, T1895, 0"/><instruction code="ADD T1896, T622, T623"/><instruction code="OR T624, T1896, 0"/><instruction code="LDO T1898, T1897, 0"/><instruction code="OR T625, T1898, 0"/><instruction code="OR T626, T26, 0"/><instruction code="SETL  T1899, 16"/><instruction code="INCML T1899, 0"/><instruction code="INCMH T1899, 0"/><instruction code="INCH  T1899, 0"/><instruction code="OR T627, T1899, 0"/><instruction code="ADD T1900, T626, T627"/><instruction code="OR T628, T1900, 0"/><instruction code="LDO T1902, T1901, 0"/><instruction code="OR T629, T1902, 0"/><instruction code="SETL  T1903, 3"/><instruction code="INCML T1903, 0"/><instruction code="INCMH T1903, 0"/><instruction code="INCH  T1903, 0"/><instruction code="OR T630, T1903, 0"/><instruction code="MUL T1904, T629, T630"/><instruction code="OR T631, T1904, 0"/><instruction code="OR T632, T26, 0"/><instruction code="SETL  T1905, 96"/><instruction code="INCML T1905, 0"/><instruction code="INCMH T1905, 0"/><instruction code="INCH  T1905, 0"/><instruction code="NEG T1905, 0, T1905"/><instruction code="OR T633, T1905, 0"/><instruction code="ADD T1906, T632, T633"/><instruction code="OR T634, T1906, 0"/><instruction code="LDO T1908, T1907, 0"/><instruction code="OR T635, T1908, 0"/><instruction code="ADD T1909, T631, T635"/><instruction code="OR T636, T1909, 0"/><instruction code="SETL  T1910, 72"/><instruction code="INCML T1910, 0"/><instruction code="INCMH T1910, 0"/><instruction code="INCH  T1910, 0"/><instruction code="OR T637, T1910, 0"/><instruction code="MUL T1911, T636, T637"/><instruction code="OR T638, T1911, 0"/><instruction code="ADD T1912, T625, T638"/><instruction code="OR T639, T1912, 0"/><instruction code="OR T640, T26, 0"/><instruction code="SETL  T1913, 8"/><instruction code="INCML T1913, 0"/><instruction code="INCMH T1913, 0"/><instruction code="INCH  T1913, 0"/><instruction code="OR T641, T1913, 0"/><instruction code="ADD T1914, T640, T641"/><instruction code="OR T642, T1914, 0"/><instruction code="LDO T1916, T1915, 0"/><instruction code="OR T643, T1916, 0"/><instruction code="SETL  T1917, 3"/><instruction code="INCML T1917, 0"/><instruction code="INCMH T1917, 0"/><instruction code="INCH  T1917, 0"/><instruction code="OR T644, T1917, 0"/><instruction code="MUL T1918, T643, T644"/><instruction code="OR T645, T1918, 0"/><instruction code="OR T646, T26, 0"/><instruction code="SETL  T1919, 88"/><instruction code="INCML T1919, 0"/><instruction code="INCMH T1919, 0"/><instruction code="INCH  T1919, 0"/><instruction code="NEG T1919, 0, T1919"/><instruction code="OR T647, T1919, 0"/><instruction code="ADD T1920, T646, T647"/><instruction code="OR T648, T1920, 0"/><instruction code="LDO T1922, T1921, 0"/><instruction code="OR T649, T1922, 0"/><instruction code="ADD T1923, T645, T649"/><instruction code="OR T650, T1923, 0"/><instruction code="SETL  T1924, 8"/><instruction code="INCML T1924, 0"/><instruction code="INCMH T1924, 0"/><instruction code="INCH  T1924, 0"/><instruction code="OR T651, T1924, 0"/><instruction code="MUL T1925, T650, T651"/><instruction code="OR T652, T1925, 0"/><instruction code="ADD T1926, T639, T652"/><instruction code="OR T653, T1926, 0"/><instruction code="LDO T1928, T1927, 0"/><instruction code="OR T654, T1928, 0"/><instruction code="SETL  T1929, 0"/><instruction code="INCML T1929, 0"/><instruction code="INCMH T1929, 0"/><instruction code="INCH  T1929, 0"/><instruction code="OR T655, T1929, 0"/><instruction code="CMP T1930, T654, T655"/><instruction code="ZSNZ T1930, T1930, 1"/><instruction code="OR T656, T1930, 0"/><instruction code="BNZ T656, L78"/><instruction code="L146"/><instruction code="LDA T1931, L79"/><instruction code="GO T1931, T1931, 0"/><instruction code="L78"/><instruction code="OR T657, T26, 0"/><instruction code="SETL  T1932, 80"/><instruction code="INCML T1932, 0"/><instruction code="INCMH T1932, 0"/><instruction code="INCH  T1932, 0"/><instruction code="NEG T1932, 0, T1932"/><instruction code="OR T658, T1932, 0"/><instruction code="ADD T1933, T657, T658"/><instruction code="OR T659, T1933, 0"/><instruction code="OR T660, T26, 0"/><instruction code="LDO T1935, T1934, 0"/><instruction code="OR T661, T1935, 0"/><instruction code="SETL  T1936, 8"/><instruction code="INCML T1936, 0"/><instruction code="INCMH T1936, 0"/><instruction code="INCH  T1936, 0"/><instruction code="OR T662, T1936, 0"/><instruction code="ADD T1937, T661, T662"/><instruction code="OR T663, T1937, 0"/><instruction code="LDO T1939, T1938, 0"/><instruction code="OR T664, T1939, 0"/><instruction code="OR T665, T26, 0"/><instruction code="SETL  T1940, 16"/><instruction code="INCML T1940, 0"/><instruction code="INCMH T1940, 0"/><instruction code="INCH  T1940, 0"/><instruction code="OR T666, T1940, 0"/><instruction code="ADD T1941, T665, T666"/><instruction code="OR T667, T1941, 0"/><instruction code="LDO T1943, T1942, 0"/><instruction code="OR T668, T1943, 0"/><instruction code="SETL  T1944, 3"/><instruction code="INCML T1944, 0"/><instruction code="INCMH T1944, 0"/><instruction code="INCH  T1944, 0"/><instruction code="OR T669, T1944, 0"/><instruction code="MUL T1945, T668, T669"/><instruction code="OR T670, T1945, 0"/><instruction code="OR T671, T26, 0"/><instruction code="SETL  T1946, 96"/><instruction code="INCML T1946, 0"/><instruction code="INCMH T1946, 0"/><instruction code="INCH  T1946, 0"/><instruction code="NEG T1946, 0, T1946"/><instruction code="OR T672, T1946, 0"/><instruction code="ADD T1947, T671, T672"/><instruction code="OR T673, T1947, 0"/><instruction code="LDO T1949, T1948, 0"/><instruction code="OR T674, T1949, 0"/><instruction code="ADD T1950, T670, T674"/><instruction code="OR T675, T1950, 0"/><instruction code="SETL  T1951, 72"/><instruction code="INCML T1951, 0"/><instruction code="INCMH T1951, 0"/><instruction code="INCH  T1951, 0"/><instruction code="OR T676, T1951, 0"/><instruction code="MUL T1952, T675, T676"/><instruction code="OR T677, T1952, 0"/><instruction code="ADD T1953, T664, T677"/><instruction code="OR T678, T1953, 0"/><instruction code="OR T679, T26, 0"/><instruction code="SETL  T1954, 8"/><instruction code="INCML T1954, 0"/><instruction code="INCMH T1954, 0"/><instruction code="INCH  T1954, 0"/><instruction code="OR T680, T1954, 0"/><instruction code="ADD T1955, T679, T680"/><instruction code="OR T681, T1955, 0"/><instruction code="LDO T1957, T1956, 0"/><instruction code="OR T682, T1957, 0"/><instruction code="SETL  T1958, 3"/><instruction code="INCML T1958, 0"/><instruction code="INCMH T1958, 0"/><instruction code="INCH  T1958, 0"/><instruction code="OR T683, T1958, 0"/><instruction code="MUL T1959, T682, T683"/><instruction code="OR T684, T1959, 0"/><instruction code="OR T685, T26, 0"/><instruction code="SETL  T1960, 88"/><instruction code="INCML T1960, 0"/><instruction code="INCMH T1960, 0"/><instruction code="INCH  T1960, 0"/><instruction code="NEG T1960, 0, T1960"/><instruction code="OR T686, T1960, 0"/><instruction code="ADD T1961, T685, T686"/><instruction code="OR T687, T1961, 0"/><instruction code="LDO T1963, T1962, 0"/><instruction code="OR T688, T1963, 0"/><instruction code="ADD T1964, T684, T688"/><instruction code="OR T689, T1964, 0"/><instruction code="SETL  T1965, 8"/><instruction code="INCML T1965, 0"/><instruction code="INCMH T1965, 0"/><instruction code="INCH  T1965, 0"/><instruction code="OR T690, T1965, 0"/><instruction code="MUL T1966, T689, T690"/><instruction code="OR T691, T1966, 0"/><instruction code="ADD T1967, T678, T691"/><instruction code="OR T692, T1967, 0"/><instruction code="LDO T1969, T1968, 0"/><instruction code="OR T693, T1969, 0"/><instruction code="SETL  T1970, 8"/><instruction code="INCML T1970, 0"/><instruction code="INCMH T1970, 0"/><instruction code="INCH  T1970, 0"/><instruction code="OR T694, T1970, 0"/><instruction code="MUL T1971, T693, T694"/><instruction code="OR T695, T1971, 0"/><instruction code="ADD T1972, T659, T695"/><instruction code="OR T696, T1972, 0"/><instruction code="LDO T1974, T1973, 0"/><instruction code="OR T697, T1974, 0"/><instruction code="BNZ T697, L75"/><instruction code="L147"/><instruction code="LDA T1975, L76"/><instruction code="GO T1975, T1975, 0"/><instruction code="L75"/><instruction code="SETL  T1976, 0"/><instruction code="INCML T1976, 0"/><instruction code="INCMH T1976, 0"/><instruction code="INCH  T1976, 0"/><instruction code="OR T698, T1976, 0"/><instruction code="LDO T1980, T1979, 0"/><instruction code="STO T1980, T698, 0"/><instruction code="LDA T1981, L77"/><instruction code="GO T1981, T1981, 0"/><instruction code="L76"/><instruction code="SETL  T1982, 1"/><instruction code="INCML T1982, 0"/><instruction code="INCMH T1982, 0"/><instruction code="INCH  T1982, 0"/><instruction code="OR T699, T1982, 0"/><instruction code="LDO T2025, T2024, 0"/><instruction code="STO T2025, T699, 0"/><instruction code="L77"/><instruction code="L79"/><instruction code="OR T700, T26, 0"/><instruction code="SETL  T2026, 88"/><instruction code="INCML T2026, 0"/><instruction code="INCMH T2026, 0"/><instruction code="INCH  T2026, 0"/><instruction code="NEG T2026, 0, T2026"/><instruction code="OR T701, T2026, 0"/><instruction code="ADD T2027, T700, T701"/><instruction code="OR T702, T2027, 0"/><instruction code="LDO T2029, T2028, 0"/><instruction code="OR T703, T2029, 0"/><instruction code="SETL  T2030, 1"/><instruction code="INCML T2030, 0"/><instruction code="INCMH T2030, 0"/><instruction code="INCH  T2030, 0"/><instruction code="OR T704, T2030, 0"/><instruction code="ADD T2031, T703, T704"/><instruction code="OR T705, T2031, 0"/><instruction code="LDO T2035, T2034, 0"/><instruction code="STO T2035, T705, 0"/><instruction code="LDA T2036, L80"/><instruction code="GO T2036, T2036, 0"/><instruction code="L82"/><instruction code="OR T706, T26, 0"/><instruction code="SETL  T2037, 96"/><instruction code="INCML T2037, 0"/><instruction code="INCMH T2037, 0"/><instruction code="INCH  T2037, 0"/><instruction code="NEG T2037, 0, T2037"/><instruction code="OR T707, T2037, 0"/><instruction code="ADD T2038, T706, T707"/><instruction code="OR T708, T2038, 0"/><instruction code="LDO T2040, T2039, 0"/><instruction code="OR T709, T2040, 0"/><instruction code="SETL  T2041, 1"/><instruction code="INCML T2041, 0"/><instruction code="INCMH T2041, 0"/><instruction code="INCH  T2041, 0"/><instruction code="OR T710, T2041, 0"/><instruction code="ADD T2042, T709, T710"/><instruction code="OR T711, T2042, 0"/><instruction code="LDO T2046, T2045, 0"/><instruction code="STO T2046, T711, 0"/><instruction code="LDA T2047, L83"/><instruction code="GO T2047, T2047, 0"/><instruction code="L85"/><instruction code="OR T712, T26, 0"/><instruction code="SETL  T2048, 112"/><instruction code="INCML T2048, 0"/><instruction code="INCMH T2048, 0"/><instruction code="INCH  T2048, 0"/><instruction code="NEG T2048, 0, T2048"/><instruction code="OR T713, T2048, 0"/><instruction code="ADD T2049, T712, T713"/><instruction code="OR T714, T2049, 0"/><instruction code="LDO T2051, T2050, 0"/><instruction code="OR T715, T2051, 0"/><instruction code="OR T27, T715, 0"/><instruction code="LDA T2052, L149"/><instruction code="GO T2052, T2052, 0"/></instructions></code><code entrylabel="L157" exitlabel="L158" tempsize="0"><frame FP="T28" RV="T29" argssize="24" depth="2" label="L4" locssize="32" size="72"/><instructions><instruction code="L157"/><instruction code="OR T716, T28, 0"/><instruction code="SETL  T2053, 8"/><instruction code="INCML T2053, 0"/><instruction code="INCMH T2053, 0"/><instruction code="INCH  T2053, 0"/><instruction code="OR T717, T2053, 0"/><instruction code="ADD T2054, T716, T717"/><instruction code="OR T718, T2054, 0"/><instruction code="LDO T2056, T2055, 0"/><instruction code="OR T719, T2056, 0"/><instruction code="OR T720, T28, 0"/><instruction code="SETL  T2057, 16"/><instruction code="INCML T2057, 0"/><instruction code="INCMH T2057, 0"/><instruction code="INCH  T2057, 0"/><instruction code="OR T721, T2057, 0"/><instruction code="ADD T2058, T720, T721"/><instruction code="OR T722, T2058, 0"/><instruction code="LDO T2060, T2059, 0"/><instruction code="OR T723, T2060, 0"/><instruction code="CMP T2061, T719, T723"/><instruction code="ZSZ T2061, T2061, 1"/><instruction code="OR T724, T2061, 0"/><instruction code="BNZ T724, L102"/><instruction code="L150"/><instruction code="LDA T2062, L103"/><instruction code="GO T2062, T2062, 0"/><instruction code="L102"/><instruction code="SETL  T2063, 1"/><instruction code="INCML T2063, 0"/><instruction code="INCMH T2063, 0"/><instruction code="INCH  T2063, 0"/><instruction code="OR T725, T2063, 0"/><instruction code="BNZ T725, L92"/><instruction code="L151"/><instruction code="LDA T2064, L93"/><instruction code="GO T2064, T2064, 0"/><instruction code="L92"/><instruction code="SETL  T2065, 0"/><instruction code="INCML T2065, 0"/><instruction code="INCMH T2065, 0"/><instruction code="INCH  T2065, 0"/><instruction code="OR T726, T2065, 0"/><instruction code="LDO T2069, T2068, 0"/><instruction code="STO T2069, T726, 0"/><instruction code="L89"/><instruction code="OR T727, T28, 0"/><instruction code="SETL  T2070, 16"/><instruction code="INCML T2070, 0"/><instruction code="INCMH T2070, 0"/><instruction code="INCH  T2070, 0"/><instruction code="NEG T2070, 0, T2070"/><instruction code="OR T728, T2070, 0"/><instruction code="ADD T2071, T727, T728"/><instruction code="OR T729, T2071, 0"/><instruction code="LDO T2073, T2072, 0"/><instruction code="OR T730, T2073, 0"/><instruction code="SETL  T2074, 9"/><instruction code="INCML T2074, 0"/><instruction code="INCMH T2074, 0"/><instruction code="INCH  T2074, 0"/><instruction code="OR T731, T2074, 0"/><instruction code="CMP T2075, T730, T731"/><instruction code="ZSN T2075, T2075, 1"/><instruction code="OR T732, T2075, 0"/><instruction code="BNZ T732, L90"/><instruction code="L152"/><instruction code="LDA T2076, L91"/><instruction code="GO T2076, T2076, 0"/><instruction code="L90"/><instruction code="SETL  T2077, 0"/><instruction code="INCML T2077, 0"/><instruction code="INCMH T2077, 0"/><instruction code="INCH  T2077, 0"/><instruction code="OR T733, T2077, 0"/><instruction code="LDO T2081, T2080, 0"/><instruction code="STO T2081, T733, 0"/><instruction code="L86"/><instruction code="OR T734, T28, 0"/><instruction code="SETL  T2082, 24"/><instruction code="INCML T2082, 0"/><instruction code="INCMH T2082, 0"/><instruction code="INCH  T2082, 0"/><instruction code="NEG T2082, 0, T2082"/><instruction code="OR T735, T2082, 0"/><instruction code="ADD T2083, T734, T735"/><instruction code="OR T736, T2083, 0"/><instruction code="LDO T2085, T2084, 0"/><instruction code="OR T737, T2085, 0"/><instruction code="SETL  T2086, 9"/><instruction code="INCML T2086, 0"/><instruction code="INCMH T2086, 0"/><instruction code="INCH  T2086, 0"/><instruction code="OR T738, T2086, 0"/><instruction code="CMP T2087, T737, T738"/><instruction code="ZSN T2087, T2087, 1"/><instruction code="OR T739, T2087, 0"/><instruction code="BNZ T739, L87"/><instruction code="L153"/><instruction code="LDA T2088, L88"/><instruction code="GO T2088, T2088, 0"/><instruction code="L87"/><instruction code="SETL  T2089, 0"/><instruction code="INCML T2089, 0"/><instruction code="INCMH T2089, 0"/><instruction code="INCH  T2089, 0"/><instruction code="OR T740, T2089, 0"/><instruction code="OR T741, T28, 0"/><instruction code="LDO T2091, T2090, 0"/><instruction code="OR T742, T2091, 0"/><instruction code="SETL  T2092, 8"/><instruction code="INCML T2092, 0"/><instruction code="INCMH T2092, 0"/><instruction code="INCH  T2092, 0"/><instruction code="OR T743, T2092, 0"/><instruction code="ADD T2093, T742, T743"/><instruction code="OR T744, T2093, 0"/><instruction code="LDO T2095, T2094, 0"/><instruction code="OR T745, T2095, 0"/><instruction code="OR T746, T28, 0"/><instruction code="SETL  T2096, 16"/><instruction code="INCML T2096, 0"/><instruction code="INCMH T2096, 0"/><instruction code="INCH  T2096, 0"/><instruction code="NEG T2096, 0, T2096"/><instruction code="OR T747, T2096, 0"/><instruction code="ADD T2097, T746, T747"/><instruction code="OR T748, T2097, 0"/><instruction code="LDO T2099, T2098, 0"/><instruction code="OR T749, T2099, 0"/><instruction code="SETL  T2100, 72"/><instruction code="INCML T2100, 0"/><instruction code="INCMH T2100, 0"/><instruction code="INCH  T2100, 0"/><instruction code="OR T750, T2100, 0"/><instruction code="MUL T2101, T749, T750"/><instruction code="OR T751, T2101, 0"/><instruction code="ADD T2102, T745, T751"/><instruction code="OR T752, T2102, 0"/><instruction code="OR T753, T28, 0"/><instruction code="SETL  T2103, 24"/><instruction code="INCML T2103, 0"/><instruction code="INCMH T2103, 0"/><instruction code="INCH  T2103, 0"/><instruction code="NEG T2103, 0, T2103"/><instruction code="OR T754, T2103, 0"/><instruction code="ADD T2104, T753, T754"/><instruction code="OR T755, T2104, 0"/><instruction code="LDO T2106, T2105, 0"/><instruction code="OR T756, T2106, 0"/><instruction code="SETL  T2107, 8"/><instruction code="INCML T2107, 0"/><instruction code="INCMH T2107, 0"/><instruction code="INCH  T2107, 0"/><instruction code="OR T757, T2107, 0"/><instruction code="MUL T2108, T756, T757"/><instruction code="OR T758, T2108, 0"/><instruction code="ADD T2109, T752, T758"/><instruction code="OR T759, T2109, 0"/><instruction code="LDO T2111, T2110, 0"/><instruction code="OR T760, T2111, 0"/><instruction code="STO T740, $254, 8"/><instruction code="STO T760, $254, 16"/><instruction code="LDA T2112, _putInt"/><instruction code="PUSHJ $15, T2112, 0"/><instruction code="OR T761, T2113, 0"/><instruction code="SETL  T2114, 0"/><instruction code="INCML T2114, 0"/><instruction code="INCMH T2114, 0"/><instruction code="INCH  T2114, 0"/><instruction code="OR T762, T2114, 0"/><instruction code="SETL  T2115, 32"/><instruction code="INCML T2115, 0"/><instruction code="INCMH T2115, 0"/><instruction code="INCH  T2115, 0"/><instruction code="OR T763, T2115, 0"/><instruction code="STO T762, $254, 8"/><instruction code="STO T763, $254, 16"/><instruction code="LDA T2116, _putChar"/><instruction code="PUSHJ $15, T2116, 0"/><instruction code="OR T764, T2117, 0"/><instruction code="OR T765, T28, 0"/><instruction code="SETL  T2118, 24"/><instruction code="INCML T2118, 0"/><instruction code="INCMH T2118, 0"/><instruction code="INCH  T2118, 0"/><instruction code="NEG T2118, 0, T2118"/><instruction code="OR T766, T2118, 0"/><instruction code="ADD T2119, T765, T766"/><instruction code="OR T767, T2119, 0"/><instruction code="LDO T2121, T2120, 0"/><instruction code="OR T768, T2121, 0"/><instruction code="SETL  T2122, 1"/><instruction code="INCML T2122, 0"/><instruction code="INCMH T2122, 0"/><instruction code="INCH  T2122, 0"/><instruction code="OR T769, T2122, 0"/><instruction code="ADD T2123, T768, T769"/><instruction code="OR T770, T2123, 0"/><instruction code="LDO T2127, T2126, 0"/><instruction code="STO T2127, T770, 0"/><instruction code="LDA T2128, L86"/><instruction code="GO T2128, T2128, 0"/><instruction code="L88"/><instruction code="SETL  T2129, 0"/><instruction code="INCML T2129, 0"/><instruction code="INCMH T2129, 0"/><instruction code="INCH  T2129, 0"/><instruction code="OR T771, T2129, 0"/><instruction code="SETL  T2130, 10"/><instruction code="INCML T2130, 0"/><instruction code="INCMH T2130, 0"/><instruction code="INCH  T2130, 0"/><instruction code="OR T772, T2130, 0"/><instruction code="SETL  T2131, 256"/><instruction code="INCML T2131, 0"/><instruction code="INCMH T2131, 0"/><instruction code="INCH  T2131, 0"/><instruction code="OR T773, T2131, 0"/><instruction code="DIV T2132, T772, T773"/><instruction code="OR T2132, rR, 0"/><instruction code="OR T774, T2132, 0"/><instruction code="STO T771, $254, 8"/><instruction code="STO T774, $254, 16"/><instruction code="LDA T2133, _putChar"/><instruction code="PUSHJ $15, T2133, 0"/><instruction code="OR T775, T2134, 0"/><instruction code="OR T776, T28, 0"/><instruction code="SETL  T2135, 16"/><instruction code="INCML T2135, 0"/><instruction code="INCMH T2135, 0"/><instruction code="INCH  T2135, 0"/><instruction code="NEG T2135, 0, T2135"/><instruction code="OR T777, T2135, 0"/><instruction code="ADD T2136, T776, T777"/><instruction code="OR T778, T2136, 0"/><instruction code="LDO T2138, T2137, 0"/><instruction code="OR T779, T2138, 0"/><instruction code="SETL  T2139, 1"/><instruction code="INCML T2139, 0"/><instruction code="INCMH T2139, 0"/><instruction code="INCH  T2139, 0"/><instruction code="OR T780, T2139, 0"/><instruction code="ADD T2140, T779, T780"/><instruction code="OR T781, T2140, 0"/><instruction code="LDO T2144, T2143, 0"/><instruction code="STO T2144, T781, 0"/><instruction code="LDA T2145, L89"/><instruction code="GO T2145, T2145, 0"/><instruction code="L91"/><instruction code="SETL  T2146, 0"/><instruction code="INCML T2146, 0"/><instruction code="INCMH T2146, 0"/><instruction code="INCH  T2146, 0"/><instruction code="OR T782, T2146, 0"/><instruction code="SETL  T2147, 10"/><instruction code="INCML T2147, 0"/><instruction code="INCMH T2147, 0"/><instruction code="INCH  T2147, 0"/><instruction code="OR T783, T2147, 0"/><instruction code="SETL  T2148, 256"/><instruction code="INCML T2148, 0"/><instruction code="INCMH T2148, 0"/><instruction code="INCH  T2148, 0"/><instruction code="OR T784, T2148, 0"/><instruction code="DIV T2149, T783, T784"/><instruction code="OR T2149, rR, 0"/><instruction code="OR T785, T2149, 0"/><instruction code="STO T782, $254, 8"/><instruction code="STO T785, $254, 16"/><instruction code="LDA T2150, _putChar"/><instruction code="PUSHJ $15, T2150, 0"/><instruction code="OR T786, T2151, 0"/><instruction code="L93"/><instruction code="SETL  T2152, 0"/><instruction code="INCML T2152, 0"/><instruction code="INCMH T2152, 0"/><instruction code="INCH  T2152, 0"/><instruction code="OR T787, T2152, 0"/><instruction code="OR T788, T787, 0"/><instruction code="SETL  T2153, 1"/><instruction code="INCML T2153, 0"/><instruction code="INCMH T2153, 0"/><instruction code="INCH  T2153, 0"/><instruction code="OR T789, T2153, 0"/><instruction code="LDO T2157, T2156, 0"/><instruction code="STO T2157, T789, 0"/><instruction code="LDA T2158, L104"/><instruction code="GO T2158, T2158, 0"/><instruction code="L103"/><instruction code="OR T790, T28, 0"/><instruction code="LDO T2160, T2159, 0"/><instruction code="OR T791, T2160, 0"/><instruction code="SETL  T2161, 8"/><instruction code="INCML T2161, 0"/><instruction code="INCMH T2161, 0"/><instruction code="INCH  T2161, 0"/><instruction code="NEG T2161, 0, T2161"/><instruction code="OR T792, T2161, 0"/><instruction code="ADD T2162, T791, T792"/><instruction code="OR T793, T2162, 0"/><instruction code="LDO T2164, T2163, 0"/><instruction code="OR T794, T2164, 0"/><instruction code="OR T795, T28, 0"/><instruction code="SETL  T2165, 8"/><instruction code="INCML T2165, 0"/><instruction code="INCMH T2165, 0"/><instruction code="INCH  T2165, 0"/><instruction code="OR T796, T2165, 0"/><instruction code="ADD T2166, T795, T796"/><instruction code="OR T797, T2166, 0"/><instruction code="LDO T2168, T2167, 0"/><instruction code="OR T798, T2168, 0"/><instruction code="SETL  T2169, 8"/><instruction code="INCML T2169, 0"/><instruction code="INCMH T2169, 0"/><instruction code="INCH  T2169, 0"/><instruction code="OR T799, T2169, 0"/><instruction code="MUL T2170, T798, T799"/><instruction code="OR T800, T2170, 0"/><instruction code="ADD T2171, T794, T800"/><instruction code="OR T801, T2171, 0"/><instruction code="LDO T2173, T2172, 0"/><instruction code="OR T802, T2173, 0"/><instruction code="SETL  T2174, 0"/><instruction code="INCML T2174, 0"/><instruction code="INCMH T2174, 0"/><instruction code="INCH  T2174, 0"/><instruction code="OR T803, T2174, 0"/><instruction code="CMP T2175, T802, T803"/><instruction code="ZSNZ T2175, T2175, 1"/><instruction code="OR T804, T2175, 0"/><instruction code="BNZ T804, L99"/><instruction code="L154"/><instruction code="LDA T2176, L100"/><instruction code="GO T2176, T2176, 0"/><instruction code="L99"/><instruction code="LDO T2178, T2177, 0"/><instruction code="OR T805, T2178, 0"/><instruction code="OR T806, T28, 0"/><instruction code="SETL  T2179, 8"/><instruction code="INCML T2179, 0"/><instruction code="INCMH T2179, 0"/><instruction code="INCH  T2179, 0"/><instruction code="OR T807, T2179, 0"/><instruction code="ADD T2180, T806, T807"/><instruction code="OR T808, T2180, 0"/><instruction code="LDO T2182, T2181, 0"/><instruction code="OR T809, T2182, 0"/><instruction code="SETL  T2183, 1"/><instruction code="INCML T2183, 0"/><instruction code="INCMH T2183, 0"/><instruction code="INCH  T2183, 0"/><instruction code="OR T810, T2183, 0"/><instruction code="ADD T2184, T809, T810"/><instruction code="OR T811, T2184, 0"/><instruction code="OR T812, T28, 0"/><instruction code="SETL  T2185, 16"/><instruction code="INCML T2185, 0"/><instruction code="INCMH T2185, 0"/><instruction code="INCH  T2185, 0"/><instruction code="OR T813, T2185, 0"/><instruction code="ADD T2186, T812, T813"/><instruction code="OR T814, T2186, 0"/><instruction code="LDO T2188, T2187, 0"/><instruction code="OR T815, T2188, 0"/><instruction code="STO T805, $254, 8"/><instruction code="STO T811, $254, 16"/><instruction code="STO T815, $254, 24"/><instruction code="LDA T2189, L4"/><instruction code="PUSHJ $15, T2189, 0"/><instruction code="OR T816, T2190, 0"/><instruction code="LDO T2194, T2193, 0"/><instruction code="STO T2194, T816, 0"/><instruction code="LDA T2195, L101"/><instruction code="GO T2195, T2195, 0"/><instruction code="L100"/><instruction code="SETL  T2196, 0"/><instruction code="INCML T2196, 0"/><instruction code="INCMH T2196, 0"/><instruction code="INCH  T2196, 0"/><instruction code="OR T817, T2196, 0"/><instruction code="LDO T2200, T2199, 0"/><instruction code="STO T2200, T817, 0"/><instruction code="SETL  T2201, 1"/><instruction code="INCML T2201, 0"/><instruction code="INCMH T2201, 0"/><instruction code="INCH  T2201, 0"/><instruction code="OR T818, T2201, 0"/><instruction code="LDO T2205, T2204, 0"/><instruction code="STO T2205, T818, 0"/><instruction code="L96"/><instruction code="OR T819, T28, 0"/><instruction code="SETL  T2206, 32"/><instruction code="INCML T2206, 0"/><instruction code="INCMH T2206, 0"/><instruction code="INCH  T2206, 0"/><instruction code="NEG T2206, 0, T2206"/><instruction code="OR T820, T2206, 0"/><instruction code="ADD T2207, T819, T820"/><instruction code="OR T821, T2207, 0"/><instruction code="LDO T2209, T2208, 0"/><instruction code="OR T822, T2209, 0"/><instruction code="SETL  T2210, 9"/><instruction code="INCML T2210, 0"/><instruction code="INCMH T2210, 0"/><instruction code="INCH  T2210, 0"/><instruction code="OR T823, T2210, 0"/><instruction code="CMP T2211, T822, T823"/><instruction code="ZSNP T2211, T2211, 1"/><instruction code="OR T824, T2211, 0"/><instruction code="BNZ T824, L97"/><instruction code="L155"/><instruction code="LDA T2212, L98"/><instruction code="GO T2212, T2212, 0"/><instruction code="L97"/><instruction code="OR T825, T28, 0"/><instruction code="SETL  T2213, 32"/><instruction code="INCML T2213, 0"/><instruction code="INCMH T2213, 0"/><instruction code="INCH  T2213, 0"/><instruction code="NEG T2213, 0, T2213"/><instruction code="OR T826, T2213, 0"/><instruction code="ADD T2214, T825, T826"/><instruction code="OR T827, T2214, 0"/><instruction code="LDO T2216, T2215, 0"/><instruction code="OR T828, T2216, 0"/><instruction code="LDO T2231, T2230, 0"/><instruction code="STO T2231, T828, 0"/><instruction code="LDO T2233, T2232, 0"/><instruction code="OR T829, T2233, 0"/><instruction code="OR T830, T28, 0"/><instruction code="SETL  T2234, 8"/><instruction code="INCML T2234, 0"/><instruction code="INCMH T2234, 0"/><instruction code="INCH  T2234, 0"/><instruction code="OR T831, T2234, 0"/><instruction code="ADD T2235, T830, T831"/><instruction code="OR T832, T2235, 0"/><instruction code="LDO T2237, T2236, 0"/><instruction code="OR T833, T2237, 0"/><instruction code="SETL  T2238, 9"/><instruction code="INCML T2238, 0"/><instruction code="INCMH T2238, 0"/><instruction code="INCH  T2238, 0"/><instruction code="OR T834, T2238, 0"/><instruction code="DIV T2239, T833, T834"/><instruction code="OR T835, T2239, 0"/><instruction code="STO T829, $254, 8"/><instruction code="STO T835, $254, 16"/><instruction code="LDA T2240, L1"/><instruction code="PUSHJ $15, T2240, 0"/><instruction code="OR T836, T2241, 0"/><instruction code="LDO T2243, T2242, 0"/><instruction code="OR T837, T2243, 0"/><instruction code="OR T838, T28, 0"/><instruction code="SETL  T2244, 8"/><instruction code="INCML T2244, 0"/><instruction code="INCMH T2244, 0"/><instruction code="INCH  T2244, 0"/><instruction code="OR T839, T2244, 0"/><instruction code="ADD T2245, T838, T839"/><instruction code="OR T840, T2245, 0"/><instruction code="LDO T2247, T2246, 0"/><instruction code="OR T841, T2247, 0"/><instruction code="SETL  T2248, 9"/><instruction code="INCML T2248, 0"/><instruction code="INCMH T2248, 0"/><instruction code="INCH  T2248, 0"/><instruction code="OR T842, T2248, 0"/><instruction code="DIV T2249, T841, T842"/><instruction code="OR T2249, rR, 0"/><instruction code="OR T843, T2249, 0"/><instruction code="STO T837, $254, 8"/><instruction code="STO T843, $254, 16"/><instruction code="LDA T2250, L2"/><instruction code="PUSHJ $15, T2250, 0"/><instruction code="OR T844, T2251, 0"/><instruction code="AND T2252, T836, T844"/><instruction code="OR T845, T2252, 0"/><instruction code="LDO T2254, T2253, 0"/><instruction code="OR T846, T2254, 0"/><instruction code="OR T847, T28, 0"/><instruction code="SETL  T2255, 8"/><instruction code="INCML T2255, 0"/><instruction code="INCMH T2255, 0"/><instruction code="INCH  T2255, 0"/><instruction code="OR T848, T2255, 0"/><instruction code="ADD T2256, T847, T848"/><instruction code="OR T849, T2256, 0"/><instruction code="LDO T2258, T2257, 0"/><instruction code="OR T850, T2258, 0"/><instruction code="SETL  T2259, 9"/><instruction code="INCML T2259, 0"/><instruction code="INCMH T2259, 0"/><instruction code="INCH  T2259, 0"/><instruction code="OR T851, T2259, 0"/><instruction code="DIV T2260, T850, T851"/><instruction code="OR T852, T2260, 0"/><instruction code="SETL  T2261, 3"/><instruction code="INCML T2261, 0"/><instruction code="INCMH T2261, 0"/><instruction code="INCH  T2261, 0"/><instruction code="OR T853, T2261, 0"/><instruction code="DIV T2262, T852, T853"/><instruction code="OR T854, T2262, 0"/><instruction code="OR T855, T28, 0"/><instruction code="SETL  T2263, 8"/><instruction code="INCML T2263, 0"/><instruction code="INCMH T2263, 0"/><instruction code="INCH  T2263, 0"/><instruction code="OR T856, T2263, 0"/><instruction code="ADD T2264, T855, T856"/><instruction code="OR T857, T2264, 0"/><instruction code="LDO T2266, T2265, 0"/><instruction code="OR T858, T2266, 0"/><instruction code="SETL  T2267, 9"/><instruction code="INCML T2267, 0"/><instruction code="INCMH T2267, 0"/><instruction code="INCH  T2267, 0"/><instruction code="OR T859, T2267, 0"/><instruction code="DIV T2268, T858, T859"/><instruction code="OR T2268, rR, 0"/><instruction code="OR T860, T2268, 0"/><instruction code="SETL  T2269, 3"/><instruction code="INCML T2269, 0"/><instruction code="INCMH T2269, 0"/><instruction code="INCH  T2269, 0"/><instruction code="OR T861, T2269, 0"/><instruction code="DIV T2270, T860, T861"/><instruction code="OR T862, T2270, 0"/><instruction code="STO T846, $254, 8"/><instruction code="STO T854, $254, 16"/><instruction code="STO T862, $254, 24"/><instruction code="LDA T2271, L3"/><instruction code="PUSHJ $15, T2271, 0"/><instruction code="OR T863, T2272, 0"/><instruction code="AND T2273, T845, T863"/><instruction code="OR T864, T2273, 0"/><instruction code="BNZ T864, L94"/><instruction code="L156"/><instruction code="LDA T2274, L95"/><instruction code="GO T2274, T2274, 0"/><instruction code="L94"/><instruction code="OR T865, T28, 0"/><instruction code="SETL  T2275, 8"/><instruction code="INCML T2275, 0"/><instruction code="INCMH T2275, 0"/><instruction code="INCH  T2275, 0"/><instruction code="NEG T2275, 0, T2275"/><instruction code="OR T866, T2275, 0"/><instruction code="ADD T2276, T865, T866"/><instruction code="OR T867, T2276, 0"/><instruction code="LDO T2278, T2277, 0"/><instruction code="OR T868, T2278, 0"/><instruction code="LDO T2280, T2279, 0"/><instruction code="OR T869, T2280, 0"/><instruction code="OR T870, T28, 0"/><instruction code="SETL  T2281, 8"/><instruction code="INCML T2281, 0"/><instruction code="INCMH T2281, 0"/><instruction code="INCH  T2281, 0"/><instruction code="OR T871, T2281, 0"/><instruction code="ADD T2282, T870, T871"/><instruction code="OR T872, T2282, 0"/><instruction code="LDO T2284, T2283, 0"/><instruction code="OR T873, T2284, 0"/><instruction code="SETL  T2285, 1"/><instruction code="INCML T2285, 0"/><instruction code="INCMH T2285, 0"/><instruction code="INCH  T2285, 0"/><instruction code="OR T874, T2285, 0"/><instruction code="ADD T2286, T873, T874"/><instruction code="OR T875, T2286, 0"/><instruction code="OR T876, T28, 0"/><instruction code="SETL  T2287, 16"/><instruction code="INCML T2287, 0"/><instruction code="INCMH T2287, 0"/><instruction code="INCH  T2287, 0"/><instruction code="OR T877, T2287, 0"/><instruction code="ADD T2288, T876, T877"/><instruction code="OR T878, T2288, 0"/><instruction code="LDO T2290, T2289, 0"/><instruction code="OR T879, T2290, 0"/><instruction code="STO T869, $254, 8"/><instruction code="STO T875, $254, 16"/><instruction code="STO T879, $254, 24"/><instruction code="LDA T2291, L4"/><instruction code="PUSHJ $15, T2291, 0"/><instruction code="OR T880, T2292, 0"/><instruction code="ADD T2293, T868, T880"/><instruction code="OR T881, T2293, 0"/><instruction code="LDO T2297, T2296, 0"/><instruction code="STO T2297, T881, 0"/><instruction code="L95"/><instruction code="SETL  T2298, 0"/><instruction code="INCML T2298, 0"/><instruction code="INCMH T2298, 0"/><instruction code="INCH  T2298, 0"/><instruction code="OR T882, T2298, 0"/><instruction code="LDO T2313, T2312, 0"/><instruction code="STO T2313, T882, 0"/><instruction code="OR T883, T28, 0"/><instruction code="SETL  T2314, 32"/><instruction code="INCML T2314, 0"/><instruction code="INCMH T2314, 0"/><instruction code="INCH  T2314, 0"/><instruction code="NEG T2314, 0, T2314"/><instruction code="OR T884, T2314, 0"/><instruction code="ADD T2315, T883, T884"/><instruction code="OR T885, T2315, 0"/><instruction code="LDO T2317, T2316, 0"/><instruction code="OR T886, T2317, 0"/><instruction code="SETL  T2318, 1"/><instruction code="INCML T2318, 0"/><instruction code="INCMH T2318, 0"/><instruction code="INCH  T2318, 0"/><instruction code="OR T887, T2318, 0"/><instruction code="ADD T2319, T886, T887"/><instruction code="OR T888, T2319, 0"/><instruction code="LDO T2323, T2322, 0"/><instruction code="STO T2323, T888, 0"/><instruction code="LDA T2324, L96"/><instruction code="GO T2324, T2324, 0"/><instruction code="L98"/><instruction code="SETL  T2325, 0"/><instruction code="INCML T2325, 0"/><instruction code="INCMH T2325, 0"/><instruction code="INCH  T2325, 0"/><instruction code="OR T889, T2325, 0"/><instruction code="OR T890, T889, 0"/><instruction code="L101"/><instruction code="L104"/><instruction code="OR T891, T28, 0"/><instruction code="SETL  T2326, 8"/><instruction code="INCML T2326, 0"/><instruction code="INCMH T2326, 0"/><instruction code="INCH  T2326, 0"/><instruction code="NEG T2326, 0, T2326"/><instruction code="OR T892, T2326, 0"/><instruction code="ADD T2327, T891, T892"/><instruction code="OR T893, T2327, 0"/><instruction code="LDO T2329, T2328, 0"/><instruction code="OR T894, T2329, 0"/><instruction code="OR T29, T894, 0"/><instruction code="LDA T2330, L158"/><instruction code="GO T2330, T2330, 0"/></instructions></code><code entrylabel="L159" exitlabel="L160" tempsize="0"><frame FP="T20" RV="T21" argssize="24" depth="1" label="_sudoku" locssize="8" size="48"/><instructions><instruction code="L159"/><instruction code="OR T895, T20, 0"/><instruction code="SETL  T2331, 8"/><instruction code="INCML T2331, 0"/><instruction code="INCMH T2331, 0"/><instruction code="INCH  T2331, 0"/><instruction code="OR T896, T2331, 0"/><instruction code="ADD T2332, T895, T896"/><instruction code="OR T897, T2332, 0"/><instruction code="LDO T2334, T2333, 0"/><instruction code="OR T898, T2334, 0"/><instruction code="LDO T2338, T2337, 0"/><instruction code="STO T2338, T898, 0"/><instruction code="OR T899, T20, 0"/><instruction code="SETL  T2339, 0"/><instruction code="INCML T2339, 0"/><instruction code="INCMH T2339, 0"/><instruction code="INCH  T2339, 0"/><instruction code="OR T900, T2339, 0"/><instruction code="SETL  T2340, 81"/><instruction code="INCML T2340, 0"/><instruction code="INCMH T2340, 0"/><instruction code="INCH  T2340, 0"/><instruction code="OR T901, T2340, 0"/><instruction code="STO T899, $254, 8"/><instruction code="STO T900, $254, 16"/><instruction code="STO T901, $254, 24"/><instruction code="LDA T2341, L4"/><instruction code="PUSHJ $15, T2341, 0"/><instruction code="OR T902, T2342, 0"/><instruction code="OR T21, T902, 0"/><instruction code="LDA T2343, L160"/><instruction code="GO T2343, T2343, 0"/></instructions></code></asmgen>