<?xml version="1.0" encoding="UTF-8" standalone="no"?><?xml-stylesheet type="text/xsl" href="../../data/asmgen.xsl"?><asmgen><code entrylabel="L2" exitlabel="L3" tempsize="0"><frame FP="T0" RV="T1" argssize="0" depth="1" label="_f1" locssize="0" size="16"/><instructions><instruction code="L2"/><instruction code="LDA T21, L0"/><instruction code="OR T1, T21, 0"/><instruction code="LDA T22, L3"/><instruction code="GO T22, T22, 0"/></instructions></code><code entrylabel="L4" exitlabel="L5" tempsize="0"><frame FP="T2" RV="T3" argssize="0" depth="1" label="_f2" locssize="0" size="16"/><instructions><instruction code="L4"/><instruction code="SETL  T23, 1"/><instruction code="INCML T23, 0"/><instruction code="INCMH T23, 0"/><instruction code="INCH  T23, 0"/><instruction code="OR T3, T23, 0"/><instruction code="LDA T24, L5"/><instruction code="GO T24, T24, 0"/></instructions></code><code entrylabel="L6" exitlabel="L7" tempsize="0"><frame FP="T4" RV="T5" argssize="16" depth="1" label="_main" locssize="0" size="32"/><instructions><instruction code="L6"/><instruction code="SETL  T25, 3"/><instruction code="INCML T25, 0"/><instruction code="INCMH T25, 0"/><instruction code="INCH  T25, 0"/><instruction code="OR T12, T25, 0"/><instruction code="SETL  T26, 2"/><instruction code="INCML T26, 0"/><instruction code="INCMH T26, 0"/><instruction code="INCH  T26, 0"/><instruction code="OR T13, T26, 0"/><instruction code="ADD T27, T12, T13"/><instruction code="OR T14, T27, 0"/><instruction code="LDO T30, T29, 0"/><instruction code="STO T30, T14, 0"/><instruction code="SETL  T31, 0"/><instruction code="INCML T31, 0"/><instruction code="INCMH T31, 0"/><instruction code="INCH  T31, 0"/><instruction code="OR T15, T31, 0"/><instruction code="LDA T32, L1"/><instruction code="OR T16, T32, 0"/><instruction code="STO T15, $254, 8"/><instruction code="STO T16, $254, 16"/><instruction code="LDA T33, _putString"/><instruction code="PUSHJ $15, T33, 0"/><instruction code="OR T17, T34, 0"/><instruction code="SETL  T35, 0"/><instruction code="INCML T35, 0"/><instruction code="INCMH T35, 0"/><instruction code="INCH  T35, 0"/><instruction code="OR T18, T35, 0"/><instruction code="OR T5, T18, 0"/><instruction code="LDA T36, L7"/><instruction code="GO T36, T36, 0"/></instructions></code></asmgen>