<?xml version="1.0" encoding="UTF-8" standalone="no"?><?xml-stylesheet type="text/xsl" href="../../data/asmgen.xsl"?><asmgen><code entrylabel="L1" exitlabel="L2" tempsize="0"><frame FP="T0" RV="T1" argssize="16" depth="1" label="_f" locssize="40" size="72"/><instructions><instruction code="L1"/><instruction code="OR T4,T0,0"/><instruction code="SETL T68,32"/><instruction code="INCML T68,0"/><instruction code="INCMH T68,0"/><instruction code="INCH T68,0"/><instruction code="NEG T68,0,T68"/><instruction code="OR T5,T68,0"/><instruction code="ADD T69,T4,T5"/><instruction code="OR T6,T69,0"/><instruction code="SETL T70,8"/><instruction code="INCML T70,0"/><instruction code="INCMH T70,0"/><instruction code="INCH T70,0"/><instruction code="OR T7,T70,0"/><instruction code="ADD T71,T6,T7"/><instruction code="OR T8,T71,0"/><instruction code="LDO T72,T8,0"/><instruction code="OR T9,T72,0"/><instruction code="SETL T73,5"/><instruction code="INCML T73,0"/><instruction code="INCMH T73,0"/><instruction code="INCH T73,0"/><instruction code="OR T10,T73,0"/><instruction code="SETL T74,55"/><instruction code="INCML T74,0"/><instruction code="INCMH T74,0"/><instruction code="INCH T74,0"/><instruction code="OR T11,T74,0"/><instruction code="SETL T75,55"/><instruction code="INCML T75,0"/><instruction code="INCMH T75,0"/><instruction code="INCH T75,0"/><instruction code="OR T12,T75,0"/><instruction code="NEG T76,0,T12"/><instruction code="OR T13,T76,0"/><instruction code="SETL T77,55"/><instruction code="INCML T77,0"/><instruction code="INCMH T77,0"/><instruction code="INCH T77,0"/><instruction code="OR T14,T77,0"/><instruction code="NEG T78,0,T14"/><instruction code="OR T15,T78,0"/><instruction code="SETL T79,55"/><instruction code="INCML T79,0"/><instruction code="INCMH T79,0"/><instruction code="INCH T79,0"/><instruction code="OR T16,T79,0"/><instruction code="ADD T80,T15,T16"/><instruction code="OR T17,T80,0"/><instruction code="SETL T81,17"/><instruction code="INCML T81,0"/><instruction code="INCMH T81,0"/><instruction code="INCH T81,0"/><instruction code="OR T18,T81,0"/><instruction code="NEG T82,0,T18"/><instruction code="OR T19,T82,0"/><instruction code="LDA T83,_vr"/><instruction code="OR T20,T83,0"/><instruction code="LDA T84,_zzz"/><instruction code="OR T21,T84,0"/><instruction code="LDO T85,T21,0"/><instruction code="OR T22,T85,0"/><instruction code="OR T23,T0,0"/><instruction code="SETL T86,8"/><instruction code="INCML T86,0"/><instruction code="INCMH T86,0"/><instruction code="INCH T86,0"/><instruction code="NEG T86,0,T86"/><instruction code="OR T24,T86,0"/><instruction code="ADD T87,T23,T24"/><instruction code="OR T25,T87,0"/><instruction code="OR T26,T0,0"/><instruction code="SETL T88,40"/><instruction code="INCML T88,0"/><instruction code="INCMH T88,0"/><instruction code="INCH T88,0"/><instruction code="NEG T88,0,T88"/><instruction code="OR T27,T88,0"/><instruction code="ADD T89,T26,T27"/><instruction code="OR T28,T89,0"/><instruction code="OR T30,T0,0"/><instruction code="SETL T90,24"/><instruction code="INCML T90,0"/><instruction code="INCMH T90,0"/><instruction code="INCH T90,0"/><instruction code="OR T31,T90,0"/><instruction code="STO T30,$254,0"/><instruction code="STO T31,$254,8"/><instruction code="PUSHJ $8,__new"/><instruction code="LDO T92,$254,0"/><instruction code="OR T32,T92,0"/><instruction code="STO T32,T28,0"/><instruction code="LDA T94,L0"/><instruction code="OR T33,T94,0"/><instruction code="OR T34,T0,0"/><instruction code="SETL T95,8"/><instruction code="INCML T95,0"/><instruction code="INCMH T95,0"/><instruction code="INCH T95,0"/><instruction code="NEG T95,0,T95"/><instruction code="OR T35,T95,0"/><instruction code="ADD T96,T34,T35"/><instruction code="OR T36,T96,0"/><instruction code="OR T38,T0,0"/><instruction code="SETL T97,32"/><instruction code="INCML T97,0"/><instruction code="INCMH T97,0"/><instruction code="INCH T97,0"/><instruction code="NEG T97,0,T97"/><instruction code="OR T39,T97,0"/><instruction code="ADD T98,T38,T39"/><instruction code="OR T40,T98,0"/><instruction code="SETL T99,0"/><instruction code="INCML T99,0"/><instruction code="INCMH T99,0"/><instruction code="INCH T99,0"/><instruction code="OR T41,T99,0"/><instruction code="ADD T100,T40,T41"/><instruction code="OR T42,T100,0"/><instruction code="LDO T101,T42,0"/><instruction code="OR T43,T101,0"/><instruction code="OR T44,T0,0"/><instruction code="SETL T102,32"/><instruction code="INCML T102,0"/><instruction code="INCMH T102,0"/><instruction code="INCH T102,0"/><instruction code="NEG T102,0,T102"/><instruction code="OR T45,T102,0"/><instruction code="ADD T103,T44,T45"/><instruction code="OR T46,T103,0"/><instruction code="SETL T104,8"/><instruction code="INCML T104,0"/><instruction code="INCMH T104,0"/><instruction code="INCH T104,0"/><instruction code="OR T47,T104,0"/><instruction code="ADD T105,T46,T47"/><instruction code="OR T48,T105,0"/><instruction code="LDO T106,T48,0"/><instruction code="OR T49,T106,0"/><instruction code="OR T50,T0,0"/><instruction code="SETL T107,32"/><instruction code="INCML T107,0"/><instruction code="INCMH T107,0"/><instruction code="INCH T107,0"/><instruction code="NEG T107,0,T107"/><instruction code="OR T51,T107,0"/><instruction code="ADD T108,T50,T51"/><instruction code="OR T52,T108,0"/><instruction code="SETL T109,16"/><instruction code="INCML T109,0"/><instruction code="INCMH T109,0"/><instruction code="INCH T109,0"/><instruction code="OR T53,T109,0"/><instruction code="ADD T110,T52,T53"/><instruction code="OR T54,T110,0"/><instruction code="LDO T111,T54,0"/><instruction code="OR T55,T111,0"/><instruction code="MUL T112,T49,T55"/><instruction code="OR T56,T112,0"/><instruction code="OR T57,T0,0"/><instruction code="SETL T113,32"/><instruction code="INCML T113,0"/><instruction code="INCMH T113,0"/><instruction code="INCH T113,0"/><instruction code="NEG T113,0,T113"/><instruction code="OR T58,T113,0"/><instruction code="ADD T114,T57,T58"/><instruction code="OR T59,T114,0"/><instruction code="SETL T115,0"/><instruction code="INCML T115,0"/><instruction code="INCMH T115,0"/><instruction code="INCH T115,0"/><instruction code="OR T60,T115,0"/><instruction code="ADD T116,T59,T60"/><instruction code="OR T61,T116,0"/><instruction code="LDO T117,T61,0"/><instruction code="OR T62,T117,0"/><instruction code="DIV T118,T56,T62"/><instruction code="GET T118,rR"/><instruction code="OR T63,T118,0"/><instruction code="ADD T119,T43,T63"/><instruction code="OR T64,T119,0"/><instruction code="STO T64,T36,0"/><instruction code="SETL T121,0"/><instruction code="INCML T121,0"/><instruction code="INCMH T121,0"/><instruction code="INCH T121,0"/><instruction code="OR T65,T121,0"/><instruction code="OR T1,T65,0"/><instruction code="JMP L2"/></instructions></code><code entrylabel="L3" exitlabel="L4" tempsize="0"><frame FP="T2" RV="T3" argssize="0" depth="1" label="_main" locssize="0" size="16"/><instructions><instruction code="L3"/><instruction code="SETL T123,1"/><instruction code="INCML T123,0"/><instruction code="INCMH T123,0"/><instruction code="INCH T123,0"/><instruction code="OR T66,T123,0"/><instruction code="SETL T124,0"/><instruction code="INCML T124,0"/><instruction code="INCMH T124,0"/><instruction code="INCH T124,0"/><instruction code="OR T67,T124,0"/><instruction code="OR T3,T67,0"/><instruction code="JMP L4"/></instructions></code></asmgen>