<?xml version="1.0" encoding="UTF-8" standalone="no"?><?xml-stylesheet type="text/xsl" href="../../data/asmgen.xsl"?><asmgen><code entrylabel="L17" exitlabel="L18" tempsize="0"><frame FP="T0" RV="T1" argssize="0" depth="1" label="_x" locssize="88" size="104"/><instructions><instruction code="L17"/><instruction code="SETL  T218, 1"/><instruction code="INCML T218, 0"/><instruction code="INCMH T218, 0"/><instruction code="INCH  T218, 0"/><instruction code="OR T20, T218, 0"/><instruction code="OR T21, T0, 0"/><instruction code="SETL  T219, 8"/><instruction code="INCML T219, 0"/><instruction code="INCMH T219, 0"/><instruction code="INCH  T219, 0"/><instruction code="NEG T219, 0, T219"/><instruction code="OR T22, T219, 0"/><instruction code="ADD T220, T21, T22"/><instruction code="OR T23, T220, 0"/><instruction code="LDO T222, T221, 0"/><instruction code="OR T24, T222, 0"/><instruction code="OR T25, T24, 0"/><instruction code="SETL  T223, 1"/><instruction code="INCML T223, 0"/><instruction code="INCMH T223, 0"/><instruction code="INCH  T223, 0"/><instruction code="OR T26, T223, 0"/><instruction code="SETL  T224, 99"/><instruction code="INCML T224, 0"/><instruction code="INCMH T224, 0"/><instruction code="INCH  T224, 0"/><instruction code="OR T27, T224, 0"/><instruction code="OR T28, T27, 0"/><instruction code="ADD T225, T25, T28"/><instruction code="OR T29, T225, 0"/><instruction code="SETL  T226, 256"/><instruction code="INCML T226, 0"/><instruction code="INCMH T226, 0"/><instruction code="INCH  T226, 0"/><instruction code="OR T30, T226, 0"/><instruction code="DIV T227, T29, T30"/><instruction code="OR T227, rR, 0"/><instruction code="OR T1, T227, 0"/><instruction code="LDA T228, L18"/><instruction code="GO T228, T228, 0"/></instructions></code><code entrylabel="L19" exitlabel="L20" tempsize="0"><frame FP="T2" RV="T3" argssize="0" depth="1" label="_g" locssize="0" size="16"/><instructions><instruction code="L19"/><instruction code="SETL  T229, 1"/><instruction code="INCML T229, 0"/><instruction code="INCMH T229, 0"/><instruction code="INCH  T229, 0"/><instruction code="OR T31, T229, 0"/><instruction code="SETL  T230, 0"/><instruction code="INCML T230, 0"/><instruction code="INCMH T230, 0"/><instruction code="INCH  T230, 0"/><instruction code="OR T32, T230, 0"/><instruction code="OR T3, T32, 0"/><instruction code="LDA T231, L20"/><instruction code="GO T231, T231, 0"/></instructions></code><code entrylabel="L21" exitlabel="L22" tempsize="0"><frame FP="T6" RV="T7" argssize="0" depth="1" label="_main" locssize="0" size="16"/><instructions><instruction code="L21"/><instruction code="SETL  T232, 1"/><instruction code="INCML T232, 0"/><instruction code="INCMH T232, 0"/><instruction code="INCH  T232, 0"/><instruction code="OR T33, T232, 0"/><instruction code="SETL  T233, 0"/><instruction code="INCML T233, 0"/><instruction code="INCMH T233, 0"/><instruction code="INCH  T233, 0"/><instruction code="OR T34, T233, 0"/><instruction code="OR T7, T34, 0"/><instruction code="LDA T234, L22"/><instruction code="GO T234, T234, 0"/></instructions></code><code entrylabel="L23" exitlabel="L24" tempsize="0"><frame FP="T14" RV="T15" argssize="0" depth="3" label="L1" locssize="80" size="96"/><instructions><instruction code="L23"/><instruction code="SETL  T235, 1"/><instruction code="INCML T235, 0"/><instruction code="INCMH T235, 0"/><instruction code="INCH  T235, 0"/><instruction code="OR T35, T235, 0"/><instruction code="OR T36, T14, 0"/><instruction code="LDO T237, T236, 0"/><instruction code="OR T37, T237, 0"/><instruction code="LDO T239, T238, 0"/><instruction code="OR T38, T239, 0"/><instruction code="SETL  T240, 16"/><instruction code="INCML T240, 0"/><instruction code="INCMH T240, 0"/><instruction code="INCH  T240, 0"/><instruction code="NEG T240, 0, T240"/><instruction code="OR T39, T240, 0"/><instruction code="ADD T241, T38, T39"/><instruction code="OR T40, T241, 0"/><instruction code="LDO T243, T242, 0"/><instruction code="OR T41, T243, 0"/><instruction code="SETL  T244, 1"/><instruction code="INCML T244, 0"/><instruction code="INCMH T244, 0"/><instruction code="INCH  T244, 0"/><instruction code="OR T42, T244, 0"/><instruction code="ADD T245, T41, T42"/><instruction code="OR T43, T245, 0"/><instruction code="LDO T253, T252, 0"/><instruction code="STO T253, T43, 0"/><instruction code="OR T44, T14, 0"/><instruction code="SETL  T254, 80"/><instruction code="INCML T254, 0"/><instruction code="INCMH T254, 0"/><instruction code="INCH  T254, 0"/><instruction code="NEG T254, 0, T254"/><instruction code="OR T45, T254, 0"/><instruction code="ADD T255, T44, T45"/><instruction code="OR T46, T255, 0"/><instruction code="SETL  T256, 17"/><instruction code="INCML T256, 0"/><instruction code="INCMH T256, 0"/><instruction code="INCH  T256, 0"/><instruction code="OR T47, T256, 0"/><instruction code="SETL  T257, 8"/><instruction code="INCML T257, 0"/><instruction code="INCMH T257, 0"/><instruction code="INCH  T257, 0"/><instruction code="OR T48, T257, 0"/><instruction code="MUL T258, T47, T48"/><instruction code="OR T49, T258, 0"/><instruction code="ADD T259, T46, T49"/><instruction code="OR T50, T259, 0"/><instruction code="LDO T261, T260, 0"/><instruction code="OR T51, T261, 0"/><instruction code="OR T15, T51, 0"/><instruction code="LDA T262, L24"/><instruction code="GO T262, T262, 0"/></instructions></code><code entrylabel="L25" exitlabel="L26" tempsize="0"><frame FP="T16" RV="T17" argssize="0" depth="3" label="L2" locssize="0" size="16"/><instructions><instruction code="L25"/><instruction code="SETL  T263, 1"/><instruction code="INCML T263, 0"/><instruction code="INCMH T263, 0"/><instruction code="INCH  T263, 0"/><instruction code="OR T17, T263, 0"/><instruction code="LDA T264, L26"/><instruction code="GO T264, T264, 0"/></instructions></code><code entrylabel="L27" exitlabel="L28" tempsize="0"><frame FP="T12" RV="T13" argssize="32" depth="2" label="L0" locssize="16" size="64"/><instructions><instruction code="L27"/><instruction code="SETL  T265, 0"/><instruction code="INCML T265, 0"/><instruction code="INCMH T265, 0"/><instruction code="INCH  T265, 0"/><instruction code="OR T52, T265, 0"/><instruction code="SETL  T266, 1"/><instruction code="INCML T266, 0"/><instruction code="INCMH T266, 0"/><instruction code="INCH  T266, 0"/><instruction code="OR T53, T266, 0"/><instruction code="LDA T267, _global"/><instruction code="OR T54, T267, 0"/><instruction code="SETL  T268, 8"/><instruction code="INCML T268, 0"/><instruction code="INCMH T268, 0"/><instruction code="INCH  T268, 0"/><instruction code="OR T55, T268, 0"/><instruction code="ADD T269, T54, T55"/><instruction code="OR T56, T269, 0"/><instruction code="LDO T271, T270, 0"/><instruction code="OR T57, T271, 0"/><instruction code="SETL  T272, 1"/><instruction code="INCML T272, 0"/><instruction code="INCMH T272, 0"/><instruction code="INCH  T272, 0"/><instruction code="OR T58, T272, 0"/><instruction code="STO `d0, $254, 8"/><instruction code="STO `d0, $254, 16"/><instruction code="STO `d0, $254, 24"/><instruction code="STO `d0, $254, 32"/><instruction code="LDA T273, _h"/><instruction code="GO $0, T273, 0"/><instruction code="OR T59, T274, 0"/><instruction code="OR T60, T12, 0"/><instruction code="SETL  T275, 8"/><instruction code="INCML T275, 0"/><instruction code="INCMH T275, 0"/><instruction code="INCH  T275, 0"/><instruction code="NEG T275, 0, T275"/><instruction code="OR T61, T275, 0"/><instruction code="ADD T276, T60, T61"/><instruction code="OR T62, T276, 0"/><instruction code="LDO T278, T277, 0"/><instruction code="OR T63, T278, 0"/><instruction code="OR T13, T63, 0"/><instruction code="LDA T279, L28"/><instruction code="GO T279, T279, 0"/></instructions></code><code entrylabel="L29" exitlabel="L30" tempsize="0"><frame FP="T18" RV="T19" argssize="24" depth="2" label="L3" locssize="16" size="56"/><instructions><instruction code="L29"/><instruction code="LDO T281, T280, 0"/><instruction code="OR T64, T281, 0"/><instruction code="OR T65, T18, 0"/><instruction code="SETL  T282, 8"/><instruction code="INCML T282, 0"/><instruction code="INCMH T282, 0"/><instruction code="INCH  T282, 0"/><instruction code="NEG T282, 0, T282"/><instruction code="OR T66, T282, 0"/><instruction code="ADD T283, T65, T66"/><instruction code="OR T67, T283, 0"/><instruction code="LDO T285, T284, 0"/><instruction code="OR T68, T285, 0"/><instruction code="LDO T287, T286, 0"/><instruction code="OR T69, T287, 0"/><instruction code="SETL  T288, 1"/><instruction code="INCML T288, 0"/><instruction code="INCMH T288, 0"/><instruction code="INCH  T288, 0"/><instruction code="OR T70, T288, 0"/><instruction code="SETL  T289, 1"/><instruction code="INCML T289, 0"/><instruction code="INCMH T289, 0"/><instruction code="INCH  T289, 0"/><instruction code="OR T71, T289, 0"/><instruction code="STO `d0, $254, 8"/><instruction code="STO `d0, $254, 16"/><instruction code="STO `d0, $254, 24"/><instruction code="LDA T290, L0"/><instruction code="GO $0, T290, 0"/><instruction code="OR T72, T291, 0"/><instruction code="STO `d0, $254, 8"/><instruction code="STO `d0, $254, 16"/><instruction code="STO `d0, $254, 24"/><instruction code="LDA T292, L0"/><instruction code="GO $0, T292, 0"/><instruction code="OR T73, T293, 0"/><instruction code="OR T74, T18, 0"/><instruction code="LDO T295, T294, 0"/><instruction code="OR T75, T295, 0"/><instruction code="SETL  T296, 8"/><instruction code="INCML T296, 0"/><instruction code="INCMH T296, 0"/><instruction code="INCH  T296, 0"/><instruction code="OR T76, T296, 0"/><instruction code="ADD T297, T75, T76"/><instruction code="OR T77, T297, 0"/><instruction code="LDO T299, T298, 0"/><instruction code="OR T78, T299, 0"/><instruction code="OR T79, T18, 0"/><instruction code="SETL  T300, 8"/><instruction code="INCML T300, 0"/><instruction code="INCMH T300, 0"/><instruction code="INCH  T300, 0"/><instruction code="OR T80, T300, 0"/><instruction code="ADD T301, T79, T80"/><instruction code="OR T81, T301, 0"/><instruction code="LDO T303, T302, 0"/><instruction code="OR T82, T303, 0"/><instruction code="SETL  T304, 1"/><instruction code="INCML T304, 0"/><instruction code="INCMH T304, 0"/><instruction code="INCH  T304, 0"/><instruction code="OR T83, T304, 0"/><instruction code="NEG T305, 1, T83"/><instruction code="OR T84, T305, 0"/><instruction code="NEG T306, 1, T84"/><instruction code="OR T85, T306, 0"/><instruction code="OR T19, T85, 0"/><instruction code="LDA T307, L30"/><instruction code="GO T307, T307, 0"/></instructions></code><code entrylabel="L36" exitlabel="L37" tempsize="0"><frame FP="T8" RV="T9" argssize="72" depth="1" label="_h" locssize="128" size="216"/><instructions><instruction code="L36"/><instruction code="SETL  T308, 0"/><instruction code="INCML T308, 0"/><instruction code="INCMH T308, 0"/><instruction code="INCH  T308, 0"/><instruction code="OR T86, T308, 0"/><instruction code="STO `d0, $254, 8"/><instruction code="LDA T309, _x"/><instruction code="GO $0, T309, 0"/><instruction code="OR T87, T310, 0"/><instruction code="LDA T311, _ptt"/><instruction code="OR T88, T311, 0"/><instruction code="LDO T313, T312, 0"/><instruction code="OR T89, T313, 0"/><instruction code="SETL  T314, 3"/><instruction code="INCML T314, 0"/><instruction code="INCMH T314, 0"/><instruction code="INCH  T314, 0"/><instruction code="OR T90, T314, 0"/><instruction code="ADD T315, T89, T90"/><instruction code="OR T91, T315, 0"/><instruction code="LDO T319, T318, 0"/><instruction code="STO T319, T91, 0"/><instruction code="OR T92, T8, 0"/><instruction code="SETL  T320, 3"/><instruction code="INCML T320, 0"/><instruction code="INCMH T320, 0"/><instruction code="INCH  T320, 0"/><instruction code="OR T93, T320, 0"/><instruction code="SETL  T321, 7"/><instruction code="INCML T321, 0"/><instruction code="INCMH T321, 0"/><instruction code="INCH  T321, 0"/><instruction code="OR T94, T321, 0"/><instruction code="ADD T322, T93, T94"/><instruction code="OR T95, T322, 0"/><instruction code="SETL  T323, 3"/><instruction code="INCML T323, 0"/><instruction code="INCMH T323, 0"/><instruction code="INCH  T323, 0"/><instruction code="OR T96, T323, 0"/><instruction code="STO `d0, $254, 8"/><instruction code="STO `d0, $254, 16"/><instruction code="STO `d0, $254, 24"/><instruction code="LDA T324, L0"/><instruction code="GO $0, T324, 0"/><instruction code="OR T97, T325, 0"/><instruction code="SETL  T326, 0"/><instruction code="INCML T326, 0"/><instruction code="INCMH T326, 0"/><instruction code="INCH  T326, 0"/><instruction code="OR T98, T326, 0"/><instruction code="SETL  T327, 1"/><instruction code="INCML T327, 0"/><instruction code="INCMH T327, 0"/><instruction code="INCH  T327, 0"/><instruction code="OR T99, T327, 0"/><instruction code="OR T100, T8, 0"/><instruction code="SETL  T328, 0"/><instruction code="INCML T328, 0"/><instruction code="INCMH T328, 0"/><instruction code="INCH  T328, 0"/><instruction code="OR T101, T328, 0"/><instruction code="STO `d0, $254, 8"/><instruction code="LDA T329, _x"/><instruction code="GO $0, T329, 0"/><instruction code="OR T102, T330, 0"/><instruction code="SETL  T331, 1"/><instruction code="INCML T331, 0"/><instruction code="INCMH T331, 0"/><instruction code="INCH  T331, 0"/><instruction code="OR T103, T331, 0"/><instruction code="STO `d0, $254, 8"/><instruction code="STO `d0, $254, 16"/><instruction code="STO `d0, $254, 24"/><instruction code="LDA T332, L0"/><instruction code="GO $0, T332, 0"/><instruction code="OR T104, T333, 0"/><instruction code="SETL  T334, 256"/><instruction code="INCML T334, 0"/><instruction code="INCMH T334, 0"/><instruction code="INCH  T334, 0"/><instruction code="OR T105, T334, 0"/><instruction code="DIV T335, T104, T105"/><instruction code="OR T335, rR, 0"/><instruction code="OR T106, T335, 0"/><instruction code="SETL  T336, 1"/><instruction code="INCML T336, 0"/><instruction code="INCMH T336, 0"/><instruction code="INCH  T336, 0"/><instruction code="OR T107, T336, 0"/><instruction code="OR T108, T8, 0"/><instruction code="SETL  T337, 8"/><instruction code="INCML T337, 0"/><instruction code="INCMH T337, 0"/><instruction code="INCH  T337, 0"/><instruction code="NEG T337, 0, T337"/><instruction code="OR T109, T337, 0"/><instruction code="ADD T338, T108, T109"/><instruction code="OR T110, T338, 0"/><instruction code="LDO T340, T339, 0"/><instruction code="OR T111, T340, 0"/><instruction code="STO `d0, $254, 8"/><instruction code="STO `d0, $254, 16"/><instruction code="STO `d0, $254, 24"/><instruction code="STO `d0, $254, 32"/><instruction code="STO `d0, $254, 40"/><instruction code="LDA T341, _g"/><instruction code="GO $0, T341, 0"/><instruction code="OR T112, T342, 0"/><instruction code="SETL  T343, 0"/><instruction code="INCML T343, 0"/><instruction code="INCMH T343, 0"/><instruction code="INCH  T343, 0"/><instruction code="OR T113, T343, 0"/><instruction code="SETL  T344, 1"/><instruction code="INCML T344, 0"/><instruction code="INCMH T344, 0"/><instruction code="INCH  T344, 0"/><instruction code="OR T114, T344, 0"/><instruction code="SETL  T345, 1"/><instruction code="INCML T345, 0"/><instruction code="INCMH T345, 0"/><instruction code="INCH  T345, 0"/><instruction code="OR T115, T345, 0"/><instruction code="SETL  T346, 1"/><instruction code="INCML T346, 0"/><instruction code="INCMH T346, 0"/><instruction code="INCH  T346, 0"/><instruction code="OR T116, T346, 0"/><instruction code="STO `d0, $254, 8"/><instruction code="STO `d0, $254, 16"/><instruction code="STO `d0, $254, 24"/><instruction code="STO `d0, $254, 32"/><instruction code="LDA T347, _h"/><instruction code="GO $0, T347, 0"/><instruction code="OR T117, T348, 0"/><instruction code="SETL  T349, 0"/><instruction code="INCML T349, 0"/><instruction code="INCMH T349, 0"/><instruction code="INCH  T349, 0"/><instruction code="OR T118, T349, 0"/><instruction code="STO `d0, $254, 8"/><instruction code="LDA T350, _x"/><instruction code="GO $0, T350, 0"/><instruction code="OR T119, T351, 0"/><instruction code="OR T120, T8, 0"/><instruction code="SETL  T352, 17"/><instruction code="INCML T352, 0"/><instruction code="INCMH T352, 0"/><instruction code="INCH  T352, 0"/><instruction code="OR T121, T352, 0"/><instruction code="SETL  T353, 17"/><instruction code="INCML T353, 0"/><instruction code="INCMH T353, 0"/><instruction code="INCH  T353, 0"/><instruction code="OR T122, T353, 0"/><instruction code="STO `d0, $254, 8"/><instruction code="STO `d0, $254, 16"/><instruction code="STO `d0, $254, 24"/><instruction code="LDA T354, L0"/><instruction code="GO $0, T354, 0"/><instruction code="OR T123, T355, 0"/><instruction code="OR T124, T8, 0"/><instruction code="LDA T356, _global"/><instruction code="OR T125, T356, 0"/><instruction code="SETL  T357, 16"/><instruction code="INCML T357, 0"/><instruction code="INCMH T357, 0"/><instruction code="INCH  T357, 0"/><instruction code="OR T126, T357, 0"/><instruction code="ADD T358, T125, T126"/><instruction code="OR T127, T358, 0"/><instruction code="SETL  T359, 3"/><instruction code="INCML T359, 0"/><instruction code="INCMH T359, 0"/><instruction code="INCH  T359, 0"/><instruction code="OR T128, T359, 0"/><instruction code="SETL  T360, 8"/><instruction code="INCML T360, 0"/><instruction code="INCMH T360, 0"/><instruction code="INCH  T360, 0"/><instruction code="OR T129, T360, 0"/><instruction code="MUL T361, T128, T129"/><instruction code="OR T130, T361, 0"/><instruction code="ADD T362, T127, T130"/><instruction code="OR T131, T362, 0"/><instruction code="LDO T364, T363, 0"/><instruction code="OR T132, T364, 0"/><instruction code="OR T133, T8, 0"/><instruction code="SETL  T365, 112"/><instruction code="INCML T365, 0"/><instruction code="INCMH T365, 0"/><instruction code="INCH  T365, 0"/><instruction code="NEG T365, 0, T365"/><instruction code="OR T134, T365, 0"/><instruction code="ADD T366, T133, T134"/><instruction code="OR T135, T366, 0"/><instruction code="SETL  T367, 0"/><instruction code="INCML T367, 0"/><instruction code="INCMH T367, 0"/><instruction code="INCH  T367, 0"/><instruction code="OR T136, T367, 0"/><instruction code="ADD T368, T135, T136"/><instruction code="OR T137, T368, 0"/><instruction code="LDO T370, T369, 0"/><instruction code="OR T138, T370, 0"/><instruction code="OR T139, T8, 0"/><instruction code="SETL  T371, 112"/><instruction code="INCML T371, 0"/><instruction code="INCMH T371, 0"/><instruction code="INCH  T371, 0"/><instruction code="NEG T371, 0, T371"/><instruction code="OR T140, T371, 0"/><instruction code="ADD T372, T139, T140"/><instruction code="OR T141, T372, 0"/><instruction code="SETL  T373, 8"/><instruction code="INCML T373, 0"/><instruction code="INCMH T373, 0"/><instruction code="INCH  T373, 0"/><instruction code="OR T142, T373, 0"/><instruction code="ADD T374, T141, T142"/><instruction code="OR T143, T374, 0"/><instruction code="LDO T376, T375, 0"/><instruction code="OR T144, T376, 0"/><instruction code="SETL  T377, 1"/><instruction code="INCML T377, 0"/><instruction code="INCMH T377, 0"/><instruction code="INCH  T377, 0"/><instruction code="OR T145, T377, 0"/><instruction code="NEG T378, 0, T145"/><instruction code="OR T146, T378, 0"/><instruction code="SETL  T379, 17"/><instruction code="INCML T379, 0"/><instruction code="INCMH T379, 0"/><instruction code="INCH  T379, 0"/><instruction code="OR T147, T379, 0"/><instruction code="SETL  T380, 5"/><instruction code="INCML T380, 0"/><instruction code="INCMH T380, 0"/><instruction code="INCH  T380, 0"/><instruction code="OR T148, T380, 0"/><instruction code="SETL  T381, 6"/><instruction code="INCML T381, 0"/><instruction code="INCMH T381, 0"/><instruction code="INCH  T381, 0"/><instruction code="OR T149, T381, 0"/><instruction code="LDA T382, _ptt"/><instruction code="OR T150, T382, 0"/><instruction code="LDO T384, T383, 0"/><instruction code="OR T151, T384, 0"/><instruction code="STO `d0, $254, 8"/><instruction code="STO `d0, $254, 16"/><instruction code="STO `d0, $254, 24"/><instruction code="STO `d0, $254, 32"/><instruction code="STO `d0, $254, 40"/><instruction code="STO `d0, $254, 48"/><instruction code="STO `d0, $254, 56"/><instruction code="STO `d0, $254, 64"/><instruction code="STO `d0, $254, 72"/><instruction code="LDA T385, _test"/><instruction code="GO $0, T385, 0"/><instruction code="OR T152, T386, 0"/><instruction code="OR T153, T8, 0"/><instruction code="SETL  T387, 128"/><instruction code="INCML T387, 0"/><instruction code="INCMH T387, 0"/><instruction code="INCH  T387, 0"/><instruction code="NEG T387, 0, T387"/><instruction code="OR T154, T387, 0"/><instruction code="ADD T388, T153, T154"/><instruction code="OR T155, T388, 0"/><instruction code="SETL  T389, 99"/><instruction code="INCML T389, 0"/><instruction code="INCMH T389, 0"/><instruction code="INCH  T389, 0"/><instruction code="OR T156, T389, 0"/><instruction code="SETL  T390, 0"/><instruction code="INCML T390, 0"/><instruction code="INCMH T390, 0"/><instruction code="INCH  T390, 0"/><instruction code="OR T157, T390, 0"/><instruction code="STO `d0, $254, 8"/><instruction code="LDA T391, _x"/><instruction code="GO $0, T391, 0"/><instruction code="OR T158, T392, 0"/><instruction code="SETL  T393, 50"/><instruction code="INCML T393, 0"/><instruction code="INCMH T393, 0"/><instruction code="INCH  T393, 0"/><instruction code="OR T159, T393, 0"/><instruction code="CMP T394, T158, T159"/><instruction code="ZSP T394, T394, 1"/><instruction code="OR T160, T394, 0"/><instruction code="BNZ T160, L4"/><instruction code="L31"/><instruction code="LDA T395, L5"/><instruction code="GO T395, T395, 0"/><instruction code="L4"/><instruction code="SETL  T396, 50"/><instruction code="INCML T396, 0"/><instruction code="INCMH T396, 0"/><instruction code="INCH  T396, 0"/><instruction code="OR T161, T396, 0"/><instruction code="LDO T401, T400, 0"/><instruction code="STO T401, T161, 0"/><instruction code="SETL  T402, 3"/><instruction code="INCML T402, 0"/><instruction code="INCMH T402, 0"/><instruction code="INCH  T402, 0"/><instruction code="OR T162, T402, 0"/><instruction code="SETL  T403, 3"/><instruction code="INCML T403, 0"/><instruction code="INCMH T403, 0"/><instruction code="INCH  T403, 0"/><instruction code="OR T163, T403, 0"/><instruction code="LDO T408, T407, 0"/><instruction code="STO T408, T163, 0"/><instruction code="LDA T409, _global"/><instruction code="OR T164, T409, 0"/><instruction code="SETL  T410, 0"/><instruction code="INCML T410, 0"/><instruction code="INCMH T410, 0"/><instruction code="INCH  T410, 0"/><instruction code="OR T165, T410, 0"/><instruction code="ADD T411, T164, T165"/><instruction code="OR T166, T411, 0"/><instruction code="LDO T413, T412, 0"/><instruction code="OR T167, T413, 0"/><instruction code="OR T168, T167, 0"/><instruction code="ADD T414, T162, T168"/><instruction code="OR T169, T414, 0"/><instruction code="LDO T419, T418, 0"/><instruction code="STO T419, T169, 0"/><instruction code="LDA T420, L6"/><instruction code="GO T420, T420, 0"/><instruction code="L5"/><instruction code="SETL  T421, 49"/><instruction code="INCML T421, 0"/><instruction code="INCMH T421, 0"/><instruction code="INCH  T421, 0"/><instruction code="OR T170, T421, 0"/><instruction code="LDO T426, T425, 0"/><instruction code="STO T426, T170, 0"/><instruction code="SETL  T427, 2"/><instruction code="INCML T427, 0"/><instruction code="INCMH T427, 0"/><instruction code="INCH  T427, 0"/><instruction code="OR T171, T427, 0"/><instruction code="LDO T432, T431, 0"/><instruction code="STO T432, T171, 0"/><instruction code="L6"/><instruction code="SETL  T433, 0"/><instruction code="INCML T433, 0"/><instruction code="INCMH T433, 0"/><instruction code="INCH  T433, 0"/><instruction code="OR T172, T433, 0"/><instruction code="STO `d0, $254, 8"/><instruction code="LDA T434, _x"/><instruction code="GO $0, T434, 0"/><instruction code="OR T173, T435, 0"/><instruction code="SETL  T436, 50"/><instruction code="INCML T436, 0"/><instruction code="INCMH T436, 0"/><instruction code="INCH  T436, 0"/><instruction code="OR T174, T436, 0"/><instruction code="CMP T437, T173, T174"/><instruction code="ZSP T437, T437, 1"/><instruction code="OR T175, T437, 0"/><instruction code="BNZ T175, L7"/><instruction code="L32"/><instruction code="LDA T438, L8"/><instruction code="GO T438, T438, 0"/><instruction code="L7"/><instruction code="SETL  T439, 1"/><instruction code="INCML T439, 0"/><instruction code="INCMH T439, 0"/><instruction code="INCH  T439, 0"/><instruction code="OR T176, T439, 0"/><instruction code="L8"/><instruction code="L14"/><instruction code="OR T177, T8, 0"/><instruction code="SETL  T440, 3"/><instruction code="INCML T440, 0"/><instruction code="INCMH T440, 0"/><instruction code="INCH  T440, 0"/><instruction code="OR T178, T440, 0"/><instruction code="SETL  T441, 3"/><instruction code="INCML T441, 0"/><instruction code="INCMH T441, 0"/><instruction code="INCH  T441, 0"/><instruction code="OR T179, T441, 0"/><instruction code="STO `d0, $254, 8"/><instruction code="STO `d0, $254, 16"/><instruction code="STO `d0, $254, 24"/><instruction code="LDA T442, L0"/><instruction code="GO $0, T442, 0"/><instruction code="OR T180, T443, 0"/><instruction code="SETL  T444, 0"/><instruction code="INCML T444, 0"/><instruction code="INCMH T444, 0"/><instruction code="INCH  T444, 0"/><instruction code="OR T181, T444, 0"/><instruction code="CMP T445, T180, T181"/><instruction code="ZSP T445, T445, 1"/><instruction code="OR T182, T445, 0"/><instruction code="BNZ T182, L15"/><instruction code="L33"/><instruction code="LDA T446, L16"/><instruction code="GO T446, T446, 0"/><instruction code="L15"/><instruction code="OR T183, T8, 0"/><instruction code="SETL  T447, 16"/><instruction code="INCML T447, 0"/><instruction code="INCMH T447, 0"/><instruction code="INCH  T447, 0"/><instruction code="NEG T447, 0, T447"/><instruction code="OR T184, T447, 0"/><instruction code="ADD T448, T183, T184"/><instruction code="OR T185, T448, 0"/><instruction code="LDO T450, T449, 0"/><instruction code="OR T186, T450, 0"/><instruction code="SETL  T451, 17"/><instruction code="INCML T451, 0"/><instruction code="INCMH T451, 0"/><instruction code="INCH  T451, 0"/><instruction code="OR T187, T451, 0"/><instruction code="ADD T452, T186, T187"/><instruction code="OR T188, T452, 0"/><instruction code="LDO T456, T455, 0"/><instruction code="STO T456, T188, 0"/><instruction code="SETL  T457, 0"/><instruction code="INCML T457, 0"/><instruction code="INCMH T457, 0"/><instruction code="INCH  T457, 0"/><instruction code="OR T189, T457, 0"/><instruction code="STO `d0, $254, 8"/><instruction code="LDA T458, _x"/><instruction code="GO $0, T458, 0"/><instruction code="OR T190, T459, 0"/><instruction code="SETL  T460, 97"/><instruction code="INCML T460, 0"/><instruction code="INCMH T460, 0"/><instruction code="INCH  T460, 0"/><instruction code="OR T191, T460, 0"/><instruction code="CMP T461, T190, T191"/><instruction code="ZSNN T461, T461, 1"/><instruction code="OR T192, T461, 0"/><instruction code="BNZ T192, L11"/><instruction code="L34"/><instruction code="LDA T462, L12"/><instruction code="GO T462, T462, 0"/><instruction code="L11"/><instruction code="OR T193, T8, 0"/><instruction code="SETL  T463, 16"/><instruction code="INCML T463, 0"/><instruction code="INCMH T463, 0"/><instruction code="INCH  T463, 0"/><instruction code="NEG T463, 0, T463"/><instruction code="OR T194, T463, 0"/><instruction code="ADD T464, T193, T194"/><instruction code="OR T195, T464, 0"/><instruction code="LDO T466, T465, 0"/><instruction code="OR T196, T466, 0"/><instruction code="SETL  T467, 1"/><instruction code="INCML T467, 0"/><instruction code="INCMH T467, 0"/><instruction code="INCH  T467, 0"/><instruction code="OR T197, T467, 0"/><instruction code="ADD T468, T196, T197"/><instruction code="OR T198, T468, 0"/><instruction code="LDO T472, T471, 0"/><instruction code="STO T472, T198, 0"/><instruction code="OR T199, T8, 0"/><instruction code="SETL  T473, 128"/><instruction code="INCML T473, 0"/><instruction code="INCMH T473, 0"/><instruction code="INCH  T473, 0"/><instruction code="NEG T473, 0, T473"/><instruction code="OR T200, T473, 0"/><instruction code="ADD T474, T199, T200"/><instruction code="OR T201, T474, 0"/><instruction code="LDO T476, T475, 0"/><instruction code="OR T202, T476, 0"/><instruction code="SETL  T477, 3"/><instruction code="INCML T477, 0"/><instruction code="INCMH T477, 0"/><instruction code="INCH  T477, 0"/><instruction code="OR T203, T477, 0"/><instruction code="ADD T478, T202, T203"/><instruction code="OR T204, T478, 0"/><instruction code="LDO T482, T481, 0"/><instruction code="STO T482, T204, 0"/><instruction code="LDA T483, L13"/><instruction code="GO T483, T483, 0"/><instruction code="L12"/><instruction code="SETL  T484, 0"/><instruction code="INCML T484, 0"/><instruction code="INCMH T484, 0"/><instruction code="INCH  T484, 0"/><instruction code="OR T205, T484, 0"/><instruction code="STO `d0, $254, 8"/><instruction code="LDA T485, _x"/><instruction code="GO $0, T485, 0"/><instruction code="OR T206, T486, 0"/><instruction code="SETL  T487, 122"/><instruction code="INCML T487, 0"/><instruction code="INCMH T487, 0"/><instruction code="INCH  T487, 0"/><instruction code="OR T207, T487, 0"/><instruction code="CMP T488, T206, T207"/><instruction code="ZSNP T488, T488, 1"/><instruction code="OR T208, T488, 0"/><instruction code="BNZ T208, L9"/><instruction code="L35"/><instruction code="LDA T489, L10"/><instruction code="GO T489, T489, 0"/><instruction code="L9"/><instruction code="OR T209, T8, 0"/><instruction code="SETL  T490, 128"/><instruction code="INCML T490, 0"/><instruction code="INCMH T490, 0"/><instruction code="INCH  T490, 0"/><instruction code="NEG T490, 0, T490"/><instruction code="OR T210, T490, 0"/><instruction code="ADD T491, T209, T210"/><instruction code="OR T211, T491, 0"/><instruction code="LDO T493, T492, 0"/><instruction code="OR T212, T493, 0"/><instruction code="SETL  T494, 3"/><instruction code="INCML T494, 0"/><instruction code="INCMH T494, 0"/><instruction code="INCH  T494, 0"/><instruction code="OR T213, T494, 0"/><instruction code="SUB T495, T212, T213"/><instruction code="OR T214, T495, 0"/><instruction code="LDO T499, T498, 0"/><instruction code="STO T499, T214, 0"/><instruction code="L10"/><instruction code="L13"/><instruction code="LDA T500, L14"/><instruction code="GO T500, T500, 0"/><instruction code="L16"/><instruction code="SETL  T501, 0"/><instruction code="INCML T501, 0"/><instruction code="INCMH T501, 0"/><instruction code="INCH  T501, 0"/><instruction code="OR T215, T501, 0"/><instruction code="OR T9, T215, 0"/><instruction code="LDA T502, L37"/><instruction code="GO T502, T502, 0"/></instructions></code></asmgen>