<?xml version="1.0" encoding="UTF-8" standalone="no"?><?xml-stylesheet type="text/xsl" href="../../data/asmgen.xsl"?><asmgen><code entrylabel="L17" exitlabel="L18" tempsize="0"><frame FP="T0" RV="T1" argssize="0" depth="1" label="_x" locssize="88" size="104"/><instructions><instruction code="L17"/><instruction code="SETL T265,1"/><instruction code="INCML T265,0"/><instruction code="INCMH T265,0"/><instruction code="INCH T265,0"/><instruction code="OR T20,T265,0"/><instruction code="OR T21,T0,0"/><instruction code="SETL T266,8"/><instruction code="INCML T266,0"/><instruction code="INCMH T266,0"/><instruction code="INCH T266,0"/><instruction code="NEG T266,0,T266"/><instruction code="OR T22,T266,0"/><instruction code="ADD T267,T21,T22"/><instruction code="OR T23,T267,0"/><instruction code="LDO T268,T23,0"/><instruction code="OR T24,T268,0"/><instruction code="OR T25,T24,0"/><instruction code="SETL T269,1"/><instruction code="INCML T269,0"/><instruction code="INCMH T269,0"/><instruction code="INCH T269,0"/><instruction code="OR T26,T269,0"/><instruction code="SETL T270,99"/><instruction code="INCML T270,0"/><instruction code="INCMH T270,0"/><instruction code="INCH T270,0"/><instruction code="OR T27,T270,0"/><instruction code="OR T28,T27,0"/><instruction code="ADD T271,T25,T28"/><instruction code="OR T29,T271,0"/><instruction code="SETL T272,256"/><instruction code="INCML T272,0"/><instruction code="INCMH T272,0"/><instruction code="INCH T272,0"/><instruction code="OR T30,T272,0"/><instruction code="DIV T273,T29,T30"/><instruction code="GET T273,rR"/><instruction code="OR T1,T273,0"/><instruction code="JMP L18"/></instructions></code><code entrylabel="L19" exitlabel="L20" tempsize="0"><frame FP="T2" RV="T3" argssize="0" depth="1" label="_g" locssize="0" size="16"/><instructions><instruction code="L19"/><instruction code="SETL T275,1"/><instruction code="INCML T275,0"/><instruction code="INCMH T275,0"/><instruction code="INCH T275,0"/><instruction code="OR T31,T275,0"/><instruction code="SETL T276,0"/><instruction code="INCML T276,0"/><instruction code="INCMH T276,0"/><instruction code="INCH T276,0"/><instruction code="OR T32,T276,0"/><instruction code="OR T3,T32,0"/><instruction code="JMP L20"/></instructions></code><code entrylabel="L21" exitlabel="L22" tempsize="0"><frame FP="T6" RV="T7" argssize="0" depth="1" label="_main" locssize="0" size="16"/><instructions><instruction code="L21"/><instruction code="SETL T278,1"/><instruction code="INCML T278,0"/><instruction code="INCMH T278,0"/><instruction code="INCH T278,0"/><instruction code="OR T33,T278,0"/><instruction code="SETL T279,0"/><instruction code="INCML T279,0"/><instruction code="INCMH T279,0"/><instruction code="INCH T279,0"/><instruction code="OR T34,T279,0"/><instruction code="OR T7,T34,0"/><instruction code="JMP L22"/></instructions></code><code entrylabel="L23" exitlabel="L24" tempsize="0"><frame FP="T14" RV="T15" argssize="0" depth="3" label="L1" locssize="80" size="96"/><instructions><instruction code="L23"/><instruction code="SETL T281,1"/><instruction code="INCML T281,0"/><instruction code="INCMH T281,0"/><instruction code="INCH T281,0"/><instruction code="OR T35,T281,0"/><instruction code="OR T36,T14,0"/><instruction code="LDO T282,T36,0"/><instruction code="OR T37,T282,0"/><instruction code="LDO T283,T37,0"/><instruction code="OR T38,T283,0"/><instruction code="SETL T284,16"/><instruction code="INCML T284,0"/><instruction code="INCMH T284,0"/><instruction code="INCH T284,0"/><instruction code="NEG T284,0,T284"/><instruction code="OR T39,T284,0"/><instruction code="ADD T285,T38,T39"/><instruction code="OR T40,T285,0"/><instruction code="OR T42,T14,0"/><instruction code="LDO T286,T42,0"/><instruction code="OR T43,T286,0"/><instruction code="LDO T287,T43,0"/><instruction code="OR T44,T287,0"/><instruction code="SETL T288,16"/><instruction code="INCML T288,0"/><instruction code="INCMH T288,0"/><instruction code="INCH T288,0"/><instruction code="NEG T288,0,T288"/><instruction code="OR T45,T288,0"/><instruction code="ADD T289,T44,T45"/><instruction code="OR T46,T289,0"/><instruction code="LDO T290,T46,0"/><instruction code="OR T47,T290,0"/><instruction code="SETL T291,1"/><instruction code="INCML T291,0"/><instruction code="INCMH T291,0"/><instruction code="INCH T291,0"/><instruction code="OR T48,T291,0"/><instruction code="ADD T292,T47,T48"/><instruction code="OR T49,T292,0"/><instruction code="STO T49,T40,0"/><instruction code="OR T50,T14,0"/><instruction code="SETL T294,80"/><instruction code="INCML T294,0"/><instruction code="INCMH T294,0"/><instruction code="INCH T294,0"/><instruction code="NEG T294,0,T294"/><instruction code="OR T51,T294,0"/><instruction code="ADD T295,T50,T51"/><instruction code="OR T52,T295,0"/><instruction code="SETL T296,17"/><instruction code="INCML T296,0"/><instruction code="INCMH T296,0"/><instruction code="INCH T296,0"/><instruction code="OR T53,T296,0"/><instruction code="SETL T297,8"/><instruction code="INCML T297,0"/><instruction code="INCMH T297,0"/><instruction code="INCH T297,0"/><instruction code="OR T54,T297,0"/><instruction code="MUL T298,T53,T54"/><instruction code="OR T55,T298,0"/><instruction code="ADD T299,T52,T55"/><instruction code="OR T56,T299,0"/><instruction code="LDO T300,T56,0"/><instruction code="OR T57,T300,0"/><instruction code="OR T15,T57,0"/><instruction code="JMP L24"/></instructions></code><code entrylabel="L25" exitlabel="L26" tempsize="0"><frame FP="T16" RV="T17" argssize="0" depth="3" label="L2" locssize="0" size="16"/><instructions><instruction code="L25"/><instruction code="SETL T302,1"/><instruction code="INCML T302,0"/><instruction code="INCMH T302,0"/><instruction code="INCH T302,0"/><instruction code="OR T17,T302,0"/><instruction code="JMP L26"/></instructions></code><code entrylabel="L27" exitlabel="L28" tempsize="0"><frame FP="T12" RV="T13" argssize="32" depth="2" label="L0" locssize="16" size="64"/><instructions><instruction code="L27"/><instruction code="SETL T304,0"/><instruction code="INCML T304,0"/><instruction code="INCMH T304,0"/><instruction code="INCH T304,0"/><instruction code="OR T58,T304,0"/><instruction code="SETL T305,1"/><instruction code="INCML T305,0"/><instruction code="INCMH T305,0"/><instruction code="INCH T305,0"/><instruction code="OR T59,T305,0"/><instruction code="LDA T306,_global"/><instruction code="OR T60,T306,0"/><instruction code="SETL T307,8"/><instruction code="INCML T307,0"/><instruction code="INCMH T307,0"/><instruction code="INCH T307,0"/><instruction code="OR T61,T307,0"/><instruction code="ADD T308,T60,T61"/><instruction code="OR T62,T308,0"/><instruction code="LDO T309,T62,0"/><instruction code="OR T63,T309,0"/><instruction code="SETL T310,1"/><instruction code="INCML T310,0"/><instruction code="INCMH T310,0"/><instruction code="INCH T310,0"/><instruction code="OR T64,T310,0"/><instruction code="STO T58,$254,0"/><instruction code="STO T59,$254,8"/><instruction code="STO T63,$254,16"/><instruction code="STO T64,$254,24"/><instruction code="PUSHJ $8,_h"/><instruction code="LDO T312,$254,0"/><instruction code="OR T65,T312,0"/><instruction code="OR T66,T12,0"/><instruction code="SETL T313,8"/><instruction code="INCML T313,0"/><instruction code="INCMH T313,0"/><instruction code="INCH T313,0"/><instruction code="NEG T313,0,T313"/><instruction code="OR T67,T313,0"/><instruction code="ADD T314,T66,T67"/><instruction code="OR T68,T314,0"/><instruction code="LDO T315,T68,0"/><instruction code="OR T69,T315,0"/><instruction code="OR T13,T69,0"/><instruction code="JMP L28"/></instructions></code><code entrylabel="L29" exitlabel="L30" tempsize="0"><frame FP="T18" RV="T19" argssize="24" depth="2" label="L3" locssize="16" size="56"/><instructions><instruction code="L29"/><instruction code="LDO T317,T18,0"/><instruction code="OR T70,T317,0"/><instruction code="OR T71,T18,0"/><instruction code="SETL T318,8"/><instruction code="INCML T318,0"/><instruction code="INCMH T318,0"/><instruction code="INCH T318,0"/><instruction code="NEG T318,0,T318"/><instruction code="OR T72,T318,0"/><instruction code="ADD T319,T71,T72"/><instruction code="OR T73,T319,0"/><instruction code="LDO T320,T73,0"/><instruction code="OR T74,T320,0"/><instruction code="LDO T321,T18,0"/><instruction code="OR T75,T321,0"/><instruction code="SETL T322,1"/><instruction code="INCML T322,0"/><instruction code="INCMH T322,0"/><instruction code="INCH T322,0"/><instruction code="OR T76,T322,0"/><instruction code="SETL T323,1"/><instruction code="INCML T323,0"/><instruction code="INCMH T323,0"/><instruction code="INCH T323,0"/><instruction code="OR T77,T323,0"/><instruction code="STO T75,$254,0"/><instruction code="STO T76,$254,8"/><instruction code="STO T77,$254,16"/><instruction code="PUSHJ $8,L0"/><instruction code="LDO T325,$254,0"/><instruction code="OR T78,T325,0"/><instruction code="STO T70,$254,0"/><instruction code="STO T74,$254,8"/><instruction code="STO T78,$254,16"/><instruction code="PUSHJ $8,L0"/><instruction code="LDO T327,$254,0"/><instruction code="OR T79,T327,0"/><instruction code="OR T80,T18,0"/><instruction code="LDO T328,T80,0"/><instruction code="OR T81,T328,0"/><instruction code="SETL T329,8"/><instruction code="INCML T329,0"/><instruction code="INCMH T329,0"/><instruction code="INCH T329,0"/><instruction code="OR T82,T329,0"/><instruction code="ADD T330,T81,T82"/><instruction code="OR T83,T330,0"/><instruction code="LDO T331,T83,0"/><instruction code="OR T84,T331,0"/><instruction code="OR T85,T18,0"/><instruction code="SETL T332,8"/><instruction code="INCML T332,0"/><instruction code="INCMH T332,0"/><instruction code="INCH T332,0"/><instruction code="OR T86,T332,0"/><instruction code="ADD T333,T85,T86"/><instruction code="OR T87,T333,0"/><instruction code="LDO T334,T87,0"/><instruction code="OR T88,T334,0"/><instruction code="SETL T335,1"/><instruction code="INCML T335,0"/><instruction code="INCMH T335,0"/><instruction code="INCH T335,0"/><instruction code="OR T89,T335,0"/><instruction code="NEG T336,1,T89"/><instruction code="OR T90,T336,0"/><instruction code="NEG T337,1,T90"/><instruction code="OR T91,T337,0"/><instruction code="OR T19,T91,0"/><instruction code="JMP L30"/></instructions></code><code entrylabel="L36" exitlabel="L37" tempsize="0"><frame FP="T8" RV="T9" argssize="72" depth="1" label="_h" locssize="128" size="216"/><instructions><instruction code="L36"/><instruction code="SETL T339,0"/><instruction code="INCML T339,0"/><instruction code="INCMH T339,0"/><instruction code="INCH T339,0"/><instruction code="OR T92,T339,0"/><instruction code="STO T92,$254,0"/><instruction code="PUSHJ $8,_x"/><instruction code="LDO T341,$254,0"/><instruction code="OR T93,T341,0"/><instruction code="OR T94,T8,0"/><instruction code="SETL T342,16"/><instruction code="INCML T342,0"/><instruction code="INCMH T342,0"/><instruction code="INCH T342,0"/><instruction code="NEG T342,0,T342"/><instruction code="OR T95,T342,0"/><instruction code="ADD T343,T94,T95"/><instruction code="OR T96,T343,0"/><instruction code="LDA T344,_ptt"/><instruction code="OR T98,T344,0"/><instruction code="LDO T345,T98,0"/><instruction code="OR T99,T345,0"/><instruction code="LDO T346,T99,0"/><instruction code="OR T100,T346,0"/><instruction code="SETL T347,3"/><instruction code="INCML T347,0"/><instruction code="INCMH T347,0"/><instruction code="INCH T347,0"/><instruction code="OR T101,T347,0"/><instruction code="ADD T348,T100,T101"/><instruction code="OR T102,T348,0"/><instruction code="STO T102,T96,0"/><instruction code="OR T103,T8,0"/><instruction code="SETL T350,3"/><instruction code="INCML T350,0"/><instruction code="INCMH T350,0"/><instruction code="INCH T350,0"/><instruction code="OR T104,T350,0"/><instruction code="SETL T351,7"/><instruction code="INCML T351,0"/><instruction code="INCMH T351,0"/><instruction code="INCH T351,0"/><instruction code="OR T105,T351,0"/><instruction code="ADD T352,T104,T105"/><instruction code="OR T106,T352,0"/><instruction code="SETL T353,3"/><instruction code="INCML T353,0"/><instruction code="INCMH T353,0"/><instruction code="INCH T353,0"/><instruction code="OR T107,T353,0"/><instruction code="STO T103,$254,0"/><instruction code="STO T106,$254,8"/><instruction code="STO T107,$254,16"/><instruction code="PUSHJ $8,L0"/><instruction code="LDO T355,$254,0"/><instruction code="OR T108,T355,0"/><instruction code="SETL T356,0"/><instruction code="INCML T356,0"/><instruction code="INCMH T356,0"/><instruction code="INCH T356,0"/><instruction code="OR T109,T356,0"/><instruction code="SETL T357,1"/><instruction code="INCML T357,0"/><instruction code="INCMH T357,0"/><instruction code="INCH T357,0"/><instruction code="OR T110,T357,0"/><instruction code="OR T111,T8,0"/><instruction code="SETL T358,0"/><instruction code="INCML T358,0"/><instruction code="INCMH T358,0"/><instruction code="INCH T358,0"/><instruction code="OR T112,T358,0"/><instruction code="STO T112,$254,0"/><instruction code="PUSHJ $8,_x"/><instruction code="LDO T360,$254,0"/><instruction code="OR T113,T360,0"/><instruction code="SETL T361,1"/><instruction code="INCML T361,0"/><instruction code="INCMH T361,0"/><instruction code="INCH T361,0"/><instruction code="OR T114,T361,0"/><instruction code="STO T111,$254,0"/><instruction code="STO T113,$254,8"/><instruction code="STO T114,$254,16"/><instruction code="PUSHJ $8,L0"/><instruction code="LDO T363,$254,0"/><instruction code="OR T115,T363,0"/><instruction code="SETL T364,256"/><instruction code="INCML T364,0"/><instruction code="INCMH T364,0"/><instruction code="INCH T364,0"/><instruction code="OR T116,T364,0"/><instruction code="DIV T365,T115,T116"/><instruction code="GET T365,rR"/><instruction code="OR T117,T365,0"/><instruction code="SETL T366,1"/><instruction code="INCML T366,0"/><instruction code="INCMH T366,0"/><instruction code="INCH T366,0"/><instruction code="OR T118,T366,0"/><instruction code="OR T119,T8,0"/><instruction code="SETL T367,8"/><instruction code="INCML T367,0"/><instruction code="INCMH T367,0"/><instruction code="INCH T367,0"/><instruction code="NEG T367,0,T367"/><instruction code="OR T120,T367,0"/><instruction code="ADD T368,T119,T120"/><instruction code="OR T121,T368,0"/><instruction code="LDO T369,T121,0"/><instruction code="OR T122,T369,0"/><instruction code="STO T109,$254,0"/><instruction code="STO T110,$254,8"/><instruction code="STO T117,$254,16"/><instruction code="STO T118,$254,24"/><instruction code="STO T122,$254,32"/><instruction code="PUSHJ $8,_g"/><instruction code="LDO T371,$254,0"/><instruction code="OR T123,T371,0"/><instruction code="SETL T372,0"/><instruction code="INCML T372,0"/><instruction code="INCMH T372,0"/><instruction code="INCH T372,0"/><instruction code="OR T124,T372,0"/><instruction code="SETL T373,1"/><instruction code="INCML T373,0"/><instruction code="INCMH T373,0"/><instruction code="INCH T373,0"/><instruction code="OR T125,T373,0"/><instruction code="SETL T374,1"/><instruction code="INCML T374,0"/><instruction code="INCMH T374,0"/><instruction code="INCH T374,0"/><instruction code="OR T126,T374,0"/><instruction code="SETL T375,1"/><instruction code="INCML T375,0"/><instruction code="INCMH T375,0"/><instruction code="INCH T375,0"/><instruction code="OR T127,T375,0"/><instruction code="STO T124,$254,0"/><instruction code="STO T125,$254,8"/><instruction code="STO T126,$254,16"/><instruction code="STO T127,$254,24"/><instruction code="PUSHJ $8,_h"/><instruction code="LDO T377,$254,0"/><instruction code="OR T128,T377,0"/><instruction code="SETL T378,0"/><instruction code="INCML T378,0"/><instruction code="INCMH T378,0"/><instruction code="INCH T378,0"/><instruction code="OR T129,T378,0"/><instruction code="STO T129,$254,0"/><instruction code="PUSHJ $8,_x"/><instruction code="LDO T380,$254,0"/><instruction code="OR T130,T380,0"/><instruction code="OR T131,T8,0"/><instruction code="SETL T381,17"/><instruction code="INCML T381,0"/><instruction code="INCMH T381,0"/><instruction code="INCH T381,0"/><instruction code="OR T132,T381,0"/><instruction code="SETL T382,17"/><instruction code="INCML T382,0"/><instruction code="INCMH T382,0"/><instruction code="INCH T382,0"/><instruction code="OR T133,T382,0"/><instruction code="STO T131,$254,0"/><instruction code="STO T132,$254,8"/><instruction code="STO T133,$254,16"/><instruction code="PUSHJ $8,L0"/><instruction code="LDO T384,$254,0"/><instruction code="OR T134,T384,0"/><instruction code="OR T135,T8,0"/><instruction code="LDA T385,_global"/><instruction code="OR T136,T385,0"/><instruction code="SETL T386,16"/><instruction code="INCML T386,0"/><instruction code="INCMH T386,0"/><instruction code="INCH T386,0"/><instruction code="OR T137,T386,0"/><instruction code="ADD T387,T136,T137"/><instruction code="OR T138,T387,0"/><instruction code="SETL T388,3"/><instruction code="INCML T388,0"/><instruction code="INCMH T388,0"/><instruction code="INCH T388,0"/><instruction code="OR T139,T388,0"/><instruction code="SETL T389,8"/><instruction code="INCML T389,0"/><instruction code="INCMH T389,0"/><instruction code="INCH T389,0"/><instruction code="OR T140,T389,0"/><instruction code="MUL T390,T139,T140"/><instruction code="OR T141,T390,0"/><instruction code="ADD T391,T138,T141"/><instruction code="OR T142,T391,0"/><instruction code="LDO T392,T142,0"/><instruction code="OR T143,T392,0"/><instruction code="OR T144,T8,0"/><instruction code="SETL T393,112"/><instruction code="INCML T393,0"/><instruction code="INCMH T393,0"/><instruction code="INCH T393,0"/><instruction code="NEG T393,0,T393"/><instruction code="OR T145,T393,0"/><instruction code="ADD T394,T144,T145"/><instruction code="OR T146,T394,0"/><instruction code="SETL T395,0"/><instruction code="INCML T395,0"/><instruction code="INCMH T395,0"/><instruction code="INCH T395,0"/><instruction code="OR T147,T395,0"/><instruction code="ADD T396,T146,T147"/><instruction code="OR T148,T396,0"/><instruction code="LDO T397,T148,0"/><instruction code="OR T149,T397,0"/><instruction code="OR T150,T8,0"/><instruction code="SETL T398,112"/><instruction code="INCML T398,0"/><instruction code="INCMH T398,0"/><instruction code="INCH T398,0"/><instruction code="NEG T398,0,T398"/><instruction code="OR T151,T398,0"/><instruction code="ADD T399,T150,T151"/><instruction code="OR T152,T399,0"/><instruction code="SETL T400,8"/><instruction code="INCML T400,0"/><instruction code="INCMH T400,0"/><instruction code="INCH T400,0"/><instruction code="OR T153,T400,0"/><instruction code="ADD T401,T152,T153"/><instruction code="OR T154,T401,0"/><instruction code="LDO T402,T154,0"/><instruction code="OR T155,T402,0"/><instruction code="SETL T403,1"/><instruction code="INCML T403,0"/><instruction code="INCMH T403,0"/><instruction code="INCH T403,0"/><instruction code="OR T156,T403,0"/><instruction code="NEG T404,0,T156"/><instruction code="OR T157,T404,0"/><instruction code="SETL T405,17"/><instruction code="INCML T405,0"/><instruction code="INCMH T405,0"/><instruction code="INCH T405,0"/><instruction code="OR T158,T405,0"/><instruction code="SETL T406,5"/><instruction code="INCML T406,0"/><instruction code="INCMH T406,0"/><instruction code="INCH T406,0"/><instruction code="OR T159,T406,0"/><instruction code="SETL T407,6"/><instruction code="INCML T407,0"/><instruction code="INCMH T407,0"/><instruction code="INCH T407,0"/><instruction code="OR T160,T407,0"/><instruction code="LDA T408,_ptt"/><instruction code="OR T161,T408,0"/><instruction code="LDO T409,T161,0"/><instruction code="OR T162,T409,0"/><instruction code="LDO T410,T162,0"/><instruction code="OR T163,T410,0"/><instruction code="STO T135,$254,0"/><instruction code="STO T143,$254,8"/><instruction code="STO T149,$254,16"/><instruction code="STO T155,$254,24"/><instruction code="STO T157,$254,32"/><instruction code="STO T158,$254,40"/><instruction code="STO T159,$254,48"/><instruction code="STO T160,$254,56"/><instruction code="STO T163,$254,64"/><instruction code="PUSHJ $8,_test"/><instruction code="LDO T412,$254,0"/><instruction code="OR T164,T412,0"/><instruction code="OR T165,T8,0"/><instruction code="SETL T413,128"/><instruction code="INCML T413,0"/><instruction code="INCMH T413,0"/><instruction code="INCH T413,0"/><instruction code="NEG T413,0,T413"/><instruction code="OR T166,T413,0"/><instruction code="ADD T414,T165,T166"/><instruction code="OR T167,T414,0"/><instruction code="LDO T415,T167,0"/><instruction code="OR T168,T415,0"/><instruction code="SETL T416,99"/><instruction code="INCML T416,0"/><instruction code="INCMH T416,0"/><instruction code="INCH T416,0"/><instruction code="OR T169,T416,0"/><instruction code="SETL T417,0"/><instruction code="INCML T417,0"/><instruction code="INCMH T417,0"/><instruction code="INCH T417,0"/><instruction code="OR T170,T417,0"/><instruction code="STO T170,$254,0"/><instruction code="PUSHJ $8,_x"/><instruction code="LDO T419,$254,0"/><instruction code="OR T171,T419,0"/><instruction code="SETL T420,50"/><instruction code="INCML T420,0"/><instruction code="INCMH T420,0"/><instruction code="INCH T420,0"/><instruction code="OR T172,T420,0"/><instruction code="CMP T421,T171,T172"/><instruction code="ZSP T421,T421,1"/><instruction code="OR T173,T421,0"/><instruction code="BNZ T173,L4"/><instruction code="L31"/><instruction code="JMP L5"/><instruction code="L4"/><instruction code="LDA T423,_global"/><instruction code="OR T174,T423,0"/><instruction code="SETL T424,0"/><instruction code="INCML T424,0"/><instruction code="INCMH T424,0"/><instruction code="INCH T424,0"/><instruction code="OR T175,T424,0"/><instruction code="ADD T425,T174,T175"/><instruction code="OR T176,T425,0"/><instruction code="SETL T426,50"/><instruction code="INCML T426,0"/><instruction code="INCMH T426,0"/><instruction code="INCH T426,0"/><instruction code="OR T178,T426,0"/><instruction code="STO T178,T176,0"/><instruction code="LDA T428,_global"/><instruction code="OR T179,T428,0"/><instruction code="SETL T429,8"/><instruction code="INCML T429,0"/><instruction code="INCMH T429,0"/><instruction code="INCH T429,0"/><instruction code="OR T180,T429,0"/><instruction code="ADD T430,T179,T180"/><instruction code="OR T181,T430,0"/><instruction code="SETL T431,3"/><instruction code="INCML T431,0"/><instruction code="INCMH T431,0"/><instruction code="INCH T431,0"/><instruction code="OR T183,T431,0"/><instruction code="LDA T432,_global"/><instruction code="OR T184,T432,0"/><instruction code="SETL T433,0"/><instruction code="INCML T433,0"/><instruction code="INCMH T433,0"/><instruction code="INCH T433,0"/><instruction code="OR T185,T433,0"/><instruction code="ADD T434,T184,T185"/><instruction code="OR T186,T434,0"/><instruction code="SETL T435,3"/><instruction code="INCML T435,0"/><instruction code="INCMH T435,0"/><instruction code="INCH T435,0"/><instruction code="OR T188,T435,0"/><instruction code="STO T188,T186,0"/><instruction code="LDA T437,_global"/><instruction code="OR T189,T437,0"/><instruction code="SETL T438,0"/><instruction code="INCML T438,0"/><instruction code="INCMH T438,0"/><instruction code="INCH T438,0"/><instruction code="OR T190,T438,0"/><instruction code="ADD T439,T189,T190"/><instruction code="OR T191,T439,0"/><instruction code="LDO T440,T191,0"/><instruction code="OR T192,T440,0"/><instruction code="OR T193,T192,0"/><instruction code="ADD T441,T183,T193"/><instruction code="OR T194,T441,0"/><instruction code="STO T194,T181,0"/><instruction code="JMP L6"/><instruction code="L5"/><instruction code="LDA T444,_global"/><instruction code="OR T195,T444,0"/><instruction code="SETL T445,0"/><instruction code="INCML T445,0"/><instruction code="INCMH T445,0"/><instruction code="INCH T445,0"/><instruction code="OR T196,T445,0"/><instruction code="ADD T446,T195,T196"/><instruction code="OR T197,T446,0"/><instruction code="SETL T447,49"/><instruction code="INCML T447,0"/><instruction code="INCMH T447,0"/><instruction code="INCH T447,0"/><instruction code="OR T199,T447,0"/><instruction code="STO T199,T197,0"/><instruction code="LDA T449,_global"/><instruction code="OR T200,T449,0"/><instruction code="SETL T450,8"/><instruction code="INCML T450,0"/><instruction code="INCMH T450,0"/><instruction code="INCH T450,0"/><instruction code="OR T201,T450,0"/><instruction code="ADD T451,T200,T201"/><instruction code="OR T202,T451,0"/><instruction code="SETL T452,2"/><instruction code="INCML T452,0"/><instruction code="INCMH T452,0"/><instruction code="INCH T452,0"/><instruction code="OR T204,T452,0"/><instruction code="STO T204,T202,0"/><instruction code="L6"/><instruction code="SETL T454,0"/><instruction code="INCML T454,0"/><instruction code="INCMH T454,0"/><instruction code="INCH T454,0"/><instruction code="OR T205,T454,0"/><instruction code="STO T205,$254,0"/><instruction code="PUSHJ $8,_x"/><instruction code="LDO T456,$254,0"/><instruction code="OR T206,T456,0"/><instruction code="SETL T457,50"/><instruction code="INCML T457,0"/><instruction code="INCMH T457,0"/><instruction code="INCH T457,0"/><instruction code="OR T207,T457,0"/><instruction code="CMP T458,T206,T207"/><instruction code="ZSP T458,T458,1"/><instruction code="OR T208,T458,0"/><instruction code="BNZ T208,L7"/><instruction code="L32"/><instruction code="JMP L8"/><instruction code="L7"/><instruction code="SETL T460,1"/><instruction code="INCML T460,0"/><instruction code="INCMH T460,0"/><instruction code="INCH T460,0"/><instruction code="OR T209,T460,0"/><instruction code="L8"/><instruction code="L14"/><instruction code="OR T210,T8,0"/><instruction code="SETL T461,3"/><instruction code="INCML T461,0"/><instruction code="INCMH T461,0"/><instruction code="INCH T461,0"/><instruction code="OR T211,T461,0"/><instruction code="SETL T462,3"/><instruction code="INCML T462,0"/><instruction code="INCMH T462,0"/><instruction code="INCH T462,0"/><instruction code="OR T212,T462,0"/><instruction code="STO T210,$254,0"/><instruction code="STO T211,$254,8"/><instruction code="STO T212,$254,16"/><instruction code="PUSHJ $8,L0"/><instruction code="LDO T464,$254,0"/><instruction code="OR T213,T464,0"/><instruction code="SETL T465,0"/><instruction code="INCML T465,0"/><instruction code="INCMH T465,0"/><instruction code="INCH T465,0"/><instruction code="OR T214,T465,0"/><instruction code="CMP T466,T213,T214"/><instruction code="ZSP T466,T466,1"/><instruction code="OR T215,T466,0"/><instruction code="BNZ T215,L15"/><instruction code="L33"/><instruction code="JMP L16"/><instruction code="L15"/><instruction code="OR T216,T8,0"/><instruction code="SETL T468,16"/><instruction code="INCML T468,0"/><instruction code="INCMH T468,0"/><instruction code="INCH T468,0"/><instruction code="NEG T468,0,T468"/><instruction code="OR T217,T468,0"/><instruction code="ADD T469,T216,T217"/><instruction code="OR T218,T469,0"/><instruction code="OR T220,T8,0"/><instruction code="SETL T470,16"/><instruction code="INCML T470,0"/><instruction code="INCMH T470,0"/><instruction code="INCH T470,0"/><instruction code="NEG T470,0,T470"/><instruction code="OR T221,T470,0"/><instruction code="ADD T471,T220,T221"/><instruction code="OR T222,T471,0"/><instruction code="LDO T472,T222,0"/><instruction code="OR T223,T472,0"/><instruction code="SETL T473,17"/><instruction code="INCML T473,0"/><instruction code="INCMH T473,0"/><instruction code="INCH T473,0"/><instruction code="OR T224,T473,0"/><instruction code="ADD T474,T223,T224"/><instruction code="OR T225,T474,0"/><instruction code="STO T225,T218,0"/><instruction code="SETL T476,0"/><instruction code="INCML T476,0"/><instruction code="INCMH T476,0"/><instruction code="INCH T476,0"/><instruction code="OR T226,T476,0"/><instruction code="STO T226,$254,0"/><instruction code="PUSHJ $8,_x"/><instruction code="LDO T478,$254,0"/><instruction code="OR T227,T478,0"/><instruction code="SETL T479,97"/><instruction code="INCML T479,0"/><instruction code="INCMH T479,0"/><instruction code="INCH T479,0"/><instruction code="OR T228,T479,0"/><instruction code="CMP T480,T227,T228"/><instruction code="ZSNN T480,T480,1"/><instruction code="OR T229,T480,0"/><instruction code="BNZ T229,L11"/><instruction code="L34"/><instruction code="JMP L12"/><instruction code="L11"/><instruction code="OR T230,T8,0"/><instruction code="SETL T482,16"/><instruction code="INCML T482,0"/><instruction code="INCMH T482,0"/><instruction code="INCH T482,0"/><instruction code="NEG T482,0,T482"/><instruction code="OR T231,T482,0"/><instruction code="ADD T483,T230,T231"/><instruction code="OR T232,T483,0"/><instruction code="OR T234,T8,0"/><instruction code="SETL T484,16"/><instruction code="INCML T484,0"/><instruction code="INCMH T484,0"/><instruction code="INCH T484,0"/><instruction code="NEG T484,0,T484"/><instruction code="OR T235,T484,0"/><instruction code="ADD T485,T234,T235"/><instruction code="OR T236,T485,0"/><instruction code="LDO T486,T236,0"/><instruction code="OR T237,T486,0"/><instruction code="SETL T487,1"/><instruction code="INCML T487,0"/><instruction code="INCMH T487,0"/><instruction code="INCH T487,0"/><instruction code="OR T238,T487,0"/><instruction code="ADD T488,T237,T238"/><instruction code="OR T239,T488,0"/><instruction code="STO T239,T232,0"/><instruction code="OR T240,T8,0"/><instruction code="SETL T490,128"/><instruction code="INCML T490,0"/><instruction code="INCMH T490,0"/><instruction code="INCH T490,0"/><instruction code="NEG T490,0,T490"/><instruction code="OR T241,T490,0"/><instruction code="ADD T491,T240,T241"/><instruction code="OR T242,T491,0"/><instruction code="OR T244,T8,0"/><instruction code="SETL T492,128"/><instruction code="INCML T492,0"/><instruction code="INCMH T492,0"/><instruction code="INCH T492,0"/><instruction code="NEG T492,0,T492"/><instruction code="OR T245,T492,0"/><instruction code="ADD T493,T244,T245"/><instruction code="OR T246,T493,0"/><instruction code="LDO T494,T246,0"/><instruction code="OR T247,T494,0"/><instruction code="SETL T495,3"/><instruction code="INCML T495,0"/><instruction code="INCMH T495,0"/><instruction code="INCH T495,0"/><instruction code="OR T248,T495,0"/><instruction code="ADD T496,T247,T248"/><instruction code="OR T249,T496,0"/><instruction code="STO T249,T242,0"/><instruction code="JMP L13"/><instruction code="L12"/><instruction code="SETL T499,0"/><instruction code="INCML T499,0"/><instruction code="INCMH T499,0"/><instruction code="INCH T499,0"/><instruction code="OR T250,T499,0"/><instruction code="STO T250,$254,0"/><instruction code="PUSHJ $8,_x"/><instruction code="LDO T501,$254,0"/><instruction code="OR T251,T501,0"/><instruction code="SETL T502,122"/><instruction code="INCML T502,0"/><instruction code="INCMH T502,0"/><instruction code="INCH T502,0"/><instruction code="OR T252,T502,0"/><instruction code="CMP T503,T251,T252"/><instruction code="ZSNP T503,T503,1"/><instruction code="OR T253,T503,0"/><instruction code="BNZ T253,L9"/><instruction code="L35"/><instruction code="JMP L10"/><instruction code="L9"/><instruction code="OR T254,T8,0"/><instruction code="SETL T505,128"/><instruction code="INCML T505,0"/><instruction code="INCMH T505,0"/><instruction code="INCH T505,0"/><instruction code="NEG T505,0,T505"/><instruction code="OR T255,T505,0"/><instruction code="ADD T506,T254,T255"/><instruction code="OR T256,T506,0"/><instruction code="OR T258,T8,0"/><instruction code="SETL T507,128"/><instruction code="INCML T507,0"/><instruction code="INCMH T507,0"/><instruction code="INCH T507,0"/><instruction code="NEG T507,0,T507"/><instruction code="OR T259,T507,0"/><instruction code="ADD T508,T258,T259"/><instruction code="OR T260,T508,0"/><instruction code="LDO T509,T260,0"/><instruction code="OR T261,T509,0"/><instruction code="SETL T510,3"/><instruction code="INCML T510,0"/><instruction code="INCMH T510,0"/><instruction code="INCH T510,0"/><instruction code="OR T262,T510,0"/><instruction code="SUB T511,T261,T262"/><instruction code="OR T263,T511,0"/><instruction code="STO T263,T256,0"/><instruction code="L10"/><instruction code="L13"/><instruction code="JMP L14"/><instruction code="L16"/><instruction code="SETL T514,0"/><instruction code="INCML T514,0"/><instruction code="INCMH T514,0"/><instruction code="INCH T514,0"/><instruction code="OR T264,T514,0"/><instruction code="OR T9,T264,0"/><instruction code="JMP L37"/></instructions></code></asmgen>