<?xml version="1.0" encoding="UTF-8" standalone="no"?><?xml-stylesheet type="text/xsl" href="../../data/asmgen.xsl"?><asmgen><code entrylabel="L0" exitlabel="L1" tempsize="0"><frame FP="T6" RV="T7" argssize="16" depth="1" label="_main" locssize="0" size="32"/><instructions><instruction code="L0"/><instruction code="SETL  T14, 0"/><instruction code="INCML T14, 0"/><instruction code="INCMH T14, 0"/><instruction code="INCH  T14, 0"/><instruction code="OR T8, T14, 0"/><instruction code="SETL  T15, 0"/><instruction code="INCML T15, 0"/><instruction code="INCMH T15, 0"/><instruction code="INCH  T15, 0"/><instruction code="OR T9, T15, 0"/><instruction code="STO `d0, $254, 8"/><instruction code="STO `d0, $254, 16"/><instruction code="LDA T16, _putInt"/><instruction code="GO $0, T16, 0"/><instruction code="OR T10, T17, 0"/><instruction code="SETL  T18, 0"/><instruction code="INCML T18, 0"/><instruction code="INCMH T18, 0"/><instruction code="INCH  T18, 0"/><instruction code="OR T11, T18, 0"/><instruction code="OR T7, T11, 0"/><instruction code="LDA T19, L1"/><instruction code="GO T19, T19, 0"/></instructions></code></asmgen>