<?xml version="1.0" encoding="UTF-8" standalone="no"?><?xml-stylesheet type="text/xsl" href="../../data/asmgen.xsl"?><asmgen><code entrylabel="L0" exitlabel="L1" tempsize="0"><frame FP="T0" RV="T1" argssize="0" depth="1" label="_main" locssize="0" size="16"/><instructions><instruction code="L0"/><instruction code="SETL  T10, 1"/><instruction code="INCML T10, 0"/><instruction code="INCMH T10, 0"/><instruction code="INCH  T10, 0"/><instruction code="OR T4, T10, 0"/><instruction code="LDA T11, _i"/><instruction code="STO T11, T4, 0"/><instruction code="SETL  T13, 2"/><instruction code="INCML T13, 0"/><instruction code="INCMH T13, 0"/><instruction code="INCH  T13, 0"/><instruction code="OR T5, T13, 0"/><instruction code="SETL  T14, 3"/><instruction code="INCML T14, 0"/><instruction code="INCMH T14, 0"/><instruction code="INCH  T14, 0"/><instruction code="OR T6, T14, 0"/><instruction code="DIV T15, T5, T6"/><instruction code="OR T15, rR, 0"/><instruction code="OR T7, T15, 0"/><instruction code="OR T1, T7, 0"/><instruction code="LDA T16, L1"/><instruction code="GO T16, T16, 0"/></instructions></code><code entrylabel="L2" exitlabel="L3" tempsize="0"><frame FP="T2" RV="T3" argssize="0" depth="1" label="_b" locssize="0" size="16"/><instructions><instruction code="L2"/><instruction code="SETL  T17, 1"/><instruction code="INCML T17, 0"/><instruction code="INCMH T17, 0"/><instruction code="INCH  T17, 0"/><instruction code="OR T8, T17, 0"/><instruction code="SETL  T18, 0"/><instruction code="INCML T18, 0"/><instruction code="INCMH T18, 0"/><instruction code="INCH  T18, 0"/><instruction code="OR T9, T18, 0"/><instruction code="XOR T19, T8, T9"/><instruction code="OR T3, T19, 0"/><instruction code="LDA T20, L3"/><instruction code="GO T20, T20, 0"/></instructions></code></asmgen>