<?xml version="1.0" encoding="UTF-8" standalone="no"?><?xml-stylesheet type="text/xsl" href="../../data/asmgen.xsl"?><asmgen><code entrylabel="L0" exitlabel="L1" tempsize="0"><frame FP="T6" RV="T7" argssize="16" depth="1" label="_main" locssize="0" size="32"/><instructions><instruction code="L0"/><instruction code="SETL  T12, 0"/><instruction code="INCML T12, 0"/><instruction code="INCMH T12, 0"/><instruction code="INCH  T12, 0"/><instruction code="OR T8, T12, 0"/><instruction code="SETL  T13, 0"/><instruction code="INCML T13, 0"/><instruction code="INCMH T13, 0"/><instruction code="INCH  T13, 0"/><instruction code="OR T9, T13, 0"/><instruction code="STO T8, $254, 8"/><instruction code="STO T9, $254, 16"/><instruction code="LDA T14, _putInt"/><instruction code="PUSHJ $16, T14, 0"/><instruction code="LDO T15, $254, 0"/><instruction code="OR T10, T15, 0"/><instruction code="SETL  T16, 0"/><instruction code="INCML T16, 0"/><instruction code="INCMH T16, 0"/><instruction code="INCH  T16, 0"/><instruction code="OR T11, T16, 0"/><instruction code="OR T7, T11, 0"/><instruction code="LDA T17, L1"/><instruction code="GO T17, T17, 0"/></instructions></code></asmgen>