<?xml version="1.0" encoding="UTF-8" standalone="no"?><?xml-stylesheet type="text/xsl" href="../../data/asmgen.xsl"?><asmgen><code entrylabel="L0" exitlabel="L1" tempsize="0"><frame FP="T0" RV="T1" argssize="0" depth="1" label="_main" locssize="0" size="16"/><instructions><instruction code="L0"/><instruction code="SETL  T15, 1"/><instruction code="INCML T15, 0"/><instruction code="INCMH T15, 0"/><instruction code="INCH  T15, 0"/><instruction code="OR T2, T15, 0"/><instruction code="LDO T20, T19, 0"/><instruction code="STO T20, T2, 0"/><instruction code="SETL  T21, 17"/><instruction code="INCML T21, 0"/><instruction code="INCMH T21, 0"/><instruction code="INCH  T21, 0"/><instruction code="OR T3, T21, 0"/><instruction code="LDO T24, T23, 0"/><instruction code="STO T24, T3, 0"/><instruction code="LDA T25, _pt"/><instruction code="OR T4, T25, 0"/><instruction code="SETL  T26, 0"/><instruction code="INCML T26, 0"/><instruction code="INCMH T26, 0"/><instruction code="INCH  T26, 0"/><instruction code="OR T5, T26, 0"/><instruction code="ADD T27, T4, T5"/><instruction code="OR T6, T27, 0"/><instruction code="LDO T29, T28, 0"/><instruction code="OR T7, T29, 0"/><instruction code="LDA T30, _l"/><instruction code="OR T8, T30, 0"/><instruction code="LDO T32, T31, 0"/><instruction code="OR T9, T32, 0"/><instruction code="ADD T33, T7, T9"/><instruction code="OR T10, T33, 0"/><instruction code="SETL  T34, 1"/><instruction code="INCML T34, 0"/><instruction code="INCMH T34, 0"/><instruction code="INCH  T34, 0"/><instruction code="OR T11, T34, 0"/><instruction code="SUB T35, T10, T11"/><instruction code="OR T12, T35, 0"/><instruction code="OR T1, T12, 0"/><instruction code="LDA T36, L1"/><instruction code="GO T36, T36, 0"/></instructions></code></asmgen>