<?xml version="1.0" encoding="UTF-8" standalone="no"?><?xml-stylesheet type="text/xsl" href="../../data/asmgen.xsl"?><asmgen><code entrylabel="L0" exitlabel="L1" tempsize="0"><frame FP="T0" RV="T1" argssize="0" depth="1" label="_main" locssize="0" size="16"/><instructions><instruction code="L0"/><instruction code="LDA T12,_i"/><instruction code="OR T4,T12,0"/><instruction code="SETL T13,1"/><instruction code="INCML T13,0"/><instruction code="INCMH T13,0"/><instruction code="INCH T13,0"/><instruction code="OR T6,T13,0"/><instruction code="STO T6,T4,0"/><instruction code="SETL T15,2"/><instruction code="INCML T15,0"/><instruction code="INCMH T15,0"/><instruction code="INCH T15,0"/><instruction code="OR T7,T15,0"/><instruction code="SETL T16,3"/><instruction code="INCML T16,0"/><instruction code="INCMH T16,0"/><instruction code="INCH T16,0"/><instruction code="OR T8,T16,0"/><instruction code="DIV T17,T7,T8"/><instruction code="GET T17,rR"/><instruction code="OR T9,T17,0"/><instruction code="OR T1,T9,0"/><instruction code="JMP L1"/></instructions></code><code entrylabel="L2" exitlabel="L3" tempsize="0"><frame FP="T2" RV="T3" argssize="0" depth="1" label="_b" locssize="0" size="16"/><instructions><instruction code="L2"/><instruction code="SETL T19,1"/><instruction code="INCML T19,0"/><instruction code="INCMH T19,0"/><instruction code="INCH T19,0"/><instruction code="OR T10,T19,0"/><instruction code="SETL T20,0"/><instruction code="INCML T20,0"/><instruction code="INCMH T20,0"/><instruction code="INCH T20,0"/><instruction code="OR T11,T20,0"/><instruction code="XOR T21,T10,T11"/><instruction code="OR T3,T21,0"/><instruction code="JMP L3"/></instructions></code></asmgen>