<?xml version="1.0" encoding="UTF-8" standalone="no"?><?xml-stylesheet type="text/xsl" href="../../data/asmgen.xsl"?><asmgen><code entrylabel="L110" exitlabel="L111" tempsize="0"><frame FP="T6" RV="T7" argssize="24" depth="1" label="_main" locssize="672" size="712"/><instructions><instruction code="L110"/><instruction code="SETL  T1010, 0"/><instruction code="INCML T1010, 0"/><instruction code="INCMH T1010, 0"/><instruction code="INCH  T1010, 0"/><instruction code="OR T30, T1010, 0"/><instruction code="LDA T1011, L5"/><instruction code="OR T31, T1011, 0"/><instruction code="STO T30, $254, 8"/><instruction code="STO T31, $254, 16"/><instruction code="LDA T1012, _putString"/><instruction code="PUSHJ $16, T1012, 0"/><instruction code="LDO T1013, $254, 0"/><instruction code="OR T32, T1013, 0"/><instruction code="SETL  T1014, 0"/><instruction code="INCML T1014, 0"/><instruction code="INCMH T1014, 0"/><instruction code="INCH  T1014, 0"/><instruction code="OR T33, T1014, 0"/><instruction code="SETL  T1015, 10"/><instruction code="INCML T1015, 0"/><instruction code="INCMH T1015, 0"/><instruction code="INCH  T1015, 0"/><instruction code="OR T34, T1015, 0"/><instruction code="SETL  T1016, 256"/><instruction code="INCML T1016, 0"/><instruction code="INCMH T1016, 0"/><instruction code="INCH  T1016, 0"/><instruction code="OR T35, T1016, 0"/><instruction code="DIV T1017, T34, T35"/><instruction code="OR T1017, rR, 0"/><instruction code="OR T36, T1017, 0"/><instruction code="STO T33, $254, 8"/><instruction code="STO T36, $254, 16"/><instruction code="LDA T1018, _putChar"/><instruction code="PUSHJ $16, T1018, 0"/><instruction code="LDO T1019, $254, 0"/><instruction code="OR T37, T1019, 0"/><instruction code="SETL  T1020, 1"/><instruction code="INCML T1020, 0"/><instruction code="INCMH T1020, 0"/><instruction code="INCH  T1020, 0"/><instruction code="OR T38, T1020, 0"/><instruction code="SETL  T1021, 8"/><instruction code="INCML T1021, 0"/><instruction code="INCMH T1021, 0"/><instruction code="INCH  T1021, 0"/><instruction code="NEG T1021, 0, T1021"/><instruction code="ADD T1022, T6, T1021"/><instruction code="STO T1022, T38, 0"/><instruction code="L7"/><instruction code="OR T39, T6, 0"/><instruction code="SETL  T1024, 8"/><instruction code="INCML T1024, 0"/><instruction code="INCMH T1024, 0"/><instruction code="INCH  T1024, 0"/><instruction code="NEG T1024, 0, T1024"/><instruction code="OR T40, T1024, 0"/><instruction code="ADD T1025, T39, T40"/><instruction code="OR T41, T1025, 0"/><instruction code="OR T42, T41, 0"/><instruction code="SETL  T1027, 10"/><instruction code="INCML T1027, 0"/><instruction code="INCMH T1027, 0"/><instruction code="INCH  T1027, 0"/><instruction code="OR T43, T1027, 0"/><instruction code="CMP T1028, T42, T43"/><instruction code="ZSNP T1028, T1028, 1"/><instruction code="OR T44, T1028, 0"/><instruction code="BNZ T44, L8"/><instruction code="L106"/><instruction code="LDA T1029, L9"/><instruction code="GO T1029, T1029, 0"/><instruction code="L8"/><instruction code="SETL  T1030, 0"/><instruction code="INCML T1030, 0"/><instruction code="INCMH T1030, 0"/><instruction code="INCH  T1030, 0"/><instruction code="OR T45, T1030, 0"/><instruction code="OR T46, T6, 0"/><instruction code="SETL  T1031, 8"/><instruction code="INCML T1031, 0"/><instruction code="INCMH T1031, 0"/><instruction code="INCH  T1031, 0"/><instruction code="NEG T1031, 0, T1031"/><instruction code="OR T47, T1031, 0"/><instruction code="ADD T1032, T46, T47"/><instruction code="OR T48, T1032, 0"/><instruction code="OR T49, T48, 0"/><instruction code="STO T45, $254, 8"/><instruction code="STO T49, $254, 16"/><instruction code="LDA T1034, _putInt"/><instruction code="PUSHJ $16, T1034, 0"/><instruction code="LDO T1035, $254, 0"/><instruction code="OR T50, T1035, 0"/><instruction code="SETL  T1036, 0"/><instruction code="INCML T1036, 0"/><instruction code="INCMH T1036, 0"/><instruction code="INCH  T1036, 0"/><instruction code="OR T51, T1036, 0"/><instruction code="LDA T1037, L6"/><instruction code="OR T52, T1037, 0"/><instruction code="STO T51, $254, 8"/><instruction code="STO T52, $254, 16"/><instruction code="LDA T1038, _putString"/><instruction code="PUSHJ $16, T1038, 0"/><instruction code="LDO T1039, $254, 0"/><instruction code="OR T53, T1039, 0"/><instruction code="SETL  T1040, 0"/><instruction code="INCML T1040, 0"/><instruction code="INCMH T1040, 0"/><instruction code="INCH  T1040, 0"/><instruction code="OR T54, T1040, 0"/><instruction code="SETL  T1041, 0"/><instruction code="INCML T1041, 0"/><instruction code="INCMH T1041, 0"/><instruction code="INCH  T1041, 0"/><instruction code="OR T55, T1041, 0"/><instruction code="OR T56, T6, 0"/><instruction code="SETL  T1042, 8"/><instruction code="INCML T1042, 0"/><instruction code="INCMH T1042, 0"/><instruction code="INCH  T1042, 0"/><instruction code="NEG T1042, 0, T1042"/><instruction code="OR T57, T1042, 0"/><instruction code="ADD T1043, T56, T57"/><instruction code="OR T58, T1043, 0"/><instruction code="OR T59, T58, 0"/><instruction code="STO T55, $254, 8"/><instruction code="STO T59, $254, 16"/><instruction code="LDA T1045, _facItr"/><instruction code="PUSHJ $16, T1045, 0"/><instruction code="LDO T1046, $254, 0"/><instruction code="OR T60, T1046, 0"/><instruction code="STO T54, $254, 8"/><instruction code="STO T60, $254, 16"/><instruction code="LDA T1047, _putInt"/><instruction code="PUSHJ $16, T1047, 0"/><instruction code="LDO T1048, $254, 0"/><instruction code="OR T61, T1048, 0"/><instruction code="SETL  T1049, 0"/><instruction code="INCML T1049, 0"/><instruction code="INCMH T1049, 0"/><instruction code="INCH  T1049, 0"/><instruction code="OR T62, T1049, 0"/><instruction code="SETL  T1050, 10"/><instruction code="INCML T1050, 0"/><instruction code="INCMH T1050, 0"/><instruction code="INCH  T1050, 0"/><instruction code="OR T63, T1050, 0"/><instruction code="SETL  T1051, 256"/><instruction code="INCML T1051, 0"/><instruction code="INCMH T1051, 0"/><instruction code="INCH  T1051, 0"/><instruction code="OR T64, T1051, 0"/><instruction code="DIV T1052, T63, T64"/><instruction code="OR T1052, rR, 0"/><instruction code="OR T65, T1052, 0"/><instruction code="STO T62, $254, 8"/><instruction code="STO T65, $254, 16"/><instruction code="LDA T1053, _putChar"/><instruction code="PUSHJ $16, T1053, 0"/><instruction code="LDO T1054, $254, 0"/><instruction code="OR T66, T1054, 0"/><instruction code="OR T67, T6, 0"/><instruction code="SETL  T1055, 8"/><instruction code="INCML T1055, 0"/><instruction code="INCMH T1055, 0"/><instruction code="INCH  T1055, 0"/><instruction code="NEG T1055, 0, T1055"/><instruction code="OR T68, T1055, 0"/><instruction code="ADD T1056, T67, T68"/><instruction code="OR T69, T1056, 0"/><instruction code="OR T70, T69, 0"/><instruction code="SETL  T1058, 1"/><instruction code="INCML T1058, 0"/><instruction code="INCMH T1058, 0"/><instruction code="INCH  T1058, 0"/><instruction code="OR T71, T1058, 0"/><instruction code="ADD T1059, T70, T71"/><instruction code="OR T72, T1059, 0"/><instruction code="SETL  T1060, 8"/><instruction code="INCML T1060, 0"/><instruction code="INCMH T1060, 0"/><instruction code="INCH  T1060, 0"/><instruction code="NEG T1060, 0, T1060"/><instruction code="ADD T1061, T6, T1060"/><instruction code="STO T1061, T72, 0"/><instruction code="LDA T1063, L7"/><instruction code="GO T1063, T1063, 0"/><instruction code="L9"/><instruction code="SETL  T1064, 0"/><instruction code="INCML T1064, 0"/><instruction code="INCMH T1064, 0"/><instruction code="INCH  T1064, 0"/><instruction code="OR T73, T1064, 0"/><instruction code="LDA T1065, L10"/><instruction code="OR T74, T1065, 0"/><instruction code="STO T73, $254, 8"/><instruction code="STO T74, $254, 16"/><instruction code="LDA T1066, _putString"/><instruction code="PUSHJ $16, T1066, 0"/><instruction code="LDO T1067, $254, 0"/><instruction code="OR T75, T1067, 0"/><instruction code="SETL  T1068, 0"/><instruction code="INCML T1068, 0"/><instruction code="INCMH T1068, 0"/><instruction code="INCH  T1068, 0"/><instruction code="OR T76, T1068, 0"/><instruction code="SETL  T1069, 10"/><instruction code="INCML T1069, 0"/><instruction code="INCMH T1069, 0"/><instruction code="INCH  T1069, 0"/><instruction code="OR T77, T1069, 0"/><instruction code="SETL  T1070, 256"/><instruction code="INCML T1070, 0"/><instruction code="INCMH T1070, 0"/><instruction code="INCH  T1070, 0"/><instruction code="OR T78, T1070, 0"/><instruction code="DIV T1071, T77, T78"/><instruction code="OR T1071, rR, 0"/><instruction code="OR T79, T1071, 0"/><instruction code="STO T76, $254, 8"/><instruction code="STO T79, $254, 16"/><instruction code="LDA T1072, _putChar"/><instruction code="PUSHJ $16, T1072, 0"/><instruction code="LDO T1073, $254, 0"/><instruction code="OR T80, T1073, 0"/><instruction code="SETL  T1074, 1"/><instruction code="INCML T1074, 0"/><instruction code="INCMH T1074, 0"/><instruction code="INCH  T1074, 0"/><instruction code="OR T81, T1074, 0"/><instruction code="SETL  T1075, 8"/><instruction code="INCML T1075, 0"/><instruction code="INCMH T1075, 0"/><instruction code="INCH  T1075, 0"/><instruction code="NEG T1075, 0, T1075"/><instruction code="ADD T1076, T6, T1075"/><instruction code="STO T1076, T81, 0"/><instruction code="L12"/><instruction code="OR T82, T6, 0"/><instruction code="SETL  T1078, 8"/><instruction code="INCML T1078, 0"/><instruction code="INCMH T1078, 0"/><instruction code="INCH  T1078, 0"/><instruction code="NEG T1078, 0, T1078"/><instruction code="OR T83, T1078, 0"/><instruction code="ADD T1079, T82, T83"/><instruction code="OR T84, T1079, 0"/><instruction code="OR T85, T84, 0"/><instruction code="SETL  T1081, 10"/><instruction code="INCML T1081, 0"/><instruction code="INCMH T1081, 0"/><instruction code="INCH  T1081, 0"/><instruction code="OR T86, T1081, 0"/><instruction code="CMP T1082, T85, T86"/><instruction code="ZSNP T1082, T1082, 1"/><instruction code="OR T87, T1082, 0"/><instruction code="BNZ T87, L13"/><instruction code="L107"/><instruction code="LDA T1083, L14"/><instruction code="GO T1083, T1083, 0"/><instruction code="L13"/><instruction code="SETL  T1084, 0"/><instruction code="INCML T1084, 0"/><instruction code="INCMH T1084, 0"/><instruction code="INCH  T1084, 0"/><instruction code="OR T88, T1084, 0"/><instruction code="OR T89, T6, 0"/><instruction code="SETL  T1085, 8"/><instruction code="INCML T1085, 0"/><instruction code="INCMH T1085, 0"/><instruction code="INCH  T1085, 0"/><instruction code="NEG T1085, 0, T1085"/><instruction code="OR T90, T1085, 0"/><instruction code="ADD T1086, T89, T90"/><instruction code="OR T91, T1086, 0"/><instruction code="OR T92, T91, 0"/><instruction code="STO T88, $254, 8"/><instruction code="STO T92, $254, 16"/><instruction code="LDA T1088, _putInt"/><instruction code="PUSHJ $16, T1088, 0"/><instruction code="LDO T1089, $254, 0"/><instruction code="OR T93, T1089, 0"/><instruction code="SETL  T1090, 0"/><instruction code="INCML T1090, 0"/><instruction code="INCMH T1090, 0"/><instruction code="INCH  T1090, 0"/><instruction code="OR T94, T1090, 0"/><instruction code="LDA T1091, L11"/><instruction code="OR T95, T1091, 0"/><instruction code="STO T94, $254, 8"/><instruction code="STO T95, $254, 16"/><instruction code="LDA T1092, _putString"/><instruction code="PUSHJ $16, T1092, 0"/><instruction code="LDO T1093, $254, 0"/><instruction code="OR T96, T1093, 0"/><instruction code="SETL  T1094, 0"/><instruction code="INCML T1094, 0"/><instruction code="INCMH T1094, 0"/><instruction code="INCH  T1094, 0"/><instruction code="OR T97, T1094, 0"/><instruction code="SETL  T1095, 0"/><instruction code="INCML T1095, 0"/><instruction code="INCMH T1095, 0"/><instruction code="INCH  T1095, 0"/><instruction code="OR T98, T1095, 0"/><instruction code="OR T99, T6, 0"/><instruction code="SETL  T1096, 8"/><instruction code="INCML T1096, 0"/><instruction code="INCMH T1096, 0"/><instruction code="INCH  T1096, 0"/><instruction code="NEG T1096, 0, T1096"/><instruction code="OR T100, T1096, 0"/><instruction code="ADD T1097, T99, T100"/><instruction code="OR T101, T1097, 0"/><instruction code="OR T102, T101, 0"/><instruction code="STO T98, $254, 8"/><instruction code="STO T102, $254, 16"/><instruction code="LDA T1099, _facRec"/><instruction code="PUSHJ $16, T1099, 0"/><instruction code="LDO T1100, $254, 0"/><instruction code="OR T103, T1100, 0"/><instruction code="STO T97, $254, 8"/><instruction code="STO T103, $254, 16"/><instruction code="LDA T1101, _putInt"/><instruction code="PUSHJ $16, T1101, 0"/><instruction code="LDO T1102, $254, 0"/><instruction code="OR T104, T1102, 0"/><instruction code="SETL  T1103, 0"/><instruction code="INCML T1103, 0"/><instruction code="INCMH T1103, 0"/><instruction code="INCH  T1103, 0"/><instruction code="OR T105, T1103, 0"/><instruction code="SETL  T1104, 10"/><instruction code="INCML T1104, 0"/><instruction code="INCMH T1104, 0"/><instruction code="INCH  T1104, 0"/><instruction code="OR T106, T1104, 0"/><instruction code="SETL  T1105, 256"/><instruction code="INCML T1105, 0"/><instruction code="INCMH T1105, 0"/><instruction code="INCH  T1105, 0"/><instruction code="OR T107, T1105, 0"/><instruction code="DIV T1106, T106, T107"/><instruction code="OR T1106, rR, 0"/><instruction code="OR T108, T1106, 0"/><instruction code="STO T105, $254, 8"/><instruction code="STO T108, $254, 16"/><instruction code="LDA T1107, _putChar"/><instruction code="PUSHJ $16, T1107, 0"/><instruction code="LDO T1108, $254, 0"/><instruction code="OR T109, T1108, 0"/><instruction code="OR T110, T6, 0"/><instruction code="SETL  T1109, 8"/><instruction code="INCML T1109, 0"/><instruction code="INCMH T1109, 0"/><instruction code="INCH  T1109, 0"/><instruction code="NEG T1109, 0, T1109"/><instruction code="OR T111, T1109, 0"/><instruction code="ADD T1110, T110, T111"/><instruction code="OR T112, T1110, 0"/><instruction code="OR T113, T112, 0"/><instruction code="SETL  T1112, 1"/><instruction code="INCML T1112, 0"/><instruction code="INCMH T1112, 0"/><instruction code="INCH  T1112, 0"/><instruction code="OR T114, T1112, 0"/><instruction code="ADD T1113, T113, T114"/><instruction code="OR T115, T1113, 0"/><instruction code="SETL  T1114, 8"/><instruction code="INCML T1114, 0"/><instruction code="INCMH T1114, 0"/><instruction code="INCH  T1114, 0"/><instruction code="NEG T1114, 0, T1114"/><instruction code="ADD T1115, T6, T1114"/><instruction code="STO T1115, T115, 0"/><instruction code="LDA T1117, L12"/><instruction code="GO T1117, T1117, 0"/><instruction code="L14"/><instruction code="SETL  T1118, 0"/><instruction code="INCML T1118, 0"/><instruction code="INCMH T1118, 0"/><instruction code="INCH  T1118, 0"/><instruction code="OR T116, T1118, 0"/><instruction code="LDA T1119, L15"/><instruction code="OR T117, T1119, 0"/><instruction code="STO T116, $254, 8"/><instruction code="STO T117, $254, 16"/><instruction code="LDA T1120, _putString"/><instruction code="PUSHJ $16, T1120, 0"/><instruction code="LDO T1121, $254, 0"/><instruction code="OR T118, T1121, 0"/><instruction code="SETL  T1122, 0"/><instruction code="INCML T1122, 0"/><instruction code="INCMH T1122, 0"/><instruction code="INCH  T1122, 0"/><instruction code="OR T119, T1122, 0"/><instruction code="SETL  T1123, 10"/><instruction code="INCML T1123, 0"/><instruction code="INCMH T1123, 0"/><instruction code="INCH  T1123, 0"/><instruction code="OR T120, T1123, 0"/><instruction code="SETL  T1124, 256"/><instruction code="INCML T1124, 0"/><instruction code="INCMH T1124, 0"/><instruction code="INCH  T1124, 0"/><instruction code="OR T121, T1124, 0"/><instruction code="DIV T1125, T120, T121"/><instruction code="OR T1125, rR, 0"/><instruction code="OR T122, T1125, 0"/><instruction code="STO T119, $254, 8"/><instruction code="STO T122, $254, 16"/><instruction code="LDA T1126, _putChar"/><instruction code="PUSHJ $16, T1126, 0"/><instruction code="LDO T1127, $254, 0"/><instruction code="OR T123, T1127, 0"/><instruction code="SETL  T1128, 1"/><instruction code="INCML T1128, 0"/><instruction code="INCMH T1128, 0"/><instruction code="INCH  T1128, 0"/><instruction code="OR T124, T1128, 0"/><instruction code="SETL  T1129, 8"/><instruction code="INCML T1129, 0"/><instruction code="INCMH T1129, 0"/><instruction code="INCH  T1129, 0"/><instruction code="NEG T1129, 0, T1129"/><instruction code="ADD T1130, T6, T1129"/><instruction code="STO T1130, T124, 0"/><instruction code="L17"/><instruction code="OR T125, T6, 0"/><instruction code="SETL  T1132, 8"/><instruction code="INCML T1132, 0"/><instruction code="INCMH T1132, 0"/><instruction code="INCH  T1132, 0"/><instruction code="NEG T1132, 0, T1132"/><instruction code="OR T126, T1132, 0"/><instruction code="ADD T1133, T125, T126"/><instruction code="OR T127, T1133, 0"/><instruction code="OR T128, T127, 0"/><instruction code="SETL  T1135, 10"/><instruction code="INCML T1135, 0"/><instruction code="INCMH T1135, 0"/><instruction code="INCH  T1135, 0"/><instruction code="OR T129, T1135, 0"/><instruction code="CMP T1136, T128, T129"/><instruction code="ZSNP T1136, T1136, 1"/><instruction code="OR T130, T1136, 0"/><instruction code="BNZ T130, L18"/><instruction code="L108"/><instruction code="LDA T1137, L19"/><instruction code="GO T1137, T1137, 0"/><instruction code="L18"/><instruction code="SETL  T1138, 0"/><instruction code="INCML T1138, 0"/><instruction code="INCMH T1138, 0"/><instruction code="INCH  T1138, 0"/><instruction code="OR T131, T1138, 0"/><instruction code="OR T132, T6, 0"/><instruction code="SETL  T1139, 8"/><instruction code="INCML T1139, 0"/><instruction code="INCMH T1139, 0"/><instruction code="INCH  T1139, 0"/><instruction code="NEG T1139, 0, T1139"/><instruction code="OR T133, T1139, 0"/><instruction code="ADD T1140, T132, T133"/><instruction code="OR T134, T1140, 0"/><instruction code="OR T135, T134, 0"/><instruction code="STO T131, $254, 8"/><instruction code="STO T135, $254, 16"/><instruction code="LDA T1142, _putInt"/><instruction code="PUSHJ $16, T1142, 0"/><instruction code="LDO T1143, $254, 0"/><instruction code="OR T136, T1143, 0"/><instruction code="SETL  T1144, 0"/><instruction code="INCML T1144, 0"/><instruction code="INCMH T1144, 0"/><instruction code="INCH  T1144, 0"/><instruction code="OR T137, T1144, 0"/><instruction code="LDA T1145, L16"/><instruction code="OR T138, T1145, 0"/><instruction code="STO T137, $254, 8"/><instruction code="STO T138, $254, 16"/><instruction code="LDA T1146, _putString"/><instruction code="PUSHJ $16, T1146, 0"/><instruction code="LDO T1147, $254, 0"/><instruction code="OR T139, T1147, 0"/><instruction code="SETL  T1148, 0"/><instruction code="INCML T1148, 0"/><instruction code="INCMH T1148, 0"/><instruction code="INCH  T1148, 0"/><instruction code="OR T140, T1148, 0"/><instruction code="SETL  T1149, 0"/><instruction code="INCML T1149, 0"/><instruction code="INCMH T1149, 0"/><instruction code="INCH  T1149, 0"/><instruction code="OR T141, T1149, 0"/><instruction code="OR T142, T6, 0"/><instruction code="SETL  T1150, 8"/><instruction code="INCML T1150, 0"/><instruction code="INCMH T1150, 0"/><instruction code="INCH  T1150, 0"/><instruction code="NEG T1150, 0, T1150"/><instruction code="OR T143, T1150, 0"/><instruction code="ADD T1151, T142, T143"/><instruction code="OR T144, T1151, 0"/><instruction code="OR T145, T144, 0"/><instruction code="STO T141, $254, 8"/><instruction code="STO T145, $254, 16"/><instruction code="LDA T1153, _fibItr"/><instruction code="PUSHJ $16, T1153, 0"/><instruction code="LDO T1154, $254, 0"/><instruction code="OR T146, T1154, 0"/><instruction code="STO T140, $254, 8"/><instruction code="STO T146, $254, 16"/><instruction code="LDA T1155, _putInt"/><instruction code="PUSHJ $16, T1155, 0"/><instruction code="LDO T1156, $254, 0"/><instruction code="OR T147, T1156, 0"/><instruction code="SETL  T1157, 0"/><instruction code="INCML T1157, 0"/><instruction code="INCMH T1157, 0"/><instruction code="INCH  T1157, 0"/><instruction code="OR T148, T1157, 0"/><instruction code="SETL  T1158, 10"/><instruction code="INCML T1158, 0"/><instruction code="INCMH T1158, 0"/><instruction code="INCH  T1158, 0"/><instruction code="OR T149, T1158, 0"/><instruction code="SETL  T1159, 256"/><instruction code="INCML T1159, 0"/><instruction code="INCMH T1159, 0"/><instruction code="INCH  T1159, 0"/><instruction code="OR T150, T1159, 0"/><instruction code="DIV T1160, T149, T150"/><instruction code="OR T1160, rR, 0"/><instruction code="OR T151, T1160, 0"/><instruction code="STO T148, $254, 8"/><instruction code="STO T151, $254, 16"/><instruction code="LDA T1161, _putChar"/><instruction code="PUSHJ $16, T1161, 0"/><instruction code="LDO T1162, $254, 0"/><instruction code="OR T152, T1162, 0"/><instruction code="OR T153, T6, 0"/><instruction code="SETL  T1163, 8"/><instruction code="INCML T1163, 0"/><instruction code="INCMH T1163, 0"/><instruction code="INCH  T1163, 0"/><instruction code="NEG T1163, 0, T1163"/><instruction code="OR T154, T1163, 0"/><instruction code="ADD T1164, T153, T154"/><instruction code="OR T155, T1164, 0"/><instruction code="OR T156, T155, 0"/><instruction code="SETL  T1166, 1"/><instruction code="INCML T1166, 0"/><instruction code="INCMH T1166, 0"/><instruction code="INCH  T1166, 0"/><instruction code="OR T157, T1166, 0"/><instruction code="ADD T1167, T156, T157"/><instruction code="OR T158, T1167, 0"/><instruction code="SETL  T1168, 8"/><instruction code="INCML T1168, 0"/><instruction code="INCMH T1168, 0"/><instruction code="INCH  T1168, 0"/><instruction code="NEG T1168, 0, T1168"/><instruction code="ADD T1169, T6, T1168"/><instruction code="STO T1169, T158, 0"/><instruction code="LDA T1171, L17"/><instruction code="GO T1171, T1171, 0"/><instruction code="L19"/><instruction code="SETL  T1172, 0"/><instruction code="INCML T1172, 0"/><instruction code="INCMH T1172, 0"/><instruction code="INCH  T1172, 0"/><instruction code="OR T159, T1172, 0"/><instruction code="LDA T1173, L20"/><instruction code="OR T160, T1173, 0"/><instruction code="STO T159, $254, 8"/><instruction code="STO T160, $254, 16"/><instruction code="LDA T1174, _putString"/><instruction code="PUSHJ $16, T1174, 0"/><instruction code="LDO T1175, $254, 0"/><instruction code="OR T161, T1175, 0"/><instruction code="SETL  T1176, 0"/><instruction code="INCML T1176, 0"/><instruction code="INCMH T1176, 0"/><instruction code="INCH  T1176, 0"/><instruction code="OR T162, T1176, 0"/><instruction code="SETL  T1177, 10"/><instruction code="INCML T1177, 0"/><instruction code="INCMH T1177, 0"/><instruction code="INCH  T1177, 0"/><instruction code="OR T163, T1177, 0"/><instruction code="SETL  T1178, 256"/><instruction code="INCML T1178, 0"/><instruction code="INCMH T1178, 0"/><instruction code="INCH  T1178, 0"/><instruction code="OR T164, T1178, 0"/><instruction code="DIV T1179, T163, T164"/><instruction code="OR T1179, rR, 0"/><instruction code="OR T165, T1179, 0"/><instruction code="STO T162, $254, 8"/><instruction code="STO T165, $254, 16"/><instruction code="LDA T1180, _putChar"/><instruction code="PUSHJ $16, T1180, 0"/><instruction code="LDO T1181, $254, 0"/><instruction code="OR T166, T1181, 0"/><instruction code="SETL  T1182, 1"/><instruction code="INCML T1182, 0"/><instruction code="INCMH T1182, 0"/><instruction code="INCH  T1182, 0"/><instruction code="OR T167, T1182, 0"/><instruction code="SETL  T1183, 8"/><instruction code="INCML T1183, 0"/><instruction code="INCMH T1183, 0"/><instruction code="INCH  T1183, 0"/><instruction code="NEG T1183, 0, T1183"/><instruction code="ADD T1184, T6, T1183"/><instruction code="STO T1184, T167, 0"/><instruction code="L22"/><instruction code="OR T168, T6, 0"/><instruction code="SETL  T1186, 8"/><instruction code="INCML T1186, 0"/><instruction code="INCMH T1186, 0"/><instruction code="INCH  T1186, 0"/><instruction code="NEG T1186, 0, T1186"/><instruction code="OR T169, T1186, 0"/><instruction code="ADD T1187, T168, T169"/><instruction code="OR T170, T1187, 0"/><instruction code="OR T171, T170, 0"/><instruction code="SETL  T1189, 10"/><instruction code="INCML T1189, 0"/><instruction code="INCMH T1189, 0"/><instruction code="INCH  T1189, 0"/><instruction code="OR T172, T1189, 0"/><instruction code="CMP T1190, T171, T172"/><instruction code="ZSNP T1190, T1190, 1"/><instruction code="OR T173, T1190, 0"/><instruction code="BNZ T173, L23"/><instruction code="L109"/><instruction code="LDA T1191, L24"/><instruction code="GO T1191, T1191, 0"/><instruction code="L23"/><instruction code="SETL  T1192, 0"/><instruction code="INCML T1192, 0"/><instruction code="INCMH T1192, 0"/><instruction code="INCH  T1192, 0"/><instruction code="OR T174, T1192, 0"/><instruction code="OR T175, T6, 0"/><instruction code="SETL  T1193, 8"/><instruction code="INCML T1193, 0"/><instruction code="INCMH T1193, 0"/><instruction code="INCH  T1193, 0"/><instruction code="NEG T1193, 0, T1193"/><instruction code="OR T176, T1193, 0"/><instruction code="ADD T1194, T175, T176"/><instruction code="OR T177, T1194, 0"/><instruction code="OR T178, T177, 0"/><instruction code="STO T174, $254, 8"/><instruction code="STO T178, $254, 16"/><instruction code="LDA T1196, _putInt"/><instruction code="PUSHJ $16, T1196, 0"/><instruction code="LDO T1197, $254, 0"/><instruction code="OR T179, T1197, 0"/><instruction code="SETL  T1198, 0"/><instruction code="INCML T1198, 0"/><instruction code="INCMH T1198, 0"/><instruction code="INCH  T1198, 0"/><instruction code="OR T180, T1198, 0"/><instruction code="LDA T1199, L21"/><instruction code="OR T181, T1199, 0"/><instruction code="STO T180, $254, 8"/><instruction code="STO T181, $254, 16"/><instruction code="LDA T1200, _putString"/><instruction code="PUSHJ $16, T1200, 0"/><instruction code="LDO T1201, $254, 0"/><instruction code="OR T182, T1201, 0"/><instruction code="SETL  T1202, 0"/><instruction code="INCML T1202, 0"/><instruction code="INCMH T1202, 0"/><instruction code="INCH  T1202, 0"/><instruction code="OR T183, T1202, 0"/><instruction code="SETL  T1203, 0"/><instruction code="INCML T1203, 0"/><instruction code="INCMH T1203, 0"/><instruction code="INCH  T1203, 0"/><instruction code="OR T184, T1203, 0"/><instruction code="OR T185, T6, 0"/><instruction code="SETL  T1204, 8"/><instruction code="INCML T1204, 0"/><instruction code="INCMH T1204, 0"/><instruction code="INCH  T1204, 0"/><instruction code="NEG T1204, 0, T1204"/><instruction code="OR T186, T1204, 0"/><instruction code="ADD T1205, T185, T186"/><instruction code="OR T187, T1205, 0"/><instruction code="OR T188, T187, 0"/><instruction code="STO T184, $254, 8"/><instruction code="STO T188, $254, 16"/><instruction code="LDA T1207, _fibRec"/><instruction code="PUSHJ $16, T1207, 0"/><instruction code="LDO T1208, $254, 0"/><instruction code="OR T189, T1208, 0"/><instruction code="STO T183, $254, 8"/><instruction code="STO T189, $254, 16"/><instruction code="LDA T1209, _putInt"/><instruction code="PUSHJ $16, T1209, 0"/><instruction code="LDO T1210, $254, 0"/><instruction code="OR T190, T1210, 0"/><instruction code="SETL  T1211, 0"/><instruction code="INCML T1211, 0"/><instruction code="INCMH T1211, 0"/><instruction code="INCH  T1211, 0"/><instruction code="OR T191, T1211, 0"/><instruction code="SETL  T1212, 10"/><instruction code="INCML T1212, 0"/><instruction code="INCMH T1212, 0"/><instruction code="INCH  T1212, 0"/><instruction code="OR T192, T1212, 0"/><instruction code="SETL  T1213, 256"/><instruction code="INCML T1213, 0"/><instruction code="INCMH T1213, 0"/><instruction code="INCH  T1213, 0"/><instruction code="OR T193, T1213, 0"/><instruction code="DIV T1214, T192, T193"/><instruction code="OR T1214, rR, 0"/><instruction code="OR T194, T1214, 0"/><instruction code="STO T191, $254, 8"/><instruction code="STO T194, $254, 16"/><instruction code="LDA T1215, _putChar"/><instruction code="PUSHJ $16, T1215, 0"/><instruction code="LDO T1216, $254, 0"/><instruction code="OR T195, T1216, 0"/><instruction code="OR T196, T6, 0"/><instruction code="SETL  T1217, 8"/><instruction code="INCML T1217, 0"/><instruction code="INCMH T1217, 0"/><instruction code="INCH  T1217, 0"/><instruction code="NEG T1217, 0, T1217"/><instruction code="OR T197, T1217, 0"/><instruction code="ADD T1218, T196, T197"/><instruction code="OR T198, T1218, 0"/><instruction code="OR T199, T198, 0"/><instruction code="SETL  T1220, 1"/><instruction code="INCML T1220, 0"/><instruction code="INCMH T1220, 0"/><instruction code="INCH  T1220, 0"/><instruction code="OR T200, T1220, 0"/><instruction code="ADD T1221, T199, T200"/><instruction code="OR T201, T1221, 0"/><instruction code="SETL  T1222, 8"/><instruction code="INCML T1222, 0"/><instruction code="INCMH T1222, 0"/><instruction code="INCH  T1222, 0"/><instruction code="NEG T1222, 0, T1222"/><instruction code="ADD T1223, T6, T1222"/><instruction code="STO T1223, T201, 0"/><instruction code="LDA T1225, L22"/><instruction code="GO T1225, T1225, 0"/><instruction code="L24"/><instruction code="SETL  T1226, 0"/><instruction code="INCML T1226, 0"/><instruction code="INCMH T1226, 0"/><instruction code="INCH  T1226, 0"/><instruction code="OR T202, T1226, 0"/><instruction code="LDA T1227, L25"/><instruction code="OR T203, T1227, 0"/><instruction code="STO T202, $254, 8"/><instruction code="STO T203, $254, 16"/><instruction code="LDA T1228, _putString"/><instruction code="PUSHJ $16, T1228, 0"/><instruction code="LDO T1229, $254, 0"/><instruction code="OR T204, T1229, 0"/><instruction code="SETL  T1230, 0"/><instruction code="INCML T1230, 0"/><instruction code="INCMH T1230, 0"/><instruction code="INCH  T1230, 0"/><instruction code="OR T205, T1230, 0"/><instruction code="SETL  T1231, 10"/><instruction code="INCML T1231, 0"/><instruction code="INCMH T1231, 0"/><instruction code="INCH  T1231, 0"/><instruction code="OR T206, T1231, 0"/><instruction code="SETL  T1232, 256"/><instruction code="INCML T1232, 0"/><instruction code="INCMH T1232, 0"/><instruction code="INCH  T1232, 0"/><instruction code="OR T207, T1232, 0"/><instruction code="DIV T1233, T206, T207"/><instruction code="OR T1233, rR, 0"/><instruction code="OR T208, T1233, 0"/><instruction code="STO T205, $254, 8"/><instruction code="STO T208, $254, 16"/><instruction code="LDA T1234, _putChar"/><instruction code="PUSHJ $16, T1234, 0"/><instruction code="LDO T1235, $254, 0"/><instruction code="OR T209, T1235, 0"/><instruction code="SETL  T1236, 0"/><instruction code="INCML T1236, 0"/><instruction code="INCMH T1236, 0"/><instruction code="INCH  T1236, 0"/><instruction code="OR T210, T1236, 0"/><instruction code="SETL  T1237, 4"/><instruction code="INCML T1237, 0"/><instruction code="INCMH T1237, 0"/><instruction code="INCH  T1237, 0"/><instruction code="OR T211, T1237, 0"/><instruction code="SETL  T1238, 3"/><instruction code="INCML T1238, 0"/><instruction code="INCMH T1238, 0"/><instruction code="INCH  T1238, 0"/><instruction code="OR T212, T1238, 0"/><instruction code="STO T210, $254, 8"/><instruction code="STO T211, $254, 16"/><instruction code="STO T212, $254, 24"/><instruction code="LDA T1239, _combs"/><instruction code="PUSHJ $16, T1239, 0"/><instruction code="LDO T1240, $254, 0"/><instruction code="OR T213, T1240, 0"/><instruction code="SETL  T1241, 0"/><instruction code="INCML T1241, 0"/><instruction code="INCMH T1241, 0"/><instruction code="INCH  T1241, 0"/><instruction code="OR T214, T1241, 0"/><instruction code="LDA T1242, L26"/><instruction code="OR T215, T1242, 0"/><instruction code="STO T214, $254, 8"/><instruction code="STO T215, $254, 16"/><instruction code="LDA T1243, _putString"/><instruction code="PUSHJ $16, T1243, 0"/><instruction code="LDO T1244, $254, 0"/><instruction code="OR T216, T1244, 0"/><instruction code="SETL  T1245, 0"/><instruction code="INCML T1245, 0"/><instruction code="INCMH T1245, 0"/><instruction code="INCH  T1245, 0"/><instruction code="OR T217, T1245, 0"/><instruction code="SETL  T1246, 10"/><instruction code="INCML T1246, 0"/><instruction code="INCMH T1246, 0"/><instruction code="INCH  T1246, 0"/><instruction code="OR T218, T1246, 0"/><instruction code="SETL  T1247, 256"/><instruction code="INCML T1247, 0"/><instruction code="INCMH T1247, 0"/><instruction code="INCH  T1247, 0"/><instruction code="OR T219, T1247, 0"/><instruction code="DIV T1248, T218, T219"/><instruction code="OR T1248, rR, 0"/><instruction code="OR T220, T1248, 0"/><instruction code="STO T217, $254, 8"/><instruction code="STO T220, $254, 16"/><instruction code="LDA T1249, _putChar"/><instruction code="PUSHJ $16, T1249, 0"/><instruction code="LDO T1250, $254, 0"/><instruction code="OR T221, T1250, 0"/><instruction code="SETL  T1251, 0"/><instruction code="INCML T1251, 0"/><instruction code="INCMH T1251, 0"/><instruction code="INCH  T1251, 0"/><instruction code="OR T222, T1251, 0"/><instruction code="SETL  T1252, 664"/><instruction code="INCML T1252, 0"/><instruction code="INCMH T1252, 0"/><instruction code="INCH  T1252, 0"/><instruction code="NEG T1252, 0, T1252"/><instruction code="ADD T1253, T6, T1252"/><instruction code="SETL  T1254, 0"/><instruction code="INCML T1254, 0"/><instruction code="INCMH T1254, 0"/><instruction code="INCH  T1254, 0"/><instruction code="SETL  T1255, 72"/><instruction code="INCML T1255, 0"/><instruction code="INCMH T1255, 0"/><instruction code="INCH  T1255, 0"/><instruction code="MUL T1256, T1254, T1255"/><instruction code="ADD T1257, T1253, T1256"/><instruction code="SETL  T1258, 0"/><instruction code="INCML T1258, 0"/><instruction code="INCMH T1258, 0"/><instruction code="INCH  T1258, 0"/><instruction code="SETL  T1259, 8"/><instruction code="INCML T1259, 0"/><instruction code="INCMH T1259, 0"/><instruction code="INCH  T1259, 0"/><instruction code="MUL T1260, T1258, T1259"/><instruction code="ADD T1261, T1257, T1260"/><instruction code="STO T1261, T222, 0"/><instruction code="SETL  T1263, 0"/><instruction code="INCML T1263, 0"/><instruction code="INCMH T1263, 0"/><instruction code="INCH  T1263, 0"/><instruction code="OR T223, T1263, 0"/><instruction code="SETL  T1264, 664"/><instruction code="INCML T1264, 0"/><instruction code="INCMH T1264, 0"/><instruction code="INCH  T1264, 0"/><instruction code="NEG T1264, 0, T1264"/><instruction code="ADD T1265, T6, T1264"/><instruction code="SETL  T1266, 0"/><instruction code="INCML T1266, 0"/><instruction code="INCMH T1266, 0"/><instruction code="INCH  T1266, 0"/><instruction code="SETL  T1267, 72"/><instruction code="INCML T1267, 0"/><instruction code="INCMH T1267, 0"/><instruction code="INCH  T1267, 0"/><instruction code="MUL T1268, T1266, T1267"/><instruction code="ADD T1269, T1265, T1268"/><instruction code="SETL  T1270, 1"/><instruction code="INCML T1270, 0"/><instruction code="INCMH T1270, 0"/><instruction code="INCH  T1270, 0"/><instruction code="SETL  T1271, 8"/><instruction code="INCML T1271, 0"/><instruction code="INCMH T1271, 0"/><instruction code="INCH  T1271, 0"/><instruction code="MUL T1272, T1270, T1271"/><instruction code="ADD T1273, T1269, T1272"/><instruction code="STO T1273, T223, 0"/><instruction code="SETL  T1275, 3"/><instruction code="INCML T1275, 0"/><instruction code="INCMH T1275, 0"/><instruction code="INCH  T1275, 0"/><instruction code="OR T224, T1275, 0"/><instruction code="SETL  T1276, 664"/><instruction code="INCML T1276, 0"/><instruction code="INCMH T1276, 0"/><instruction code="INCH  T1276, 0"/><instruction code="NEG T1276, 0, T1276"/><instruction code="ADD T1277, T6, T1276"/><instruction code="SETL  T1278, 0"/><instruction code="INCML T1278, 0"/><instruction code="INCMH T1278, 0"/><instruction code="INCH  T1278, 0"/><instruction code="SETL  T1279, 72"/><instruction code="INCML T1279, 0"/><instruction code="INCMH T1279, 0"/><instruction code="INCH  T1279, 0"/><instruction code="MUL T1280, T1278, T1279"/><instruction code="ADD T1281, T1277, T1280"/><instruction code="SETL  T1282, 2"/><instruction code="INCML T1282, 0"/><instruction code="INCMH T1282, 0"/><instruction code="INCH  T1282, 0"/><instruction code="SETL  T1283, 8"/><instruction code="INCML T1283, 0"/><instruction code="INCMH T1283, 0"/><instruction code="INCH  T1283, 0"/><instruction code="MUL T1284, T1282, T1283"/><instruction code="ADD T1285, T1281, T1284"/><instruction code="STO T1285, T224, 0"/><instruction code="SETL  T1287, 0"/><instruction code="INCML T1287, 0"/><instruction code="INCMH T1287, 0"/><instruction code="INCH  T1287, 0"/><instruction code="OR T225, T1287, 0"/><instruction code="SETL  T1288, 664"/><instruction code="INCML T1288, 0"/><instruction code="INCMH T1288, 0"/><instruction code="INCH  T1288, 0"/><instruction code="NEG T1288, 0, T1288"/><instruction code="ADD T1289, T6, T1288"/><instruction code="SETL  T1290, 0"/><instruction code="INCML T1290, 0"/><instruction code="INCMH T1290, 0"/><instruction code="INCH  T1290, 0"/><instruction code="SETL  T1291, 72"/><instruction code="INCML T1291, 0"/><instruction code="INCMH T1291, 0"/><instruction code="INCH  T1291, 0"/><instruction code="MUL T1292, T1290, T1291"/><instruction code="ADD T1293, T1289, T1292"/><instruction code="SETL  T1294, 3"/><instruction code="INCML T1294, 0"/><instruction code="INCMH T1294, 0"/><instruction code="INCH  T1294, 0"/><instruction code="SETL  T1295, 8"/><instruction code="INCML T1295, 0"/><instruction code="INCMH T1295, 0"/><instruction code="INCH  T1295, 0"/><instruction code="MUL T1296, T1294, T1295"/><instruction code="ADD T1297, T1293, T1296"/><instruction code="STO T1297, T225, 0"/><instruction code="SETL  T1299, 0"/><instruction code="INCML T1299, 0"/><instruction code="INCMH T1299, 0"/><instruction code="INCH  T1299, 0"/><instruction code="OR T226, T1299, 0"/><instruction code="SETL  T1300, 664"/><instruction code="INCML T1300, 0"/><instruction code="INCMH T1300, 0"/><instruction code="INCH  T1300, 0"/><instruction code="NEG T1300, 0, T1300"/><instruction code="ADD T1301, T6, T1300"/><instruction code="SETL  T1302, 0"/><instruction code="INCML T1302, 0"/><instruction code="INCMH T1302, 0"/><instruction code="INCH  T1302, 0"/><instruction code="SETL  T1303, 72"/><instruction code="INCML T1303, 0"/><instruction code="INCMH T1303, 0"/><instruction code="INCH  T1303, 0"/><instruction code="MUL T1304, T1302, T1303"/><instruction code="ADD T1305, T1301, T1304"/><instruction code="SETL  T1306, 4"/><instruction code="INCML T1306, 0"/><instruction code="INCMH T1306, 0"/><instruction code="INCH  T1306, 0"/><instruction code="SETL  T1307, 8"/><instruction code="INCML T1307, 0"/><instruction code="INCMH T1307, 0"/><instruction code="INCH  T1307, 0"/><instruction code="MUL T1308, T1306, T1307"/><instruction code="ADD T1309, T1305, T1308"/><instruction code="STO T1309, T226, 0"/><instruction code="SETL  T1311, 0"/><instruction code="INCML T1311, 0"/><instruction code="INCMH T1311, 0"/><instruction code="INCH  T1311, 0"/><instruction code="OR T227, T1311, 0"/><instruction code="SETL  T1312, 664"/><instruction code="INCML T1312, 0"/><instruction code="INCMH T1312, 0"/><instruction code="INCH  T1312, 0"/><instruction code="NEG T1312, 0, T1312"/><instruction code="ADD T1313, T6, T1312"/><instruction code="SETL  T1314, 0"/><instruction code="INCML T1314, 0"/><instruction code="INCMH T1314, 0"/><instruction code="INCH  T1314, 0"/><instruction code="SETL  T1315, 72"/><instruction code="INCML T1315, 0"/><instruction code="INCMH T1315, 0"/><instruction code="INCH  T1315, 0"/><instruction code="MUL T1316, T1314, T1315"/><instruction code="ADD T1317, T1313, T1316"/><instruction code="SETL  T1318, 5"/><instruction code="INCML T1318, 0"/><instruction code="INCMH T1318, 0"/><instruction code="INCH  T1318, 0"/><instruction code="SETL  T1319, 8"/><instruction code="INCML T1319, 0"/><instruction code="INCMH T1319, 0"/><instruction code="INCH  T1319, 0"/><instruction code="MUL T1320, T1318, T1319"/><instruction code="ADD T1321, T1317, T1320"/><instruction code="STO T1321, T227, 0"/><instruction code="SETL  T1323, 0"/><instruction code="INCML T1323, 0"/><instruction code="INCMH T1323, 0"/><instruction code="INCH  T1323, 0"/><instruction code="OR T228, T1323, 0"/><instruction code="SETL  T1324, 664"/><instruction code="INCML T1324, 0"/><instruction code="INCMH T1324, 0"/><instruction code="INCH  T1324, 0"/><instruction code="NEG T1324, 0, T1324"/><instruction code="ADD T1325, T6, T1324"/><instruction code="SETL  T1326, 0"/><instruction code="INCML T1326, 0"/><instruction code="INCMH T1326, 0"/><instruction code="INCH  T1326, 0"/><instruction code="SETL  T1327, 72"/><instruction code="INCML T1327, 0"/><instruction code="INCMH T1327, 0"/><instruction code="INCH  T1327, 0"/><instruction code="MUL T1328, T1326, T1327"/><instruction code="ADD T1329, T1325, T1328"/><instruction code="SETL  T1330, 6"/><instruction code="INCML T1330, 0"/><instruction code="INCMH T1330, 0"/><instruction code="INCH  T1330, 0"/><instruction code="SETL  T1331, 8"/><instruction code="INCML T1331, 0"/><instruction code="INCMH T1331, 0"/><instruction code="INCH  T1331, 0"/><instruction code="MUL T1332, T1330, T1331"/><instruction code="ADD T1333, T1329, T1332"/><instruction code="STO T1333, T228, 0"/><instruction code="SETL  T1335, 9"/><instruction code="INCML T1335, 0"/><instruction code="INCMH T1335, 0"/><instruction code="INCH  T1335, 0"/><instruction code="OR T229, T1335, 0"/><instruction code="SETL  T1336, 664"/><instruction code="INCML T1336, 0"/><instruction code="INCMH T1336, 0"/><instruction code="INCH  T1336, 0"/><instruction code="NEG T1336, 0, T1336"/><instruction code="ADD T1337, T6, T1336"/><instruction code="SETL  T1338, 0"/><instruction code="INCML T1338, 0"/><instruction code="INCMH T1338, 0"/><instruction code="INCH  T1338, 0"/><instruction code="SETL  T1339, 72"/><instruction code="INCML T1339, 0"/><instruction code="INCMH T1339, 0"/><instruction code="INCH  T1339, 0"/><instruction code="MUL T1340, T1338, T1339"/><instruction code="ADD T1341, T1337, T1340"/><instruction code="SETL  T1342, 7"/><instruction code="INCML T1342, 0"/><instruction code="INCMH T1342, 0"/><instruction code="INCH  T1342, 0"/><instruction code="SETL  T1343, 8"/><instruction code="INCML T1343, 0"/><instruction code="INCMH T1343, 0"/><instruction code="INCH  T1343, 0"/><instruction code="MUL T1344, T1342, T1343"/><instruction code="ADD T1345, T1341, T1344"/><instruction code="STO T1345, T229, 0"/><instruction code="SETL  T1347, 0"/><instruction code="INCML T1347, 0"/><instruction code="INCMH T1347, 0"/><instruction code="INCH  T1347, 0"/><instruction code="OR T230, T1347, 0"/><instruction code="SETL  T1348, 664"/><instruction code="INCML T1348, 0"/><instruction code="INCMH T1348, 0"/><instruction code="INCH  T1348, 0"/><instruction code="NEG T1348, 0, T1348"/><instruction code="ADD T1349, T6, T1348"/><instruction code="SETL  T1350, 0"/><instruction code="INCML T1350, 0"/><instruction code="INCMH T1350, 0"/><instruction code="INCH  T1350, 0"/><instruction code="SETL  T1351, 72"/><instruction code="INCML T1351, 0"/><instruction code="INCMH T1351, 0"/><instruction code="INCH  T1351, 0"/><instruction code="MUL T1352, T1350, T1351"/><instruction code="ADD T1353, T1349, T1352"/><instruction code="SETL  T1354, 8"/><instruction code="INCML T1354, 0"/><instruction code="INCMH T1354, 0"/><instruction code="INCH  T1354, 0"/><instruction code="SETL  T1355, 8"/><instruction code="INCML T1355, 0"/><instruction code="INCMH T1355, 0"/><instruction code="INCH  T1355, 0"/><instruction code="MUL T1356, T1354, T1355"/><instruction code="ADD T1357, T1353, T1356"/><instruction code="STO T1357, T230, 0"/><instruction code="SETL  T1359, 9"/><instruction code="INCML T1359, 0"/><instruction code="INCMH T1359, 0"/><instruction code="INCH  T1359, 0"/><instruction code="OR T231, T1359, 0"/><instruction code="SETL  T1360, 664"/><instruction code="INCML T1360, 0"/><instruction code="INCMH T1360, 0"/><instruction code="INCH  T1360, 0"/><instruction code="NEG T1360, 0, T1360"/><instruction code="ADD T1361, T6, T1360"/><instruction code="SETL  T1362, 1"/><instruction code="INCML T1362, 0"/><instruction code="INCMH T1362, 0"/><instruction code="INCH  T1362, 0"/><instruction code="SETL  T1363, 72"/><instruction code="INCML T1363, 0"/><instruction code="INCMH T1363, 0"/><instruction code="INCH  T1363, 0"/><instruction code="MUL T1364, T1362, T1363"/><instruction code="ADD T1365, T1361, T1364"/><instruction code="SETL  T1366, 0"/><instruction code="INCML T1366, 0"/><instruction code="INCMH T1366, 0"/><instruction code="INCH  T1366, 0"/><instruction code="SETL  T1367, 8"/><instruction code="INCML T1367, 0"/><instruction code="INCMH T1367, 0"/><instruction code="INCH  T1367, 0"/><instruction code="MUL T1368, T1366, T1367"/><instruction code="ADD T1369, T1365, T1368"/><instruction code="STO T1369, T231, 0"/><instruction code="SETL  T1371, 0"/><instruction code="INCML T1371, 0"/><instruction code="INCMH T1371, 0"/><instruction code="INCH  T1371, 0"/><instruction code="OR T232, T1371, 0"/><instruction code="SETL  T1372, 664"/><instruction code="INCML T1372, 0"/><instruction code="INCMH T1372, 0"/><instruction code="INCH  T1372, 0"/><instruction code="NEG T1372, 0, T1372"/><instruction code="ADD T1373, T6, T1372"/><instruction code="SETL  T1374, 1"/><instruction code="INCML T1374, 0"/><instruction code="INCMH T1374, 0"/><instruction code="INCH  T1374, 0"/><instruction code="SETL  T1375, 72"/><instruction code="INCML T1375, 0"/><instruction code="INCMH T1375, 0"/><instruction code="INCH  T1375, 0"/><instruction code="MUL T1376, T1374, T1375"/><instruction code="ADD T1377, T1373, T1376"/><instruction code="SETL  T1378, 1"/><instruction code="INCML T1378, 0"/><instruction code="INCMH T1378, 0"/><instruction code="INCH  T1378, 0"/><instruction code="SETL  T1379, 8"/><instruction code="INCML T1379, 0"/><instruction code="INCMH T1379, 0"/><instruction code="INCH  T1379, 0"/><instruction code="MUL T1380, T1378, T1379"/><instruction code="ADD T1381, T1377, T1380"/><instruction code="STO T1381, T232, 0"/><instruction code="SETL  T1383, 0"/><instruction code="INCML T1383, 0"/><instruction code="INCMH T1383, 0"/><instruction code="INCH  T1383, 0"/><instruction code="OR T233, T1383, 0"/><instruction code="SETL  T1384, 664"/><instruction code="INCML T1384, 0"/><instruction code="INCMH T1384, 0"/><instruction code="INCH  T1384, 0"/><instruction code="NEG T1384, 0, T1384"/><instruction code="ADD T1385, T6, T1384"/><instruction code="SETL  T1386, 1"/><instruction code="INCML T1386, 0"/><instruction code="INCMH T1386, 0"/><instruction code="INCH  T1386, 0"/><instruction code="SETL  T1387, 72"/><instruction code="INCML T1387, 0"/><instruction code="INCMH T1387, 0"/><instruction code="INCH  T1387, 0"/><instruction code="MUL T1388, T1386, T1387"/><instruction code="ADD T1389, T1385, T1388"/><instruction code="SETL  T1390, 2"/><instruction code="INCML T1390, 0"/><instruction code="INCMH T1390, 0"/><instruction code="INCH  T1390, 0"/><instruction code="SETL  T1391, 8"/><instruction code="INCML T1391, 0"/><instruction code="INCMH T1391, 0"/><instruction code="INCH  T1391, 0"/><instruction code="MUL T1392, T1390, T1391"/><instruction code="ADD T1393, T1389, T1392"/><instruction code="STO T1393, T233, 0"/><instruction code="SETL  T1395, 0"/><instruction code="INCML T1395, 0"/><instruction code="INCMH T1395, 0"/><instruction code="INCH  T1395, 0"/><instruction code="OR T234, T1395, 0"/><instruction code="SETL  T1396, 664"/><instruction code="INCML T1396, 0"/><instruction code="INCMH T1396, 0"/><instruction code="INCH  T1396, 0"/><instruction code="NEG T1396, 0, T1396"/><instruction code="ADD T1397, T6, T1396"/><instruction code="SETL  T1398, 1"/><instruction code="INCML T1398, 0"/><instruction code="INCMH T1398, 0"/><instruction code="INCH  T1398, 0"/><instruction code="SETL  T1399, 72"/><instruction code="INCML T1399, 0"/><instruction code="INCMH T1399, 0"/><instruction code="INCH  T1399, 0"/><instruction code="MUL T1400, T1398, T1399"/><instruction code="ADD T1401, T1397, T1400"/><instruction code="SETL  T1402, 3"/><instruction code="INCML T1402, 0"/><instruction code="INCMH T1402, 0"/><instruction code="INCH  T1402, 0"/><instruction code="SETL  T1403, 8"/><instruction code="INCML T1403, 0"/><instruction code="INCMH T1403, 0"/><instruction code="INCH  T1403, 0"/><instruction code="MUL T1404, T1402, T1403"/><instruction code="ADD T1405, T1401, T1404"/><instruction code="STO T1405, T234, 0"/><instruction code="SETL  T1407, 8"/><instruction code="INCML T1407, 0"/><instruction code="INCMH T1407, 0"/><instruction code="INCH  T1407, 0"/><instruction code="OR T235, T1407, 0"/><instruction code="SETL  T1408, 664"/><instruction code="INCML T1408, 0"/><instruction code="INCMH T1408, 0"/><instruction code="INCH  T1408, 0"/><instruction code="NEG T1408, 0, T1408"/><instruction code="ADD T1409, T6, T1408"/><instruction code="SETL  T1410, 1"/><instruction code="INCML T1410, 0"/><instruction code="INCMH T1410, 0"/><instruction code="INCH  T1410, 0"/><instruction code="SETL  T1411, 72"/><instruction code="INCML T1411, 0"/><instruction code="INCMH T1411, 0"/><instruction code="INCH  T1411, 0"/><instruction code="MUL T1412, T1410, T1411"/><instruction code="ADD T1413, T1409, T1412"/><instruction code="SETL  T1414, 4"/><instruction code="INCML T1414, 0"/><instruction code="INCMH T1414, 0"/><instruction code="INCH  T1414, 0"/><instruction code="SETL  T1415, 8"/><instruction code="INCML T1415, 0"/><instruction code="INCMH T1415, 0"/><instruction code="INCH  T1415, 0"/><instruction code="MUL T1416, T1414, T1415"/><instruction code="ADD T1417, T1413, T1416"/><instruction code="STO T1417, T235, 0"/><instruction code="SETL  T1419, 4"/><instruction code="INCML T1419, 0"/><instruction code="INCMH T1419, 0"/><instruction code="INCH  T1419, 0"/><instruction code="OR T236, T1419, 0"/><instruction code="SETL  T1420, 664"/><instruction code="INCML T1420, 0"/><instruction code="INCMH T1420, 0"/><instruction code="INCH  T1420, 0"/><instruction code="NEG T1420, 0, T1420"/><instruction code="ADD T1421, T6, T1420"/><instruction code="SETL  T1422, 1"/><instruction code="INCML T1422, 0"/><instruction code="INCMH T1422, 0"/><instruction code="INCH  T1422, 0"/><instruction code="SETL  T1423, 72"/><instruction code="INCML T1423, 0"/><instruction code="INCMH T1423, 0"/><instruction code="INCH  T1423, 0"/><instruction code="MUL T1424, T1422, T1423"/><instruction code="ADD T1425, T1421, T1424"/><instruction code="SETL  T1426, 5"/><instruction code="INCML T1426, 0"/><instruction code="INCMH T1426, 0"/><instruction code="INCH  T1426, 0"/><instruction code="SETL  T1427, 8"/><instruction code="INCML T1427, 0"/><instruction code="INCMH T1427, 0"/><instruction code="INCH  T1427, 0"/><instruction code="MUL T1428, T1426, T1427"/><instruction code="ADD T1429, T1425, T1428"/><instruction code="STO T1429, T236, 0"/><instruction code="SETL  T1431, 0"/><instruction code="INCML T1431, 0"/><instruction code="INCMH T1431, 0"/><instruction code="INCH  T1431, 0"/><instruction code="OR T237, T1431, 0"/><instruction code="SETL  T1432, 664"/><instruction code="INCML T1432, 0"/><instruction code="INCMH T1432, 0"/><instruction code="INCH  T1432, 0"/><instruction code="NEG T1432, 0, T1432"/><instruction code="ADD T1433, T6, T1432"/><instruction code="SETL  T1434, 1"/><instruction code="INCML T1434, 0"/><instruction code="INCMH T1434, 0"/><instruction code="INCH  T1434, 0"/><instruction code="SETL  T1435, 72"/><instruction code="INCML T1435, 0"/><instruction code="INCMH T1435, 0"/><instruction code="INCH  T1435, 0"/><instruction code="MUL T1436, T1434, T1435"/><instruction code="ADD T1437, T1433, T1436"/><instruction code="SETL  T1438, 6"/><instruction code="INCML T1438, 0"/><instruction code="INCMH T1438, 0"/><instruction code="INCH  T1438, 0"/><instruction code="SETL  T1439, 8"/><instruction code="INCML T1439, 0"/><instruction code="INCMH T1439, 0"/><instruction code="INCH  T1439, 0"/><instruction code="MUL T1440, T1438, T1439"/><instruction code="ADD T1441, T1437, T1440"/><instruction code="STO T1441, T237, 0"/><instruction code="SETL  T1443, 0"/><instruction code="INCML T1443, 0"/><instruction code="INCMH T1443, 0"/><instruction code="INCH  T1443, 0"/><instruction code="OR T238, T1443, 0"/><instruction code="SETL  T1444, 664"/><instruction code="INCML T1444, 0"/><instruction code="INCMH T1444, 0"/><instruction code="INCH  T1444, 0"/><instruction code="NEG T1444, 0, T1444"/><instruction code="ADD T1445, T6, T1444"/><instruction code="SETL  T1446, 1"/><instruction code="INCML T1446, 0"/><instruction code="INCMH T1446, 0"/><instruction code="INCH  T1446, 0"/><instruction code="SETL  T1447, 72"/><instruction code="INCML T1447, 0"/><instruction code="INCMH T1447, 0"/><instruction code="INCH  T1447, 0"/><instruction code="MUL T1448, T1446, T1447"/><instruction code="ADD T1449, T1445, T1448"/><instruction code="SETL  T1450, 7"/><instruction code="INCML T1450, 0"/><instruction code="INCMH T1450, 0"/><instruction code="INCH  T1450, 0"/><instruction code="SETL  T1451, 8"/><instruction code="INCML T1451, 0"/><instruction code="INCMH T1451, 0"/><instruction code="INCH  T1451, 0"/><instruction code="MUL T1452, T1450, T1451"/><instruction code="ADD T1453, T1449, T1452"/><instruction code="STO T1453, T238, 0"/><instruction code="SETL  T1455, 6"/><instruction code="INCML T1455, 0"/><instruction code="INCMH T1455, 0"/><instruction code="INCH  T1455, 0"/><instruction code="OR T239, T1455, 0"/><instruction code="SETL  T1456, 664"/><instruction code="INCML T1456, 0"/><instruction code="INCMH T1456, 0"/><instruction code="INCH  T1456, 0"/><instruction code="NEG T1456, 0, T1456"/><instruction code="ADD T1457, T6, T1456"/><instruction code="SETL  T1458, 1"/><instruction code="INCML T1458, 0"/><instruction code="INCMH T1458, 0"/><instruction code="INCH  T1458, 0"/><instruction code="SETL  T1459, 72"/><instruction code="INCML T1459, 0"/><instruction code="INCMH T1459, 0"/><instruction code="INCH  T1459, 0"/><instruction code="MUL T1460, T1458, T1459"/><instruction code="ADD T1461, T1457, T1460"/><instruction code="SETL  T1462, 8"/><instruction code="INCML T1462, 0"/><instruction code="INCMH T1462, 0"/><instruction code="INCH  T1462, 0"/><instruction code="SETL  T1463, 8"/><instruction code="INCML T1463, 0"/><instruction code="INCMH T1463, 0"/><instruction code="INCH  T1463, 0"/><instruction code="MUL T1464, T1462, T1463"/><instruction code="ADD T1465, T1461, T1464"/><instruction code="STO T1465, T239, 0"/><instruction code="SETL  T1467, 8"/><instruction code="INCML T1467, 0"/><instruction code="INCMH T1467, 0"/><instruction code="INCH  T1467, 0"/><instruction code="OR T240, T1467, 0"/><instruction code="SETL  T1468, 664"/><instruction code="INCML T1468, 0"/><instruction code="INCMH T1468, 0"/><instruction code="INCH  T1468, 0"/><instruction code="NEG T1468, 0, T1468"/><instruction code="ADD T1469, T6, T1468"/><instruction code="SETL  T1470, 2"/><instruction code="INCML T1470, 0"/><instruction code="INCMH T1470, 0"/><instruction code="INCH  T1470, 0"/><instruction code="SETL  T1471, 72"/><instruction code="INCML T1471, 0"/><instruction code="INCMH T1471, 0"/><instruction code="INCH  T1471, 0"/><instruction code="MUL T1472, T1470, T1471"/><instruction code="ADD T1473, T1469, T1472"/><instruction code="SETL  T1474, 0"/><instruction code="INCML T1474, 0"/><instruction code="INCMH T1474, 0"/><instruction code="INCH  T1474, 0"/><instruction code="SETL  T1475, 8"/><instruction code="INCML T1475, 0"/><instruction code="INCMH T1475, 0"/><instruction code="INCH  T1475, 0"/><instruction code="MUL T1476, T1474, T1475"/><instruction code="ADD T1477, T1473, T1476"/><instruction code="STO T1477, T240, 0"/><instruction code="SETL  T1479, 2"/><instruction code="INCML T1479, 0"/><instruction code="INCMH T1479, 0"/><instruction code="INCH  T1479, 0"/><instruction code="OR T241, T1479, 0"/><instruction code="SETL  T1480, 664"/><instruction code="INCML T1480, 0"/><instruction code="INCMH T1480, 0"/><instruction code="INCH  T1480, 0"/><instruction code="NEG T1480, 0, T1480"/><instruction code="ADD T1481, T6, T1480"/><instruction code="SETL  T1482, 2"/><instruction code="INCML T1482, 0"/><instruction code="INCMH T1482, 0"/><instruction code="INCH  T1482, 0"/><instruction code="SETL  T1483, 72"/><instruction code="INCML T1483, 0"/><instruction code="INCMH T1483, 0"/><instruction code="INCH  T1483, 0"/><instruction code="MUL T1484, T1482, T1483"/><instruction code="ADD T1485, T1481, T1484"/><instruction code="SETL  T1486, 1"/><instruction code="INCML T1486, 0"/><instruction code="INCMH T1486, 0"/><instruction code="INCH  T1486, 0"/><instruction code="SETL  T1487, 8"/><instruction code="INCML T1487, 0"/><instruction code="INCMH T1487, 0"/><instruction code="INCH  T1487, 0"/><instruction code="MUL T1488, T1486, T1487"/><instruction code="ADD T1489, T1485, T1488"/><instruction code="STO T1489, T241, 0"/><instruction code="SETL  T1491, 0"/><instruction code="INCML T1491, 0"/><instruction code="INCMH T1491, 0"/><instruction code="INCH  T1491, 0"/><instruction code="OR T242, T1491, 0"/><instruction code="SETL  T1492, 664"/><instruction code="INCML T1492, 0"/><instruction code="INCMH T1492, 0"/><instruction code="INCH  T1492, 0"/><instruction code="NEG T1492, 0, T1492"/><instruction code="ADD T1493, T6, T1492"/><instruction code="SETL  T1494, 2"/><instruction code="INCML T1494, 0"/><instruction code="INCMH T1494, 0"/><instruction code="INCH  T1494, 0"/><instruction code="SETL  T1495, 72"/><instruction code="INCML T1495, 0"/><instruction code="INCMH T1495, 0"/><instruction code="INCH  T1495, 0"/><instruction code="MUL T1496, T1494, T1495"/><instruction code="ADD T1497, T1493, T1496"/><instruction code="SETL  T1498, 2"/><instruction code="INCML T1498, 0"/><instruction code="INCMH T1498, 0"/><instruction code="INCH  T1498, 0"/><instruction code="SETL  T1499, 8"/><instruction code="INCML T1499, 0"/><instruction code="INCMH T1499, 0"/><instruction code="INCH  T1499, 0"/><instruction code="MUL T1500, T1498, T1499"/><instruction code="ADD T1501, T1497, T1500"/><instruction code="STO T1501, T242, 0"/><instruction code="SETL  T1503, 0"/><instruction code="INCML T1503, 0"/><instruction code="INCMH T1503, 0"/><instruction code="INCH  T1503, 0"/><instruction code="OR T243, T1503, 0"/><instruction code="SETL  T1504, 664"/><instruction code="INCML T1504, 0"/><instruction code="INCMH T1504, 0"/><instruction code="INCH  T1504, 0"/><instruction code="NEG T1504, 0, T1504"/><instruction code="ADD T1505, T6, T1504"/><instruction code="SETL  T1506, 2"/><instruction code="INCML T1506, 0"/><instruction code="INCMH T1506, 0"/><instruction code="INCH  T1506, 0"/><instruction code="SETL  T1507, 72"/><instruction code="INCML T1507, 0"/><instruction code="INCMH T1507, 0"/><instruction code="INCH  T1507, 0"/><instruction code="MUL T1508, T1506, T1507"/><instruction code="ADD T1509, T1505, T1508"/><instruction code="SETL  T1510, 3"/><instruction code="INCML T1510, 0"/><instruction code="INCMH T1510, 0"/><instruction code="INCH  T1510, 0"/><instruction code="SETL  T1511, 8"/><instruction code="INCML T1511, 0"/><instruction code="INCMH T1511, 0"/><instruction code="INCH  T1511, 0"/><instruction code="MUL T1512, T1510, T1511"/><instruction code="ADD T1513, T1509, T1512"/><instruction code="STO T1513, T243, 0"/><instruction code="SETL  T1515, 9"/><instruction code="INCML T1515, 0"/><instruction code="INCMH T1515, 0"/><instruction code="INCH  T1515, 0"/><instruction code="OR T244, T1515, 0"/><instruction code="SETL  T1516, 664"/><instruction code="INCML T1516, 0"/><instruction code="INCMH T1516, 0"/><instruction code="INCH  T1516, 0"/><instruction code="NEG T1516, 0, T1516"/><instruction code="ADD T1517, T6, T1516"/><instruction code="SETL  T1518, 2"/><instruction code="INCML T1518, 0"/><instruction code="INCMH T1518, 0"/><instruction code="INCH  T1518, 0"/><instruction code="SETL  T1519, 72"/><instruction code="INCML T1519, 0"/><instruction code="INCMH T1519, 0"/><instruction code="INCH  T1519, 0"/><instruction code="MUL T1520, T1518, T1519"/><instruction code="ADD T1521, T1517, T1520"/><instruction code="SETL  T1522, 4"/><instruction code="INCML T1522, 0"/><instruction code="INCMH T1522, 0"/><instruction code="INCH  T1522, 0"/><instruction code="SETL  T1523, 8"/><instruction code="INCML T1523, 0"/><instruction code="INCMH T1523, 0"/><instruction code="INCH  T1523, 0"/><instruction code="MUL T1524, T1522, T1523"/><instruction code="ADD T1525, T1521, T1524"/><instruction code="STO T1525, T244, 0"/><instruction code="SETL  T1527, 0"/><instruction code="INCML T1527, 0"/><instruction code="INCMH T1527, 0"/><instruction code="INCH  T1527, 0"/><instruction code="OR T245, T1527, 0"/><instruction code="SETL  T1528, 664"/><instruction code="INCML T1528, 0"/><instruction code="INCMH T1528, 0"/><instruction code="INCH  T1528, 0"/><instruction code="NEG T1528, 0, T1528"/><instruction code="ADD T1529, T6, T1528"/><instruction code="SETL  T1530, 2"/><instruction code="INCML T1530, 0"/><instruction code="INCMH T1530, 0"/><instruction code="INCH  T1530, 0"/><instruction code="SETL  T1531, 72"/><instruction code="INCML T1531, 0"/><instruction code="INCMH T1531, 0"/><instruction code="INCH  T1531, 0"/><instruction code="MUL T1532, T1530, T1531"/><instruction code="ADD T1533, T1529, T1532"/><instruction code="SETL  T1534, 5"/><instruction code="INCML T1534, 0"/><instruction code="INCMH T1534, 0"/><instruction code="INCH  T1534, 0"/><instruction code="SETL  T1535, 8"/><instruction code="INCML T1535, 0"/><instruction code="INCMH T1535, 0"/><instruction code="INCH  T1535, 0"/><instruction code="MUL T1536, T1534, T1535"/><instruction code="ADD T1537, T1533, T1536"/><instruction code="STO T1537, T245, 0"/><instruction code="SETL  T1539, 0"/><instruction code="INCML T1539, 0"/><instruction code="INCMH T1539, 0"/><instruction code="INCH  T1539, 0"/><instruction code="OR T246, T1539, 0"/><instruction code="SETL  T1540, 664"/><instruction code="INCML T1540, 0"/><instruction code="INCMH T1540, 0"/><instruction code="INCH  T1540, 0"/><instruction code="NEG T1540, 0, T1540"/><instruction code="ADD T1541, T6, T1540"/><instruction code="SETL  T1542, 2"/><instruction code="INCML T1542, 0"/><instruction code="INCMH T1542, 0"/><instruction code="INCH  T1542, 0"/><instruction code="SETL  T1543, 72"/><instruction code="INCML T1543, 0"/><instruction code="INCMH T1543, 0"/><instruction code="INCH  T1543, 0"/><instruction code="MUL T1544, T1542, T1543"/><instruction code="ADD T1545, T1541, T1544"/><instruction code="SETL  T1546, 6"/><instruction code="INCML T1546, 0"/><instruction code="INCMH T1546, 0"/><instruction code="INCH  T1546, 0"/><instruction code="SETL  T1547, 8"/><instruction code="INCML T1547, 0"/><instruction code="INCMH T1547, 0"/><instruction code="INCH  T1547, 0"/><instruction code="MUL T1548, T1546, T1547"/><instruction code="ADD T1549, T1545, T1548"/><instruction code="STO T1549, T246, 0"/><instruction code="SETL  T1551, 0"/><instruction code="INCML T1551, 0"/><instruction code="INCMH T1551, 0"/><instruction code="INCH  T1551, 0"/><instruction code="OR T247, T1551, 0"/><instruction code="SETL  T1552, 664"/><instruction code="INCML T1552, 0"/><instruction code="INCMH T1552, 0"/><instruction code="INCH  T1552, 0"/><instruction code="NEG T1552, 0, T1552"/><instruction code="ADD T1553, T6, T1552"/><instruction code="SETL  T1554, 2"/><instruction code="INCML T1554, 0"/><instruction code="INCMH T1554, 0"/><instruction code="INCH  T1554, 0"/><instruction code="SETL  T1555, 72"/><instruction code="INCML T1555, 0"/><instruction code="INCMH T1555, 0"/><instruction code="INCH  T1555, 0"/><instruction code="MUL T1556, T1554, T1555"/><instruction code="ADD T1557, T1553, T1556"/><instruction code="SETL  T1558, 7"/><instruction code="INCML T1558, 0"/><instruction code="INCMH T1558, 0"/><instruction code="INCH  T1558, 0"/><instruction code="SETL  T1559, 8"/><instruction code="INCML T1559, 0"/><instruction code="INCMH T1559, 0"/><instruction code="INCH  T1559, 0"/><instruction code="MUL T1560, T1558, T1559"/><instruction code="ADD T1561, T1557, T1560"/><instruction code="STO T1561, T247, 0"/><instruction code="SETL  T1563, 0"/><instruction code="INCML T1563, 0"/><instruction code="INCMH T1563, 0"/><instruction code="INCH  T1563, 0"/><instruction code="OR T248, T1563, 0"/><instruction code="SETL  T1564, 664"/><instruction code="INCML T1564, 0"/><instruction code="INCMH T1564, 0"/><instruction code="INCH  T1564, 0"/><instruction code="NEG T1564, 0, T1564"/><instruction code="ADD T1565, T6, T1564"/><instruction code="SETL  T1566, 2"/><instruction code="INCML T1566, 0"/><instruction code="INCMH T1566, 0"/><instruction code="INCH  T1566, 0"/><instruction code="SETL  T1567, 72"/><instruction code="INCML T1567, 0"/><instruction code="INCMH T1567, 0"/><instruction code="INCH  T1567, 0"/><instruction code="MUL T1568, T1566, T1567"/><instruction code="ADD T1569, T1565, T1568"/><instruction code="SETL  T1570, 8"/><instruction code="INCML T1570, 0"/><instruction code="INCMH T1570, 0"/><instruction code="INCH  T1570, 0"/><instruction code="SETL  T1571, 8"/><instruction code="INCML T1571, 0"/><instruction code="INCMH T1571, 0"/><instruction code="INCH  T1571, 0"/><instruction code="MUL T1572, T1570, T1571"/><instruction code="ADD T1573, T1569, T1572"/><instruction code="STO T1573, T248, 0"/><instruction code="SETL  T1575, 0"/><instruction code="INCML T1575, 0"/><instruction code="INCMH T1575, 0"/><instruction code="INCH  T1575, 0"/><instruction code="OR T249, T1575, 0"/><instruction code="SETL  T1576, 664"/><instruction code="INCML T1576, 0"/><instruction code="INCMH T1576, 0"/><instruction code="INCH  T1576, 0"/><instruction code="NEG T1576, 0, T1576"/><instruction code="ADD T1577, T6, T1576"/><instruction code="SETL  T1578, 3"/><instruction code="INCML T1578, 0"/><instruction code="INCMH T1578, 0"/><instruction code="INCH  T1578, 0"/><instruction code="SETL  T1579, 72"/><instruction code="INCML T1579, 0"/><instruction code="INCMH T1579, 0"/><instruction code="INCH  T1579, 0"/><instruction code="MUL T1580, T1578, T1579"/><instruction code="ADD T1581, T1577, T1580"/><instruction code="SETL  T1582, 0"/><instruction code="INCML T1582, 0"/><instruction code="INCMH T1582, 0"/><instruction code="INCH  T1582, 0"/><instruction code="SETL  T1583, 8"/><instruction code="INCML T1583, 0"/><instruction code="INCMH T1583, 0"/><instruction code="INCH  T1583, 0"/><instruction code="MUL T1584, T1582, T1583"/><instruction code="ADD T1585, T1581, T1584"/><instruction code="STO T1585, T249, 0"/><instruction code="SETL  T1587, 1"/><instruction code="INCML T1587, 0"/><instruction code="INCMH T1587, 0"/><instruction code="INCH  T1587, 0"/><instruction code="OR T250, T1587, 0"/><instruction code="SETL  T1588, 664"/><instruction code="INCML T1588, 0"/><instruction code="INCMH T1588, 0"/><instruction code="INCH  T1588, 0"/><instruction code="NEG T1588, 0, T1588"/><instruction code="ADD T1589, T6, T1588"/><instruction code="SETL  T1590, 3"/><instruction code="INCML T1590, 0"/><instruction code="INCMH T1590, 0"/><instruction code="INCH  T1590, 0"/><instruction code="SETL  T1591, 72"/><instruction code="INCML T1591, 0"/><instruction code="INCMH T1591, 0"/><instruction code="INCH  T1591, 0"/><instruction code="MUL T1592, T1590, T1591"/><instruction code="ADD T1593, T1589, T1592"/><instruction code="SETL  T1594, 1"/><instruction code="INCML T1594, 0"/><instruction code="INCMH T1594, 0"/><instruction code="INCH  T1594, 0"/><instruction code="SETL  T1595, 8"/><instruction code="INCML T1595, 0"/><instruction code="INCMH T1595, 0"/><instruction code="INCH  T1595, 0"/><instruction code="MUL T1596, T1594, T1595"/><instruction code="ADD T1597, T1593, T1596"/><instruction code="STO T1597, T250, 0"/><instruction code="SETL  T1599, 4"/><instruction code="INCML T1599, 0"/><instruction code="INCMH T1599, 0"/><instruction code="INCH  T1599, 0"/><instruction code="OR T251, T1599, 0"/><instruction code="SETL  T1600, 664"/><instruction code="INCML T1600, 0"/><instruction code="INCMH T1600, 0"/><instruction code="INCH  T1600, 0"/><instruction code="NEG T1600, 0, T1600"/><instruction code="ADD T1601, T6, T1600"/><instruction code="SETL  T1602, 3"/><instruction code="INCML T1602, 0"/><instruction code="INCMH T1602, 0"/><instruction code="INCH  T1602, 0"/><instruction code="SETL  T1603, 72"/><instruction code="INCML T1603, 0"/><instruction code="INCMH T1603, 0"/><instruction code="INCH  T1603, 0"/><instruction code="MUL T1604, T1602, T1603"/><instruction code="ADD T1605, T1601, T1604"/><instruction code="SETL  T1606, 2"/><instruction code="INCML T1606, 0"/><instruction code="INCMH T1606, 0"/><instruction code="INCH  T1606, 0"/><instruction code="SETL  T1607, 8"/><instruction code="INCML T1607, 0"/><instruction code="INCMH T1607, 0"/><instruction code="INCH  T1607, 0"/><instruction code="MUL T1608, T1606, T1607"/><instruction code="ADD T1609, T1605, T1608"/><instruction code="STO T1609, T251, 0"/><instruction code="SETL  T1611, 8"/><instruction code="INCML T1611, 0"/><instruction code="INCMH T1611, 0"/><instruction code="INCH  T1611, 0"/><instruction code="OR T252, T1611, 0"/><instruction code="SETL  T1612, 664"/><instruction code="INCML T1612, 0"/><instruction code="INCMH T1612, 0"/><instruction code="INCH  T1612, 0"/><instruction code="NEG T1612, 0, T1612"/><instruction code="ADD T1613, T6, T1612"/><instruction code="SETL  T1614, 3"/><instruction code="INCML T1614, 0"/><instruction code="INCMH T1614, 0"/><instruction code="INCH  T1614, 0"/><instruction code="SETL  T1615, 72"/><instruction code="INCML T1615, 0"/><instruction code="INCMH T1615, 0"/><instruction code="INCH  T1615, 0"/><instruction code="MUL T1616, T1614, T1615"/><instruction code="ADD T1617, T1613, T1616"/><instruction code="SETL  T1618, 3"/><instruction code="INCML T1618, 0"/><instruction code="INCMH T1618, 0"/><instruction code="INCH  T1618, 0"/><instruction code="SETL  T1619, 8"/><instruction code="INCML T1619, 0"/><instruction code="INCMH T1619, 0"/><instruction code="INCH  T1619, 0"/><instruction code="MUL T1620, T1618, T1619"/><instruction code="ADD T1621, T1617, T1620"/><instruction code="STO T1621, T252, 0"/><instruction code="SETL  T1623, 0"/><instruction code="INCML T1623, 0"/><instruction code="INCMH T1623, 0"/><instruction code="INCH  T1623, 0"/><instruction code="OR T253, T1623, 0"/><instruction code="SETL  T1624, 664"/><instruction code="INCML T1624, 0"/><instruction code="INCMH T1624, 0"/><instruction code="INCH  T1624, 0"/><instruction code="NEG T1624, 0, T1624"/><instruction code="ADD T1625, T6, T1624"/><instruction code="SETL  T1626, 3"/><instruction code="INCML T1626, 0"/><instruction code="INCMH T1626, 0"/><instruction code="INCH  T1626, 0"/><instruction code="SETL  T1627, 72"/><instruction code="INCML T1627, 0"/><instruction code="INCMH T1627, 0"/><instruction code="INCH  T1627, 0"/><instruction code="MUL T1628, T1626, T1627"/><instruction code="ADD T1629, T1625, T1628"/><instruction code="SETL  T1630, 4"/><instruction code="INCML T1630, 0"/><instruction code="INCMH T1630, 0"/><instruction code="INCH  T1630, 0"/><instruction code="SETL  T1631, 8"/><instruction code="INCML T1631, 0"/><instruction code="INCMH T1631, 0"/><instruction code="INCH  T1631, 0"/><instruction code="MUL T1632, T1630, T1631"/><instruction code="ADD T1633, T1629, T1632"/><instruction code="STO T1633, T253, 0"/><instruction code="SETL  T1635, 0"/><instruction code="INCML T1635, 0"/><instruction code="INCMH T1635, 0"/><instruction code="INCH  T1635, 0"/><instruction code="OR T254, T1635, 0"/><instruction code="SETL  T1636, 664"/><instruction code="INCML T1636, 0"/><instruction code="INCMH T1636, 0"/><instruction code="INCH  T1636, 0"/><instruction code="NEG T1636, 0, T1636"/><instruction code="ADD T1637, T6, T1636"/><instruction code="SETL  T1638, 3"/><instruction code="INCML T1638, 0"/><instruction code="INCMH T1638, 0"/><instruction code="INCH  T1638, 0"/><instruction code="SETL  T1639, 72"/><instruction code="INCML T1639, 0"/><instruction code="INCMH T1639, 0"/><instruction code="INCH  T1639, 0"/><instruction code="MUL T1640, T1638, T1639"/><instruction code="ADD T1641, T1637, T1640"/><instruction code="SETL  T1642, 5"/><instruction code="INCML T1642, 0"/><instruction code="INCMH T1642, 0"/><instruction code="INCH  T1642, 0"/><instruction code="SETL  T1643, 8"/><instruction code="INCML T1643, 0"/><instruction code="INCMH T1643, 0"/><instruction code="INCH  T1643, 0"/><instruction code="MUL T1644, T1642, T1643"/><instruction code="ADD T1645, T1641, T1644"/><instruction code="STO T1645, T254, 0"/><instruction code="SETL  T1647, 0"/><instruction code="INCML T1647, 0"/><instruction code="INCMH T1647, 0"/><instruction code="INCH  T1647, 0"/><instruction code="OR T255, T1647, 0"/><instruction code="SETL  T1648, 664"/><instruction code="INCML T1648, 0"/><instruction code="INCMH T1648, 0"/><instruction code="INCH  T1648, 0"/><instruction code="NEG T1648, 0, T1648"/><instruction code="ADD T1649, T6, T1648"/><instruction code="SETL  T1650, 3"/><instruction code="INCML T1650, 0"/><instruction code="INCMH T1650, 0"/><instruction code="INCH  T1650, 0"/><instruction code="SETL  T1651, 72"/><instruction code="INCML T1651, 0"/><instruction code="INCMH T1651, 0"/><instruction code="INCH  T1651, 0"/><instruction code="MUL T1652, T1650, T1651"/><instruction code="ADD T1653, T1649, T1652"/><instruction code="SETL  T1654, 6"/><instruction code="INCML T1654, 0"/><instruction code="INCMH T1654, 0"/><instruction code="INCH  T1654, 0"/><instruction code="SETL  T1655, 8"/><instruction code="INCML T1655, 0"/><instruction code="INCMH T1655, 0"/><instruction code="INCH  T1655, 0"/><instruction code="MUL T1656, T1654, T1655"/><instruction code="ADD T1657, T1653, T1656"/><instruction code="STO T1657, T255, 0"/><instruction code="SETL  T1659, 5"/><instruction code="INCML T1659, 0"/><instruction code="INCMH T1659, 0"/><instruction code="INCH  T1659, 0"/><instruction code="OR T256, T1659, 0"/><instruction code="SETL  T1660, 664"/><instruction code="INCML T1660, 0"/><instruction code="INCMH T1660, 0"/><instruction code="INCH  T1660, 0"/><instruction code="NEG T1660, 0, T1660"/><instruction code="ADD T1661, T6, T1660"/><instruction code="SETL  T1662, 3"/><instruction code="INCML T1662, 0"/><instruction code="INCMH T1662, 0"/><instruction code="INCH  T1662, 0"/><instruction code="SETL  T1663, 72"/><instruction code="INCML T1663, 0"/><instruction code="INCMH T1663, 0"/><instruction code="INCH  T1663, 0"/><instruction code="MUL T1664, T1662, T1663"/><instruction code="ADD T1665, T1661, T1664"/><instruction code="SETL  T1666, 7"/><instruction code="INCML T1666, 0"/><instruction code="INCMH T1666, 0"/><instruction code="INCH  T1666, 0"/><instruction code="SETL  T1667, 8"/><instruction code="INCML T1667, 0"/><instruction code="INCMH T1667, 0"/><instruction code="INCH  T1667, 0"/><instruction code="MUL T1668, T1666, T1667"/><instruction code="ADD T1669, T1665, T1668"/><instruction code="STO T1669, T256, 0"/><instruction code="SETL  T1671, 0"/><instruction code="INCML T1671, 0"/><instruction code="INCMH T1671, 0"/><instruction code="INCH  T1671, 0"/><instruction code="OR T257, T1671, 0"/><instruction code="SETL  T1672, 664"/><instruction code="INCML T1672, 0"/><instruction code="INCMH T1672, 0"/><instruction code="INCH  T1672, 0"/><instruction code="NEG T1672, 0, T1672"/><instruction code="ADD T1673, T6, T1672"/><instruction code="SETL  T1674, 3"/><instruction code="INCML T1674, 0"/><instruction code="INCMH T1674, 0"/><instruction code="INCH  T1674, 0"/><instruction code="SETL  T1675, 72"/><instruction code="INCML T1675, 0"/><instruction code="INCMH T1675, 0"/><instruction code="INCH  T1675, 0"/><instruction code="MUL T1676, T1674, T1675"/><instruction code="ADD T1677, T1673, T1676"/><instruction code="SETL  T1678, 8"/><instruction code="INCML T1678, 0"/><instruction code="INCMH T1678, 0"/><instruction code="INCH  T1678, 0"/><instruction code="SETL  T1679, 8"/><instruction code="INCML T1679, 0"/><instruction code="INCMH T1679, 0"/><instruction code="INCH  T1679, 0"/><instruction code="MUL T1680, T1678, T1679"/><instruction code="ADD T1681, T1677, T1680"/><instruction code="STO T1681, T257, 0"/><instruction code="SETL  T1683, 3"/><instruction code="INCML T1683, 0"/><instruction code="INCMH T1683, 0"/><instruction code="INCH  T1683, 0"/><instruction code="OR T258, T1683, 0"/><instruction code="SETL  T1684, 664"/><instruction code="INCML T1684, 0"/><instruction code="INCMH T1684, 0"/><instruction code="INCH  T1684, 0"/><instruction code="NEG T1684, 0, T1684"/><instruction code="ADD T1685, T6, T1684"/><instruction code="SETL  T1686, 4"/><instruction code="INCML T1686, 0"/><instruction code="INCMH T1686, 0"/><instruction code="INCH  T1686, 0"/><instruction code="SETL  T1687, 72"/><instruction code="INCML T1687, 0"/><instruction code="INCMH T1687, 0"/><instruction code="INCH  T1687, 0"/><instruction code="MUL T1688, T1686, T1687"/><instruction code="ADD T1689, T1685, T1688"/><instruction code="SETL  T1690, 0"/><instruction code="INCML T1690, 0"/><instruction code="INCMH T1690, 0"/><instruction code="INCH  T1690, 0"/><instruction code="SETL  T1691, 8"/><instruction code="INCML T1691, 0"/><instruction code="INCMH T1691, 0"/><instruction code="INCH  T1691, 0"/><instruction code="MUL T1692, T1690, T1691"/><instruction code="ADD T1693, T1689, T1692"/><instruction code="STO T1693, T258, 0"/><instruction code="SETL  T1695, 0"/><instruction code="INCML T1695, 0"/><instruction code="INCMH T1695, 0"/><instruction code="INCH  T1695, 0"/><instruction code="OR T259, T1695, 0"/><instruction code="SETL  T1696, 664"/><instruction code="INCML T1696, 0"/><instruction code="INCMH T1696, 0"/><instruction code="INCH  T1696, 0"/><instruction code="NEG T1696, 0, T1696"/><instruction code="ADD T1697, T6, T1696"/><instruction code="SETL  T1698, 4"/><instruction code="INCML T1698, 0"/><instruction code="INCMH T1698, 0"/><instruction code="INCH  T1698, 0"/><instruction code="SETL  T1699, 72"/><instruction code="INCML T1699, 0"/><instruction code="INCMH T1699, 0"/><instruction code="INCH  T1699, 0"/><instruction code="MUL T1700, T1698, T1699"/><instruction code="ADD T1701, T1697, T1700"/><instruction code="SETL  T1702, 1"/><instruction code="INCML T1702, 0"/><instruction code="INCMH T1702, 0"/><instruction code="INCH  T1702, 0"/><instruction code="SETL  T1703, 8"/><instruction code="INCML T1703, 0"/><instruction code="INCMH T1703, 0"/><instruction code="INCH  T1703, 0"/><instruction code="MUL T1704, T1702, T1703"/><instruction code="ADD T1705, T1701, T1704"/><instruction code="STO T1705, T259, 0"/><instruction code="SETL  T1707, 0"/><instruction code="INCML T1707, 0"/><instruction code="INCMH T1707, 0"/><instruction code="INCH  T1707, 0"/><instruction code="OR T260, T1707, 0"/><instruction code="SETL  T1708, 664"/><instruction code="INCML T1708, 0"/><instruction code="INCMH T1708, 0"/><instruction code="INCH  T1708, 0"/><instruction code="NEG T1708, 0, T1708"/><instruction code="ADD T1709, T6, T1708"/><instruction code="SETL  T1710, 4"/><instruction code="INCML T1710, 0"/><instruction code="INCMH T1710, 0"/><instruction code="INCH  T1710, 0"/><instruction code="SETL  T1711, 72"/><instruction code="INCML T1711, 0"/><instruction code="INCMH T1711, 0"/><instruction code="INCH  T1711, 0"/><instruction code="MUL T1712, T1710, T1711"/><instruction code="ADD T1713, T1709, T1712"/><instruction code="SETL  T1714, 2"/><instruction code="INCML T1714, 0"/><instruction code="INCMH T1714, 0"/><instruction code="INCH  T1714, 0"/><instruction code="SETL  T1715, 8"/><instruction code="INCML T1715, 0"/><instruction code="INCMH T1715, 0"/><instruction code="INCH  T1715, 0"/><instruction code="MUL T1716, T1714, T1715"/><instruction code="ADD T1717, T1713, T1716"/><instruction code="STO T1717, T260, 0"/><instruction code="SETL  T1719, 0"/><instruction code="INCML T1719, 0"/><instruction code="INCMH T1719, 0"/><instruction code="INCH  T1719, 0"/><instruction code="OR T261, T1719, 0"/><instruction code="SETL  T1720, 664"/><instruction code="INCML T1720, 0"/><instruction code="INCMH T1720, 0"/><instruction code="INCH  T1720, 0"/><instruction code="NEG T1720, 0, T1720"/><instruction code="ADD T1721, T6, T1720"/><instruction code="SETL  T1722, 4"/><instruction code="INCML T1722, 0"/><instruction code="INCMH T1722, 0"/><instruction code="INCH  T1722, 0"/><instruction code="SETL  T1723, 72"/><instruction code="INCML T1723, 0"/><instruction code="INCMH T1723, 0"/><instruction code="INCH  T1723, 0"/><instruction code="MUL T1724, T1722, T1723"/><instruction code="ADD T1725, T1721, T1724"/><instruction code="SETL  T1726, 3"/><instruction code="INCML T1726, 0"/><instruction code="INCMH T1726, 0"/><instruction code="INCH  T1726, 0"/><instruction code="SETL  T1727, 8"/><instruction code="INCML T1727, 0"/><instruction code="INCMH T1727, 0"/><instruction code="INCH  T1727, 0"/><instruction code="MUL T1728, T1726, T1727"/><instruction code="ADD T1729, T1725, T1728"/><instruction code="STO T1729, T261, 0"/><instruction code="SETL  T1731, 0"/><instruction code="INCML T1731, 0"/><instruction code="INCMH T1731, 0"/><instruction code="INCH  T1731, 0"/><instruction code="OR T262, T1731, 0"/><instruction code="SETL  T1732, 664"/><instruction code="INCML T1732, 0"/><instruction code="INCMH T1732, 0"/><instruction code="INCH  T1732, 0"/><instruction code="NEG T1732, 0, T1732"/><instruction code="ADD T1733, T6, T1732"/><instruction code="SETL  T1734, 4"/><instruction code="INCML T1734, 0"/><instruction code="INCMH T1734, 0"/><instruction code="INCH  T1734, 0"/><instruction code="SETL  T1735, 72"/><instruction code="INCML T1735, 0"/><instruction code="INCMH T1735, 0"/><instruction code="INCH  T1735, 0"/><instruction code="MUL T1736, T1734, T1735"/><instruction code="ADD T1737, T1733, T1736"/><instruction code="SETL  T1738, 4"/><instruction code="INCML T1738, 0"/><instruction code="INCMH T1738, 0"/><instruction code="INCH  T1738, 0"/><instruction code="SETL  T1739, 8"/><instruction code="INCML T1739, 0"/><instruction code="INCMH T1739, 0"/><instruction code="INCH  T1739, 0"/><instruction code="MUL T1740, T1738, T1739"/><instruction code="ADD T1741, T1737, T1740"/><instruction code="STO T1741, T262, 0"/><instruction code="SETL  T1743, 0"/><instruction code="INCML T1743, 0"/><instruction code="INCMH T1743, 0"/><instruction code="INCH  T1743, 0"/><instruction code="OR T263, T1743, 0"/><instruction code="SETL  T1744, 664"/><instruction code="INCML T1744, 0"/><instruction code="INCMH T1744, 0"/><instruction code="INCH  T1744, 0"/><instruction code="NEG T1744, 0, T1744"/><instruction code="ADD T1745, T6, T1744"/><instruction code="SETL  T1746, 4"/><instruction code="INCML T1746, 0"/><instruction code="INCMH T1746, 0"/><instruction code="INCH  T1746, 0"/><instruction code="SETL  T1747, 72"/><instruction code="INCML T1747, 0"/><instruction code="INCMH T1747, 0"/><instruction code="INCH  T1747, 0"/><instruction code="MUL T1748, T1746, T1747"/><instruction code="ADD T1749, T1745, T1748"/><instruction code="SETL  T1750, 5"/><instruction code="INCML T1750, 0"/><instruction code="INCMH T1750, 0"/><instruction code="INCH  T1750, 0"/><instruction code="SETL  T1751, 8"/><instruction code="INCML T1751, 0"/><instruction code="INCMH T1751, 0"/><instruction code="INCH  T1751, 0"/><instruction code="MUL T1752, T1750, T1751"/><instruction code="ADD T1753, T1749, T1752"/><instruction code="STO T1753, T263, 0"/><instruction code="SETL  T1755, 6"/><instruction code="INCML T1755, 0"/><instruction code="INCMH T1755, 0"/><instruction code="INCH  T1755, 0"/><instruction code="OR T264, T1755, 0"/><instruction code="SETL  T1756, 664"/><instruction code="INCML T1756, 0"/><instruction code="INCMH T1756, 0"/><instruction code="INCH  T1756, 0"/><instruction code="NEG T1756, 0, T1756"/><instruction code="ADD T1757, T6, T1756"/><instruction code="SETL  T1758, 4"/><instruction code="INCML T1758, 0"/><instruction code="INCMH T1758, 0"/><instruction code="INCH  T1758, 0"/><instruction code="SETL  T1759, 72"/><instruction code="INCML T1759, 0"/><instruction code="INCMH T1759, 0"/><instruction code="INCH  T1759, 0"/><instruction code="MUL T1760, T1758, T1759"/><instruction code="ADD T1761, T1757, T1760"/><instruction code="SETL  T1762, 6"/><instruction code="INCML T1762, 0"/><instruction code="INCMH T1762, 0"/><instruction code="INCH  T1762, 0"/><instruction code="SETL  T1763, 8"/><instruction code="INCML T1763, 0"/><instruction code="INCMH T1763, 0"/><instruction code="INCH  T1763, 0"/><instruction code="MUL T1764, T1762, T1763"/><instruction code="ADD T1765, T1761, T1764"/><instruction code="STO T1765, T264, 0"/><instruction code="SETL  T1767, 7"/><instruction code="INCML T1767, 0"/><instruction code="INCMH T1767, 0"/><instruction code="INCH  T1767, 0"/><instruction code="OR T265, T1767, 0"/><instruction code="SETL  T1768, 664"/><instruction code="INCML T1768, 0"/><instruction code="INCMH T1768, 0"/><instruction code="INCH  T1768, 0"/><instruction code="NEG T1768, 0, T1768"/><instruction code="ADD T1769, T6, T1768"/><instruction code="SETL  T1770, 4"/><instruction code="INCML T1770, 0"/><instruction code="INCMH T1770, 0"/><instruction code="INCH  T1770, 0"/><instruction code="SETL  T1771, 72"/><instruction code="INCML T1771, 0"/><instruction code="INCMH T1771, 0"/><instruction code="INCH  T1771, 0"/><instruction code="MUL T1772, T1770, T1771"/><instruction code="ADD T1773, T1769, T1772"/><instruction code="SETL  T1774, 7"/><instruction code="INCML T1774, 0"/><instruction code="INCMH T1774, 0"/><instruction code="INCH  T1774, 0"/><instruction code="SETL  T1775, 8"/><instruction code="INCML T1775, 0"/><instruction code="INCMH T1775, 0"/><instruction code="INCH  T1775, 0"/><instruction code="MUL T1776, T1774, T1775"/><instruction code="ADD T1777, T1773, T1776"/><instruction code="STO T1777, T265, 0"/><instruction code="SETL  T1779, 0"/><instruction code="INCML T1779, 0"/><instruction code="INCMH T1779, 0"/><instruction code="INCH  T1779, 0"/><instruction code="OR T266, T1779, 0"/><instruction code="SETL  T1780, 664"/><instruction code="INCML T1780, 0"/><instruction code="INCMH T1780, 0"/><instruction code="INCH  T1780, 0"/><instruction code="NEG T1780, 0, T1780"/><instruction code="ADD T1781, T6, T1780"/><instruction code="SETL  T1782, 4"/><instruction code="INCML T1782, 0"/><instruction code="INCMH T1782, 0"/><instruction code="INCH  T1782, 0"/><instruction code="SETL  T1783, 72"/><instruction code="INCML T1783, 0"/><instruction code="INCMH T1783, 0"/><instruction code="INCH  T1783, 0"/><instruction code="MUL T1784, T1782, T1783"/><instruction code="ADD T1785, T1781, T1784"/><instruction code="SETL  T1786, 8"/><instruction code="INCML T1786, 0"/><instruction code="INCMH T1786, 0"/><instruction code="INCH  T1786, 0"/><instruction code="SETL  T1787, 8"/><instruction code="INCML T1787, 0"/><instruction code="INCMH T1787, 0"/><instruction code="INCH  T1787, 0"/><instruction code="MUL T1788, T1786, T1787"/><instruction code="ADD T1789, T1785, T1788"/><instruction code="STO T1789, T266, 0"/><instruction code="SETL  T1791, 0"/><instruction code="INCML T1791, 0"/><instruction code="INCMH T1791, 0"/><instruction code="INCH  T1791, 0"/><instruction code="OR T267, T1791, 0"/><instruction code="SETL  T1792, 664"/><instruction code="INCML T1792, 0"/><instruction code="INCMH T1792, 0"/><instruction code="INCH  T1792, 0"/><instruction code="NEG T1792, 0, T1792"/><instruction code="ADD T1793, T6, T1792"/><instruction code="SETL  T1794, 5"/><instruction code="INCML T1794, 0"/><instruction code="INCMH T1794, 0"/><instruction code="INCH  T1794, 0"/><instruction code="SETL  T1795, 72"/><instruction code="INCML T1795, 0"/><instruction code="INCMH T1795, 0"/><instruction code="INCH  T1795, 0"/><instruction code="MUL T1796, T1794, T1795"/><instruction code="ADD T1797, T1793, T1796"/><instruction code="SETL  T1798, 0"/><instruction code="INCML T1798, 0"/><instruction code="INCMH T1798, 0"/><instruction code="INCH  T1798, 0"/><instruction code="SETL  T1799, 8"/><instruction code="INCML T1799, 0"/><instruction code="INCMH T1799, 0"/><instruction code="INCH  T1799, 0"/><instruction code="MUL T1800, T1798, T1799"/><instruction code="ADD T1801, T1797, T1800"/><instruction code="STO T1801, T267, 0"/><instruction code="SETL  T1803, 0"/><instruction code="INCML T1803, 0"/><instruction code="INCMH T1803, 0"/><instruction code="INCH  T1803, 0"/><instruction code="OR T268, T1803, 0"/><instruction code="SETL  T1804, 664"/><instruction code="INCML T1804, 0"/><instruction code="INCMH T1804, 0"/><instruction code="INCH  T1804, 0"/><instruction code="NEG T1804, 0, T1804"/><instruction code="ADD T1805, T6, T1804"/><instruction code="SETL  T1806, 5"/><instruction code="INCML T1806, 0"/><instruction code="INCMH T1806, 0"/><instruction code="INCH  T1806, 0"/><instruction code="SETL  T1807, 72"/><instruction code="INCML T1807, 0"/><instruction code="INCMH T1807, 0"/><instruction code="INCH  T1807, 0"/><instruction code="MUL T1808, T1806, T1807"/><instruction code="ADD T1809, T1805, T1808"/><instruction code="SETL  T1810, 1"/><instruction code="INCML T1810, 0"/><instruction code="INCMH T1810, 0"/><instruction code="INCH  T1810, 0"/><instruction code="SETL  T1811, 8"/><instruction code="INCML T1811, 0"/><instruction code="INCMH T1811, 0"/><instruction code="INCH  T1811, 0"/><instruction code="MUL T1812, T1810, T1811"/><instruction code="ADD T1813, T1809, T1812"/><instruction code="STO T1813, T268, 0"/><instruction code="SETL  T1815, 0"/><instruction code="INCML T1815, 0"/><instruction code="INCMH T1815, 0"/><instruction code="INCH  T1815, 0"/><instruction code="OR T269, T1815, 0"/><instruction code="SETL  T1816, 664"/><instruction code="INCML T1816, 0"/><instruction code="INCMH T1816, 0"/><instruction code="INCH  T1816, 0"/><instruction code="NEG T1816, 0, T1816"/><instruction code="ADD T1817, T6, T1816"/><instruction code="SETL  T1818, 5"/><instruction code="INCML T1818, 0"/><instruction code="INCMH T1818, 0"/><instruction code="INCH  T1818, 0"/><instruction code="SETL  T1819, 72"/><instruction code="INCML T1819, 0"/><instruction code="INCMH T1819, 0"/><instruction code="INCH  T1819, 0"/><instruction code="MUL T1820, T1818, T1819"/><instruction code="ADD T1821, T1817, T1820"/><instruction code="SETL  T1822, 2"/><instruction code="INCML T1822, 0"/><instruction code="INCMH T1822, 0"/><instruction code="INCH  T1822, 0"/><instruction code="SETL  T1823, 8"/><instruction code="INCML T1823, 0"/><instruction code="INCMH T1823, 0"/><instruction code="INCH  T1823, 0"/><instruction code="MUL T1824, T1822, T1823"/><instruction code="ADD T1825, T1821, T1824"/><instruction code="STO T1825, T269, 0"/><instruction code="SETL  T1827, 0"/><instruction code="INCML T1827, 0"/><instruction code="INCMH T1827, 0"/><instruction code="INCH  T1827, 0"/><instruction code="OR T270, T1827, 0"/><instruction code="SETL  T1828, 664"/><instruction code="INCML T1828, 0"/><instruction code="INCMH T1828, 0"/><instruction code="INCH  T1828, 0"/><instruction code="NEG T1828, 0, T1828"/><instruction code="ADD T1829, T6, T1828"/><instruction code="SETL  T1830, 5"/><instruction code="INCML T1830, 0"/><instruction code="INCMH T1830, 0"/><instruction code="INCH  T1830, 0"/><instruction code="SETL  T1831, 72"/><instruction code="INCML T1831, 0"/><instruction code="INCMH T1831, 0"/><instruction code="INCH  T1831, 0"/><instruction code="MUL T1832, T1830, T1831"/><instruction code="ADD T1833, T1829, T1832"/><instruction code="SETL  T1834, 3"/><instruction code="INCML T1834, 0"/><instruction code="INCMH T1834, 0"/><instruction code="INCH  T1834, 0"/><instruction code="SETL  T1835, 8"/><instruction code="INCML T1835, 0"/><instruction code="INCMH T1835, 0"/><instruction code="INCH  T1835, 0"/><instruction code="MUL T1836, T1834, T1835"/><instruction code="ADD T1837, T1833, T1836"/><instruction code="STO T1837, T270, 0"/><instruction code="SETL  T1839, 0"/><instruction code="INCML T1839, 0"/><instruction code="INCMH T1839, 0"/><instruction code="INCH  T1839, 0"/><instruction code="OR T271, T1839, 0"/><instruction code="SETL  T1840, 664"/><instruction code="INCML T1840, 0"/><instruction code="INCMH T1840, 0"/><instruction code="INCH  T1840, 0"/><instruction code="NEG T1840, 0, T1840"/><instruction code="ADD T1841, T6, T1840"/><instruction code="SETL  T1842, 5"/><instruction code="INCML T1842, 0"/><instruction code="INCMH T1842, 0"/><instruction code="INCH  T1842, 0"/><instruction code="SETL  T1843, 72"/><instruction code="INCML T1843, 0"/><instruction code="INCMH T1843, 0"/><instruction code="INCH  T1843, 0"/><instruction code="MUL T1844, T1842, T1843"/><instruction code="ADD T1845, T1841, T1844"/><instruction code="SETL  T1846, 4"/><instruction code="INCML T1846, 0"/><instruction code="INCMH T1846, 0"/><instruction code="INCH  T1846, 0"/><instruction code="SETL  T1847, 8"/><instruction code="INCML T1847, 0"/><instruction code="INCMH T1847, 0"/><instruction code="INCH  T1847, 0"/><instruction code="MUL T1848, T1846, T1847"/><instruction code="ADD T1849, T1845, T1848"/><instruction code="STO T1849, T271, 0"/><instruction code="SETL  T1851, 9"/><instruction code="INCML T1851, 0"/><instruction code="INCMH T1851, 0"/><instruction code="INCH  T1851, 0"/><instruction code="OR T272, T1851, 0"/><instruction code="SETL  T1852, 664"/><instruction code="INCML T1852, 0"/><instruction code="INCMH T1852, 0"/><instruction code="INCH  T1852, 0"/><instruction code="NEG T1852, 0, T1852"/><instruction code="ADD T1853, T6, T1852"/><instruction code="SETL  T1854, 5"/><instruction code="INCML T1854, 0"/><instruction code="INCMH T1854, 0"/><instruction code="INCH  T1854, 0"/><instruction code="SETL  T1855, 72"/><instruction code="INCML T1855, 0"/><instruction code="INCMH T1855, 0"/><instruction code="INCH  T1855, 0"/><instruction code="MUL T1856, T1854, T1855"/><instruction code="ADD T1857, T1853, T1856"/><instruction code="SETL  T1858, 5"/><instruction code="INCML T1858, 0"/><instruction code="INCMH T1858, 0"/><instruction code="INCH  T1858, 0"/><instruction code="SETL  T1859, 8"/><instruction code="INCML T1859, 0"/><instruction code="INCMH T1859, 0"/><instruction code="INCH  T1859, 0"/><instruction code="MUL T1860, T1858, T1859"/><instruction code="ADD T1861, T1857, T1860"/><instruction code="STO T1861, T272, 0"/><instruction code="SETL  T1863, 0"/><instruction code="INCML T1863, 0"/><instruction code="INCMH T1863, 0"/><instruction code="INCH  T1863, 0"/><instruction code="OR T273, T1863, 0"/><instruction code="SETL  T1864, 664"/><instruction code="INCML T1864, 0"/><instruction code="INCMH T1864, 0"/><instruction code="INCH  T1864, 0"/><instruction code="NEG T1864, 0, T1864"/><instruction code="ADD T1865, T6, T1864"/><instruction code="SETL  T1866, 5"/><instruction code="INCML T1866, 0"/><instruction code="INCMH T1866, 0"/><instruction code="INCH  T1866, 0"/><instruction code="SETL  T1867, 72"/><instruction code="INCML T1867, 0"/><instruction code="INCMH T1867, 0"/><instruction code="INCH  T1867, 0"/><instruction code="MUL T1868, T1866, T1867"/><instruction code="ADD T1869, T1865, T1868"/><instruction code="SETL  T1870, 6"/><instruction code="INCML T1870, 0"/><instruction code="INCMH T1870, 0"/><instruction code="INCH  T1870, 0"/><instruction code="SETL  T1871, 8"/><instruction code="INCML T1871, 0"/><instruction code="INCMH T1871, 0"/><instruction code="INCH  T1871, 0"/><instruction code="MUL T1872, T1870, T1871"/><instruction code="ADD T1873, T1869, T1872"/><instruction code="STO T1873, T273, 0"/><instruction code="SETL  T1875, 0"/><instruction code="INCML T1875, 0"/><instruction code="INCMH T1875, 0"/><instruction code="INCH  T1875, 0"/><instruction code="OR T274, T1875, 0"/><instruction code="SETL  T1876, 664"/><instruction code="INCML T1876, 0"/><instruction code="INCMH T1876, 0"/><instruction code="INCH  T1876, 0"/><instruction code="NEG T1876, 0, T1876"/><instruction code="ADD T1877, T6, T1876"/><instruction code="SETL  T1878, 5"/><instruction code="INCML T1878, 0"/><instruction code="INCMH T1878, 0"/><instruction code="INCH  T1878, 0"/><instruction code="SETL  T1879, 72"/><instruction code="INCML T1879, 0"/><instruction code="INCMH T1879, 0"/><instruction code="INCH  T1879, 0"/><instruction code="MUL T1880, T1878, T1879"/><instruction code="ADD T1881, T1877, T1880"/><instruction code="SETL  T1882, 7"/><instruction code="INCML T1882, 0"/><instruction code="INCMH T1882, 0"/><instruction code="INCH  T1882, 0"/><instruction code="SETL  T1883, 8"/><instruction code="INCML T1883, 0"/><instruction code="INCMH T1883, 0"/><instruction code="INCH  T1883, 0"/><instruction code="MUL T1884, T1882, T1883"/><instruction code="ADD T1885, T1881, T1884"/><instruction code="STO T1885, T274, 0"/><instruction code="SETL  T1887, 0"/><instruction code="INCML T1887, 0"/><instruction code="INCMH T1887, 0"/><instruction code="INCH  T1887, 0"/><instruction code="OR T275, T1887, 0"/><instruction code="SETL  T1888, 664"/><instruction code="INCML T1888, 0"/><instruction code="INCMH T1888, 0"/><instruction code="INCH  T1888, 0"/><instruction code="NEG T1888, 0, T1888"/><instruction code="ADD T1889, T6, T1888"/><instruction code="SETL  T1890, 5"/><instruction code="INCML T1890, 0"/><instruction code="INCMH T1890, 0"/><instruction code="INCH  T1890, 0"/><instruction code="SETL  T1891, 72"/><instruction code="INCML T1891, 0"/><instruction code="INCMH T1891, 0"/><instruction code="INCH  T1891, 0"/><instruction code="MUL T1892, T1890, T1891"/><instruction code="ADD T1893, T1889, T1892"/><instruction code="SETL  T1894, 8"/><instruction code="INCML T1894, 0"/><instruction code="INCMH T1894, 0"/><instruction code="INCH  T1894, 0"/><instruction code="SETL  T1895, 8"/><instruction code="INCML T1895, 0"/><instruction code="INCMH T1895, 0"/><instruction code="INCH  T1895, 0"/><instruction code="MUL T1896, T1894, T1895"/><instruction code="ADD T1897, T1893, T1896"/><instruction code="STO T1897, T275, 0"/><instruction code="SETL  T1899, 0"/><instruction code="INCML T1899, 0"/><instruction code="INCMH T1899, 0"/><instruction code="INCH  T1899, 0"/><instruction code="OR T276, T1899, 0"/><instruction code="SETL  T1900, 664"/><instruction code="INCML T1900, 0"/><instruction code="INCMH T1900, 0"/><instruction code="INCH  T1900, 0"/><instruction code="NEG T1900, 0, T1900"/><instruction code="ADD T1901, T6, T1900"/><instruction code="SETL  T1902, 6"/><instruction code="INCML T1902, 0"/><instruction code="INCMH T1902, 0"/><instruction code="INCH  T1902, 0"/><instruction code="SETL  T1903, 72"/><instruction code="INCML T1903, 0"/><instruction code="INCMH T1903, 0"/><instruction code="INCH  T1903, 0"/><instruction code="MUL T1904, T1902, T1903"/><instruction code="ADD T1905, T1901, T1904"/><instruction code="SETL  T1906, 0"/><instruction code="INCML T1906, 0"/><instruction code="INCMH T1906, 0"/><instruction code="INCH  T1906, 0"/><instruction code="SETL  T1907, 8"/><instruction code="INCML T1907, 0"/><instruction code="INCMH T1907, 0"/><instruction code="INCH  T1907, 0"/><instruction code="MUL T1908, T1906, T1907"/><instruction code="ADD T1909, T1905, T1908"/><instruction code="STO T1909, T276, 0"/><instruction code="SETL  T1911, 0"/><instruction code="INCML T1911, 0"/><instruction code="INCMH T1911, 0"/><instruction code="INCH  T1911, 0"/><instruction code="OR T277, T1911, 0"/><instruction code="SETL  T1912, 664"/><instruction code="INCML T1912, 0"/><instruction code="INCMH T1912, 0"/><instruction code="INCH  T1912, 0"/><instruction code="NEG T1912, 0, T1912"/><instruction code="ADD T1913, T6, T1912"/><instruction code="SETL  T1914, 6"/><instruction code="INCML T1914, 0"/><instruction code="INCMH T1914, 0"/><instruction code="INCH  T1914, 0"/><instruction code="SETL  T1915, 72"/><instruction code="INCML T1915, 0"/><instruction code="INCMH T1915, 0"/><instruction code="INCH  T1915, 0"/><instruction code="MUL T1916, T1914, T1915"/><instruction code="ADD T1917, T1913, T1916"/><instruction code="SETL  T1918, 1"/><instruction code="INCML T1918, 0"/><instruction code="INCMH T1918, 0"/><instruction code="INCH  T1918, 0"/><instruction code="SETL  T1919, 8"/><instruction code="INCML T1919, 0"/><instruction code="INCMH T1919, 0"/><instruction code="INCH  T1919, 0"/><instruction code="MUL T1920, T1918, T1919"/><instruction code="ADD T1921, T1917, T1920"/><instruction code="STO T1921, T277, 0"/><instruction code="SETL  T1923, 0"/><instruction code="INCML T1923, 0"/><instruction code="INCMH T1923, 0"/><instruction code="INCH  T1923, 0"/><instruction code="OR T278, T1923, 0"/><instruction code="SETL  T1924, 664"/><instruction code="INCML T1924, 0"/><instruction code="INCMH T1924, 0"/><instruction code="INCH  T1924, 0"/><instruction code="NEG T1924, 0, T1924"/><instruction code="ADD T1925, T6, T1924"/><instruction code="SETL  T1926, 6"/><instruction code="INCML T1926, 0"/><instruction code="INCMH T1926, 0"/><instruction code="INCH  T1926, 0"/><instruction code="SETL  T1927, 72"/><instruction code="INCML T1927, 0"/><instruction code="INCMH T1927, 0"/><instruction code="INCH  T1927, 0"/><instruction code="MUL T1928, T1926, T1927"/><instruction code="ADD T1929, T1925, T1928"/><instruction code="SETL  T1930, 2"/><instruction code="INCML T1930, 0"/><instruction code="INCMH T1930, 0"/><instruction code="INCH  T1930, 0"/><instruction code="SETL  T1931, 8"/><instruction code="INCML T1931, 0"/><instruction code="INCMH T1931, 0"/><instruction code="INCH  T1931, 0"/><instruction code="MUL T1932, T1930, T1931"/><instruction code="ADD T1933, T1929, T1932"/><instruction code="STO T1933, T278, 0"/><instruction code="SETL  T1935, 0"/><instruction code="INCML T1935, 0"/><instruction code="INCMH T1935, 0"/><instruction code="INCH  T1935, 0"/><instruction code="OR T279, T1935, 0"/><instruction code="SETL  T1936, 664"/><instruction code="INCML T1936, 0"/><instruction code="INCMH T1936, 0"/><instruction code="INCH  T1936, 0"/><instruction code="NEG T1936, 0, T1936"/><instruction code="ADD T1937, T6, T1936"/><instruction code="SETL  T1938, 6"/><instruction code="INCML T1938, 0"/><instruction code="INCMH T1938, 0"/><instruction code="INCH  T1938, 0"/><instruction code="SETL  T1939, 72"/><instruction code="INCML T1939, 0"/><instruction code="INCMH T1939, 0"/><instruction code="INCH  T1939, 0"/><instruction code="MUL T1940, T1938, T1939"/><instruction code="ADD T1941, T1937, T1940"/><instruction code="SETL  T1942, 3"/><instruction code="INCML T1942, 0"/><instruction code="INCMH T1942, 0"/><instruction code="INCH  T1942, 0"/><instruction code="SETL  T1943, 8"/><instruction code="INCML T1943, 0"/><instruction code="INCMH T1943, 0"/><instruction code="INCH  T1943, 0"/><instruction code="MUL T1944, T1942, T1943"/><instruction code="ADD T1945, T1941, T1944"/><instruction code="STO T1945, T279, 0"/><instruction code="SETL  T1947, 0"/><instruction code="INCML T1947, 0"/><instruction code="INCMH T1947, 0"/><instruction code="INCH  T1947, 0"/><instruction code="OR T280, T1947, 0"/><instruction code="SETL  T1948, 664"/><instruction code="INCML T1948, 0"/><instruction code="INCMH T1948, 0"/><instruction code="INCH  T1948, 0"/><instruction code="NEG T1948, 0, T1948"/><instruction code="ADD T1949, T6, T1948"/><instruction code="SETL  T1950, 6"/><instruction code="INCML T1950, 0"/><instruction code="INCMH T1950, 0"/><instruction code="INCH  T1950, 0"/><instruction code="SETL  T1951, 72"/><instruction code="INCML T1951, 0"/><instruction code="INCMH T1951, 0"/><instruction code="INCH  T1951, 0"/><instruction code="MUL T1952, T1950, T1951"/><instruction code="ADD T1953, T1949, T1952"/><instruction code="SETL  T1954, 4"/><instruction code="INCML T1954, 0"/><instruction code="INCMH T1954, 0"/><instruction code="INCH  T1954, 0"/><instruction code="SETL  T1955, 8"/><instruction code="INCML T1955, 0"/><instruction code="INCMH T1955, 0"/><instruction code="INCH  T1955, 0"/><instruction code="MUL T1956, T1954, T1955"/><instruction code="ADD T1957, T1953, T1956"/><instruction code="STO T1957, T280, 0"/><instruction code="SETL  T1959, 1"/><instruction code="INCML T1959, 0"/><instruction code="INCMH T1959, 0"/><instruction code="INCH  T1959, 0"/><instruction code="OR T281, T1959, 0"/><instruction code="SETL  T1960, 664"/><instruction code="INCML T1960, 0"/><instruction code="INCMH T1960, 0"/><instruction code="INCH  T1960, 0"/><instruction code="NEG T1960, 0, T1960"/><instruction code="ADD T1961, T6, T1960"/><instruction code="SETL  T1962, 6"/><instruction code="INCML T1962, 0"/><instruction code="INCMH T1962, 0"/><instruction code="INCH  T1962, 0"/><instruction code="SETL  T1963, 72"/><instruction code="INCML T1963, 0"/><instruction code="INCMH T1963, 0"/><instruction code="INCH  T1963, 0"/><instruction code="MUL T1964, T1962, T1963"/><instruction code="ADD T1965, T1961, T1964"/><instruction code="SETL  T1966, 5"/><instruction code="INCML T1966, 0"/><instruction code="INCMH T1966, 0"/><instruction code="INCH  T1966, 0"/><instruction code="SETL  T1967, 8"/><instruction code="INCML T1967, 0"/><instruction code="INCMH T1967, 0"/><instruction code="INCH  T1967, 0"/><instruction code="MUL T1968, T1966, T1967"/><instruction code="ADD T1969, T1965, T1968"/><instruction code="STO T1969, T281, 0"/><instruction code="SETL  T1971, 0"/><instruction code="INCML T1971, 0"/><instruction code="INCMH T1971, 0"/><instruction code="INCH  T1971, 0"/><instruction code="OR T282, T1971, 0"/><instruction code="SETL  T1972, 664"/><instruction code="INCML T1972, 0"/><instruction code="INCMH T1972, 0"/><instruction code="INCH  T1972, 0"/><instruction code="NEG T1972, 0, T1972"/><instruction code="ADD T1973, T6, T1972"/><instruction code="SETL  T1974, 6"/><instruction code="INCML T1974, 0"/><instruction code="INCMH T1974, 0"/><instruction code="INCH  T1974, 0"/><instruction code="SETL  T1975, 72"/><instruction code="INCML T1975, 0"/><instruction code="INCMH T1975, 0"/><instruction code="INCH  T1975, 0"/><instruction code="MUL T1976, T1974, T1975"/><instruction code="ADD T1977, T1973, T1976"/><instruction code="SETL  T1978, 6"/><instruction code="INCML T1978, 0"/><instruction code="INCMH T1978, 0"/><instruction code="INCH  T1978, 0"/><instruction code="SETL  T1979, 8"/><instruction code="INCML T1979, 0"/><instruction code="INCMH T1979, 0"/><instruction code="INCH  T1979, 0"/><instruction code="MUL T1980, T1978, T1979"/><instruction code="ADD T1981, T1977, T1980"/><instruction code="STO T1981, T282, 0"/><instruction code="SETL  T1983, 0"/><instruction code="INCML T1983, 0"/><instruction code="INCMH T1983, 0"/><instruction code="INCH  T1983, 0"/><instruction code="OR T283, T1983, 0"/><instruction code="SETL  T1984, 664"/><instruction code="INCML T1984, 0"/><instruction code="INCMH T1984, 0"/><instruction code="INCH  T1984, 0"/><instruction code="NEG T1984, 0, T1984"/><instruction code="ADD T1985, T6, T1984"/><instruction code="SETL  T1986, 6"/><instruction code="INCML T1986, 0"/><instruction code="INCMH T1986, 0"/><instruction code="INCH  T1986, 0"/><instruction code="SETL  T1987, 72"/><instruction code="INCML T1987, 0"/><instruction code="INCMH T1987, 0"/><instruction code="INCH  T1987, 0"/><instruction code="MUL T1988, T1986, T1987"/><instruction code="ADD T1989, T1985, T1988"/><instruction code="SETL  T1990, 7"/><instruction code="INCML T1990, 0"/><instruction code="INCMH T1990, 0"/><instruction code="INCH  T1990, 0"/><instruction code="SETL  T1991, 8"/><instruction code="INCML T1991, 0"/><instruction code="INCMH T1991, 0"/><instruction code="INCH  T1991, 0"/><instruction code="MUL T1992, T1990, T1991"/><instruction code="ADD T1993, T1989, T1992"/><instruction code="STO T1993, T283, 0"/><instruction code="SETL  T1995, 7"/><instruction code="INCML T1995, 0"/><instruction code="INCMH T1995, 0"/><instruction code="INCH  T1995, 0"/><instruction code="OR T284, T1995, 0"/><instruction code="SETL  T1996, 664"/><instruction code="INCML T1996, 0"/><instruction code="INCMH T1996, 0"/><instruction code="INCH  T1996, 0"/><instruction code="NEG T1996, 0, T1996"/><instruction code="ADD T1997, T6, T1996"/><instruction code="SETL  T1998, 6"/><instruction code="INCML T1998, 0"/><instruction code="INCMH T1998, 0"/><instruction code="INCH  T1998, 0"/><instruction code="SETL  T1999, 72"/><instruction code="INCML T1999, 0"/><instruction code="INCMH T1999, 0"/><instruction code="INCH  T1999, 0"/><instruction code="MUL T2000, T1998, T1999"/><instruction code="ADD T2001, T1997, T2000"/><instruction code="SETL  T2002, 8"/><instruction code="INCML T2002, 0"/><instruction code="INCMH T2002, 0"/><instruction code="INCH  T2002, 0"/><instruction code="SETL  T2003, 8"/><instruction code="INCML T2003, 0"/><instruction code="INCMH T2003, 0"/><instruction code="INCH  T2003, 0"/><instruction code="MUL T2004, T2002, T2003"/><instruction code="ADD T2005, T2001, T2004"/><instruction code="STO T2005, T284, 0"/><instruction code="SETL  T2007, 1"/><instruction code="INCML T2007, 0"/><instruction code="INCMH T2007, 0"/><instruction code="INCH  T2007, 0"/><instruction code="OR T285, T2007, 0"/><instruction code="SETL  T2008, 664"/><instruction code="INCML T2008, 0"/><instruction code="INCMH T2008, 0"/><instruction code="INCH  T2008, 0"/><instruction code="NEG T2008, 0, T2008"/><instruction code="ADD T2009, T6, T2008"/><instruction code="SETL  T2010, 7"/><instruction code="INCML T2010, 0"/><instruction code="INCMH T2010, 0"/><instruction code="INCH  T2010, 0"/><instruction code="SETL  T2011, 72"/><instruction code="INCML T2011, 0"/><instruction code="INCMH T2011, 0"/><instruction code="INCH  T2011, 0"/><instruction code="MUL T2012, T2010, T2011"/><instruction code="ADD T2013, T2009, T2012"/><instruction code="SETL  T2014, 0"/><instruction code="INCML T2014, 0"/><instruction code="INCMH T2014, 0"/><instruction code="INCH  T2014, 0"/><instruction code="SETL  T2015, 8"/><instruction code="INCML T2015, 0"/><instruction code="INCMH T2015, 0"/><instruction code="INCH  T2015, 0"/><instruction code="MUL T2016, T2014, T2015"/><instruction code="ADD T2017, T2013, T2016"/><instruction code="STO T2017, T285, 0"/><instruction code="SETL  T2019, 0"/><instruction code="INCML T2019, 0"/><instruction code="INCMH T2019, 0"/><instruction code="INCH  T2019, 0"/><instruction code="OR T286, T2019, 0"/><instruction code="SETL  T2020, 664"/><instruction code="INCML T2020, 0"/><instruction code="INCMH T2020, 0"/><instruction code="INCH  T2020, 0"/><instruction code="NEG T2020, 0, T2020"/><instruction code="ADD T2021, T6, T2020"/><instruction code="SETL  T2022, 7"/><instruction code="INCML T2022, 0"/><instruction code="INCMH T2022, 0"/><instruction code="INCH  T2022, 0"/><instruction code="SETL  T2023, 72"/><instruction code="INCML T2023, 0"/><instruction code="INCMH T2023, 0"/><instruction code="INCH  T2023, 0"/><instruction code="MUL T2024, T2022, T2023"/><instruction code="ADD T2025, T2021, T2024"/><instruction code="SETL  T2026, 1"/><instruction code="INCML T2026, 0"/><instruction code="INCMH T2026, 0"/><instruction code="INCH  T2026, 0"/><instruction code="SETL  T2027, 8"/><instruction code="INCML T2027, 0"/><instruction code="INCMH T2027, 0"/><instruction code="INCH  T2027, 0"/><instruction code="MUL T2028, T2026, T2027"/><instruction code="ADD T2029, T2025, T2028"/><instruction code="STO T2029, T286, 0"/><instruction code="SETL  T2031, 0"/><instruction code="INCML T2031, 0"/><instruction code="INCMH T2031, 0"/><instruction code="INCH  T2031, 0"/><instruction code="OR T287, T2031, 0"/><instruction code="SETL  T2032, 664"/><instruction code="INCML T2032, 0"/><instruction code="INCMH T2032, 0"/><instruction code="INCH  T2032, 0"/><instruction code="NEG T2032, 0, T2032"/><instruction code="ADD T2033, T6, T2032"/><instruction code="SETL  T2034, 7"/><instruction code="INCML T2034, 0"/><instruction code="INCMH T2034, 0"/><instruction code="INCH  T2034, 0"/><instruction code="SETL  T2035, 72"/><instruction code="INCML T2035, 0"/><instruction code="INCMH T2035, 0"/><instruction code="INCH  T2035, 0"/><instruction code="MUL T2036, T2034, T2035"/><instruction code="ADD T2037, T2033, T2036"/><instruction code="SETL  T2038, 2"/><instruction code="INCML T2038, 0"/><instruction code="INCMH T2038, 0"/><instruction code="INCH  T2038, 0"/><instruction code="SETL  T2039, 8"/><instruction code="INCML T2039, 0"/><instruction code="INCMH T2039, 0"/><instruction code="INCH  T2039, 0"/><instruction code="MUL T2040, T2038, T2039"/><instruction code="ADD T2041, T2037, T2040"/><instruction code="STO T2041, T287, 0"/><instruction code="SETL  T2043, 0"/><instruction code="INCML T2043, 0"/><instruction code="INCMH T2043, 0"/><instruction code="INCH  T2043, 0"/><instruction code="OR T288, T2043, 0"/><instruction code="SETL  T2044, 664"/><instruction code="INCML T2044, 0"/><instruction code="INCMH T2044, 0"/><instruction code="INCH  T2044, 0"/><instruction code="NEG T2044, 0, T2044"/><instruction code="ADD T2045, T6, T2044"/><instruction code="SETL  T2046, 7"/><instruction code="INCML T2046, 0"/><instruction code="INCMH T2046, 0"/><instruction code="INCH  T2046, 0"/><instruction code="SETL  T2047, 72"/><instruction code="INCML T2047, 0"/><instruction code="INCMH T2047, 0"/><instruction code="INCH  T2047, 0"/><instruction code="MUL T2048, T2046, T2047"/><instruction code="ADD T2049, T2045, T2048"/><instruction code="SETL  T2050, 3"/><instruction code="INCML T2050, 0"/><instruction code="INCMH T2050, 0"/><instruction code="INCH  T2050, 0"/><instruction code="SETL  T2051, 8"/><instruction code="INCML T2051, 0"/><instruction code="INCMH T2051, 0"/><instruction code="INCH  T2051, 0"/><instruction code="MUL T2052, T2050, T2051"/><instruction code="ADD T2053, T2049, T2052"/><instruction code="STO T2053, T288, 0"/><instruction code="SETL  T2055, 0"/><instruction code="INCML T2055, 0"/><instruction code="INCMH T2055, 0"/><instruction code="INCH  T2055, 0"/><instruction code="OR T289, T2055, 0"/><instruction code="SETL  T2056, 664"/><instruction code="INCML T2056, 0"/><instruction code="INCMH T2056, 0"/><instruction code="INCH  T2056, 0"/><instruction code="NEG T2056, 0, T2056"/><instruction code="ADD T2057, T6, T2056"/><instruction code="SETL  T2058, 7"/><instruction code="INCML T2058, 0"/><instruction code="INCMH T2058, 0"/><instruction code="INCH  T2058, 0"/><instruction code="SETL  T2059, 72"/><instruction code="INCML T2059, 0"/><instruction code="INCMH T2059, 0"/><instruction code="INCH  T2059, 0"/><instruction code="MUL T2060, T2058, T2059"/><instruction code="ADD T2061, T2057, T2060"/><instruction code="SETL  T2062, 4"/><instruction code="INCML T2062, 0"/><instruction code="INCMH T2062, 0"/><instruction code="INCH  T2062, 0"/><instruction code="SETL  T2063, 8"/><instruction code="INCML T2063, 0"/><instruction code="INCMH T2063, 0"/><instruction code="INCH  T2063, 0"/><instruction code="MUL T2064, T2062, T2063"/><instruction code="ADD T2065, T2061, T2064"/><instruction code="STO T2065, T289, 0"/><instruction code="SETL  T2067, 2"/><instruction code="INCML T2067, 0"/><instruction code="INCMH T2067, 0"/><instruction code="INCH  T2067, 0"/><instruction code="OR T290, T2067, 0"/><instruction code="SETL  T2068, 664"/><instruction code="INCML T2068, 0"/><instruction code="INCMH T2068, 0"/><instruction code="INCH  T2068, 0"/><instruction code="NEG T2068, 0, T2068"/><instruction code="ADD T2069, T6, T2068"/><instruction code="SETL  T2070, 7"/><instruction code="INCML T2070, 0"/><instruction code="INCMH T2070, 0"/><instruction code="INCH  T2070, 0"/><instruction code="SETL  T2071, 72"/><instruction code="INCML T2071, 0"/><instruction code="INCMH T2071, 0"/><instruction code="INCH  T2071, 0"/><instruction code="MUL T2072, T2070, T2071"/><instruction code="ADD T2073, T2069, T2072"/><instruction code="SETL  T2074, 5"/><instruction code="INCML T2074, 0"/><instruction code="INCMH T2074, 0"/><instruction code="INCH  T2074, 0"/><instruction code="SETL  T2075, 8"/><instruction code="INCML T2075, 0"/><instruction code="INCMH T2075, 0"/><instruction code="INCH  T2075, 0"/><instruction code="MUL T2076, T2074, T2075"/><instruction code="ADD T2077, T2073, T2076"/><instruction code="STO T2077, T290, 0"/><instruction code="SETL  T2079, 4"/><instruction code="INCML T2079, 0"/><instruction code="INCMH T2079, 0"/><instruction code="INCH  T2079, 0"/><instruction code="OR T291, T2079, 0"/><instruction code="SETL  T2080, 664"/><instruction code="INCML T2080, 0"/><instruction code="INCMH T2080, 0"/><instruction code="INCH  T2080, 0"/><instruction code="NEG T2080, 0, T2080"/><instruction code="ADD T2081, T6, T2080"/><instruction code="SETL  T2082, 7"/><instruction code="INCML T2082, 0"/><instruction code="INCMH T2082, 0"/><instruction code="INCH  T2082, 0"/><instruction code="SETL  T2083, 72"/><instruction code="INCML T2083, 0"/><instruction code="INCMH T2083, 0"/><instruction code="INCH  T2083, 0"/><instruction code="MUL T2084, T2082, T2083"/><instruction code="ADD T2085, T2081, T2084"/><instruction code="SETL  T2086, 6"/><instruction code="INCML T2086, 0"/><instruction code="INCMH T2086, 0"/><instruction code="INCH  T2086, 0"/><instruction code="SETL  T2087, 8"/><instruction code="INCML T2087, 0"/><instruction code="INCMH T2087, 0"/><instruction code="INCH  T2087, 0"/><instruction code="MUL T2088, T2086, T2087"/><instruction code="ADD T2089, T2085, T2088"/><instruction code="STO T2089, T291, 0"/><instruction code="SETL  T2091, 0"/><instruction code="INCML T2091, 0"/><instruction code="INCMH T2091, 0"/><instruction code="INCH  T2091, 0"/><instruction code="OR T292, T2091, 0"/><instruction code="SETL  T2092, 664"/><instruction code="INCML T2092, 0"/><instruction code="INCMH T2092, 0"/><instruction code="INCH  T2092, 0"/><instruction code="NEG T2092, 0, T2092"/><instruction code="ADD T2093, T6, T2092"/><instruction code="SETL  T2094, 7"/><instruction code="INCML T2094, 0"/><instruction code="INCMH T2094, 0"/><instruction code="INCH  T2094, 0"/><instruction code="SETL  T2095, 72"/><instruction code="INCML T2095, 0"/><instruction code="INCMH T2095, 0"/><instruction code="INCH  T2095, 0"/><instruction code="MUL T2096, T2094, T2095"/><instruction code="ADD T2097, T2093, T2096"/><instruction code="SETL  T2098, 7"/><instruction code="INCML T2098, 0"/><instruction code="INCMH T2098, 0"/><instruction code="INCH  T2098, 0"/><instruction code="SETL  T2099, 8"/><instruction code="INCML T2099, 0"/><instruction code="INCMH T2099, 0"/><instruction code="INCH  T2099, 0"/><instruction code="MUL T2100, T2098, T2099"/><instruction code="ADD T2101, T2097, T2100"/><instruction code="STO T2101, T292, 0"/><instruction code="SETL  T2103, 0"/><instruction code="INCML T2103, 0"/><instruction code="INCMH T2103, 0"/><instruction code="INCH  T2103, 0"/><instruction code="OR T293, T2103, 0"/><instruction code="SETL  T2104, 664"/><instruction code="INCML T2104, 0"/><instruction code="INCMH T2104, 0"/><instruction code="INCH  T2104, 0"/><instruction code="NEG T2104, 0, T2104"/><instruction code="ADD T2105, T6, T2104"/><instruction code="SETL  T2106, 7"/><instruction code="INCML T2106, 0"/><instruction code="INCMH T2106, 0"/><instruction code="INCH  T2106, 0"/><instruction code="SETL  T2107, 72"/><instruction code="INCML T2107, 0"/><instruction code="INCMH T2107, 0"/><instruction code="INCH  T2107, 0"/><instruction code="MUL T2108, T2106, T2107"/><instruction code="ADD T2109, T2105, T2108"/><instruction code="SETL  T2110, 8"/><instruction code="INCML T2110, 0"/><instruction code="INCMH T2110, 0"/><instruction code="INCH  T2110, 0"/><instruction code="SETL  T2111, 8"/><instruction code="INCML T2111, 0"/><instruction code="INCMH T2111, 0"/><instruction code="INCH  T2111, 0"/><instruction code="MUL T2112, T2110, T2111"/><instruction code="ADD T2113, T2109, T2112"/><instruction code="STO T2113, T293, 0"/><instruction code="SETL  T2115, 5"/><instruction code="INCML T2115, 0"/><instruction code="INCMH T2115, 0"/><instruction code="INCH  T2115, 0"/><instruction code="OR T294, T2115, 0"/><instruction code="SETL  T2116, 664"/><instruction code="INCML T2116, 0"/><instruction code="INCMH T2116, 0"/><instruction code="INCH  T2116, 0"/><instruction code="NEG T2116, 0, T2116"/><instruction code="ADD T2117, T6, T2116"/><instruction code="SETL  T2118, 8"/><instruction code="INCML T2118, 0"/><instruction code="INCMH T2118, 0"/><instruction code="INCH  T2118, 0"/><instruction code="SETL  T2119, 72"/><instruction code="INCML T2119, 0"/><instruction code="INCMH T2119, 0"/><instruction code="INCH  T2119, 0"/><instruction code="MUL T2120, T2118, T2119"/><instruction code="ADD T2121, T2117, T2120"/><instruction code="SETL  T2122, 0"/><instruction code="INCML T2122, 0"/><instruction code="INCMH T2122, 0"/><instruction code="INCH  T2122, 0"/><instruction code="SETL  T2123, 8"/><instruction code="INCML T2123, 0"/><instruction code="INCMH T2123, 0"/><instruction code="INCH  T2123, 0"/><instruction code="MUL T2124, T2122, T2123"/><instruction code="ADD T2125, T2121, T2124"/><instruction code="STO T2125, T294, 0"/><instruction code="SETL  T2127, 7"/><instruction code="INCML T2127, 0"/><instruction code="INCMH T2127, 0"/><instruction code="INCH  T2127, 0"/><instruction code="OR T295, T2127, 0"/><instruction code="SETL  T2128, 664"/><instruction code="INCML T2128, 0"/><instruction code="INCMH T2128, 0"/><instruction code="INCH  T2128, 0"/><instruction code="NEG T2128, 0, T2128"/><instruction code="ADD T2129, T6, T2128"/><instruction code="SETL  T2130, 8"/><instruction code="INCML T2130, 0"/><instruction code="INCMH T2130, 0"/><instruction code="INCH  T2130, 0"/><instruction code="SETL  T2131, 72"/><instruction code="INCML T2131, 0"/><instruction code="INCMH T2131, 0"/><instruction code="INCH  T2131, 0"/><instruction code="MUL T2132, T2130, T2131"/><instruction code="ADD T2133, T2129, T2132"/><instruction code="SETL  T2134, 1"/><instruction code="INCML T2134, 0"/><instruction code="INCMH T2134, 0"/><instruction code="INCH  T2134, 0"/><instruction code="SETL  T2135, 8"/><instruction code="INCML T2135, 0"/><instruction code="INCMH T2135, 0"/><instruction code="INCH  T2135, 0"/><instruction code="MUL T2136, T2134, T2135"/><instruction code="ADD T2137, T2133, T2136"/><instruction code="STO T2137, T295, 0"/><instruction code="SETL  T2139, 0"/><instruction code="INCML T2139, 0"/><instruction code="INCMH T2139, 0"/><instruction code="INCH  T2139, 0"/><instruction code="OR T296, T2139, 0"/><instruction code="SETL  T2140, 664"/><instruction code="INCML T2140, 0"/><instruction code="INCMH T2140, 0"/><instruction code="INCH  T2140, 0"/><instruction code="NEG T2140, 0, T2140"/><instruction code="ADD T2141, T6, T2140"/><instruction code="SETL  T2142, 8"/><instruction code="INCML T2142, 0"/><instruction code="INCMH T2142, 0"/><instruction code="INCH  T2142, 0"/><instruction code="SETL  T2143, 72"/><instruction code="INCML T2143, 0"/><instruction code="INCMH T2143, 0"/><instruction code="INCH  T2143, 0"/><instruction code="MUL T2144, T2142, T2143"/><instruction code="ADD T2145, T2141, T2144"/><instruction code="SETL  T2146, 2"/><instruction code="INCML T2146, 0"/><instruction code="INCMH T2146, 0"/><instruction code="INCH  T2146, 0"/><instruction code="SETL  T2147, 8"/><instruction code="INCML T2147, 0"/><instruction code="INCMH T2147, 0"/><instruction code="INCH  T2147, 0"/><instruction code="MUL T2148, T2146, T2147"/><instruction code="ADD T2149, T2145, T2148"/><instruction code="STO T2149, T296, 0"/><instruction code="SETL  T2151, 0"/><instruction code="INCML T2151, 0"/><instruction code="INCMH T2151, 0"/><instruction code="INCH  T2151, 0"/><instruction code="OR T297, T2151, 0"/><instruction code="SETL  T2152, 664"/><instruction code="INCML T2152, 0"/><instruction code="INCMH T2152, 0"/><instruction code="INCH  T2152, 0"/><instruction code="NEG T2152, 0, T2152"/><instruction code="ADD T2153, T6, T2152"/><instruction code="SETL  T2154, 8"/><instruction code="INCML T2154, 0"/><instruction code="INCMH T2154, 0"/><instruction code="INCH  T2154, 0"/><instruction code="SETL  T2155, 72"/><instruction code="INCML T2155, 0"/><instruction code="INCMH T2155, 0"/><instruction code="INCH  T2155, 0"/><instruction code="MUL T2156, T2154, T2155"/><instruction code="ADD T2157, T2153, T2156"/><instruction code="SETL  T2158, 3"/><instruction code="INCML T2158, 0"/><instruction code="INCMH T2158, 0"/><instruction code="INCH  T2158, 0"/><instruction code="SETL  T2159, 8"/><instruction code="INCML T2159, 0"/><instruction code="INCMH T2159, 0"/><instruction code="INCH  T2159, 0"/><instruction code="MUL T2160, T2158, T2159"/><instruction code="ADD T2161, T2157, T2160"/><instruction code="STO T2161, T297, 0"/><instruction code="SETL  T2163, 4"/><instruction code="INCML T2163, 0"/><instruction code="INCMH T2163, 0"/><instruction code="INCH  T2163, 0"/><instruction code="OR T298, T2163, 0"/><instruction code="SETL  T2164, 664"/><instruction code="INCML T2164, 0"/><instruction code="INCMH T2164, 0"/><instruction code="INCH  T2164, 0"/><instruction code="NEG T2164, 0, T2164"/><instruction code="ADD T2165, T6, T2164"/><instruction code="SETL  T2166, 8"/><instruction code="INCML T2166, 0"/><instruction code="INCMH T2166, 0"/><instruction code="INCH  T2166, 0"/><instruction code="SETL  T2167, 72"/><instruction code="INCML T2167, 0"/><instruction code="INCMH T2167, 0"/><instruction code="INCH  T2167, 0"/><instruction code="MUL T2168, T2166, T2167"/><instruction code="ADD T2169, T2165, T2168"/><instruction code="SETL  T2170, 4"/><instruction code="INCML T2170, 0"/><instruction code="INCMH T2170, 0"/><instruction code="INCH  T2170, 0"/><instruction code="SETL  T2171, 8"/><instruction code="INCML T2171, 0"/><instruction code="INCMH T2171, 0"/><instruction code="INCH  T2171, 0"/><instruction code="MUL T2172, T2170, T2171"/><instruction code="ADD T2173, T2169, T2172"/><instruction code="STO T2173, T298, 0"/><instruction code="SETL  T2175, 0"/><instruction code="INCML T2175, 0"/><instruction code="INCMH T2175, 0"/><instruction code="INCH  T2175, 0"/><instruction code="OR T299, T2175, 0"/><instruction code="SETL  T2176, 664"/><instruction code="INCML T2176, 0"/><instruction code="INCMH T2176, 0"/><instruction code="INCH  T2176, 0"/><instruction code="NEG T2176, 0, T2176"/><instruction code="ADD T2177, T6, T2176"/><instruction code="SETL  T2178, 8"/><instruction code="INCML T2178, 0"/><instruction code="INCMH T2178, 0"/><instruction code="INCH  T2178, 0"/><instruction code="SETL  T2179, 72"/><instruction code="INCML T2179, 0"/><instruction code="INCMH T2179, 0"/><instruction code="INCH  T2179, 0"/><instruction code="MUL T2180, T2178, T2179"/><instruction code="ADD T2181, T2177, T2180"/><instruction code="SETL  T2182, 5"/><instruction code="INCML T2182, 0"/><instruction code="INCMH T2182, 0"/><instruction code="INCH  T2182, 0"/><instruction code="SETL  T2183, 8"/><instruction code="INCML T2183, 0"/><instruction code="INCMH T2183, 0"/><instruction code="INCH  T2183, 0"/><instruction code="MUL T2184, T2182, T2183"/><instruction code="ADD T2185, T2181, T2184"/><instruction code="STO T2185, T299, 0"/><instruction code="SETL  T2187, 9"/><instruction code="INCML T2187, 0"/><instruction code="INCMH T2187, 0"/><instruction code="INCH  T2187, 0"/><instruction code="OR T300, T2187, 0"/><instruction code="SETL  T2188, 664"/><instruction code="INCML T2188, 0"/><instruction code="INCMH T2188, 0"/><instruction code="INCH  T2188, 0"/><instruction code="NEG T2188, 0, T2188"/><instruction code="ADD T2189, T6, T2188"/><instruction code="SETL  T2190, 8"/><instruction code="INCML T2190, 0"/><instruction code="INCMH T2190, 0"/><instruction code="INCH  T2190, 0"/><instruction code="SETL  T2191, 72"/><instruction code="INCML T2191, 0"/><instruction code="INCMH T2191, 0"/><instruction code="INCH  T2191, 0"/><instruction code="MUL T2192, T2190, T2191"/><instruction code="ADD T2193, T2189, T2192"/><instruction code="SETL  T2194, 6"/><instruction code="INCML T2194, 0"/><instruction code="INCMH T2194, 0"/><instruction code="INCH  T2194, 0"/><instruction code="SETL  T2195, 8"/><instruction code="INCML T2195, 0"/><instruction code="INCMH T2195, 0"/><instruction code="INCH  T2195, 0"/><instruction code="MUL T2196, T2194, T2195"/><instruction code="ADD T2197, T2193, T2196"/><instruction code="STO T2197, T300, 0"/><instruction code="SETL  T2199, 3"/><instruction code="INCML T2199, 0"/><instruction code="INCMH T2199, 0"/><instruction code="INCH  T2199, 0"/><instruction code="OR T301, T2199, 0"/><instruction code="SETL  T2200, 664"/><instruction code="INCML T2200, 0"/><instruction code="INCMH T2200, 0"/><instruction code="INCH  T2200, 0"/><instruction code="NEG T2200, 0, T2200"/><instruction code="ADD T2201, T6, T2200"/><instruction code="SETL  T2202, 8"/><instruction code="INCML T2202, 0"/><instruction code="INCMH T2202, 0"/><instruction code="INCH  T2202, 0"/><instruction code="SETL  T2203, 72"/><instruction code="INCML T2203, 0"/><instruction code="INCMH T2203, 0"/><instruction code="INCH  T2203, 0"/><instruction code="MUL T2204, T2202, T2203"/><instruction code="ADD T2205, T2201, T2204"/><instruction code="SETL  T2206, 7"/><instruction code="INCML T2206, 0"/><instruction code="INCMH T2206, 0"/><instruction code="INCH  T2206, 0"/><instruction code="SETL  T2207, 8"/><instruction code="INCML T2207, 0"/><instruction code="INCMH T2207, 0"/><instruction code="INCH  T2207, 0"/><instruction code="MUL T2208, T2206, T2207"/><instruction code="ADD T2209, T2205, T2208"/><instruction code="STO T2209, T301, 0"/><instruction code="SETL  T2211, 0"/><instruction code="INCML T2211, 0"/><instruction code="INCMH T2211, 0"/><instruction code="INCH  T2211, 0"/><instruction code="OR T302, T2211, 0"/><instruction code="SETL  T2212, 664"/><instruction code="INCML T2212, 0"/><instruction code="INCMH T2212, 0"/><instruction code="INCH  T2212, 0"/><instruction code="NEG T2212, 0, T2212"/><instruction code="ADD T2213, T6, T2212"/><instruction code="SETL  T2214, 8"/><instruction code="INCML T2214, 0"/><instruction code="INCMH T2214, 0"/><instruction code="INCH  T2214, 0"/><instruction code="SETL  T2215, 72"/><instruction code="INCML T2215, 0"/><instruction code="INCMH T2215, 0"/><instruction code="INCH  T2215, 0"/><instruction code="MUL T2216, T2214, T2215"/><instruction code="ADD T2217, T2213, T2216"/><instruction code="SETL  T2218, 8"/><instruction code="INCML T2218, 0"/><instruction code="INCMH T2218, 0"/><instruction code="INCH  T2218, 0"/><instruction code="SETL  T2219, 8"/><instruction code="INCML T2219, 0"/><instruction code="INCMH T2219, 0"/><instruction code="INCH  T2219, 0"/><instruction code="MUL T2220, T2218, T2219"/><instruction code="ADD T2221, T2217, T2220"/><instruction code="STO T2221, T302, 0"/><instruction code="SETL  T2223, 0"/><instruction code="INCML T2223, 0"/><instruction code="INCMH T2223, 0"/><instruction code="INCH  T2223, 0"/><instruction code="OR T303, T2223, 0"/><instruction code="OR T304, T6, 0"/><instruction code="SETL  T2224, 664"/><instruction code="INCML T2224, 0"/><instruction code="INCMH T2224, 0"/><instruction code="INCH  T2224, 0"/><instruction code="NEG T2224, 0, T2224"/><instruction code="OR T305, T2224, 0"/><instruction code="ADD T2225, T304, T305"/><instruction code="OR T306, T2225, 0"/><instruction code="STO T303, $254, 8"/><instruction code="STO T306, $254, 16"/><instruction code="LDA T2226, _sudoku"/><instruction code="PUSHJ $16, T2226, 0"/><instruction code="LDO T2227, $254, 0"/><instruction code="OR T307, T2227, 0"/><instruction code="SETL  T2228, 672"/><instruction code="INCML T2228, 0"/><instruction code="INCMH T2228, 0"/><instruction code="INCH  T2228, 0"/><instruction code="NEG T2228, 0, T2228"/><instruction code="ADD T2229, T6, T2228"/><instruction code="STO T2229, T307, 0"/><instruction code="SETL  T2231, 0"/><instruction code="INCML T2231, 0"/><instruction code="INCMH T2231, 0"/><instruction code="INCH  T2231, 0"/><instruction code="OR T308, T2231, 0"/><instruction code="OR T309, T6, 0"/><instruction code="SETL  T2232, 672"/><instruction code="INCML T2232, 0"/><instruction code="INCMH T2232, 0"/><instruction code="INCH  T2232, 0"/><instruction code="NEG T2232, 0, T2232"/><instruction code="OR T310, T2232, 0"/><instruction code="ADD T2233, T309, T310"/><instruction code="OR T311, T2233, 0"/><instruction code="OR T312, T311, 0"/><instruction code="STO T308, $254, 8"/><instruction code="STO T312, $254, 16"/><instruction code="LDA T2235, _putInt"/><instruction code="PUSHJ $16, T2235, 0"/><instruction code="LDO T2236, $254, 0"/><instruction code="OR T313, T2236, 0"/><instruction code="SETL  T2237, 0"/><instruction code="INCML T2237, 0"/><instruction code="INCMH T2237, 0"/><instruction code="INCH  T2237, 0"/><instruction code="OR T314, T2237, 0"/><instruction code="SETL  T2238, 10"/><instruction code="INCML T2238, 0"/><instruction code="INCMH T2238, 0"/><instruction code="INCH  T2238, 0"/><instruction code="OR T315, T2238, 0"/><instruction code="SETL  T2239, 256"/><instruction code="INCML T2239, 0"/><instruction code="INCMH T2239, 0"/><instruction code="INCH  T2239, 0"/><instruction code="OR T316, T2239, 0"/><instruction code="DIV T2240, T315, T316"/><instruction code="OR T2240, rR, 0"/><instruction code="OR T317, T2240, 0"/><instruction code="STO T314, $254, 8"/><instruction code="STO T317, $254, 16"/><instruction code="LDA T2241, _putChar"/><instruction code="PUSHJ $16, T2241, 0"/><instruction code="LDO T2242, $254, 0"/><instruction code="OR T318, T2242, 0"/><instruction code="SETL  T2243, 0"/><instruction code="INCML T2243, 0"/><instruction code="INCMH T2243, 0"/><instruction code="INCH  T2243, 0"/><instruction code="OR T319, T2243, 0"/><instruction code="OR T320, T319, 0"/><instruction code="SETL  T2244, 0"/><instruction code="INCML T2244, 0"/><instruction code="INCMH T2244, 0"/><instruction code="INCH  T2244, 0"/><instruction code="OR T321, T2244, 0"/><instruction code="OR T7, T321, 0"/><instruction code="LDA T2245, L111"/><instruction code="GO T2245, T2245, 0"/></instructions></code><code entrylabel="L113" exitlabel="L114" tempsize="0"><frame FP="T8" RV="T9" argssize="0" depth="1" label="_facItr" locssize="8" size="24"/><instructions><instruction code="L113"/><instruction code="SETL  T2246, 1"/><instruction code="INCML T2246, 0"/><instruction code="INCMH T2246, 0"/><instruction code="INCH  T2246, 0"/><instruction code="OR T322, T2246, 0"/><instruction code="SETL  T2247, 8"/><instruction code="INCML T2247, 0"/><instruction code="INCMH T2247, 0"/><instruction code="INCH  T2247, 0"/><instruction code="NEG T2247, 0, T2247"/><instruction code="ADD T2248, T8, T2247"/><instruction code="STO T2248, T322, 0"/><instruction code="L27"/><instruction code="OR T323, T8, 0"/><instruction code="SETL  T2250, 8"/><instruction code="INCML T2250, 0"/><instruction code="INCMH T2250, 0"/><instruction code="INCH  T2250, 0"/><instruction code="OR T324, T2250, 0"/><instruction code="ADD T2251, T323, T324"/><instruction code="OR T325, T2251, 0"/><instruction code="OR T326, T325, 0"/><instruction code="SETL  T2253, 0"/><instruction code="INCML T2253, 0"/><instruction code="INCMH T2253, 0"/><instruction code="INCH  T2253, 0"/><instruction code="OR T327, T2253, 0"/><instruction code="CMP T2254, T326, T327"/><instruction code="ZSP T2254, T2254, 1"/><instruction code="OR T328, T2254, 0"/><instruction code="BNZ T328, L28"/><instruction code="L112"/><instruction code="LDA T2255, L29"/><instruction code="GO T2255, T2255, 0"/><instruction code="L28"/><instruction code="OR T329, T8, 0"/><instruction code="SETL  T2256, 8"/><instruction code="INCML T2256, 0"/><instruction code="INCMH T2256, 0"/><instruction code="INCH  T2256, 0"/><instruction code="NEG T2256, 0, T2256"/><instruction code="OR T330, T2256, 0"/><instruction code="ADD T2257, T329, T330"/><instruction code="OR T331, T2257, 0"/><instruction code="OR T332, T331, 0"/><instruction code="OR T333, T8, 0"/><instruction code="SETL  T2259, 8"/><instruction code="INCML T2259, 0"/><instruction code="INCMH T2259, 0"/><instruction code="INCH  T2259, 0"/><instruction code="OR T334, T2259, 0"/><instruction code="ADD T2260, T333, T334"/><instruction code="OR T335, T2260, 0"/><instruction code="OR T336, T335, 0"/><instruction code="MUL T2262, T332, T336"/><instruction code="OR T337, T2262, 0"/><instruction code="SETL  T2263, 8"/><instruction code="INCML T2263, 0"/><instruction code="INCMH T2263, 0"/><instruction code="INCH  T2263, 0"/><instruction code="NEG T2263, 0, T2263"/><instruction code="ADD T2264, T8, T2263"/><instruction code="STO T2264, T337, 0"/><instruction code="OR T338, T8, 0"/><instruction code="SETL  T2266, 8"/><instruction code="INCML T2266, 0"/><instruction code="INCMH T2266, 0"/><instruction code="INCH  T2266, 0"/><instruction code="OR T339, T2266, 0"/><instruction code="ADD T2267, T338, T339"/><instruction code="OR T340, T2267, 0"/><instruction code="OR T341, T340, 0"/><instruction code="SETL  T2269, 1"/><instruction code="INCML T2269, 0"/><instruction code="INCMH T2269, 0"/><instruction code="INCH  T2269, 0"/><instruction code="OR T342, T2269, 0"/><instruction code="SUB T2270, T341, T342"/><instruction code="OR T343, T2270, 0"/><instruction code="SETL  T2271, 8"/><instruction code="INCML T2271, 0"/><instruction code="INCMH T2271, 0"/><instruction code="INCH  T2271, 0"/><instruction code="ADD T2272, T8, T2271"/><instruction code="STO T2272, T343, 0"/><instruction code="LDA T2274, L27"/><instruction code="GO T2274, T2274, 0"/><instruction code="L29"/><instruction code="OR T344, T8, 0"/><instruction code="SETL  T2275, 8"/><instruction code="INCML T2275, 0"/><instruction code="INCMH T2275, 0"/><instruction code="INCH  T2275, 0"/><instruction code="NEG T2275, 0, T2275"/><instruction code="OR T345, T2275, 0"/><instruction code="ADD T2276, T344, T345"/><instruction code="OR T346, T2276, 0"/><instruction code="OR T347, T346, 0"/><instruction code="OR T9, T347, 0"/><instruction code="LDA T2278, L114"/><instruction code="GO T2278, T2278, 0"/></instructions></code><code entrylabel="L116" exitlabel="L117" tempsize="0"><frame FP="T10" RV="T11" argssize="16" depth="1" label="_facRec" locssize="8" size="40"/><instructions><instruction code="L116"/><instruction code="OR T348, T10, 0"/><instruction code="SETL  T2279, 8"/><instruction code="INCML T2279, 0"/><instruction code="INCMH T2279, 0"/><instruction code="INCH  T2279, 0"/><instruction code="OR T349, T2279, 0"/><instruction code="ADD T2280, T348, T349"/><instruction code="OR T350, T2280, 0"/><instruction code="OR T351, T350, 0"/><instruction code="SETL  T2282, 1"/><instruction code="INCML T2282, 0"/><instruction code="INCMH T2282, 0"/><instruction code="INCH  T2282, 0"/><instruction code="OR T352, T2282, 0"/><instruction code="CMP T2283, T351, T352"/><instruction code="ZSZ T2283, T2283, 1"/><instruction code="OR T353, T2283, 0"/><instruction code="BNZ T353, L30"/><instruction code="L115"/><instruction code="LDA T2284, L31"/><instruction code="GO T2284, T2284, 0"/><instruction code="L30"/><instruction code="SETL  T2285, 1"/><instruction code="INCML T2285, 0"/><instruction code="INCMH T2285, 0"/><instruction code="INCH  T2285, 0"/><instruction code="OR T354, T2285, 0"/><instruction code="SETL  T2286, 8"/><instruction code="INCML T2286, 0"/><instruction code="INCMH T2286, 0"/><instruction code="INCH  T2286, 0"/><instruction code="NEG T2286, 0, T2286"/><instruction code="ADD T2287, T10, T2286"/><instruction code="STO T2287, T354, 0"/><instruction code="LDA T2289, L32"/><instruction code="GO T2289, T2289, 0"/><instruction code="L31"/><instruction code="OR T355, T10, 0"/><instruction code="SETL  T2290, 8"/><instruction code="INCML T2290, 0"/><instruction code="INCMH T2290, 0"/><instruction code="INCH  T2290, 0"/><instruction code="OR T356, T2290, 0"/><instruction code="ADD T2291, T355, T356"/><instruction code="OR T357, T2291, 0"/><instruction code="OR T358, T357, 0"/><instruction code="SETL  T2293, 0"/><instruction code="INCML T2293, 0"/><instruction code="INCMH T2293, 0"/><instruction code="INCH  T2293, 0"/><instruction code="OR T359, T2293, 0"/><instruction code="OR T360, T10, 0"/><instruction code="SETL  T2294, 8"/><instruction code="INCML T2294, 0"/><instruction code="INCMH T2294, 0"/><instruction code="INCH  T2294, 0"/><instruction code="OR T361, T2294, 0"/><instruction code="ADD T2295, T360, T361"/><instruction code="OR T362, T2295, 0"/><instruction code="OR T363, T362, 0"/><instruction code="SETL  T2297, 1"/><instruction code="INCML T2297, 0"/><instruction code="INCMH T2297, 0"/><instruction code="INCH  T2297, 0"/><instruction code="OR T364, T2297, 0"/><instruction code="SUB T2298, T363, T364"/><instruction code="OR T365, T2298, 0"/><instruction code="STO T359, $254, 8"/><instruction code="STO T365, $254, 16"/><instruction code="LDA T2299, _facRec"/><instruction code="PUSHJ $16, T2299, 0"/><instruction code="LDO T2300, $254, 0"/><instruction code="OR T366, T2300, 0"/><instruction code="MUL T2301, T358, T366"/><instruction code="OR T367, T2301, 0"/><instruction code="SETL  T2302, 8"/><instruction code="INCML T2302, 0"/><instruction code="INCMH T2302, 0"/><instruction code="INCH  T2302, 0"/><instruction code="NEG T2302, 0, T2302"/><instruction code="ADD T2303, T10, T2302"/><instruction code="STO T2303, T367, 0"/><instruction code="L32"/><instruction code="OR T368, T10, 0"/><instruction code="SETL  T2305, 8"/><instruction code="INCML T2305, 0"/><instruction code="INCMH T2305, 0"/><instruction code="INCH  T2305, 0"/><instruction code="NEG T2305, 0, T2305"/><instruction code="OR T369, T2305, 0"/><instruction code="ADD T2306, T368, T369"/><instruction code="OR T370, T2306, 0"/><instruction code="OR T371, T370, 0"/><instruction code="OR T11, T371, 0"/><instruction code="LDA T2308, L117"/><instruction code="GO T2308, T2308, 0"/></instructions></code><code entrylabel="L119" exitlabel="L120" tempsize="0"><frame FP="T12" RV="T13" argssize="0" depth="1" label="_fibItr" locssize="24" size="40"/><instructions><instruction code="L119"/><instruction code="SETL  T2309, 1"/><instruction code="INCML T2309, 0"/><instruction code="INCMH T2309, 0"/><instruction code="INCH  T2309, 0"/><instruction code="OR T372, T2309, 0"/><instruction code="SETL  T2310, 8"/><instruction code="INCML T2310, 0"/><instruction code="INCMH T2310, 0"/><instruction code="INCH  T2310, 0"/><instruction code="NEG T2310, 0, T2310"/><instruction code="ADD T2311, T12, T2310"/><instruction code="STO T2311, T372, 0"/><instruction code="SETL  T2313, 1"/><instruction code="INCML T2313, 0"/><instruction code="INCMH T2313, 0"/><instruction code="INCH  T2313, 0"/><instruction code="OR T373, T2313, 0"/><instruction code="SETL  T2314, 16"/><instruction code="INCML T2314, 0"/><instruction code="INCMH T2314, 0"/><instruction code="INCH  T2314, 0"/><instruction code="NEG T2314, 0, T2314"/><instruction code="ADD T2315, T12, T2314"/><instruction code="STO T2315, T373, 0"/><instruction code="SETL  T2317, 0"/><instruction code="INCML T2317, 0"/><instruction code="INCMH T2317, 0"/><instruction code="INCH  T2317, 0"/><instruction code="OR T374, T2317, 0"/><instruction code="SETL  T2318, 24"/><instruction code="INCML T2318, 0"/><instruction code="INCMH T2318, 0"/><instruction code="INCH  T2318, 0"/><instruction code="NEG T2318, 0, T2318"/><instruction code="ADD T2319, T12, T2318"/><instruction code="STO T2319, T374, 0"/><instruction code="L33"/><instruction code="OR T375, T12, 0"/><instruction code="SETL  T2321, 8"/><instruction code="INCML T2321, 0"/><instruction code="INCMH T2321, 0"/><instruction code="INCH  T2321, 0"/><instruction code="OR T376, T2321, 0"/><instruction code="ADD T2322, T375, T376"/><instruction code="OR T377, T2322, 0"/><instruction code="OR T378, T377, 0"/><instruction code="SETL  T2324, 1"/><instruction code="INCML T2324, 0"/><instruction code="INCMH T2324, 0"/><instruction code="INCH  T2324, 0"/><instruction code="OR T379, T2324, 0"/><instruction code="CMP T2325, T378, T379"/><instruction code="ZSP T2325, T2325, 1"/><instruction code="OR T380, T2325, 0"/><instruction code="BNZ T380, L34"/><instruction code="L118"/><instruction code="LDA T2326, L35"/><instruction code="GO T2326, T2326, 0"/><instruction code="L34"/><instruction code="OR T381, T12, 0"/><instruction code="SETL  T2327, 16"/><instruction code="INCML T2327, 0"/><instruction code="INCMH T2327, 0"/><instruction code="INCH  T2327, 0"/><instruction code="NEG T2327, 0, T2327"/><instruction code="OR T382, T2327, 0"/><instruction code="ADD T2328, T381, T382"/><instruction code="OR T383, T2328, 0"/><instruction code="OR T384, T383, 0"/><instruction code="OR T385, T12, 0"/><instruction code="SETL  T2330, 24"/><instruction code="INCML T2330, 0"/><instruction code="INCMH T2330, 0"/><instruction code="INCH  T2330, 0"/><instruction code="NEG T2330, 0, T2330"/><instruction code="OR T386, T2330, 0"/><instruction code="ADD T2331, T385, T386"/><instruction code="OR T387, T2331, 0"/><instruction code="OR T388, T387, 0"/><instruction code="ADD T2333, T384, T388"/><instruction code="OR T389, T2333, 0"/><instruction code="SETL  T2334, 8"/><instruction code="INCML T2334, 0"/><instruction code="INCMH T2334, 0"/><instruction code="INCH  T2334, 0"/><instruction code="NEG T2334, 0, T2334"/><instruction code="ADD T2335, T12, T2334"/><instruction code="STO T2335, T389, 0"/><instruction code="OR T390, T12, 0"/><instruction code="SETL  T2337, 16"/><instruction code="INCML T2337, 0"/><instruction code="INCMH T2337, 0"/><instruction code="INCH  T2337, 0"/><instruction code="NEG T2337, 0, T2337"/><instruction code="OR T391, T2337, 0"/><instruction code="ADD T2338, T390, T391"/><instruction code="OR T392, T2338, 0"/><instruction code="OR T393, T392, 0"/><instruction code="SETL  T2340, 24"/><instruction code="INCML T2340, 0"/><instruction code="INCMH T2340, 0"/><instruction code="INCH  T2340, 0"/><instruction code="NEG T2340, 0, T2340"/><instruction code="ADD T2341, T12, T2340"/><instruction code="STO T2341, T393, 0"/><instruction code="OR T394, T12, 0"/><instruction code="SETL  T2343, 8"/><instruction code="INCML T2343, 0"/><instruction code="INCMH T2343, 0"/><instruction code="INCH  T2343, 0"/><instruction code="NEG T2343, 0, T2343"/><instruction code="OR T395, T2343, 0"/><instruction code="ADD T2344, T394, T395"/><instruction code="OR T396, T2344, 0"/><instruction code="OR T397, T396, 0"/><instruction code="SETL  T2346, 16"/><instruction code="INCML T2346, 0"/><instruction code="INCMH T2346, 0"/><instruction code="INCH  T2346, 0"/><instruction code="NEG T2346, 0, T2346"/><instruction code="ADD T2347, T12, T2346"/><instruction code="STO T2347, T397, 0"/><instruction code="OR T398, T12, 0"/><instruction code="SETL  T2349, 8"/><instruction code="INCML T2349, 0"/><instruction code="INCMH T2349, 0"/><instruction code="INCH  T2349, 0"/><instruction code="OR T399, T2349, 0"/><instruction code="ADD T2350, T398, T399"/><instruction code="OR T400, T2350, 0"/><instruction code="OR T401, T400, 0"/><instruction code="SETL  T2352, 1"/><instruction code="INCML T2352, 0"/><instruction code="INCMH T2352, 0"/><instruction code="INCH  T2352, 0"/><instruction code="OR T402, T2352, 0"/><instruction code="SUB T2353, T401, T402"/><instruction code="OR T403, T2353, 0"/><instruction code="SETL  T2354, 8"/><instruction code="INCML T2354, 0"/><instruction code="INCMH T2354, 0"/><instruction code="INCH  T2354, 0"/><instruction code="ADD T2355, T12, T2354"/><instruction code="STO T2355, T403, 0"/><instruction code="LDA T2357, L33"/><instruction code="GO T2357, T2357, 0"/><instruction code="L35"/><instruction code="OR T404, T12, 0"/><instruction code="SETL  T2358, 8"/><instruction code="INCML T2358, 0"/><instruction code="INCMH T2358, 0"/><instruction code="INCH  T2358, 0"/><instruction code="NEG T2358, 0, T2358"/><instruction code="OR T405, T2358, 0"/><instruction code="ADD T2359, T404, T405"/><instruction code="OR T406, T2359, 0"/><instruction code="OR T407, T406, 0"/><instruction code="OR T13, T407, 0"/><instruction code="LDA T2361, L120"/><instruction code="GO T2361, T2361, 0"/></instructions></code><code entrylabel="L122" exitlabel="L123" tempsize="0"><frame FP="T14" RV="T15" argssize="16" depth="1" label="_fibRec" locssize="8" size="40"/><instructions><instruction code="L122"/><instruction code="OR T408, T14, 0"/><instruction code="SETL  T2362, 8"/><instruction code="INCML T2362, 0"/><instruction code="INCMH T2362, 0"/><instruction code="INCH  T2362, 0"/><instruction code="OR T409, T2362, 0"/><instruction code="ADD T2363, T408, T409"/><instruction code="OR T410, T2363, 0"/><instruction code="OR T411, T410, 0"/><instruction code="SETL  T2365, 2"/><instruction code="INCML T2365, 0"/><instruction code="INCMH T2365, 0"/><instruction code="INCH  T2365, 0"/><instruction code="OR T412, T2365, 0"/><instruction code="CMP T2366, T411, T412"/><instruction code="ZSNP T2366, T2366, 1"/><instruction code="OR T413, T2366, 0"/><instruction code="BNZ T413, L36"/><instruction code="L121"/><instruction code="LDA T2367, L37"/><instruction code="GO T2367, T2367, 0"/><instruction code="L36"/><instruction code="SETL  T2368, 1"/><instruction code="INCML T2368, 0"/><instruction code="INCMH T2368, 0"/><instruction code="INCH  T2368, 0"/><instruction code="OR T414, T2368, 0"/><instruction code="SETL  T2369, 8"/><instruction code="INCML T2369, 0"/><instruction code="INCMH T2369, 0"/><instruction code="INCH  T2369, 0"/><instruction code="NEG T2369, 0, T2369"/><instruction code="ADD T2370, T14, T2369"/><instruction code="STO T2370, T414, 0"/><instruction code="LDA T2372, L38"/><instruction code="GO T2372, T2372, 0"/><instruction code="L37"/><instruction code="SETL  T2373, 0"/><instruction code="INCML T2373, 0"/><instruction code="INCMH T2373, 0"/><instruction code="INCH  T2373, 0"/><instruction code="OR T415, T2373, 0"/><instruction code="OR T416, T14, 0"/><instruction code="SETL  T2374, 8"/><instruction code="INCML T2374, 0"/><instruction code="INCMH T2374, 0"/><instruction code="INCH  T2374, 0"/><instruction code="OR T417, T2374, 0"/><instruction code="ADD T2375, T416, T417"/><instruction code="OR T418, T2375, 0"/><instruction code="OR T419, T418, 0"/><instruction code="SETL  T2377, 1"/><instruction code="INCML T2377, 0"/><instruction code="INCMH T2377, 0"/><instruction code="INCH  T2377, 0"/><instruction code="OR T420, T2377, 0"/><instruction code="SUB T2378, T419, T420"/><instruction code="OR T421, T2378, 0"/><instruction code="STO T415, $254, 8"/><instruction code="STO T421, $254, 16"/><instruction code="LDA T2379, _fibRec"/><instruction code="PUSHJ $16, T2379, 0"/><instruction code="LDO T2380, $254, 0"/><instruction code="OR T422, T2380, 0"/><instruction code="SETL  T2381, 0"/><instruction code="INCML T2381, 0"/><instruction code="INCMH T2381, 0"/><instruction code="INCH  T2381, 0"/><instruction code="OR T423, T2381, 0"/><instruction code="OR T424, T14, 0"/><instruction code="SETL  T2382, 8"/><instruction code="INCML T2382, 0"/><instruction code="INCMH T2382, 0"/><instruction code="INCH  T2382, 0"/><instruction code="OR T425, T2382, 0"/><instruction code="ADD T2383, T424, T425"/><instruction code="OR T426, T2383, 0"/><instruction code="OR T427, T426, 0"/><instruction code="SETL  T2385, 2"/><instruction code="INCML T2385, 0"/><instruction code="INCMH T2385, 0"/><instruction code="INCH  T2385, 0"/><instruction code="OR T428, T2385, 0"/><instruction code="SUB T2386, T427, T428"/><instruction code="OR T429, T2386, 0"/><instruction code="STO T423, $254, 8"/><instruction code="STO T429, $254, 16"/><instruction code="LDA T2387, _fibRec"/><instruction code="PUSHJ $16, T2387, 0"/><instruction code="LDO T2388, $254, 0"/><instruction code="OR T430, T2388, 0"/><instruction code="ADD T2389, T422, T430"/><instruction code="OR T431, T2389, 0"/><instruction code="SETL  T2390, 8"/><instruction code="INCML T2390, 0"/><instruction code="INCMH T2390, 0"/><instruction code="INCH  T2390, 0"/><instruction code="NEG T2390, 0, T2390"/><instruction code="ADD T2391, T14, T2390"/><instruction code="STO T2391, T431, 0"/><instruction code="L38"/><instruction code="OR T432, T14, 0"/><instruction code="SETL  T2393, 8"/><instruction code="INCML T2393, 0"/><instruction code="INCMH T2393, 0"/><instruction code="INCH  T2393, 0"/><instruction code="NEG T2393, 0, T2393"/><instruction code="OR T433, T2393, 0"/><instruction code="ADD T2394, T432, T433"/><instruction code="OR T434, T2394, 0"/><instruction code="OR T435, T434, 0"/><instruction code="OR T15, T435, 0"/><instruction code="LDA T2396, L123"/><instruction code="GO T2396, T2396, 0"/></instructions></code><code entrylabel="L127" exitlabel="L128" tempsize="0"><frame FP="T18" RV="T19" argssize="16" depth="2" label="L0" locssize="8" size="40"/><instructions><instruction code="L127"/><instruction code="OR T436, T18, 0"/><instruction code="SETL  T2397, 8"/><instruction code="INCML T2397, 0"/><instruction code="INCMH T2397, 0"/><instruction code="INCH  T2397, 0"/><instruction code="OR T437, T2397, 0"/><instruction code="ADD T2398, T436, T437"/><instruction code="OR T438, T2398, 0"/><instruction code="OR T439, T438, 0"/><instruction code="OR T440, T18, 0"/><instruction code="OR T441, T440, 0"/><instruction code="SETL  T2401, 8"/><instruction code="INCML T2401, 0"/><instruction code="INCMH T2401, 0"/><instruction code="INCH  T2401, 0"/><instruction code="OR T442, T2401, 0"/><instruction code="ADD T2402, T441, T442"/><instruction code="OR T443, T2402, 0"/><instruction code="OR T444, T443, 0"/><instruction code="CMP T2404, T439, T444"/><instruction code="ZSZ T2404, T2404, 1"/><instruction code="OR T445, T2404, 0"/><instruction code="BNZ T445, L45"/><instruction code="L124"/><instruction code="LDA T2405, L46"/><instruction code="GO T2405, T2405, 0"/><instruction code="L45"/><instruction code="SETL  T2406, 0"/><instruction code="INCML T2406, 0"/><instruction code="INCMH T2406, 0"/><instruction code="INCH  T2406, 0"/><instruction code="OR T446, T2406, 0"/><instruction code="SETL  T2407, 8"/><instruction code="INCML T2407, 0"/><instruction code="INCMH T2407, 0"/><instruction code="INCH  T2407, 0"/><instruction code="NEG T2407, 0, T2407"/><instruction code="ADD T2408, T18, T2407"/><instruction code="STO T2408, T446, 0"/><instruction code="L39"/><instruction code="OR T447, T18, 0"/><instruction code="SETL  T2410, 8"/><instruction code="INCML T2410, 0"/><instruction code="INCMH T2410, 0"/><instruction code="INCH  T2410, 0"/><instruction code="NEG T2410, 0, T2410"/><instruction code="OR T448, T2410, 0"/><instruction code="ADD T2411, T447, T448"/><instruction code="OR T449, T2411, 0"/><instruction code="OR T450, T449, 0"/><instruction code="OR T451, T18, 0"/><instruction code="OR T452, T451, 0"/><instruction code="SETL  T2414, 8"/><instruction code="INCML T2414, 0"/><instruction code="INCMH T2414, 0"/><instruction code="INCH  T2414, 0"/><instruction code="OR T453, T2414, 0"/><instruction code="ADD T2415, T452, T453"/><instruction code="OR T454, T2415, 0"/><instruction code="OR T455, T454, 0"/><instruction code="CMP T2417, T450, T455"/><instruction code="ZSN T2417, T2417, 1"/><instruction code="OR T456, T2417, 0"/><instruction code="BNZ T456, L40"/><instruction code="L125"/><instruction code="LDA T2418, L41"/><instruction code="GO T2418, T2418, 0"/><instruction code="L40"/><instruction code="SETL  T2419, 0"/><instruction code="INCML T2419, 0"/><instruction code="INCMH T2419, 0"/><instruction code="INCH  T2419, 0"/><instruction code="OR T457, T2419, 0"/><instruction code="OR T458, T18, 0"/><instruction code="OR T459, T458, 0"/><instruction code="SETL  T2421, 800"/><instruction code="INCML T2421, 0"/><instruction code="INCMH T2421, 0"/><instruction code="INCH  T2421, 0"/><instruction code="NEG T2421, 0, T2421"/><instruction code="OR T460, T2421, 0"/><instruction code="ADD T2422, T459, T460"/><instruction code="OR T461, T2422, 0"/><instruction code="OR T462, T18, 0"/><instruction code="SETL  T2423, 8"/><instruction code="INCML T2423, 0"/><instruction code="INCMH T2423, 0"/><instruction code="INCH  T2423, 0"/><instruction code="NEG T2423, 0, T2423"/><instruction code="OR T463, T2423, 0"/><instruction code="ADD T2424, T462, T463"/><instruction code="OR T464, T2424, 0"/><instruction code="OR T465, T464, 0"/><instruction code="SETL  T2426, 8"/><instruction code="INCML T2426, 0"/><instruction code="INCMH T2426, 0"/><instruction code="INCH  T2426, 0"/><instruction code="OR T466, T2426, 0"/><instruction code="MUL T2427, T465, T466"/><instruction code="OR T467, T2427, 0"/><instruction code="ADD T2428, T461, T467"/><instruction code="OR T468, T2428, 0"/><instruction code="OR T469, T468, 0"/><instruction code="STO T457, $254, 8"/><instruction code="STO T469, $254, 16"/><instruction code="LDA T2430, _putInt"/><instruction code="PUSHJ $16, T2430, 0"/><instruction code="LDO T2431, $254, 0"/><instruction code="OR T470, T2431, 0"/><instruction code="SETL  T2432, 0"/><instruction code="INCML T2432, 0"/><instruction code="INCMH T2432, 0"/><instruction code="INCH  T2432, 0"/><instruction code="OR T471, T2432, 0"/><instruction code="SETL  T2433, 32"/><instruction code="INCML T2433, 0"/><instruction code="INCMH T2433, 0"/><instruction code="INCH  T2433, 0"/><instruction code="OR T472, T2433, 0"/><instruction code="STO T471, $254, 8"/><instruction code="STO T472, $254, 16"/><instruction code="LDA T2434, _putChar"/><instruction code="PUSHJ $16, T2434, 0"/><instruction code="LDO T2435, $254, 0"/><instruction code="OR T473, T2435, 0"/><instruction code="OR T474, T18, 0"/><instruction code="SETL  T2436, 8"/><instruction code="INCML T2436, 0"/><instruction code="INCMH T2436, 0"/><instruction code="INCH  T2436, 0"/><instruction code="NEG T2436, 0, T2436"/><instruction code="OR T475, T2436, 0"/><instruction code="ADD T2437, T474, T475"/><instruction code="OR T476, T2437, 0"/><instruction code="OR T477, T476, 0"/><instruction code="SETL  T2439, 1"/><instruction code="INCML T2439, 0"/><instruction code="INCMH T2439, 0"/><instruction code="INCH  T2439, 0"/><instruction code="OR T478, T2439, 0"/><instruction code="ADD T2440, T477, T478"/><instruction code="OR T479, T2440, 0"/><instruction code="SETL  T2441, 8"/><instruction code="INCML T2441, 0"/><instruction code="INCMH T2441, 0"/><instruction code="INCH  T2441, 0"/><instruction code="NEG T2441, 0, T2441"/><instruction code="ADD T2442, T18, T2441"/><instruction code="STO T2442, T479, 0"/><instruction code="LDA T2444, L39"/><instruction code="GO T2444, T2444, 0"/><instruction code="L41"/><instruction code="SETL  T2445, 0"/><instruction code="INCML T2445, 0"/><instruction code="INCMH T2445, 0"/><instruction code="INCH  T2445, 0"/><instruction code="OR T480, T2445, 0"/><instruction code="SETL  T2446, 10"/><instruction code="INCML T2446, 0"/><instruction code="INCMH T2446, 0"/><instruction code="INCH  T2446, 0"/><instruction code="OR T481, T2446, 0"/><instruction code="SETL  T2447, 256"/><instruction code="INCML T2447, 0"/><instruction code="INCMH T2447, 0"/><instruction code="INCH  T2447, 0"/><instruction code="OR T482, T2447, 0"/><instruction code="DIV T2448, T481, T482"/><instruction code="OR T2448, rR, 0"/><instruction code="OR T483, T2448, 0"/><instruction code="STO T480, $254, 8"/><instruction code="STO T483, $254, 16"/><instruction code="LDA T2449, _putChar"/><instruction code="PUSHJ $16, T2449, 0"/><instruction code="LDO T2450, $254, 0"/><instruction code="OR T484, T2450, 0"/><instruction code="LDA T2451, L47"/><instruction code="GO T2451, T2451, 0"/><instruction code="L46"/><instruction code="SETL  T2452, 1"/><instruction code="INCML T2452, 0"/><instruction code="INCMH T2452, 0"/><instruction code="INCH  T2452, 0"/><instruction code="OR T485, T2452, 0"/><instruction code="SETL  T2453, 8"/><instruction code="INCML T2453, 0"/><instruction code="INCMH T2453, 0"/><instruction code="INCH  T2453, 0"/><instruction code="NEG T2453, 0, T2453"/><instruction code="ADD T2454, T18, T2453"/><instruction code="STO T2454, T485, 0"/><instruction code="L42"/><instruction code="OR T486, T18, 0"/><instruction code="SETL  T2456, 8"/><instruction code="INCML T2456, 0"/><instruction code="INCMH T2456, 0"/><instruction code="INCH  T2456, 0"/><instruction code="NEG T2456, 0, T2456"/><instruction code="OR T487, T2456, 0"/><instruction code="ADD T2457, T486, T487"/><instruction code="OR T488, T2457, 0"/><instruction code="OR T489, T488, 0"/><instruction code="OR T490, T18, 0"/><instruction code="OR T491, T490, 0"/><instruction code="SETL  T2460, 16"/><instruction code="INCML T2460, 0"/><instruction code="INCMH T2460, 0"/><instruction code="INCH  T2460, 0"/><instruction code="OR T492, T2460, 0"/><instruction code="ADD T2461, T491, T492"/><instruction code="OR T493, T2461, 0"/><instruction code="OR T494, T493, 0"/><instruction code="CMP T2463, T489, T494"/><instruction code="ZSNP T2463, T2463, 1"/><instruction code="OR T495, T2463, 0"/><instruction code="BNZ T495, L43"/><instruction code="L126"/><instruction code="LDA T2464, L44"/><instruction code="GO T2464, T2464, 0"/><instruction code="L43"/><instruction code="OR T496, T18, 0"/><instruction code="SETL  T2465, 8"/><instruction code="INCML T2465, 0"/><instruction code="INCMH T2465, 0"/><instruction code="INCH  T2465, 0"/><instruction code="NEG T2465, 0, T2465"/><instruction code="OR T497, T2465, 0"/><instruction code="ADD T2466, T496, T497"/><instruction code="OR T498, T2466, 0"/><instruction code="OR T499, T498, 0"/><instruction code="SETL  T2469, 800"/><instruction code="INCML T2469, 0"/><instruction code="INCMH T2469, 0"/><instruction code="INCH  T2469, 0"/><instruction code="NEG T2469, 0, T2469"/><instruction code="ADD T2470, T18, T2469"/><instruction code="SETL  T2471, 8"/><instruction code="INCML T2471, 0"/><instruction code="INCMH T2471, 0"/><instruction code="INCH  T2471, 0"/><instruction code="ADD T2472, T18, T2471"/><instruction code="SETL  T2474, 8"/><instruction code="INCML T2474, 0"/><instruction code="INCMH T2474, 0"/><instruction code="INCH  T2474, 0"/><instruction code="MUL T2475, T2472, T2474"/><instruction code="ADD T2476, T2470, T2475"/><instruction code="STO T2476, T499, 0"/><instruction code="OR T500, T18, 0"/><instruction code="SETL  T2478, 8"/><instruction code="INCML T2478, 0"/><instruction code="INCMH T2478, 0"/><instruction code="INCH  T2478, 0"/><instruction code="NEG T2478, 0, T2478"/><instruction code="OR T501, T2478, 0"/><instruction code="ADD T2479, T500, T501"/><instruction code="OR T502, T2479, 0"/><instruction code="OR T503, T502, 0"/><instruction code="SETL  T2481, 1"/><instruction code="INCML T2481, 0"/><instruction code="INCMH T2481, 0"/><instruction code="INCH  T2481, 0"/><instruction code="OR T504, T2481, 0"/><instruction code="ADD T2482, T503, T504"/><instruction code="OR T505, T2482, 0"/><instruction code="SETL  T2483, 8"/><instruction code="INCML T2483, 0"/><instruction code="INCMH T2483, 0"/><instruction code="INCH  T2483, 0"/><instruction code="NEG T2483, 0, T2483"/><instruction code="ADD T2484, T18, T2483"/><instruction code="STO T2484, T505, 0"/><instruction code="OR T506, T18, 0"/><instruction code="OR T507, T18, 0"/><instruction code="SETL  T2487, 8"/><instruction code="INCML T2487, 0"/><instruction code="INCMH T2487, 0"/><instruction code="INCH  T2487, 0"/><instruction code="OR T508, T2487, 0"/><instruction code="ADD T2488, T507, T508"/><instruction code="OR T509, T2488, 0"/><instruction code="OR T510, T509, 0"/><instruction code="SETL  T2490, 1"/><instruction code="INCML T2490, 0"/><instruction code="INCMH T2490, 0"/><instruction code="INCH  T2490, 0"/><instruction code="OR T511, T2490, 0"/><instruction code="ADD T2491, T510, T511"/><instruction code="OR T512, T2491, 0"/><instruction code="STO T506, $254, 8"/><instruction code="STO T512, $254, 16"/><instruction code="LDA T2492, L0"/><instruction code="PUSHJ $16, T2492, 0"/><instruction code="LDO T2493, $254, 0"/><instruction code="OR T513, T2493, 0"/><instruction code="LDA T2494, L42"/><instruction code="GO T2494, T2494, 0"/><instruction code="L44"/><instruction code="L47"/><instruction code="SETL  T2495, 0"/><instruction code="INCML T2495, 0"/><instruction code="INCMH T2495, 0"/><instruction code="INCH  T2495, 0"/><instruction code="OR T514, T2495, 0"/><instruction code="OR T19, T514, 0"/><instruction code="LDA T2496, L128"/><instruction code="GO T2496, T2496, 0"/></instructions></code><code entrylabel="L130" exitlabel="L131" tempsize="0"><frame FP="T16" RV="T17" argssize="16" depth="1" label="_combs" locssize="808" size="840"/><instructions><instruction code="L130"/><instruction code="SETL  T2497, 0"/><instruction code="INCML T2497, 0"/><instruction code="INCMH T2497, 0"/><instruction code="INCH  T2497, 0"/><instruction code="OR T515, T2497, 0"/><instruction code="SETL  T2498, 808"/><instruction code="INCML T2498, 0"/><instruction code="INCMH T2498, 0"/><instruction code="INCH  T2498, 0"/><instruction code="NEG T2498, 0, T2498"/><instruction code="ADD T2499, T16, T2498"/><instruction code="STO T2499, T515, 0"/><instruction code="L48"/><instruction code="OR T516, T16, 0"/><instruction code="SETL  T2501, 808"/><instruction code="INCML T2501, 0"/><instruction code="INCMH T2501, 0"/><instruction code="INCH  T2501, 0"/><instruction code="NEG T2501, 0, T2501"/><instruction code="OR T517, T2501, 0"/><instruction code="ADD T2502, T516, T517"/><instruction code="OR T518, T2502, 0"/><instruction code="OR T519, T518, 0"/><instruction code="SETL  T2504, 100"/><instruction code="INCML T2504, 0"/><instruction code="INCMH T2504, 0"/><instruction code="INCH  T2504, 0"/><instruction code="OR T520, T2504, 0"/><instruction code="CMP T2505, T519, T520"/><instruction code="ZSN T2505, T2505, 1"/><instruction code="OR T521, T2505, 0"/><instruction code="BNZ T521, L49"/><instruction code="L129"/><instruction code="LDA T2506, L50"/><instruction code="GO T2506, T2506, 0"/><instruction code="L49"/><instruction code="SETL  T2507, 0"/><instruction code="INCML T2507, 0"/><instruction code="INCMH T2507, 0"/><instruction code="INCH  T2507, 0"/><instruction code="OR T522, T2507, 0"/><instruction code="SETL  T2508, 800"/><instruction code="INCML T2508, 0"/><instruction code="INCMH T2508, 0"/><instruction code="INCH  T2508, 0"/><instruction code="NEG T2508, 0, T2508"/><instruction code="ADD T2509, T16, T2508"/><instruction code="SETL  T2510, 808"/><instruction code="INCML T2510, 0"/><instruction code="INCMH T2510, 0"/><instruction code="INCH  T2510, 0"/><instruction code="NEG T2510, 0, T2510"/><instruction code="ADD T2511, T16, T2510"/><instruction code="SETL  T2513, 8"/><instruction code="INCML T2513, 0"/><instruction code="INCMH T2513, 0"/><instruction code="INCH  T2513, 0"/><instruction code="MUL T2514, T2511, T2513"/><instruction code="ADD T2515, T2509, T2514"/><instruction code="STO T2515, T522, 0"/><instruction code="OR T523, T16, 0"/><instruction code="SETL  T2517, 808"/><instruction code="INCML T2517, 0"/><instruction code="INCMH T2517, 0"/><instruction code="INCH  T2517, 0"/><instruction code="NEG T2517, 0, T2517"/><instruction code="OR T524, T2517, 0"/><instruction code="ADD T2518, T523, T524"/><instruction code="OR T525, T2518, 0"/><instruction code="OR T526, T525, 0"/><instruction code="SETL  T2520, 1"/><instruction code="INCML T2520, 0"/><instruction code="INCMH T2520, 0"/><instruction code="INCH  T2520, 0"/><instruction code="OR T527, T2520, 0"/><instruction code="ADD T2521, T526, T527"/><instruction code="OR T528, T2521, 0"/><instruction code="SETL  T2522, 808"/><instruction code="INCML T2522, 0"/><instruction code="INCMH T2522, 0"/><instruction code="INCH  T2522, 0"/><instruction code="NEG T2522, 0, T2522"/><instruction code="ADD T2523, T16, T2522"/><instruction code="STO T2523, T528, 0"/><instruction code="LDA T2525, L48"/><instruction code="GO T2525, T2525, 0"/><instruction code="L50"/><instruction code="OR T529, T16, 0"/><instruction code="SETL  T2526, 0"/><instruction code="INCML T2526, 0"/><instruction code="INCMH T2526, 0"/><instruction code="INCH  T2526, 0"/><instruction code="OR T530, T2526, 0"/><instruction code="STO T529, $254, 8"/><instruction code="STO T530, $254, 16"/><instruction code="LDA T2527, L0"/><instruction code="PUSHJ $16, T2527, 0"/><instruction code="LDO T2528, $254, 0"/><instruction code="OR T531, T2528, 0"/><instruction code="SETL  T2529, 0"/><instruction code="INCML T2529, 0"/><instruction code="INCMH T2529, 0"/><instruction code="INCH  T2529, 0"/><instruction code="OR T532, T2529, 0"/><instruction code="OR T17, T532, 0"/><instruction code="LDA T2530, L131"/><instruction code="GO T2530, T2530, 0"/></instructions></code><code entrylabel="L136" exitlabel="L137" tempsize="0"><frame FP="T22" RV="T23" argssize="0" depth="2" label="L1" locssize="96" size="112"/><instructions><instruction code="L136"/><instruction code="SETL  T2531, 1"/><instruction code="INCML T2531, 0"/><instruction code="INCMH T2531, 0"/><instruction code="INCH  T2531, 0"/><instruction code="OR T533, T2531, 0"/><instruction code="SETL  T2532, 96"/><instruction code="INCML T2532, 0"/><instruction code="INCMH T2532, 0"/><instruction code="INCH  T2532, 0"/><instruction code="NEG T2532, 0, T2532"/><instruction code="ADD T2533, T22, T2532"/><instruction code="STO T2533, T533, 0"/><instruction code="SETL  T2535, 1"/><instruction code="INCML T2535, 0"/><instruction code="INCMH T2535, 0"/><instruction code="INCH  T2535, 0"/><instruction code="OR T534, T2535, 0"/><instruction code="SETL  T2536, 88"/><instruction code="INCML T2536, 0"/><instruction code="INCMH T2536, 0"/><instruction code="INCH  T2536, 0"/><instruction code="NEG T2536, 0, T2536"/><instruction code="ADD T2537, T22, T2536"/><instruction code="STO T2537, T534, 0"/><instruction code="L51"/><instruction code="OR T535, T22, 0"/><instruction code="SETL  T2539, 88"/><instruction code="INCML T2539, 0"/><instruction code="INCMH T2539, 0"/><instruction code="INCH  T2539, 0"/><instruction code="NEG T2539, 0, T2539"/><instruction code="OR T536, T2539, 0"/><instruction code="ADD T2540, T535, T536"/><instruction code="OR T537, T2540, 0"/><instruction code="OR T538, T537, 0"/><instruction code="SETL  T2542, 9"/><instruction code="INCML T2542, 0"/><instruction code="INCMH T2542, 0"/><instruction code="INCH  T2542, 0"/><instruction code="OR T539, T2542, 0"/><instruction code="CMP T2543, T538, T539"/><instruction code="ZSNP T2543, T2543, 1"/><instruction code="OR T540, T2543, 0"/><instruction code="BNZ T540, L52"/><instruction code="L132"/><instruction code="LDA T2544, L53"/><instruction code="GO T2544, T2544, 0"/><instruction code="L52"/><instruction code="SETL  T2545, 0"/><instruction code="INCML T2545, 0"/><instruction code="INCMH T2545, 0"/><instruction code="INCH  T2545, 0"/><instruction code="OR T541, T2545, 0"/><instruction code="SETL  T2546, 80"/><instruction code="INCML T2546, 0"/><instruction code="INCMH T2546, 0"/><instruction code="INCH  T2546, 0"/><instruction code="NEG T2546, 0, T2546"/><instruction code="ADD T2547, T22, T2546"/><instruction code="SETL  T2548, 88"/><instruction code="INCML T2548, 0"/><instruction code="INCMH T2548, 0"/><instruction code="INCH  T2548, 0"/><instruction code="NEG T2548, 0, T2548"/><instruction code="ADD T2549, T22, T2548"/><instruction code="SETL  T2551, 8"/><instruction code="INCML T2551, 0"/><instruction code="INCMH T2551, 0"/><instruction code="INCH  T2551, 0"/><instruction code="MUL T2552, T2549, T2551"/><instruction code="ADD T2553, T2547, T2552"/><instruction code="STO T2553, T541, 0"/><instruction code="OR T542, T22, 0"/><instruction code="SETL  T2555, 88"/><instruction code="INCML T2555, 0"/><instruction code="INCMH T2555, 0"/><instruction code="INCH  T2555, 0"/><instruction code="NEG T2555, 0, T2555"/><instruction code="OR T543, T2555, 0"/><instruction code="ADD T2556, T542, T543"/><instruction code="OR T544, T2556, 0"/><instruction code="OR T545, T544, 0"/><instruction code="SETL  T2558, 1"/><instruction code="INCML T2558, 0"/><instruction code="INCMH T2558, 0"/><instruction code="INCH  T2558, 0"/><instruction code="OR T546, T2558, 0"/><instruction code="ADD T2559, T545, T546"/><instruction code="OR T547, T2559, 0"/><instruction code="SETL  T2560, 88"/><instruction code="INCML T2560, 0"/><instruction code="INCMH T2560, 0"/><instruction code="INCH  T2560, 0"/><instruction code="NEG T2560, 0, T2560"/><instruction code="ADD T2561, T22, T2560"/><instruction code="STO T2561, T547, 0"/><instruction code="LDA T2563, L51"/><instruction code="GO T2563, T2563, 0"/><instruction code="L53"/><instruction code="SETL  T2564, 0"/><instruction code="INCML T2564, 0"/><instruction code="INCMH T2564, 0"/><instruction code="INCH  T2564, 0"/><instruction code="OR T548, T2564, 0"/><instruction code="SETL  T2565, 88"/><instruction code="INCML T2565, 0"/><instruction code="INCMH T2565, 0"/><instruction code="INCH  T2565, 0"/><instruction code="NEG T2565, 0, T2565"/><instruction code="ADD T2566, T22, T2565"/><instruction code="STO T2566, T548, 0"/><instruction code="L59"/><instruction code="OR T549, T22, 0"/><instruction code="SETL  T2568, 88"/><instruction code="INCML T2568, 0"/><instruction code="INCMH T2568, 0"/><instruction code="INCH  T2568, 0"/><instruction code="NEG T2568, 0, T2568"/><instruction code="OR T550, T2568, 0"/><instruction code="ADD T2569, T549, T550"/><instruction code="OR T551, T2569, 0"/><instruction code="OR T552, T551, 0"/><instruction code="SETL  T2571, 9"/><instruction code="INCML T2571, 0"/><instruction code="INCMH T2571, 0"/><instruction code="INCH  T2571, 0"/><instruction code="OR T553, T2571, 0"/><instruction code="CMP T2572, T552, T553"/><instruction code="ZSN T2572, T2572, 1"/><instruction code="OR T554, T2572, 0"/><instruction code="BNZ T554, L60"/><instruction code="L133"/><instruction code="LDA T2573, L61"/><instruction code="GO T2573, T2573, 0"/><instruction code="L60"/><instruction code="OR T555, T22, 0"/><instruction code="OR T556, T555, 0"/><instruction code="SETL  T2575, 8"/><instruction code="INCML T2575, 0"/><instruction code="INCMH T2575, 0"/><instruction code="INCH  T2575, 0"/><instruction code="OR T557, T2575, 0"/><instruction code="ADD T2576, T556, T557"/><instruction code="OR T558, T2576, 0"/><instruction code="OR T559, T558, 0"/><instruction code="OR T560, T22, 0"/><instruction code="SETL  T2578, 8"/><instruction code="INCML T2578, 0"/><instruction code="INCMH T2578, 0"/><instruction code="INCH  T2578, 0"/><instruction code="OR T561, T2578, 0"/><instruction code="ADD T2579, T560, T561"/><instruction code="OR T562, T2579, 0"/><instruction code="OR T563, T562, 0"/><instruction code="SETL  T2581, 72"/><instruction code="INCML T2581, 0"/><instruction code="INCMH T2581, 0"/><instruction code="INCH  T2581, 0"/><instruction code="OR T564, T2581, 0"/><instruction code="MUL T2582, T563, T564"/><instruction code="OR T565, T2582, 0"/><instruction code="ADD T2583, T559, T565"/><instruction code="OR T566, T2583, 0"/><instruction code="OR T567, T22, 0"/><instruction code="SETL  T2584, 88"/><instruction code="INCML T2584, 0"/><instruction code="INCMH T2584, 0"/><instruction code="INCH  T2584, 0"/><instruction code="NEG T2584, 0, T2584"/><instruction code="OR T568, T2584, 0"/><instruction code="ADD T2585, T567, T568"/><instruction code="OR T569, T2585, 0"/><instruction code="OR T570, T569, 0"/><instruction code="SETL  T2587, 8"/><instruction code="INCML T2587, 0"/><instruction code="INCMH T2587, 0"/><instruction code="INCH  T2587, 0"/><instruction code="OR T571, T2587, 0"/><instruction code="MUL T2588, T570, T571"/><instruction code="OR T572, T2588, 0"/><instruction code="ADD T2589, T566, T572"/><instruction code="OR T573, T2589, 0"/><instruction code="OR T574, T573, 0"/><instruction code="SETL  T2591, 0"/><instruction code="INCML T2591, 0"/><instruction code="INCMH T2591, 0"/><instruction code="INCH  T2591, 0"/><instruction code="OR T575, T2591, 0"/><instruction code="CMP T2592, T574, T575"/><instruction code="ZSNZ T2592, T2592, 1"/><instruction code="OR T576, T2592, 0"/><instruction code="BNZ T576, L57"/><instruction code="L134"/><instruction code="LDA T2593, L58"/><instruction code="GO T2593, T2593, 0"/><instruction code="L57"/><instruction code="OR T577, T22, 0"/><instruction code="SETL  T2594, 80"/><instruction code="INCML T2594, 0"/><instruction code="INCMH T2594, 0"/><instruction code="INCH  T2594, 0"/><instruction code="NEG T2594, 0, T2594"/><instruction code="OR T578, T2594, 0"/><instruction code="ADD T2595, T577, T578"/><instruction code="OR T579, T2595, 0"/><instruction code="OR T580, T22, 0"/><instruction code="OR T581, T580, 0"/><instruction code="SETL  T2597, 8"/><instruction code="INCML T2597, 0"/><instruction code="INCMH T2597, 0"/><instruction code="INCH  T2597, 0"/><instruction code="OR T582, T2597, 0"/><instruction code="ADD T2598, T581, T582"/><instruction code="OR T583, T2598, 0"/><instruction code="OR T584, T583, 0"/><instruction code="OR T585, T22, 0"/><instruction code="SETL  T2600, 8"/><instruction code="INCML T2600, 0"/><instruction code="INCMH T2600, 0"/><instruction code="INCH  T2600, 0"/><instruction code="OR T586, T2600, 0"/><instruction code="ADD T2601, T585, T586"/><instruction code="OR T587, T2601, 0"/><instruction code="OR T588, T587, 0"/><instruction code="SETL  T2603, 72"/><instruction code="INCML T2603, 0"/><instruction code="INCMH T2603, 0"/><instruction code="INCH  T2603, 0"/><instruction code="OR T589, T2603, 0"/><instruction code="MUL T2604, T588, T589"/><instruction code="OR T590, T2604, 0"/><instruction code="ADD T2605, T584, T590"/><instruction code="OR T591, T2605, 0"/><instruction code="OR T592, T22, 0"/><instruction code="SETL  T2606, 88"/><instruction code="INCML T2606, 0"/><instruction code="INCMH T2606, 0"/><instruction code="INCH  T2606, 0"/><instruction code="NEG T2606, 0, T2606"/><instruction code="OR T593, T2606, 0"/><instruction code="ADD T2607, T592, T593"/><instruction code="OR T594, T2607, 0"/><instruction code="OR T595, T594, 0"/><instruction code="SETL  T2609, 8"/><instruction code="INCML T2609, 0"/><instruction code="INCMH T2609, 0"/><instruction code="INCH  T2609, 0"/><instruction code="OR T596, T2609, 0"/><instruction code="MUL T2610, T595, T596"/><instruction code="OR T597, T2610, 0"/><instruction code="ADD T2611, T591, T597"/><instruction code="OR T598, T2611, 0"/><instruction code="OR T599, T598, 0"/><instruction code="SETL  T2613, 8"/><instruction code="INCML T2613, 0"/><instruction code="INCMH T2613, 0"/><instruction code="INCH  T2613, 0"/><instruction code="OR T600, T2613, 0"/><instruction code="MUL T2614, T599, T600"/><instruction code="OR T601, T2614, 0"/><instruction code="ADD T2615, T579, T601"/><instruction code="OR T602, T2615, 0"/><instruction code="OR T603, T602, 0"/><instruction code="BNZ T603, L54"/><instruction code="L135"/><instruction code="LDA T2617, L55"/><instruction code="GO T2617, T2617, 0"/><instruction code="L54"/><instruction code="SETL  T2618, 0"/><instruction code="INCML T2618, 0"/><instruction code="INCMH T2618, 0"/><instruction code="INCH  T2618, 0"/><instruction code="OR T604, T2618, 0"/><instruction code="SETL  T2619, 96"/><instruction code="INCML T2619, 0"/><instruction code="INCMH T2619, 0"/><instruction code="INCH  T2619, 0"/><instruction code="NEG T2619, 0, T2619"/><instruction code="ADD T2620, T22, T2619"/><instruction code="STO T2620, T604, 0"/><instruction code="LDA T2622, L56"/><instruction code="GO T2622, T2622, 0"/><instruction code="L55"/><instruction code="SETL  T2623, 1"/><instruction code="INCML T2623, 0"/><instruction code="INCMH T2623, 0"/><instruction code="INCH  T2623, 0"/><instruction code="OR T605, T2623, 0"/><instruction code="SETL  T2624, 80"/><instruction code="INCML T2624, 0"/><instruction code="INCMH T2624, 0"/><instruction code="INCH  T2624, 0"/><instruction code="NEG T2624, 0, T2624"/><instruction code="ADD T2625, T22, T2624"/><instruction code="SETL  T2627, 8"/><instruction code="INCML T2627, 0"/><instruction code="INCMH T2627, 0"/><instruction code="INCH  T2627, 0"/><instruction code="ADD T2628, T22, T2627"/><instruction code="SETL  T2630, 8"/><instruction code="INCML T2630, 0"/><instruction code="INCMH T2630, 0"/><instruction code="INCH  T2630, 0"/><instruction code="ADD T2631, T22, T2630"/><instruction code="SETL  T2633, 72"/><instruction code="INCML T2633, 0"/><instruction code="INCMH T2633, 0"/><instruction code="INCH  T2633, 0"/><instruction code="MUL T2634, T2631, T2633"/><instruction code="ADD T2635, T2628, T2634"/><instruction code="SETL  T2636, 88"/><instruction code="INCML T2636, 0"/><instruction code="INCMH T2636, 0"/><instruction code="INCH  T2636, 0"/><instruction code="NEG T2636, 0, T2636"/><instruction code="ADD T2637, T22, T2636"/><instruction code="SETL  T2639, 8"/><instruction code="INCML T2639, 0"/><instruction code="INCMH T2639, 0"/><instruction code="INCH  T2639, 0"/><instruction code="MUL T2640, T2637, T2639"/><instruction code="ADD T2641, T2635, T2640"/><instruction code="SETL  T2643, 8"/><instruction code="INCML T2643, 0"/><instruction code="INCMH T2643, 0"/><instruction code="INCH  T2643, 0"/><instruction code="MUL T2644, T2641, T2643"/><instruction code="ADD T2645, T2625, T2644"/><instruction code="STO T2645, T605, 0"/><instruction code="L56"/><instruction code="L58"/><instruction code="OR T606, T22, 0"/><instruction code="SETL  T2647, 88"/><instruction code="INCML T2647, 0"/><instruction code="INCMH T2647, 0"/><instruction code="INCH  T2647, 0"/><instruction code="NEG T2647, 0, T2647"/><instruction code="OR T607, T2647, 0"/><instruction code="ADD T2648, T606, T607"/><instruction code="OR T608, T2648, 0"/><instruction code="OR T609, T608, 0"/><instruction code="SETL  T2650, 1"/><instruction code="INCML T2650, 0"/><instruction code="INCMH T2650, 0"/><instruction code="INCH  T2650, 0"/><instruction code="OR T610, T2650, 0"/><instruction code="ADD T2651, T609, T610"/><instruction code="OR T611, T2651, 0"/><instruction code="SETL  T2652, 88"/><instruction code="INCML T2652, 0"/><instruction code="INCMH T2652, 0"/><instruction code="INCH  T2652, 0"/><instruction code="NEG T2652, 0, T2652"/><instruction code="ADD T2653, T22, T2652"/><instruction code="STO T2653, T611, 0"/><instruction code="LDA T2655, L59"/><instruction code="GO T2655, T2655, 0"/><instruction code="L61"/><instruction code="OR T612, T22, 0"/><instruction code="SETL  T2656, 96"/><instruction code="INCML T2656, 0"/><instruction code="INCMH T2656, 0"/><instruction code="INCH  T2656, 0"/><instruction code="NEG T2656, 0, T2656"/><instruction code="OR T613, T2656, 0"/><instruction code="ADD T2657, T612, T613"/><instruction code="OR T614, T2657, 0"/><instruction code="OR T615, T614, 0"/><instruction code="OR T23, T615, 0"/><instruction code="LDA T2659, L137"/><instruction code="GO T2659, T2659, 0"/></instructions></code><code entrylabel="L142" exitlabel="L143" tempsize="0"><frame FP="T24" RV="T25" argssize="0" depth="2" label="L2" locssize="96" size="112"/><instructions><instruction code="L142"/><instruction code="SETL  T2660, 1"/><instruction code="INCML T2660, 0"/><instruction code="INCMH T2660, 0"/><instruction code="INCH  T2660, 0"/><instruction code="OR T616, T2660, 0"/><instruction code="SETL  T2661, 96"/><instruction code="INCML T2661, 0"/><instruction code="INCMH T2661, 0"/><instruction code="INCH  T2661, 0"/><instruction code="NEG T2661, 0, T2661"/><instruction code="ADD T2662, T24, T2661"/><instruction code="STO T2662, T616, 0"/><instruction code="SETL  T2664, 1"/><instruction code="INCML T2664, 0"/><instruction code="INCMH T2664, 0"/><instruction code="INCH  T2664, 0"/><instruction code="OR T617, T2664, 0"/><instruction code="SETL  T2665, 88"/><instruction code="INCML T2665, 0"/><instruction code="INCMH T2665, 0"/><instruction code="INCH  T2665, 0"/><instruction code="NEG T2665, 0, T2665"/><instruction code="ADD T2666, T24, T2665"/><instruction code="STO T2666, T617, 0"/><instruction code="L62"/><instruction code="OR T618, T24, 0"/><instruction code="SETL  T2668, 88"/><instruction code="INCML T2668, 0"/><instruction code="INCMH T2668, 0"/><instruction code="INCH  T2668, 0"/><instruction code="NEG T2668, 0, T2668"/><instruction code="OR T619, T2668, 0"/><instruction code="ADD T2669, T618, T619"/><instruction code="OR T620, T2669, 0"/><instruction code="OR T621, T620, 0"/><instruction code="SETL  T2671, 9"/><instruction code="INCML T2671, 0"/><instruction code="INCMH T2671, 0"/><instruction code="INCH  T2671, 0"/><instruction code="OR T622, T2671, 0"/><instruction code="CMP T2672, T621, T622"/><instruction code="ZSNP T2672, T2672, 1"/><instruction code="OR T623, T2672, 0"/><instruction code="BNZ T623, L63"/><instruction code="L138"/><instruction code="LDA T2673, L64"/><instruction code="GO T2673, T2673, 0"/><instruction code="L63"/><instruction code="SETL  T2674, 0"/><instruction code="INCML T2674, 0"/><instruction code="INCMH T2674, 0"/><instruction code="INCH  T2674, 0"/><instruction code="OR T624, T2674, 0"/><instruction code="SETL  T2675, 80"/><instruction code="INCML T2675, 0"/><instruction code="INCMH T2675, 0"/><instruction code="INCH  T2675, 0"/><instruction code="NEG T2675, 0, T2675"/><instruction code="ADD T2676, T24, T2675"/><instruction code="SETL  T2677, 88"/><instruction code="INCML T2677, 0"/><instruction code="INCMH T2677, 0"/><instruction code="INCH  T2677, 0"/><instruction code="NEG T2677, 0, T2677"/><instruction code="ADD T2678, T24, T2677"/><instruction code="SETL  T2680, 8"/><instruction code="INCML T2680, 0"/><instruction code="INCMH T2680, 0"/><instruction code="INCH  T2680, 0"/><instruction code="MUL T2681, T2678, T2680"/><instruction code="ADD T2682, T2676, T2681"/><instruction code="STO T2682, T624, 0"/><instruction code="OR T625, T24, 0"/><instruction code="SETL  T2684, 88"/><instruction code="INCML T2684, 0"/><instruction code="INCMH T2684, 0"/><instruction code="INCH  T2684, 0"/><instruction code="NEG T2684, 0, T2684"/><instruction code="OR T626, T2684, 0"/><instruction code="ADD T2685, T625, T626"/><instruction code="OR T627, T2685, 0"/><instruction code="OR T628, T627, 0"/><instruction code="SETL  T2687, 1"/><instruction code="INCML T2687, 0"/><instruction code="INCMH T2687, 0"/><instruction code="INCH  T2687, 0"/><instruction code="OR T629, T2687, 0"/><instruction code="ADD T2688, T628, T629"/><instruction code="OR T630, T2688, 0"/><instruction code="SETL  T2689, 88"/><instruction code="INCML T2689, 0"/><instruction code="INCMH T2689, 0"/><instruction code="INCH  T2689, 0"/><instruction code="NEG T2689, 0, T2689"/><instruction code="ADD T2690, T24, T2689"/><instruction code="STO T2690, T630, 0"/><instruction code="LDA T2692, L62"/><instruction code="GO T2692, T2692, 0"/><instruction code="L64"/><instruction code="SETL  T2693, 0"/><instruction code="INCML T2693, 0"/><instruction code="INCMH T2693, 0"/><instruction code="INCH  T2693, 0"/><instruction code="OR T631, T2693, 0"/><instruction code="SETL  T2694, 88"/><instruction code="INCML T2694, 0"/><instruction code="INCMH T2694, 0"/><instruction code="INCH  T2694, 0"/><instruction code="NEG T2694, 0, T2694"/><instruction code="ADD T2695, T24, T2694"/><instruction code="STO T2695, T631, 0"/><instruction code="L70"/><instruction code="OR T632, T24, 0"/><instruction code="SETL  T2697, 88"/><instruction code="INCML T2697, 0"/><instruction code="INCMH T2697, 0"/><instruction code="INCH  T2697, 0"/><instruction code="NEG T2697, 0, T2697"/><instruction code="OR T633, T2697, 0"/><instruction code="ADD T2698, T632, T633"/><instruction code="OR T634, T2698, 0"/><instruction code="OR T635, T634, 0"/><instruction code="SETL  T2700, 9"/><instruction code="INCML T2700, 0"/><instruction code="INCMH T2700, 0"/><instruction code="INCH  T2700, 0"/><instruction code="OR T636, T2700, 0"/><instruction code="CMP T2701, T635, T636"/><instruction code="ZSN T2701, T2701, 1"/><instruction code="OR T637, T2701, 0"/><instruction code="BNZ T637, L71"/><instruction code="L139"/><instruction code="LDA T2702, L72"/><instruction code="GO T2702, T2702, 0"/><instruction code="L71"/><instruction code="OR T638, T24, 0"/><instruction code="OR T639, T638, 0"/><instruction code="SETL  T2704, 8"/><instruction code="INCML T2704, 0"/><instruction code="INCMH T2704, 0"/><instruction code="INCH  T2704, 0"/><instruction code="OR T640, T2704, 0"/><instruction code="ADD T2705, T639, T640"/><instruction code="OR T641, T2705, 0"/><instruction code="OR T642, T641, 0"/><instruction code="OR T643, T24, 0"/><instruction code="SETL  T2707, 88"/><instruction code="INCML T2707, 0"/><instruction code="INCMH T2707, 0"/><instruction code="INCH  T2707, 0"/><instruction code="NEG T2707, 0, T2707"/><instruction code="OR T644, T2707, 0"/><instruction code="ADD T2708, T643, T644"/><instruction code="OR T645, T2708, 0"/><instruction code="OR T646, T645, 0"/><instruction code="SETL  T2710, 72"/><instruction code="INCML T2710, 0"/><instruction code="INCMH T2710, 0"/><instruction code="INCH  T2710, 0"/><instruction code="OR T647, T2710, 0"/><instruction code="MUL T2711, T646, T647"/><instruction code="OR T648, T2711, 0"/><instruction code="ADD T2712, T642, T648"/><instruction code="OR T649, T2712, 0"/><instruction code="OR T650, T24, 0"/><instruction code="SETL  T2713, 8"/><instruction code="INCML T2713, 0"/><instruction code="INCMH T2713, 0"/><instruction code="INCH  T2713, 0"/><instruction code="OR T651, T2713, 0"/><instruction code="ADD T2714, T650, T651"/><instruction code="OR T652, T2714, 0"/><instruction code="OR T653, T652, 0"/><instruction code="SETL  T2716, 8"/><instruction code="INCML T2716, 0"/><instruction code="INCMH T2716, 0"/><instruction code="INCH  T2716, 0"/><instruction code="OR T654, T2716, 0"/><instruction code="MUL T2717, T653, T654"/><instruction code="OR T655, T2717, 0"/><instruction code="ADD T2718, T649, T655"/><instruction code="OR T656, T2718, 0"/><instruction code="OR T657, T656, 0"/><instruction code="SETL  T2720, 0"/><instruction code="INCML T2720, 0"/><instruction code="INCMH T2720, 0"/><instruction code="INCH  T2720, 0"/><instruction code="OR T658, T2720, 0"/><instruction code="CMP T2721, T657, T658"/><instruction code="ZSNZ T2721, T2721, 1"/><instruction code="OR T659, T2721, 0"/><instruction code="BNZ T659, L68"/><instruction code="L140"/><instruction code="LDA T2722, L69"/><instruction code="GO T2722, T2722, 0"/><instruction code="L68"/><instruction code="OR T660, T24, 0"/><instruction code="SETL  T2723, 80"/><instruction code="INCML T2723, 0"/><instruction code="INCMH T2723, 0"/><instruction code="INCH  T2723, 0"/><instruction code="NEG T2723, 0, T2723"/><instruction code="OR T661, T2723, 0"/><instruction code="ADD T2724, T660, T661"/><instruction code="OR T662, T2724, 0"/><instruction code="OR T663, T24, 0"/><instruction code="OR T664, T663, 0"/><instruction code="SETL  T2726, 8"/><instruction code="INCML T2726, 0"/><instruction code="INCMH T2726, 0"/><instruction code="INCH  T2726, 0"/><instruction code="OR T665, T2726, 0"/><instruction code="ADD T2727, T664, T665"/><instruction code="OR T666, T2727, 0"/><instruction code="OR T667, T666, 0"/><instruction code="OR T668, T24, 0"/><instruction code="SETL  T2729, 88"/><instruction code="INCML T2729, 0"/><instruction code="INCMH T2729, 0"/><instruction code="INCH  T2729, 0"/><instruction code="NEG T2729, 0, T2729"/><instruction code="OR T669, T2729, 0"/><instruction code="ADD T2730, T668, T669"/><instruction code="OR T670, T2730, 0"/><instruction code="OR T671, T670, 0"/><instruction code="SETL  T2732, 72"/><instruction code="INCML T2732, 0"/><instruction code="INCMH T2732, 0"/><instruction code="INCH  T2732, 0"/><instruction code="OR T672, T2732, 0"/><instruction code="MUL T2733, T671, T672"/><instruction code="OR T673, T2733, 0"/><instruction code="ADD T2734, T667, T673"/><instruction code="OR T674, T2734, 0"/><instruction code="OR T675, T24, 0"/><instruction code="SETL  T2735, 8"/><instruction code="INCML T2735, 0"/><instruction code="INCMH T2735, 0"/><instruction code="INCH  T2735, 0"/><instruction code="OR T676, T2735, 0"/><instruction code="ADD T2736, T675, T676"/><instruction code="OR T677, T2736, 0"/><instruction code="OR T678, T677, 0"/><instruction code="SETL  T2738, 8"/><instruction code="INCML T2738, 0"/><instruction code="INCMH T2738, 0"/><instruction code="INCH  T2738, 0"/><instruction code="OR T679, T2738, 0"/><instruction code="MUL T2739, T678, T679"/><instruction code="OR T680, T2739, 0"/><instruction code="ADD T2740, T674, T680"/><instruction code="OR T681, T2740, 0"/><instruction code="OR T682, T681, 0"/><instruction code="SETL  T2742, 8"/><instruction code="INCML T2742, 0"/><instruction code="INCMH T2742, 0"/><instruction code="INCH  T2742, 0"/><instruction code="OR T683, T2742, 0"/><instruction code="MUL T2743, T682, T683"/><instruction code="OR T684, T2743, 0"/><instruction code="ADD T2744, T662, T684"/><instruction code="OR T685, T2744, 0"/><instruction code="OR T686, T685, 0"/><instruction code="BNZ T686, L65"/><instruction code="L141"/><instruction code="LDA T2746, L66"/><instruction code="GO T2746, T2746, 0"/><instruction code="L65"/><instruction code="SETL  T2747, 0"/><instruction code="INCML T2747, 0"/><instruction code="INCMH T2747, 0"/><instruction code="INCH  T2747, 0"/><instruction code="OR T687, T2747, 0"/><instruction code="SETL  T2748, 96"/><instruction code="INCML T2748, 0"/><instruction code="INCMH T2748, 0"/><instruction code="INCH  T2748, 0"/><instruction code="NEG T2748, 0, T2748"/><instruction code="ADD T2749, T24, T2748"/><instruction code="STO T2749, T687, 0"/><instruction code="LDA T2751, L67"/><instruction code="GO T2751, T2751, 0"/><instruction code="L66"/><instruction code="SETL  T2752, 1"/><instruction code="INCML T2752, 0"/><instruction code="INCMH T2752, 0"/><instruction code="INCH  T2752, 0"/><instruction code="OR T688, T2752, 0"/><instruction code="SETL  T2753, 80"/><instruction code="INCML T2753, 0"/><instruction code="INCMH T2753, 0"/><instruction code="INCH  T2753, 0"/><instruction code="NEG T2753, 0, T2753"/><instruction code="ADD T2754, T24, T2753"/><instruction code="SETL  T2756, 8"/><instruction code="INCML T2756, 0"/><instruction code="INCMH T2756, 0"/><instruction code="INCH  T2756, 0"/><instruction code="ADD T2757, T24, T2756"/><instruction code="SETL  T2759, 88"/><instruction code="INCML T2759, 0"/><instruction code="INCMH T2759, 0"/><instruction code="INCH  T2759, 0"/><instruction code="NEG T2759, 0, T2759"/><instruction code="ADD T2760, T24, T2759"/><instruction code="SETL  T2762, 72"/><instruction code="INCML T2762, 0"/><instruction code="INCMH T2762, 0"/><instruction code="INCH  T2762, 0"/><instruction code="MUL T2763, T2760, T2762"/><instruction code="ADD T2764, T2757, T2763"/><instruction code="SETL  T2765, 8"/><instruction code="INCML T2765, 0"/><instruction code="INCMH T2765, 0"/><instruction code="INCH  T2765, 0"/><instruction code="ADD T2766, T24, T2765"/><instruction code="SETL  T2768, 8"/><instruction code="INCML T2768, 0"/><instruction code="INCMH T2768, 0"/><instruction code="INCH  T2768, 0"/><instruction code="MUL T2769, T2766, T2768"/><instruction code="ADD T2770, T2764, T2769"/><instruction code="SETL  T2772, 8"/><instruction code="INCML T2772, 0"/><instruction code="INCMH T2772, 0"/><instruction code="INCH  T2772, 0"/><instruction code="MUL T2773, T2770, T2772"/><instruction code="ADD T2774, T2754, T2773"/><instruction code="STO T2774, T688, 0"/><instruction code="L67"/><instruction code="L69"/><instruction code="OR T689, T24, 0"/><instruction code="SETL  T2776, 88"/><instruction code="INCML T2776, 0"/><instruction code="INCMH T2776, 0"/><instruction code="INCH  T2776, 0"/><instruction code="NEG T2776, 0, T2776"/><instruction code="OR T690, T2776, 0"/><instruction code="ADD T2777, T689, T690"/><instruction code="OR T691, T2777, 0"/><instruction code="OR T692, T691, 0"/><instruction code="SETL  T2779, 1"/><instruction code="INCML T2779, 0"/><instruction code="INCMH T2779, 0"/><instruction code="INCH  T2779, 0"/><instruction code="OR T693, T2779, 0"/><instruction code="ADD T2780, T692, T693"/><instruction code="OR T694, T2780, 0"/><instruction code="SETL  T2781, 88"/><instruction code="INCML T2781, 0"/><instruction code="INCMH T2781, 0"/><instruction code="INCH  T2781, 0"/><instruction code="NEG T2781, 0, T2781"/><instruction code="ADD T2782, T24, T2781"/><instruction code="STO T2782, T694, 0"/><instruction code="LDA T2784, L70"/><instruction code="GO T2784, T2784, 0"/><instruction code="L72"/><instruction code="OR T695, T24, 0"/><instruction code="SETL  T2785, 96"/><instruction code="INCML T2785, 0"/><instruction code="INCMH T2785, 0"/><instruction code="INCH  T2785, 0"/><instruction code="NEG T2785, 0, T2785"/><instruction code="OR T696, T2785, 0"/><instruction code="ADD T2786, T695, T696"/><instruction code="OR T697, T2786, 0"/><instruction code="OR T698, T697, 0"/><instruction code="OR T25, T698, 0"/><instruction code="LDA T2788, L143"/><instruction code="GO T2788, T2788, 0"/></instructions></code><code entrylabel="L149" exitlabel="L150" tempsize="0"><frame FP="T26" RV="T27" argssize="0" depth="2" label="L3" locssize="112" size="128"/><instructions><instruction code="L149"/><instruction code="SETL  T2789, 1"/><instruction code="INCML T2789, 0"/><instruction code="INCMH T2789, 0"/><instruction code="INCH  T2789, 0"/><instruction code="OR T699, T2789, 0"/><instruction code="SETL  T2790, 112"/><instruction code="INCML T2790, 0"/><instruction code="INCMH T2790, 0"/><instruction code="INCH  T2790, 0"/><instruction code="NEG T2790, 0, T2790"/><instruction code="ADD T2791, T26, T2790"/><instruction code="STO T2791, T699, 0"/><instruction code="SETL  T2793, 1"/><instruction code="INCML T2793, 0"/><instruction code="INCMH T2793, 0"/><instruction code="INCH  T2793, 0"/><instruction code="OR T700, T2793, 0"/><instruction code="SETL  T2794, 104"/><instruction code="INCML T2794, 0"/><instruction code="INCMH T2794, 0"/><instruction code="INCH  T2794, 0"/><instruction code="NEG T2794, 0, T2794"/><instruction code="ADD T2795, T26, T2794"/><instruction code="STO T2795, T700, 0"/><instruction code="L73"/><instruction code="OR T701, T26, 0"/><instruction code="SETL  T2797, 104"/><instruction code="INCML T2797, 0"/><instruction code="INCMH T2797, 0"/><instruction code="INCH  T2797, 0"/><instruction code="NEG T2797, 0, T2797"/><instruction code="OR T702, T2797, 0"/><instruction code="ADD T2798, T701, T702"/><instruction code="OR T703, T2798, 0"/><instruction code="OR T704, T703, 0"/><instruction code="SETL  T2800, 9"/><instruction code="INCML T2800, 0"/><instruction code="INCMH T2800, 0"/><instruction code="INCH  T2800, 0"/><instruction code="OR T705, T2800, 0"/><instruction code="CMP T2801, T704, T705"/><instruction code="ZSNP T2801, T2801, 1"/><instruction code="OR T706, T2801, 0"/><instruction code="BNZ T706, L74"/><instruction code="L144"/><instruction code="LDA T2802, L75"/><instruction code="GO T2802, T2802, 0"/><instruction code="L74"/><instruction code="SETL  T2803, 0"/><instruction code="INCML T2803, 0"/><instruction code="INCMH T2803, 0"/><instruction code="INCH  T2803, 0"/><instruction code="OR T707, T2803, 0"/><instruction code="SETL  T2804, 80"/><instruction code="INCML T2804, 0"/><instruction code="INCMH T2804, 0"/><instruction code="INCH  T2804, 0"/><instruction code="NEG T2804, 0, T2804"/><instruction code="ADD T2805, T26, T2804"/><instruction code="SETL  T2806, 104"/><instruction code="INCML T2806, 0"/><instruction code="INCMH T2806, 0"/><instruction code="INCH  T2806, 0"/><instruction code="NEG T2806, 0, T2806"/><instruction code="ADD T2807, T26, T2806"/><instruction code="SETL  T2809, 8"/><instruction code="INCML T2809, 0"/><instruction code="INCMH T2809, 0"/><instruction code="INCH  T2809, 0"/><instruction code="MUL T2810, T2807, T2809"/><instruction code="ADD T2811, T2805, T2810"/><instruction code="STO T2811, T707, 0"/><instruction code="OR T708, T26, 0"/><instruction code="SETL  T2813, 104"/><instruction code="INCML T2813, 0"/><instruction code="INCMH T2813, 0"/><instruction code="INCH  T2813, 0"/><instruction code="NEG T2813, 0, T2813"/><instruction code="OR T709, T2813, 0"/><instruction code="ADD T2814, T708, T709"/><instruction code="OR T710, T2814, 0"/><instruction code="OR T711, T710, 0"/><instruction code="SETL  T2816, 1"/><instruction code="INCML T2816, 0"/><instruction code="INCMH T2816, 0"/><instruction code="INCH  T2816, 0"/><instruction code="OR T712, T2816, 0"/><instruction code="ADD T2817, T711, T712"/><instruction code="OR T713, T2817, 0"/><instruction code="SETL  T2818, 104"/><instruction code="INCML T2818, 0"/><instruction code="INCMH T2818, 0"/><instruction code="INCH  T2818, 0"/><instruction code="NEG T2818, 0, T2818"/><instruction code="ADD T2819, T26, T2818"/><instruction code="STO T2819, T713, 0"/><instruction code="LDA T2821, L73"/><instruction code="GO T2821, T2821, 0"/><instruction code="L75"/><instruction code="SETL  T2822, 0"/><instruction code="INCML T2822, 0"/><instruction code="INCMH T2822, 0"/><instruction code="INCH  T2822, 0"/><instruction code="OR T714, T2822, 0"/><instruction code="SETL  T2823, 96"/><instruction code="INCML T2823, 0"/><instruction code="INCMH T2823, 0"/><instruction code="INCH  T2823, 0"/><instruction code="NEG T2823, 0, T2823"/><instruction code="ADD T2824, T26, T2823"/><instruction code="STO T2824, T714, 0"/><instruction code="L84"/><instruction code="OR T715, T26, 0"/><instruction code="SETL  T2826, 96"/><instruction code="INCML T2826, 0"/><instruction code="INCMH T2826, 0"/><instruction code="INCH  T2826, 0"/><instruction code="NEG T2826, 0, T2826"/><instruction code="OR T716, T2826, 0"/><instruction code="ADD T2827, T715, T716"/><instruction code="OR T717, T2827, 0"/><instruction code="OR T718, T717, 0"/><instruction code="SETL  T2829, 3"/><instruction code="INCML T2829, 0"/><instruction code="INCMH T2829, 0"/><instruction code="INCH  T2829, 0"/><instruction code="OR T719, T2829, 0"/><instruction code="CMP T2830, T718, T719"/><instruction code="ZSN T2830, T2830, 1"/><instruction code="OR T720, T2830, 0"/><instruction code="BNZ T720, L85"/><instruction code="L145"/><instruction code="LDA T2831, L86"/><instruction code="GO T2831, T2831, 0"/><instruction code="L85"/><instruction code="SETL  T2832, 0"/><instruction code="INCML T2832, 0"/><instruction code="INCMH T2832, 0"/><instruction code="INCH  T2832, 0"/><instruction code="OR T721, T2832, 0"/><instruction code="SETL  T2833, 88"/><instruction code="INCML T2833, 0"/><instruction code="INCMH T2833, 0"/><instruction code="INCH  T2833, 0"/><instruction code="NEG T2833, 0, T2833"/><instruction code="ADD T2834, T26, T2833"/><instruction code="STO T2834, T721, 0"/><instruction code="L81"/><instruction code="OR T722, T26, 0"/><instruction code="SETL  T2836, 88"/><instruction code="INCML T2836, 0"/><instruction code="INCMH T2836, 0"/><instruction code="INCH  T2836, 0"/><instruction code="NEG T2836, 0, T2836"/><instruction code="OR T723, T2836, 0"/><instruction code="ADD T2837, T722, T723"/><instruction code="OR T724, T2837, 0"/><instruction code="OR T725, T724, 0"/><instruction code="SETL  T2839, 3"/><instruction code="INCML T2839, 0"/><instruction code="INCMH T2839, 0"/><instruction code="INCH  T2839, 0"/><instruction code="OR T726, T2839, 0"/><instruction code="CMP T2840, T725, T726"/><instruction code="ZSN T2840, T2840, 1"/><instruction code="OR T727, T2840, 0"/><instruction code="BNZ T727, L82"/><instruction code="L146"/><instruction code="LDA T2841, L83"/><instruction code="GO T2841, T2841, 0"/><instruction code="L82"/><instruction code="OR T728, T26, 0"/><instruction code="OR T729, T728, 0"/><instruction code="SETL  T2843, 8"/><instruction code="INCML T2843, 0"/><instruction code="INCMH T2843, 0"/><instruction code="INCH  T2843, 0"/><instruction code="OR T730, T2843, 0"/><instruction code="ADD T2844, T729, T730"/><instruction code="OR T731, T2844, 0"/><instruction code="OR T732, T731, 0"/><instruction code="OR T733, T26, 0"/><instruction code="SETL  T2846, 16"/><instruction code="INCML T2846, 0"/><instruction code="INCMH T2846, 0"/><instruction code="INCH  T2846, 0"/><instruction code="OR T734, T2846, 0"/><instruction code="ADD T2847, T733, T734"/><instruction code="OR T735, T2847, 0"/><instruction code="OR T736, T735, 0"/><instruction code="SETL  T2849, 3"/><instruction code="INCML T2849, 0"/><instruction code="INCMH T2849, 0"/><instruction code="INCH  T2849, 0"/><instruction code="OR T737, T2849, 0"/><instruction code="MUL T2850, T736, T737"/><instruction code="OR T738, T2850, 0"/><instruction code="OR T739, T26, 0"/><instruction code="SETL  T2851, 96"/><instruction code="INCML T2851, 0"/><instruction code="INCMH T2851, 0"/><instruction code="INCH  T2851, 0"/><instruction code="NEG T2851, 0, T2851"/><instruction code="OR T740, T2851, 0"/><instruction code="ADD T2852, T739, T740"/><instruction code="OR T741, T2852, 0"/><instruction code="OR T742, T741, 0"/><instruction code="ADD T2854, T738, T742"/><instruction code="OR T743, T2854, 0"/><instruction code="SETL  T2855, 72"/><instruction code="INCML T2855, 0"/><instruction code="INCMH T2855, 0"/><instruction code="INCH  T2855, 0"/><instruction code="OR T744, T2855, 0"/><instruction code="MUL T2856, T743, T744"/><instruction code="OR T745, T2856, 0"/><instruction code="ADD T2857, T732, T745"/><instruction code="OR T746, T2857, 0"/><instruction code="OR T747, T26, 0"/><instruction code="SETL  T2858, 8"/><instruction code="INCML T2858, 0"/><instruction code="INCMH T2858, 0"/><instruction code="INCH  T2858, 0"/><instruction code="OR T748, T2858, 0"/><instruction code="ADD T2859, T747, T748"/><instruction code="OR T749, T2859, 0"/><instruction code="OR T750, T749, 0"/><instruction code="SETL  T2861, 3"/><instruction code="INCML T2861, 0"/><instruction code="INCMH T2861, 0"/><instruction code="INCH  T2861, 0"/><instruction code="OR T751, T2861, 0"/><instruction code="MUL T2862, T750, T751"/><instruction code="OR T752, T2862, 0"/><instruction code="OR T753, T26, 0"/><instruction code="SETL  T2863, 88"/><instruction code="INCML T2863, 0"/><instruction code="INCMH T2863, 0"/><instruction code="INCH  T2863, 0"/><instruction code="NEG T2863, 0, T2863"/><instruction code="OR T754, T2863, 0"/><instruction code="ADD T2864, T753, T754"/><instruction code="OR T755, T2864, 0"/><instruction code="OR T756, T755, 0"/><instruction code="ADD T2866, T752, T756"/><instruction code="OR T757, T2866, 0"/><instruction code="SETL  T2867, 8"/><instruction code="INCML T2867, 0"/><instruction code="INCMH T2867, 0"/><instruction code="INCH  T2867, 0"/><instruction code="OR T758, T2867, 0"/><instruction code="MUL T2868, T757, T758"/><instruction code="OR T759, T2868, 0"/><instruction code="ADD T2869, T746, T759"/><instruction code="OR T760, T2869, 0"/><instruction code="OR T761, T760, 0"/><instruction code="SETL  T2871, 0"/><instruction code="INCML T2871, 0"/><instruction code="INCMH T2871, 0"/><instruction code="INCH  T2871, 0"/><instruction code="OR T762, T2871, 0"/><instruction code="CMP T2872, T761, T762"/><instruction code="ZSNZ T2872, T2872, 1"/><instruction code="OR T763, T2872, 0"/><instruction code="BNZ T763, L79"/><instruction code="L147"/><instruction code="LDA T2873, L80"/><instruction code="GO T2873, T2873, 0"/><instruction code="L79"/><instruction code="OR T764, T26, 0"/><instruction code="SETL  T2874, 80"/><instruction code="INCML T2874, 0"/><instruction code="INCMH T2874, 0"/><instruction code="INCH  T2874, 0"/><instruction code="NEG T2874, 0, T2874"/><instruction code="OR T765, T2874, 0"/><instruction code="ADD T2875, T764, T765"/><instruction code="OR T766, T2875, 0"/><instruction code="OR T767, T26, 0"/><instruction code="OR T768, T767, 0"/><instruction code="SETL  T2877, 8"/><instruction code="INCML T2877, 0"/><instruction code="INCMH T2877, 0"/><instruction code="INCH  T2877, 0"/><instruction code="OR T769, T2877, 0"/><instruction code="ADD T2878, T768, T769"/><instruction code="OR T770, T2878, 0"/><instruction code="OR T771, T770, 0"/><instruction code="OR T772, T26, 0"/><instruction code="SETL  T2880, 16"/><instruction code="INCML T2880, 0"/><instruction code="INCMH T2880, 0"/><instruction code="INCH  T2880, 0"/><instruction code="OR T773, T2880, 0"/><instruction code="ADD T2881, T772, T773"/><instruction code="OR T774, T2881, 0"/><instruction code="OR T775, T774, 0"/><instruction code="SETL  T2883, 3"/><instruction code="INCML T2883, 0"/><instruction code="INCMH T2883, 0"/><instruction code="INCH  T2883, 0"/><instruction code="OR T776, T2883, 0"/><instruction code="MUL T2884, T775, T776"/><instruction code="OR T777, T2884, 0"/><instruction code="OR T778, T26, 0"/><instruction code="SETL  T2885, 96"/><instruction code="INCML T2885, 0"/><instruction code="INCMH T2885, 0"/><instruction code="INCH  T2885, 0"/><instruction code="NEG T2885, 0, T2885"/><instruction code="OR T779, T2885, 0"/><instruction code="ADD T2886, T778, T779"/><instruction code="OR T780, T2886, 0"/><instruction code="OR T781, T780, 0"/><instruction code="ADD T2888, T777, T781"/><instruction code="OR T782, T2888, 0"/><instruction code="SETL  T2889, 72"/><instruction code="INCML T2889, 0"/><instruction code="INCMH T2889, 0"/><instruction code="INCH  T2889, 0"/><instruction code="OR T783, T2889, 0"/><instruction code="MUL T2890, T782, T783"/><instruction code="OR T784, T2890, 0"/><instruction code="ADD T2891, T771, T784"/><instruction code="OR T785, T2891, 0"/><instruction code="OR T786, T26, 0"/><instruction code="SETL  T2892, 8"/><instruction code="INCML T2892, 0"/><instruction code="INCMH T2892, 0"/><instruction code="INCH  T2892, 0"/><instruction code="OR T787, T2892, 0"/><instruction code="ADD T2893, T786, T787"/><instruction code="OR T788, T2893, 0"/><instruction code="OR T789, T788, 0"/><instruction code="SETL  T2895, 3"/><instruction code="INCML T2895, 0"/><instruction code="INCMH T2895, 0"/><instruction code="INCH  T2895, 0"/><instruction code="OR T790, T2895, 0"/><instruction code="MUL T2896, T789, T790"/><instruction code="OR T791, T2896, 0"/><instruction code="OR T792, T26, 0"/><instruction code="SETL  T2897, 88"/><instruction code="INCML T2897, 0"/><instruction code="INCMH T2897, 0"/><instruction code="INCH  T2897, 0"/><instruction code="NEG T2897, 0, T2897"/><instruction code="OR T793, T2897, 0"/><instruction code="ADD T2898, T792, T793"/><instruction code="OR T794, T2898, 0"/><instruction code="OR T795, T794, 0"/><instruction code="ADD T2900, T791, T795"/><instruction code="OR T796, T2900, 0"/><instruction code="SETL  T2901, 8"/><instruction code="INCML T2901, 0"/><instruction code="INCMH T2901, 0"/><instruction code="INCH  T2901, 0"/><instruction code="OR T797, T2901, 0"/><instruction code="MUL T2902, T796, T797"/><instruction code="OR T798, T2902, 0"/><instruction code="ADD T2903, T785, T798"/><instruction code="OR T799, T2903, 0"/><instruction code="OR T800, T799, 0"/><instruction code="SETL  T2905, 8"/><instruction code="INCML T2905, 0"/><instruction code="INCMH T2905, 0"/><instruction code="INCH  T2905, 0"/><instruction code="OR T801, T2905, 0"/><instruction code="MUL T2906, T800, T801"/><instruction code="OR T802, T2906, 0"/><instruction code="ADD T2907, T766, T802"/><instruction code="OR T803, T2907, 0"/><instruction code="OR T804, T803, 0"/><instruction code="BNZ T804, L76"/><instruction code="L148"/><instruction code="LDA T2909, L77"/><instruction code="GO T2909, T2909, 0"/><instruction code="L76"/><instruction code="SETL  T2910, 0"/><instruction code="INCML T2910, 0"/><instruction code="INCMH T2910, 0"/><instruction code="INCH  T2910, 0"/><instruction code="OR T805, T2910, 0"/><instruction code="SETL  T2911, 112"/><instruction code="INCML T2911, 0"/><instruction code="INCMH T2911, 0"/><instruction code="INCH  T2911, 0"/><instruction code="NEG T2911, 0, T2911"/><instruction code="ADD T2912, T26, T2911"/><instruction code="STO T2912, T805, 0"/><instruction code="LDA T2914, L78"/><instruction code="GO T2914, T2914, 0"/><instruction code="L77"/><instruction code="SETL  T2915, 1"/><instruction code="INCML T2915, 0"/><instruction code="INCMH T2915, 0"/><instruction code="INCH  T2915, 0"/><instruction code="OR T806, T2915, 0"/><instruction code="SETL  T2916, 80"/><instruction code="INCML T2916, 0"/><instruction code="INCMH T2916, 0"/><instruction code="INCH  T2916, 0"/><instruction code="NEG T2916, 0, T2916"/><instruction code="ADD T2917, T26, T2916"/><instruction code="SETL  T2919, 8"/><instruction code="INCML T2919, 0"/><instruction code="INCMH T2919, 0"/><instruction code="INCH  T2919, 0"/><instruction code="ADD T2920, T26, T2919"/><instruction code="SETL  T2922, 16"/><instruction code="INCML T2922, 0"/><instruction code="INCMH T2922, 0"/><instruction code="INCH  T2922, 0"/><instruction code="ADD T2923, T26, T2922"/><instruction code="SETL  T2925, 3"/><instruction code="INCML T2925, 0"/><instruction code="INCMH T2925, 0"/><instruction code="INCH  T2925, 0"/><instruction code="MUL T2926, T2923, T2925"/><instruction code="SETL  T2927, 96"/><instruction code="INCML T2927, 0"/><instruction code="INCMH T2927, 0"/><instruction code="INCH  T2927, 0"/><instruction code="NEG T2927, 0, T2927"/><instruction code="ADD T2928, T26, T2927"/><instruction code="ADD T2930, T2926, T2928"/><instruction code="SETL  T2931, 72"/><instruction code="INCML T2931, 0"/><instruction code="INCMH T2931, 0"/><instruction code="INCH  T2931, 0"/><instruction code="MUL T2932, T2930, T2931"/><instruction code="ADD T2933, T2920, T2932"/><instruction code="SETL  T2934, 8"/><instruction code="INCML T2934, 0"/><instruction code="INCMH T2934, 0"/><instruction code="INCH  T2934, 0"/><instruction code="ADD T2935, T26, T2934"/><instruction code="SETL  T2937, 3"/><instruction code="INCML T2937, 0"/><instruction code="INCMH T2937, 0"/><instruction code="INCH  T2937, 0"/><instruction code="MUL T2938, T2935, T2937"/><instruction code="SETL  T2939, 88"/><instruction code="INCML T2939, 0"/><instruction code="INCMH T2939, 0"/><instruction code="INCH  T2939, 0"/><instruction code="NEG T2939, 0, T2939"/><instruction code="ADD T2940, T26, T2939"/><instruction code="ADD T2942, T2938, T2940"/><instruction code="SETL  T2943, 8"/><instruction code="INCML T2943, 0"/><instruction code="INCMH T2943, 0"/><instruction code="INCH  T2943, 0"/><instruction code="MUL T2944, T2942, T2943"/><instruction code="ADD T2945, T2933, T2944"/><instruction code="SETL  T2947, 8"/><instruction code="INCML T2947, 0"/><instruction code="INCMH T2947, 0"/><instruction code="INCH  T2947, 0"/><instruction code="MUL T2948, T2945, T2947"/><instruction code="ADD T2949, T2917, T2948"/><instruction code="STO T2949, T806, 0"/><instruction code="L78"/><instruction code="L80"/><instruction code="OR T807, T26, 0"/><instruction code="SETL  T2951, 88"/><instruction code="INCML T2951, 0"/><instruction code="INCMH T2951, 0"/><instruction code="INCH  T2951, 0"/><instruction code="NEG T2951, 0, T2951"/><instruction code="OR T808, T2951, 0"/><instruction code="ADD T2952, T807, T808"/><instruction code="OR T809, T2952, 0"/><instruction code="OR T810, T809, 0"/><instruction code="SETL  T2954, 1"/><instruction code="INCML T2954, 0"/><instruction code="INCMH T2954, 0"/><instruction code="INCH  T2954, 0"/><instruction code="OR T811, T2954, 0"/><instruction code="ADD T2955, T810, T811"/><instruction code="OR T812, T2955, 0"/><instruction code="SETL  T2956, 88"/><instruction code="INCML T2956, 0"/><instruction code="INCMH T2956, 0"/><instruction code="INCH  T2956, 0"/><instruction code="NEG T2956, 0, T2956"/><instruction code="ADD T2957, T26, T2956"/><instruction code="STO T2957, T812, 0"/><instruction code="LDA T2959, L81"/><instruction code="GO T2959, T2959, 0"/><instruction code="L83"/><instruction code="OR T813, T26, 0"/><instruction code="SETL  T2960, 96"/><instruction code="INCML T2960, 0"/><instruction code="INCMH T2960, 0"/><instruction code="INCH  T2960, 0"/><instruction code="NEG T2960, 0, T2960"/><instruction code="OR T814, T2960, 0"/><instruction code="ADD T2961, T813, T814"/><instruction code="OR T815, T2961, 0"/><instruction code="OR T816, T815, 0"/><instruction code="SETL  T2963, 1"/><instruction code="INCML T2963, 0"/><instruction code="INCMH T2963, 0"/><instruction code="INCH  T2963, 0"/><instruction code="OR T817, T2963, 0"/><instruction code="ADD T2964, T816, T817"/><instruction code="OR T818, T2964, 0"/><instruction code="SETL  T2965, 96"/><instruction code="INCML T2965, 0"/><instruction code="INCMH T2965, 0"/><instruction code="INCH  T2965, 0"/><instruction code="NEG T2965, 0, T2965"/><instruction code="ADD T2966, T26, T2965"/><instruction code="STO T2966, T818, 0"/><instruction code="LDA T2968, L84"/><instruction code="GO T2968, T2968, 0"/><instruction code="L86"/><instruction code="OR T819, T26, 0"/><instruction code="SETL  T2969, 112"/><instruction code="INCML T2969, 0"/><instruction code="INCMH T2969, 0"/><instruction code="INCH  T2969, 0"/><instruction code="NEG T2969, 0, T2969"/><instruction code="OR T820, T2969, 0"/><instruction code="ADD T2970, T819, T820"/><instruction code="OR T821, T2970, 0"/><instruction code="OR T822, T821, 0"/><instruction code="OR T27, T822, 0"/><instruction code="LDA T2972, L150"/><instruction code="GO T2972, T2972, 0"/></instructions></code><code entrylabel="L158" exitlabel="L159" tempsize="0"><frame FP="T28" RV="T29" argssize="24" depth="2" label="L4" locssize="32" size="72"/><instructions><instruction code="L158"/><instruction code="OR T823, T28, 0"/><instruction code="SETL  T2973, 8"/><instruction code="INCML T2973, 0"/><instruction code="INCMH T2973, 0"/><instruction code="INCH  T2973, 0"/><instruction code="OR T824, T2973, 0"/><instruction code="ADD T2974, T823, T824"/><instruction code="OR T825, T2974, 0"/><instruction code="OR T826, T825, 0"/><instruction code="OR T827, T28, 0"/><instruction code="SETL  T2976, 16"/><instruction code="INCML T2976, 0"/><instruction code="INCMH T2976, 0"/><instruction code="INCH  T2976, 0"/><instruction code="OR T828, T2976, 0"/><instruction code="ADD T2977, T827, T828"/><instruction code="OR T829, T2977, 0"/><instruction code="OR T830, T829, 0"/><instruction code="CMP T2979, T826, T830"/><instruction code="ZSZ T2979, T2979, 1"/><instruction code="OR T831, T2979, 0"/><instruction code="BNZ T831, L103"/><instruction code="L151"/><instruction code="LDA T2980, L104"/><instruction code="GO T2980, T2980, 0"/><instruction code="L103"/><instruction code="SETL  T2981, 1"/><instruction code="INCML T2981, 0"/><instruction code="INCMH T2981, 0"/><instruction code="INCH  T2981, 0"/><instruction code="OR T832, T2981, 0"/><instruction code="BNZ T832, L93"/><instruction code="L152"/><instruction code="LDA T2982, L94"/><instruction code="GO T2982, T2982, 0"/><instruction code="L93"/><instruction code="SETL  T2983, 0"/><instruction code="INCML T2983, 0"/><instruction code="INCMH T2983, 0"/><instruction code="INCH  T2983, 0"/><instruction code="OR T833, T2983, 0"/><instruction code="SETL  T2984, 16"/><instruction code="INCML T2984, 0"/><instruction code="INCMH T2984, 0"/><instruction code="INCH  T2984, 0"/><instruction code="NEG T2984, 0, T2984"/><instruction code="ADD T2985, T28, T2984"/><instruction code="STO T2985, T833, 0"/><instruction code="L90"/><instruction code="OR T834, T28, 0"/><instruction code="SETL  T2987, 16"/><instruction code="INCML T2987, 0"/><instruction code="INCMH T2987, 0"/><instruction code="INCH  T2987, 0"/><instruction code="NEG T2987, 0, T2987"/><instruction code="OR T835, T2987, 0"/><instruction code="ADD T2988, T834, T835"/><instruction code="OR T836, T2988, 0"/><instruction code="OR T837, T836, 0"/><instruction code="SETL  T2990, 9"/><instruction code="INCML T2990, 0"/><instruction code="INCMH T2990, 0"/><instruction code="INCH  T2990, 0"/><instruction code="OR T838, T2990, 0"/><instruction code="CMP T2991, T837, T838"/><instruction code="ZSN T2991, T2991, 1"/><instruction code="OR T839, T2991, 0"/><instruction code="BNZ T839, L91"/><instruction code="L153"/><instruction code="LDA T2992, L92"/><instruction code="GO T2992, T2992, 0"/><instruction code="L91"/><instruction code="SETL  T2993, 0"/><instruction code="INCML T2993, 0"/><instruction code="INCMH T2993, 0"/><instruction code="INCH  T2993, 0"/><instruction code="OR T840, T2993, 0"/><instruction code="SETL  T2994, 24"/><instruction code="INCML T2994, 0"/><instruction code="INCMH T2994, 0"/><instruction code="INCH  T2994, 0"/><instruction code="NEG T2994, 0, T2994"/><instruction code="ADD T2995, T28, T2994"/><instruction code="STO T2995, T840, 0"/><instruction code="L87"/><instruction code="OR T841, T28, 0"/><instruction code="SETL  T2997, 24"/><instruction code="INCML T2997, 0"/><instruction code="INCMH T2997, 0"/><instruction code="INCH  T2997, 0"/><instruction code="NEG T2997, 0, T2997"/><instruction code="OR T842, T2997, 0"/><instruction code="ADD T2998, T841, T842"/><instruction code="OR T843, T2998, 0"/><instruction code="OR T844, T843, 0"/><instruction code="SETL  T3000, 9"/><instruction code="INCML T3000, 0"/><instruction code="INCMH T3000, 0"/><instruction code="INCH  T3000, 0"/><instruction code="OR T845, T3000, 0"/><instruction code="CMP T3001, T844, T845"/><instruction code="ZSN T3001, T3001, 1"/><instruction code="OR T846, T3001, 0"/><instruction code="BNZ T846, L88"/><instruction code="L154"/><instruction code="LDA T3002, L89"/><instruction code="GO T3002, T3002, 0"/><instruction code="L88"/><instruction code="SETL  T3003, 0"/><instruction code="INCML T3003, 0"/><instruction code="INCMH T3003, 0"/><instruction code="INCH  T3003, 0"/><instruction code="OR T847, T3003, 0"/><instruction code="OR T848, T28, 0"/><instruction code="OR T849, T848, 0"/><instruction code="SETL  T3005, 8"/><instruction code="INCML T3005, 0"/><instruction code="INCMH T3005, 0"/><instruction code="INCH  T3005, 0"/><instruction code="OR T850, T3005, 0"/><instruction code="ADD T3006, T849, T850"/><instruction code="OR T851, T3006, 0"/><instruction code="OR T852, T851, 0"/><instruction code="OR T853, T28, 0"/><instruction code="SETL  T3008, 16"/><instruction code="INCML T3008, 0"/><instruction code="INCMH T3008, 0"/><instruction code="INCH  T3008, 0"/><instruction code="NEG T3008, 0, T3008"/><instruction code="OR T854, T3008, 0"/><instruction code="ADD T3009, T853, T854"/><instruction code="OR T855, T3009, 0"/><instruction code="OR T856, T855, 0"/><instruction code="SETL  T3011, 72"/><instruction code="INCML T3011, 0"/><instruction code="INCMH T3011, 0"/><instruction code="INCH  T3011, 0"/><instruction code="OR T857, T3011, 0"/><instruction code="MUL T3012, T856, T857"/><instruction code="OR T858, T3012, 0"/><instruction code="ADD T3013, T852, T858"/><instruction code="OR T859, T3013, 0"/><instruction code="OR T860, T28, 0"/><instruction code="SETL  T3014, 24"/><instruction code="INCML T3014, 0"/><instruction code="INCMH T3014, 0"/><instruction code="INCH  T3014, 0"/><instruction code="NEG T3014, 0, T3014"/><instruction code="OR T861, T3014, 0"/><instruction code="ADD T3015, T860, T861"/><instruction code="OR T862, T3015, 0"/><instruction code="OR T863, T862, 0"/><instruction code="SETL  T3017, 8"/><instruction code="INCML T3017, 0"/><instruction code="INCMH T3017, 0"/><instruction code="INCH  T3017, 0"/><instruction code="OR T864, T3017, 0"/><instruction code="MUL T3018, T863, T864"/><instruction code="OR T865, T3018, 0"/><instruction code="ADD T3019, T859, T865"/><instruction code="OR T866, T3019, 0"/><instruction code="OR T867, T866, 0"/><instruction code="STO T847, $254, 8"/><instruction code="STO T867, $254, 16"/><instruction code="LDA T3021, _putInt"/><instruction code="PUSHJ $16, T3021, 0"/><instruction code="LDO T3022, $254, 0"/><instruction code="OR T868, T3022, 0"/><instruction code="SETL  T3023, 0"/><instruction code="INCML T3023, 0"/><instruction code="INCMH T3023, 0"/><instruction code="INCH  T3023, 0"/><instruction code="OR T869, T3023, 0"/><instruction code="SETL  T3024, 32"/><instruction code="INCML T3024, 0"/><instruction code="INCMH T3024, 0"/><instruction code="INCH  T3024, 0"/><instruction code="OR T870, T3024, 0"/><instruction code="STO T869, $254, 8"/><instruction code="STO T870, $254, 16"/><instruction code="LDA T3025, _putChar"/><instruction code="PUSHJ $16, T3025, 0"/><instruction code="LDO T3026, $254, 0"/><instruction code="OR T871, T3026, 0"/><instruction code="OR T872, T28, 0"/><instruction code="SETL  T3027, 24"/><instruction code="INCML T3027, 0"/><instruction code="INCMH T3027, 0"/><instruction code="INCH  T3027, 0"/><instruction code="NEG T3027, 0, T3027"/><instruction code="OR T873, T3027, 0"/><instruction code="ADD T3028, T872, T873"/><instruction code="OR T874, T3028, 0"/><instruction code="OR T875, T874, 0"/><instruction code="SETL  T3030, 1"/><instruction code="INCML T3030, 0"/><instruction code="INCMH T3030, 0"/><instruction code="INCH  T3030, 0"/><instruction code="OR T876, T3030, 0"/><instruction code="ADD T3031, T875, T876"/><instruction code="OR T877, T3031, 0"/><instruction code="SETL  T3032, 24"/><instruction code="INCML T3032, 0"/><instruction code="INCMH T3032, 0"/><instruction code="INCH  T3032, 0"/><instruction code="NEG T3032, 0, T3032"/><instruction code="ADD T3033, T28, T3032"/><instruction code="STO T3033, T877, 0"/><instruction code="LDA T3035, L87"/><instruction code="GO T3035, T3035, 0"/><instruction code="L89"/><instruction code="SETL  T3036, 0"/><instruction code="INCML T3036, 0"/><instruction code="INCMH T3036, 0"/><instruction code="INCH  T3036, 0"/><instruction code="OR T878, T3036, 0"/><instruction code="SETL  T3037, 10"/><instruction code="INCML T3037, 0"/><instruction code="INCMH T3037, 0"/><instruction code="INCH  T3037, 0"/><instruction code="OR T879, T3037, 0"/><instruction code="SETL  T3038, 256"/><instruction code="INCML T3038, 0"/><instruction code="INCMH T3038, 0"/><instruction code="INCH  T3038, 0"/><instruction code="OR T880, T3038, 0"/><instruction code="DIV T3039, T879, T880"/><instruction code="OR T3039, rR, 0"/><instruction code="OR T881, T3039, 0"/><instruction code="STO T878, $254, 8"/><instruction code="STO T881, $254, 16"/><instruction code="LDA T3040, _putChar"/><instruction code="PUSHJ $16, T3040, 0"/><instruction code="LDO T3041, $254, 0"/><instruction code="OR T882, T3041, 0"/><instruction code="OR T883, T28, 0"/><instruction code="SETL  T3042, 16"/><instruction code="INCML T3042, 0"/><instruction code="INCMH T3042, 0"/><instruction code="INCH  T3042, 0"/><instruction code="NEG T3042, 0, T3042"/><instruction code="OR T884, T3042, 0"/><instruction code="ADD T3043, T883, T884"/><instruction code="OR T885, T3043, 0"/><instruction code="OR T886, T885, 0"/><instruction code="SETL  T3045, 1"/><instruction code="INCML T3045, 0"/><instruction code="INCMH T3045, 0"/><instruction code="INCH  T3045, 0"/><instruction code="OR T887, T3045, 0"/><instruction code="ADD T3046, T886, T887"/><instruction code="OR T888, T3046, 0"/><instruction code="SETL  T3047, 16"/><instruction code="INCML T3047, 0"/><instruction code="INCMH T3047, 0"/><instruction code="INCH  T3047, 0"/><instruction code="NEG T3047, 0, T3047"/><instruction code="ADD T3048, T28, T3047"/><instruction code="STO T3048, T888, 0"/><instruction code="LDA T3050, L90"/><instruction code="GO T3050, T3050, 0"/><instruction code="L92"/><instruction code="SETL  T3051, 0"/><instruction code="INCML T3051, 0"/><instruction code="INCMH T3051, 0"/><instruction code="INCH  T3051, 0"/><instruction code="OR T889, T3051, 0"/><instruction code="SETL  T3052, 10"/><instruction code="INCML T3052, 0"/><instruction code="INCMH T3052, 0"/><instruction code="INCH  T3052, 0"/><instruction code="OR T890, T3052, 0"/><instruction code="SETL  T3053, 256"/><instruction code="INCML T3053, 0"/><instruction code="INCMH T3053, 0"/><instruction code="INCH  T3053, 0"/><instruction code="OR T891, T3053, 0"/><instruction code="DIV T3054, T890, T891"/><instruction code="OR T3054, rR, 0"/><instruction code="OR T892, T3054, 0"/><instruction code="STO T889, $254, 8"/><instruction code="STO T892, $254, 16"/><instruction code="LDA T3055, _putChar"/><instruction code="PUSHJ $16, T3055, 0"/><instruction code="LDO T3056, $254, 0"/><instruction code="OR T893, T3056, 0"/><instruction code="L94"/><instruction code="SETL  T3057, 0"/><instruction code="INCML T3057, 0"/><instruction code="INCMH T3057, 0"/><instruction code="INCH  T3057, 0"/><instruction code="OR T894, T3057, 0"/><instruction code="OR T895, T894, 0"/><instruction code="SETL  T3058, 1"/><instruction code="INCML T3058, 0"/><instruction code="INCMH T3058, 0"/><instruction code="INCH  T3058, 0"/><instruction code="OR T896, T3058, 0"/><instruction code="SETL  T3059, 8"/><instruction code="INCML T3059, 0"/><instruction code="INCMH T3059, 0"/><instruction code="INCH  T3059, 0"/><instruction code="NEG T3059, 0, T3059"/><instruction code="ADD T3060, T28, T3059"/><instruction code="STO T3060, T896, 0"/><instruction code="LDA T3062, L105"/><instruction code="GO T3062, T3062, 0"/><instruction code="L104"/><instruction code="OR T897, T28, 0"/><instruction code="OR T898, T897, 0"/><instruction code="SETL  T3064, 8"/><instruction code="INCML T3064, 0"/><instruction code="INCMH T3064, 0"/><instruction code="INCH  T3064, 0"/><instruction code="NEG T3064, 0, T3064"/><instruction code="OR T899, T3064, 0"/><instruction code="ADD T3065, T898, T899"/><instruction code="OR T900, T3065, 0"/><instruction code="OR T901, T900, 0"/><instruction code="OR T902, T28, 0"/><instruction code="SETL  T3067, 8"/><instruction code="INCML T3067, 0"/><instruction code="INCMH T3067, 0"/><instruction code="INCH  T3067, 0"/><instruction code="OR T903, T3067, 0"/><instruction code="ADD T3068, T902, T903"/><instruction code="OR T904, T3068, 0"/><instruction code="OR T905, T904, 0"/><instruction code="SETL  T3070, 8"/><instruction code="INCML T3070, 0"/><instruction code="INCMH T3070, 0"/><instruction code="INCH  T3070, 0"/><instruction code="OR T906, T3070, 0"/><instruction code="MUL T3071, T905, T906"/><instruction code="OR T907, T3071, 0"/><instruction code="ADD T3072, T901, T907"/><instruction code="OR T908, T3072, 0"/><instruction code="OR T909, T908, 0"/><instruction code="SETL  T3074, 0"/><instruction code="INCML T3074, 0"/><instruction code="INCMH T3074, 0"/><instruction code="INCH  T3074, 0"/><instruction code="OR T910, T3074, 0"/><instruction code="CMP T3075, T909, T910"/><instruction code="ZSNZ T3075, T3075, 1"/><instruction code="OR T911, T3075, 0"/><instruction code="BNZ T911, L100"/><instruction code="L155"/><instruction code="LDA T3076, L101"/><instruction code="GO T3076, T3076, 0"/><instruction code="L100"/><instruction code="OR T912, T28, 0"/><instruction code="OR T913, T28, 0"/><instruction code="SETL  T3078, 8"/><instruction code="INCML T3078, 0"/><instruction code="INCMH T3078, 0"/><instruction code="INCH  T3078, 0"/><instruction code="OR T914, T3078, 0"/><instruction code="ADD T3079, T913, T914"/><instruction code="OR T915, T3079, 0"/><instruction code="OR T916, T915, 0"/><instruction code="SETL  T3081, 1"/><instruction code="INCML T3081, 0"/><instruction code="INCMH T3081, 0"/><instruction code="INCH  T3081, 0"/><instruction code="OR T917, T3081, 0"/><instruction code="ADD T3082, T916, T917"/><instruction code="OR T918, T3082, 0"/><instruction code="OR T919, T28, 0"/><instruction code="SETL  T3083, 16"/><instruction code="INCML T3083, 0"/><instruction code="INCMH T3083, 0"/><instruction code="INCH  T3083, 0"/><instruction code="OR T920, T3083, 0"/><instruction code="ADD T3084, T919, T920"/><instruction code="OR T921, T3084, 0"/><instruction code="OR T922, T921, 0"/><instruction code="STO T912, $254, 8"/><instruction code="STO T918, $254, 16"/><instruction code="STO T922, $254, 24"/><instruction code="LDA T3086, L4"/><instruction code="PUSHJ $16, T3086, 0"/><instruction code="LDO T3087, $254, 0"/><instruction code="OR T923, T3087, 0"/><instruction code="SETL  T3088, 8"/><instruction code="INCML T3088, 0"/><instruction code="INCMH T3088, 0"/><instruction code="INCH  T3088, 0"/><instruction code="NEG T3088, 0, T3088"/><instruction code="ADD T3089, T28, T3088"/><instruction code="STO T3089, T923, 0"/><instruction code="LDA T3091, L102"/><instruction code="GO T3091, T3091, 0"/><instruction code="L101"/><instruction code="SETL  T3092, 0"/><instruction code="INCML T3092, 0"/><instruction code="INCMH T3092, 0"/><instruction code="INCH  T3092, 0"/><instruction code="OR T924, T3092, 0"/><instruction code="SETL  T3093, 8"/><instruction code="INCML T3093, 0"/><instruction code="INCMH T3093, 0"/><instruction code="INCH  T3093, 0"/><instruction code="NEG T3093, 0, T3093"/><instruction code="ADD T3094, T28, T3093"/><instruction code="STO T3094, T924, 0"/><instruction code="SETL  T3096, 1"/><instruction code="INCML T3096, 0"/><instruction code="INCMH T3096, 0"/><instruction code="INCH  T3096, 0"/><instruction code="OR T925, T3096, 0"/><instruction code="SETL  T3097, 32"/><instruction code="INCML T3097, 0"/><instruction code="INCMH T3097, 0"/><instruction code="INCH  T3097, 0"/><instruction code="NEG T3097, 0, T3097"/><instruction code="ADD T3098, T28, T3097"/><instruction code="STO T3098, T925, 0"/><instruction code="L97"/><instruction code="OR T926, T28, 0"/><instruction code="SETL  T3100, 32"/><instruction code="INCML T3100, 0"/><instruction code="INCMH T3100, 0"/><instruction code="INCH  T3100, 0"/><instruction code="NEG T3100, 0, T3100"/><instruction code="OR T927, T3100, 0"/><instruction code="ADD T3101, T926, T927"/><instruction code="OR T928, T3101, 0"/><instruction code="OR T929, T928, 0"/><instruction code="SETL  T3103, 9"/><instruction code="INCML T3103, 0"/><instruction code="INCMH T3103, 0"/><instruction code="INCH  T3103, 0"/><instruction code="OR T930, T3103, 0"/><instruction code="CMP T3104, T929, T930"/><instruction code="ZSNP T3104, T3104, 1"/><instruction code="OR T931, T3104, 0"/><instruction code="BNZ T931, L98"/><instruction code="L156"/><instruction code="LDA T3105, L99"/><instruction code="GO T3105, T3105, 0"/><instruction code="L98"/><instruction code="OR T932, T28, 0"/><instruction code="SETL  T3106, 32"/><instruction code="INCML T3106, 0"/><instruction code="INCMH T3106, 0"/><instruction code="INCH  T3106, 0"/><instruction code="NEG T3106, 0, T3106"/><instruction code="OR T933, T3106, 0"/><instruction code="ADD T3107, T932, T933"/><instruction code="OR T934, T3107, 0"/><instruction code="OR T935, T934, 0"/><instruction code="SETL  T3110, 8"/><instruction code="INCML T3110, 0"/><instruction code="INCMH T3110, 0"/><instruction code="INCH  T3110, 0"/><instruction code="NEG T3110, 0, T3110"/><instruction code="ADD T3111, T28, T3110"/><instruction code="SETL  T3113, 8"/><instruction code="INCML T3113, 0"/><instruction code="INCMH T3113, 0"/><instruction code="INCH  T3113, 0"/><instruction code="ADD T3114, T28, T3113"/><instruction code="SETL  T3116, 8"/><instruction code="INCML T3116, 0"/><instruction code="INCMH T3116, 0"/><instruction code="INCH  T3116, 0"/><instruction code="MUL T3117, T3114, T3116"/><instruction code="ADD T3118, T3111, T3117"/><instruction code="STO T3118, T935, 0"/><instruction code="OR T936, T28, 0"/><instruction code="OR T937, T28, 0"/><instruction code="SETL  T3121, 8"/><instruction code="INCML T3121, 0"/><instruction code="INCMH T3121, 0"/><instruction code="INCH  T3121, 0"/><instruction code="OR T938, T3121, 0"/><instruction code="ADD T3122, T937, T938"/><instruction code="OR T939, T3122, 0"/><instruction code="OR T940, T939, 0"/><instruction code="SETL  T3124, 9"/><instruction code="INCML T3124, 0"/><instruction code="INCMH T3124, 0"/><instruction code="INCH  T3124, 0"/><instruction code="OR T941, T3124, 0"/><instruction code="DIV T3125, T940, T941"/><instruction code="OR T942, T3125, 0"/><instruction code="STO T936, $254, 8"/><instruction code="STO T942, $254, 16"/><instruction code="LDA T3126, L1"/><instruction code="PUSHJ $16, T3126, 0"/><instruction code="LDO T3127, $254, 0"/><instruction code="OR T943, T3127, 0"/><instruction code="OR T944, T28, 0"/><instruction code="OR T945, T28, 0"/><instruction code="SETL  T3129, 8"/><instruction code="INCML T3129, 0"/><instruction code="INCMH T3129, 0"/><instruction code="INCH  T3129, 0"/><instruction code="OR T946, T3129, 0"/><instruction code="ADD T3130, T945, T946"/><instruction code="OR T947, T3130, 0"/><instruction code="OR T948, T947, 0"/><instruction code="SETL  T3132, 9"/><instruction code="INCML T3132, 0"/><instruction code="INCMH T3132, 0"/><instruction code="INCH  T3132, 0"/><instruction code="OR T949, T3132, 0"/><instruction code="DIV T3133, T948, T949"/><instruction code="OR T3133, rR, 0"/><instruction code="OR T950, T3133, 0"/><instruction code="STO T944, $254, 8"/><instruction code="STO T950, $254, 16"/><instruction code="LDA T3134, L2"/><instruction code="PUSHJ $16, T3134, 0"/><instruction code="LDO T3135, $254, 0"/><instruction code="OR T951, T3135, 0"/><instruction code="AND T3136, T943, T951"/><instruction code="OR T952, T3136, 0"/><instruction code="OR T953, T28, 0"/><instruction code="OR T954, T28, 0"/><instruction code="SETL  T3138, 8"/><instruction code="INCML T3138, 0"/><instruction code="INCMH T3138, 0"/><instruction code="INCH  T3138, 0"/><instruction code="OR T955, T3138, 0"/><instruction code="ADD T3139, T954, T955"/><instruction code="OR T956, T3139, 0"/><instruction code="OR T957, T956, 0"/><instruction code="SETL  T3141, 9"/><instruction code="INCML T3141, 0"/><instruction code="INCMH T3141, 0"/><instruction code="INCH  T3141, 0"/><instruction code="OR T958, T3141, 0"/><instruction code="DIV T3142, T957, T958"/><instruction code="OR T959, T3142, 0"/><instruction code="SETL  T3143, 3"/><instruction code="INCML T3143, 0"/><instruction code="INCMH T3143, 0"/><instruction code="INCH  T3143, 0"/><instruction code="OR T960, T3143, 0"/><instruction code="DIV T3144, T959, T960"/><instruction code="OR T961, T3144, 0"/><instruction code="OR T962, T28, 0"/><instruction code="SETL  T3145, 8"/><instruction code="INCML T3145, 0"/><instruction code="INCMH T3145, 0"/><instruction code="INCH  T3145, 0"/><instruction code="OR T963, T3145, 0"/><instruction code="ADD T3146, T962, T963"/><instruction code="OR T964, T3146, 0"/><instruction code="OR T965, T964, 0"/><instruction code="SETL  T3148, 9"/><instruction code="INCML T3148, 0"/><instruction code="INCMH T3148, 0"/><instruction code="INCH  T3148, 0"/><instruction code="OR T966, T3148, 0"/><instruction code="DIV T3149, T965, T966"/><instruction code="OR T3149, rR, 0"/><instruction code="OR T967, T3149, 0"/><instruction code="SETL  T3150, 3"/><instruction code="INCML T3150, 0"/><instruction code="INCMH T3150, 0"/><instruction code="INCH  T3150, 0"/><instruction code="OR T968, T3150, 0"/><instruction code="DIV T3151, T967, T968"/><instruction code="OR T969, T3151, 0"/><instruction code="STO T953, $254, 8"/><instruction code="STO T961, $254, 16"/><instruction code="STO T969, $254, 24"/><instruction code="LDA T3152, L3"/><instruction code="PUSHJ $16, T3152, 0"/><instruction code="LDO T3153, $254, 0"/><instruction code="OR T970, T3153, 0"/><instruction code="AND T3154, T952, T970"/><instruction code="OR T971, T3154, 0"/><instruction code="BNZ T971, L95"/><instruction code="L157"/><instruction code="LDA T3155, L96"/><instruction code="GO T3155, T3155, 0"/><instruction code="L95"/><instruction code="OR T972, T28, 0"/><instruction code="SETL  T3156, 8"/><instruction code="INCML T3156, 0"/><instruction code="INCMH T3156, 0"/><instruction code="INCH  T3156, 0"/><instruction code="NEG T3156, 0, T3156"/><instruction code="OR T973, T3156, 0"/><instruction code="ADD T3157, T972, T973"/><instruction code="OR T974, T3157, 0"/><instruction code="OR T975, T974, 0"/><instruction code="OR T976, T28, 0"/><instruction code="OR T977, T28, 0"/><instruction code="SETL  T3160, 8"/><instruction code="INCML T3160, 0"/><instruction code="INCMH T3160, 0"/><instruction code="INCH  T3160, 0"/><instruction code="OR T978, T3160, 0"/><instruction code="ADD T3161, T977, T978"/><instruction code="OR T979, T3161, 0"/><instruction code="OR T980, T979, 0"/><instruction code="SETL  T3163, 1"/><instruction code="INCML T3163, 0"/><instruction code="INCMH T3163, 0"/><instruction code="INCH  T3163, 0"/><instruction code="OR T981, T3163, 0"/><instruction code="ADD T3164, T980, T981"/><instruction code="OR T982, T3164, 0"/><instruction code="OR T983, T28, 0"/><instruction code="SETL  T3165, 16"/><instruction code="INCML T3165, 0"/><instruction code="INCMH T3165, 0"/><instruction code="INCH  T3165, 0"/><instruction code="OR T984, T3165, 0"/><instruction code="ADD T3166, T983, T984"/><instruction code="OR T985, T3166, 0"/><instruction code="OR T986, T985, 0"/><instruction code="STO T976, $254, 8"/><instruction code="STO T982, $254, 16"/><instruction code="STO T986, $254, 24"/><instruction code="LDA T3168, L4"/><instruction code="PUSHJ $16, T3168, 0"/><instruction code="LDO T3169, $254, 0"/><instruction code="OR T987, T3169, 0"/><instruction code="ADD T3170, T975, T987"/><instruction code="OR T988, T3170, 0"/><instruction code="SETL  T3171, 8"/><instruction code="INCML T3171, 0"/><instruction code="INCMH T3171, 0"/><instruction code="INCH  T3171, 0"/><instruction code="NEG T3171, 0, T3171"/><instruction code="ADD T3172, T28, T3171"/><instruction code="STO T3172, T988, 0"/><instruction code="L96"/><instruction code="SETL  T3174, 0"/><instruction code="INCML T3174, 0"/><instruction code="INCMH T3174, 0"/><instruction code="INCH  T3174, 0"/><instruction code="OR T989, T3174, 0"/><instruction code="SETL  T3176, 8"/><instruction code="INCML T3176, 0"/><instruction code="INCMH T3176, 0"/><instruction code="INCH  T3176, 0"/><instruction code="NEG T3176, 0, T3176"/><instruction code="ADD T3177, T28, T3176"/><instruction code="SETL  T3179, 8"/><instruction code="INCML T3179, 0"/><instruction code="INCMH T3179, 0"/><instruction code="INCH  T3179, 0"/><instruction code="ADD T3180, T28, T3179"/><instruction code="SETL  T3182, 8"/><instruction code="INCML T3182, 0"/><instruction code="INCMH T3182, 0"/><instruction code="INCH  T3182, 0"/><instruction code="MUL T3183, T3180, T3182"/><instruction code="ADD T3184, T3177, T3183"/><instruction code="STO T3184, T989, 0"/><instruction code="OR T990, T28, 0"/><instruction code="SETL  T3186, 32"/><instruction code="INCML T3186, 0"/><instruction code="INCMH T3186, 0"/><instruction code="INCH  T3186, 0"/><instruction code="NEG T3186, 0, T3186"/><instruction code="OR T991, T3186, 0"/><instruction code="ADD T3187, T990, T991"/><instruction code="OR T992, T3187, 0"/><instruction code="OR T993, T992, 0"/><instruction code="SETL  T3189, 1"/><instruction code="INCML T3189, 0"/><instruction code="INCMH T3189, 0"/><instruction code="INCH  T3189, 0"/><instruction code="OR T994, T3189, 0"/><instruction code="ADD T3190, T993, T994"/><instruction code="OR T995, T3190, 0"/><instruction code="SETL  T3191, 32"/><instruction code="INCML T3191, 0"/><instruction code="INCMH T3191, 0"/><instruction code="INCH  T3191, 0"/><instruction code="NEG T3191, 0, T3191"/><instruction code="ADD T3192, T28, T3191"/><instruction code="STO T3192, T995, 0"/><instruction code="LDA T3194, L97"/><instruction code="GO T3194, T3194, 0"/><instruction code="L99"/><instruction code="SETL  T3195, 0"/><instruction code="INCML T3195, 0"/><instruction code="INCMH T3195, 0"/><instruction code="INCH  T3195, 0"/><instruction code="OR T996, T3195, 0"/><instruction code="OR T997, T996, 0"/><instruction code="L102"/><instruction code="L105"/><instruction code="OR T998, T28, 0"/><instruction code="SETL  T3196, 8"/><instruction code="INCML T3196, 0"/><instruction code="INCMH T3196, 0"/><instruction code="INCH  T3196, 0"/><instruction code="NEG T3196, 0, T3196"/><instruction code="OR T999, T3196, 0"/><instruction code="ADD T3197, T998, T999"/><instruction code="OR T1000, T3197, 0"/><instruction code="OR T1001, T1000, 0"/><instruction code="OR T29, T1001, 0"/><instruction code="LDA T3199, L159"/><instruction code="GO T3199, T3199, 0"/></instructions></code><code entrylabel="L160" exitlabel="L161" tempsize="0"><frame FP="T20" RV="T21" argssize="24" depth="1" label="_sudoku" locssize="8" size="48"/><instructions><instruction code="L160"/><instruction code="OR T1002, T20, 0"/><instruction code="SETL  T3200, 8"/><instruction code="INCML T3200, 0"/><instruction code="INCMH T3200, 0"/><instruction code="INCH  T3200, 0"/><instruction code="OR T1003, T3200, 0"/><instruction code="ADD T3201, T1002, T1003"/><instruction code="OR T1004, T3201, 0"/><instruction code="OR T1005, T1004, 0"/><instruction code="SETL  T3203, 8"/><instruction code="INCML T3203, 0"/><instruction code="INCMH T3203, 0"/><instruction code="INCH  T3203, 0"/><instruction code="NEG T3203, 0, T3203"/><instruction code="ADD T3204, T20, T3203"/><instruction code="STO T3204, T1005, 0"/><instruction code="OR T1006, T20, 0"/><instruction code="SETL  T3206, 0"/><instruction code="INCML T3206, 0"/><instruction code="INCMH T3206, 0"/><instruction code="INCH  T3206, 0"/><instruction code="OR T1007, T3206, 0"/><instruction code="SETL  T3207, 81"/><instruction code="INCML T3207, 0"/><instruction code="INCMH T3207, 0"/><instruction code="INCH  T3207, 0"/><instruction code="OR T1008, T3207, 0"/><instruction code="STO T1006, $254, 8"/><instruction code="STO T1007, $254, 16"/><instruction code="STO T1008, $254, 24"/><instruction code="LDA T3208, L4"/><instruction code="PUSHJ $16, T3208, 0"/><instruction code="LDO T3209, $254, 0"/><instruction code="OR T1009, T3209, 0"/><instruction code="OR T21, T1009, 0"/><instruction code="LDA T3210, L161"/><instruction code="GO T3210, T3210, 0"/></instructions></code></asmgen>