<?xml version="1.0" encoding="UTF-8" standalone="no"?><?xml-stylesheet type="text/xsl" href="../../data/asmgen.xsl"?><asmgen><code entrylabel="L4" exitlabel="L5" tempsize="0"><frame FP="T6" RV="T7" argssize="16" depth="1" label="_main" locssize="16" size="48"/><instructions><instruction code="L4"/><instruction code="SETL  T43, 0"/><instruction code="INCML T43, 0"/><instruction code="INCMH T43, 0"/><instruction code="INCH  T43, 0"/><instruction code="OR T12, T43, 0"/><instruction code="SETL  T44, 2"/><instruction code="INCML T44, 0"/><instruction code="INCMH T44, 0"/><instruction code="INCH  T44, 0"/><instruction code="OR T13, T44, 0"/><instruction code="STO `d0, $254, 8"/><instruction code="STO `d0, $254, 16"/><instruction code="LDA T45, _f"/><instruction code="GO $0, T45, 0"/><instruction code="OR T14, T46, 0"/><instruction code="SETL  T47, 0"/><instruction code="INCML T47, 0"/><instruction code="INCMH T47, 0"/><instruction code="INCH  T47, 0"/><instruction code="OR T15, T47, 0"/><instruction code="OR T7, T15, 0"/><instruction code="LDA T48, L5"/><instruction code="GO T48, T48, 0"/></instructions></code><code entrylabel="L7" exitlabel="L8" tempsize="0"><frame FP="T10" RV="T11" argssize="16" depth="2" label="L0" locssize="0" size="32"/><instructions><instruction code="L7"/><instruction code="OR T16, T10, 0"/><instruction code="LDO T50, T49, 0"/><instruction code="OR T17, T50, 0"/><instruction code="SETL  T51, 8"/><instruction code="INCML T51, 0"/><instruction code="INCMH T51, 0"/><instruction code="INCH  T51, 0"/><instruction code="OR T18, T51, 0"/><instruction code="ADD T52, T17, T18"/><instruction code="OR T19, T52, 0"/><instruction code="LDO T54, T53, 0"/><instruction code="OR T20, T54, 0"/><instruction code="OR T21, T10, 0"/><instruction code="SETL  T55, 8"/><instruction code="INCML T55, 0"/><instruction code="INCMH T55, 0"/><instruction code="INCH  T55, 0"/><instruction code="OR T22, T55, 0"/><instruction code="ADD T56, T21, T22"/><instruction code="OR T23, T56, 0"/><instruction code="LDO T58, T57, 0"/><instruction code="OR T24, T58, 0"/><instruction code="SETL  T59, 1"/><instruction code="INCML T59, 0"/><instruction code="INCMH T59, 0"/><instruction code="INCH  T59, 0"/><instruction code="OR T25, T59, 0"/><instruction code="CMP T60, T24, T25"/><instruction code="ZSZ T60, T60, 1"/><instruction code="OR T26, T60, 0"/><instruction code="BNZ T26, L1"/><instruction code="L6"/><instruction code="LDA T61, L2"/><instruction code="GO T61, T61, 0"/><instruction code="L1"/><instruction code="SETL  T62, 1"/><instruction code="INCML T62, 0"/><instruction code="INCMH T62, 0"/><instruction code="INCH  T62, 0"/><instruction code="OR T27, T62, 0"/><instruction code="LDA T63, L3"/><instruction code="GO T63, T63, 0"/><instruction code="L2"/><instruction code="LDO T65, T64, 0"/><instruction code="OR T28, T65, 0"/><instruction code="OR T29, T10, 0"/><instruction code="SETL  T66, 8"/><instruction code="INCML T66, 0"/><instruction code="INCMH T66, 0"/><instruction code="INCH  T66, 0"/><instruction code="OR T30, T66, 0"/><instruction code="ADD T67, T29, T30"/><instruction code="OR T31, T67, 0"/><instruction code="LDO T69, T68, 0"/><instruction code="OR T32, T69, 0"/><instruction code="SETL  T70, 1"/><instruction code="INCML T70, 0"/><instruction code="INCMH T70, 0"/><instruction code="INCH  T70, 0"/><instruction code="OR T33, T70, 0"/><instruction code="ADD T71, T32, T33"/><instruction code="OR T34, T71, 0"/><instruction code="STO `d0, $254, 8"/><instruction code="STO `d0, $254, 16"/><instruction code="LDA T72, L0"/><instruction code="GO $0, T72, 0"/><instruction code="OR T35, T73, 0"/><instruction code="L3"/><instruction code="SETL  T74, 0"/><instruction code="INCML T74, 0"/><instruction code="INCMH T74, 0"/><instruction code="INCH  T74, 0"/><instruction code="OR T36, T74, 0"/><instruction code="OR T11, T36, 0"/><instruction code="LDA T75, L8"/><instruction code="GO T75, T75, 0"/></instructions></code><code entrylabel="L9" exitlabel="L10" tempsize="0"><frame FP="T8" RV="T9" argssize="16" depth="1" label="_f" locssize="0" size="32"/><instructions><instruction code="L9"/><instruction code="OR T37, T8, 0"/><instruction code="SETL  T76, 0"/><instruction code="INCML T76, 0"/><instruction code="INCMH T76, 0"/><instruction code="INCH  T76, 0"/><instruction code="OR T38, T76, 0"/><instruction code="STO `d0, $254, 8"/><instruction code="STO `d0, $254, 16"/><instruction code="LDA T77, L0"/><instruction code="GO $0, T77, 0"/><instruction code="OR T39, T78, 0"/><instruction code="SETL  T79, 0"/><instruction code="INCML T79, 0"/><instruction code="INCMH T79, 0"/><instruction code="INCH  T79, 0"/><instruction code="OR T40, T79, 0"/><instruction code="OR T9, T40, 0"/><instruction code="LDA T80, L10"/><instruction code="GO T80, T80, 0"/></instructions></code></asmgen>