<?xml version="1.0" encoding="UTF-8" standalone="no"?><?xml-stylesheet type="text/xsl" href="../../data/asmgen.xsl"?><asmgen><code entrylabel="L1" exitlabel="L2" tempsize="0"><frame FP="T0" RV="T1" argssize="16" depth="1" label="_f" locssize="40" size="72"/><instructions><instruction code="L1"/><instruction code="OR T4,T0,0"/><instruction code="SETL T71,32"/><instruction code="INCML T71,0"/><instruction code="INCMH T71,0"/><instruction code="INCH T71,0"/><instruction code="NEG T71,0,T71"/><instruction code="OR T5,T71,0"/><instruction code="ADD T72,T4,T5"/><instruction code="OR T6,T72,0"/><instruction code="SETL T73,8"/><instruction code="INCML T73,0"/><instruction code="INCMH T73,0"/><instruction code="INCH T73,0"/><instruction code="OR T7,T73,0"/><instruction code="ADD T74,T6,T7"/><instruction code="OR T8,T74,0"/><instruction code="LDO T75,T8,0"/><instruction code="OR T9,T75,0"/><instruction code="SETL T76,5"/><instruction code="INCML T76,0"/><instruction code="INCMH T76,0"/><instruction code="INCH T76,0"/><instruction code="OR T10,T76,0"/><instruction code="SETL T77,55"/><instruction code="INCML T77,0"/><instruction code="INCMH T77,0"/><instruction code="INCH T77,0"/><instruction code="OR T11,T77,0"/><instruction code="SETL T78,55"/><instruction code="INCML T78,0"/><instruction code="INCMH T78,0"/><instruction code="INCH T78,0"/><instruction code="OR T12,T78,0"/><instruction code="NEG T79,0,T12"/><instruction code="OR T13,T79,0"/><instruction code="SETL T80,55"/><instruction code="INCML T80,0"/><instruction code="INCMH T80,0"/><instruction code="INCH T80,0"/><instruction code="OR T14,T80,0"/><instruction code="NEG T81,0,T14"/><instruction code="OR T15,T81,0"/><instruction code="SETL T82,55"/><instruction code="INCML T82,0"/><instruction code="INCMH T82,0"/><instruction code="INCH T82,0"/><instruction code="OR T16,T82,0"/><instruction code="ADD T83,T15,T16"/><instruction code="OR T17,T83,0"/><instruction code="SETL T84,17"/><instruction code="INCML T84,0"/><instruction code="INCMH T84,0"/><instruction code="INCH T84,0"/><instruction code="OR T18,T84,0"/><instruction code="NEG T85,0,T18"/><instruction code="OR T19,T85,0"/><instruction code="LDA T86,_vr"/><instruction code="OR T20,T86,0"/><instruction code="LDO T87,T20,0"/><instruction code="OR T21,T87,0"/><instruction code="LDA T88,_zzz"/><instruction code="OR T22,T88,0"/><instruction code="LDO T89,T22,0"/><instruction code="OR T23,T89,0"/><instruction code="LDO T90,T23,0"/><instruction code="OR T24,T90,0"/><instruction code="OR T25,T0,0"/><instruction code="SETL T91,8"/><instruction code="INCML T91,0"/><instruction code="INCMH T91,0"/><instruction code="INCH T91,0"/><instruction code="NEG T91,0,T91"/><instruction code="OR T26,T91,0"/><instruction code="ADD T92,T25,T26"/><instruction code="OR T27,T92,0"/><instruction code="LDO T93,T27,0"/><instruction code="OR T28,T93,0"/><instruction code="OR T29,T0,0"/><instruction code="SETL T94,40"/><instruction code="INCML T94,0"/><instruction code="INCMH T94,0"/><instruction code="INCH T94,0"/><instruction code="NEG T94,0,T94"/><instruction code="OR T30,T94,0"/><instruction code="ADD T95,T29,T30"/><instruction code="OR T31,T95,0"/><instruction code="SETL T96,0"/><instruction code="INCML T96,0"/><instruction code="INCMH T96,0"/><instruction code="INCH T96,0"/><instruction code="OR T33,T96,0"/><instruction code="SETL T97,24"/><instruction code="INCML T97,0"/><instruction code="INCMH T97,0"/><instruction code="INCH T97,0"/><instruction code="OR T34,T97,0"/><instruction code="STO T33,$254,0"/><instruction code="STO T34,$254,8"/><instruction code="PUSHJ $8,_new"/><instruction code="LDO T99,$254,0"/><instruction code="OR T35,T99,0"/><instruction code="STO T35,T31,0"/><instruction code="LDA T101,L0"/><instruction code="OR T36,T101,0"/><instruction code="OR T37,T0,0"/><instruction code="SETL T102,8"/><instruction code="INCML T102,0"/><instruction code="INCMH T102,0"/><instruction code="INCH T102,0"/><instruction code="NEG T102,0,T102"/><instruction code="OR T38,T102,0"/><instruction code="ADD T103,T37,T38"/><instruction code="OR T39,T103,0"/><instruction code="OR T41,T0,0"/><instruction code="SETL T104,32"/><instruction code="INCML T104,0"/><instruction code="INCMH T104,0"/><instruction code="INCH T104,0"/><instruction code="NEG T104,0,T104"/><instruction code="OR T42,T104,0"/><instruction code="ADD T105,T41,T42"/><instruction code="OR T43,T105,0"/><instruction code="SETL T106,0"/><instruction code="INCML T106,0"/><instruction code="INCMH T106,0"/><instruction code="INCH T106,0"/><instruction code="OR T44,T106,0"/><instruction code="ADD T107,T43,T44"/><instruction code="OR T45,T107,0"/><instruction code="LDO T108,T45,0"/><instruction code="OR T46,T108,0"/><instruction code="OR T47,T0,0"/><instruction code="SETL T109,32"/><instruction code="INCML T109,0"/><instruction code="INCMH T109,0"/><instruction code="INCH T109,0"/><instruction code="NEG T109,0,T109"/><instruction code="OR T48,T109,0"/><instruction code="ADD T110,T47,T48"/><instruction code="OR T49,T110,0"/><instruction code="SETL T111,8"/><instruction code="INCML T111,0"/><instruction code="INCMH T111,0"/><instruction code="INCH T111,0"/><instruction code="OR T50,T111,0"/><instruction code="ADD T112,T49,T50"/><instruction code="OR T51,T112,0"/><instruction code="LDO T113,T51,0"/><instruction code="OR T52,T113,0"/><instruction code="OR T53,T0,0"/><instruction code="SETL T114,32"/><instruction code="INCML T114,0"/><instruction code="INCMH T114,0"/><instruction code="INCH T114,0"/><instruction code="NEG T114,0,T114"/><instruction code="OR T54,T114,0"/><instruction code="ADD T115,T53,T54"/><instruction code="OR T55,T115,0"/><instruction code="SETL T116,16"/><instruction code="INCML T116,0"/><instruction code="INCMH T116,0"/><instruction code="INCH T116,0"/><instruction code="OR T56,T116,0"/><instruction code="ADD T117,T55,T56"/><instruction code="OR T57,T117,0"/><instruction code="LDO T118,T57,0"/><instruction code="OR T58,T118,0"/><instruction code="MUL T119,T52,T58"/><instruction code="OR T59,T119,0"/><instruction code="OR T60,T0,0"/><instruction code="SETL T120,32"/><instruction code="INCML T120,0"/><instruction code="INCMH T120,0"/><instruction code="INCH T120,0"/><instruction code="NEG T120,0,T120"/><instruction code="OR T61,T120,0"/><instruction code="ADD T121,T60,T61"/><instruction code="OR T62,T121,0"/><instruction code="SETL T122,0"/><instruction code="INCML T122,0"/><instruction code="INCMH T122,0"/><instruction code="INCH T122,0"/><instruction code="OR T63,T122,0"/><instruction code="ADD T123,T62,T63"/><instruction code="OR T64,T123,0"/><instruction code="LDO T124,T64,0"/><instruction code="OR T65,T124,0"/><instruction code="DIV T125,T59,T65"/><instruction code="GET T125,rR"/><instruction code="OR T66,T125,0"/><instruction code="ADD T126,T46,T66"/><instruction code="OR T67,T126,0"/><instruction code="STO T67,T39,0"/><instruction code="SETL T128,0"/><instruction code="INCML T128,0"/><instruction code="INCMH T128,0"/><instruction code="INCH T128,0"/><instruction code="OR T68,T128,0"/><instruction code="OR T1,T68,0"/><instruction code="JMP L2"/></instructions></code><code entrylabel="L3" exitlabel="L4" tempsize="0"><frame FP="T2" RV="T3" argssize="0" depth="1" label="_main" locssize="0" size="16"/><instructions><instruction code="L3"/><instruction code="SETL T130,1"/><instruction code="INCML T130,0"/><instruction code="INCMH T130,0"/><instruction code="INCH T130,0"/><instruction code="OR T69,T130,0"/><instruction code="SETL T131,0"/><instruction code="INCML T131,0"/><instruction code="INCMH T131,0"/><instruction code="INCH T131,0"/><instruction code="OR T70,T131,0"/><instruction code="OR T3,T70,0"/><instruction code="JMP L4"/></instructions></code></asmgen>