<?xml version="1.0" encoding="UTF-8" standalone="no"?><?xml-stylesheet type="text/xsl" href="../../data/asmgen.xsl"?><asmgen><code entrylabel="L110" exitlabel="L111" tempsize="0"><frame FP="T6" RV="T7" argssize="24" depth="1" label="_main" locssize="672" size="712"/><instructions><instruction code="L110"/><instruction code="SETL T2413,0"/><instruction code="INCML T2413,0"/><instruction code="INCMH T2413,0"/><instruction code="INCH T2413,0"/><instruction code="OR T30,T2413,0"/><instruction code="LDA T2414,L5"/><instruction code="OR T31,T2414,0"/><instruction code="STO T30,$254,0"/><instruction code="STO T31,$254,8"/><instruction code="PUSHJ $8,_putString"/><instruction code="LDO T2416,$254,0"/><instruction code="OR T32,T2416,0"/><instruction code="SETL T2417,0"/><instruction code="INCML T2417,0"/><instruction code="INCMH T2417,0"/><instruction code="INCH T2417,0"/><instruction code="OR T33,T2417,0"/><instruction code="SETL T2418,10"/><instruction code="INCML T2418,0"/><instruction code="INCMH T2418,0"/><instruction code="INCH T2418,0"/><instruction code="OR T34,T2418,0"/><instruction code="SETL T2419,256"/><instruction code="INCML T2419,0"/><instruction code="INCMH T2419,0"/><instruction code="INCH T2419,0"/><instruction code="OR T35,T2419,0"/><instruction code="DIV T2420,T34,T35"/><instruction code="GET T2420,rR"/><instruction code="OR T36,T2420,0"/><instruction code="STO T33,$254,0"/><instruction code="STO T36,$254,8"/><instruction code="PUSHJ $8,_putChar"/><instruction code="LDO T2422,$254,0"/><instruction code="OR T37,T2422,0"/><instruction code="OR T38,T6,0"/><instruction code="SETL T2423,8"/><instruction code="INCML T2423,0"/><instruction code="INCMH T2423,0"/><instruction code="INCH T2423,0"/><instruction code="NEG T2423,0,T2423"/><instruction code="OR T39,T2423,0"/><instruction code="ADD T2424,T38,T39"/><instruction code="OR T40,T2424,0"/><instruction code="SETL T2425,1"/><instruction code="INCML T2425,0"/><instruction code="INCMH T2425,0"/><instruction code="INCH T2425,0"/><instruction code="OR T42,T2425,0"/><instruction code="STO T42,T40,0"/><instruction code="L7"/><instruction code="OR T43,T6,0"/><instruction code="SETL T2427,8"/><instruction code="INCML T2427,0"/><instruction code="INCMH T2427,0"/><instruction code="INCH T2427,0"/><instruction code="NEG T2427,0,T2427"/><instruction code="OR T44,T2427,0"/><instruction code="ADD T2428,T43,T44"/><instruction code="OR T45,T2428,0"/><instruction code="LDO T2429,T45,0"/><instruction code="OR T46,T2429,0"/><instruction code="SETL T2430,10"/><instruction code="INCML T2430,0"/><instruction code="INCMH T2430,0"/><instruction code="INCH T2430,0"/><instruction code="OR T47,T2430,0"/><instruction code="CMP T2431,T46,T47"/><instruction code="ZSNP T2431,T2431,1"/><instruction code="OR T48,T2431,0"/><instruction code="BNZ T48,L8"/><instruction code="L106"/><instruction code="JMP L9"/><instruction code="L8"/><instruction code="SETL T2433,0"/><instruction code="INCML T2433,0"/><instruction code="INCMH T2433,0"/><instruction code="INCH T2433,0"/><instruction code="OR T49,T2433,0"/><instruction code="OR T50,T6,0"/><instruction code="SETL T2434,8"/><instruction code="INCML T2434,0"/><instruction code="INCMH T2434,0"/><instruction code="INCH T2434,0"/><instruction code="NEG T2434,0,T2434"/><instruction code="OR T51,T2434,0"/><instruction code="ADD T2435,T50,T51"/><instruction code="OR T52,T2435,0"/><instruction code="LDO T2436,T52,0"/><instruction code="OR T53,T2436,0"/><instruction code="STO T49,$254,0"/><instruction code="STO T53,$254,8"/><instruction code="PUSHJ $8,_putInt"/><instruction code="LDO T2438,$254,0"/><instruction code="OR T54,T2438,0"/><instruction code="SETL T2439,0"/><instruction code="INCML T2439,0"/><instruction code="INCMH T2439,0"/><instruction code="INCH T2439,0"/><instruction code="OR T55,T2439,0"/><instruction code="LDA T2440,L6"/><instruction code="OR T56,T2440,0"/><instruction code="STO T55,$254,0"/><instruction code="STO T56,$254,8"/><instruction code="PUSHJ $8,_putString"/><instruction code="LDO T2442,$254,0"/><instruction code="OR T57,T2442,0"/><instruction code="SETL T2443,0"/><instruction code="INCML T2443,0"/><instruction code="INCMH T2443,0"/><instruction code="INCH T2443,0"/><instruction code="OR T58,T2443,0"/><instruction code="SETL T2444,0"/><instruction code="INCML T2444,0"/><instruction code="INCMH T2444,0"/><instruction code="INCH T2444,0"/><instruction code="OR T59,T2444,0"/><instruction code="OR T60,T6,0"/><instruction code="SETL T2445,8"/><instruction code="INCML T2445,0"/><instruction code="INCMH T2445,0"/><instruction code="INCH T2445,0"/><instruction code="NEG T2445,0,T2445"/><instruction code="OR T61,T2445,0"/><instruction code="ADD T2446,T60,T61"/><instruction code="OR T62,T2446,0"/><instruction code="LDO T2447,T62,0"/><instruction code="OR T63,T2447,0"/><instruction code="STO T59,$254,0"/><instruction code="STO T63,$254,8"/><instruction code="PUSHJ $8,_facItr"/><instruction code="LDO T2449,$254,0"/><instruction code="OR T64,T2449,0"/><instruction code="STO T58,$254,0"/><instruction code="STO T64,$254,8"/><instruction code="PUSHJ $8,_putInt"/><instruction code="LDO T2451,$254,0"/><instruction code="OR T65,T2451,0"/><instruction code="SETL T2452,0"/><instruction code="INCML T2452,0"/><instruction code="INCMH T2452,0"/><instruction code="INCH T2452,0"/><instruction code="OR T66,T2452,0"/><instruction code="SETL T2453,10"/><instruction code="INCML T2453,0"/><instruction code="INCMH T2453,0"/><instruction code="INCH T2453,0"/><instruction code="OR T67,T2453,0"/><instruction code="SETL T2454,256"/><instruction code="INCML T2454,0"/><instruction code="INCMH T2454,0"/><instruction code="INCH T2454,0"/><instruction code="OR T68,T2454,0"/><instruction code="DIV T2455,T67,T68"/><instruction code="GET T2455,rR"/><instruction code="OR T69,T2455,0"/><instruction code="STO T66,$254,0"/><instruction code="STO T69,$254,8"/><instruction code="PUSHJ $8,_putChar"/><instruction code="LDO T2457,$254,0"/><instruction code="OR T70,T2457,0"/><instruction code="OR T71,T6,0"/><instruction code="SETL T2458,8"/><instruction code="INCML T2458,0"/><instruction code="INCMH T2458,0"/><instruction code="INCH T2458,0"/><instruction code="NEG T2458,0,T2458"/><instruction code="OR T72,T2458,0"/><instruction code="ADD T2459,T71,T72"/><instruction code="OR T73,T2459,0"/><instruction code="OR T75,T6,0"/><instruction code="SETL T2460,8"/><instruction code="INCML T2460,0"/><instruction code="INCMH T2460,0"/><instruction code="INCH T2460,0"/><instruction code="NEG T2460,0,T2460"/><instruction code="OR T76,T2460,0"/><instruction code="ADD T2461,T75,T76"/><instruction code="OR T77,T2461,0"/><instruction code="LDO T2462,T77,0"/><instruction code="OR T78,T2462,0"/><instruction code="SETL T2463,1"/><instruction code="INCML T2463,0"/><instruction code="INCMH T2463,0"/><instruction code="INCH T2463,0"/><instruction code="OR T79,T2463,0"/><instruction code="ADD T2464,T78,T79"/><instruction code="OR T80,T2464,0"/><instruction code="STO T80,T73,0"/><instruction code="JMP L7"/><instruction code="L9"/><instruction code="SETL T2467,0"/><instruction code="INCML T2467,0"/><instruction code="INCMH T2467,0"/><instruction code="INCH T2467,0"/><instruction code="OR T81,T2467,0"/><instruction code="LDA T2468,L10"/><instruction code="OR T82,T2468,0"/><instruction code="STO T81,$254,0"/><instruction code="STO T82,$254,8"/><instruction code="PUSHJ $8,_putString"/><instruction code="LDO T2470,$254,0"/><instruction code="OR T83,T2470,0"/><instruction code="SETL T2471,0"/><instruction code="INCML T2471,0"/><instruction code="INCMH T2471,0"/><instruction code="INCH T2471,0"/><instruction code="OR T84,T2471,0"/><instruction code="SETL T2472,10"/><instruction code="INCML T2472,0"/><instruction code="INCMH T2472,0"/><instruction code="INCH T2472,0"/><instruction code="OR T85,T2472,0"/><instruction code="SETL T2473,256"/><instruction code="INCML T2473,0"/><instruction code="INCMH T2473,0"/><instruction code="INCH T2473,0"/><instruction code="OR T86,T2473,0"/><instruction code="DIV T2474,T85,T86"/><instruction code="GET T2474,rR"/><instruction code="OR T87,T2474,0"/><instruction code="STO T84,$254,0"/><instruction code="STO T87,$254,8"/><instruction code="PUSHJ $8,_putChar"/><instruction code="LDO T2476,$254,0"/><instruction code="OR T88,T2476,0"/><instruction code="OR T89,T6,0"/><instruction code="SETL T2477,8"/><instruction code="INCML T2477,0"/><instruction code="INCMH T2477,0"/><instruction code="INCH T2477,0"/><instruction code="NEG T2477,0,T2477"/><instruction code="OR T90,T2477,0"/><instruction code="ADD T2478,T89,T90"/><instruction code="OR T91,T2478,0"/><instruction code="SETL T2479,1"/><instruction code="INCML T2479,0"/><instruction code="INCMH T2479,0"/><instruction code="INCH T2479,0"/><instruction code="OR T93,T2479,0"/><instruction code="STO T93,T91,0"/><instruction code="L12"/><instruction code="OR T94,T6,0"/><instruction code="SETL T2481,8"/><instruction code="INCML T2481,0"/><instruction code="INCMH T2481,0"/><instruction code="INCH T2481,0"/><instruction code="NEG T2481,0,T2481"/><instruction code="OR T95,T2481,0"/><instruction code="ADD T2482,T94,T95"/><instruction code="OR T96,T2482,0"/><instruction code="LDO T2483,T96,0"/><instruction code="OR T97,T2483,0"/><instruction code="SETL T2484,10"/><instruction code="INCML T2484,0"/><instruction code="INCMH T2484,0"/><instruction code="INCH T2484,0"/><instruction code="OR T98,T2484,0"/><instruction code="CMP T2485,T97,T98"/><instruction code="ZSNP T2485,T2485,1"/><instruction code="OR T99,T2485,0"/><instruction code="BNZ T99,L13"/><instruction code="L107"/><instruction code="JMP L14"/><instruction code="L13"/><instruction code="SETL T2487,0"/><instruction code="INCML T2487,0"/><instruction code="INCMH T2487,0"/><instruction code="INCH T2487,0"/><instruction code="OR T100,T2487,0"/><instruction code="OR T101,T6,0"/><instruction code="SETL T2488,8"/><instruction code="INCML T2488,0"/><instruction code="INCMH T2488,0"/><instruction code="INCH T2488,0"/><instruction code="NEG T2488,0,T2488"/><instruction code="OR T102,T2488,0"/><instruction code="ADD T2489,T101,T102"/><instruction code="OR T103,T2489,0"/><instruction code="LDO T2490,T103,0"/><instruction code="OR T104,T2490,0"/><instruction code="STO T100,$254,0"/><instruction code="STO T104,$254,8"/><instruction code="PUSHJ $8,_putInt"/><instruction code="LDO T2492,$254,0"/><instruction code="OR T105,T2492,0"/><instruction code="SETL T2493,0"/><instruction code="INCML T2493,0"/><instruction code="INCMH T2493,0"/><instruction code="INCH T2493,0"/><instruction code="OR T106,T2493,0"/><instruction code="LDA T2494,L11"/><instruction code="OR T107,T2494,0"/><instruction code="STO T106,$254,0"/><instruction code="STO T107,$254,8"/><instruction code="PUSHJ $8,_putString"/><instruction code="LDO T2496,$254,0"/><instruction code="OR T108,T2496,0"/><instruction code="SETL T2497,0"/><instruction code="INCML T2497,0"/><instruction code="INCMH T2497,0"/><instruction code="INCH T2497,0"/><instruction code="OR T109,T2497,0"/><instruction code="SETL T2498,0"/><instruction code="INCML T2498,0"/><instruction code="INCMH T2498,0"/><instruction code="INCH T2498,0"/><instruction code="OR T110,T2498,0"/><instruction code="OR T111,T6,0"/><instruction code="SETL T2499,8"/><instruction code="INCML T2499,0"/><instruction code="INCMH T2499,0"/><instruction code="INCH T2499,0"/><instruction code="NEG T2499,0,T2499"/><instruction code="OR T112,T2499,0"/><instruction code="ADD T2500,T111,T112"/><instruction code="OR T113,T2500,0"/><instruction code="LDO T2501,T113,0"/><instruction code="OR T114,T2501,0"/><instruction code="STO T110,$254,0"/><instruction code="STO T114,$254,8"/><instruction code="PUSHJ $8,_facRec"/><instruction code="LDO T2503,$254,0"/><instruction code="OR T115,T2503,0"/><instruction code="STO T109,$254,0"/><instruction code="STO T115,$254,8"/><instruction code="PUSHJ $8,_putInt"/><instruction code="LDO T2505,$254,0"/><instruction code="OR T116,T2505,0"/><instruction code="SETL T2506,0"/><instruction code="INCML T2506,0"/><instruction code="INCMH T2506,0"/><instruction code="INCH T2506,0"/><instruction code="OR T117,T2506,0"/><instruction code="SETL T2507,10"/><instruction code="INCML T2507,0"/><instruction code="INCMH T2507,0"/><instruction code="INCH T2507,0"/><instruction code="OR T118,T2507,0"/><instruction code="SETL T2508,256"/><instruction code="INCML T2508,0"/><instruction code="INCMH T2508,0"/><instruction code="INCH T2508,0"/><instruction code="OR T119,T2508,0"/><instruction code="DIV T2509,T118,T119"/><instruction code="GET T2509,rR"/><instruction code="OR T120,T2509,0"/><instruction code="STO T117,$254,0"/><instruction code="STO T120,$254,8"/><instruction code="PUSHJ $8,_putChar"/><instruction code="LDO T2511,$254,0"/><instruction code="OR T121,T2511,0"/><instruction code="OR T122,T6,0"/><instruction code="SETL T2512,8"/><instruction code="INCML T2512,0"/><instruction code="INCMH T2512,0"/><instruction code="INCH T2512,0"/><instruction code="NEG T2512,0,T2512"/><instruction code="OR T123,T2512,0"/><instruction code="ADD T2513,T122,T123"/><instruction code="OR T124,T2513,0"/><instruction code="OR T126,T6,0"/><instruction code="SETL T2514,8"/><instruction code="INCML T2514,0"/><instruction code="INCMH T2514,0"/><instruction code="INCH T2514,0"/><instruction code="NEG T2514,0,T2514"/><instruction code="OR T127,T2514,0"/><instruction code="ADD T2515,T126,T127"/><instruction code="OR T128,T2515,0"/><instruction code="LDO T2516,T128,0"/><instruction code="OR T129,T2516,0"/><instruction code="SETL T2517,1"/><instruction code="INCML T2517,0"/><instruction code="INCMH T2517,0"/><instruction code="INCH T2517,0"/><instruction code="OR T130,T2517,0"/><instruction code="ADD T2518,T129,T130"/><instruction code="OR T131,T2518,0"/><instruction code="STO T131,T124,0"/><instruction code="JMP L12"/><instruction code="L14"/><instruction code="SETL T2521,0"/><instruction code="INCML T2521,0"/><instruction code="INCMH T2521,0"/><instruction code="INCH T2521,0"/><instruction code="OR T132,T2521,0"/><instruction code="LDA T2522,L15"/><instruction code="OR T133,T2522,0"/><instruction code="STO T132,$254,0"/><instruction code="STO T133,$254,8"/><instruction code="PUSHJ $8,_putString"/><instruction code="LDO T2524,$254,0"/><instruction code="OR T134,T2524,0"/><instruction code="SETL T2525,0"/><instruction code="INCML T2525,0"/><instruction code="INCMH T2525,0"/><instruction code="INCH T2525,0"/><instruction code="OR T135,T2525,0"/><instruction code="SETL T2526,10"/><instruction code="INCML T2526,0"/><instruction code="INCMH T2526,0"/><instruction code="INCH T2526,0"/><instruction code="OR T136,T2526,0"/><instruction code="SETL T2527,256"/><instruction code="INCML T2527,0"/><instruction code="INCMH T2527,0"/><instruction code="INCH T2527,0"/><instruction code="OR T137,T2527,0"/><instruction code="DIV T2528,T136,T137"/><instruction code="GET T2528,rR"/><instruction code="OR T138,T2528,0"/><instruction code="STO T135,$254,0"/><instruction code="STO T138,$254,8"/><instruction code="PUSHJ $8,_putChar"/><instruction code="LDO T2530,$254,0"/><instruction code="OR T139,T2530,0"/><instruction code="OR T140,T6,0"/><instruction code="SETL T2531,8"/><instruction code="INCML T2531,0"/><instruction code="INCMH T2531,0"/><instruction code="INCH T2531,0"/><instruction code="NEG T2531,0,T2531"/><instruction code="OR T141,T2531,0"/><instruction code="ADD T2532,T140,T141"/><instruction code="OR T142,T2532,0"/><instruction code="SETL T2533,1"/><instruction code="INCML T2533,0"/><instruction code="INCMH T2533,0"/><instruction code="INCH T2533,0"/><instruction code="OR T144,T2533,0"/><instruction code="STO T144,T142,0"/><instruction code="L17"/><instruction code="OR T145,T6,0"/><instruction code="SETL T2535,8"/><instruction code="INCML T2535,0"/><instruction code="INCMH T2535,0"/><instruction code="INCH T2535,0"/><instruction code="NEG T2535,0,T2535"/><instruction code="OR T146,T2535,0"/><instruction code="ADD T2536,T145,T146"/><instruction code="OR T147,T2536,0"/><instruction code="LDO T2537,T147,0"/><instruction code="OR T148,T2537,0"/><instruction code="SETL T2538,10"/><instruction code="INCML T2538,0"/><instruction code="INCMH T2538,0"/><instruction code="INCH T2538,0"/><instruction code="OR T149,T2538,0"/><instruction code="CMP T2539,T148,T149"/><instruction code="ZSNP T2539,T2539,1"/><instruction code="OR T150,T2539,0"/><instruction code="BNZ T150,L18"/><instruction code="L108"/><instruction code="JMP L19"/><instruction code="L18"/><instruction code="SETL T2541,0"/><instruction code="INCML T2541,0"/><instruction code="INCMH T2541,0"/><instruction code="INCH T2541,0"/><instruction code="OR T151,T2541,0"/><instruction code="OR T152,T6,0"/><instruction code="SETL T2542,8"/><instruction code="INCML T2542,0"/><instruction code="INCMH T2542,0"/><instruction code="INCH T2542,0"/><instruction code="NEG T2542,0,T2542"/><instruction code="OR T153,T2542,0"/><instruction code="ADD T2543,T152,T153"/><instruction code="OR T154,T2543,0"/><instruction code="LDO T2544,T154,0"/><instruction code="OR T155,T2544,0"/><instruction code="STO T151,$254,0"/><instruction code="STO T155,$254,8"/><instruction code="PUSHJ $8,_putInt"/><instruction code="LDO T2546,$254,0"/><instruction code="OR T156,T2546,0"/><instruction code="SETL T2547,0"/><instruction code="INCML T2547,0"/><instruction code="INCMH T2547,0"/><instruction code="INCH T2547,0"/><instruction code="OR T157,T2547,0"/><instruction code="LDA T2548,L16"/><instruction code="OR T158,T2548,0"/><instruction code="STO T157,$254,0"/><instruction code="STO T158,$254,8"/><instruction code="PUSHJ $8,_putString"/><instruction code="LDO T2550,$254,0"/><instruction code="OR T159,T2550,0"/><instruction code="SETL T2551,0"/><instruction code="INCML T2551,0"/><instruction code="INCMH T2551,0"/><instruction code="INCH T2551,0"/><instruction code="OR T160,T2551,0"/><instruction code="SETL T2552,0"/><instruction code="INCML T2552,0"/><instruction code="INCMH T2552,0"/><instruction code="INCH T2552,0"/><instruction code="OR T161,T2552,0"/><instruction code="OR T162,T6,0"/><instruction code="SETL T2553,8"/><instruction code="INCML T2553,0"/><instruction code="INCMH T2553,0"/><instruction code="INCH T2553,0"/><instruction code="NEG T2553,0,T2553"/><instruction code="OR T163,T2553,0"/><instruction code="ADD T2554,T162,T163"/><instruction code="OR T164,T2554,0"/><instruction code="LDO T2555,T164,0"/><instruction code="OR T165,T2555,0"/><instruction code="STO T161,$254,0"/><instruction code="STO T165,$254,8"/><instruction code="PUSHJ $8,_fibItr"/><instruction code="LDO T2557,$254,0"/><instruction code="OR T166,T2557,0"/><instruction code="STO T160,$254,0"/><instruction code="STO T166,$254,8"/><instruction code="PUSHJ $8,_putInt"/><instruction code="LDO T2559,$254,0"/><instruction code="OR T167,T2559,0"/><instruction code="SETL T2560,0"/><instruction code="INCML T2560,0"/><instruction code="INCMH T2560,0"/><instruction code="INCH T2560,0"/><instruction code="OR T168,T2560,0"/><instruction code="SETL T2561,10"/><instruction code="INCML T2561,0"/><instruction code="INCMH T2561,0"/><instruction code="INCH T2561,0"/><instruction code="OR T169,T2561,0"/><instruction code="SETL T2562,256"/><instruction code="INCML T2562,0"/><instruction code="INCMH T2562,0"/><instruction code="INCH T2562,0"/><instruction code="OR T170,T2562,0"/><instruction code="DIV T2563,T169,T170"/><instruction code="GET T2563,rR"/><instruction code="OR T171,T2563,0"/><instruction code="STO T168,$254,0"/><instruction code="STO T171,$254,8"/><instruction code="PUSHJ $8,_putChar"/><instruction code="LDO T2565,$254,0"/><instruction code="OR T172,T2565,0"/><instruction code="OR T173,T6,0"/><instruction code="SETL T2566,8"/><instruction code="INCML T2566,0"/><instruction code="INCMH T2566,0"/><instruction code="INCH T2566,0"/><instruction code="NEG T2566,0,T2566"/><instruction code="OR T174,T2566,0"/><instruction code="ADD T2567,T173,T174"/><instruction code="OR T175,T2567,0"/><instruction code="OR T177,T6,0"/><instruction code="SETL T2568,8"/><instruction code="INCML T2568,0"/><instruction code="INCMH T2568,0"/><instruction code="INCH T2568,0"/><instruction code="NEG T2568,0,T2568"/><instruction code="OR T178,T2568,0"/><instruction code="ADD T2569,T177,T178"/><instruction code="OR T179,T2569,0"/><instruction code="LDO T2570,T179,0"/><instruction code="OR T180,T2570,0"/><instruction code="SETL T2571,1"/><instruction code="INCML T2571,0"/><instruction code="INCMH T2571,0"/><instruction code="INCH T2571,0"/><instruction code="OR T181,T2571,0"/><instruction code="ADD T2572,T180,T181"/><instruction code="OR T182,T2572,0"/><instruction code="STO T182,T175,0"/><instruction code="JMP L17"/><instruction code="L19"/><instruction code="SETL T2575,0"/><instruction code="INCML T2575,0"/><instruction code="INCMH T2575,0"/><instruction code="INCH T2575,0"/><instruction code="OR T183,T2575,0"/><instruction code="LDA T2576,L20"/><instruction code="OR T184,T2576,0"/><instruction code="STO T183,$254,0"/><instruction code="STO T184,$254,8"/><instruction code="PUSHJ $8,_putString"/><instruction code="LDO T2578,$254,0"/><instruction code="OR T185,T2578,0"/><instruction code="SETL T2579,0"/><instruction code="INCML T2579,0"/><instruction code="INCMH T2579,0"/><instruction code="INCH T2579,0"/><instruction code="OR T186,T2579,0"/><instruction code="SETL T2580,10"/><instruction code="INCML T2580,0"/><instruction code="INCMH T2580,0"/><instruction code="INCH T2580,0"/><instruction code="OR T187,T2580,0"/><instruction code="SETL T2581,256"/><instruction code="INCML T2581,0"/><instruction code="INCMH T2581,0"/><instruction code="INCH T2581,0"/><instruction code="OR T188,T2581,0"/><instruction code="DIV T2582,T187,T188"/><instruction code="GET T2582,rR"/><instruction code="OR T189,T2582,0"/><instruction code="STO T186,$254,0"/><instruction code="STO T189,$254,8"/><instruction code="PUSHJ $8,_putChar"/><instruction code="LDO T2584,$254,0"/><instruction code="OR T190,T2584,0"/><instruction code="OR T191,T6,0"/><instruction code="SETL T2585,8"/><instruction code="INCML T2585,0"/><instruction code="INCMH T2585,0"/><instruction code="INCH T2585,0"/><instruction code="NEG T2585,0,T2585"/><instruction code="OR T192,T2585,0"/><instruction code="ADD T2586,T191,T192"/><instruction code="OR T193,T2586,0"/><instruction code="SETL T2587,1"/><instruction code="INCML T2587,0"/><instruction code="INCMH T2587,0"/><instruction code="INCH T2587,0"/><instruction code="OR T195,T2587,0"/><instruction code="STO T195,T193,0"/><instruction code="L22"/><instruction code="OR T196,T6,0"/><instruction code="SETL T2589,8"/><instruction code="INCML T2589,0"/><instruction code="INCMH T2589,0"/><instruction code="INCH T2589,0"/><instruction code="NEG T2589,0,T2589"/><instruction code="OR T197,T2589,0"/><instruction code="ADD T2590,T196,T197"/><instruction code="OR T198,T2590,0"/><instruction code="LDO T2591,T198,0"/><instruction code="OR T199,T2591,0"/><instruction code="SETL T2592,10"/><instruction code="INCML T2592,0"/><instruction code="INCMH T2592,0"/><instruction code="INCH T2592,0"/><instruction code="OR T200,T2592,0"/><instruction code="CMP T2593,T199,T200"/><instruction code="ZSNP T2593,T2593,1"/><instruction code="OR T201,T2593,0"/><instruction code="BNZ T201,L23"/><instruction code="L109"/><instruction code="JMP L24"/><instruction code="L23"/><instruction code="SETL T2595,0"/><instruction code="INCML T2595,0"/><instruction code="INCMH T2595,0"/><instruction code="INCH T2595,0"/><instruction code="OR T202,T2595,0"/><instruction code="OR T203,T6,0"/><instruction code="SETL T2596,8"/><instruction code="INCML T2596,0"/><instruction code="INCMH T2596,0"/><instruction code="INCH T2596,0"/><instruction code="NEG T2596,0,T2596"/><instruction code="OR T204,T2596,0"/><instruction code="ADD T2597,T203,T204"/><instruction code="OR T205,T2597,0"/><instruction code="LDO T2598,T205,0"/><instruction code="OR T206,T2598,0"/><instruction code="STO T202,$254,0"/><instruction code="STO T206,$254,8"/><instruction code="PUSHJ $8,_putInt"/><instruction code="LDO T2600,$254,0"/><instruction code="OR T207,T2600,0"/><instruction code="SETL T2601,0"/><instruction code="INCML T2601,0"/><instruction code="INCMH T2601,0"/><instruction code="INCH T2601,0"/><instruction code="OR T208,T2601,0"/><instruction code="LDA T2602,L21"/><instruction code="OR T209,T2602,0"/><instruction code="STO T208,$254,0"/><instruction code="STO T209,$254,8"/><instruction code="PUSHJ $8,_putString"/><instruction code="LDO T2604,$254,0"/><instruction code="OR T210,T2604,0"/><instruction code="SETL T2605,0"/><instruction code="INCML T2605,0"/><instruction code="INCMH T2605,0"/><instruction code="INCH T2605,0"/><instruction code="OR T211,T2605,0"/><instruction code="SETL T2606,0"/><instruction code="INCML T2606,0"/><instruction code="INCMH T2606,0"/><instruction code="INCH T2606,0"/><instruction code="OR T212,T2606,0"/><instruction code="OR T213,T6,0"/><instruction code="SETL T2607,8"/><instruction code="INCML T2607,0"/><instruction code="INCMH T2607,0"/><instruction code="INCH T2607,0"/><instruction code="NEG T2607,0,T2607"/><instruction code="OR T214,T2607,0"/><instruction code="ADD T2608,T213,T214"/><instruction code="OR T215,T2608,0"/><instruction code="LDO T2609,T215,0"/><instruction code="OR T216,T2609,0"/><instruction code="STO T212,$254,0"/><instruction code="STO T216,$254,8"/><instruction code="PUSHJ $8,_fibRec"/><instruction code="LDO T2611,$254,0"/><instruction code="OR T217,T2611,0"/><instruction code="STO T211,$254,0"/><instruction code="STO T217,$254,8"/><instruction code="PUSHJ $8,_putInt"/><instruction code="LDO T2613,$254,0"/><instruction code="OR T218,T2613,0"/><instruction code="SETL T2614,0"/><instruction code="INCML T2614,0"/><instruction code="INCMH T2614,0"/><instruction code="INCH T2614,0"/><instruction code="OR T219,T2614,0"/><instruction code="SETL T2615,10"/><instruction code="INCML T2615,0"/><instruction code="INCMH T2615,0"/><instruction code="INCH T2615,0"/><instruction code="OR T220,T2615,0"/><instruction code="SETL T2616,256"/><instruction code="INCML T2616,0"/><instruction code="INCMH T2616,0"/><instruction code="INCH T2616,0"/><instruction code="OR T221,T2616,0"/><instruction code="DIV T2617,T220,T221"/><instruction code="GET T2617,rR"/><instruction code="OR T222,T2617,0"/><instruction code="STO T219,$254,0"/><instruction code="STO T222,$254,8"/><instruction code="PUSHJ $8,_putChar"/><instruction code="LDO T2619,$254,0"/><instruction code="OR T223,T2619,0"/><instruction code="OR T224,T6,0"/><instruction code="SETL T2620,8"/><instruction code="INCML T2620,0"/><instruction code="INCMH T2620,0"/><instruction code="INCH T2620,0"/><instruction code="NEG T2620,0,T2620"/><instruction code="OR T225,T2620,0"/><instruction code="ADD T2621,T224,T225"/><instruction code="OR T226,T2621,0"/><instruction code="OR T228,T6,0"/><instruction code="SETL T2622,8"/><instruction code="INCML T2622,0"/><instruction code="INCMH T2622,0"/><instruction code="INCH T2622,0"/><instruction code="NEG T2622,0,T2622"/><instruction code="OR T229,T2622,0"/><instruction code="ADD T2623,T228,T229"/><instruction code="OR T230,T2623,0"/><instruction code="LDO T2624,T230,0"/><instruction code="OR T231,T2624,0"/><instruction code="SETL T2625,1"/><instruction code="INCML T2625,0"/><instruction code="INCMH T2625,0"/><instruction code="INCH T2625,0"/><instruction code="OR T232,T2625,0"/><instruction code="ADD T2626,T231,T232"/><instruction code="OR T233,T2626,0"/><instruction code="STO T233,T226,0"/><instruction code="JMP L22"/><instruction code="L24"/><instruction code="SETL T2629,0"/><instruction code="INCML T2629,0"/><instruction code="INCMH T2629,0"/><instruction code="INCH T2629,0"/><instruction code="OR T234,T2629,0"/><instruction code="LDA T2630,L25"/><instruction code="OR T235,T2630,0"/><instruction code="STO T234,$254,0"/><instruction code="STO T235,$254,8"/><instruction code="PUSHJ $8,_putString"/><instruction code="LDO T2632,$254,0"/><instruction code="OR T236,T2632,0"/><instruction code="SETL T2633,0"/><instruction code="INCML T2633,0"/><instruction code="INCMH T2633,0"/><instruction code="INCH T2633,0"/><instruction code="OR T237,T2633,0"/><instruction code="SETL T2634,10"/><instruction code="INCML T2634,0"/><instruction code="INCMH T2634,0"/><instruction code="INCH T2634,0"/><instruction code="OR T238,T2634,0"/><instruction code="SETL T2635,256"/><instruction code="INCML T2635,0"/><instruction code="INCMH T2635,0"/><instruction code="INCH T2635,0"/><instruction code="OR T239,T2635,0"/><instruction code="DIV T2636,T238,T239"/><instruction code="GET T2636,rR"/><instruction code="OR T240,T2636,0"/><instruction code="STO T237,$254,0"/><instruction code="STO T240,$254,8"/><instruction code="PUSHJ $8,_putChar"/><instruction code="LDO T2638,$254,0"/><instruction code="OR T241,T2638,0"/><instruction code="SETL T2639,0"/><instruction code="INCML T2639,0"/><instruction code="INCMH T2639,0"/><instruction code="INCH T2639,0"/><instruction code="OR T242,T2639,0"/><instruction code="SETL T2640,4"/><instruction code="INCML T2640,0"/><instruction code="INCMH T2640,0"/><instruction code="INCH T2640,0"/><instruction code="OR T243,T2640,0"/><instruction code="SETL T2641,3"/><instruction code="INCML T2641,0"/><instruction code="INCMH T2641,0"/><instruction code="INCH T2641,0"/><instruction code="OR T244,T2641,0"/><instruction code="STO T242,$254,0"/><instruction code="STO T243,$254,8"/><instruction code="STO T244,$254,16"/><instruction code="PUSHJ $8,_combs"/><instruction code="LDO T2643,$254,0"/><instruction code="OR T245,T2643,0"/><instruction code="SETL T2644,0"/><instruction code="INCML T2644,0"/><instruction code="INCMH T2644,0"/><instruction code="INCH T2644,0"/><instruction code="OR T246,T2644,0"/><instruction code="LDA T2645,L26"/><instruction code="OR T247,T2645,0"/><instruction code="STO T246,$254,0"/><instruction code="STO T247,$254,8"/><instruction code="PUSHJ $8,_putString"/><instruction code="LDO T2647,$254,0"/><instruction code="OR T248,T2647,0"/><instruction code="SETL T2648,0"/><instruction code="INCML T2648,0"/><instruction code="INCMH T2648,0"/><instruction code="INCH T2648,0"/><instruction code="OR T249,T2648,0"/><instruction code="SETL T2649,10"/><instruction code="INCML T2649,0"/><instruction code="INCMH T2649,0"/><instruction code="INCH T2649,0"/><instruction code="OR T250,T2649,0"/><instruction code="SETL T2650,256"/><instruction code="INCML T2650,0"/><instruction code="INCMH T2650,0"/><instruction code="INCH T2650,0"/><instruction code="OR T251,T2650,0"/><instruction code="DIV T2651,T250,T251"/><instruction code="GET T2651,rR"/><instruction code="OR T252,T2651,0"/><instruction code="STO T249,$254,0"/><instruction code="STO T252,$254,8"/><instruction code="PUSHJ $8,_putChar"/><instruction code="LDO T2653,$254,0"/><instruction code="OR T253,T2653,0"/><instruction code="OR T254,T6,0"/><instruction code="SETL T2654,664"/><instruction code="INCML T2654,0"/><instruction code="INCMH T2654,0"/><instruction code="INCH T2654,0"/><instruction code="NEG T2654,0,T2654"/><instruction code="OR T255,T2654,0"/><instruction code="ADD T2655,T254,T255"/><instruction code="OR T256,T2655,0"/><instruction code="SETL T2656,0"/><instruction code="INCML T2656,0"/><instruction code="INCMH T2656,0"/><instruction code="INCH T2656,0"/><instruction code="OR T257,T2656,0"/><instruction code="SETL T2657,72"/><instruction code="INCML T2657,0"/><instruction code="INCMH T2657,0"/><instruction code="INCH T2657,0"/><instruction code="OR T258,T2657,0"/><instruction code="MUL T2658,T257,T258"/><instruction code="OR T259,T2658,0"/><instruction code="ADD T2659,T256,T259"/><instruction code="OR T260,T2659,0"/><instruction code="SETL T2660,0"/><instruction code="INCML T2660,0"/><instruction code="INCMH T2660,0"/><instruction code="INCH T2660,0"/><instruction code="OR T261,T2660,0"/><instruction code="SETL T2661,8"/><instruction code="INCML T2661,0"/><instruction code="INCMH T2661,0"/><instruction code="INCH T2661,0"/><instruction code="OR T262,T2661,0"/><instruction code="MUL T2662,T261,T262"/><instruction code="OR T263,T2662,0"/><instruction code="ADD T2663,T260,T263"/><instruction code="OR T264,T2663,0"/><instruction code="SETL T2664,0"/><instruction code="INCML T2664,0"/><instruction code="INCMH T2664,0"/><instruction code="INCH T2664,0"/><instruction code="OR T266,T2664,0"/><instruction code="STO T266,T264,0"/><instruction code="OR T267,T6,0"/><instruction code="SETL T2666,664"/><instruction code="INCML T2666,0"/><instruction code="INCMH T2666,0"/><instruction code="INCH T2666,0"/><instruction code="NEG T2666,0,T2666"/><instruction code="OR T268,T2666,0"/><instruction code="ADD T2667,T267,T268"/><instruction code="OR T269,T2667,0"/><instruction code="SETL T2668,0"/><instruction code="INCML T2668,0"/><instruction code="INCMH T2668,0"/><instruction code="INCH T2668,0"/><instruction code="OR T270,T2668,0"/><instruction code="SETL T2669,72"/><instruction code="INCML T2669,0"/><instruction code="INCMH T2669,0"/><instruction code="INCH T2669,0"/><instruction code="OR T271,T2669,0"/><instruction code="MUL T2670,T270,T271"/><instruction code="OR T272,T2670,0"/><instruction code="ADD T2671,T269,T272"/><instruction code="OR T273,T2671,0"/><instruction code="SETL T2672,1"/><instruction code="INCML T2672,0"/><instruction code="INCMH T2672,0"/><instruction code="INCH T2672,0"/><instruction code="OR T274,T2672,0"/><instruction code="SETL T2673,8"/><instruction code="INCML T2673,0"/><instruction code="INCMH T2673,0"/><instruction code="INCH T2673,0"/><instruction code="OR T275,T2673,0"/><instruction code="MUL T2674,T274,T275"/><instruction code="OR T276,T2674,0"/><instruction code="ADD T2675,T273,T276"/><instruction code="OR T277,T2675,0"/><instruction code="SETL T2676,0"/><instruction code="INCML T2676,0"/><instruction code="INCMH T2676,0"/><instruction code="INCH T2676,0"/><instruction code="OR T279,T2676,0"/><instruction code="STO T279,T277,0"/><instruction code="OR T280,T6,0"/><instruction code="SETL T2678,664"/><instruction code="INCML T2678,0"/><instruction code="INCMH T2678,0"/><instruction code="INCH T2678,0"/><instruction code="NEG T2678,0,T2678"/><instruction code="OR T281,T2678,0"/><instruction code="ADD T2679,T280,T281"/><instruction code="OR T282,T2679,0"/><instruction code="SETL T2680,0"/><instruction code="INCML T2680,0"/><instruction code="INCMH T2680,0"/><instruction code="INCH T2680,0"/><instruction code="OR T283,T2680,0"/><instruction code="SETL T2681,72"/><instruction code="INCML T2681,0"/><instruction code="INCMH T2681,0"/><instruction code="INCH T2681,0"/><instruction code="OR T284,T2681,0"/><instruction code="MUL T2682,T283,T284"/><instruction code="OR T285,T2682,0"/><instruction code="ADD T2683,T282,T285"/><instruction code="OR T286,T2683,0"/><instruction code="SETL T2684,2"/><instruction code="INCML T2684,0"/><instruction code="INCMH T2684,0"/><instruction code="INCH T2684,0"/><instruction code="OR T287,T2684,0"/><instruction code="SETL T2685,8"/><instruction code="INCML T2685,0"/><instruction code="INCMH T2685,0"/><instruction code="INCH T2685,0"/><instruction code="OR T288,T2685,0"/><instruction code="MUL T2686,T287,T288"/><instruction code="OR T289,T2686,0"/><instruction code="ADD T2687,T286,T289"/><instruction code="OR T290,T2687,0"/><instruction code="SETL T2688,3"/><instruction code="INCML T2688,0"/><instruction code="INCMH T2688,0"/><instruction code="INCH T2688,0"/><instruction code="OR T292,T2688,0"/><instruction code="STO T292,T290,0"/><instruction code="OR T293,T6,0"/><instruction code="SETL T2690,664"/><instruction code="INCML T2690,0"/><instruction code="INCMH T2690,0"/><instruction code="INCH T2690,0"/><instruction code="NEG T2690,0,T2690"/><instruction code="OR T294,T2690,0"/><instruction code="ADD T2691,T293,T294"/><instruction code="OR T295,T2691,0"/><instruction code="SETL T2692,0"/><instruction code="INCML T2692,0"/><instruction code="INCMH T2692,0"/><instruction code="INCH T2692,0"/><instruction code="OR T296,T2692,0"/><instruction code="SETL T2693,72"/><instruction code="INCML T2693,0"/><instruction code="INCMH T2693,0"/><instruction code="INCH T2693,0"/><instruction code="OR T297,T2693,0"/><instruction code="MUL T2694,T296,T297"/><instruction code="OR T298,T2694,0"/><instruction code="ADD T2695,T295,T298"/><instruction code="OR T299,T2695,0"/><instruction code="SETL T2696,3"/><instruction code="INCML T2696,0"/><instruction code="INCMH T2696,0"/><instruction code="INCH T2696,0"/><instruction code="OR T300,T2696,0"/><instruction code="SETL T2697,8"/><instruction code="INCML T2697,0"/><instruction code="INCMH T2697,0"/><instruction code="INCH T2697,0"/><instruction code="OR T301,T2697,0"/><instruction code="MUL T2698,T300,T301"/><instruction code="OR T302,T2698,0"/><instruction code="ADD T2699,T299,T302"/><instruction code="OR T303,T2699,0"/><instruction code="SETL T2700,0"/><instruction code="INCML T2700,0"/><instruction code="INCMH T2700,0"/><instruction code="INCH T2700,0"/><instruction code="OR T305,T2700,0"/><instruction code="STO T305,T303,0"/><instruction code="OR T306,T6,0"/><instruction code="SETL T2702,664"/><instruction code="INCML T2702,0"/><instruction code="INCMH T2702,0"/><instruction code="INCH T2702,0"/><instruction code="NEG T2702,0,T2702"/><instruction code="OR T307,T2702,0"/><instruction code="ADD T2703,T306,T307"/><instruction code="OR T308,T2703,0"/><instruction code="SETL T2704,0"/><instruction code="INCML T2704,0"/><instruction code="INCMH T2704,0"/><instruction code="INCH T2704,0"/><instruction code="OR T309,T2704,0"/><instruction code="SETL T2705,72"/><instruction code="INCML T2705,0"/><instruction code="INCMH T2705,0"/><instruction code="INCH T2705,0"/><instruction code="OR T310,T2705,0"/><instruction code="MUL T2706,T309,T310"/><instruction code="OR T311,T2706,0"/><instruction code="ADD T2707,T308,T311"/><instruction code="OR T312,T2707,0"/><instruction code="SETL T2708,4"/><instruction code="INCML T2708,0"/><instruction code="INCMH T2708,0"/><instruction code="INCH T2708,0"/><instruction code="OR T313,T2708,0"/><instruction code="SETL T2709,8"/><instruction code="INCML T2709,0"/><instruction code="INCMH T2709,0"/><instruction code="INCH T2709,0"/><instruction code="OR T314,T2709,0"/><instruction code="MUL T2710,T313,T314"/><instruction code="OR T315,T2710,0"/><instruction code="ADD T2711,T312,T315"/><instruction code="OR T316,T2711,0"/><instruction code="SETL T2712,0"/><instruction code="INCML T2712,0"/><instruction code="INCMH T2712,0"/><instruction code="INCH T2712,0"/><instruction code="OR T318,T2712,0"/><instruction code="STO T318,T316,0"/><instruction code="OR T319,T6,0"/><instruction code="SETL T2714,664"/><instruction code="INCML T2714,0"/><instruction code="INCMH T2714,0"/><instruction code="INCH T2714,0"/><instruction code="NEG T2714,0,T2714"/><instruction code="OR T320,T2714,0"/><instruction code="ADD T2715,T319,T320"/><instruction code="OR T321,T2715,0"/><instruction code="SETL T2716,0"/><instruction code="INCML T2716,0"/><instruction code="INCMH T2716,0"/><instruction code="INCH T2716,0"/><instruction code="OR T322,T2716,0"/><instruction code="SETL T2717,72"/><instruction code="INCML T2717,0"/><instruction code="INCMH T2717,0"/><instruction code="INCH T2717,0"/><instruction code="OR T323,T2717,0"/><instruction code="MUL T2718,T322,T323"/><instruction code="OR T324,T2718,0"/><instruction code="ADD T2719,T321,T324"/><instruction code="OR T325,T2719,0"/><instruction code="SETL T2720,5"/><instruction code="INCML T2720,0"/><instruction code="INCMH T2720,0"/><instruction code="INCH T2720,0"/><instruction code="OR T326,T2720,0"/><instruction code="SETL T2721,8"/><instruction code="INCML T2721,0"/><instruction code="INCMH T2721,0"/><instruction code="INCH T2721,0"/><instruction code="OR T327,T2721,0"/><instruction code="MUL T2722,T326,T327"/><instruction code="OR T328,T2722,0"/><instruction code="ADD T2723,T325,T328"/><instruction code="OR T329,T2723,0"/><instruction code="SETL T2724,0"/><instruction code="INCML T2724,0"/><instruction code="INCMH T2724,0"/><instruction code="INCH T2724,0"/><instruction code="OR T331,T2724,0"/><instruction code="STO T331,T329,0"/><instruction code="OR T332,T6,0"/><instruction code="SETL T2726,664"/><instruction code="INCML T2726,0"/><instruction code="INCMH T2726,0"/><instruction code="INCH T2726,0"/><instruction code="NEG T2726,0,T2726"/><instruction code="OR T333,T2726,0"/><instruction code="ADD T2727,T332,T333"/><instruction code="OR T334,T2727,0"/><instruction code="SETL T2728,0"/><instruction code="INCML T2728,0"/><instruction code="INCMH T2728,0"/><instruction code="INCH T2728,0"/><instruction code="OR T335,T2728,0"/><instruction code="SETL T2729,72"/><instruction code="INCML T2729,0"/><instruction code="INCMH T2729,0"/><instruction code="INCH T2729,0"/><instruction code="OR T336,T2729,0"/><instruction code="MUL T2730,T335,T336"/><instruction code="OR T337,T2730,0"/><instruction code="ADD T2731,T334,T337"/><instruction code="OR T338,T2731,0"/><instruction code="SETL T2732,6"/><instruction code="INCML T2732,0"/><instruction code="INCMH T2732,0"/><instruction code="INCH T2732,0"/><instruction code="OR T339,T2732,0"/><instruction code="SETL T2733,8"/><instruction code="INCML T2733,0"/><instruction code="INCMH T2733,0"/><instruction code="INCH T2733,0"/><instruction code="OR T340,T2733,0"/><instruction code="MUL T2734,T339,T340"/><instruction code="OR T341,T2734,0"/><instruction code="ADD T2735,T338,T341"/><instruction code="OR T342,T2735,0"/><instruction code="SETL T2736,0"/><instruction code="INCML T2736,0"/><instruction code="INCMH T2736,0"/><instruction code="INCH T2736,0"/><instruction code="OR T344,T2736,0"/><instruction code="STO T344,T342,0"/><instruction code="OR T345,T6,0"/><instruction code="SETL T2738,664"/><instruction code="INCML T2738,0"/><instruction code="INCMH T2738,0"/><instruction code="INCH T2738,0"/><instruction code="NEG T2738,0,T2738"/><instruction code="OR T346,T2738,0"/><instruction code="ADD T2739,T345,T346"/><instruction code="OR T347,T2739,0"/><instruction code="SETL T2740,0"/><instruction code="INCML T2740,0"/><instruction code="INCMH T2740,0"/><instruction code="INCH T2740,0"/><instruction code="OR T348,T2740,0"/><instruction code="SETL T2741,72"/><instruction code="INCML T2741,0"/><instruction code="INCMH T2741,0"/><instruction code="INCH T2741,0"/><instruction code="OR T349,T2741,0"/><instruction code="MUL T2742,T348,T349"/><instruction code="OR T350,T2742,0"/><instruction code="ADD T2743,T347,T350"/><instruction code="OR T351,T2743,0"/><instruction code="SETL T2744,7"/><instruction code="INCML T2744,0"/><instruction code="INCMH T2744,0"/><instruction code="INCH T2744,0"/><instruction code="OR T352,T2744,0"/><instruction code="SETL T2745,8"/><instruction code="INCML T2745,0"/><instruction code="INCMH T2745,0"/><instruction code="INCH T2745,0"/><instruction code="OR T353,T2745,0"/><instruction code="MUL T2746,T352,T353"/><instruction code="OR T354,T2746,0"/><instruction code="ADD T2747,T351,T354"/><instruction code="OR T355,T2747,0"/><instruction code="SETL T2748,9"/><instruction code="INCML T2748,0"/><instruction code="INCMH T2748,0"/><instruction code="INCH T2748,0"/><instruction code="OR T357,T2748,0"/><instruction code="STO T357,T355,0"/><instruction code="OR T358,T6,0"/><instruction code="SETL T2750,664"/><instruction code="INCML T2750,0"/><instruction code="INCMH T2750,0"/><instruction code="INCH T2750,0"/><instruction code="NEG T2750,0,T2750"/><instruction code="OR T359,T2750,0"/><instruction code="ADD T2751,T358,T359"/><instruction code="OR T360,T2751,0"/><instruction code="SETL T2752,0"/><instruction code="INCML T2752,0"/><instruction code="INCMH T2752,0"/><instruction code="INCH T2752,0"/><instruction code="OR T361,T2752,0"/><instruction code="SETL T2753,72"/><instruction code="INCML T2753,0"/><instruction code="INCMH T2753,0"/><instruction code="INCH T2753,0"/><instruction code="OR T362,T2753,0"/><instruction code="MUL T2754,T361,T362"/><instruction code="OR T363,T2754,0"/><instruction code="ADD T2755,T360,T363"/><instruction code="OR T364,T2755,0"/><instruction code="SETL T2756,8"/><instruction code="INCML T2756,0"/><instruction code="INCMH T2756,0"/><instruction code="INCH T2756,0"/><instruction code="OR T365,T2756,0"/><instruction code="SETL T2757,8"/><instruction code="INCML T2757,0"/><instruction code="INCMH T2757,0"/><instruction code="INCH T2757,0"/><instruction code="OR T366,T2757,0"/><instruction code="MUL T2758,T365,T366"/><instruction code="OR T367,T2758,0"/><instruction code="ADD T2759,T364,T367"/><instruction code="OR T368,T2759,0"/><instruction code="SETL T2760,0"/><instruction code="INCML T2760,0"/><instruction code="INCMH T2760,0"/><instruction code="INCH T2760,0"/><instruction code="OR T370,T2760,0"/><instruction code="STO T370,T368,0"/><instruction code="OR T371,T6,0"/><instruction code="SETL T2762,664"/><instruction code="INCML T2762,0"/><instruction code="INCMH T2762,0"/><instruction code="INCH T2762,0"/><instruction code="NEG T2762,0,T2762"/><instruction code="OR T372,T2762,0"/><instruction code="ADD T2763,T371,T372"/><instruction code="OR T373,T2763,0"/><instruction code="SETL T2764,1"/><instruction code="INCML T2764,0"/><instruction code="INCMH T2764,0"/><instruction code="INCH T2764,0"/><instruction code="OR T374,T2764,0"/><instruction code="SETL T2765,72"/><instruction code="INCML T2765,0"/><instruction code="INCMH T2765,0"/><instruction code="INCH T2765,0"/><instruction code="OR T375,T2765,0"/><instruction code="MUL T2766,T374,T375"/><instruction code="OR T376,T2766,0"/><instruction code="ADD T2767,T373,T376"/><instruction code="OR T377,T2767,0"/><instruction code="SETL T2768,0"/><instruction code="INCML T2768,0"/><instruction code="INCMH T2768,0"/><instruction code="INCH T2768,0"/><instruction code="OR T378,T2768,0"/><instruction code="SETL T2769,8"/><instruction code="INCML T2769,0"/><instruction code="INCMH T2769,0"/><instruction code="INCH T2769,0"/><instruction code="OR T379,T2769,0"/><instruction code="MUL T2770,T378,T379"/><instruction code="OR T380,T2770,0"/><instruction code="ADD T2771,T377,T380"/><instruction code="OR T381,T2771,0"/><instruction code="SETL T2772,9"/><instruction code="INCML T2772,0"/><instruction code="INCMH T2772,0"/><instruction code="INCH T2772,0"/><instruction code="OR T383,T2772,0"/><instruction code="STO T383,T381,0"/><instruction code="OR T384,T6,0"/><instruction code="SETL T2774,664"/><instruction code="INCML T2774,0"/><instruction code="INCMH T2774,0"/><instruction code="INCH T2774,0"/><instruction code="NEG T2774,0,T2774"/><instruction code="OR T385,T2774,0"/><instruction code="ADD T2775,T384,T385"/><instruction code="OR T386,T2775,0"/><instruction code="SETL T2776,1"/><instruction code="INCML T2776,0"/><instruction code="INCMH T2776,0"/><instruction code="INCH T2776,0"/><instruction code="OR T387,T2776,0"/><instruction code="SETL T2777,72"/><instruction code="INCML T2777,0"/><instruction code="INCMH T2777,0"/><instruction code="INCH T2777,0"/><instruction code="OR T388,T2777,0"/><instruction code="MUL T2778,T387,T388"/><instruction code="OR T389,T2778,0"/><instruction code="ADD T2779,T386,T389"/><instruction code="OR T390,T2779,0"/><instruction code="SETL T2780,1"/><instruction code="INCML T2780,0"/><instruction code="INCMH T2780,0"/><instruction code="INCH T2780,0"/><instruction code="OR T391,T2780,0"/><instruction code="SETL T2781,8"/><instruction code="INCML T2781,0"/><instruction code="INCMH T2781,0"/><instruction code="INCH T2781,0"/><instruction code="OR T392,T2781,0"/><instruction code="MUL T2782,T391,T392"/><instruction code="OR T393,T2782,0"/><instruction code="ADD T2783,T390,T393"/><instruction code="OR T394,T2783,0"/><instruction code="SETL T2784,0"/><instruction code="INCML T2784,0"/><instruction code="INCMH T2784,0"/><instruction code="INCH T2784,0"/><instruction code="OR T396,T2784,0"/><instruction code="STO T396,T394,0"/><instruction code="OR T397,T6,0"/><instruction code="SETL T2786,664"/><instruction code="INCML T2786,0"/><instruction code="INCMH T2786,0"/><instruction code="INCH T2786,0"/><instruction code="NEG T2786,0,T2786"/><instruction code="OR T398,T2786,0"/><instruction code="ADD T2787,T397,T398"/><instruction code="OR T399,T2787,0"/><instruction code="SETL T2788,1"/><instruction code="INCML T2788,0"/><instruction code="INCMH T2788,0"/><instruction code="INCH T2788,0"/><instruction code="OR T400,T2788,0"/><instruction code="SETL T2789,72"/><instruction code="INCML T2789,0"/><instruction code="INCMH T2789,0"/><instruction code="INCH T2789,0"/><instruction code="OR T401,T2789,0"/><instruction code="MUL T2790,T400,T401"/><instruction code="OR T402,T2790,0"/><instruction code="ADD T2791,T399,T402"/><instruction code="OR T403,T2791,0"/><instruction code="SETL T2792,2"/><instruction code="INCML T2792,0"/><instruction code="INCMH T2792,0"/><instruction code="INCH T2792,0"/><instruction code="OR T404,T2792,0"/><instruction code="SETL T2793,8"/><instruction code="INCML T2793,0"/><instruction code="INCMH T2793,0"/><instruction code="INCH T2793,0"/><instruction code="OR T405,T2793,0"/><instruction code="MUL T2794,T404,T405"/><instruction code="OR T406,T2794,0"/><instruction code="ADD T2795,T403,T406"/><instruction code="OR T407,T2795,0"/><instruction code="SETL T2796,0"/><instruction code="INCML T2796,0"/><instruction code="INCMH T2796,0"/><instruction code="INCH T2796,0"/><instruction code="OR T409,T2796,0"/><instruction code="STO T409,T407,0"/><instruction code="OR T410,T6,0"/><instruction code="SETL T2798,664"/><instruction code="INCML T2798,0"/><instruction code="INCMH T2798,0"/><instruction code="INCH T2798,0"/><instruction code="NEG T2798,0,T2798"/><instruction code="OR T411,T2798,0"/><instruction code="ADD T2799,T410,T411"/><instruction code="OR T412,T2799,0"/><instruction code="SETL T2800,1"/><instruction code="INCML T2800,0"/><instruction code="INCMH T2800,0"/><instruction code="INCH T2800,0"/><instruction code="OR T413,T2800,0"/><instruction code="SETL T2801,72"/><instruction code="INCML T2801,0"/><instruction code="INCMH T2801,0"/><instruction code="INCH T2801,0"/><instruction code="OR T414,T2801,0"/><instruction code="MUL T2802,T413,T414"/><instruction code="OR T415,T2802,0"/><instruction code="ADD T2803,T412,T415"/><instruction code="OR T416,T2803,0"/><instruction code="SETL T2804,3"/><instruction code="INCML T2804,0"/><instruction code="INCMH T2804,0"/><instruction code="INCH T2804,0"/><instruction code="OR T417,T2804,0"/><instruction code="SETL T2805,8"/><instruction code="INCML T2805,0"/><instruction code="INCMH T2805,0"/><instruction code="INCH T2805,0"/><instruction code="OR T418,T2805,0"/><instruction code="MUL T2806,T417,T418"/><instruction code="OR T419,T2806,0"/><instruction code="ADD T2807,T416,T419"/><instruction code="OR T420,T2807,0"/><instruction code="SETL T2808,0"/><instruction code="INCML T2808,0"/><instruction code="INCMH T2808,0"/><instruction code="INCH T2808,0"/><instruction code="OR T422,T2808,0"/><instruction code="STO T422,T420,0"/><instruction code="OR T423,T6,0"/><instruction code="SETL T2810,664"/><instruction code="INCML T2810,0"/><instruction code="INCMH T2810,0"/><instruction code="INCH T2810,0"/><instruction code="NEG T2810,0,T2810"/><instruction code="OR T424,T2810,0"/><instruction code="ADD T2811,T423,T424"/><instruction code="OR T425,T2811,0"/><instruction code="SETL T2812,1"/><instruction code="INCML T2812,0"/><instruction code="INCMH T2812,0"/><instruction code="INCH T2812,0"/><instruction code="OR T426,T2812,0"/><instruction code="SETL T2813,72"/><instruction code="INCML T2813,0"/><instruction code="INCMH T2813,0"/><instruction code="INCH T2813,0"/><instruction code="OR T427,T2813,0"/><instruction code="MUL T2814,T426,T427"/><instruction code="OR T428,T2814,0"/><instruction code="ADD T2815,T425,T428"/><instruction code="OR T429,T2815,0"/><instruction code="SETL T2816,4"/><instruction code="INCML T2816,0"/><instruction code="INCMH T2816,0"/><instruction code="INCH T2816,0"/><instruction code="OR T430,T2816,0"/><instruction code="SETL T2817,8"/><instruction code="INCML T2817,0"/><instruction code="INCMH T2817,0"/><instruction code="INCH T2817,0"/><instruction code="OR T431,T2817,0"/><instruction code="MUL T2818,T430,T431"/><instruction code="OR T432,T2818,0"/><instruction code="ADD T2819,T429,T432"/><instruction code="OR T433,T2819,0"/><instruction code="SETL T2820,8"/><instruction code="INCML T2820,0"/><instruction code="INCMH T2820,0"/><instruction code="INCH T2820,0"/><instruction code="OR T435,T2820,0"/><instruction code="STO T435,T433,0"/><instruction code="OR T436,T6,0"/><instruction code="SETL T2822,664"/><instruction code="INCML T2822,0"/><instruction code="INCMH T2822,0"/><instruction code="INCH T2822,0"/><instruction code="NEG T2822,0,T2822"/><instruction code="OR T437,T2822,0"/><instruction code="ADD T2823,T436,T437"/><instruction code="OR T438,T2823,0"/><instruction code="SETL T2824,1"/><instruction code="INCML T2824,0"/><instruction code="INCMH T2824,0"/><instruction code="INCH T2824,0"/><instruction code="OR T439,T2824,0"/><instruction code="SETL T2825,72"/><instruction code="INCML T2825,0"/><instruction code="INCMH T2825,0"/><instruction code="INCH T2825,0"/><instruction code="OR T440,T2825,0"/><instruction code="MUL T2826,T439,T440"/><instruction code="OR T441,T2826,0"/><instruction code="ADD T2827,T438,T441"/><instruction code="OR T442,T2827,0"/><instruction code="SETL T2828,5"/><instruction code="INCML T2828,0"/><instruction code="INCMH T2828,0"/><instruction code="INCH T2828,0"/><instruction code="OR T443,T2828,0"/><instruction code="SETL T2829,8"/><instruction code="INCML T2829,0"/><instruction code="INCMH T2829,0"/><instruction code="INCH T2829,0"/><instruction code="OR T444,T2829,0"/><instruction code="MUL T2830,T443,T444"/><instruction code="OR T445,T2830,0"/><instruction code="ADD T2831,T442,T445"/><instruction code="OR T446,T2831,0"/><instruction code="SETL T2832,4"/><instruction code="INCML T2832,0"/><instruction code="INCMH T2832,0"/><instruction code="INCH T2832,0"/><instruction code="OR T448,T2832,0"/><instruction code="STO T448,T446,0"/><instruction code="OR T449,T6,0"/><instruction code="SETL T2834,664"/><instruction code="INCML T2834,0"/><instruction code="INCMH T2834,0"/><instruction code="INCH T2834,0"/><instruction code="NEG T2834,0,T2834"/><instruction code="OR T450,T2834,0"/><instruction code="ADD T2835,T449,T450"/><instruction code="OR T451,T2835,0"/><instruction code="SETL T2836,1"/><instruction code="INCML T2836,0"/><instruction code="INCMH T2836,0"/><instruction code="INCH T2836,0"/><instruction code="OR T452,T2836,0"/><instruction code="SETL T2837,72"/><instruction code="INCML T2837,0"/><instruction code="INCMH T2837,0"/><instruction code="INCH T2837,0"/><instruction code="OR T453,T2837,0"/><instruction code="MUL T2838,T452,T453"/><instruction code="OR T454,T2838,0"/><instruction code="ADD T2839,T451,T454"/><instruction code="OR T455,T2839,0"/><instruction code="SETL T2840,6"/><instruction code="INCML T2840,0"/><instruction code="INCMH T2840,0"/><instruction code="INCH T2840,0"/><instruction code="OR T456,T2840,0"/><instruction code="SETL T2841,8"/><instruction code="INCML T2841,0"/><instruction code="INCMH T2841,0"/><instruction code="INCH T2841,0"/><instruction code="OR T457,T2841,0"/><instruction code="MUL T2842,T456,T457"/><instruction code="OR T458,T2842,0"/><instruction code="ADD T2843,T455,T458"/><instruction code="OR T459,T2843,0"/><instruction code="SETL T2844,0"/><instruction code="INCML T2844,0"/><instruction code="INCMH T2844,0"/><instruction code="INCH T2844,0"/><instruction code="OR T461,T2844,0"/><instruction code="STO T461,T459,0"/><instruction code="OR T462,T6,0"/><instruction code="SETL T2846,664"/><instruction code="INCML T2846,0"/><instruction code="INCMH T2846,0"/><instruction code="INCH T2846,0"/><instruction code="NEG T2846,0,T2846"/><instruction code="OR T463,T2846,0"/><instruction code="ADD T2847,T462,T463"/><instruction code="OR T464,T2847,0"/><instruction code="SETL T2848,1"/><instruction code="INCML T2848,0"/><instruction code="INCMH T2848,0"/><instruction code="INCH T2848,0"/><instruction code="OR T465,T2848,0"/><instruction code="SETL T2849,72"/><instruction code="INCML T2849,0"/><instruction code="INCMH T2849,0"/><instruction code="INCH T2849,0"/><instruction code="OR T466,T2849,0"/><instruction code="MUL T2850,T465,T466"/><instruction code="OR T467,T2850,0"/><instruction code="ADD T2851,T464,T467"/><instruction code="OR T468,T2851,0"/><instruction code="SETL T2852,7"/><instruction code="INCML T2852,0"/><instruction code="INCMH T2852,0"/><instruction code="INCH T2852,0"/><instruction code="OR T469,T2852,0"/><instruction code="SETL T2853,8"/><instruction code="INCML T2853,0"/><instruction code="INCMH T2853,0"/><instruction code="INCH T2853,0"/><instruction code="OR T470,T2853,0"/><instruction code="MUL T2854,T469,T470"/><instruction code="OR T471,T2854,0"/><instruction code="ADD T2855,T468,T471"/><instruction code="OR T472,T2855,0"/><instruction code="SETL T2856,0"/><instruction code="INCML T2856,0"/><instruction code="INCMH T2856,0"/><instruction code="INCH T2856,0"/><instruction code="OR T474,T2856,0"/><instruction code="STO T474,T472,0"/><instruction code="OR T475,T6,0"/><instruction code="SETL T2858,664"/><instruction code="INCML T2858,0"/><instruction code="INCMH T2858,0"/><instruction code="INCH T2858,0"/><instruction code="NEG T2858,0,T2858"/><instruction code="OR T476,T2858,0"/><instruction code="ADD T2859,T475,T476"/><instruction code="OR T477,T2859,0"/><instruction code="SETL T2860,1"/><instruction code="INCML T2860,0"/><instruction code="INCMH T2860,0"/><instruction code="INCH T2860,0"/><instruction code="OR T478,T2860,0"/><instruction code="SETL T2861,72"/><instruction code="INCML T2861,0"/><instruction code="INCMH T2861,0"/><instruction code="INCH T2861,0"/><instruction code="OR T479,T2861,0"/><instruction code="MUL T2862,T478,T479"/><instruction code="OR T480,T2862,0"/><instruction code="ADD T2863,T477,T480"/><instruction code="OR T481,T2863,0"/><instruction code="SETL T2864,8"/><instruction code="INCML T2864,0"/><instruction code="INCMH T2864,0"/><instruction code="INCH T2864,0"/><instruction code="OR T482,T2864,0"/><instruction code="SETL T2865,8"/><instruction code="INCML T2865,0"/><instruction code="INCMH T2865,0"/><instruction code="INCH T2865,0"/><instruction code="OR T483,T2865,0"/><instruction code="MUL T2866,T482,T483"/><instruction code="OR T484,T2866,0"/><instruction code="ADD T2867,T481,T484"/><instruction code="OR T485,T2867,0"/><instruction code="SETL T2868,6"/><instruction code="INCML T2868,0"/><instruction code="INCMH T2868,0"/><instruction code="INCH T2868,0"/><instruction code="OR T487,T2868,0"/><instruction code="STO T487,T485,0"/><instruction code="OR T488,T6,0"/><instruction code="SETL T2870,664"/><instruction code="INCML T2870,0"/><instruction code="INCMH T2870,0"/><instruction code="INCH T2870,0"/><instruction code="NEG T2870,0,T2870"/><instruction code="OR T489,T2870,0"/><instruction code="ADD T2871,T488,T489"/><instruction code="OR T490,T2871,0"/><instruction code="SETL T2872,2"/><instruction code="INCML T2872,0"/><instruction code="INCMH T2872,0"/><instruction code="INCH T2872,0"/><instruction code="OR T491,T2872,0"/><instruction code="SETL T2873,72"/><instruction code="INCML T2873,0"/><instruction code="INCMH T2873,0"/><instruction code="INCH T2873,0"/><instruction code="OR T492,T2873,0"/><instruction code="MUL T2874,T491,T492"/><instruction code="OR T493,T2874,0"/><instruction code="ADD T2875,T490,T493"/><instruction code="OR T494,T2875,0"/><instruction code="SETL T2876,0"/><instruction code="INCML T2876,0"/><instruction code="INCMH T2876,0"/><instruction code="INCH T2876,0"/><instruction code="OR T495,T2876,0"/><instruction code="SETL T2877,8"/><instruction code="INCML T2877,0"/><instruction code="INCMH T2877,0"/><instruction code="INCH T2877,0"/><instruction code="OR T496,T2877,0"/><instruction code="MUL T2878,T495,T496"/><instruction code="OR T497,T2878,0"/><instruction code="ADD T2879,T494,T497"/><instruction code="OR T498,T2879,0"/><instruction code="SETL T2880,8"/><instruction code="INCML T2880,0"/><instruction code="INCMH T2880,0"/><instruction code="INCH T2880,0"/><instruction code="OR T500,T2880,0"/><instruction code="STO T500,T498,0"/><instruction code="OR T501,T6,0"/><instruction code="SETL T2882,664"/><instruction code="INCML T2882,0"/><instruction code="INCMH T2882,0"/><instruction code="INCH T2882,0"/><instruction code="NEG T2882,0,T2882"/><instruction code="OR T502,T2882,0"/><instruction code="ADD T2883,T501,T502"/><instruction code="OR T503,T2883,0"/><instruction code="SETL T2884,2"/><instruction code="INCML T2884,0"/><instruction code="INCMH T2884,0"/><instruction code="INCH T2884,0"/><instruction code="OR T504,T2884,0"/><instruction code="SETL T2885,72"/><instruction code="INCML T2885,0"/><instruction code="INCMH T2885,0"/><instruction code="INCH T2885,0"/><instruction code="OR T505,T2885,0"/><instruction code="MUL T2886,T504,T505"/><instruction code="OR T506,T2886,0"/><instruction code="ADD T2887,T503,T506"/><instruction code="OR T507,T2887,0"/><instruction code="SETL T2888,1"/><instruction code="INCML T2888,0"/><instruction code="INCMH T2888,0"/><instruction code="INCH T2888,0"/><instruction code="OR T508,T2888,0"/><instruction code="SETL T2889,8"/><instruction code="INCML T2889,0"/><instruction code="INCMH T2889,0"/><instruction code="INCH T2889,0"/><instruction code="OR T509,T2889,0"/><instruction code="MUL T2890,T508,T509"/><instruction code="OR T510,T2890,0"/><instruction code="ADD T2891,T507,T510"/><instruction code="OR T511,T2891,0"/><instruction code="SETL T2892,2"/><instruction code="INCML T2892,0"/><instruction code="INCMH T2892,0"/><instruction code="INCH T2892,0"/><instruction code="OR T513,T2892,0"/><instruction code="STO T513,T511,0"/><instruction code="OR T514,T6,0"/><instruction code="SETL T2894,664"/><instruction code="INCML T2894,0"/><instruction code="INCMH T2894,0"/><instruction code="INCH T2894,0"/><instruction code="NEG T2894,0,T2894"/><instruction code="OR T515,T2894,0"/><instruction code="ADD T2895,T514,T515"/><instruction code="OR T516,T2895,0"/><instruction code="SETL T2896,2"/><instruction code="INCML T2896,0"/><instruction code="INCMH T2896,0"/><instruction code="INCH T2896,0"/><instruction code="OR T517,T2896,0"/><instruction code="SETL T2897,72"/><instruction code="INCML T2897,0"/><instruction code="INCMH T2897,0"/><instruction code="INCH T2897,0"/><instruction code="OR T518,T2897,0"/><instruction code="MUL T2898,T517,T518"/><instruction code="OR T519,T2898,0"/><instruction code="ADD T2899,T516,T519"/><instruction code="OR T520,T2899,0"/><instruction code="SETL T2900,2"/><instruction code="INCML T2900,0"/><instruction code="INCMH T2900,0"/><instruction code="INCH T2900,0"/><instruction code="OR T521,T2900,0"/><instruction code="SETL T2901,8"/><instruction code="INCML T2901,0"/><instruction code="INCMH T2901,0"/><instruction code="INCH T2901,0"/><instruction code="OR T522,T2901,0"/><instruction code="MUL T2902,T521,T522"/><instruction code="OR T523,T2902,0"/><instruction code="ADD T2903,T520,T523"/><instruction code="OR T524,T2903,0"/><instruction code="SETL T2904,0"/><instruction code="INCML T2904,0"/><instruction code="INCMH T2904,0"/><instruction code="INCH T2904,0"/><instruction code="OR T526,T2904,0"/><instruction code="STO T526,T524,0"/><instruction code="OR T527,T6,0"/><instruction code="SETL T2906,664"/><instruction code="INCML T2906,0"/><instruction code="INCMH T2906,0"/><instruction code="INCH T2906,0"/><instruction code="NEG T2906,0,T2906"/><instruction code="OR T528,T2906,0"/><instruction code="ADD T2907,T527,T528"/><instruction code="OR T529,T2907,0"/><instruction code="SETL T2908,2"/><instruction code="INCML T2908,0"/><instruction code="INCMH T2908,0"/><instruction code="INCH T2908,0"/><instruction code="OR T530,T2908,0"/><instruction code="SETL T2909,72"/><instruction code="INCML T2909,0"/><instruction code="INCMH T2909,0"/><instruction code="INCH T2909,0"/><instruction code="OR T531,T2909,0"/><instruction code="MUL T2910,T530,T531"/><instruction code="OR T532,T2910,0"/><instruction code="ADD T2911,T529,T532"/><instruction code="OR T533,T2911,0"/><instruction code="SETL T2912,3"/><instruction code="INCML T2912,0"/><instruction code="INCMH T2912,0"/><instruction code="INCH T2912,0"/><instruction code="OR T534,T2912,0"/><instruction code="SETL T2913,8"/><instruction code="INCML T2913,0"/><instruction code="INCMH T2913,0"/><instruction code="INCH T2913,0"/><instruction code="OR T535,T2913,0"/><instruction code="MUL T2914,T534,T535"/><instruction code="OR T536,T2914,0"/><instruction code="ADD T2915,T533,T536"/><instruction code="OR T537,T2915,0"/><instruction code="SETL T2916,0"/><instruction code="INCML T2916,0"/><instruction code="INCMH T2916,0"/><instruction code="INCH T2916,0"/><instruction code="OR T539,T2916,0"/><instruction code="STO T539,T537,0"/><instruction code="OR T540,T6,0"/><instruction code="SETL T2918,664"/><instruction code="INCML T2918,0"/><instruction code="INCMH T2918,0"/><instruction code="INCH T2918,0"/><instruction code="NEG T2918,0,T2918"/><instruction code="OR T541,T2918,0"/><instruction code="ADD T2919,T540,T541"/><instruction code="OR T542,T2919,0"/><instruction code="SETL T2920,2"/><instruction code="INCML T2920,0"/><instruction code="INCMH T2920,0"/><instruction code="INCH T2920,0"/><instruction code="OR T543,T2920,0"/><instruction code="SETL T2921,72"/><instruction code="INCML T2921,0"/><instruction code="INCMH T2921,0"/><instruction code="INCH T2921,0"/><instruction code="OR T544,T2921,0"/><instruction code="MUL T2922,T543,T544"/><instruction code="OR T545,T2922,0"/><instruction code="ADD T2923,T542,T545"/><instruction code="OR T546,T2923,0"/><instruction code="SETL T2924,4"/><instruction code="INCML T2924,0"/><instruction code="INCMH T2924,0"/><instruction code="INCH T2924,0"/><instruction code="OR T547,T2924,0"/><instruction code="SETL T2925,8"/><instruction code="INCML T2925,0"/><instruction code="INCMH T2925,0"/><instruction code="INCH T2925,0"/><instruction code="OR T548,T2925,0"/><instruction code="MUL T2926,T547,T548"/><instruction code="OR T549,T2926,0"/><instruction code="ADD T2927,T546,T549"/><instruction code="OR T550,T2927,0"/><instruction code="SETL T2928,9"/><instruction code="INCML T2928,0"/><instruction code="INCMH T2928,0"/><instruction code="INCH T2928,0"/><instruction code="OR T552,T2928,0"/><instruction code="STO T552,T550,0"/><instruction code="OR T553,T6,0"/><instruction code="SETL T2930,664"/><instruction code="INCML T2930,0"/><instruction code="INCMH T2930,0"/><instruction code="INCH T2930,0"/><instruction code="NEG T2930,0,T2930"/><instruction code="OR T554,T2930,0"/><instruction code="ADD T2931,T553,T554"/><instruction code="OR T555,T2931,0"/><instruction code="SETL T2932,2"/><instruction code="INCML T2932,0"/><instruction code="INCMH T2932,0"/><instruction code="INCH T2932,0"/><instruction code="OR T556,T2932,0"/><instruction code="SETL T2933,72"/><instruction code="INCML T2933,0"/><instruction code="INCMH T2933,0"/><instruction code="INCH T2933,0"/><instruction code="OR T557,T2933,0"/><instruction code="MUL T2934,T556,T557"/><instruction code="OR T558,T2934,0"/><instruction code="ADD T2935,T555,T558"/><instruction code="OR T559,T2935,0"/><instruction code="SETL T2936,5"/><instruction code="INCML T2936,0"/><instruction code="INCMH T2936,0"/><instruction code="INCH T2936,0"/><instruction code="OR T560,T2936,0"/><instruction code="SETL T2937,8"/><instruction code="INCML T2937,0"/><instruction code="INCMH T2937,0"/><instruction code="INCH T2937,0"/><instruction code="OR T561,T2937,0"/><instruction code="MUL T2938,T560,T561"/><instruction code="OR T562,T2938,0"/><instruction code="ADD T2939,T559,T562"/><instruction code="OR T563,T2939,0"/><instruction code="SETL T2940,0"/><instruction code="INCML T2940,0"/><instruction code="INCMH T2940,0"/><instruction code="INCH T2940,0"/><instruction code="OR T565,T2940,0"/><instruction code="STO T565,T563,0"/><instruction code="OR T566,T6,0"/><instruction code="SETL T2942,664"/><instruction code="INCML T2942,0"/><instruction code="INCMH T2942,0"/><instruction code="INCH T2942,0"/><instruction code="NEG T2942,0,T2942"/><instruction code="OR T567,T2942,0"/><instruction code="ADD T2943,T566,T567"/><instruction code="OR T568,T2943,0"/><instruction code="SETL T2944,2"/><instruction code="INCML T2944,0"/><instruction code="INCMH T2944,0"/><instruction code="INCH T2944,0"/><instruction code="OR T569,T2944,0"/><instruction code="SETL T2945,72"/><instruction code="INCML T2945,0"/><instruction code="INCMH T2945,0"/><instruction code="INCH T2945,0"/><instruction code="OR T570,T2945,0"/><instruction code="MUL T2946,T569,T570"/><instruction code="OR T571,T2946,0"/><instruction code="ADD T2947,T568,T571"/><instruction code="OR T572,T2947,0"/><instruction code="SETL T2948,6"/><instruction code="INCML T2948,0"/><instruction code="INCMH T2948,0"/><instruction code="INCH T2948,0"/><instruction code="OR T573,T2948,0"/><instruction code="SETL T2949,8"/><instruction code="INCML T2949,0"/><instruction code="INCMH T2949,0"/><instruction code="INCH T2949,0"/><instruction code="OR T574,T2949,0"/><instruction code="MUL T2950,T573,T574"/><instruction code="OR T575,T2950,0"/><instruction code="ADD T2951,T572,T575"/><instruction code="OR T576,T2951,0"/><instruction code="SETL T2952,0"/><instruction code="INCML T2952,0"/><instruction code="INCMH T2952,0"/><instruction code="INCH T2952,0"/><instruction code="OR T578,T2952,0"/><instruction code="STO T578,T576,0"/><instruction code="OR T579,T6,0"/><instruction code="SETL T2954,664"/><instruction code="INCML T2954,0"/><instruction code="INCMH T2954,0"/><instruction code="INCH T2954,0"/><instruction code="NEG T2954,0,T2954"/><instruction code="OR T580,T2954,0"/><instruction code="ADD T2955,T579,T580"/><instruction code="OR T581,T2955,0"/><instruction code="SETL T2956,2"/><instruction code="INCML T2956,0"/><instruction code="INCMH T2956,0"/><instruction code="INCH T2956,0"/><instruction code="OR T582,T2956,0"/><instruction code="SETL T2957,72"/><instruction code="INCML T2957,0"/><instruction code="INCMH T2957,0"/><instruction code="INCH T2957,0"/><instruction code="OR T583,T2957,0"/><instruction code="MUL T2958,T582,T583"/><instruction code="OR T584,T2958,0"/><instruction code="ADD T2959,T581,T584"/><instruction code="OR T585,T2959,0"/><instruction code="SETL T2960,7"/><instruction code="INCML T2960,0"/><instruction code="INCMH T2960,0"/><instruction code="INCH T2960,0"/><instruction code="OR T586,T2960,0"/><instruction code="SETL T2961,8"/><instruction code="INCML T2961,0"/><instruction code="INCMH T2961,0"/><instruction code="INCH T2961,0"/><instruction code="OR T587,T2961,0"/><instruction code="MUL T2962,T586,T587"/><instruction code="OR T588,T2962,0"/><instruction code="ADD T2963,T585,T588"/><instruction code="OR T589,T2963,0"/><instruction code="SETL T2964,0"/><instruction code="INCML T2964,0"/><instruction code="INCMH T2964,0"/><instruction code="INCH T2964,0"/><instruction code="OR T591,T2964,0"/><instruction code="STO T591,T589,0"/><instruction code="OR T592,T6,0"/><instruction code="SETL T2966,664"/><instruction code="INCML T2966,0"/><instruction code="INCMH T2966,0"/><instruction code="INCH T2966,0"/><instruction code="NEG T2966,0,T2966"/><instruction code="OR T593,T2966,0"/><instruction code="ADD T2967,T592,T593"/><instruction code="OR T594,T2967,0"/><instruction code="SETL T2968,2"/><instruction code="INCML T2968,0"/><instruction code="INCMH T2968,0"/><instruction code="INCH T2968,0"/><instruction code="OR T595,T2968,0"/><instruction code="SETL T2969,72"/><instruction code="INCML T2969,0"/><instruction code="INCMH T2969,0"/><instruction code="INCH T2969,0"/><instruction code="OR T596,T2969,0"/><instruction code="MUL T2970,T595,T596"/><instruction code="OR T597,T2970,0"/><instruction code="ADD T2971,T594,T597"/><instruction code="OR T598,T2971,0"/><instruction code="SETL T2972,8"/><instruction code="INCML T2972,0"/><instruction code="INCMH T2972,0"/><instruction code="INCH T2972,0"/><instruction code="OR T599,T2972,0"/><instruction code="SETL T2973,8"/><instruction code="INCML T2973,0"/><instruction code="INCMH T2973,0"/><instruction code="INCH T2973,0"/><instruction code="OR T600,T2973,0"/><instruction code="MUL T2974,T599,T600"/><instruction code="OR T601,T2974,0"/><instruction code="ADD T2975,T598,T601"/><instruction code="OR T602,T2975,0"/><instruction code="SETL T2976,0"/><instruction code="INCML T2976,0"/><instruction code="INCMH T2976,0"/><instruction code="INCH T2976,0"/><instruction code="OR T604,T2976,0"/><instruction code="STO T604,T602,0"/><instruction code="OR T605,T6,0"/><instruction code="SETL T2978,664"/><instruction code="INCML T2978,0"/><instruction code="INCMH T2978,0"/><instruction code="INCH T2978,0"/><instruction code="NEG T2978,0,T2978"/><instruction code="OR T606,T2978,0"/><instruction code="ADD T2979,T605,T606"/><instruction code="OR T607,T2979,0"/><instruction code="SETL T2980,3"/><instruction code="INCML T2980,0"/><instruction code="INCMH T2980,0"/><instruction code="INCH T2980,0"/><instruction code="OR T608,T2980,0"/><instruction code="SETL T2981,72"/><instruction code="INCML T2981,0"/><instruction code="INCMH T2981,0"/><instruction code="INCH T2981,0"/><instruction code="OR T609,T2981,0"/><instruction code="MUL T2982,T608,T609"/><instruction code="OR T610,T2982,0"/><instruction code="ADD T2983,T607,T610"/><instruction code="OR T611,T2983,0"/><instruction code="SETL T2984,0"/><instruction code="INCML T2984,0"/><instruction code="INCMH T2984,0"/><instruction code="INCH T2984,0"/><instruction code="OR T612,T2984,0"/><instruction code="SETL T2985,8"/><instruction code="INCML T2985,0"/><instruction code="INCMH T2985,0"/><instruction code="INCH T2985,0"/><instruction code="OR T613,T2985,0"/><instruction code="MUL T2986,T612,T613"/><instruction code="OR T614,T2986,0"/><instruction code="ADD T2987,T611,T614"/><instruction code="OR T615,T2987,0"/><instruction code="SETL T2988,0"/><instruction code="INCML T2988,0"/><instruction code="INCMH T2988,0"/><instruction code="INCH T2988,0"/><instruction code="OR T617,T2988,0"/><instruction code="STO T617,T615,0"/><instruction code="OR T618,T6,0"/><instruction code="SETL T2990,664"/><instruction code="INCML T2990,0"/><instruction code="INCMH T2990,0"/><instruction code="INCH T2990,0"/><instruction code="NEG T2990,0,T2990"/><instruction code="OR T619,T2990,0"/><instruction code="ADD T2991,T618,T619"/><instruction code="OR T620,T2991,0"/><instruction code="SETL T2992,3"/><instruction code="INCML T2992,0"/><instruction code="INCMH T2992,0"/><instruction code="INCH T2992,0"/><instruction code="OR T621,T2992,0"/><instruction code="SETL T2993,72"/><instruction code="INCML T2993,0"/><instruction code="INCMH T2993,0"/><instruction code="INCH T2993,0"/><instruction code="OR T622,T2993,0"/><instruction code="MUL T2994,T621,T622"/><instruction code="OR T623,T2994,0"/><instruction code="ADD T2995,T620,T623"/><instruction code="OR T624,T2995,0"/><instruction code="SETL T2996,1"/><instruction code="INCML T2996,0"/><instruction code="INCMH T2996,0"/><instruction code="INCH T2996,0"/><instruction code="OR T625,T2996,0"/><instruction code="SETL T2997,8"/><instruction code="INCML T2997,0"/><instruction code="INCMH T2997,0"/><instruction code="INCH T2997,0"/><instruction code="OR T626,T2997,0"/><instruction code="MUL T2998,T625,T626"/><instruction code="OR T627,T2998,0"/><instruction code="ADD T2999,T624,T627"/><instruction code="OR T628,T2999,0"/><instruction code="SETL T3000,1"/><instruction code="INCML T3000,0"/><instruction code="INCMH T3000,0"/><instruction code="INCH T3000,0"/><instruction code="OR T630,T3000,0"/><instruction code="STO T630,T628,0"/><instruction code="OR T631,T6,0"/><instruction code="SETL T3002,664"/><instruction code="INCML T3002,0"/><instruction code="INCMH T3002,0"/><instruction code="INCH T3002,0"/><instruction code="NEG T3002,0,T3002"/><instruction code="OR T632,T3002,0"/><instruction code="ADD T3003,T631,T632"/><instruction code="OR T633,T3003,0"/><instruction code="SETL T3004,3"/><instruction code="INCML T3004,0"/><instruction code="INCMH T3004,0"/><instruction code="INCH T3004,0"/><instruction code="OR T634,T3004,0"/><instruction code="SETL T3005,72"/><instruction code="INCML T3005,0"/><instruction code="INCMH T3005,0"/><instruction code="INCH T3005,0"/><instruction code="OR T635,T3005,0"/><instruction code="MUL T3006,T634,T635"/><instruction code="OR T636,T3006,0"/><instruction code="ADD T3007,T633,T636"/><instruction code="OR T637,T3007,0"/><instruction code="SETL T3008,2"/><instruction code="INCML T3008,0"/><instruction code="INCMH T3008,0"/><instruction code="INCH T3008,0"/><instruction code="OR T638,T3008,0"/><instruction code="SETL T3009,8"/><instruction code="INCML T3009,0"/><instruction code="INCMH T3009,0"/><instruction code="INCH T3009,0"/><instruction code="OR T639,T3009,0"/><instruction code="MUL T3010,T638,T639"/><instruction code="OR T640,T3010,0"/><instruction code="ADD T3011,T637,T640"/><instruction code="OR T641,T3011,0"/><instruction code="SETL T3012,4"/><instruction code="INCML T3012,0"/><instruction code="INCMH T3012,0"/><instruction code="INCH T3012,0"/><instruction code="OR T643,T3012,0"/><instruction code="STO T643,T641,0"/><instruction code="OR T644,T6,0"/><instruction code="SETL T3014,664"/><instruction code="INCML T3014,0"/><instruction code="INCMH T3014,0"/><instruction code="INCH T3014,0"/><instruction code="NEG T3014,0,T3014"/><instruction code="OR T645,T3014,0"/><instruction code="ADD T3015,T644,T645"/><instruction code="OR T646,T3015,0"/><instruction code="SETL T3016,3"/><instruction code="INCML T3016,0"/><instruction code="INCMH T3016,0"/><instruction code="INCH T3016,0"/><instruction code="OR T647,T3016,0"/><instruction code="SETL T3017,72"/><instruction code="INCML T3017,0"/><instruction code="INCMH T3017,0"/><instruction code="INCH T3017,0"/><instruction code="OR T648,T3017,0"/><instruction code="MUL T3018,T647,T648"/><instruction code="OR T649,T3018,0"/><instruction code="ADD T3019,T646,T649"/><instruction code="OR T650,T3019,0"/><instruction code="SETL T3020,3"/><instruction code="INCML T3020,0"/><instruction code="INCMH T3020,0"/><instruction code="INCH T3020,0"/><instruction code="OR T651,T3020,0"/><instruction code="SETL T3021,8"/><instruction code="INCML T3021,0"/><instruction code="INCMH T3021,0"/><instruction code="INCH T3021,0"/><instruction code="OR T652,T3021,0"/><instruction code="MUL T3022,T651,T652"/><instruction code="OR T653,T3022,0"/><instruction code="ADD T3023,T650,T653"/><instruction code="OR T654,T3023,0"/><instruction code="SETL T3024,8"/><instruction code="INCML T3024,0"/><instruction code="INCMH T3024,0"/><instruction code="INCH T3024,0"/><instruction code="OR T656,T3024,0"/><instruction code="STO T656,T654,0"/><instruction code="OR T657,T6,0"/><instruction code="SETL T3026,664"/><instruction code="INCML T3026,0"/><instruction code="INCMH T3026,0"/><instruction code="INCH T3026,0"/><instruction code="NEG T3026,0,T3026"/><instruction code="OR T658,T3026,0"/><instruction code="ADD T3027,T657,T658"/><instruction code="OR T659,T3027,0"/><instruction code="SETL T3028,3"/><instruction code="INCML T3028,0"/><instruction code="INCMH T3028,0"/><instruction code="INCH T3028,0"/><instruction code="OR T660,T3028,0"/><instruction code="SETL T3029,72"/><instruction code="INCML T3029,0"/><instruction code="INCMH T3029,0"/><instruction code="INCH T3029,0"/><instruction code="OR T661,T3029,0"/><instruction code="MUL T3030,T660,T661"/><instruction code="OR T662,T3030,0"/><instruction code="ADD T3031,T659,T662"/><instruction code="OR T663,T3031,0"/><instruction code="SETL T3032,4"/><instruction code="INCML T3032,0"/><instruction code="INCMH T3032,0"/><instruction code="INCH T3032,0"/><instruction code="OR T664,T3032,0"/><instruction code="SETL T3033,8"/><instruction code="INCML T3033,0"/><instruction code="INCMH T3033,0"/><instruction code="INCH T3033,0"/><instruction code="OR T665,T3033,0"/><instruction code="MUL T3034,T664,T665"/><instruction code="OR T666,T3034,0"/><instruction code="ADD T3035,T663,T666"/><instruction code="OR T667,T3035,0"/><instruction code="SETL T3036,0"/><instruction code="INCML T3036,0"/><instruction code="INCMH T3036,0"/><instruction code="INCH T3036,0"/><instruction code="OR T669,T3036,0"/><instruction code="STO T669,T667,0"/><instruction code="OR T670,T6,0"/><instruction code="SETL T3038,664"/><instruction code="INCML T3038,0"/><instruction code="INCMH T3038,0"/><instruction code="INCH T3038,0"/><instruction code="NEG T3038,0,T3038"/><instruction code="OR T671,T3038,0"/><instruction code="ADD T3039,T670,T671"/><instruction code="OR T672,T3039,0"/><instruction code="SETL T3040,3"/><instruction code="INCML T3040,0"/><instruction code="INCMH T3040,0"/><instruction code="INCH T3040,0"/><instruction code="OR T673,T3040,0"/><instruction code="SETL T3041,72"/><instruction code="INCML T3041,0"/><instruction code="INCMH T3041,0"/><instruction code="INCH T3041,0"/><instruction code="OR T674,T3041,0"/><instruction code="MUL T3042,T673,T674"/><instruction code="OR T675,T3042,0"/><instruction code="ADD T3043,T672,T675"/><instruction code="OR T676,T3043,0"/><instruction code="SETL T3044,5"/><instruction code="INCML T3044,0"/><instruction code="INCMH T3044,0"/><instruction code="INCH T3044,0"/><instruction code="OR T677,T3044,0"/><instruction code="SETL T3045,8"/><instruction code="INCML T3045,0"/><instruction code="INCMH T3045,0"/><instruction code="INCH T3045,0"/><instruction code="OR T678,T3045,0"/><instruction code="MUL T3046,T677,T678"/><instruction code="OR T679,T3046,0"/><instruction code="ADD T3047,T676,T679"/><instruction code="OR T680,T3047,0"/><instruction code="SETL T3048,0"/><instruction code="INCML T3048,0"/><instruction code="INCMH T3048,0"/><instruction code="INCH T3048,0"/><instruction code="OR T682,T3048,0"/><instruction code="STO T682,T680,0"/><instruction code="OR T683,T6,0"/><instruction code="SETL T3050,664"/><instruction code="INCML T3050,0"/><instruction code="INCMH T3050,0"/><instruction code="INCH T3050,0"/><instruction code="NEG T3050,0,T3050"/><instruction code="OR T684,T3050,0"/><instruction code="ADD T3051,T683,T684"/><instruction code="OR T685,T3051,0"/><instruction code="SETL T3052,3"/><instruction code="INCML T3052,0"/><instruction code="INCMH T3052,0"/><instruction code="INCH T3052,0"/><instruction code="OR T686,T3052,0"/><instruction code="SETL T3053,72"/><instruction code="INCML T3053,0"/><instruction code="INCMH T3053,0"/><instruction code="INCH T3053,0"/><instruction code="OR T687,T3053,0"/><instruction code="MUL T3054,T686,T687"/><instruction code="OR T688,T3054,0"/><instruction code="ADD T3055,T685,T688"/><instruction code="OR T689,T3055,0"/><instruction code="SETL T3056,6"/><instruction code="INCML T3056,0"/><instruction code="INCMH T3056,0"/><instruction code="INCH T3056,0"/><instruction code="OR T690,T3056,0"/><instruction code="SETL T3057,8"/><instruction code="INCML T3057,0"/><instruction code="INCMH T3057,0"/><instruction code="INCH T3057,0"/><instruction code="OR T691,T3057,0"/><instruction code="MUL T3058,T690,T691"/><instruction code="OR T692,T3058,0"/><instruction code="ADD T3059,T689,T692"/><instruction code="OR T693,T3059,0"/><instruction code="SETL T3060,0"/><instruction code="INCML T3060,0"/><instruction code="INCMH T3060,0"/><instruction code="INCH T3060,0"/><instruction code="OR T695,T3060,0"/><instruction code="STO T695,T693,0"/><instruction code="OR T696,T6,0"/><instruction code="SETL T3062,664"/><instruction code="INCML T3062,0"/><instruction code="INCMH T3062,0"/><instruction code="INCH T3062,0"/><instruction code="NEG T3062,0,T3062"/><instruction code="OR T697,T3062,0"/><instruction code="ADD T3063,T696,T697"/><instruction code="OR T698,T3063,0"/><instruction code="SETL T3064,3"/><instruction code="INCML T3064,0"/><instruction code="INCMH T3064,0"/><instruction code="INCH T3064,0"/><instruction code="OR T699,T3064,0"/><instruction code="SETL T3065,72"/><instruction code="INCML T3065,0"/><instruction code="INCMH T3065,0"/><instruction code="INCH T3065,0"/><instruction code="OR T700,T3065,0"/><instruction code="MUL T3066,T699,T700"/><instruction code="OR T701,T3066,0"/><instruction code="ADD T3067,T698,T701"/><instruction code="OR T702,T3067,0"/><instruction code="SETL T3068,7"/><instruction code="INCML T3068,0"/><instruction code="INCMH T3068,0"/><instruction code="INCH T3068,0"/><instruction code="OR T703,T3068,0"/><instruction code="SETL T3069,8"/><instruction code="INCML T3069,0"/><instruction code="INCMH T3069,0"/><instruction code="INCH T3069,0"/><instruction code="OR T704,T3069,0"/><instruction code="MUL T3070,T703,T704"/><instruction code="OR T705,T3070,0"/><instruction code="ADD T3071,T702,T705"/><instruction code="OR T706,T3071,0"/><instruction code="SETL T3072,5"/><instruction code="INCML T3072,0"/><instruction code="INCMH T3072,0"/><instruction code="INCH T3072,0"/><instruction code="OR T708,T3072,0"/><instruction code="STO T708,T706,0"/><instruction code="OR T709,T6,0"/><instruction code="SETL T3074,664"/><instruction code="INCML T3074,0"/><instruction code="INCMH T3074,0"/><instruction code="INCH T3074,0"/><instruction code="NEG T3074,0,T3074"/><instruction code="OR T710,T3074,0"/><instruction code="ADD T3075,T709,T710"/><instruction code="OR T711,T3075,0"/><instruction code="SETL T3076,3"/><instruction code="INCML T3076,0"/><instruction code="INCMH T3076,0"/><instruction code="INCH T3076,0"/><instruction code="OR T712,T3076,0"/><instruction code="SETL T3077,72"/><instruction code="INCML T3077,0"/><instruction code="INCMH T3077,0"/><instruction code="INCH T3077,0"/><instruction code="OR T713,T3077,0"/><instruction code="MUL T3078,T712,T713"/><instruction code="OR T714,T3078,0"/><instruction code="ADD T3079,T711,T714"/><instruction code="OR T715,T3079,0"/><instruction code="SETL T3080,8"/><instruction code="INCML T3080,0"/><instruction code="INCMH T3080,0"/><instruction code="INCH T3080,0"/><instruction code="OR T716,T3080,0"/><instruction code="SETL T3081,8"/><instruction code="INCML T3081,0"/><instruction code="INCMH T3081,0"/><instruction code="INCH T3081,0"/><instruction code="OR T717,T3081,0"/><instruction code="MUL T3082,T716,T717"/><instruction code="OR T718,T3082,0"/><instruction code="ADD T3083,T715,T718"/><instruction code="OR T719,T3083,0"/><instruction code="SETL T3084,0"/><instruction code="INCML T3084,0"/><instruction code="INCMH T3084,0"/><instruction code="INCH T3084,0"/><instruction code="OR T721,T3084,0"/><instruction code="STO T721,T719,0"/><instruction code="OR T722,T6,0"/><instruction code="SETL T3086,664"/><instruction code="INCML T3086,0"/><instruction code="INCMH T3086,0"/><instruction code="INCH T3086,0"/><instruction code="NEG T3086,0,T3086"/><instruction code="OR T723,T3086,0"/><instruction code="ADD T3087,T722,T723"/><instruction code="OR T724,T3087,0"/><instruction code="SETL T3088,4"/><instruction code="INCML T3088,0"/><instruction code="INCMH T3088,0"/><instruction code="INCH T3088,0"/><instruction code="OR T725,T3088,0"/><instruction code="SETL T3089,72"/><instruction code="INCML T3089,0"/><instruction code="INCMH T3089,0"/><instruction code="INCH T3089,0"/><instruction code="OR T726,T3089,0"/><instruction code="MUL T3090,T725,T726"/><instruction code="OR T727,T3090,0"/><instruction code="ADD T3091,T724,T727"/><instruction code="OR T728,T3091,0"/><instruction code="SETL T3092,0"/><instruction code="INCML T3092,0"/><instruction code="INCMH T3092,0"/><instruction code="INCH T3092,0"/><instruction code="OR T729,T3092,0"/><instruction code="SETL T3093,8"/><instruction code="INCML T3093,0"/><instruction code="INCMH T3093,0"/><instruction code="INCH T3093,0"/><instruction code="OR T730,T3093,0"/><instruction code="MUL T3094,T729,T730"/><instruction code="OR T731,T3094,0"/><instruction code="ADD T3095,T728,T731"/><instruction code="OR T732,T3095,0"/><instruction code="SETL T3096,3"/><instruction code="INCML T3096,0"/><instruction code="INCMH T3096,0"/><instruction code="INCH T3096,0"/><instruction code="OR T734,T3096,0"/><instruction code="STO T734,T732,0"/><instruction code="OR T735,T6,0"/><instruction code="SETL T3098,664"/><instruction code="INCML T3098,0"/><instruction code="INCMH T3098,0"/><instruction code="INCH T3098,0"/><instruction code="NEG T3098,0,T3098"/><instruction code="OR T736,T3098,0"/><instruction code="ADD T3099,T735,T736"/><instruction code="OR T737,T3099,0"/><instruction code="SETL T3100,4"/><instruction code="INCML T3100,0"/><instruction code="INCMH T3100,0"/><instruction code="INCH T3100,0"/><instruction code="OR T738,T3100,0"/><instruction code="SETL T3101,72"/><instruction code="INCML T3101,0"/><instruction code="INCMH T3101,0"/><instruction code="INCH T3101,0"/><instruction code="OR T739,T3101,0"/><instruction code="MUL T3102,T738,T739"/><instruction code="OR T740,T3102,0"/><instruction code="ADD T3103,T737,T740"/><instruction code="OR T741,T3103,0"/><instruction code="SETL T3104,1"/><instruction code="INCML T3104,0"/><instruction code="INCMH T3104,0"/><instruction code="INCH T3104,0"/><instruction code="OR T742,T3104,0"/><instruction code="SETL T3105,8"/><instruction code="INCML T3105,0"/><instruction code="INCMH T3105,0"/><instruction code="INCH T3105,0"/><instruction code="OR T743,T3105,0"/><instruction code="MUL T3106,T742,T743"/><instruction code="OR T744,T3106,0"/><instruction code="ADD T3107,T741,T744"/><instruction code="OR T745,T3107,0"/><instruction code="SETL T3108,0"/><instruction code="INCML T3108,0"/><instruction code="INCMH T3108,0"/><instruction code="INCH T3108,0"/><instruction code="OR T747,T3108,0"/><instruction code="STO T747,T745,0"/><instruction code="OR T748,T6,0"/><instruction code="SETL T3110,664"/><instruction code="INCML T3110,0"/><instruction code="INCMH T3110,0"/><instruction code="INCH T3110,0"/><instruction code="NEG T3110,0,T3110"/><instruction code="OR T749,T3110,0"/><instruction code="ADD T3111,T748,T749"/><instruction code="OR T750,T3111,0"/><instruction code="SETL T3112,4"/><instruction code="INCML T3112,0"/><instruction code="INCMH T3112,0"/><instruction code="INCH T3112,0"/><instruction code="OR T751,T3112,0"/><instruction code="SETL T3113,72"/><instruction code="INCML T3113,0"/><instruction code="INCMH T3113,0"/><instruction code="INCH T3113,0"/><instruction code="OR T752,T3113,0"/><instruction code="MUL T3114,T751,T752"/><instruction code="OR T753,T3114,0"/><instruction code="ADD T3115,T750,T753"/><instruction code="OR T754,T3115,0"/><instruction code="SETL T3116,2"/><instruction code="INCML T3116,0"/><instruction code="INCMH T3116,0"/><instruction code="INCH T3116,0"/><instruction code="OR T755,T3116,0"/><instruction code="SETL T3117,8"/><instruction code="INCML T3117,0"/><instruction code="INCMH T3117,0"/><instruction code="INCH T3117,0"/><instruction code="OR T756,T3117,0"/><instruction code="MUL T3118,T755,T756"/><instruction code="OR T757,T3118,0"/><instruction code="ADD T3119,T754,T757"/><instruction code="OR T758,T3119,0"/><instruction code="SETL T3120,0"/><instruction code="INCML T3120,0"/><instruction code="INCMH T3120,0"/><instruction code="INCH T3120,0"/><instruction code="OR T760,T3120,0"/><instruction code="STO T760,T758,0"/><instruction code="OR T761,T6,0"/><instruction code="SETL T3122,664"/><instruction code="INCML T3122,0"/><instruction code="INCMH T3122,0"/><instruction code="INCH T3122,0"/><instruction code="NEG T3122,0,T3122"/><instruction code="OR T762,T3122,0"/><instruction code="ADD T3123,T761,T762"/><instruction code="OR T763,T3123,0"/><instruction code="SETL T3124,4"/><instruction code="INCML T3124,0"/><instruction code="INCMH T3124,0"/><instruction code="INCH T3124,0"/><instruction code="OR T764,T3124,0"/><instruction code="SETL T3125,72"/><instruction code="INCML T3125,0"/><instruction code="INCMH T3125,0"/><instruction code="INCH T3125,0"/><instruction code="OR T765,T3125,0"/><instruction code="MUL T3126,T764,T765"/><instruction code="OR T766,T3126,0"/><instruction code="ADD T3127,T763,T766"/><instruction code="OR T767,T3127,0"/><instruction code="SETL T3128,3"/><instruction code="INCML T3128,0"/><instruction code="INCMH T3128,0"/><instruction code="INCH T3128,0"/><instruction code="OR T768,T3128,0"/><instruction code="SETL T3129,8"/><instruction code="INCML T3129,0"/><instruction code="INCMH T3129,0"/><instruction code="INCH T3129,0"/><instruction code="OR T769,T3129,0"/><instruction code="MUL T3130,T768,T769"/><instruction code="OR T770,T3130,0"/><instruction code="ADD T3131,T767,T770"/><instruction code="OR T771,T3131,0"/><instruction code="SETL T3132,0"/><instruction code="INCML T3132,0"/><instruction code="INCMH T3132,0"/><instruction code="INCH T3132,0"/><instruction code="OR T773,T3132,0"/><instruction code="STO T773,T771,0"/><instruction code="OR T774,T6,0"/><instruction code="SETL T3134,664"/><instruction code="INCML T3134,0"/><instruction code="INCMH T3134,0"/><instruction code="INCH T3134,0"/><instruction code="NEG T3134,0,T3134"/><instruction code="OR T775,T3134,0"/><instruction code="ADD T3135,T774,T775"/><instruction code="OR T776,T3135,0"/><instruction code="SETL T3136,4"/><instruction code="INCML T3136,0"/><instruction code="INCMH T3136,0"/><instruction code="INCH T3136,0"/><instruction code="OR T777,T3136,0"/><instruction code="SETL T3137,72"/><instruction code="INCML T3137,0"/><instruction code="INCMH T3137,0"/><instruction code="INCH T3137,0"/><instruction code="OR T778,T3137,0"/><instruction code="MUL T3138,T777,T778"/><instruction code="OR T779,T3138,0"/><instruction code="ADD T3139,T776,T779"/><instruction code="OR T780,T3139,0"/><instruction code="SETL T3140,4"/><instruction code="INCML T3140,0"/><instruction code="INCMH T3140,0"/><instruction code="INCH T3140,0"/><instruction code="OR T781,T3140,0"/><instruction code="SETL T3141,8"/><instruction code="INCML T3141,0"/><instruction code="INCMH T3141,0"/><instruction code="INCH T3141,0"/><instruction code="OR T782,T3141,0"/><instruction code="MUL T3142,T781,T782"/><instruction code="OR T783,T3142,0"/><instruction code="ADD T3143,T780,T783"/><instruction code="OR T784,T3143,0"/><instruction code="SETL T3144,0"/><instruction code="INCML T3144,0"/><instruction code="INCMH T3144,0"/><instruction code="INCH T3144,0"/><instruction code="OR T786,T3144,0"/><instruction code="STO T786,T784,0"/><instruction code="OR T787,T6,0"/><instruction code="SETL T3146,664"/><instruction code="INCML T3146,0"/><instruction code="INCMH T3146,0"/><instruction code="INCH T3146,0"/><instruction code="NEG T3146,0,T3146"/><instruction code="OR T788,T3146,0"/><instruction code="ADD T3147,T787,T788"/><instruction code="OR T789,T3147,0"/><instruction code="SETL T3148,4"/><instruction code="INCML T3148,0"/><instruction code="INCMH T3148,0"/><instruction code="INCH T3148,0"/><instruction code="OR T790,T3148,0"/><instruction code="SETL T3149,72"/><instruction code="INCML T3149,0"/><instruction code="INCMH T3149,0"/><instruction code="INCH T3149,0"/><instruction code="OR T791,T3149,0"/><instruction code="MUL T3150,T790,T791"/><instruction code="OR T792,T3150,0"/><instruction code="ADD T3151,T789,T792"/><instruction code="OR T793,T3151,0"/><instruction code="SETL T3152,5"/><instruction code="INCML T3152,0"/><instruction code="INCMH T3152,0"/><instruction code="INCH T3152,0"/><instruction code="OR T794,T3152,0"/><instruction code="SETL T3153,8"/><instruction code="INCML T3153,0"/><instruction code="INCMH T3153,0"/><instruction code="INCH T3153,0"/><instruction code="OR T795,T3153,0"/><instruction code="MUL T3154,T794,T795"/><instruction code="OR T796,T3154,0"/><instruction code="ADD T3155,T793,T796"/><instruction code="OR T797,T3155,0"/><instruction code="SETL T3156,0"/><instruction code="INCML T3156,0"/><instruction code="INCMH T3156,0"/><instruction code="INCH T3156,0"/><instruction code="OR T799,T3156,0"/><instruction code="STO T799,T797,0"/><instruction code="OR T800,T6,0"/><instruction code="SETL T3158,664"/><instruction code="INCML T3158,0"/><instruction code="INCMH T3158,0"/><instruction code="INCH T3158,0"/><instruction code="NEG T3158,0,T3158"/><instruction code="OR T801,T3158,0"/><instruction code="ADD T3159,T800,T801"/><instruction code="OR T802,T3159,0"/><instruction code="SETL T3160,4"/><instruction code="INCML T3160,0"/><instruction code="INCMH T3160,0"/><instruction code="INCH T3160,0"/><instruction code="OR T803,T3160,0"/><instruction code="SETL T3161,72"/><instruction code="INCML T3161,0"/><instruction code="INCMH T3161,0"/><instruction code="INCH T3161,0"/><instruction code="OR T804,T3161,0"/><instruction code="MUL T3162,T803,T804"/><instruction code="OR T805,T3162,0"/><instruction code="ADD T3163,T802,T805"/><instruction code="OR T806,T3163,0"/><instruction code="SETL T3164,6"/><instruction code="INCML T3164,0"/><instruction code="INCMH T3164,0"/><instruction code="INCH T3164,0"/><instruction code="OR T807,T3164,0"/><instruction code="SETL T3165,8"/><instruction code="INCML T3165,0"/><instruction code="INCMH T3165,0"/><instruction code="INCH T3165,0"/><instruction code="OR T808,T3165,0"/><instruction code="MUL T3166,T807,T808"/><instruction code="OR T809,T3166,0"/><instruction code="ADD T3167,T806,T809"/><instruction code="OR T810,T3167,0"/><instruction code="SETL T3168,6"/><instruction code="INCML T3168,0"/><instruction code="INCMH T3168,0"/><instruction code="INCH T3168,0"/><instruction code="OR T812,T3168,0"/><instruction code="STO T812,T810,0"/><instruction code="OR T813,T6,0"/><instruction code="SETL T3170,664"/><instruction code="INCML T3170,0"/><instruction code="INCMH T3170,0"/><instruction code="INCH T3170,0"/><instruction code="NEG T3170,0,T3170"/><instruction code="OR T814,T3170,0"/><instruction code="ADD T3171,T813,T814"/><instruction code="OR T815,T3171,0"/><instruction code="SETL T3172,4"/><instruction code="INCML T3172,0"/><instruction code="INCMH T3172,0"/><instruction code="INCH T3172,0"/><instruction code="OR T816,T3172,0"/><instruction code="SETL T3173,72"/><instruction code="INCML T3173,0"/><instruction code="INCMH T3173,0"/><instruction code="INCH T3173,0"/><instruction code="OR T817,T3173,0"/><instruction code="MUL T3174,T816,T817"/><instruction code="OR T818,T3174,0"/><instruction code="ADD T3175,T815,T818"/><instruction code="OR T819,T3175,0"/><instruction code="SETL T3176,7"/><instruction code="INCML T3176,0"/><instruction code="INCMH T3176,0"/><instruction code="INCH T3176,0"/><instruction code="OR T820,T3176,0"/><instruction code="SETL T3177,8"/><instruction code="INCML T3177,0"/><instruction code="INCMH T3177,0"/><instruction code="INCH T3177,0"/><instruction code="OR T821,T3177,0"/><instruction code="MUL T3178,T820,T821"/><instruction code="OR T822,T3178,0"/><instruction code="ADD T3179,T819,T822"/><instruction code="OR T823,T3179,0"/><instruction code="SETL T3180,7"/><instruction code="INCML T3180,0"/><instruction code="INCMH T3180,0"/><instruction code="INCH T3180,0"/><instruction code="OR T825,T3180,0"/><instruction code="STO T825,T823,0"/><instruction code="OR T826,T6,0"/><instruction code="SETL T3182,664"/><instruction code="INCML T3182,0"/><instruction code="INCMH T3182,0"/><instruction code="INCH T3182,0"/><instruction code="NEG T3182,0,T3182"/><instruction code="OR T827,T3182,0"/><instruction code="ADD T3183,T826,T827"/><instruction code="OR T828,T3183,0"/><instruction code="SETL T3184,4"/><instruction code="INCML T3184,0"/><instruction code="INCMH T3184,0"/><instruction code="INCH T3184,0"/><instruction code="OR T829,T3184,0"/><instruction code="SETL T3185,72"/><instruction code="INCML T3185,0"/><instruction code="INCMH T3185,0"/><instruction code="INCH T3185,0"/><instruction code="OR T830,T3185,0"/><instruction code="MUL T3186,T829,T830"/><instruction code="OR T831,T3186,0"/><instruction code="ADD T3187,T828,T831"/><instruction code="OR T832,T3187,0"/><instruction code="SETL T3188,8"/><instruction code="INCML T3188,0"/><instruction code="INCMH T3188,0"/><instruction code="INCH T3188,0"/><instruction code="OR T833,T3188,0"/><instruction code="SETL T3189,8"/><instruction code="INCML T3189,0"/><instruction code="INCMH T3189,0"/><instruction code="INCH T3189,0"/><instruction code="OR T834,T3189,0"/><instruction code="MUL T3190,T833,T834"/><instruction code="OR T835,T3190,0"/><instruction code="ADD T3191,T832,T835"/><instruction code="OR T836,T3191,0"/><instruction code="SETL T3192,0"/><instruction code="INCML T3192,0"/><instruction code="INCMH T3192,0"/><instruction code="INCH T3192,0"/><instruction code="OR T838,T3192,0"/><instruction code="STO T838,T836,0"/><instruction code="OR T839,T6,0"/><instruction code="SETL T3194,664"/><instruction code="INCML T3194,0"/><instruction code="INCMH T3194,0"/><instruction code="INCH T3194,0"/><instruction code="NEG T3194,0,T3194"/><instruction code="OR T840,T3194,0"/><instruction code="ADD T3195,T839,T840"/><instruction code="OR T841,T3195,0"/><instruction code="SETL T3196,5"/><instruction code="INCML T3196,0"/><instruction code="INCMH T3196,0"/><instruction code="INCH T3196,0"/><instruction code="OR T842,T3196,0"/><instruction code="SETL T3197,72"/><instruction code="INCML T3197,0"/><instruction code="INCMH T3197,0"/><instruction code="INCH T3197,0"/><instruction code="OR T843,T3197,0"/><instruction code="MUL T3198,T842,T843"/><instruction code="OR T844,T3198,0"/><instruction code="ADD T3199,T841,T844"/><instruction code="OR T845,T3199,0"/><instruction code="SETL T3200,0"/><instruction code="INCML T3200,0"/><instruction code="INCMH T3200,0"/><instruction code="INCH T3200,0"/><instruction code="OR T846,T3200,0"/><instruction code="SETL T3201,8"/><instruction code="INCML T3201,0"/><instruction code="INCMH T3201,0"/><instruction code="INCH T3201,0"/><instruction code="OR T847,T3201,0"/><instruction code="MUL T3202,T846,T847"/><instruction code="OR T848,T3202,0"/><instruction code="ADD T3203,T845,T848"/><instruction code="OR T849,T3203,0"/><instruction code="SETL T3204,0"/><instruction code="INCML T3204,0"/><instruction code="INCMH T3204,0"/><instruction code="INCH T3204,0"/><instruction code="OR T851,T3204,0"/><instruction code="STO T851,T849,0"/><instruction code="OR T852,T6,0"/><instruction code="SETL T3206,664"/><instruction code="INCML T3206,0"/><instruction code="INCMH T3206,0"/><instruction code="INCH T3206,0"/><instruction code="NEG T3206,0,T3206"/><instruction code="OR T853,T3206,0"/><instruction code="ADD T3207,T852,T853"/><instruction code="OR T854,T3207,0"/><instruction code="SETL T3208,5"/><instruction code="INCML T3208,0"/><instruction code="INCMH T3208,0"/><instruction code="INCH T3208,0"/><instruction code="OR T855,T3208,0"/><instruction code="SETL T3209,72"/><instruction code="INCML T3209,0"/><instruction code="INCMH T3209,0"/><instruction code="INCH T3209,0"/><instruction code="OR T856,T3209,0"/><instruction code="MUL T3210,T855,T856"/><instruction code="OR T857,T3210,0"/><instruction code="ADD T3211,T854,T857"/><instruction code="OR T858,T3211,0"/><instruction code="SETL T3212,1"/><instruction code="INCML T3212,0"/><instruction code="INCMH T3212,0"/><instruction code="INCH T3212,0"/><instruction code="OR T859,T3212,0"/><instruction code="SETL T3213,8"/><instruction code="INCML T3213,0"/><instruction code="INCMH T3213,0"/><instruction code="INCH T3213,0"/><instruction code="OR T860,T3213,0"/><instruction code="MUL T3214,T859,T860"/><instruction code="OR T861,T3214,0"/><instruction code="ADD T3215,T858,T861"/><instruction code="OR T862,T3215,0"/><instruction code="SETL T3216,0"/><instruction code="INCML T3216,0"/><instruction code="INCMH T3216,0"/><instruction code="INCH T3216,0"/><instruction code="OR T864,T3216,0"/><instruction code="STO T864,T862,0"/><instruction code="OR T865,T6,0"/><instruction code="SETL T3218,664"/><instruction code="INCML T3218,0"/><instruction code="INCMH T3218,0"/><instruction code="INCH T3218,0"/><instruction code="NEG T3218,0,T3218"/><instruction code="OR T866,T3218,0"/><instruction code="ADD T3219,T865,T866"/><instruction code="OR T867,T3219,0"/><instruction code="SETL T3220,5"/><instruction code="INCML T3220,0"/><instruction code="INCMH T3220,0"/><instruction code="INCH T3220,0"/><instruction code="OR T868,T3220,0"/><instruction code="SETL T3221,72"/><instruction code="INCML T3221,0"/><instruction code="INCMH T3221,0"/><instruction code="INCH T3221,0"/><instruction code="OR T869,T3221,0"/><instruction code="MUL T3222,T868,T869"/><instruction code="OR T870,T3222,0"/><instruction code="ADD T3223,T867,T870"/><instruction code="OR T871,T3223,0"/><instruction code="SETL T3224,2"/><instruction code="INCML T3224,0"/><instruction code="INCMH T3224,0"/><instruction code="INCH T3224,0"/><instruction code="OR T872,T3224,0"/><instruction code="SETL T3225,8"/><instruction code="INCML T3225,0"/><instruction code="INCMH T3225,0"/><instruction code="INCH T3225,0"/><instruction code="OR T873,T3225,0"/><instruction code="MUL T3226,T872,T873"/><instruction code="OR T874,T3226,0"/><instruction code="ADD T3227,T871,T874"/><instruction code="OR T875,T3227,0"/><instruction code="SETL T3228,0"/><instruction code="INCML T3228,0"/><instruction code="INCMH T3228,0"/><instruction code="INCH T3228,0"/><instruction code="OR T877,T3228,0"/><instruction code="STO T877,T875,0"/><instruction code="OR T878,T6,0"/><instruction code="SETL T3230,664"/><instruction code="INCML T3230,0"/><instruction code="INCMH T3230,0"/><instruction code="INCH T3230,0"/><instruction code="NEG T3230,0,T3230"/><instruction code="OR T879,T3230,0"/><instruction code="ADD T3231,T878,T879"/><instruction code="OR T880,T3231,0"/><instruction code="SETL T3232,5"/><instruction code="INCML T3232,0"/><instruction code="INCMH T3232,0"/><instruction code="INCH T3232,0"/><instruction code="OR T881,T3232,0"/><instruction code="SETL T3233,72"/><instruction code="INCML T3233,0"/><instruction code="INCMH T3233,0"/><instruction code="INCH T3233,0"/><instruction code="OR T882,T3233,0"/><instruction code="MUL T3234,T881,T882"/><instruction code="OR T883,T3234,0"/><instruction code="ADD T3235,T880,T883"/><instruction code="OR T884,T3235,0"/><instruction code="SETL T3236,3"/><instruction code="INCML T3236,0"/><instruction code="INCMH T3236,0"/><instruction code="INCH T3236,0"/><instruction code="OR T885,T3236,0"/><instruction code="SETL T3237,8"/><instruction code="INCML T3237,0"/><instruction code="INCMH T3237,0"/><instruction code="INCH T3237,0"/><instruction code="OR T886,T3237,0"/><instruction code="MUL T3238,T885,T886"/><instruction code="OR T887,T3238,0"/><instruction code="ADD T3239,T884,T887"/><instruction code="OR T888,T3239,0"/><instruction code="SETL T3240,0"/><instruction code="INCML T3240,0"/><instruction code="INCMH T3240,0"/><instruction code="INCH T3240,0"/><instruction code="OR T890,T3240,0"/><instruction code="STO T890,T888,0"/><instruction code="OR T891,T6,0"/><instruction code="SETL T3242,664"/><instruction code="INCML T3242,0"/><instruction code="INCMH T3242,0"/><instruction code="INCH T3242,0"/><instruction code="NEG T3242,0,T3242"/><instruction code="OR T892,T3242,0"/><instruction code="ADD T3243,T891,T892"/><instruction code="OR T893,T3243,0"/><instruction code="SETL T3244,5"/><instruction code="INCML T3244,0"/><instruction code="INCMH T3244,0"/><instruction code="INCH T3244,0"/><instruction code="OR T894,T3244,0"/><instruction code="SETL T3245,72"/><instruction code="INCML T3245,0"/><instruction code="INCMH T3245,0"/><instruction code="INCH T3245,0"/><instruction code="OR T895,T3245,0"/><instruction code="MUL T3246,T894,T895"/><instruction code="OR T896,T3246,0"/><instruction code="ADD T3247,T893,T896"/><instruction code="OR T897,T3247,0"/><instruction code="SETL T3248,4"/><instruction code="INCML T3248,0"/><instruction code="INCMH T3248,0"/><instruction code="INCH T3248,0"/><instruction code="OR T898,T3248,0"/><instruction code="SETL T3249,8"/><instruction code="INCML T3249,0"/><instruction code="INCMH T3249,0"/><instruction code="INCH T3249,0"/><instruction code="OR T899,T3249,0"/><instruction code="MUL T3250,T898,T899"/><instruction code="OR T900,T3250,0"/><instruction code="ADD T3251,T897,T900"/><instruction code="OR T901,T3251,0"/><instruction code="SETL T3252,0"/><instruction code="INCML T3252,0"/><instruction code="INCMH T3252,0"/><instruction code="INCH T3252,0"/><instruction code="OR T903,T3252,0"/><instruction code="STO T903,T901,0"/><instruction code="OR T904,T6,0"/><instruction code="SETL T3254,664"/><instruction code="INCML T3254,0"/><instruction code="INCMH T3254,0"/><instruction code="INCH T3254,0"/><instruction code="NEG T3254,0,T3254"/><instruction code="OR T905,T3254,0"/><instruction code="ADD T3255,T904,T905"/><instruction code="OR T906,T3255,0"/><instruction code="SETL T3256,5"/><instruction code="INCML T3256,0"/><instruction code="INCMH T3256,0"/><instruction code="INCH T3256,0"/><instruction code="OR T907,T3256,0"/><instruction code="SETL T3257,72"/><instruction code="INCML T3257,0"/><instruction code="INCMH T3257,0"/><instruction code="INCH T3257,0"/><instruction code="OR T908,T3257,0"/><instruction code="MUL T3258,T907,T908"/><instruction code="OR T909,T3258,0"/><instruction code="ADD T3259,T906,T909"/><instruction code="OR T910,T3259,0"/><instruction code="SETL T3260,5"/><instruction code="INCML T3260,0"/><instruction code="INCMH T3260,0"/><instruction code="INCH T3260,0"/><instruction code="OR T911,T3260,0"/><instruction code="SETL T3261,8"/><instruction code="INCML T3261,0"/><instruction code="INCMH T3261,0"/><instruction code="INCH T3261,0"/><instruction code="OR T912,T3261,0"/><instruction code="MUL T3262,T911,T912"/><instruction code="OR T913,T3262,0"/><instruction code="ADD T3263,T910,T913"/><instruction code="OR T914,T3263,0"/><instruction code="SETL T3264,9"/><instruction code="INCML T3264,0"/><instruction code="INCMH T3264,0"/><instruction code="INCH T3264,0"/><instruction code="OR T916,T3264,0"/><instruction code="STO T916,T914,0"/><instruction code="OR T917,T6,0"/><instruction code="SETL T3266,664"/><instruction code="INCML T3266,0"/><instruction code="INCMH T3266,0"/><instruction code="INCH T3266,0"/><instruction code="NEG T3266,0,T3266"/><instruction code="OR T918,T3266,0"/><instruction code="ADD T3267,T917,T918"/><instruction code="OR T919,T3267,0"/><instruction code="SETL T3268,5"/><instruction code="INCML T3268,0"/><instruction code="INCMH T3268,0"/><instruction code="INCH T3268,0"/><instruction code="OR T920,T3268,0"/><instruction code="SETL T3269,72"/><instruction code="INCML T3269,0"/><instruction code="INCMH T3269,0"/><instruction code="INCH T3269,0"/><instruction code="OR T921,T3269,0"/><instruction code="MUL T3270,T920,T921"/><instruction code="OR T922,T3270,0"/><instruction code="ADD T3271,T919,T922"/><instruction code="OR T923,T3271,0"/><instruction code="SETL T3272,6"/><instruction code="INCML T3272,0"/><instruction code="INCMH T3272,0"/><instruction code="INCH T3272,0"/><instruction code="OR T924,T3272,0"/><instruction code="SETL T3273,8"/><instruction code="INCML T3273,0"/><instruction code="INCMH T3273,0"/><instruction code="INCH T3273,0"/><instruction code="OR T925,T3273,0"/><instruction code="MUL T3274,T924,T925"/><instruction code="OR T926,T3274,0"/><instruction code="ADD T3275,T923,T926"/><instruction code="OR T927,T3275,0"/><instruction code="SETL T3276,0"/><instruction code="INCML T3276,0"/><instruction code="INCMH T3276,0"/><instruction code="INCH T3276,0"/><instruction code="OR T929,T3276,0"/><instruction code="STO T929,T927,0"/><instruction code="OR T930,T6,0"/><instruction code="SETL T3278,664"/><instruction code="INCML T3278,0"/><instruction code="INCMH T3278,0"/><instruction code="INCH T3278,0"/><instruction code="NEG T3278,0,T3278"/><instruction code="OR T931,T3278,0"/><instruction code="ADD T3279,T930,T931"/><instruction code="OR T932,T3279,0"/><instruction code="SETL T3280,5"/><instruction code="INCML T3280,0"/><instruction code="INCMH T3280,0"/><instruction code="INCH T3280,0"/><instruction code="OR T933,T3280,0"/><instruction code="SETL T3281,72"/><instruction code="INCML T3281,0"/><instruction code="INCMH T3281,0"/><instruction code="INCH T3281,0"/><instruction code="OR T934,T3281,0"/><instruction code="MUL T3282,T933,T934"/><instruction code="OR T935,T3282,0"/><instruction code="ADD T3283,T932,T935"/><instruction code="OR T936,T3283,0"/><instruction code="SETL T3284,7"/><instruction code="INCML T3284,0"/><instruction code="INCMH T3284,0"/><instruction code="INCH T3284,0"/><instruction code="OR T937,T3284,0"/><instruction code="SETL T3285,8"/><instruction code="INCML T3285,0"/><instruction code="INCMH T3285,0"/><instruction code="INCH T3285,0"/><instruction code="OR T938,T3285,0"/><instruction code="MUL T3286,T937,T938"/><instruction code="OR T939,T3286,0"/><instruction code="ADD T3287,T936,T939"/><instruction code="OR T940,T3287,0"/><instruction code="SETL T3288,0"/><instruction code="INCML T3288,0"/><instruction code="INCMH T3288,0"/><instruction code="INCH T3288,0"/><instruction code="OR T942,T3288,0"/><instruction code="STO T942,T940,0"/><instruction code="OR T943,T6,0"/><instruction code="SETL T3290,664"/><instruction code="INCML T3290,0"/><instruction code="INCMH T3290,0"/><instruction code="INCH T3290,0"/><instruction code="NEG T3290,0,T3290"/><instruction code="OR T944,T3290,0"/><instruction code="ADD T3291,T943,T944"/><instruction code="OR T945,T3291,0"/><instruction code="SETL T3292,5"/><instruction code="INCML T3292,0"/><instruction code="INCMH T3292,0"/><instruction code="INCH T3292,0"/><instruction code="OR T946,T3292,0"/><instruction code="SETL T3293,72"/><instruction code="INCML T3293,0"/><instruction code="INCMH T3293,0"/><instruction code="INCH T3293,0"/><instruction code="OR T947,T3293,0"/><instruction code="MUL T3294,T946,T947"/><instruction code="OR T948,T3294,0"/><instruction code="ADD T3295,T945,T948"/><instruction code="OR T949,T3295,0"/><instruction code="SETL T3296,8"/><instruction code="INCML T3296,0"/><instruction code="INCMH T3296,0"/><instruction code="INCH T3296,0"/><instruction code="OR T950,T3296,0"/><instruction code="SETL T3297,8"/><instruction code="INCML T3297,0"/><instruction code="INCMH T3297,0"/><instruction code="INCH T3297,0"/><instruction code="OR T951,T3297,0"/><instruction code="MUL T3298,T950,T951"/><instruction code="OR T952,T3298,0"/><instruction code="ADD T3299,T949,T952"/><instruction code="OR T953,T3299,0"/><instruction code="SETL T3300,0"/><instruction code="INCML T3300,0"/><instruction code="INCMH T3300,0"/><instruction code="INCH T3300,0"/><instruction code="OR T955,T3300,0"/><instruction code="STO T955,T953,0"/><instruction code="OR T956,T6,0"/><instruction code="SETL T3302,664"/><instruction code="INCML T3302,0"/><instruction code="INCMH T3302,0"/><instruction code="INCH T3302,0"/><instruction code="NEG T3302,0,T3302"/><instruction code="OR T957,T3302,0"/><instruction code="ADD T3303,T956,T957"/><instruction code="OR T958,T3303,0"/><instruction code="SETL T3304,6"/><instruction code="INCML T3304,0"/><instruction code="INCMH T3304,0"/><instruction code="INCH T3304,0"/><instruction code="OR T959,T3304,0"/><instruction code="SETL T3305,72"/><instruction code="INCML T3305,0"/><instruction code="INCMH T3305,0"/><instruction code="INCH T3305,0"/><instruction code="OR T960,T3305,0"/><instruction code="MUL T3306,T959,T960"/><instruction code="OR T961,T3306,0"/><instruction code="ADD T3307,T958,T961"/><instruction code="OR T962,T3307,0"/><instruction code="SETL T3308,0"/><instruction code="INCML T3308,0"/><instruction code="INCMH T3308,0"/><instruction code="INCH T3308,0"/><instruction code="OR T963,T3308,0"/><instruction code="SETL T3309,8"/><instruction code="INCML T3309,0"/><instruction code="INCMH T3309,0"/><instruction code="INCH T3309,0"/><instruction code="OR T964,T3309,0"/><instruction code="MUL T3310,T963,T964"/><instruction code="OR T965,T3310,0"/><instruction code="ADD T3311,T962,T965"/><instruction code="OR T966,T3311,0"/><instruction code="SETL T3312,0"/><instruction code="INCML T3312,0"/><instruction code="INCMH T3312,0"/><instruction code="INCH T3312,0"/><instruction code="OR T968,T3312,0"/><instruction code="STO T968,T966,0"/><instruction code="OR T969,T6,0"/><instruction code="SETL T3314,664"/><instruction code="INCML T3314,0"/><instruction code="INCMH T3314,0"/><instruction code="INCH T3314,0"/><instruction code="NEG T3314,0,T3314"/><instruction code="OR T970,T3314,0"/><instruction code="ADD T3315,T969,T970"/><instruction code="OR T971,T3315,0"/><instruction code="SETL T3316,6"/><instruction code="INCML T3316,0"/><instruction code="INCMH T3316,0"/><instruction code="INCH T3316,0"/><instruction code="OR T972,T3316,0"/><instruction code="SETL T3317,72"/><instruction code="INCML T3317,0"/><instruction code="INCMH T3317,0"/><instruction code="INCH T3317,0"/><instruction code="OR T973,T3317,0"/><instruction code="MUL T3318,T972,T973"/><instruction code="OR T974,T3318,0"/><instruction code="ADD T3319,T971,T974"/><instruction code="OR T975,T3319,0"/><instruction code="SETL T3320,1"/><instruction code="INCML T3320,0"/><instruction code="INCMH T3320,0"/><instruction code="INCH T3320,0"/><instruction code="OR T976,T3320,0"/><instruction code="SETL T3321,8"/><instruction code="INCML T3321,0"/><instruction code="INCMH T3321,0"/><instruction code="INCH T3321,0"/><instruction code="OR T977,T3321,0"/><instruction code="MUL T3322,T976,T977"/><instruction code="OR T978,T3322,0"/><instruction code="ADD T3323,T975,T978"/><instruction code="OR T979,T3323,0"/><instruction code="SETL T3324,0"/><instruction code="INCML T3324,0"/><instruction code="INCMH T3324,0"/><instruction code="INCH T3324,0"/><instruction code="OR T981,T3324,0"/><instruction code="STO T981,T979,0"/><instruction code="OR T982,T6,0"/><instruction code="SETL T3326,664"/><instruction code="INCML T3326,0"/><instruction code="INCMH T3326,0"/><instruction code="INCH T3326,0"/><instruction code="NEG T3326,0,T3326"/><instruction code="OR T983,T3326,0"/><instruction code="ADD T3327,T982,T983"/><instruction code="OR T984,T3327,0"/><instruction code="SETL T3328,6"/><instruction code="INCML T3328,0"/><instruction code="INCMH T3328,0"/><instruction code="INCH T3328,0"/><instruction code="OR T985,T3328,0"/><instruction code="SETL T3329,72"/><instruction code="INCML T3329,0"/><instruction code="INCMH T3329,0"/><instruction code="INCH T3329,0"/><instruction code="OR T986,T3329,0"/><instruction code="MUL T3330,T985,T986"/><instruction code="OR T987,T3330,0"/><instruction code="ADD T3331,T984,T987"/><instruction code="OR T988,T3331,0"/><instruction code="SETL T3332,2"/><instruction code="INCML T3332,0"/><instruction code="INCMH T3332,0"/><instruction code="INCH T3332,0"/><instruction code="OR T989,T3332,0"/><instruction code="SETL T3333,8"/><instruction code="INCML T3333,0"/><instruction code="INCMH T3333,0"/><instruction code="INCH T3333,0"/><instruction code="OR T990,T3333,0"/><instruction code="MUL T3334,T989,T990"/><instruction code="OR T991,T3334,0"/><instruction code="ADD T3335,T988,T991"/><instruction code="OR T992,T3335,0"/><instruction code="SETL T3336,0"/><instruction code="INCML T3336,0"/><instruction code="INCMH T3336,0"/><instruction code="INCH T3336,0"/><instruction code="OR T994,T3336,0"/><instruction code="STO T994,T992,0"/><instruction code="OR T995,T6,0"/><instruction code="SETL T3338,664"/><instruction code="INCML T3338,0"/><instruction code="INCMH T3338,0"/><instruction code="INCH T3338,0"/><instruction code="NEG T3338,0,T3338"/><instruction code="OR T996,T3338,0"/><instruction code="ADD T3339,T995,T996"/><instruction code="OR T997,T3339,0"/><instruction code="SETL T3340,6"/><instruction code="INCML T3340,0"/><instruction code="INCMH T3340,0"/><instruction code="INCH T3340,0"/><instruction code="OR T998,T3340,0"/><instruction code="SETL T3341,72"/><instruction code="INCML T3341,0"/><instruction code="INCMH T3341,0"/><instruction code="INCH T3341,0"/><instruction code="OR T999,T3341,0"/><instruction code="MUL T3342,T998,T999"/><instruction code="OR T1000,T3342,0"/><instruction code="ADD T3343,T997,T1000"/><instruction code="OR T1001,T3343,0"/><instruction code="SETL T3344,3"/><instruction code="INCML T3344,0"/><instruction code="INCMH T3344,0"/><instruction code="INCH T3344,0"/><instruction code="OR T1002,T3344,0"/><instruction code="SETL T3345,8"/><instruction code="INCML T3345,0"/><instruction code="INCMH T3345,0"/><instruction code="INCH T3345,0"/><instruction code="OR T1003,T3345,0"/><instruction code="MUL T3346,T1002,T1003"/><instruction code="OR T1004,T3346,0"/><instruction code="ADD T3347,T1001,T1004"/><instruction code="OR T1005,T3347,0"/><instruction code="SETL T3348,0"/><instruction code="INCML T3348,0"/><instruction code="INCMH T3348,0"/><instruction code="INCH T3348,0"/><instruction code="OR T1007,T3348,0"/><instruction code="STO T1007,T1005,0"/><instruction code="OR T1008,T6,0"/><instruction code="SETL T3350,664"/><instruction code="INCML T3350,0"/><instruction code="INCMH T3350,0"/><instruction code="INCH T3350,0"/><instruction code="NEG T3350,0,T3350"/><instruction code="OR T1009,T3350,0"/><instruction code="ADD T3351,T1008,T1009"/><instruction code="OR T1010,T3351,0"/><instruction code="SETL T3352,6"/><instruction code="INCML T3352,0"/><instruction code="INCMH T3352,0"/><instruction code="INCH T3352,0"/><instruction code="OR T1011,T3352,0"/><instruction code="SETL T3353,72"/><instruction code="INCML T3353,0"/><instruction code="INCMH T3353,0"/><instruction code="INCH T3353,0"/><instruction code="OR T1012,T3353,0"/><instruction code="MUL T3354,T1011,T1012"/><instruction code="OR T1013,T3354,0"/><instruction code="ADD T3355,T1010,T1013"/><instruction code="OR T1014,T3355,0"/><instruction code="SETL T3356,4"/><instruction code="INCML T3356,0"/><instruction code="INCMH T3356,0"/><instruction code="INCH T3356,0"/><instruction code="OR T1015,T3356,0"/><instruction code="SETL T3357,8"/><instruction code="INCML T3357,0"/><instruction code="INCMH T3357,0"/><instruction code="INCH T3357,0"/><instruction code="OR T1016,T3357,0"/><instruction code="MUL T3358,T1015,T1016"/><instruction code="OR T1017,T3358,0"/><instruction code="ADD T3359,T1014,T1017"/><instruction code="OR T1018,T3359,0"/><instruction code="SETL T3360,0"/><instruction code="INCML T3360,0"/><instruction code="INCMH T3360,0"/><instruction code="INCH T3360,0"/><instruction code="OR T1020,T3360,0"/><instruction code="STO T1020,T1018,0"/><instruction code="OR T1021,T6,0"/><instruction code="SETL T3362,664"/><instruction code="INCML T3362,0"/><instruction code="INCMH T3362,0"/><instruction code="INCH T3362,0"/><instruction code="NEG T3362,0,T3362"/><instruction code="OR T1022,T3362,0"/><instruction code="ADD T3363,T1021,T1022"/><instruction code="OR T1023,T3363,0"/><instruction code="SETL T3364,6"/><instruction code="INCML T3364,0"/><instruction code="INCMH T3364,0"/><instruction code="INCH T3364,0"/><instruction code="OR T1024,T3364,0"/><instruction code="SETL T3365,72"/><instruction code="INCML T3365,0"/><instruction code="INCMH T3365,0"/><instruction code="INCH T3365,0"/><instruction code="OR T1025,T3365,0"/><instruction code="MUL T3366,T1024,T1025"/><instruction code="OR T1026,T3366,0"/><instruction code="ADD T3367,T1023,T1026"/><instruction code="OR T1027,T3367,0"/><instruction code="SETL T3368,5"/><instruction code="INCML T3368,0"/><instruction code="INCMH T3368,0"/><instruction code="INCH T3368,0"/><instruction code="OR T1028,T3368,0"/><instruction code="SETL T3369,8"/><instruction code="INCML T3369,0"/><instruction code="INCMH T3369,0"/><instruction code="INCH T3369,0"/><instruction code="OR T1029,T3369,0"/><instruction code="MUL T3370,T1028,T1029"/><instruction code="OR T1030,T3370,0"/><instruction code="ADD T3371,T1027,T1030"/><instruction code="OR T1031,T3371,0"/><instruction code="SETL T3372,1"/><instruction code="INCML T3372,0"/><instruction code="INCMH T3372,0"/><instruction code="INCH T3372,0"/><instruction code="OR T1033,T3372,0"/><instruction code="STO T1033,T1031,0"/><instruction code="OR T1034,T6,0"/><instruction code="SETL T3374,664"/><instruction code="INCML T3374,0"/><instruction code="INCMH T3374,0"/><instruction code="INCH T3374,0"/><instruction code="NEG T3374,0,T3374"/><instruction code="OR T1035,T3374,0"/><instruction code="ADD T3375,T1034,T1035"/><instruction code="OR T1036,T3375,0"/><instruction code="SETL T3376,6"/><instruction code="INCML T3376,0"/><instruction code="INCMH T3376,0"/><instruction code="INCH T3376,0"/><instruction code="OR T1037,T3376,0"/><instruction code="SETL T3377,72"/><instruction code="INCML T3377,0"/><instruction code="INCMH T3377,0"/><instruction code="INCH T3377,0"/><instruction code="OR T1038,T3377,0"/><instruction code="MUL T3378,T1037,T1038"/><instruction code="OR T1039,T3378,0"/><instruction code="ADD T3379,T1036,T1039"/><instruction code="OR T1040,T3379,0"/><instruction code="SETL T3380,6"/><instruction code="INCML T3380,0"/><instruction code="INCMH T3380,0"/><instruction code="INCH T3380,0"/><instruction code="OR T1041,T3380,0"/><instruction code="SETL T3381,8"/><instruction code="INCML T3381,0"/><instruction code="INCMH T3381,0"/><instruction code="INCH T3381,0"/><instruction code="OR T1042,T3381,0"/><instruction code="MUL T3382,T1041,T1042"/><instruction code="OR T1043,T3382,0"/><instruction code="ADD T3383,T1040,T1043"/><instruction code="OR T1044,T3383,0"/><instruction code="SETL T3384,0"/><instruction code="INCML T3384,0"/><instruction code="INCMH T3384,0"/><instruction code="INCH T3384,0"/><instruction code="OR T1046,T3384,0"/><instruction code="STO T1046,T1044,0"/><instruction code="OR T1047,T6,0"/><instruction code="SETL T3386,664"/><instruction code="INCML T3386,0"/><instruction code="INCMH T3386,0"/><instruction code="INCH T3386,0"/><instruction code="NEG T3386,0,T3386"/><instruction code="OR T1048,T3386,0"/><instruction code="ADD T3387,T1047,T1048"/><instruction code="OR T1049,T3387,0"/><instruction code="SETL T3388,6"/><instruction code="INCML T3388,0"/><instruction code="INCMH T3388,0"/><instruction code="INCH T3388,0"/><instruction code="OR T1050,T3388,0"/><instruction code="SETL T3389,72"/><instruction code="INCML T3389,0"/><instruction code="INCMH T3389,0"/><instruction code="INCH T3389,0"/><instruction code="OR T1051,T3389,0"/><instruction code="MUL T3390,T1050,T1051"/><instruction code="OR T1052,T3390,0"/><instruction code="ADD T3391,T1049,T1052"/><instruction code="OR T1053,T3391,0"/><instruction code="SETL T3392,7"/><instruction code="INCML T3392,0"/><instruction code="INCMH T3392,0"/><instruction code="INCH T3392,0"/><instruction code="OR T1054,T3392,0"/><instruction code="SETL T3393,8"/><instruction code="INCML T3393,0"/><instruction code="INCMH T3393,0"/><instruction code="INCH T3393,0"/><instruction code="OR T1055,T3393,0"/><instruction code="MUL T3394,T1054,T1055"/><instruction code="OR T1056,T3394,0"/><instruction code="ADD T3395,T1053,T1056"/><instruction code="OR T1057,T3395,0"/><instruction code="SETL T3396,0"/><instruction code="INCML T3396,0"/><instruction code="INCMH T3396,0"/><instruction code="INCH T3396,0"/><instruction code="OR T1059,T3396,0"/><instruction code="STO T1059,T1057,0"/><instruction code="OR T1060,T6,0"/><instruction code="SETL T3398,664"/><instruction code="INCML T3398,0"/><instruction code="INCMH T3398,0"/><instruction code="INCH T3398,0"/><instruction code="NEG T3398,0,T3398"/><instruction code="OR T1061,T3398,0"/><instruction code="ADD T3399,T1060,T1061"/><instruction code="OR T1062,T3399,0"/><instruction code="SETL T3400,6"/><instruction code="INCML T3400,0"/><instruction code="INCMH T3400,0"/><instruction code="INCH T3400,0"/><instruction code="OR T1063,T3400,0"/><instruction code="SETL T3401,72"/><instruction code="INCML T3401,0"/><instruction code="INCMH T3401,0"/><instruction code="INCH T3401,0"/><instruction code="OR T1064,T3401,0"/><instruction code="MUL T3402,T1063,T1064"/><instruction code="OR T1065,T3402,0"/><instruction code="ADD T3403,T1062,T1065"/><instruction code="OR T1066,T3403,0"/><instruction code="SETL T3404,8"/><instruction code="INCML T3404,0"/><instruction code="INCMH T3404,0"/><instruction code="INCH T3404,0"/><instruction code="OR T1067,T3404,0"/><instruction code="SETL T3405,8"/><instruction code="INCML T3405,0"/><instruction code="INCMH T3405,0"/><instruction code="INCH T3405,0"/><instruction code="OR T1068,T3405,0"/><instruction code="MUL T3406,T1067,T1068"/><instruction code="OR T1069,T3406,0"/><instruction code="ADD T3407,T1066,T1069"/><instruction code="OR T1070,T3407,0"/><instruction code="SETL T3408,7"/><instruction code="INCML T3408,0"/><instruction code="INCMH T3408,0"/><instruction code="INCH T3408,0"/><instruction code="OR T1072,T3408,0"/><instruction code="STO T1072,T1070,0"/><instruction code="OR T1073,T6,0"/><instruction code="SETL T3410,664"/><instruction code="INCML T3410,0"/><instruction code="INCMH T3410,0"/><instruction code="INCH T3410,0"/><instruction code="NEG T3410,0,T3410"/><instruction code="OR T1074,T3410,0"/><instruction code="ADD T3411,T1073,T1074"/><instruction code="OR T1075,T3411,0"/><instruction code="SETL T3412,7"/><instruction code="INCML T3412,0"/><instruction code="INCMH T3412,0"/><instruction code="INCH T3412,0"/><instruction code="OR T1076,T3412,0"/><instruction code="SETL T3413,72"/><instruction code="INCML T3413,0"/><instruction code="INCMH T3413,0"/><instruction code="INCH T3413,0"/><instruction code="OR T1077,T3413,0"/><instruction code="MUL T3414,T1076,T1077"/><instruction code="OR T1078,T3414,0"/><instruction code="ADD T3415,T1075,T1078"/><instruction code="OR T1079,T3415,0"/><instruction code="SETL T3416,0"/><instruction code="INCML T3416,0"/><instruction code="INCMH T3416,0"/><instruction code="INCH T3416,0"/><instruction code="OR T1080,T3416,0"/><instruction code="SETL T3417,8"/><instruction code="INCML T3417,0"/><instruction code="INCMH T3417,0"/><instruction code="INCH T3417,0"/><instruction code="OR T1081,T3417,0"/><instruction code="MUL T3418,T1080,T1081"/><instruction code="OR T1082,T3418,0"/><instruction code="ADD T3419,T1079,T1082"/><instruction code="OR T1083,T3419,0"/><instruction code="SETL T3420,1"/><instruction code="INCML T3420,0"/><instruction code="INCMH T3420,0"/><instruction code="INCH T3420,0"/><instruction code="OR T1085,T3420,0"/><instruction code="STO T1085,T1083,0"/><instruction code="OR T1086,T6,0"/><instruction code="SETL T3422,664"/><instruction code="INCML T3422,0"/><instruction code="INCMH T3422,0"/><instruction code="INCH T3422,0"/><instruction code="NEG T3422,0,T3422"/><instruction code="OR T1087,T3422,0"/><instruction code="ADD T3423,T1086,T1087"/><instruction code="OR T1088,T3423,0"/><instruction code="SETL T3424,7"/><instruction code="INCML T3424,0"/><instruction code="INCMH T3424,0"/><instruction code="INCH T3424,0"/><instruction code="OR T1089,T3424,0"/><instruction code="SETL T3425,72"/><instruction code="INCML T3425,0"/><instruction code="INCMH T3425,0"/><instruction code="INCH T3425,0"/><instruction code="OR T1090,T3425,0"/><instruction code="MUL T3426,T1089,T1090"/><instruction code="OR T1091,T3426,0"/><instruction code="ADD T3427,T1088,T1091"/><instruction code="OR T1092,T3427,0"/><instruction code="SETL T3428,1"/><instruction code="INCML T3428,0"/><instruction code="INCMH T3428,0"/><instruction code="INCH T3428,0"/><instruction code="OR T1093,T3428,0"/><instruction code="SETL T3429,8"/><instruction code="INCML T3429,0"/><instruction code="INCMH T3429,0"/><instruction code="INCH T3429,0"/><instruction code="OR T1094,T3429,0"/><instruction code="MUL T3430,T1093,T1094"/><instruction code="OR T1095,T3430,0"/><instruction code="ADD T3431,T1092,T1095"/><instruction code="OR T1096,T3431,0"/><instruction code="SETL T3432,0"/><instruction code="INCML T3432,0"/><instruction code="INCMH T3432,0"/><instruction code="INCH T3432,0"/><instruction code="OR T1098,T3432,0"/><instruction code="STO T1098,T1096,0"/><instruction code="OR T1099,T6,0"/><instruction code="SETL T3434,664"/><instruction code="INCML T3434,0"/><instruction code="INCMH T3434,0"/><instruction code="INCH T3434,0"/><instruction code="NEG T3434,0,T3434"/><instruction code="OR T1100,T3434,0"/><instruction code="ADD T3435,T1099,T1100"/><instruction code="OR T1101,T3435,0"/><instruction code="SETL T3436,7"/><instruction code="INCML T3436,0"/><instruction code="INCMH T3436,0"/><instruction code="INCH T3436,0"/><instruction code="OR T1102,T3436,0"/><instruction code="SETL T3437,72"/><instruction code="INCML T3437,0"/><instruction code="INCMH T3437,0"/><instruction code="INCH T3437,0"/><instruction code="OR T1103,T3437,0"/><instruction code="MUL T3438,T1102,T1103"/><instruction code="OR T1104,T3438,0"/><instruction code="ADD T3439,T1101,T1104"/><instruction code="OR T1105,T3439,0"/><instruction code="SETL T3440,2"/><instruction code="INCML T3440,0"/><instruction code="INCMH T3440,0"/><instruction code="INCH T3440,0"/><instruction code="OR T1106,T3440,0"/><instruction code="SETL T3441,8"/><instruction code="INCML T3441,0"/><instruction code="INCMH T3441,0"/><instruction code="INCH T3441,0"/><instruction code="OR T1107,T3441,0"/><instruction code="MUL T3442,T1106,T1107"/><instruction code="OR T1108,T3442,0"/><instruction code="ADD T3443,T1105,T1108"/><instruction code="OR T1109,T3443,0"/><instruction code="SETL T3444,0"/><instruction code="INCML T3444,0"/><instruction code="INCMH T3444,0"/><instruction code="INCH T3444,0"/><instruction code="OR T1111,T3444,0"/><instruction code="STO T1111,T1109,0"/><instruction code="OR T1112,T6,0"/><instruction code="SETL T3446,664"/><instruction code="INCML T3446,0"/><instruction code="INCMH T3446,0"/><instruction code="INCH T3446,0"/><instruction code="NEG T3446,0,T3446"/><instruction code="OR T1113,T3446,0"/><instruction code="ADD T3447,T1112,T1113"/><instruction code="OR T1114,T3447,0"/><instruction code="SETL T3448,7"/><instruction code="INCML T3448,0"/><instruction code="INCMH T3448,0"/><instruction code="INCH T3448,0"/><instruction code="OR T1115,T3448,0"/><instruction code="SETL T3449,72"/><instruction code="INCML T3449,0"/><instruction code="INCMH T3449,0"/><instruction code="INCH T3449,0"/><instruction code="OR T1116,T3449,0"/><instruction code="MUL T3450,T1115,T1116"/><instruction code="OR T1117,T3450,0"/><instruction code="ADD T3451,T1114,T1117"/><instruction code="OR T1118,T3451,0"/><instruction code="SETL T3452,3"/><instruction code="INCML T3452,0"/><instruction code="INCMH T3452,0"/><instruction code="INCH T3452,0"/><instruction code="OR T1119,T3452,0"/><instruction code="SETL T3453,8"/><instruction code="INCML T3453,0"/><instruction code="INCMH T3453,0"/><instruction code="INCH T3453,0"/><instruction code="OR T1120,T3453,0"/><instruction code="MUL T3454,T1119,T1120"/><instruction code="OR T1121,T3454,0"/><instruction code="ADD T3455,T1118,T1121"/><instruction code="OR T1122,T3455,0"/><instruction code="SETL T3456,0"/><instruction code="INCML T3456,0"/><instruction code="INCMH T3456,0"/><instruction code="INCH T3456,0"/><instruction code="OR T1124,T3456,0"/><instruction code="STO T1124,T1122,0"/><instruction code="OR T1125,T6,0"/><instruction code="SETL T3458,664"/><instruction code="INCML T3458,0"/><instruction code="INCMH T3458,0"/><instruction code="INCH T3458,0"/><instruction code="NEG T3458,0,T3458"/><instruction code="OR T1126,T3458,0"/><instruction code="ADD T3459,T1125,T1126"/><instruction code="OR T1127,T3459,0"/><instruction code="SETL T3460,7"/><instruction code="INCML T3460,0"/><instruction code="INCMH T3460,0"/><instruction code="INCH T3460,0"/><instruction code="OR T1128,T3460,0"/><instruction code="SETL T3461,72"/><instruction code="INCML T3461,0"/><instruction code="INCMH T3461,0"/><instruction code="INCH T3461,0"/><instruction code="OR T1129,T3461,0"/><instruction code="MUL T3462,T1128,T1129"/><instruction code="OR T1130,T3462,0"/><instruction code="ADD T3463,T1127,T1130"/><instruction code="OR T1131,T3463,0"/><instruction code="SETL T3464,4"/><instruction code="INCML T3464,0"/><instruction code="INCMH T3464,0"/><instruction code="INCH T3464,0"/><instruction code="OR T1132,T3464,0"/><instruction code="SETL T3465,8"/><instruction code="INCML T3465,0"/><instruction code="INCMH T3465,0"/><instruction code="INCH T3465,0"/><instruction code="OR T1133,T3465,0"/><instruction code="MUL T3466,T1132,T1133"/><instruction code="OR T1134,T3466,0"/><instruction code="ADD T3467,T1131,T1134"/><instruction code="OR T1135,T3467,0"/><instruction code="SETL T3468,0"/><instruction code="INCML T3468,0"/><instruction code="INCMH T3468,0"/><instruction code="INCH T3468,0"/><instruction code="OR T1137,T3468,0"/><instruction code="STO T1137,T1135,0"/><instruction code="OR T1138,T6,0"/><instruction code="SETL T3470,664"/><instruction code="INCML T3470,0"/><instruction code="INCMH T3470,0"/><instruction code="INCH T3470,0"/><instruction code="NEG T3470,0,T3470"/><instruction code="OR T1139,T3470,0"/><instruction code="ADD T3471,T1138,T1139"/><instruction code="OR T1140,T3471,0"/><instruction code="SETL T3472,7"/><instruction code="INCML T3472,0"/><instruction code="INCMH T3472,0"/><instruction code="INCH T3472,0"/><instruction code="OR T1141,T3472,0"/><instruction code="SETL T3473,72"/><instruction code="INCML T3473,0"/><instruction code="INCMH T3473,0"/><instruction code="INCH T3473,0"/><instruction code="OR T1142,T3473,0"/><instruction code="MUL T3474,T1141,T1142"/><instruction code="OR T1143,T3474,0"/><instruction code="ADD T3475,T1140,T1143"/><instruction code="OR T1144,T3475,0"/><instruction code="SETL T3476,5"/><instruction code="INCML T3476,0"/><instruction code="INCMH T3476,0"/><instruction code="INCH T3476,0"/><instruction code="OR T1145,T3476,0"/><instruction code="SETL T3477,8"/><instruction code="INCML T3477,0"/><instruction code="INCMH T3477,0"/><instruction code="INCH T3477,0"/><instruction code="OR T1146,T3477,0"/><instruction code="MUL T3478,T1145,T1146"/><instruction code="OR T1147,T3478,0"/><instruction code="ADD T3479,T1144,T1147"/><instruction code="OR T1148,T3479,0"/><instruction code="SETL T3480,2"/><instruction code="INCML T3480,0"/><instruction code="INCMH T3480,0"/><instruction code="INCH T3480,0"/><instruction code="OR T1150,T3480,0"/><instruction code="STO T1150,T1148,0"/><instruction code="OR T1151,T6,0"/><instruction code="SETL T3482,664"/><instruction code="INCML T3482,0"/><instruction code="INCMH T3482,0"/><instruction code="INCH T3482,0"/><instruction code="NEG T3482,0,T3482"/><instruction code="OR T1152,T3482,0"/><instruction code="ADD T3483,T1151,T1152"/><instruction code="OR T1153,T3483,0"/><instruction code="SETL T3484,7"/><instruction code="INCML T3484,0"/><instruction code="INCMH T3484,0"/><instruction code="INCH T3484,0"/><instruction code="OR T1154,T3484,0"/><instruction code="SETL T3485,72"/><instruction code="INCML T3485,0"/><instruction code="INCMH T3485,0"/><instruction code="INCH T3485,0"/><instruction code="OR T1155,T3485,0"/><instruction code="MUL T3486,T1154,T1155"/><instruction code="OR T1156,T3486,0"/><instruction code="ADD T3487,T1153,T1156"/><instruction code="OR T1157,T3487,0"/><instruction code="SETL T3488,6"/><instruction code="INCML T3488,0"/><instruction code="INCMH T3488,0"/><instruction code="INCH T3488,0"/><instruction code="OR T1158,T3488,0"/><instruction code="SETL T3489,8"/><instruction code="INCML T3489,0"/><instruction code="INCMH T3489,0"/><instruction code="INCH T3489,0"/><instruction code="OR T1159,T3489,0"/><instruction code="MUL T3490,T1158,T1159"/><instruction code="OR T1160,T3490,0"/><instruction code="ADD T3491,T1157,T1160"/><instruction code="OR T1161,T3491,0"/><instruction code="SETL T3492,4"/><instruction code="INCML T3492,0"/><instruction code="INCMH T3492,0"/><instruction code="INCH T3492,0"/><instruction code="OR T1163,T3492,0"/><instruction code="STO T1163,T1161,0"/><instruction code="OR T1164,T6,0"/><instruction code="SETL T3494,664"/><instruction code="INCML T3494,0"/><instruction code="INCMH T3494,0"/><instruction code="INCH T3494,0"/><instruction code="NEG T3494,0,T3494"/><instruction code="OR T1165,T3494,0"/><instruction code="ADD T3495,T1164,T1165"/><instruction code="OR T1166,T3495,0"/><instruction code="SETL T3496,7"/><instruction code="INCML T3496,0"/><instruction code="INCMH T3496,0"/><instruction code="INCH T3496,0"/><instruction code="OR T1167,T3496,0"/><instruction code="SETL T3497,72"/><instruction code="INCML T3497,0"/><instruction code="INCMH T3497,0"/><instruction code="INCH T3497,0"/><instruction code="OR T1168,T3497,0"/><instruction code="MUL T3498,T1167,T1168"/><instruction code="OR T1169,T3498,0"/><instruction code="ADD T3499,T1166,T1169"/><instruction code="OR T1170,T3499,0"/><instruction code="SETL T3500,7"/><instruction code="INCML T3500,0"/><instruction code="INCMH T3500,0"/><instruction code="INCH T3500,0"/><instruction code="OR T1171,T3500,0"/><instruction code="SETL T3501,8"/><instruction code="INCML T3501,0"/><instruction code="INCMH T3501,0"/><instruction code="INCH T3501,0"/><instruction code="OR T1172,T3501,0"/><instruction code="MUL T3502,T1171,T1172"/><instruction code="OR T1173,T3502,0"/><instruction code="ADD T3503,T1170,T1173"/><instruction code="OR T1174,T3503,0"/><instruction code="SETL T3504,0"/><instruction code="INCML T3504,0"/><instruction code="INCMH T3504,0"/><instruction code="INCH T3504,0"/><instruction code="OR T1176,T3504,0"/><instruction code="STO T1176,T1174,0"/><instruction code="OR T1177,T6,0"/><instruction code="SETL T3506,664"/><instruction code="INCML T3506,0"/><instruction code="INCMH T3506,0"/><instruction code="INCH T3506,0"/><instruction code="NEG T3506,0,T3506"/><instruction code="OR T1178,T3506,0"/><instruction code="ADD T3507,T1177,T1178"/><instruction code="OR T1179,T3507,0"/><instruction code="SETL T3508,7"/><instruction code="INCML T3508,0"/><instruction code="INCMH T3508,0"/><instruction code="INCH T3508,0"/><instruction code="OR T1180,T3508,0"/><instruction code="SETL T3509,72"/><instruction code="INCML T3509,0"/><instruction code="INCMH T3509,0"/><instruction code="INCH T3509,0"/><instruction code="OR T1181,T3509,0"/><instruction code="MUL T3510,T1180,T1181"/><instruction code="OR T1182,T3510,0"/><instruction code="ADD T3511,T1179,T1182"/><instruction code="OR T1183,T3511,0"/><instruction code="SETL T3512,8"/><instruction code="INCML T3512,0"/><instruction code="INCMH T3512,0"/><instruction code="INCH T3512,0"/><instruction code="OR T1184,T3512,0"/><instruction code="SETL T3513,8"/><instruction code="INCML T3513,0"/><instruction code="INCMH T3513,0"/><instruction code="INCH T3513,0"/><instruction code="OR T1185,T3513,0"/><instruction code="MUL T3514,T1184,T1185"/><instruction code="OR T1186,T3514,0"/><instruction code="ADD T3515,T1183,T1186"/><instruction code="OR T1187,T3515,0"/><instruction code="SETL T3516,0"/><instruction code="INCML T3516,0"/><instruction code="INCMH T3516,0"/><instruction code="INCH T3516,0"/><instruction code="OR T1189,T3516,0"/><instruction code="STO T1189,T1187,0"/><instruction code="OR T1190,T6,0"/><instruction code="SETL T3518,664"/><instruction code="INCML T3518,0"/><instruction code="INCMH T3518,0"/><instruction code="INCH T3518,0"/><instruction code="NEG T3518,0,T3518"/><instruction code="OR T1191,T3518,0"/><instruction code="ADD T3519,T1190,T1191"/><instruction code="OR T1192,T3519,0"/><instruction code="SETL T3520,8"/><instruction code="INCML T3520,0"/><instruction code="INCMH T3520,0"/><instruction code="INCH T3520,0"/><instruction code="OR T1193,T3520,0"/><instruction code="SETL T3521,72"/><instruction code="INCML T3521,0"/><instruction code="INCMH T3521,0"/><instruction code="INCH T3521,0"/><instruction code="OR T1194,T3521,0"/><instruction code="MUL T3522,T1193,T1194"/><instruction code="OR T1195,T3522,0"/><instruction code="ADD T3523,T1192,T1195"/><instruction code="OR T1196,T3523,0"/><instruction code="SETL T3524,0"/><instruction code="INCML T3524,0"/><instruction code="INCMH T3524,0"/><instruction code="INCH T3524,0"/><instruction code="OR T1197,T3524,0"/><instruction code="SETL T3525,8"/><instruction code="INCML T3525,0"/><instruction code="INCMH T3525,0"/><instruction code="INCH T3525,0"/><instruction code="OR T1198,T3525,0"/><instruction code="MUL T3526,T1197,T1198"/><instruction code="OR T1199,T3526,0"/><instruction code="ADD T3527,T1196,T1199"/><instruction code="OR T1200,T3527,0"/><instruction code="SETL T3528,5"/><instruction code="INCML T3528,0"/><instruction code="INCMH T3528,0"/><instruction code="INCH T3528,0"/><instruction code="OR T1202,T3528,0"/><instruction code="STO T1202,T1200,0"/><instruction code="OR T1203,T6,0"/><instruction code="SETL T3530,664"/><instruction code="INCML T3530,0"/><instruction code="INCMH T3530,0"/><instruction code="INCH T3530,0"/><instruction code="NEG T3530,0,T3530"/><instruction code="OR T1204,T3530,0"/><instruction code="ADD T3531,T1203,T1204"/><instruction code="OR T1205,T3531,0"/><instruction code="SETL T3532,8"/><instruction code="INCML T3532,0"/><instruction code="INCMH T3532,0"/><instruction code="INCH T3532,0"/><instruction code="OR T1206,T3532,0"/><instruction code="SETL T3533,72"/><instruction code="INCML T3533,0"/><instruction code="INCMH T3533,0"/><instruction code="INCH T3533,0"/><instruction code="OR T1207,T3533,0"/><instruction code="MUL T3534,T1206,T1207"/><instruction code="OR T1208,T3534,0"/><instruction code="ADD T3535,T1205,T1208"/><instruction code="OR T1209,T3535,0"/><instruction code="SETL T3536,1"/><instruction code="INCML T3536,0"/><instruction code="INCMH T3536,0"/><instruction code="INCH T3536,0"/><instruction code="OR T1210,T3536,0"/><instruction code="SETL T3537,8"/><instruction code="INCML T3537,0"/><instruction code="INCMH T3537,0"/><instruction code="INCH T3537,0"/><instruction code="OR T1211,T3537,0"/><instruction code="MUL T3538,T1210,T1211"/><instruction code="OR T1212,T3538,0"/><instruction code="ADD T3539,T1209,T1212"/><instruction code="OR T1213,T3539,0"/><instruction code="SETL T3540,7"/><instruction code="INCML T3540,0"/><instruction code="INCMH T3540,0"/><instruction code="INCH T3540,0"/><instruction code="OR T1215,T3540,0"/><instruction code="STO T1215,T1213,0"/><instruction code="OR T1216,T6,0"/><instruction code="SETL T3542,664"/><instruction code="INCML T3542,0"/><instruction code="INCMH T3542,0"/><instruction code="INCH T3542,0"/><instruction code="NEG T3542,0,T3542"/><instruction code="OR T1217,T3542,0"/><instruction code="ADD T3543,T1216,T1217"/><instruction code="OR T1218,T3543,0"/><instruction code="SETL T3544,8"/><instruction code="INCML T3544,0"/><instruction code="INCMH T3544,0"/><instruction code="INCH T3544,0"/><instruction code="OR T1219,T3544,0"/><instruction code="SETL T3545,72"/><instruction code="INCML T3545,0"/><instruction code="INCMH T3545,0"/><instruction code="INCH T3545,0"/><instruction code="OR T1220,T3545,0"/><instruction code="MUL T3546,T1219,T1220"/><instruction code="OR T1221,T3546,0"/><instruction code="ADD T3547,T1218,T1221"/><instruction code="OR T1222,T3547,0"/><instruction code="SETL T3548,2"/><instruction code="INCML T3548,0"/><instruction code="INCMH T3548,0"/><instruction code="INCH T3548,0"/><instruction code="OR T1223,T3548,0"/><instruction code="SETL T3549,8"/><instruction code="INCML T3549,0"/><instruction code="INCMH T3549,0"/><instruction code="INCH T3549,0"/><instruction code="OR T1224,T3549,0"/><instruction code="MUL T3550,T1223,T1224"/><instruction code="OR T1225,T3550,0"/><instruction code="ADD T3551,T1222,T1225"/><instruction code="OR T1226,T3551,0"/><instruction code="SETL T3552,0"/><instruction code="INCML T3552,0"/><instruction code="INCMH T3552,0"/><instruction code="INCH T3552,0"/><instruction code="OR T1228,T3552,0"/><instruction code="STO T1228,T1226,0"/><instruction code="OR T1229,T6,0"/><instruction code="SETL T3554,664"/><instruction code="INCML T3554,0"/><instruction code="INCMH T3554,0"/><instruction code="INCH T3554,0"/><instruction code="NEG T3554,0,T3554"/><instruction code="OR T1230,T3554,0"/><instruction code="ADD T3555,T1229,T1230"/><instruction code="OR T1231,T3555,0"/><instruction code="SETL T3556,8"/><instruction code="INCML T3556,0"/><instruction code="INCMH T3556,0"/><instruction code="INCH T3556,0"/><instruction code="OR T1232,T3556,0"/><instruction code="SETL T3557,72"/><instruction code="INCML T3557,0"/><instruction code="INCMH T3557,0"/><instruction code="INCH T3557,0"/><instruction code="OR T1233,T3557,0"/><instruction code="MUL T3558,T1232,T1233"/><instruction code="OR T1234,T3558,0"/><instruction code="ADD T3559,T1231,T1234"/><instruction code="OR T1235,T3559,0"/><instruction code="SETL T3560,3"/><instruction code="INCML T3560,0"/><instruction code="INCMH T3560,0"/><instruction code="INCH T3560,0"/><instruction code="OR T1236,T3560,0"/><instruction code="SETL T3561,8"/><instruction code="INCML T3561,0"/><instruction code="INCMH T3561,0"/><instruction code="INCH T3561,0"/><instruction code="OR T1237,T3561,0"/><instruction code="MUL T3562,T1236,T1237"/><instruction code="OR T1238,T3562,0"/><instruction code="ADD T3563,T1235,T1238"/><instruction code="OR T1239,T3563,0"/><instruction code="SETL T3564,0"/><instruction code="INCML T3564,0"/><instruction code="INCMH T3564,0"/><instruction code="INCH T3564,0"/><instruction code="OR T1241,T3564,0"/><instruction code="STO T1241,T1239,0"/><instruction code="OR T1242,T6,0"/><instruction code="SETL T3566,664"/><instruction code="INCML T3566,0"/><instruction code="INCMH T3566,0"/><instruction code="INCH T3566,0"/><instruction code="NEG T3566,0,T3566"/><instruction code="OR T1243,T3566,0"/><instruction code="ADD T3567,T1242,T1243"/><instruction code="OR T1244,T3567,0"/><instruction code="SETL T3568,8"/><instruction code="INCML T3568,0"/><instruction code="INCMH T3568,0"/><instruction code="INCH T3568,0"/><instruction code="OR T1245,T3568,0"/><instruction code="SETL T3569,72"/><instruction code="INCML T3569,0"/><instruction code="INCMH T3569,0"/><instruction code="INCH T3569,0"/><instruction code="OR T1246,T3569,0"/><instruction code="MUL T3570,T1245,T1246"/><instruction code="OR T1247,T3570,0"/><instruction code="ADD T3571,T1244,T1247"/><instruction code="OR T1248,T3571,0"/><instruction code="SETL T3572,4"/><instruction code="INCML T3572,0"/><instruction code="INCMH T3572,0"/><instruction code="INCH T3572,0"/><instruction code="OR T1249,T3572,0"/><instruction code="SETL T3573,8"/><instruction code="INCML T3573,0"/><instruction code="INCMH T3573,0"/><instruction code="INCH T3573,0"/><instruction code="OR T1250,T3573,0"/><instruction code="MUL T3574,T1249,T1250"/><instruction code="OR T1251,T3574,0"/><instruction code="ADD T3575,T1248,T1251"/><instruction code="OR T1252,T3575,0"/><instruction code="SETL T3576,4"/><instruction code="INCML T3576,0"/><instruction code="INCMH T3576,0"/><instruction code="INCH T3576,0"/><instruction code="OR T1254,T3576,0"/><instruction code="STO T1254,T1252,0"/><instruction code="OR T1255,T6,0"/><instruction code="SETL T3578,664"/><instruction code="INCML T3578,0"/><instruction code="INCMH T3578,0"/><instruction code="INCH T3578,0"/><instruction code="NEG T3578,0,T3578"/><instruction code="OR T1256,T3578,0"/><instruction code="ADD T3579,T1255,T1256"/><instruction code="OR T1257,T3579,0"/><instruction code="SETL T3580,8"/><instruction code="INCML T3580,0"/><instruction code="INCMH T3580,0"/><instruction code="INCH T3580,0"/><instruction code="OR T1258,T3580,0"/><instruction code="SETL T3581,72"/><instruction code="INCML T3581,0"/><instruction code="INCMH T3581,0"/><instruction code="INCH T3581,0"/><instruction code="OR T1259,T3581,0"/><instruction code="MUL T3582,T1258,T1259"/><instruction code="OR T1260,T3582,0"/><instruction code="ADD T3583,T1257,T1260"/><instruction code="OR T1261,T3583,0"/><instruction code="SETL T3584,5"/><instruction code="INCML T3584,0"/><instruction code="INCMH T3584,0"/><instruction code="INCH T3584,0"/><instruction code="OR T1262,T3584,0"/><instruction code="SETL T3585,8"/><instruction code="INCML T3585,0"/><instruction code="INCMH T3585,0"/><instruction code="INCH T3585,0"/><instruction code="OR T1263,T3585,0"/><instruction code="MUL T3586,T1262,T1263"/><instruction code="OR T1264,T3586,0"/><instruction code="ADD T3587,T1261,T1264"/><instruction code="OR T1265,T3587,0"/><instruction code="SETL T3588,0"/><instruction code="INCML T3588,0"/><instruction code="INCMH T3588,0"/><instruction code="INCH T3588,0"/><instruction code="OR T1267,T3588,0"/><instruction code="STO T1267,T1265,0"/><instruction code="OR T1268,T6,0"/><instruction code="SETL T3590,664"/><instruction code="INCML T3590,0"/><instruction code="INCMH T3590,0"/><instruction code="INCH T3590,0"/><instruction code="NEG T3590,0,T3590"/><instruction code="OR T1269,T3590,0"/><instruction code="ADD T3591,T1268,T1269"/><instruction code="OR T1270,T3591,0"/><instruction code="SETL T3592,8"/><instruction code="INCML T3592,0"/><instruction code="INCMH T3592,0"/><instruction code="INCH T3592,0"/><instruction code="OR T1271,T3592,0"/><instruction code="SETL T3593,72"/><instruction code="INCML T3593,0"/><instruction code="INCMH T3593,0"/><instruction code="INCH T3593,0"/><instruction code="OR T1272,T3593,0"/><instruction code="MUL T3594,T1271,T1272"/><instruction code="OR T1273,T3594,0"/><instruction code="ADD T3595,T1270,T1273"/><instruction code="OR T1274,T3595,0"/><instruction code="SETL T3596,6"/><instruction code="INCML T3596,0"/><instruction code="INCMH T3596,0"/><instruction code="INCH T3596,0"/><instruction code="OR T1275,T3596,0"/><instruction code="SETL T3597,8"/><instruction code="INCML T3597,0"/><instruction code="INCMH T3597,0"/><instruction code="INCH T3597,0"/><instruction code="OR T1276,T3597,0"/><instruction code="MUL T3598,T1275,T1276"/><instruction code="OR T1277,T3598,0"/><instruction code="ADD T3599,T1274,T1277"/><instruction code="OR T1278,T3599,0"/><instruction code="SETL T3600,9"/><instruction code="INCML T3600,0"/><instruction code="INCMH T3600,0"/><instruction code="INCH T3600,0"/><instruction code="OR T1280,T3600,0"/><instruction code="STO T1280,T1278,0"/><instruction code="OR T1281,T6,0"/><instruction code="SETL T3602,664"/><instruction code="INCML T3602,0"/><instruction code="INCMH T3602,0"/><instruction code="INCH T3602,0"/><instruction code="NEG T3602,0,T3602"/><instruction code="OR T1282,T3602,0"/><instruction code="ADD T3603,T1281,T1282"/><instruction code="OR T1283,T3603,0"/><instruction code="SETL T3604,8"/><instruction code="INCML T3604,0"/><instruction code="INCMH T3604,0"/><instruction code="INCH T3604,0"/><instruction code="OR T1284,T3604,0"/><instruction code="SETL T3605,72"/><instruction code="INCML T3605,0"/><instruction code="INCMH T3605,0"/><instruction code="INCH T3605,0"/><instruction code="OR T1285,T3605,0"/><instruction code="MUL T3606,T1284,T1285"/><instruction code="OR T1286,T3606,0"/><instruction code="ADD T3607,T1283,T1286"/><instruction code="OR T1287,T3607,0"/><instruction code="SETL T3608,7"/><instruction code="INCML T3608,0"/><instruction code="INCMH T3608,0"/><instruction code="INCH T3608,0"/><instruction code="OR T1288,T3608,0"/><instruction code="SETL T3609,8"/><instruction code="INCML T3609,0"/><instruction code="INCMH T3609,0"/><instruction code="INCH T3609,0"/><instruction code="OR T1289,T3609,0"/><instruction code="MUL T3610,T1288,T1289"/><instruction code="OR T1290,T3610,0"/><instruction code="ADD T3611,T1287,T1290"/><instruction code="OR T1291,T3611,0"/><instruction code="SETL T3612,3"/><instruction code="INCML T3612,0"/><instruction code="INCMH T3612,0"/><instruction code="INCH T3612,0"/><instruction code="OR T1293,T3612,0"/><instruction code="STO T1293,T1291,0"/><instruction code="OR T1294,T6,0"/><instruction code="SETL T3614,664"/><instruction code="INCML T3614,0"/><instruction code="INCMH T3614,0"/><instruction code="INCH T3614,0"/><instruction code="NEG T3614,0,T3614"/><instruction code="OR T1295,T3614,0"/><instruction code="ADD T3615,T1294,T1295"/><instruction code="OR T1296,T3615,0"/><instruction code="SETL T3616,8"/><instruction code="INCML T3616,0"/><instruction code="INCMH T3616,0"/><instruction code="INCH T3616,0"/><instruction code="OR T1297,T3616,0"/><instruction code="SETL T3617,72"/><instruction code="INCML T3617,0"/><instruction code="INCMH T3617,0"/><instruction code="INCH T3617,0"/><instruction code="OR T1298,T3617,0"/><instruction code="MUL T3618,T1297,T1298"/><instruction code="OR T1299,T3618,0"/><instruction code="ADD T3619,T1296,T1299"/><instruction code="OR T1300,T3619,0"/><instruction code="SETL T3620,8"/><instruction code="INCML T3620,0"/><instruction code="INCMH T3620,0"/><instruction code="INCH T3620,0"/><instruction code="OR T1301,T3620,0"/><instruction code="SETL T3621,8"/><instruction code="INCML T3621,0"/><instruction code="INCMH T3621,0"/><instruction code="INCH T3621,0"/><instruction code="OR T1302,T3621,0"/><instruction code="MUL T3622,T1301,T1302"/><instruction code="OR T1303,T3622,0"/><instruction code="ADD T3623,T1300,T1303"/><instruction code="OR T1304,T3623,0"/><instruction code="SETL T3624,0"/><instruction code="INCML T3624,0"/><instruction code="INCMH T3624,0"/><instruction code="INCH T3624,0"/><instruction code="OR T1306,T3624,0"/><instruction code="STO T1306,T1304,0"/><instruction code="OR T1307,T6,0"/><instruction code="SETL T3626,672"/><instruction code="INCML T3626,0"/><instruction code="INCMH T3626,0"/><instruction code="INCH T3626,0"/><instruction code="NEG T3626,0,T3626"/><instruction code="OR T1308,T3626,0"/><instruction code="ADD T3627,T1307,T1308"/><instruction code="OR T1309,T3627,0"/><instruction code="SETL T3628,0"/><instruction code="INCML T3628,0"/><instruction code="INCMH T3628,0"/><instruction code="INCH T3628,0"/><instruction code="OR T1311,T3628,0"/><instruction code="OR T1312,T6,0"/><instruction code="SETL T3629,664"/><instruction code="INCML T3629,0"/><instruction code="INCMH T3629,0"/><instruction code="INCH T3629,0"/><instruction code="NEG T3629,0,T3629"/><instruction code="OR T1313,T3629,0"/><instruction code="ADD T3630,T1312,T1313"/><instruction code="OR T1314,T3630,0"/><instruction code="LDO T3631,T1314,0"/><instruction code="OR T1315,T3631,0"/><instruction code="STO T1311,$254,0"/><instruction code="STO T1315,$254,8"/><instruction code="PUSHJ $8,_sudoku"/><instruction code="LDO T3633,$254,0"/><instruction code="OR T1316,T3633,0"/><instruction code="STO T1316,T1309,0"/><instruction code="SETL T3635,0"/><instruction code="INCML T3635,0"/><instruction code="INCMH T3635,0"/><instruction code="INCH T3635,0"/><instruction code="OR T1317,T3635,0"/><instruction code="OR T1318,T6,0"/><instruction code="SETL T3636,672"/><instruction code="INCML T3636,0"/><instruction code="INCMH T3636,0"/><instruction code="INCH T3636,0"/><instruction code="NEG T3636,0,T3636"/><instruction code="OR T1319,T3636,0"/><instruction code="ADD T3637,T1318,T1319"/><instruction code="OR T1320,T3637,0"/><instruction code="LDO T3638,T1320,0"/><instruction code="OR T1321,T3638,0"/><instruction code="STO T1317,$254,0"/><instruction code="STO T1321,$254,8"/><instruction code="PUSHJ $8,_putInt"/><instruction code="LDO T3640,$254,0"/><instruction code="OR T1322,T3640,0"/><instruction code="SETL T3641,0"/><instruction code="INCML T3641,0"/><instruction code="INCMH T3641,0"/><instruction code="INCH T3641,0"/><instruction code="OR T1323,T3641,0"/><instruction code="SETL T3642,10"/><instruction code="INCML T3642,0"/><instruction code="INCMH T3642,0"/><instruction code="INCH T3642,0"/><instruction code="OR T1324,T3642,0"/><instruction code="SETL T3643,256"/><instruction code="INCML T3643,0"/><instruction code="INCMH T3643,0"/><instruction code="INCH T3643,0"/><instruction code="OR T1325,T3643,0"/><instruction code="DIV T3644,T1324,T1325"/><instruction code="GET T3644,rR"/><instruction code="OR T1326,T3644,0"/><instruction code="STO T1323,$254,0"/><instruction code="STO T1326,$254,8"/><instruction code="PUSHJ $8,_putChar"/><instruction code="LDO T3646,$254,0"/><instruction code="OR T1327,T3646,0"/><instruction code="SETL T3647,0"/><instruction code="INCML T3647,0"/><instruction code="INCMH T3647,0"/><instruction code="INCH T3647,0"/><instruction code="OR T1328,T3647,0"/><instruction code="OR T1329,T1328,0"/><instruction code="SETL T3648,0"/><instruction code="INCML T3648,0"/><instruction code="INCMH T3648,0"/><instruction code="INCH T3648,0"/><instruction code="OR T1330,T3648,0"/><instruction code="OR T7,T1330,0"/><instruction code="JMP L111"/></instructions></code><code entrylabel="L113" exitlabel="L114" tempsize="0"><frame FP="T8" RV="T9" argssize="0" depth="1" label="_facItr" locssize="8" size="24"/><instructions><instruction code="L113"/><instruction code="OR T1331,T8,0"/><instruction code="SETL T3650,8"/><instruction code="INCML T3650,0"/><instruction code="INCMH T3650,0"/><instruction code="INCH T3650,0"/><instruction code="NEG T3650,0,T3650"/><instruction code="OR T1332,T3650,0"/><instruction code="ADD T3651,T1331,T1332"/><instruction code="OR T1333,T3651,0"/><instruction code="SETL T3652,1"/><instruction code="INCML T3652,0"/><instruction code="INCMH T3652,0"/><instruction code="INCH T3652,0"/><instruction code="OR T1335,T3652,0"/><instruction code="STO T1335,T1333,0"/><instruction code="L27"/><instruction code="OR T1336,T8,0"/><instruction code="SETL T3654,8"/><instruction code="INCML T3654,0"/><instruction code="INCMH T3654,0"/><instruction code="INCH T3654,0"/><instruction code="OR T1337,T3654,0"/><instruction code="ADD T3655,T1336,T1337"/><instruction code="OR T1338,T3655,0"/><instruction code="LDO T3656,T1338,0"/><instruction code="OR T1339,T3656,0"/><instruction code="SETL T3657,0"/><instruction code="INCML T3657,0"/><instruction code="INCMH T3657,0"/><instruction code="INCH T3657,0"/><instruction code="OR T1340,T3657,0"/><instruction code="CMP T3658,T1339,T1340"/><instruction code="ZSP T3658,T3658,1"/><instruction code="OR T1341,T3658,0"/><instruction code="BNZ T1341,L28"/><instruction code="L112"/><instruction code="JMP L29"/><instruction code="L28"/><instruction code="OR T1342,T8,0"/><instruction code="SETL T3660,8"/><instruction code="INCML T3660,0"/><instruction code="INCMH T3660,0"/><instruction code="INCH T3660,0"/><instruction code="NEG T3660,0,T3660"/><instruction code="OR T1343,T3660,0"/><instruction code="ADD T3661,T1342,T1343"/><instruction code="OR T1344,T3661,0"/><instruction code="OR T1346,T8,0"/><instruction code="SETL T3662,8"/><instruction code="INCML T3662,0"/><instruction code="INCMH T3662,0"/><instruction code="INCH T3662,0"/><instruction code="NEG T3662,0,T3662"/><instruction code="OR T1347,T3662,0"/><instruction code="ADD T3663,T1346,T1347"/><instruction code="OR T1348,T3663,0"/><instruction code="LDO T3664,T1348,0"/><instruction code="OR T1349,T3664,0"/><instruction code="OR T1350,T8,0"/><instruction code="SETL T3665,8"/><instruction code="INCML T3665,0"/><instruction code="INCMH T3665,0"/><instruction code="INCH T3665,0"/><instruction code="OR T1351,T3665,0"/><instruction code="ADD T3666,T1350,T1351"/><instruction code="OR T1352,T3666,0"/><instruction code="LDO T3667,T1352,0"/><instruction code="OR T1353,T3667,0"/><instruction code="MUL T3668,T1349,T1353"/><instruction code="OR T1354,T3668,0"/><instruction code="STO T1354,T1344,0"/><instruction code="OR T1355,T8,0"/><instruction code="SETL T3670,8"/><instruction code="INCML T3670,0"/><instruction code="INCMH T3670,0"/><instruction code="INCH T3670,0"/><instruction code="OR T1356,T3670,0"/><instruction code="ADD T3671,T1355,T1356"/><instruction code="OR T1357,T3671,0"/><instruction code="OR T1359,T8,0"/><instruction code="SETL T3672,8"/><instruction code="INCML T3672,0"/><instruction code="INCMH T3672,0"/><instruction code="INCH T3672,0"/><instruction code="OR T1360,T3672,0"/><instruction code="ADD T3673,T1359,T1360"/><instruction code="OR T1361,T3673,0"/><instruction code="LDO T3674,T1361,0"/><instruction code="OR T1362,T3674,0"/><instruction code="SETL T3675,1"/><instruction code="INCML T3675,0"/><instruction code="INCMH T3675,0"/><instruction code="INCH T3675,0"/><instruction code="OR T1363,T3675,0"/><instruction code="SUB T3676,T1362,T1363"/><instruction code="OR T1364,T3676,0"/><instruction code="STO T1364,T1357,0"/><instruction code="JMP L27"/><instruction code="L29"/><instruction code="OR T1365,T8,0"/><instruction code="SETL T3679,8"/><instruction code="INCML T3679,0"/><instruction code="INCMH T3679,0"/><instruction code="INCH T3679,0"/><instruction code="NEG T3679,0,T3679"/><instruction code="OR T1366,T3679,0"/><instruction code="ADD T3680,T1365,T1366"/><instruction code="OR T1367,T3680,0"/><instruction code="LDO T3681,T1367,0"/><instruction code="OR T1368,T3681,0"/><instruction code="OR T9,T1368,0"/><instruction code="JMP L114"/></instructions></code><code entrylabel="L116" exitlabel="L117" tempsize="0"><frame FP="T10" RV="T11" argssize="16" depth="1" label="_facRec" locssize="8" size="40"/><instructions><instruction code="L116"/><instruction code="OR T1369,T10,0"/><instruction code="SETL T3683,8"/><instruction code="INCML T3683,0"/><instruction code="INCMH T3683,0"/><instruction code="INCH T3683,0"/><instruction code="OR T1370,T3683,0"/><instruction code="ADD T3684,T1369,T1370"/><instruction code="OR T1371,T3684,0"/><instruction code="LDO T3685,T1371,0"/><instruction code="OR T1372,T3685,0"/><instruction code="SETL T3686,1"/><instruction code="INCML T3686,0"/><instruction code="INCMH T3686,0"/><instruction code="INCH T3686,0"/><instruction code="OR T1373,T3686,0"/><instruction code="CMP T3687,T1372,T1373"/><instruction code="ZSZ T3687,T3687,1"/><instruction code="OR T1374,T3687,0"/><instruction code="BNZ T1374,L30"/><instruction code="L115"/><instruction code="JMP L31"/><instruction code="L30"/><instruction code="OR T1375,T10,0"/><instruction code="SETL T3689,8"/><instruction code="INCML T3689,0"/><instruction code="INCMH T3689,0"/><instruction code="INCH T3689,0"/><instruction code="NEG T3689,0,T3689"/><instruction code="OR T1376,T3689,0"/><instruction code="ADD T3690,T1375,T1376"/><instruction code="OR T1377,T3690,0"/><instruction code="SETL T3691,1"/><instruction code="INCML T3691,0"/><instruction code="INCMH T3691,0"/><instruction code="INCH T3691,0"/><instruction code="OR T1379,T3691,0"/><instruction code="STO T1379,T1377,0"/><instruction code="JMP L32"/><instruction code="L31"/><instruction code="OR T1380,T10,0"/><instruction code="SETL T3694,8"/><instruction code="INCML T3694,0"/><instruction code="INCMH T3694,0"/><instruction code="INCH T3694,0"/><instruction code="NEG T3694,0,T3694"/><instruction code="OR T1381,T3694,0"/><instruction code="ADD T3695,T1380,T1381"/><instruction code="OR T1382,T3695,0"/><instruction code="OR T1384,T10,0"/><instruction code="SETL T3696,8"/><instruction code="INCML T3696,0"/><instruction code="INCMH T3696,0"/><instruction code="INCH T3696,0"/><instruction code="OR T1385,T3696,0"/><instruction code="ADD T3697,T1384,T1385"/><instruction code="OR T1386,T3697,0"/><instruction code="LDO T3698,T1386,0"/><instruction code="OR T1387,T3698,0"/><instruction code="SETL T3699,0"/><instruction code="INCML T3699,0"/><instruction code="INCMH T3699,0"/><instruction code="INCH T3699,0"/><instruction code="OR T1388,T3699,0"/><instruction code="OR T1389,T10,0"/><instruction code="SETL T3700,8"/><instruction code="INCML T3700,0"/><instruction code="INCMH T3700,0"/><instruction code="INCH T3700,0"/><instruction code="OR T1390,T3700,0"/><instruction code="ADD T3701,T1389,T1390"/><instruction code="OR T1391,T3701,0"/><instruction code="LDO T3702,T1391,0"/><instruction code="OR T1392,T3702,0"/><instruction code="SETL T3703,1"/><instruction code="INCML T3703,0"/><instruction code="INCMH T3703,0"/><instruction code="INCH T3703,0"/><instruction code="OR T1393,T3703,0"/><instruction code="SUB T3704,T1392,T1393"/><instruction code="OR T1394,T3704,0"/><instruction code="STO T1388,$254,0"/><instruction code="STO T1394,$254,8"/><instruction code="PUSHJ $8,_facRec"/><instruction code="LDO T3706,$254,0"/><instruction code="OR T1395,T3706,0"/><instruction code="MUL T3707,T1387,T1395"/><instruction code="OR T1396,T3707,0"/><instruction code="STO T1396,T1382,0"/><instruction code="L32"/><instruction code="OR T1397,T10,0"/><instruction code="SETL T3709,8"/><instruction code="INCML T3709,0"/><instruction code="INCMH T3709,0"/><instruction code="INCH T3709,0"/><instruction code="NEG T3709,0,T3709"/><instruction code="OR T1398,T3709,0"/><instruction code="ADD T3710,T1397,T1398"/><instruction code="OR T1399,T3710,0"/><instruction code="LDO T3711,T1399,0"/><instruction code="OR T1400,T3711,0"/><instruction code="OR T11,T1400,0"/><instruction code="JMP L117"/></instructions></code><code entrylabel="L119" exitlabel="L120" tempsize="0"><frame FP="T12" RV="T13" argssize="0" depth="1" label="_fibItr" locssize="24" size="40"/><instructions><instruction code="L119"/><instruction code="OR T1401,T12,0"/><instruction code="SETL T3713,8"/><instruction code="INCML T3713,0"/><instruction code="INCMH T3713,0"/><instruction code="INCH T3713,0"/><instruction code="NEG T3713,0,T3713"/><instruction code="OR T1402,T3713,0"/><instruction code="ADD T3714,T1401,T1402"/><instruction code="OR T1403,T3714,0"/><instruction code="SETL T3715,1"/><instruction code="INCML T3715,0"/><instruction code="INCMH T3715,0"/><instruction code="INCH T3715,0"/><instruction code="OR T1405,T3715,0"/><instruction code="STO T1405,T1403,0"/><instruction code="OR T1406,T12,0"/><instruction code="SETL T3717,16"/><instruction code="INCML T3717,0"/><instruction code="INCMH T3717,0"/><instruction code="INCH T3717,0"/><instruction code="NEG T3717,0,T3717"/><instruction code="OR T1407,T3717,0"/><instruction code="ADD T3718,T1406,T1407"/><instruction code="OR T1408,T3718,0"/><instruction code="SETL T3719,1"/><instruction code="INCML T3719,0"/><instruction code="INCMH T3719,0"/><instruction code="INCH T3719,0"/><instruction code="OR T1410,T3719,0"/><instruction code="STO T1410,T1408,0"/><instruction code="OR T1411,T12,0"/><instruction code="SETL T3721,24"/><instruction code="INCML T3721,0"/><instruction code="INCMH T3721,0"/><instruction code="INCH T3721,0"/><instruction code="NEG T3721,0,T3721"/><instruction code="OR T1412,T3721,0"/><instruction code="ADD T3722,T1411,T1412"/><instruction code="OR T1413,T3722,0"/><instruction code="SETL T3723,0"/><instruction code="INCML T3723,0"/><instruction code="INCMH T3723,0"/><instruction code="INCH T3723,0"/><instruction code="OR T1415,T3723,0"/><instruction code="STO T1415,T1413,0"/><instruction code="L33"/><instruction code="OR T1416,T12,0"/><instruction code="SETL T3725,8"/><instruction code="INCML T3725,0"/><instruction code="INCMH T3725,0"/><instruction code="INCH T3725,0"/><instruction code="OR T1417,T3725,0"/><instruction code="ADD T3726,T1416,T1417"/><instruction code="OR T1418,T3726,0"/><instruction code="LDO T3727,T1418,0"/><instruction code="OR T1419,T3727,0"/><instruction code="SETL T3728,1"/><instruction code="INCML T3728,0"/><instruction code="INCMH T3728,0"/><instruction code="INCH T3728,0"/><instruction code="OR T1420,T3728,0"/><instruction code="CMP T3729,T1419,T1420"/><instruction code="ZSP T3729,T3729,1"/><instruction code="OR T1421,T3729,0"/><instruction code="BNZ T1421,L34"/><instruction code="L118"/><instruction code="JMP L35"/><instruction code="L34"/><instruction code="OR T1422,T12,0"/><instruction code="SETL T3731,8"/><instruction code="INCML T3731,0"/><instruction code="INCMH T3731,0"/><instruction code="INCH T3731,0"/><instruction code="NEG T3731,0,T3731"/><instruction code="OR T1423,T3731,0"/><instruction code="ADD T3732,T1422,T1423"/><instruction code="OR T1424,T3732,0"/><instruction code="OR T1426,T12,0"/><instruction code="SETL T3733,16"/><instruction code="INCML T3733,0"/><instruction code="INCMH T3733,0"/><instruction code="INCH T3733,0"/><instruction code="NEG T3733,0,T3733"/><instruction code="OR T1427,T3733,0"/><instruction code="ADD T3734,T1426,T1427"/><instruction code="OR T1428,T3734,0"/><instruction code="LDO T3735,T1428,0"/><instruction code="OR T1429,T3735,0"/><instruction code="OR T1430,T12,0"/><instruction code="SETL T3736,24"/><instruction code="INCML T3736,0"/><instruction code="INCMH T3736,0"/><instruction code="INCH T3736,0"/><instruction code="NEG T3736,0,T3736"/><instruction code="OR T1431,T3736,0"/><instruction code="ADD T3737,T1430,T1431"/><instruction code="OR T1432,T3737,0"/><instruction code="LDO T3738,T1432,0"/><instruction code="OR T1433,T3738,0"/><instruction code="ADD T3739,T1429,T1433"/><instruction code="OR T1434,T3739,0"/><instruction code="STO T1434,T1424,0"/><instruction code="OR T1435,T12,0"/><instruction code="SETL T3741,24"/><instruction code="INCML T3741,0"/><instruction code="INCMH T3741,0"/><instruction code="INCH T3741,0"/><instruction code="NEG T3741,0,T3741"/><instruction code="OR T1436,T3741,0"/><instruction code="ADD T3742,T1435,T1436"/><instruction code="OR T1437,T3742,0"/><instruction code="OR T1439,T12,0"/><instruction code="SETL T3743,16"/><instruction code="INCML T3743,0"/><instruction code="INCMH T3743,0"/><instruction code="INCH T3743,0"/><instruction code="NEG T3743,0,T3743"/><instruction code="OR T1440,T3743,0"/><instruction code="ADD T3744,T1439,T1440"/><instruction code="OR T1441,T3744,0"/><instruction code="LDO T3745,T1441,0"/><instruction code="OR T1442,T3745,0"/><instruction code="STO T1442,T1437,0"/><instruction code="OR T1443,T12,0"/><instruction code="SETL T3747,16"/><instruction code="INCML T3747,0"/><instruction code="INCMH T3747,0"/><instruction code="INCH T3747,0"/><instruction code="NEG T3747,0,T3747"/><instruction code="OR T1444,T3747,0"/><instruction code="ADD T3748,T1443,T1444"/><instruction code="OR T1445,T3748,0"/><instruction code="OR T1447,T12,0"/><instruction code="SETL T3749,8"/><instruction code="INCML T3749,0"/><instruction code="INCMH T3749,0"/><instruction code="INCH T3749,0"/><instruction code="NEG T3749,0,T3749"/><instruction code="OR T1448,T3749,0"/><instruction code="ADD T3750,T1447,T1448"/><instruction code="OR T1449,T3750,0"/><instruction code="LDO T3751,T1449,0"/><instruction code="OR T1450,T3751,0"/><instruction code="STO T1450,T1445,0"/><instruction code="OR T1451,T12,0"/><instruction code="SETL T3753,8"/><instruction code="INCML T3753,0"/><instruction code="INCMH T3753,0"/><instruction code="INCH T3753,0"/><instruction code="OR T1452,T3753,0"/><instruction code="ADD T3754,T1451,T1452"/><instruction code="OR T1453,T3754,0"/><instruction code="OR T1455,T12,0"/><instruction code="SETL T3755,8"/><instruction code="INCML T3755,0"/><instruction code="INCMH T3755,0"/><instruction code="INCH T3755,0"/><instruction code="OR T1456,T3755,0"/><instruction code="ADD T3756,T1455,T1456"/><instruction code="OR T1457,T3756,0"/><instruction code="LDO T3757,T1457,0"/><instruction code="OR T1458,T3757,0"/><instruction code="SETL T3758,1"/><instruction code="INCML T3758,0"/><instruction code="INCMH T3758,0"/><instruction code="INCH T3758,0"/><instruction code="OR T1459,T3758,0"/><instruction code="SUB T3759,T1458,T1459"/><instruction code="OR T1460,T3759,0"/><instruction code="STO T1460,T1453,0"/><instruction code="JMP L33"/><instruction code="L35"/><instruction code="OR T1461,T12,0"/><instruction code="SETL T3762,8"/><instruction code="INCML T3762,0"/><instruction code="INCMH T3762,0"/><instruction code="INCH T3762,0"/><instruction code="NEG T3762,0,T3762"/><instruction code="OR T1462,T3762,0"/><instruction code="ADD T3763,T1461,T1462"/><instruction code="OR T1463,T3763,0"/><instruction code="LDO T3764,T1463,0"/><instruction code="OR T1464,T3764,0"/><instruction code="OR T13,T1464,0"/><instruction code="JMP L120"/></instructions></code><code entrylabel="L122" exitlabel="L123" tempsize="0"><frame FP="T14" RV="T15" argssize="16" depth="1" label="_fibRec" locssize="8" size="40"/><instructions><instruction code="L122"/><instruction code="OR T1465,T14,0"/><instruction code="SETL T3766,8"/><instruction code="INCML T3766,0"/><instruction code="INCMH T3766,0"/><instruction code="INCH T3766,0"/><instruction code="OR T1466,T3766,0"/><instruction code="ADD T3767,T1465,T1466"/><instruction code="OR T1467,T3767,0"/><instruction code="LDO T3768,T1467,0"/><instruction code="OR T1468,T3768,0"/><instruction code="SETL T3769,2"/><instruction code="INCML T3769,0"/><instruction code="INCMH T3769,0"/><instruction code="INCH T3769,0"/><instruction code="OR T1469,T3769,0"/><instruction code="CMP T3770,T1468,T1469"/><instruction code="ZSNP T3770,T3770,1"/><instruction code="OR T1470,T3770,0"/><instruction code="BNZ T1470,L36"/><instruction code="L121"/><instruction code="JMP L37"/><instruction code="L36"/><instruction code="OR T1471,T14,0"/><instruction code="SETL T3772,8"/><instruction code="INCML T3772,0"/><instruction code="INCMH T3772,0"/><instruction code="INCH T3772,0"/><instruction code="NEG T3772,0,T3772"/><instruction code="OR T1472,T3772,0"/><instruction code="ADD T3773,T1471,T1472"/><instruction code="OR T1473,T3773,0"/><instruction code="SETL T3774,1"/><instruction code="INCML T3774,0"/><instruction code="INCMH T3774,0"/><instruction code="INCH T3774,0"/><instruction code="OR T1475,T3774,0"/><instruction code="STO T1475,T1473,0"/><instruction code="JMP L38"/><instruction code="L37"/><instruction code="OR T1476,T14,0"/><instruction code="SETL T3777,8"/><instruction code="INCML T3777,0"/><instruction code="INCMH T3777,0"/><instruction code="INCH T3777,0"/><instruction code="NEG T3777,0,T3777"/><instruction code="OR T1477,T3777,0"/><instruction code="ADD T3778,T1476,T1477"/><instruction code="OR T1478,T3778,0"/><instruction code="SETL T3779,0"/><instruction code="INCML T3779,0"/><instruction code="INCMH T3779,0"/><instruction code="INCH T3779,0"/><instruction code="OR T1480,T3779,0"/><instruction code="OR T1481,T14,0"/><instruction code="SETL T3780,8"/><instruction code="INCML T3780,0"/><instruction code="INCMH T3780,0"/><instruction code="INCH T3780,0"/><instruction code="OR T1482,T3780,0"/><instruction code="ADD T3781,T1481,T1482"/><instruction code="OR T1483,T3781,0"/><instruction code="LDO T3782,T1483,0"/><instruction code="OR T1484,T3782,0"/><instruction code="SETL T3783,1"/><instruction code="INCML T3783,0"/><instruction code="INCMH T3783,0"/><instruction code="INCH T3783,0"/><instruction code="OR T1485,T3783,0"/><instruction code="SUB T3784,T1484,T1485"/><instruction code="OR T1486,T3784,0"/><instruction code="STO T1480,$254,0"/><instruction code="STO T1486,$254,8"/><instruction code="PUSHJ $8,_fibRec"/><instruction code="LDO T3786,$254,0"/><instruction code="OR T1487,T3786,0"/><instruction code="SETL T3787,0"/><instruction code="INCML T3787,0"/><instruction code="INCMH T3787,0"/><instruction code="INCH T3787,0"/><instruction code="OR T1488,T3787,0"/><instruction code="OR T1489,T14,0"/><instruction code="SETL T3788,8"/><instruction code="INCML T3788,0"/><instruction code="INCMH T3788,0"/><instruction code="INCH T3788,0"/><instruction code="OR T1490,T3788,0"/><instruction code="ADD T3789,T1489,T1490"/><instruction code="OR T1491,T3789,0"/><instruction code="LDO T3790,T1491,0"/><instruction code="OR T1492,T3790,0"/><instruction code="SETL T3791,2"/><instruction code="INCML T3791,0"/><instruction code="INCMH T3791,0"/><instruction code="INCH T3791,0"/><instruction code="OR T1493,T3791,0"/><instruction code="SUB T3792,T1492,T1493"/><instruction code="OR T1494,T3792,0"/><instruction code="STO T1488,$254,0"/><instruction code="STO T1494,$254,8"/><instruction code="PUSHJ $8,_fibRec"/><instruction code="LDO T3794,$254,0"/><instruction code="OR T1495,T3794,0"/><instruction code="ADD T3795,T1487,T1495"/><instruction code="OR T1496,T3795,0"/><instruction code="STO T1496,T1478,0"/><instruction code="L38"/><instruction code="OR T1497,T14,0"/><instruction code="SETL T3797,8"/><instruction code="INCML T3797,0"/><instruction code="INCMH T3797,0"/><instruction code="INCH T3797,0"/><instruction code="NEG T3797,0,T3797"/><instruction code="OR T1498,T3797,0"/><instruction code="ADD T3798,T1497,T1498"/><instruction code="OR T1499,T3798,0"/><instruction code="LDO T3799,T1499,0"/><instruction code="OR T1500,T3799,0"/><instruction code="OR T15,T1500,0"/><instruction code="JMP L123"/></instructions></code><code entrylabel="L127" exitlabel="L128" tempsize="0"><frame FP="T18" RV="T19" argssize="16" depth="2" label="L0" locssize="8" size="40"/><instructions><instruction code="L127"/><instruction code="OR T1501,T18,0"/><instruction code="SETL T3801,8"/><instruction code="INCML T3801,0"/><instruction code="INCMH T3801,0"/><instruction code="INCH T3801,0"/><instruction code="OR T1502,T3801,0"/><instruction code="ADD T3802,T1501,T1502"/><instruction code="OR T1503,T3802,0"/><instruction code="LDO T3803,T1503,0"/><instruction code="OR T1504,T3803,0"/><instruction code="OR T1505,T18,0"/><instruction code="LDO T3804,T1505,0"/><instruction code="OR T1506,T3804,0"/><instruction code="SETL T3805,8"/><instruction code="INCML T3805,0"/><instruction code="INCMH T3805,0"/><instruction code="INCH T3805,0"/><instruction code="OR T1507,T3805,0"/><instruction code="ADD T3806,T1506,T1507"/><instruction code="OR T1508,T3806,0"/><instruction code="LDO T3807,T1508,0"/><instruction code="OR T1509,T3807,0"/><instruction code="CMP T3808,T1504,T1509"/><instruction code="ZSZ T3808,T3808,1"/><instruction code="OR T1510,T3808,0"/><instruction code="BNZ T1510,L45"/><instruction code="L124"/><instruction code="JMP L46"/><instruction code="L45"/><instruction code="OR T1511,T18,0"/><instruction code="SETL T3810,8"/><instruction code="INCML T3810,0"/><instruction code="INCMH T3810,0"/><instruction code="INCH T3810,0"/><instruction code="NEG T3810,0,T3810"/><instruction code="OR T1512,T3810,0"/><instruction code="ADD T3811,T1511,T1512"/><instruction code="OR T1513,T3811,0"/><instruction code="SETL T3812,0"/><instruction code="INCML T3812,0"/><instruction code="INCMH T3812,0"/><instruction code="INCH T3812,0"/><instruction code="OR T1515,T3812,0"/><instruction code="STO T1515,T1513,0"/><instruction code="L39"/><instruction code="OR T1516,T18,0"/><instruction code="SETL T3814,8"/><instruction code="INCML T3814,0"/><instruction code="INCMH T3814,0"/><instruction code="INCH T3814,0"/><instruction code="NEG T3814,0,T3814"/><instruction code="OR T1517,T3814,0"/><instruction code="ADD T3815,T1516,T1517"/><instruction code="OR T1518,T3815,0"/><instruction code="LDO T3816,T1518,0"/><instruction code="OR T1519,T3816,0"/><instruction code="OR T1520,T18,0"/><instruction code="LDO T3817,T1520,0"/><instruction code="OR T1521,T3817,0"/><instruction code="SETL T3818,8"/><instruction code="INCML T3818,0"/><instruction code="INCMH T3818,0"/><instruction code="INCH T3818,0"/><instruction code="OR T1522,T3818,0"/><instruction code="ADD T3819,T1521,T1522"/><instruction code="OR T1523,T3819,0"/><instruction code="LDO T3820,T1523,0"/><instruction code="OR T1524,T3820,0"/><instruction code="CMP T3821,T1519,T1524"/><instruction code="ZSN T3821,T3821,1"/><instruction code="OR T1525,T3821,0"/><instruction code="BNZ T1525,L40"/><instruction code="L125"/><instruction code="JMP L41"/><instruction code="L40"/><instruction code="SETL T3823,0"/><instruction code="INCML T3823,0"/><instruction code="INCMH T3823,0"/><instruction code="INCH T3823,0"/><instruction code="OR T1526,T3823,0"/><instruction code="OR T1527,T18,0"/><instruction code="LDO T3824,T1527,0"/><instruction code="OR T1528,T3824,0"/><instruction code="SETL T3825,800"/><instruction code="INCML T3825,0"/><instruction code="INCMH T3825,0"/><instruction code="INCH T3825,0"/><instruction code="NEG T3825,0,T3825"/><instruction code="OR T1529,T3825,0"/><instruction code="ADD T3826,T1528,T1529"/><instruction code="OR T1530,T3826,0"/><instruction code="OR T1531,T18,0"/><instruction code="SETL T3827,8"/><instruction code="INCML T3827,0"/><instruction code="INCMH T3827,0"/><instruction code="INCH T3827,0"/><instruction code="NEG T3827,0,T3827"/><instruction code="OR T1532,T3827,0"/><instruction code="ADD T3828,T1531,T1532"/><instruction code="OR T1533,T3828,0"/><instruction code="LDO T3829,T1533,0"/><instruction code="OR T1534,T3829,0"/><instruction code="SETL T3830,8"/><instruction code="INCML T3830,0"/><instruction code="INCMH T3830,0"/><instruction code="INCH T3830,0"/><instruction code="OR T1535,T3830,0"/><instruction code="MUL T3831,T1534,T1535"/><instruction code="OR T1536,T3831,0"/><instruction code="ADD T3832,T1530,T1536"/><instruction code="OR T1537,T3832,0"/><instruction code="LDO T3833,T1537,0"/><instruction code="OR T1538,T3833,0"/><instruction code="STO T1526,$254,0"/><instruction code="STO T1538,$254,8"/><instruction code="PUSHJ $8,_putInt"/><instruction code="LDO T3835,$254,0"/><instruction code="OR T1539,T3835,0"/><instruction code="SETL T3836,0"/><instruction code="INCML T3836,0"/><instruction code="INCMH T3836,0"/><instruction code="INCH T3836,0"/><instruction code="OR T1540,T3836,0"/><instruction code="SETL T3837,32"/><instruction code="INCML T3837,0"/><instruction code="INCMH T3837,0"/><instruction code="INCH T3837,0"/><instruction code="OR T1541,T3837,0"/><instruction code="STO T1540,$254,0"/><instruction code="STO T1541,$254,8"/><instruction code="PUSHJ $8,_putChar"/><instruction code="LDO T3839,$254,0"/><instruction code="OR T1542,T3839,0"/><instruction code="OR T1543,T18,0"/><instruction code="SETL T3840,8"/><instruction code="INCML T3840,0"/><instruction code="INCMH T3840,0"/><instruction code="INCH T3840,0"/><instruction code="NEG T3840,0,T3840"/><instruction code="OR T1544,T3840,0"/><instruction code="ADD T3841,T1543,T1544"/><instruction code="OR T1545,T3841,0"/><instruction code="OR T1547,T18,0"/><instruction code="SETL T3842,8"/><instruction code="INCML T3842,0"/><instruction code="INCMH T3842,0"/><instruction code="INCH T3842,0"/><instruction code="NEG T3842,0,T3842"/><instruction code="OR T1548,T3842,0"/><instruction code="ADD T3843,T1547,T1548"/><instruction code="OR T1549,T3843,0"/><instruction code="LDO T3844,T1549,0"/><instruction code="OR T1550,T3844,0"/><instruction code="SETL T3845,1"/><instruction code="INCML T3845,0"/><instruction code="INCMH T3845,0"/><instruction code="INCH T3845,0"/><instruction code="OR T1551,T3845,0"/><instruction code="ADD T3846,T1550,T1551"/><instruction code="OR T1552,T3846,0"/><instruction code="STO T1552,T1545,0"/><instruction code="JMP L39"/><instruction code="L41"/><instruction code="SETL T3849,0"/><instruction code="INCML T3849,0"/><instruction code="INCMH T3849,0"/><instruction code="INCH T3849,0"/><instruction code="OR T1553,T3849,0"/><instruction code="SETL T3850,10"/><instruction code="INCML T3850,0"/><instruction code="INCMH T3850,0"/><instruction code="INCH T3850,0"/><instruction code="OR T1554,T3850,0"/><instruction code="SETL T3851,256"/><instruction code="INCML T3851,0"/><instruction code="INCMH T3851,0"/><instruction code="INCH T3851,0"/><instruction code="OR T1555,T3851,0"/><instruction code="DIV T3852,T1554,T1555"/><instruction code="GET T3852,rR"/><instruction code="OR T1556,T3852,0"/><instruction code="STO T1553,$254,0"/><instruction code="STO T1556,$254,8"/><instruction code="PUSHJ $8,_putChar"/><instruction code="LDO T3854,$254,0"/><instruction code="OR T1557,T3854,0"/><instruction code="JMP L47"/><instruction code="L46"/><instruction code="OR T1558,T18,0"/><instruction code="SETL T3856,8"/><instruction code="INCML T3856,0"/><instruction code="INCMH T3856,0"/><instruction code="INCH T3856,0"/><instruction code="NEG T3856,0,T3856"/><instruction code="OR T1559,T3856,0"/><instruction code="ADD T3857,T1558,T1559"/><instruction code="OR T1560,T3857,0"/><instruction code="SETL T3858,1"/><instruction code="INCML T3858,0"/><instruction code="INCMH T3858,0"/><instruction code="INCH T3858,0"/><instruction code="OR T1562,T3858,0"/><instruction code="STO T1562,T1560,0"/><instruction code="L42"/><instruction code="OR T1563,T18,0"/><instruction code="SETL T3860,8"/><instruction code="INCML T3860,0"/><instruction code="INCMH T3860,0"/><instruction code="INCH T3860,0"/><instruction code="NEG T3860,0,T3860"/><instruction code="OR T1564,T3860,0"/><instruction code="ADD T3861,T1563,T1564"/><instruction code="OR T1565,T3861,0"/><instruction code="LDO T3862,T1565,0"/><instruction code="OR T1566,T3862,0"/><instruction code="OR T1567,T18,0"/><instruction code="LDO T3863,T1567,0"/><instruction code="OR T1568,T3863,0"/><instruction code="SETL T3864,16"/><instruction code="INCML T3864,0"/><instruction code="INCMH T3864,0"/><instruction code="INCH T3864,0"/><instruction code="OR T1569,T3864,0"/><instruction code="ADD T3865,T1568,T1569"/><instruction code="OR T1570,T3865,0"/><instruction code="LDO T3866,T1570,0"/><instruction code="OR T1571,T3866,0"/><instruction code="CMP T3867,T1566,T1571"/><instruction code="ZSNP T3867,T3867,1"/><instruction code="OR T1572,T3867,0"/><instruction code="BNZ T1572,L43"/><instruction code="L126"/><instruction code="JMP L44"/><instruction code="L43"/><instruction code="OR T1573,T18,0"/><instruction code="LDO T3869,T1573,0"/><instruction code="OR T1574,T3869,0"/><instruction code="SETL T3870,800"/><instruction code="INCML T3870,0"/><instruction code="INCMH T3870,0"/><instruction code="INCH T3870,0"/><instruction code="NEG T3870,0,T3870"/><instruction code="OR T1575,T3870,0"/><instruction code="ADD T3871,T1574,T1575"/><instruction code="OR T1576,T3871,0"/><instruction code="OR T1577,T18,0"/><instruction code="SETL T3872,8"/><instruction code="INCML T3872,0"/><instruction code="INCMH T3872,0"/><instruction code="INCH T3872,0"/><instruction code="OR T1578,T3872,0"/><instruction code="ADD T3873,T1577,T1578"/><instruction code="OR T1579,T3873,0"/><instruction code="LDO T3874,T1579,0"/><instruction code="OR T1580,T3874,0"/><instruction code="SETL T3875,8"/><instruction code="INCML T3875,0"/><instruction code="INCMH T3875,0"/><instruction code="INCH T3875,0"/><instruction code="OR T1581,T3875,0"/><instruction code="MUL T3876,T1580,T1581"/><instruction code="OR T1582,T3876,0"/><instruction code="ADD T3877,T1576,T1582"/><instruction code="OR T1583,T3877,0"/><instruction code="OR T1585,T18,0"/><instruction code="SETL T3878,8"/><instruction code="INCML T3878,0"/><instruction code="INCMH T3878,0"/><instruction code="INCH T3878,0"/><instruction code="NEG T3878,0,T3878"/><instruction code="OR T1586,T3878,0"/><instruction code="ADD T3879,T1585,T1586"/><instruction code="OR T1587,T3879,0"/><instruction code="LDO T3880,T1587,0"/><instruction code="OR T1588,T3880,0"/><instruction code="STO T1588,T1583,0"/><instruction code="OR T1589,T18,0"/><instruction code="SETL T3882,8"/><instruction code="INCML T3882,0"/><instruction code="INCMH T3882,0"/><instruction code="INCH T3882,0"/><instruction code="NEG T3882,0,T3882"/><instruction code="OR T1590,T3882,0"/><instruction code="ADD T3883,T1589,T1590"/><instruction code="OR T1591,T3883,0"/><instruction code="OR T1593,T18,0"/><instruction code="SETL T3884,8"/><instruction code="INCML T3884,0"/><instruction code="INCMH T3884,0"/><instruction code="INCH T3884,0"/><instruction code="NEG T3884,0,T3884"/><instruction code="OR T1594,T3884,0"/><instruction code="ADD T3885,T1593,T1594"/><instruction code="OR T1595,T3885,0"/><instruction code="LDO T3886,T1595,0"/><instruction code="OR T1596,T3886,0"/><instruction code="SETL T3887,1"/><instruction code="INCML T3887,0"/><instruction code="INCMH T3887,0"/><instruction code="INCH T3887,0"/><instruction code="OR T1597,T3887,0"/><instruction code="ADD T3888,T1596,T1597"/><instruction code="OR T1598,T3888,0"/><instruction code="STO T1598,T1591,0"/><instruction code="LDO T3890,T18,0"/><instruction code="OR T1599,T3890,0"/><instruction code="OR T1600,T18,0"/><instruction code="SETL T3891,8"/><instruction code="INCML T3891,0"/><instruction code="INCMH T3891,0"/><instruction code="INCH T3891,0"/><instruction code="OR T1601,T3891,0"/><instruction code="ADD T3892,T1600,T1601"/><instruction code="OR T1602,T3892,0"/><instruction code="LDO T3893,T1602,0"/><instruction code="OR T1603,T3893,0"/><instruction code="SETL T3894,1"/><instruction code="INCML T3894,0"/><instruction code="INCMH T3894,0"/><instruction code="INCH T3894,0"/><instruction code="OR T1604,T3894,0"/><instruction code="ADD T3895,T1603,T1604"/><instruction code="OR T1605,T3895,0"/><instruction code="STO T1599,$254,0"/><instruction code="STO T1605,$254,8"/><instruction code="PUSHJ $8,L0"/><instruction code="LDO T3897,$254,0"/><instruction code="OR T1606,T3897,0"/><instruction code="JMP L42"/><instruction code="L44"/><instruction code="L47"/><instruction code="SETL T3899,0"/><instruction code="INCML T3899,0"/><instruction code="INCMH T3899,0"/><instruction code="INCH T3899,0"/><instruction code="OR T1607,T3899,0"/><instruction code="OR T19,T1607,0"/><instruction code="JMP L128"/></instructions></code><code entrylabel="L130" exitlabel="L131" tempsize="0"><frame FP="T16" RV="T17" argssize="16" depth="1" label="_combs" locssize="808" size="840"/><instructions><instruction code="L130"/><instruction code="OR T1608,T16,0"/><instruction code="SETL T3901,808"/><instruction code="INCML T3901,0"/><instruction code="INCMH T3901,0"/><instruction code="INCH T3901,0"/><instruction code="NEG T3901,0,T3901"/><instruction code="OR T1609,T3901,0"/><instruction code="ADD T3902,T1608,T1609"/><instruction code="OR T1610,T3902,0"/><instruction code="SETL T3903,0"/><instruction code="INCML T3903,0"/><instruction code="INCMH T3903,0"/><instruction code="INCH T3903,0"/><instruction code="OR T1612,T3903,0"/><instruction code="STO T1612,T1610,0"/><instruction code="L48"/><instruction code="OR T1613,T16,0"/><instruction code="SETL T3905,808"/><instruction code="INCML T3905,0"/><instruction code="INCMH T3905,0"/><instruction code="INCH T3905,0"/><instruction code="NEG T3905,0,T3905"/><instruction code="OR T1614,T3905,0"/><instruction code="ADD T3906,T1613,T1614"/><instruction code="OR T1615,T3906,0"/><instruction code="LDO T3907,T1615,0"/><instruction code="OR T1616,T3907,0"/><instruction code="SETL T3908,100"/><instruction code="INCML T3908,0"/><instruction code="INCMH T3908,0"/><instruction code="INCH T3908,0"/><instruction code="OR T1617,T3908,0"/><instruction code="CMP T3909,T1616,T1617"/><instruction code="ZSN T3909,T3909,1"/><instruction code="OR T1618,T3909,0"/><instruction code="BNZ T1618,L49"/><instruction code="L129"/><instruction code="JMP L50"/><instruction code="L49"/><instruction code="OR T1619,T16,0"/><instruction code="SETL T3911,800"/><instruction code="INCML T3911,0"/><instruction code="INCMH T3911,0"/><instruction code="INCH T3911,0"/><instruction code="NEG T3911,0,T3911"/><instruction code="OR T1620,T3911,0"/><instruction code="ADD T3912,T1619,T1620"/><instruction code="OR T1621,T3912,0"/><instruction code="OR T1622,T16,0"/><instruction code="SETL T3913,808"/><instruction code="INCML T3913,0"/><instruction code="INCMH T3913,0"/><instruction code="INCH T3913,0"/><instruction code="NEG T3913,0,T3913"/><instruction code="OR T1623,T3913,0"/><instruction code="ADD T3914,T1622,T1623"/><instruction code="OR T1624,T3914,0"/><instruction code="LDO T3915,T1624,0"/><instruction code="OR T1625,T3915,0"/><instruction code="SETL T3916,8"/><instruction code="INCML T3916,0"/><instruction code="INCMH T3916,0"/><instruction code="INCH T3916,0"/><instruction code="OR T1626,T3916,0"/><instruction code="MUL T3917,T1625,T1626"/><instruction code="OR T1627,T3917,0"/><instruction code="ADD T3918,T1621,T1627"/><instruction code="OR T1628,T3918,0"/><instruction code="SETL T3919,0"/><instruction code="INCML T3919,0"/><instruction code="INCMH T3919,0"/><instruction code="INCH T3919,0"/><instruction code="OR T1630,T3919,0"/><instruction code="STO T1630,T1628,0"/><instruction code="OR T1631,T16,0"/><instruction code="SETL T3921,808"/><instruction code="INCML T3921,0"/><instruction code="INCMH T3921,0"/><instruction code="INCH T3921,0"/><instruction code="NEG T3921,0,T3921"/><instruction code="OR T1632,T3921,0"/><instruction code="ADD T3922,T1631,T1632"/><instruction code="OR T1633,T3922,0"/><instruction code="OR T1635,T16,0"/><instruction code="SETL T3923,808"/><instruction code="INCML T3923,0"/><instruction code="INCMH T3923,0"/><instruction code="INCH T3923,0"/><instruction code="NEG T3923,0,T3923"/><instruction code="OR T1636,T3923,0"/><instruction code="ADD T3924,T1635,T1636"/><instruction code="OR T1637,T3924,0"/><instruction code="LDO T3925,T1637,0"/><instruction code="OR T1638,T3925,0"/><instruction code="SETL T3926,1"/><instruction code="INCML T3926,0"/><instruction code="INCMH T3926,0"/><instruction code="INCH T3926,0"/><instruction code="OR T1639,T3926,0"/><instruction code="ADD T3927,T1638,T1639"/><instruction code="OR T1640,T3927,0"/><instruction code="STO T1640,T1633,0"/><instruction code="JMP L48"/><instruction code="L50"/><instruction code="OR T1641,T16,0"/><instruction code="SETL T3930,0"/><instruction code="INCML T3930,0"/><instruction code="INCMH T3930,0"/><instruction code="INCH T3930,0"/><instruction code="OR T1642,T3930,0"/><instruction code="STO T1641,$254,0"/><instruction code="STO T1642,$254,8"/><instruction code="PUSHJ $8,L0"/><instruction code="LDO T3932,$254,0"/><instruction code="OR T1643,T3932,0"/><instruction code="SETL T3933,0"/><instruction code="INCML T3933,0"/><instruction code="INCMH T3933,0"/><instruction code="INCH T3933,0"/><instruction code="OR T1644,T3933,0"/><instruction code="OR T17,T1644,0"/><instruction code="JMP L131"/></instructions></code><code entrylabel="L136" exitlabel="L137" tempsize="0"><frame FP="T22" RV="T23" argssize="0" depth="2" label="L1" locssize="96" size="112"/><instructions><instruction code="L136"/><instruction code="OR T1645,T22,0"/><instruction code="SETL T3935,96"/><instruction code="INCML T3935,0"/><instruction code="INCMH T3935,0"/><instruction code="INCH T3935,0"/><instruction code="NEG T3935,0,T3935"/><instruction code="OR T1646,T3935,0"/><instruction code="ADD T3936,T1645,T1646"/><instruction code="OR T1647,T3936,0"/><instruction code="SETL T3937,1"/><instruction code="INCML T3937,0"/><instruction code="INCMH T3937,0"/><instruction code="INCH T3937,0"/><instruction code="OR T1649,T3937,0"/><instruction code="STO T1649,T1647,0"/><instruction code="OR T1650,T22,0"/><instruction code="SETL T3939,88"/><instruction code="INCML T3939,0"/><instruction code="INCMH T3939,0"/><instruction code="INCH T3939,0"/><instruction code="NEG T3939,0,T3939"/><instruction code="OR T1651,T3939,0"/><instruction code="ADD T3940,T1650,T1651"/><instruction code="OR T1652,T3940,0"/><instruction code="SETL T3941,1"/><instruction code="INCML T3941,0"/><instruction code="INCMH T3941,0"/><instruction code="INCH T3941,0"/><instruction code="OR T1654,T3941,0"/><instruction code="STO T1654,T1652,0"/><instruction code="L51"/><instruction code="OR T1655,T22,0"/><instruction code="SETL T3943,88"/><instruction code="INCML T3943,0"/><instruction code="INCMH T3943,0"/><instruction code="INCH T3943,0"/><instruction code="NEG T3943,0,T3943"/><instruction code="OR T1656,T3943,0"/><instruction code="ADD T3944,T1655,T1656"/><instruction code="OR T1657,T3944,0"/><instruction code="LDO T3945,T1657,0"/><instruction code="OR T1658,T3945,0"/><instruction code="SETL T3946,9"/><instruction code="INCML T3946,0"/><instruction code="INCMH T3946,0"/><instruction code="INCH T3946,0"/><instruction code="OR T1659,T3946,0"/><instruction code="CMP T3947,T1658,T1659"/><instruction code="ZSNP T3947,T3947,1"/><instruction code="OR T1660,T3947,0"/><instruction code="BNZ T1660,L52"/><instruction code="L132"/><instruction code="JMP L53"/><instruction code="L52"/><instruction code="OR T1661,T22,0"/><instruction code="SETL T3949,80"/><instruction code="INCML T3949,0"/><instruction code="INCMH T3949,0"/><instruction code="INCH T3949,0"/><instruction code="NEG T3949,0,T3949"/><instruction code="OR T1662,T3949,0"/><instruction code="ADD T3950,T1661,T1662"/><instruction code="OR T1663,T3950,0"/><instruction code="OR T1664,T22,0"/><instruction code="SETL T3951,88"/><instruction code="INCML T3951,0"/><instruction code="INCMH T3951,0"/><instruction code="INCH T3951,0"/><instruction code="NEG T3951,0,T3951"/><instruction code="OR T1665,T3951,0"/><instruction code="ADD T3952,T1664,T1665"/><instruction code="OR T1666,T3952,0"/><instruction code="LDO T3953,T1666,0"/><instruction code="OR T1667,T3953,0"/><instruction code="SETL T3954,8"/><instruction code="INCML T3954,0"/><instruction code="INCMH T3954,0"/><instruction code="INCH T3954,0"/><instruction code="OR T1668,T3954,0"/><instruction code="MUL T3955,T1667,T1668"/><instruction code="OR T1669,T3955,0"/><instruction code="ADD T3956,T1663,T1669"/><instruction code="OR T1670,T3956,0"/><instruction code="SETL T3957,0"/><instruction code="INCML T3957,0"/><instruction code="INCMH T3957,0"/><instruction code="INCH T3957,0"/><instruction code="OR T1672,T3957,0"/><instruction code="STO T1672,T1670,0"/><instruction code="OR T1673,T22,0"/><instruction code="SETL T3959,88"/><instruction code="INCML T3959,0"/><instruction code="INCMH T3959,0"/><instruction code="INCH T3959,0"/><instruction code="NEG T3959,0,T3959"/><instruction code="OR T1674,T3959,0"/><instruction code="ADD T3960,T1673,T1674"/><instruction code="OR T1675,T3960,0"/><instruction code="OR T1677,T22,0"/><instruction code="SETL T3961,88"/><instruction code="INCML T3961,0"/><instruction code="INCMH T3961,0"/><instruction code="INCH T3961,0"/><instruction code="NEG T3961,0,T3961"/><instruction code="OR T1678,T3961,0"/><instruction code="ADD T3962,T1677,T1678"/><instruction code="OR T1679,T3962,0"/><instruction code="LDO T3963,T1679,0"/><instruction code="OR T1680,T3963,0"/><instruction code="SETL T3964,1"/><instruction code="INCML T3964,0"/><instruction code="INCMH T3964,0"/><instruction code="INCH T3964,0"/><instruction code="OR T1681,T3964,0"/><instruction code="ADD T3965,T1680,T1681"/><instruction code="OR T1682,T3965,0"/><instruction code="STO T1682,T1675,0"/><instruction code="JMP L51"/><instruction code="L53"/><instruction code="OR T1683,T22,0"/><instruction code="SETL T3968,88"/><instruction code="INCML T3968,0"/><instruction code="INCMH T3968,0"/><instruction code="INCH T3968,0"/><instruction code="NEG T3968,0,T3968"/><instruction code="OR T1684,T3968,0"/><instruction code="ADD T3969,T1683,T1684"/><instruction code="OR T1685,T3969,0"/><instruction code="SETL T3970,0"/><instruction code="INCML T3970,0"/><instruction code="INCMH T3970,0"/><instruction code="INCH T3970,0"/><instruction code="OR T1687,T3970,0"/><instruction code="STO T1687,T1685,0"/><instruction code="L59"/><instruction code="OR T1688,T22,0"/><instruction code="SETL T3972,88"/><instruction code="INCML T3972,0"/><instruction code="INCMH T3972,0"/><instruction code="INCH T3972,0"/><instruction code="NEG T3972,0,T3972"/><instruction code="OR T1689,T3972,0"/><instruction code="ADD T3973,T1688,T1689"/><instruction code="OR T1690,T3973,0"/><instruction code="LDO T3974,T1690,0"/><instruction code="OR T1691,T3974,0"/><instruction code="SETL T3975,9"/><instruction code="INCML T3975,0"/><instruction code="INCMH T3975,0"/><instruction code="INCH T3975,0"/><instruction code="OR T1692,T3975,0"/><instruction code="CMP T3976,T1691,T1692"/><instruction code="ZSN T3976,T3976,1"/><instruction code="OR T1693,T3976,0"/><instruction code="BNZ T1693,L60"/><instruction code="L133"/><instruction code="JMP L61"/><instruction code="L60"/><instruction code="OR T1694,T22,0"/><instruction code="LDO T3978,T1694,0"/><instruction code="OR T1695,T3978,0"/><instruction code="SETL T3979,8"/><instruction code="INCML T3979,0"/><instruction code="INCMH T3979,0"/><instruction code="INCH T3979,0"/><instruction code="OR T1696,T3979,0"/><instruction code="ADD T3980,T1695,T1696"/><instruction code="OR T1697,T3980,0"/><instruction code="LDO T3981,T1697,0"/><instruction code="OR T1698,T3981,0"/><instruction code="LDO T3982,T1698,0"/><instruction code="OR T1699,T3982,0"/><instruction code="OR T1700,T22,0"/><instruction code="SETL T3983,8"/><instruction code="INCML T3983,0"/><instruction code="INCMH T3983,0"/><instruction code="INCH T3983,0"/><instruction code="OR T1701,T3983,0"/><instruction code="ADD T3984,T1700,T1701"/><instruction code="OR T1702,T3984,0"/><instruction code="LDO T3985,T1702,0"/><instruction code="OR T1703,T3985,0"/><instruction code="SETL T3986,72"/><instruction code="INCML T3986,0"/><instruction code="INCMH T3986,0"/><instruction code="INCH T3986,0"/><instruction code="OR T1704,T3986,0"/><instruction code="MUL T3987,T1703,T1704"/><instruction code="OR T1705,T3987,0"/><instruction code="ADD T3988,T1699,T1705"/><instruction code="OR T1706,T3988,0"/><instruction code="OR T1707,T22,0"/><instruction code="SETL T3989,88"/><instruction code="INCML T3989,0"/><instruction code="INCMH T3989,0"/><instruction code="INCH T3989,0"/><instruction code="NEG T3989,0,T3989"/><instruction code="OR T1708,T3989,0"/><instruction code="ADD T3990,T1707,T1708"/><instruction code="OR T1709,T3990,0"/><instruction code="LDO T3991,T1709,0"/><instruction code="OR T1710,T3991,0"/><instruction code="SETL T3992,8"/><instruction code="INCML T3992,0"/><instruction code="INCMH T3992,0"/><instruction code="INCH T3992,0"/><instruction code="OR T1711,T3992,0"/><instruction code="MUL T3993,T1710,T1711"/><instruction code="OR T1712,T3993,0"/><instruction code="ADD T3994,T1706,T1712"/><instruction code="OR T1713,T3994,0"/><instruction code="LDO T3995,T1713,0"/><instruction code="OR T1714,T3995,0"/><instruction code="SETL T3996,0"/><instruction code="INCML T3996,0"/><instruction code="INCMH T3996,0"/><instruction code="INCH T3996,0"/><instruction code="OR T1715,T3996,0"/><instruction code="CMP T3997,T1714,T1715"/><instruction code="ZSNZ T3997,T3997,1"/><instruction code="OR T1716,T3997,0"/><instruction code="BNZ T1716,L57"/><instruction code="L134"/><instruction code="JMP L58"/><instruction code="L57"/><instruction code="OR T1717,T22,0"/><instruction code="SETL T3999,80"/><instruction code="INCML T3999,0"/><instruction code="INCMH T3999,0"/><instruction code="INCH T3999,0"/><instruction code="NEG T3999,0,T3999"/><instruction code="OR T1718,T3999,0"/><instruction code="ADD T4000,T1717,T1718"/><instruction code="OR T1719,T4000,0"/><instruction code="OR T1720,T22,0"/><instruction code="LDO T4001,T1720,0"/><instruction code="OR T1721,T4001,0"/><instruction code="SETL T4002,8"/><instruction code="INCML T4002,0"/><instruction code="INCMH T4002,0"/><instruction code="INCH T4002,0"/><instruction code="OR T1722,T4002,0"/><instruction code="ADD T4003,T1721,T1722"/><instruction code="OR T1723,T4003,0"/><instruction code="LDO T4004,T1723,0"/><instruction code="OR T1724,T4004,0"/><instruction code="LDO T4005,T1724,0"/><instruction code="OR T1725,T4005,0"/><instruction code="OR T1726,T22,0"/><instruction code="SETL T4006,8"/><instruction code="INCML T4006,0"/><instruction code="INCMH T4006,0"/><instruction code="INCH T4006,0"/><instruction code="OR T1727,T4006,0"/><instruction code="ADD T4007,T1726,T1727"/><instruction code="OR T1728,T4007,0"/><instruction code="LDO T4008,T1728,0"/><instruction code="OR T1729,T4008,0"/><instruction code="SETL T4009,72"/><instruction code="INCML T4009,0"/><instruction code="INCMH T4009,0"/><instruction code="INCH T4009,0"/><instruction code="OR T1730,T4009,0"/><instruction code="MUL T4010,T1729,T1730"/><instruction code="OR T1731,T4010,0"/><instruction code="ADD T4011,T1725,T1731"/><instruction code="OR T1732,T4011,0"/><instruction code="OR T1733,T22,0"/><instruction code="SETL T4012,88"/><instruction code="INCML T4012,0"/><instruction code="INCMH T4012,0"/><instruction code="INCH T4012,0"/><instruction code="NEG T4012,0,T4012"/><instruction code="OR T1734,T4012,0"/><instruction code="ADD T4013,T1733,T1734"/><instruction code="OR T1735,T4013,0"/><instruction code="LDO T4014,T1735,0"/><instruction code="OR T1736,T4014,0"/><instruction code="SETL T4015,8"/><instruction code="INCML T4015,0"/><instruction code="INCMH T4015,0"/><instruction code="INCH T4015,0"/><instruction code="OR T1737,T4015,0"/><instruction code="MUL T4016,T1736,T1737"/><instruction code="OR T1738,T4016,0"/><instruction code="ADD T4017,T1732,T1738"/><instruction code="OR T1739,T4017,0"/><instruction code="LDO T4018,T1739,0"/><instruction code="OR T1740,T4018,0"/><instruction code="SETL T4019,8"/><instruction code="INCML T4019,0"/><instruction code="INCMH T4019,0"/><instruction code="INCH T4019,0"/><instruction code="OR T1741,T4019,0"/><instruction code="MUL T4020,T1740,T1741"/><instruction code="OR T1742,T4020,0"/><instruction code="ADD T4021,T1719,T1742"/><instruction code="OR T1743,T4021,0"/><instruction code="LDO T4022,T1743,0"/><instruction code="OR T1744,T4022,0"/><instruction code="BNZ T1744,L54"/><instruction code="L135"/><instruction code="JMP L55"/><instruction code="L54"/><instruction code="OR T1745,T22,0"/><instruction code="SETL T4024,96"/><instruction code="INCML T4024,0"/><instruction code="INCMH T4024,0"/><instruction code="INCH T4024,0"/><instruction code="NEG T4024,0,T4024"/><instruction code="OR T1746,T4024,0"/><instruction code="ADD T4025,T1745,T1746"/><instruction code="OR T1747,T4025,0"/><instruction code="SETL T4026,0"/><instruction code="INCML T4026,0"/><instruction code="INCMH T4026,0"/><instruction code="INCH T4026,0"/><instruction code="OR T1749,T4026,0"/><instruction code="STO T1749,T1747,0"/><instruction code="JMP L56"/><instruction code="L55"/><instruction code="OR T1750,T22,0"/><instruction code="SETL T4029,80"/><instruction code="INCML T4029,0"/><instruction code="INCMH T4029,0"/><instruction code="INCH T4029,0"/><instruction code="NEG T4029,0,T4029"/><instruction code="OR T1751,T4029,0"/><instruction code="ADD T4030,T1750,T1751"/><instruction code="OR T1752,T4030,0"/><instruction code="OR T1753,T22,0"/><instruction code="LDO T4031,T1753,0"/><instruction code="OR T1754,T4031,0"/><instruction code="SETL T4032,8"/><instruction code="INCML T4032,0"/><instruction code="INCMH T4032,0"/><instruction code="INCH T4032,0"/><instruction code="OR T1755,T4032,0"/><instruction code="ADD T4033,T1754,T1755"/><instruction code="OR T1756,T4033,0"/><instruction code="LDO T4034,T1756,0"/><instruction code="OR T1757,T4034,0"/><instruction code="LDO T4035,T1757,0"/><instruction code="OR T1758,T4035,0"/><instruction code="OR T1759,T22,0"/><instruction code="SETL T4036,8"/><instruction code="INCML T4036,0"/><instruction code="INCMH T4036,0"/><instruction code="INCH T4036,0"/><instruction code="OR T1760,T4036,0"/><instruction code="ADD T4037,T1759,T1760"/><instruction code="OR T1761,T4037,0"/><instruction code="LDO T4038,T1761,0"/><instruction code="OR T1762,T4038,0"/><instruction code="SETL T4039,72"/><instruction code="INCML T4039,0"/><instruction code="INCMH T4039,0"/><instruction code="INCH T4039,0"/><instruction code="OR T1763,T4039,0"/><instruction code="MUL T4040,T1762,T1763"/><instruction code="OR T1764,T4040,0"/><instruction code="ADD T4041,T1758,T1764"/><instruction code="OR T1765,T4041,0"/><instruction code="OR T1766,T22,0"/><instruction code="SETL T4042,88"/><instruction code="INCML T4042,0"/><instruction code="INCMH T4042,0"/><instruction code="INCH T4042,0"/><instruction code="NEG T4042,0,T4042"/><instruction code="OR T1767,T4042,0"/><instruction code="ADD T4043,T1766,T1767"/><instruction code="OR T1768,T4043,0"/><instruction code="LDO T4044,T1768,0"/><instruction code="OR T1769,T4044,0"/><instruction code="SETL T4045,8"/><instruction code="INCML T4045,0"/><instruction code="INCMH T4045,0"/><instruction code="INCH T4045,0"/><instruction code="OR T1770,T4045,0"/><instruction code="MUL T4046,T1769,T1770"/><instruction code="OR T1771,T4046,0"/><instruction code="ADD T4047,T1765,T1771"/><instruction code="OR T1772,T4047,0"/><instruction code="LDO T4048,T1772,0"/><instruction code="OR T1773,T4048,0"/><instruction code="SETL T4049,8"/><instruction code="INCML T4049,0"/><instruction code="INCMH T4049,0"/><instruction code="INCH T4049,0"/><instruction code="OR T1774,T4049,0"/><instruction code="MUL T4050,T1773,T1774"/><instruction code="OR T1775,T4050,0"/><instruction code="ADD T4051,T1752,T1775"/><instruction code="OR T1776,T4051,0"/><instruction code="SETL T4052,1"/><instruction code="INCML T4052,0"/><instruction code="INCMH T4052,0"/><instruction code="INCH T4052,0"/><instruction code="OR T1778,T4052,0"/><instruction code="STO T1778,T1776,0"/><instruction code="L56"/><instruction code="L58"/><instruction code="OR T1779,T22,0"/><instruction code="SETL T4054,88"/><instruction code="INCML T4054,0"/><instruction code="INCMH T4054,0"/><instruction code="INCH T4054,0"/><instruction code="NEG T4054,0,T4054"/><instruction code="OR T1780,T4054,0"/><instruction code="ADD T4055,T1779,T1780"/><instruction code="OR T1781,T4055,0"/><instruction code="OR T1783,T22,0"/><instruction code="SETL T4056,88"/><instruction code="INCML T4056,0"/><instruction code="INCMH T4056,0"/><instruction code="INCH T4056,0"/><instruction code="NEG T4056,0,T4056"/><instruction code="OR T1784,T4056,0"/><instruction code="ADD T4057,T1783,T1784"/><instruction code="OR T1785,T4057,0"/><instruction code="LDO T4058,T1785,0"/><instruction code="OR T1786,T4058,0"/><instruction code="SETL T4059,1"/><instruction code="INCML T4059,0"/><instruction code="INCMH T4059,0"/><instruction code="INCH T4059,0"/><instruction code="OR T1787,T4059,0"/><instruction code="ADD T4060,T1786,T1787"/><instruction code="OR T1788,T4060,0"/><instruction code="STO T1788,T1781,0"/><instruction code="JMP L59"/><instruction code="L61"/><instruction code="OR T1789,T22,0"/><instruction code="SETL T4063,96"/><instruction code="INCML T4063,0"/><instruction code="INCMH T4063,0"/><instruction code="INCH T4063,0"/><instruction code="NEG T4063,0,T4063"/><instruction code="OR T1790,T4063,0"/><instruction code="ADD T4064,T1789,T1790"/><instruction code="OR T1791,T4064,0"/><instruction code="LDO T4065,T1791,0"/><instruction code="OR T1792,T4065,0"/><instruction code="OR T23,T1792,0"/><instruction code="JMP L137"/></instructions></code><code entrylabel="L142" exitlabel="L143" tempsize="0"><frame FP="T24" RV="T25" argssize="0" depth="2" label="L2" locssize="96" size="112"/><instructions><instruction code="L142"/><instruction code="OR T1793,T24,0"/><instruction code="SETL T4067,96"/><instruction code="INCML T4067,0"/><instruction code="INCMH T4067,0"/><instruction code="INCH T4067,0"/><instruction code="NEG T4067,0,T4067"/><instruction code="OR T1794,T4067,0"/><instruction code="ADD T4068,T1793,T1794"/><instruction code="OR T1795,T4068,0"/><instruction code="SETL T4069,1"/><instruction code="INCML T4069,0"/><instruction code="INCMH T4069,0"/><instruction code="INCH T4069,0"/><instruction code="OR T1797,T4069,0"/><instruction code="STO T1797,T1795,0"/><instruction code="OR T1798,T24,0"/><instruction code="SETL T4071,88"/><instruction code="INCML T4071,0"/><instruction code="INCMH T4071,0"/><instruction code="INCH T4071,0"/><instruction code="NEG T4071,0,T4071"/><instruction code="OR T1799,T4071,0"/><instruction code="ADD T4072,T1798,T1799"/><instruction code="OR T1800,T4072,0"/><instruction code="SETL T4073,1"/><instruction code="INCML T4073,0"/><instruction code="INCMH T4073,0"/><instruction code="INCH T4073,0"/><instruction code="OR T1802,T4073,0"/><instruction code="STO T1802,T1800,0"/><instruction code="L62"/><instruction code="OR T1803,T24,0"/><instruction code="SETL T4075,88"/><instruction code="INCML T4075,0"/><instruction code="INCMH T4075,0"/><instruction code="INCH T4075,0"/><instruction code="NEG T4075,0,T4075"/><instruction code="OR T1804,T4075,0"/><instruction code="ADD T4076,T1803,T1804"/><instruction code="OR T1805,T4076,0"/><instruction code="LDO T4077,T1805,0"/><instruction code="OR T1806,T4077,0"/><instruction code="SETL T4078,9"/><instruction code="INCML T4078,0"/><instruction code="INCMH T4078,0"/><instruction code="INCH T4078,0"/><instruction code="OR T1807,T4078,0"/><instruction code="CMP T4079,T1806,T1807"/><instruction code="ZSNP T4079,T4079,1"/><instruction code="OR T1808,T4079,0"/><instruction code="BNZ T1808,L63"/><instruction code="L138"/><instruction code="JMP L64"/><instruction code="L63"/><instruction code="OR T1809,T24,0"/><instruction code="SETL T4081,80"/><instruction code="INCML T4081,0"/><instruction code="INCMH T4081,0"/><instruction code="INCH T4081,0"/><instruction code="NEG T4081,0,T4081"/><instruction code="OR T1810,T4081,0"/><instruction code="ADD T4082,T1809,T1810"/><instruction code="OR T1811,T4082,0"/><instruction code="OR T1812,T24,0"/><instruction code="SETL T4083,88"/><instruction code="INCML T4083,0"/><instruction code="INCMH T4083,0"/><instruction code="INCH T4083,0"/><instruction code="NEG T4083,0,T4083"/><instruction code="OR T1813,T4083,0"/><instruction code="ADD T4084,T1812,T1813"/><instruction code="OR T1814,T4084,0"/><instruction code="LDO T4085,T1814,0"/><instruction code="OR T1815,T4085,0"/><instruction code="SETL T4086,8"/><instruction code="INCML T4086,0"/><instruction code="INCMH T4086,0"/><instruction code="INCH T4086,0"/><instruction code="OR T1816,T4086,0"/><instruction code="MUL T4087,T1815,T1816"/><instruction code="OR T1817,T4087,0"/><instruction code="ADD T4088,T1811,T1817"/><instruction code="OR T1818,T4088,0"/><instruction code="SETL T4089,0"/><instruction code="INCML T4089,0"/><instruction code="INCMH T4089,0"/><instruction code="INCH T4089,0"/><instruction code="OR T1820,T4089,0"/><instruction code="STO T1820,T1818,0"/><instruction code="OR T1821,T24,0"/><instruction code="SETL T4091,88"/><instruction code="INCML T4091,0"/><instruction code="INCMH T4091,0"/><instruction code="INCH T4091,0"/><instruction code="NEG T4091,0,T4091"/><instruction code="OR T1822,T4091,0"/><instruction code="ADD T4092,T1821,T1822"/><instruction code="OR T1823,T4092,0"/><instruction code="OR T1825,T24,0"/><instruction code="SETL T4093,88"/><instruction code="INCML T4093,0"/><instruction code="INCMH T4093,0"/><instruction code="INCH T4093,0"/><instruction code="NEG T4093,0,T4093"/><instruction code="OR T1826,T4093,0"/><instruction code="ADD T4094,T1825,T1826"/><instruction code="OR T1827,T4094,0"/><instruction code="LDO T4095,T1827,0"/><instruction code="OR T1828,T4095,0"/><instruction code="SETL T4096,1"/><instruction code="INCML T4096,0"/><instruction code="INCMH T4096,0"/><instruction code="INCH T4096,0"/><instruction code="OR T1829,T4096,0"/><instruction code="ADD T4097,T1828,T1829"/><instruction code="OR T1830,T4097,0"/><instruction code="STO T1830,T1823,0"/><instruction code="JMP L62"/><instruction code="L64"/><instruction code="OR T1831,T24,0"/><instruction code="SETL T4100,88"/><instruction code="INCML T4100,0"/><instruction code="INCMH T4100,0"/><instruction code="INCH T4100,0"/><instruction code="NEG T4100,0,T4100"/><instruction code="OR T1832,T4100,0"/><instruction code="ADD T4101,T1831,T1832"/><instruction code="OR T1833,T4101,0"/><instruction code="SETL T4102,0"/><instruction code="INCML T4102,0"/><instruction code="INCMH T4102,0"/><instruction code="INCH T4102,0"/><instruction code="OR T1835,T4102,0"/><instruction code="STO T1835,T1833,0"/><instruction code="L70"/><instruction code="OR T1836,T24,0"/><instruction code="SETL T4104,88"/><instruction code="INCML T4104,0"/><instruction code="INCMH T4104,0"/><instruction code="INCH T4104,0"/><instruction code="NEG T4104,0,T4104"/><instruction code="OR T1837,T4104,0"/><instruction code="ADD T4105,T1836,T1837"/><instruction code="OR T1838,T4105,0"/><instruction code="LDO T4106,T1838,0"/><instruction code="OR T1839,T4106,0"/><instruction code="SETL T4107,9"/><instruction code="INCML T4107,0"/><instruction code="INCMH T4107,0"/><instruction code="INCH T4107,0"/><instruction code="OR T1840,T4107,0"/><instruction code="CMP T4108,T1839,T1840"/><instruction code="ZSN T4108,T4108,1"/><instruction code="OR T1841,T4108,0"/><instruction code="BNZ T1841,L71"/><instruction code="L139"/><instruction code="JMP L72"/><instruction code="L71"/><instruction code="OR T1842,T24,0"/><instruction code="LDO T4110,T1842,0"/><instruction code="OR T1843,T4110,0"/><instruction code="SETL T4111,8"/><instruction code="INCML T4111,0"/><instruction code="INCMH T4111,0"/><instruction code="INCH T4111,0"/><instruction code="OR T1844,T4111,0"/><instruction code="ADD T4112,T1843,T1844"/><instruction code="OR T1845,T4112,0"/><instruction code="LDO T4113,T1845,0"/><instruction code="OR T1846,T4113,0"/><instruction code="LDO T4114,T1846,0"/><instruction code="OR T1847,T4114,0"/><instruction code="OR T1848,T24,0"/><instruction code="SETL T4115,88"/><instruction code="INCML T4115,0"/><instruction code="INCMH T4115,0"/><instruction code="INCH T4115,0"/><instruction code="NEG T4115,0,T4115"/><instruction code="OR T1849,T4115,0"/><instruction code="ADD T4116,T1848,T1849"/><instruction code="OR T1850,T4116,0"/><instruction code="LDO T4117,T1850,0"/><instruction code="OR T1851,T4117,0"/><instruction code="SETL T4118,72"/><instruction code="INCML T4118,0"/><instruction code="INCMH T4118,0"/><instruction code="INCH T4118,0"/><instruction code="OR T1852,T4118,0"/><instruction code="MUL T4119,T1851,T1852"/><instruction code="OR T1853,T4119,0"/><instruction code="ADD T4120,T1847,T1853"/><instruction code="OR T1854,T4120,0"/><instruction code="OR T1855,T24,0"/><instruction code="SETL T4121,8"/><instruction code="INCML T4121,0"/><instruction code="INCMH T4121,0"/><instruction code="INCH T4121,0"/><instruction code="OR T1856,T4121,0"/><instruction code="ADD T4122,T1855,T1856"/><instruction code="OR T1857,T4122,0"/><instruction code="LDO T4123,T1857,0"/><instruction code="OR T1858,T4123,0"/><instruction code="SETL T4124,8"/><instruction code="INCML T4124,0"/><instruction code="INCMH T4124,0"/><instruction code="INCH T4124,0"/><instruction code="OR T1859,T4124,0"/><instruction code="MUL T4125,T1858,T1859"/><instruction code="OR T1860,T4125,0"/><instruction code="ADD T4126,T1854,T1860"/><instruction code="OR T1861,T4126,0"/><instruction code="LDO T4127,T1861,0"/><instruction code="OR T1862,T4127,0"/><instruction code="SETL T4128,0"/><instruction code="INCML T4128,0"/><instruction code="INCMH T4128,0"/><instruction code="INCH T4128,0"/><instruction code="OR T1863,T4128,0"/><instruction code="CMP T4129,T1862,T1863"/><instruction code="ZSNZ T4129,T4129,1"/><instruction code="OR T1864,T4129,0"/><instruction code="BNZ T1864,L68"/><instruction code="L140"/><instruction code="JMP L69"/><instruction code="L68"/><instruction code="OR T1865,T24,0"/><instruction code="SETL T4131,80"/><instruction code="INCML T4131,0"/><instruction code="INCMH T4131,0"/><instruction code="INCH T4131,0"/><instruction code="NEG T4131,0,T4131"/><instruction code="OR T1866,T4131,0"/><instruction code="ADD T4132,T1865,T1866"/><instruction code="OR T1867,T4132,0"/><instruction code="OR T1868,T24,0"/><instruction code="LDO T4133,T1868,0"/><instruction code="OR T1869,T4133,0"/><instruction code="SETL T4134,8"/><instruction code="INCML T4134,0"/><instruction code="INCMH T4134,0"/><instruction code="INCH T4134,0"/><instruction code="OR T1870,T4134,0"/><instruction code="ADD T4135,T1869,T1870"/><instruction code="OR T1871,T4135,0"/><instruction code="LDO T4136,T1871,0"/><instruction code="OR T1872,T4136,0"/><instruction code="LDO T4137,T1872,0"/><instruction code="OR T1873,T4137,0"/><instruction code="OR T1874,T24,0"/><instruction code="SETL T4138,88"/><instruction code="INCML T4138,0"/><instruction code="INCMH T4138,0"/><instruction code="INCH T4138,0"/><instruction code="NEG T4138,0,T4138"/><instruction code="OR T1875,T4138,0"/><instruction code="ADD T4139,T1874,T1875"/><instruction code="OR T1876,T4139,0"/><instruction code="LDO T4140,T1876,0"/><instruction code="OR T1877,T4140,0"/><instruction code="SETL T4141,72"/><instruction code="INCML T4141,0"/><instruction code="INCMH T4141,0"/><instruction code="INCH T4141,0"/><instruction code="OR T1878,T4141,0"/><instruction code="MUL T4142,T1877,T1878"/><instruction code="OR T1879,T4142,0"/><instruction code="ADD T4143,T1873,T1879"/><instruction code="OR T1880,T4143,0"/><instruction code="OR T1881,T24,0"/><instruction code="SETL T4144,8"/><instruction code="INCML T4144,0"/><instruction code="INCMH T4144,0"/><instruction code="INCH T4144,0"/><instruction code="OR T1882,T4144,0"/><instruction code="ADD T4145,T1881,T1882"/><instruction code="OR T1883,T4145,0"/><instruction code="LDO T4146,T1883,0"/><instruction code="OR T1884,T4146,0"/><instruction code="SETL T4147,8"/><instruction code="INCML T4147,0"/><instruction code="INCMH T4147,0"/><instruction code="INCH T4147,0"/><instruction code="OR T1885,T4147,0"/><instruction code="MUL T4148,T1884,T1885"/><instruction code="OR T1886,T4148,0"/><instruction code="ADD T4149,T1880,T1886"/><instruction code="OR T1887,T4149,0"/><instruction code="LDO T4150,T1887,0"/><instruction code="OR T1888,T4150,0"/><instruction code="SETL T4151,8"/><instruction code="INCML T4151,0"/><instruction code="INCMH T4151,0"/><instruction code="INCH T4151,0"/><instruction code="OR T1889,T4151,0"/><instruction code="MUL T4152,T1888,T1889"/><instruction code="OR T1890,T4152,0"/><instruction code="ADD T4153,T1867,T1890"/><instruction code="OR T1891,T4153,0"/><instruction code="LDO T4154,T1891,0"/><instruction code="OR T1892,T4154,0"/><instruction code="BNZ T1892,L65"/><instruction code="L141"/><instruction code="JMP L66"/><instruction code="L65"/><instruction code="OR T1893,T24,0"/><instruction code="SETL T4156,96"/><instruction code="INCML T4156,0"/><instruction code="INCMH T4156,0"/><instruction code="INCH T4156,0"/><instruction code="NEG T4156,0,T4156"/><instruction code="OR T1894,T4156,0"/><instruction code="ADD T4157,T1893,T1894"/><instruction code="OR T1895,T4157,0"/><instruction code="SETL T4158,0"/><instruction code="INCML T4158,0"/><instruction code="INCMH T4158,0"/><instruction code="INCH T4158,0"/><instruction code="OR T1897,T4158,0"/><instruction code="STO T1897,T1895,0"/><instruction code="JMP L67"/><instruction code="L66"/><instruction code="OR T1898,T24,0"/><instruction code="SETL T4161,80"/><instruction code="INCML T4161,0"/><instruction code="INCMH T4161,0"/><instruction code="INCH T4161,0"/><instruction code="NEG T4161,0,T4161"/><instruction code="OR T1899,T4161,0"/><instruction code="ADD T4162,T1898,T1899"/><instruction code="OR T1900,T4162,0"/><instruction code="OR T1901,T24,0"/><instruction code="LDO T4163,T1901,0"/><instruction code="OR T1902,T4163,0"/><instruction code="SETL T4164,8"/><instruction code="INCML T4164,0"/><instruction code="INCMH T4164,0"/><instruction code="INCH T4164,0"/><instruction code="OR T1903,T4164,0"/><instruction code="ADD T4165,T1902,T1903"/><instruction code="OR T1904,T4165,0"/><instruction code="LDO T4166,T1904,0"/><instruction code="OR T1905,T4166,0"/><instruction code="LDO T4167,T1905,0"/><instruction code="OR T1906,T4167,0"/><instruction code="OR T1907,T24,0"/><instruction code="SETL T4168,88"/><instruction code="INCML T4168,0"/><instruction code="INCMH T4168,0"/><instruction code="INCH T4168,0"/><instruction code="NEG T4168,0,T4168"/><instruction code="OR T1908,T4168,0"/><instruction code="ADD T4169,T1907,T1908"/><instruction code="OR T1909,T4169,0"/><instruction code="LDO T4170,T1909,0"/><instruction code="OR T1910,T4170,0"/><instruction code="SETL T4171,72"/><instruction code="INCML T4171,0"/><instruction code="INCMH T4171,0"/><instruction code="INCH T4171,0"/><instruction code="OR T1911,T4171,0"/><instruction code="MUL T4172,T1910,T1911"/><instruction code="OR T1912,T4172,0"/><instruction code="ADD T4173,T1906,T1912"/><instruction code="OR T1913,T4173,0"/><instruction code="OR T1914,T24,0"/><instruction code="SETL T4174,8"/><instruction code="INCML T4174,0"/><instruction code="INCMH T4174,0"/><instruction code="INCH T4174,0"/><instruction code="OR T1915,T4174,0"/><instruction code="ADD T4175,T1914,T1915"/><instruction code="OR T1916,T4175,0"/><instruction code="LDO T4176,T1916,0"/><instruction code="OR T1917,T4176,0"/><instruction code="SETL T4177,8"/><instruction code="INCML T4177,0"/><instruction code="INCMH T4177,0"/><instruction code="INCH T4177,0"/><instruction code="OR T1918,T4177,0"/><instruction code="MUL T4178,T1917,T1918"/><instruction code="OR T1919,T4178,0"/><instruction code="ADD T4179,T1913,T1919"/><instruction code="OR T1920,T4179,0"/><instruction code="LDO T4180,T1920,0"/><instruction code="OR T1921,T4180,0"/><instruction code="SETL T4181,8"/><instruction code="INCML T4181,0"/><instruction code="INCMH T4181,0"/><instruction code="INCH T4181,0"/><instruction code="OR T1922,T4181,0"/><instruction code="MUL T4182,T1921,T1922"/><instruction code="OR T1923,T4182,0"/><instruction code="ADD T4183,T1900,T1923"/><instruction code="OR T1924,T4183,0"/><instruction code="SETL T4184,1"/><instruction code="INCML T4184,0"/><instruction code="INCMH T4184,0"/><instruction code="INCH T4184,0"/><instruction code="OR T1926,T4184,0"/><instruction code="STO T1926,T1924,0"/><instruction code="L67"/><instruction code="L69"/><instruction code="OR T1927,T24,0"/><instruction code="SETL T4186,88"/><instruction code="INCML T4186,0"/><instruction code="INCMH T4186,0"/><instruction code="INCH T4186,0"/><instruction code="NEG T4186,0,T4186"/><instruction code="OR T1928,T4186,0"/><instruction code="ADD T4187,T1927,T1928"/><instruction code="OR T1929,T4187,0"/><instruction code="OR T1931,T24,0"/><instruction code="SETL T4188,88"/><instruction code="INCML T4188,0"/><instruction code="INCMH T4188,0"/><instruction code="INCH T4188,0"/><instruction code="NEG T4188,0,T4188"/><instruction code="OR T1932,T4188,0"/><instruction code="ADD T4189,T1931,T1932"/><instruction code="OR T1933,T4189,0"/><instruction code="LDO T4190,T1933,0"/><instruction code="OR T1934,T4190,0"/><instruction code="SETL T4191,1"/><instruction code="INCML T4191,0"/><instruction code="INCMH T4191,0"/><instruction code="INCH T4191,0"/><instruction code="OR T1935,T4191,0"/><instruction code="ADD T4192,T1934,T1935"/><instruction code="OR T1936,T4192,0"/><instruction code="STO T1936,T1929,0"/><instruction code="JMP L70"/><instruction code="L72"/><instruction code="OR T1937,T24,0"/><instruction code="SETL T4195,96"/><instruction code="INCML T4195,0"/><instruction code="INCMH T4195,0"/><instruction code="INCH T4195,0"/><instruction code="NEG T4195,0,T4195"/><instruction code="OR T1938,T4195,0"/><instruction code="ADD T4196,T1937,T1938"/><instruction code="OR T1939,T4196,0"/><instruction code="LDO T4197,T1939,0"/><instruction code="OR T1940,T4197,0"/><instruction code="OR T25,T1940,0"/><instruction code="JMP L143"/></instructions></code><code entrylabel="L149" exitlabel="L150" tempsize="0"><frame FP="T26" RV="T27" argssize="0" depth="2" label="L3" locssize="112" size="128"/><instructions><instruction code="L149"/><instruction code="OR T1941,T26,0"/><instruction code="SETL T4199,112"/><instruction code="INCML T4199,0"/><instruction code="INCMH T4199,0"/><instruction code="INCH T4199,0"/><instruction code="NEG T4199,0,T4199"/><instruction code="OR T1942,T4199,0"/><instruction code="ADD T4200,T1941,T1942"/><instruction code="OR T1943,T4200,0"/><instruction code="SETL T4201,1"/><instruction code="INCML T4201,0"/><instruction code="INCMH T4201,0"/><instruction code="INCH T4201,0"/><instruction code="OR T1945,T4201,0"/><instruction code="STO T1945,T1943,0"/><instruction code="OR T1946,T26,0"/><instruction code="SETL T4203,104"/><instruction code="INCML T4203,0"/><instruction code="INCMH T4203,0"/><instruction code="INCH T4203,0"/><instruction code="NEG T4203,0,T4203"/><instruction code="OR T1947,T4203,0"/><instruction code="ADD T4204,T1946,T1947"/><instruction code="OR T1948,T4204,0"/><instruction code="SETL T4205,1"/><instruction code="INCML T4205,0"/><instruction code="INCMH T4205,0"/><instruction code="INCH T4205,0"/><instruction code="OR T1950,T4205,0"/><instruction code="STO T1950,T1948,0"/><instruction code="L73"/><instruction code="OR T1951,T26,0"/><instruction code="SETL T4207,104"/><instruction code="INCML T4207,0"/><instruction code="INCMH T4207,0"/><instruction code="INCH T4207,0"/><instruction code="NEG T4207,0,T4207"/><instruction code="OR T1952,T4207,0"/><instruction code="ADD T4208,T1951,T1952"/><instruction code="OR T1953,T4208,0"/><instruction code="LDO T4209,T1953,0"/><instruction code="OR T1954,T4209,0"/><instruction code="SETL T4210,9"/><instruction code="INCML T4210,0"/><instruction code="INCMH T4210,0"/><instruction code="INCH T4210,0"/><instruction code="OR T1955,T4210,0"/><instruction code="CMP T4211,T1954,T1955"/><instruction code="ZSNP T4211,T4211,1"/><instruction code="OR T1956,T4211,0"/><instruction code="BNZ T1956,L74"/><instruction code="L144"/><instruction code="JMP L75"/><instruction code="L74"/><instruction code="OR T1957,T26,0"/><instruction code="SETL T4213,80"/><instruction code="INCML T4213,0"/><instruction code="INCMH T4213,0"/><instruction code="INCH T4213,0"/><instruction code="NEG T4213,0,T4213"/><instruction code="OR T1958,T4213,0"/><instruction code="ADD T4214,T1957,T1958"/><instruction code="OR T1959,T4214,0"/><instruction code="OR T1960,T26,0"/><instruction code="SETL T4215,104"/><instruction code="INCML T4215,0"/><instruction code="INCMH T4215,0"/><instruction code="INCH T4215,0"/><instruction code="NEG T4215,0,T4215"/><instruction code="OR T1961,T4215,0"/><instruction code="ADD T4216,T1960,T1961"/><instruction code="OR T1962,T4216,0"/><instruction code="LDO T4217,T1962,0"/><instruction code="OR T1963,T4217,0"/><instruction code="SETL T4218,8"/><instruction code="INCML T4218,0"/><instruction code="INCMH T4218,0"/><instruction code="INCH T4218,0"/><instruction code="OR T1964,T4218,0"/><instruction code="MUL T4219,T1963,T1964"/><instruction code="OR T1965,T4219,0"/><instruction code="ADD T4220,T1959,T1965"/><instruction code="OR T1966,T4220,0"/><instruction code="SETL T4221,0"/><instruction code="INCML T4221,0"/><instruction code="INCMH T4221,0"/><instruction code="INCH T4221,0"/><instruction code="OR T1968,T4221,0"/><instruction code="STO T1968,T1966,0"/><instruction code="OR T1969,T26,0"/><instruction code="SETL T4223,104"/><instruction code="INCML T4223,0"/><instruction code="INCMH T4223,0"/><instruction code="INCH T4223,0"/><instruction code="NEG T4223,0,T4223"/><instruction code="OR T1970,T4223,0"/><instruction code="ADD T4224,T1969,T1970"/><instruction code="OR T1971,T4224,0"/><instruction code="OR T1973,T26,0"/><instruction code="SETL T4225,104"/><instruction code="INCML T4225,0"/><instruction code="INCMH T4225,0"/><instruction code="INCH T4225,0"/><instruction code="NEG T4225,0,T4225"/><instruction code="OR T1974,T4225,0"/><instruction code="ADD T4226,T1973,T1974"/><instruction code="OR T1975,T4226,0"/><instruction code="LDO T4227,T1975,0"/><instruction code="OR T1976,T4227,0"/><instruction code="SETL T4228,1"/><instruction code="INCML T4228,0"/><instruction code="INCMH T4228,0"/><instruction code="INCH T4228,0"/><instruction code="OR T1977,T4228,0"/><instruction code="ADD T4229,T1976,T1977"/><instruction code="OR T1978,T4229,0"/><instruction code="STO T1978,T1971,0"/><instruction code="JMP L73"/><instruction code="L75"/><instruction code="OR T1979,T26,0"/><instruction code="SETL T4232,96"/><instruction code="INCML T4232,0"/><instruction code="INCMH T4232,0"/><instruction code="INCH T4232,0"/><instruction code="NEG T4232,0,T4232"/><instruction code="OR T1980,T4232,0"/><instruction code="ADD T4233,T1979,T1980"/><instruction code="OR T1981,T4233,0"/><instruction code="SETL T4234,0"/><instruction code="INCML T4234,0"/><instruction code="INCMH T4234,0"/><instruction code="INCH T4234,0"/><instruction code="OR T1983,T4234,0"/><instruction code="STO T1983,T1981,0"/><instruction code="L84"/><instruction code="OR T1984,T26,0"/><instruction code="SETL T4236,96"/><instruction code="INCML T4236,0"/><instruction code="INCMH T4236,0"/><instruction code="INCH T4236,0"/><instruction code="NEG T4236,0,T4236"/><instruction code="OR T1985,T4236,0"/><instruction code="ADD T4237,T1984,T1985"/><instruction code="OR T1986,T4237,0"/><instruction code="LDO T4238,T1986,0"/><instruction code="OR T1987,T4238,0"/><instruction code="SETL T4239,3"/><instruction code="INCML T4239,0"/><instruction code="INCMH T4239,0"/><instruction code="INCH T4239,0"/><instruction code="OR T1988,T4239,0"/><instruction code="CMP T4240,T1987,T1988"/><instruction code="ZSN T4240,T4240,1"/><instruction code="OR T1989,T4240,0"/><instruction code="BNZ T1989,L85"/><instruction code="L145"/><instruction code="JMP L86"/><instruction code="L85"/><instruction code="OR T1990,T26,0"/><instruction code="SETL T4242,88"/><instruction code="INCML T4242,0"/><instruction code="INCMH T4242,0"/><instruction code="INCH T4242,0"/><instruction code="NEG T4242,0,T4242"/><instruction code="OR T1991,T4242,0"/><instruction code="ADD T4243,T1990,T1991"/><instruction code="OR T1992,T4243,0"/><instruction code="SETL T4244,0"/><instruction code="INCML T4244,0"/><instruction code="INCMH T4244,0"/><instruction code="INCH T4244,0"/><instruction code="OR T1994,T4244,0"/><instruction code="STO T1994,T1992,0"/><instruction code="L81"/><instruction code="OR T1995,T26,0"/><instruction code="SETL T4246,88"/><instruction code="INCML T4246,0"/><instruction code="INCMH T4246,0"/><instruction code="INCH T4246,0"/><instruction code="NEG T4246,0,T4246"/><instruction code="OR T1996,T4246,0"/><instruction code="ADD T4247,T1995,T1996"/><instruction code="OR T1997,T4247,0"/><instruction code="LDO T4248,T1997,0"/><instruction code="OR T1998,T4248,0"/><instruction code="SETL T4249,3"/><instruction code="INCML T4249,0"/><instruction code="INCMH T4249,0"/><instruction code="INCH T4249,0"/><instruction code="OR T1999,T4249,0"/><instruction code="CMP T4250,T1998,T1999"/><instruction code="ZSN T4250,T4250,1"/><instruction code="OR T2000,T4250,0"/><instruction code="BNZ T2000,L82"/><instruction code="L146"/><instruction code="JMP L83"/><instruction code="L82"/><instruction code="OR T2001,T26,0"/><instruction code="LDO T4252,T2001,0"/><instruction code="OR T2002,T4252,0"/><instruction code="SETL T4253,8"/><instruction code="INCML T4253,0"/><instruction code="INCMH T4253,0"/><instruction code="INCH T4253,0"/><instruction code="OR T2003,T4253,0"/><instruction code="ADD T4254,T2002,T2003"/><instruction code="OR T2004,T4254,0"/><instruction code="LDO T4255,T2004,0"/><instruction code="OR T2005,T4255,0"/><instruction code="LDO T4256,T2005,0"/><instruction code="OR T2006,T4256,0"/><instruction code="OR T2007,T26,0"/><instruction code="SETL T4257,16"/><instruction code="INCML T4257,0"/><instruction code="INCMH T4257,0"/><instruction code="INCH T4257,0"/><instruction code="OR T2008,T4257,0"/><instruction code="ADD T4258,T2007,T2008"/><instruction code="OR T2009,T4258,0"/><instruction code="LDO T4259,T2009,0"/><instruction code="OR T2010,T4259,0"/><instruction code="SETL T4260,3"/><instruction code="INCML T4260,0"/><instruction code="INCMH T4260,0"/><instruction code="INCH T4260,0"/><instruction code="OR T2011,T4260,0"/><instruction code="MUL T4261,T2010,T2011"/><instruction code="OR T2012,T4261,0"/><instruction code="OR T2013,T26,0"/><instruction code="SETL T4262,96"/><instruction code="INCML T4262,0"/><instruction code="INCMH T4262,0"/><instruction code="INCH T4262,0"/><instruction code="NEG T4262,0,T4262"/><instruction code="OR T2014,T4262,0"/><instruction code="ADD T4263,T2013,T2014"/><instruction code="OR T2015,T4263,0"/><instruction code="LDO T4264,T2015,0"/><instruction code="OR T2016,T4264,0"/><instruction code="ADD T4265,T2012,T2016"/><instruction code="OR T2017,T4265,0"/><instruction code="SETL T4266,72"/><instruction code="INCML T4266,0"/><instruction code="INCMH T4266,0"/><instruction code="INCH T4266,0"/><instruction code="OR T2018,T4266,0"/><instruction code="MUL T4267,T2017,T2018"/><instruction code="OR T2019,T4267,0"/><instruction code="ADD T4268,T2006,T2019"/><instruction code="OR T2020,T4268,0"/><instruction code="OR T2021,T26,0"/><instruction code="SETL T4269,8"/><instruction code="INCML T4269,0"/><instruction code="INCMH T4269,0"/><instruction code="INCH T4269,0"/><instruction code="OR T2022,T4269,0"/><instruction code="ADD T4270,T2021,T2022"/><instruction code="OR T2023,T4270,0"/><instruction code="LDO T4271,T2023,0"/><instruction code="OR T2024,T4271,0"/><instruction code="SETL T4272,3"/><instruction code="INCML T4272,0"/><instruction code="INCMH T4272,0"/><instruction code="INCH T4272,0"/><instruction code="OR T2025,T4272,0"/><instruction code="MUL T4273,T2024,T2025"/><instruction code="OR T2026,T4273,0"/><instruction code="OR T2027,T26,0"/><instruction code="SETL T4274,88"/><instruction code="INCML T4274,0"/><instruction code="INCMH T4274,0"/><instruction code="INCH T4274,0"/><instruction code="NEG T4274,0,T4274"/><instruction code="OR T2028,T4274,0"/><instruction code="ADD T4275,T2027,T2028"/><instruction code="OR T2029,T4275,0"/><instruction code="LDO T4276,T2029,0"/><instruction code="OR T2030,T4276,0"/><instruction code="ADD T4277,T2026,T2030"/><instruction code="OR T2031,T4277,0"/><instruction code="SETL T4278,8"/><instruction code="INCML T4278,0"/><instruction code="INCMH T4278,0"/><instruction code="INCH T4278,0"/><instruction code="OR T2032,T4278,0"/><instruction code="MUL T4279,T2031,T2032"/><instruction code="OR T2033,T4279,0"/><instruction code="ADD T4280,T2020,T2033"/><instruction code="OR T2034,T4280,0"/><instruction code="LDO T4281,T2034,0"/><instruction code="OR T2035,T4281,0"/><instruction code="SETL T4282,0"/><instruction code="INCML T4282,0"/><instruction code="INCMH T4282,0"/><instruction code="INCH T4282,0"/><instruction code="OR T2036,T4282,0"/><instruction code="CMP T4283,T2035,T2036"/><instruction code="ZSNZ T4283,T4283,1"/><instruction code="OR T2037,T4283,0"/><instruction code="BNZ T2037,L79"/><instruction code="L147"/><instruction code="JMP L80"/><instruction code="L79"/><instruction code="OR T2038,T26,0"/><instruction code="SETL T4285,80"/><instruction code="INCML T4285,0"/><instruction code="INCMH T4285,0"/><instruction code="INCH T4285,0"/><instruction code="NEG T4285,0,T4285"/><instruction code="OR T2039,T4285,0"/><instruction code="ADD T4286,T2038,T2039"/><instruction code="OR T2040,T4286,0"/><instruction code="OR T2041,T26,0"/><instruction code="LDO T4287,T2041,0"/><instruction code="OR T2042,T4287,0"/><instruction code="SETL T4288,8"/><instruction code="INCML T4288,0"/><instruction code="INCMH T4288,0"/><instruction code="INCH T4288,0"/><instruction code="OR T2043,T4288,0"/><instruction code="ADD T4289,T2042,T2043"/><instruction code="OR T2044,T4289,0"/><instruction code="LDO T4290,T2044,0"/><instruction code="OR T2045,T4290,0"/><instruction code="LDO T4291,T2045,0"/><instruction code="OR T2046,T4291,0"/><instruction code="OR T2047,T26,0"/><instruction code="SETL T4292,16"/><instruction code="INCML T4292,0"/><instruction code="INCMH T4292,0"/><instruction code="INCH T4292,0"/><instruction code="OR T2048,T4292,0"/><instruction code="ADD T4293,T2047,T2048"/><instruction code="OR T2049,T4293,0"/><instruction code="LDO T4294,T2049,0"/><instruction code="OR T2050,T4294,0"/><instruction code="SETL T4295,3"/><instruction code="INCML T4295,0"/><instruction code="INCMH T4295,0"/><instruction code="INCH T4295,0"/><instruction code="OR T2051,T4295,0"/><instruction code="MUL T4296,T2050,T2051"/><instruction code="OR T2052,T4296,0"/><instruction code="OR T2053,T26,0"/><instruction code="SETL T4297,96"/><instruction code="INCML T4297,0"/><instruction code="INCMH T4297,0"/><instruction code="INCH T4297,0"/><instruction code="NEG T4297,0,T4297"/><instruction code="OR T2054,T4297,0"/><instruction code="ADD T4298,T2053,T2054"/><instruction code="OR T2055,T4298,0"/><instruction code="LDO T4299,T2055,0"/><instruction code="OR T2056,T4299,0"/><instruction code="ADD T4300,T2052,T2056"/><instruction code="OR T2057,T4300,0"/><instruction code="SETL T4301,72"/><instruction code="INCML T4301,0"/><instruction code="INCMH T4301,0"/><instruction code="INCH T4301,0"/><instruction code="OR T2058,T4301,0"/><instruction code="MUL T4302,T2057,T2058"/><instruction code="OR T2059,T4302,0"/><instruction code="ADD T4303,T2046,T2059"/><instruction code="OR T2060,T4303,0"/><instruction code="OR T2061,T26,0"/><instruction code="SETL T4304,8"/><instruction code="INCML T4304,0"/><instruction code="INCMH T4304,0"/><instruction code="INCH T4304,0"/><instruction code="OR T2062,T4304,0"/><instruction code="ADD T4305,T2061,T2062"/><instruction code="OR T2063,T4305,0"/><instruction code="LDO T4306,T2063,0"/><instruction code="OR T2064,T4306,0"/><instruction code="SETL T4307,3"/><instruction code="INCML T4307,0"/><instruction code="INCMH T4307,0"/><instruction code="INCH T4307,0"/><instruction code="OR T2065,T4307,0"/><instruction code="MUL T4308,T2064,T2065"/><instruction code="OR T2066,T4308,0"/><instruction code="OR T2067,T26,0"/><instruction code="SETL T4309,88"/><instruction code="INCML T4309,0"/><instruction code="INCMH T4309,0"/><instruction code="INCH T4309,0"/><instruction code="NEG T4309,0,T4309"/><instruction code="OR T2068,T4309,0"/><instruction code="ADD T4310,T2067,T2068"/><instruction code="OR T2069,T4310,0"/><instruction code="LDO T4311,T2069,0"/><instruction code="OR T2070,T4311,0"/><instruction code="ADD T4312,T2066,T2070"/><instruction code="OR T2071,T4312,0"/><instruction code="SETL T4313,8"/><instruction code="INCML T4313,0"/><instruction code="INCMH T4313,0"/><instruction code="INCH T4313,0"/><instruction code="OR T2072,T4313,0"/><instruction code="MUL T4314,T2071,T2072"/><instruction code="OR T2073,T4314,0"/><instruction code="ADD T4315,T2060,T2073"/><instruction code="OR T2074,T4315,0"/><instruction code="LDO T4316,T2074,0"/><instruction code="OR T2075,T4316,0"/><instruction code="SETL T4317,8"/><instruction code="INCML T4317,0"/><instruction code="INCMH T4317,0"/><instruction code="INCH T4317,0"/><instruction code="OR T2076,T4317,0"/><instruction code="MUL T4318,T2075,T2076"/><instruction code="OR T2077,T4318,0"/><instruction code="ADD T4319,T2040,T2077"/><instruction code="OR T2078,T4319,0"/><instruction code="LDO T4320,T2078,0"/><instruction code="OR T2079,T4320,0"/><instruction code="BNZ T2079,L76"/><instruction code="L148"/><instruction code="JMP L77"/><instruction code="L76"/><instruction code="OR T2080,T26,0"/><instruction code="SETL T4322,112"/><instruction code="INCML T4322,0"/><instruction code="INCMH T4322,0"/><instruction code="INCH T4322,0"/><instruction code="NEG T4322,0,T4322"/><instruction code="OR T2081,T4322,0"/><instruction code="ADD T4323,T2080,T2081"/><instruction code="OR T2082,T4323,0"/><instruction code="SETL T4324,0"/><instruction code="INCML T4324,0"/><instruction code="INCMH T4324,0"/><instruction code="INCH T4324,0"/><instruction code="OR T2084,T4324,0"/><instruction code="STO T2084,T2082,0"/><instruction code="JMP L78"/><instruction code="L77"/><instruction code="OR T2085,T26,0"/><instruction code="SETL T4327,80"/><instruction code="INCML T4327,0"/><instruction code="INCMH T4327,0"/><instruction code="INCH T4327,0"/><instruction code="NEG T4327,0,T4327"/><instruction code="OR T2086,T4327,0"/><instruction code="ADD T4328,T2085,T2086"/><instruction code="OR T2087,T4328,0"/><instruction code="OR T2088,T26,0"/><instruction code="LDO T4329,T2088,0"/><instruction code="OR T2089,T4329,0"/><instruction code="SETL T4330,8"/><instruction code="INCML T4330,0"/><instruction code="INCMH T4330,0"/><instruction code="INCH T4330,0"/><instruction code="OR T2090,T4330,0"/><instruction code="ADD T4331,T2089,T2090"/><instruction code="OR T2091,T4331,0"/><instruction code="LDO T4332,T2091,0"/><instruction code="OR T2092,T4332,0"/><instruction code="LDO T4333,T2092,0"/><instruction code="OR T2093,T4333,0"/><instruction code="OR T2094,T26,0"/><instruction code="SETL T4334,16"/><instruction code="INCML T4334,0"/><instruction code="INCMH T4334,0"/><instruction code="INCH T4334,0"/><instruction code="OR T2095,T4334,0"/><instruction code="ADD T4335,T2094,T2095"/><instruction code="OR T2096,T4335,0"/><instruction code="LDO T4336,T2096,0"/><instruction code="OR T2097,T4336,0"/><instruction code="SETL T4337,3"/><instruction code="INCML T4337,0"/><instruction code="INCMH T4337,0"/><instruction code="INCH T4337,0"/><instruction code="OR T2098,T4337,0"/><instruction code="MUL T4338,T2097,T2098"/><instruction code="OR T2099,T4338,0"/><instruction code="OR T2100,T26,0"/><instruction code="SETL T4339,96"/><instruction code="INCML T4339,0"/><instruction code="INCMH T4339,0"/><instruction code="INCH T4339,0"/><instruction code="NEG T4339,0,T4339"/><instruction code="OR T2101,T4339,0"/><instruction code="ADD T4340,T2100,T2101"/><instruction code="OR T2102,T4340,0"/><instruction code="LDO T4341,T2102,0"/><instruction code="OR T2103,T4341,0"/><instruction code="ADD T4342,T2099,T2103"/><instruction code="OR T2104,T4342,0"/><instruction code="SETL T4343,72"/><instruction code="INCML T4343,0"/><instruction code="INCMH T4343,0"/><instruction code="INCH T4343,0"/><instruction code="OR T2105,T4343,0"/><instruction code="MUL T4344,T2104,T2105"/><instruction code="OR T2106,T4344,0"/><instruction code="ADD T4345,T2093,T2106"/><instruction code="OR T2107,T4345,0"/><instruction code="OR T2108,T26,0"/><instruction code="SETL T4346,8"/><instruction code="INCML T4346,0"/><instruction code="INCMH T4346,0"/><instruction code="INCH T4346,0"/><instruction code="OR T2109,T4346,0"/><instruction code="ADD T4347,T2108,T2109"/><instruction code="OR T2110,T4347,0"/><instruction code="LDO T4348,T2110,0"/><instruction code="OR T2111,T4348,0"/><instruction code="SETL T4349,3"/><instruction code="INCML T4349,0"/><instruction code="INCMH T4349,0"/><instruction code="INCH T4349,0"/><instruction code="OR T2112,T4349,0"/><instruction code="MUL T4350,T2111,T2112"/><instruction code="OR T2113,T4350,0"/><instruction code="OR T2114,T26,0"/><instruction code="SETL T4351,88"/><instruction code="INCML T4351,0"/><instruction code="INCMH T4351,0"/><instruction code="INCH T4351,0"/><instruction code="NEG T4351,0,T4351"/><instruction code="OR T2115,T4351,0"/><instruction code="ADD T4352,T2114,T2115"/><instruction code="OR T2116,T4352,0"/><instruction code="LDO T4353,T2116,0"/><instruction code="OR T2117,T4353,0"/><instruction code="ADD T4354,T2113,T2117"/><instruction code="OR T2118,T4354,0"/><instruction code="SETL T4355,8"/><instruction code="INCML T4355,0"/><instruction code="INCMH T4355,0"/><instruction code="INCH T4355,0"/><instruction code="OR T2119,T4355,0"/><instruction code="MUL T4356,T2118,T2119"/><instruction code="OR T2120,T4356,0"/><instruction code="ADD T4357,T2107,T2120"/><instruction code="OR T2121,T4357,0"/><instruction code="LDO T4358,T2121,0"/><instruction code="OR T2122,T4358,0"/><instruction code="SETL T4359,8"/><instruction code="INCML T4359,0"/><instruction code="INCMH T4359,0"/><instruction code="INCH T4359,0"/><instruction code="OR T2123,T4359,0"/><instruction code="MUL T4360,T2122,T2123"/><instruction code="OR T2124,T4360,0"/><instruction code="ADD T4361,T2087,T2124"/><instruction code="OR T2125,T4361,0"/><instruction code="SETL T4362,1"/><instruction code="INCML T4362,0"/><instruction code="INCMH T4362,0"/><instruction code="INCH T4362,0"/><instruction code="OR T2127,T4362,0"/><instruction code="STO T2127,T2125,0"/><instruction code="L78"/><instruction code="L80"/><instruction code="OR T2128,T26,0"/><instruction code="SETL T4364,88"/><instruction code="INCML T4364,0"/><instruction code="INCMH T4364,0"/><instruction code="INCH T4364,0"/><instruction code="NEG T4364,0,T4364"/><instruction code="OR T2129,T4364,0"/><instruction code="ADD T4365,T2128,T2129"/><instruction code="OR T2130,T4365,0"/><instruction code="OR T2132,T26,0"/><instruction code="SETL T4366,88"/><instruction code="INCML T4366,0"/><instruction code="INCMH T4366,0"/><instruction code="INCH T4366,0"/><instruction code="NEG T4366,0,T4366"/><instruction code="OR T2133,T4366,0"/><instruction code="ADD T4367,T2132,T2133"/><instruction code="OR T2134,T4367,0"/><instruction code="LDO T4368,T2134,0"/><instruction code="OR T2135,T4368,0"/><instruction code="SETL T4369,1"/><instruction code="INCML T4369,0"/><instruction code="INCMH T4369,0"/><instruction code="INCH T4369,0"/><instruction code="OR T2136,T4369,0"/><instruction code="ADD T4370,T2135,T2136"/><instruction code="OR T2137,T4370,0"/><instruction code="STO T2137,T2130,0"/><instruction code="JMP L81"/><instruction code="L83"/><instruction code="OR T2138,T26,0"/><instruction code="SETL T4373,96"/><instruction code="INCML T4373,0"/><instruction code="INCMH T4373,0"/><instruction code="INCH T4373,0"/><instruction code="NEG T4373,0,T4373"/><instruction code="OR T2139,T4373,0"/><instruction code="ADD T4374,T2138,T2139"/><instruction code="OR T2140,T4374,0"/><instruction code="OR T2142,T26,0"/><instruction code="SETL T4375,96"/><instruction code="INCML T4375,0"/><instruction code="INCMH T4375,0"/><instruction code="INCH T4375,0"/><instruction code="NEG T4375,0,T4375"/><instruction code="OR T2143,T4375,0"/><instruction code="ADD T4376,T2142,T2143"/><instruction code="OR T2144,T4376,0"/><instruction code="LDO T4377,T2144,0"/><instruction code="OR T2145,T4377,0"/><instruction code="SETL T4378,1"/><instruction code="INCML T4378,0"/><instruction code="INCMH T4378,0"/><instruction code="INCH T4378,0"/><instruction code="OR T2146,T4378,0"/><instruction code="ADD T4379,T2145,T2146"/><instruction code="OR T2147,T4379,0"/><instruction code="STO T2147,T2140,0"/><instruction code="JMP L84"/><instruction code="L86"/><instruction code="OR T2148,T26,0"/><instruction code="SETL T4382,112"/><instruction code="INCML T4382,0"/><instruction code="INCMH T4382,0"/><instruction code="INCH T4382,0"/><instruction code="NEG T4382,0,T4382"/><instruction code="OR T2149,T4382,0"/><instruction code="ADD T4383,T2148,T2149"/><instruction code="OR T2150,T4383,0"/><instruction code="LDO T4384,T2150,0"/><instruction code="OR T2151,T4384,0"/><instruction code="OR T27,T2151,0"/><instruction code="JMP L150"/></instructions></code><code entrylabel="L158" exitlabel="L159" tempsize="0"><frame FP="T28" RV="T29" argssize="24" depth="2" label="L4" locssize="32" size="72"/><instructions><instruction code="L158"/><instruction code="OR T2152,T28,0"/><instruction code="SETL T4386,8"/><instruction code="INCML T4386,0"/><instruction code="INCMH T4386,0"/><instruction code="INCH T4386,0"/><instruction code="OR T2153,T4386,0"/><instruction code="ADD T4387,T2152,T2153"/><instruction code="OR T2154,T4387,0"/><instruction code="LDO T4388,T2154,0"/><instruction code="OR T2155,T4388,0"/><instruction code="OR T2156,T28,0"/><instruction code="SETL T4389,16"/><instruction code="INCML T4389,0"/><instruction code="INCMH T4389,0"/><instruction code="INCH T4389,0"/><instruction code="OR T2157,T4389,0"/><instruction code="ADD T4390,T2156,T2157"/><instruction code="OR T2158,T4390,0"/><instruction code="LDO T4391,T2158,0"/><instruction code="OR T2159,T4391,0"/><instruction code="CMP T4392,T2155,T2159"/><instruction code="ZSZ T4392,T4392,1"/><instruction code="OR T2160,T4392,0"/><instruction code="BNZ T2160,L103"/><instruction code="L151"/><instruction code="JMP L104"/><instruction code="L103"/><instruction code="SETL T4394,1"/><instruction code="INCML T4394,0"/><instruction code="INCMH T4394,0"/><instruction code="INCH T4394,0"/><instruction code="OR T2161,T4394,0"/><instruction code="BNZ T2161,L93"/><instruction code="L152"/><instruction code="JMP L94"/><instruction code="L93"/><instruction code="OR T2162,T28,0"/><instruction code="SETL T4396,16"/><instruction code="INCML T4396,0"/><instruction code="INCMH T4396,0"/><instruction code="INCH T4396,0"/><instruction code="NEG T4396,0,T4396"/><instruction code="OR T2163,T4396,0"/><instruction code="ADD T4397,T2162,T2163"/><instruction code="OR T2164,T4397,0"/><instruction code="SETL T4398,0"/><instruction code="INCML T4398,0"/><instruction code="INCMH T4398,0"/><instruction code="INCH T4398,0"/><instruction code="OR T2166,T4398,0"/><instruction code="STO T2166,T2164,0"/><instruction code="L90"/><instruction code="OR T2167,T28,0"/><instruction code="SETL T4400,16"/><instruction code="INCML T4400,0"/><instruction code="INCMH T4400,0"/><instruction code="INCH T4400,0"/><instruction code="NEG T4400,0,T4400"/><instruction code="OR T2168,T4400,0"/><instruction code="ADD T4401,T2167,T2168"/><instruction code="OR T2169,T4401,0"/><instruction code="LDO T4402,T2169,0"/><instruction code="OR T2170,T4402,0"/><instruction code="SETL T4403,9"/><instruction code="INCML T4403,0"/><instruction code="INCMH T4403,0"/><instruction code="INCH T4403,0"/><instruction code="OR T2171,T4403,0"/><instruction code="CMP T4404,T2170,T2171"/><instruction code="ZSN T4404,T4404,1"/><instruction code="OR T2172,T4404,0"/><instruction code="BNZ T2172,L91"/><instruction code="L153"/><instruction code="JMP L92"/><instruction code="L91"/><instruction code="OR T2173,T28,0"/><instruction code="SETL T4406,24"/><instruction code="INCML T4406,0"/><instruction code="INCMH T4406,0"/><instruction code="INCH T4406,0"/><instruction code="NEG T4406,0,T4406"/><instruction code="OR T2174,T4406,0"/><instruction code="ADD T4407,T2173,T2174"/><instruction code="OR T2175,T4407,0"/><instruction code="SETL T4408,0"/><instruction code="INCML T4408,0"/><instruction code="INCMH T4408,0"/><instruction code="INCH T4408,0"/><instruction code="OR T2177,T4408,0"/><instruction code="STO T2177,T2175,0"/><instruction code="L87"/><instruction code="OR T2178,T28,0"/><instruction code="SETL T4410,24"/><instruction code="INCML T4410,0"/><instruction code="INCMH T4410,0"/><instruction code="INCH T4410,0"/><instruction code="NEG T4410,0,T4410"/><instruction code="OR T2179,T4410,0"/><instruction code="ADD T4411,T2178,T2179"/><instruction code="OR T2180,T4411,0"/><instruction code="LDO T4412,T2180,0"/><instruction code="OR T2181,T4412,0"/><instruction code="SETL T4413,9"/><instruction code="INCML T4413,0"/><instruction code="INCMH T4413,0"/><instruction code="INCH T4413,0"/><instruction code="OR T2182,T4413,0"/><instruction code="CMP T4414,T2181,T2182"/><instruction code="ZSN T4414,T4414,1"/><instruction code="OR T2183,T4414,0"/><instruction code="BNZ T2183,L88"/><instruction code="L154"/><instruction code="JMP L89"/><instruction code="L88"/><instruction code="SETL T4416,0"/><instruction code="INCML T4416,0"/><instruction code="INCMH T4416,0"/><instruction code="INCH T4416,0"/><instruction code="OR T2184,T4416,0"/><instruction code="OR T2185,T28,0"/><instruction code="LDO T4417,T2185,0"/><instruction code="OR T2186,T4417,0"/><instruction code="SETL T4418,8"/><instruction code="INCML T4418,0"/><instruction code="INCMH T4418,0"/><instruction code="INCH T4418,0"/><instruction code="OR T2187,T4418,0"/><instruction code="ADD T4419,T2186,T2187"/><instruction code="OR T2188,T4419,0"/><instruction code="LDO T4420,T2188,0"/><instruction code="OR T2189,T4420,0"/><instruction code="LDO T4421,T2189,0"/><instruction code="OR T2190,T4421,0"/><instruction code="OR T2191,T28,0"/><instruction code="SETL T4422,16"/><instruction code="INCML T4422,0"/><instruction code="INCMH T4422,0"/><instruction code="INCH T4422,0"/><instruction code="NEG T4422,0,T4422"/><instruction code="OR T2192,T4422,0"/><instruction code="ADD T4423,T2191,T2192"/><instruction code="OR T2193,T4423,0"/><instruction code="LDO T4424,T2193,0"/><instruction code="OR T2194,T4424,0"/><instruction code="SETL T4425,72"/><instruction code="INCML T4425,0"/><instruction code="INCMH T4425,0"/><instruction code="INCH T4425,0"/><instruction code="OR T2195,T4425,0"/><instruction code="MUL T4426,T2194,T2195"/><instruction code="OR T2196,T4426,0"/><instruction code="ADD T4427,T2190,T2196"/><instruction code="OR T2197,T4427,0"/><instruction code="OR T2198,T28,0"/><instruction code="SETL T4428,24"/><instruction code="INCML T4428,0"/><instruction code="INCMH T4428,0"/><instruction code="INCH T4428,0"/><instruction code="NEG T4428,0,T4428"/><instruction code="OR T2199,T4428,0"/><instruction code="ADD T4429,T2198,T2199"/><instruction code="OR T2200,T4429,0"/><instruction code="LDO T4430,T2200,0"/><instruction code="OR T2201,T4430,0"/><instruction code="SETL T4431,8"/><instruction code="INCML T4431,0"/><instruction code="INCMH T4431,0"/><instruction code="INCH T4431,0"/><instruction code="OR T2202,T4431,0"/><instruction code="MUL T4432,T2201,T2202"/><instruction code="OR T2203,T4432,0"/><instruction code="ADD T4433,T2197,T2203"/><instruction code="OR T2204,T4433,0"/><instruction code="LDO T4434,T2204,0"/><instruction code="OR T2205,T4434,0"/><instruction code="STO T2184,$254,0"/><instruction code="STO T2205,$254,8"/><instruction code="PUSHJ $8,_putInt"/><instruction code="LDO T4436,$254,0"/><instruction code="OR T2206,T4436,0"/><instruction code="SETL T4437,0"/><instruction code="INCML T4437,0"/><instruction code="INCMH T4437,0"/><instruction code="INCH T4437,0"/><instruction code="OR T2207,T4437,0"/><instruction code="SETL T4438,32"/><instruction code="INCML T4438,0"/><instruction code="INCMH T4438,0"/><instruction code="INCH T4438,0"/><instruction code="OR T2208,T4438,0"/><instruction code="STO T2207,$254,0"/><instruction code="STO T2208,$254,8"/><instruction code="PUSHJ $8,_putChar"/><instruction code="LDO T4440,$254,0"/><instruction code="OR T2209,T4440,0"/><instruction code="OR T2210,T28,0"/><instruction code="SETL T4441,24"/><instruction code="INCML T4441,0"/><instruction code="INCMH T4441,0"/><instruction code="INCH T4441,0"/><instruction code="NEG T4441,0,T4441"/><instruction code="OR T2211,T4441,0"/><instruction code="ADD T4442,T2210,T2211"/><instruction code="OR T2212,T4442,0"/><instruction code="OR T2214,T28,0"/><instruction code="SETL T4443,24"/><instruction code="INCML T4443,0"/><instruction code="INCMH T4443,0"/><instruction code="INCH T4443,0"/><instruction code="NEG T4443,0,T4443"/><instruction code="OR T2215,T4443,0"/><instruction code="ADD T4444,T2214,T2215"/><instruction code="OR T2216,T4444,0"/><instruction code="LDO T4445,T2216,0"/><instruction code="OR T2217,T4445,0"/><instruction code="SETL T4446,1"/><instruction code="INCML T4446,0"/><instruction code="INCMH T4446,0"/><instruction code="INCH T4446,0"/><instruction code="OR T2218,T4446,0"/><instruction code="ADD T4447,T2217,T2218"/><instruction code="OR T2219,T4447,0"/><instruction code="STO T2219,T2212,0"/><instruction code="JMP L87"/><instruction code="L89"/><instruction code="SETL T4450,0"/><instruction code="INCML T4450,0"/><instruction code="INCMH T4450,0"/><instruction code="INCH T4450,0"/><instruction code="OR T2220,T4450,0"/><instruction code="SETL T4451,10"/><instruction code="INCML T4451,0"/><instruction code="INCMH T4451,0"/><instruction code="INCH T4451,0"/><instruction code="OR T2221,T4451,0"/><instruction code="SETL T4452,256"/><instruction code="INCML T4452,0"/><instruction code="INCMH T4452,0"/><instruction code="INCH T4452,0"/><instruction code="OR T2222,T4452,0"/><instruction code="DIV T4453,T2221,T2222"/><instruction code="GET T4453,rR"/><instruction code="OR T2223,T4453,0"/><instruction code="STO T2220,$254,0"/><instruction code="STO T2223,$254,8"/><instruction code="PUSHJ $8,_putChar"/><instruction code="LDO T4455,$254,0"/><instruction code="OR T2224,T4455,0"/><instruction code="OR T2225,T28,0"/><instruction code="SETL T4456,16"/><instruction code="INCML T4456,0"/><instruction code="INCMH T4456,0"/><instruction code="INCH T4456,0"/><instruction code="NEG T4456,0,T4456"/><instruction code="OR T2226,T4456,0"/><instruction code="ADD T4457,T2225,T2226"/><instruction code="OR T2227,T4457,0"/><instruction code="OR T2229,T28,0"/><instruction code="SETL T4458,16"/><instruction code="INCML T4458,0"/><instruction code="INCMH T4458,0"/><instruction code="INCH T4458,0"/><instruction code="NEG T4458,0,T4458"/><instruction code="OR T2230,T4458,0"/><instruction code="ADD T4459,T2229,T2230"/><instruction code="OR T2231,T4459,0"/><instruction code="LDO T4460,T2231,0"/><instruction code="OR T2232,T4460,0"/><instruction code="SETL T4461,1"/><instruction code="INCML T4461,0"/><instruction code="INCMH T4461,0"/><instruction code="INCH T4461,0"/><instruction code="OR T2233,T4461,0"/><instruction code="ADD T4462,T2232,T2233"/><instruction code="OR T2234,T4462,0"/><instruction code="STO T2234,T2227,0"/><instruction code="JMP L90"/><instruction code="L92"/><instruction code="SETL T4465,0"/><instruction code="INCML T4465,0"/><instruction code="INCMH T4465,0"/><instruction code="INCH T4465,0"/><instruction code="OR T2235,T4465,0"/><instruction code="SETL T4466,10"/><instruction code="INCML T4466,0"/><instruction code="INCMH T4466,0"/><instruction code="INCH T4466,0"/><instruction code="OR T2236,T4466,0"/><instruction code="SETL T4467,256"/><instruction code="INCML T4467,0"/><instruction code="INCMH T4467,0"/><instruction code="INCH T4467,0"/><instruction code="OR T2237,T4467,0"/><instruction code="DIV T4468,T2236,T2237"/><instruction code="GET T4468,rR"/><instruction code="OR T2238,T4468,0"/><instruction code="STO T2235,$254,0"/><instruction code="STO T2238,$254,8"/><instruction code="PUSHJ $8,_putChar"/><instruction code="LDO T4470,$254,0"/><instruction code="OR T2239,T4470,0"/><instruction code="L94"/><instruction code="SETL T4471,0"/><instruction code="INCML T4471,0"/><instruction code="INCMH T4471,0"/><instruction code="INCH T4471,0"/><instruction code="OR T2240,T4471,0"/><instruction code="OR T2241,T2240,0"/><instruction code="OR T2242,T28,0"/><instruction code="SETL T4472,8"/><instruction code="INCML T4472,0"/><instruction code="INCMH T4472,0"/><instruction code="INCH T4472,0"/><instruction code="NEG T4472,0,T4472"/><instruction code="OR T2243,T4472,0"/><instruction code="ADD T4473,T2242,T2243"/><instruction code="OR T2244,T4473,0"/><instruction code="SETL T4474,1"/><instruction code="INCML T4474,0"/><instruction code="INCMH T4474,0"/><instruction code="INCH T4474,0"/><instruction code="OR T2246,T4474,0"/><instruction code="STO T2246,T2244,0"/><instruction code="JMP L105"/><instruction code="L104"/><instruction code="OR T2247,T28,0"/><instruction code="LDO T4477,T2247,0"/><instruction code="OR T2248,T4477,0"/><instruction code="SETL T4478,8"/><instruction code="INCML T4478,0"/><instruction code="INCMH T4478,0"/><instruction code="INCH T4478,0"/><instruction code="NEG T4478,0,T4478"/><instruction code="OR T2249,T4478,0"/><instruction code="ADD T4479,T2248,T2249"/><instruction code="OR T2250,T4479,0"/><instruction code="LDO T4480,T2250,0"/><instruction code="OR T2251,T4480,0"/><instruction code="LDO T4481,T2251,0"/><instruction code="OR T2252,T4481,0"/><instruction code="OR T2253,T28,0"/><instruction code="SETL T4482,8"/><instruction code="INCML T4482,0"/><instruction code="INCMH T4482,0"/><instruction code="INCH T4482,0"/><instruction code="OR T2254,T4482,0"/><instruction code="ADD T4483,T2253,T2254"/><instruction code="OR T2255,T4483,0"/><instruction code="LDO T4484,T2255,0"/><instruction code="OR T2256,T4484,0"/><instruction code="SETL T4485,8"/><instruction code="INCML T4485,0"/><instruction code="INCMH T4485,0"/><instruction code="INCH T4485,0"/><instruction code="OR T2257,T4485,0"/><instruction code="MUL T4486,T2256,T2257"/><instruction code="OR T2258,T4486,0"/><instruction code="ADD T4487,T2252,T2258"/><instruction code="OR T2259,T4487,0"/><instruction code="LDO T4488,T2259,0"/><instruction code="OR T2260,T4488,0"/><instruction code="SETL T4489,0"/><instruction code="INCML T4489,0"/><instruction code="INCMH T4489,0"/><instruction code="INCH T4489,0"/><instruction code="OR T2261,T4489,0"/><instruction code="CMP T4490,T2260,T2261"/><instruction code="ZSNZ T4490,T4490,1"/><instruction code="OR T2262,T4490,0"/><instruction code="BNZ T2262,L100"/><instruction code="L155"/><instruction code="JMP L101"/><instruction code="L100"/><instruction code="OR T2263,T28,0"/><instruction code="SETL T4492,8"/><instruction code="INCML T4492,0"/><instruction code="INCMH T4492,0"/><instruction code="INCH T4492,0"/><instruction code="NEG T4492,0,T4492"/><instruction code="OR T2264,T4492,0"/><instruction code="ADD T4493,T2263,T2264"/><instruction code="OR T2265,T4493,0"/><instruction code="LDO T4494,T28,0"/><instruction code="OR T2267,T4494,0"/><instruction code="OR T2268,T28,0"/><instruction code="SETL T4495,8"/><instruction code="INCML T4495,0"/><instruction code="INCMH T4495,0"/><instruction code="INCH T4495,0"/><instruction code="OR T2269,T4495,0"/><instruction code="ADD T4496,T2268,T2269"/><instruction code="OR T2270,T4496,0"/><instruction code="LDO T4497,T2270,0"/><instruction code="OR T2271,T4497,0"/><instruction code="SETL T4498,1"/><instruction code="INCML T4498,0"/><instruction code="INCMH T4498,0"/><instruction code="INCH T4498,0"/><instruction code="OR T2272,T4498,0"/><instruction code="ADD T4499,T2271,T2272"/><instruction code="OR T2273,T4499,0"/><instruction code="OR T2274,T28,0"/><instruction code="SETL T4500,16"/><instruction code="INCML T4500,0"/><instruction code="INCMH T4500,0"/><instruction code="INCH T4500,0"/><instruction code="OR T2275,T4500,0"/><instruction code="ADD T4501,T2274,T2275"/><instruction code="OR T2276,T4501,0"/><instruction code="LDO T4502,T2276,0"/><instruction code="OR T2277,T4502,0"/><instruction code="STO T2267,$254,0"/><instruction code="STO T2273,$254,8"/><instruction code="STO T2277,$254,16"/><instruction code="PUSHJ $8,L4"/><instruction code="LDO T4504,$254,0"/><instruction code="OR T2278,T4504,0"/><instruction code="STO T2278,T2265,0"/><instruction code="JMP L102"/><instruction code="L101"/><instruction code="OR T2279,T28,0"/><instruction code="SETL T4507,8"/><instruction code="INCML T4507,0"/><instruction code="INCMH T4507,0"/><instruction code="INCH T4507,0"/><instruction code="NEG T4507,0,T4507"/><instruction code="OR T2280,T4507,0"/><instruction code="ADD T4508,T2279,T2280"/><instruction code="OR T2281,T4508,0"/><instruction code="SETL T4509,0"/><instruction code="INCML T4509,0"/><instruction code="INCMH T4509,0"/><instruction code="INCH T4509,0"/><instruction code="OR T2283,T4509,0"/><instruction code="STO T2283,T2281,0"/><instruction code="OR T2284,T28,0"/><instruction code="SETL T4511,32"/><instruction code="INCML T4511,0"/><instruction code="INCMH T4511,0"/><instruction code="INCH T4511,0"/><instruction code="NEG T4511,0,T4511"/><instruction code="OR T2285,T4511,0"/><instruction code="ADD T4512,T2284,T2285"/><instruction code="OR T2286,T4512,0"/><instruction code="SETL T4513,1"/><instruction code="INCML T4513,0"/><instruction code="INCMH T4513,0"/><instruction code="INCH T4513,0"/><instruction code="OR T2288,T4513,0"/><instruction code="STO T2288,T2286,0"/><instruction code="L97"/><instruction code="OR T2289,T28,0"/><instruction code="SETL T4515,32"/><instruction code="INCML T4515,0"/><instruction code="INCMH T4515,0"/><instruction code="INCH T4515,0"/><instruction code="NEG T4515,0,T4515"/><instruction code="OR T2290,T4515,0"/><instruction code="ADD T4516,T2289,T2290"/><instruction code="OR T2291,T4516,0"/><instruction code="LDO T4517,T2291,0"/><instruction code="OR T2292,T4517,0"/><instruction code="SETL T4518,9"/><instruction code="INCML T4518,0"/><instruction code="INCMH T4518,0"/><instruction code="INCH T4518,0"/><instruction code="OR T2293,T4518,0"/><instruction code="CMP T4519,T2292,T2293"/><instruction code="ZSNP T4519,T4519,1"/><instruction code="OR T2294,T4519,0"/><instruction code="BNZ T2294,L98"/><instruction code="L156"/><instruction code="JMP L99"/><instruction code="L98"/><instruction code="OR T2295,T28,0"/><instruction code="LDO T4521,T2295,0"/><instruction code="OR T2296,T4521,0"/><instruction code="SETL T4522,8"/><instruction code="INCML T4522,0"/><instruction code="INCMH T4522,0"/><instruction code="INCH T4522,0"/><instruction code="NEG T4522,0,T4522"/><instruction code="OR T2297,T4522,0"/><instruction code="ADD T4523,T2296,T2297"/><instruction code="OR T2298,T4523,0"/><instruction code="LDO T4524,T2298,0"/><instruction code="OR T2299,T4524,0"/><instruction code="LDO T4525,T2299,0"/><instruction code="OR T2300,T4525,0"/><instruction code="OR T2301,T28,0"/><instruction code="SETL T4526,8"/><instruction code="INCML T4526,0"/><instruction code="INCMH T4526,0"/><instruction code="INCH T4526,0"/><instruction code="OR T2302,T4526,0"/><instruction code="ADD T4527,T2301,T2302"/><instruction code="OR T2303,T4527,0"/><instruction code="LDO T4528,T2303,0"/><instruction code="OR T2304,T4528,0"/><instruction code="SETL T4529,8"/><instruction code="INCML T4529,0"/><instruction code="INCMH T4529,0"/><instruction code="INCH T4529,0"/><instruction code="OR T2305,T4529,0"/><instruction code="MUL T4530,T2304,T2305"/><instruction code="OR T2306,T4530,0"/><instruction code="ADD T4531,T2300,T2306"/><instruction code="OR T2307,T4531,0"/><instruction code="OR T2309,T28,0"/><instruction code="SETL T4532,32"/><instruction code="INCML T4532,0"/><instruction code="INCMH T4532,0"/><instruction code="INCH T4532,0"/><instruction code="NEG T4532,0,T4532"/><instruction code="OR T2310,T4532,0"/><instruction code="ADD T4533,T2309,T2310"/><instruction code="OR T2311,T4533,0"/><instruction code="LDO T4534,T2311,0"/><instruction code="OR T2312,T4534,0"/><instruction code="STO T2312,T2307,0"/><instruction code="LDO T4536,T28,0"/><instruction code="OR T2313,T4536,0"/><instruction code="OR T2314,T28,0"/><instruction code="SETL T4537,8"/><instruction code="INCML T4537,0"/><instruction code="INCMH T4537,0"/><instruction code="INCH T4537,0"/><instruction code="OR T2315,T4537,0"/><instruction code="ADD T4538,T2314,T2315"/><instruction code="OR T2316,T4538,0"/><instruction code="LDO T4539,T2316,0"/><instruction code="OR T2317,T4539,0"/><instruction code="SETL T4540,9"/><instruction code="INCML T4540,0"/><instruction code="INCMH T4540,0"/><instruction code="INCH T4540,0"/><instruction code="OR T2318,T4540,0"/><instruction code="DIV T4541,T2317,T2318"/><instruction code="OR T2319,T4541,0"/><instruction code="STO T2313,$254,0"/><instruction code="STO T2319,$254,8"/><instruction code="PUSHJ $8,L1"/><instruction code="LDO T4543,$254,0"/><instruction code="OR T2320,T4543,0"/><instruction code="LDO T4544,T28,0"/><instruction code="OR T2321,T4544,0"/><instruction code="OR T2322,T28,0"/><instruction code="SETL T4545,8"/><instruction code="INCML T4545,0"/><instruction code="INCMH T4545,0"/><instruction code="INCH T4545,0"/><instruction code="OR T2323,T4545,0"/><instruction code="ADD T4546,T2322,T2323"/><instruction code="OR T2324,T4546,0"/><instruction code="LDO T4547,T2324,0"/><instruction code="OR T2325,T4547,0"/><instruction code="SETL T4548,9"/><instruction code="INCML T4548,0"/><instruction code="INCMH T4548,0"/><instruction code="INCH T4548,0"/><instruction code="OR T2326,T4548,0"/><instruction code="DIV T4549,T2325,T2326"/><instruction code="GET T4549,rR"/><instruction code="OR T2327,T4549,0"/><instruction code="STO T2321,$254,0"/><instruction code="STO T2327,$254,8"/><instruction code="PUSHJ $8,L2"/><instruction code="LDO T4551,$254,0"/><instruction code="OR T2328,T4551,0"/><instruction code="AND T4552,T2320,T2328"/><instruction code="OR T2329,T4552,0"/><instruction code="LDO T4553,T28,0"/><instruction code="OR T2330,T4553,0"/><instruction code="OR T2331,T28,0"/><instruction code="SETL T4554,8"/><instruction code="INCML T4554,0"/><instruction code="INCMH T4554,0"/><instruction code="INCH T4554,0"/><instruction code="OR T2332,T4554,0"/><instruction code="ADD T4555,T2331,T2332"/><instruction code="OR T2333,T4555,0"/><instruction code="LDO T4556,T2333,0"/><instruction code="OR T2334,T4556,0"/><instruction code="SETL T4557,9"/><instruction code="INCML T4557,0"/><instruction code="INCMH T4557,0"/><instruction code="INCH T4557,0"/><instruction code="OR T2335,T4557,0"/><instruction code="DIV T4558,T2334,T2335"/><instruction code="OR T2336,T4558,0"/><instruction code="SETL T4559,3"/><instruction code="INCML T4559,0"/><instruction code="INCMH T4559,0"/><instruction code="INCH T4559,0"/><instruction code="OR T2337,T4559,0"/><instruction code="DIV T4560,T2336,T2337"/><instruction code="OR T2338,T4560,0"/><instruction code="OR T2339,T28,0"/><instruction code="SETL T4561,8"/><instruction code="INCML T4561,0"/><instruction code="INCMH T4561,0"/><instruction code="INCH T4561,0"/><instruction code="OR T2340,T4561,0"/><instruction code="ADD T4562,T2339,T2340"/><instruction code="OR T2341,T4562,0"/><instruction code="LDO T4563,T2341,0"/><instruction code="OR T2342,T4563,0"/><instruction code="SETL T4564,9"/><instruction code="INCML T4564,0"/><instruction code="INCMH T4564,0"/><instruction code="INCH T4564,0"/><instruction code="OR T2343,T4564,0"/><instruction code="DIV T4565,T2342,T2343"/><instruction code="GET T4565,rR"/><instruction code="OR T2344,T4565,0"/><instruction code="SETL T4566,3"/><instruction code="INCML T4566,0"/><instruction code="INCMH T4566,0"/><instruction code="INCH T4566,0"/><instruction code="OR T2345,T4566,0"/><instruction code="DIV T4567,T2344,T2345"/><instruction code="OR T2346,T4567,0"/><instruction code="STO T2330,$254,0"/><instruction code="STO T2338,$254,8"/><instruction code="STO T2346,$254,16"/><instruction code="PUSHJ $8,L3"/><instruction code="LDO T4569,$254,0"/><instruction code="OR T2347,T4569,0"/><instruction code="AND T4570,T2329,T2347"/><instruction code="OR T2348,T4570,0"/><instruction code="BNZ T2348,L95"/><instruction code="L157"/><instruction code="JMP L96"/><instruction code="L95"/><instruction code="OR T2349,T28,0"/><instruction code="SETL T4572,8"/><instruction code="INCML T4572,0"/><instruction code="INCMH T4572,0"/><instruction code="INCH T4572,0"/><instruction code="NEG T4572,0,T4572"/><instruction code="OR T2350,T4572,0"/><instruction code="ADD T4573,T2349,T2350"/><instruction code="OR T2351,T4573,0"/><instruction code="OR T2353,T28,0"/><instruction code="SETL T4574,8"/><instruction code="INCML T4574,0"/><instruction code="INCMH T4574,0"/><instruction code="INCH T4574,0"/><instruction code="NEG T4574,0,T4574"/><instruction code="OR T2354,T4574,0"/><instruction code="ADD T4575,T2353,T2354"/><instruction code="OR T2355,T4575,0"/><instruction code="LDO T4576,T2355,0"/><instruction code="OR T2356,T4576,0"/><instruction code="LDO T4577,T28,0"/><instruction code="OR T2357,T4577,0"/><instruction code="OR T2358,T28,0"/><instruction code="SETL T4578,8"/><instruction code="INCML T4578,0"/><instruction code="INCMH T4578,0"/><instruction code="INCH T4578,0"/><instruction code="OR T2359,T4578,0"/><instruction code="ADD T4579,T2358,T2359"/><instruction code="OR T2360,T4579,0"/><instruction code="LDO T4580,T2360,0"/><instruction code="OR T2361,T4580,0"/><instruction code="SETL T4581,1"/><instruction code="INCML T4581,0"/><instruction code="INCMH T4581,0"/><instruction code="INCH T4581,0"/><instruction code="OR T2362,T4581,0"/><instruction code="ADD T4582,T2361,T2362"/><instruction code="OR T2363,T4582,0"/><instruction code="OR T2364,T28,0"/><instruction code="SETL T4583,16"/><instruction code="INCML T4583,0"/><instruction code="INCMH T4583,0"/><instruction code="INCH T4583,0"/><instruction code="OR T2365,T4583,0"/><instruction code="ADD T4584,T2364,T2365"/><instruction code="OR T2366,T4584,0"/><instruction code="LDO T4585,T2366,0"/><instruction code="OR T2367,T4585,0"/><instruction code="STO T2357,$254,0"/><instruction code="STO T2363,$254,8"/><instruction code="STO T2367,$254,16"/><instruction code="PUSHJ $8,L4"/><instruction code="LDO T4587,$254,0"/><instruction code="OR T2368,T4587,0"/><instruction code="ADD T4588,T2356,T2368"/><instruction code="OR T2369,T4588,0"/><instruction code="STO T2369,T2351,0"/><instruction code="L96"/><instruction code="OR T2370,T28,0"/><instruction code="LDO T4590,T2370,0"/><instruction code="OR T2371,T4590,0"/><instruction code="SETL T4591,8"/><instruction code="INCML T4591,0"/><instruction code="INCMH T4591,0"/><instruction code="INCH T4591,0"/><instruction code="NEG T4591,0,T4591"/><instruction code="OR T2372,T4591,0"/><instruction code="ADD T4592,T2371,T2372"/><instruction code="OR T2373,T4592,0"/><instruction code="LDO T4593,T2373,0"/><instruction code="OR T2374,T4593,0"/><instruction code="LDO T4594,T2374,0"/><instruction code="OR T2375,T4594,0"/><instruction code="OR T2376,T28,0"/><instruction code="SETL T4595,8"/><instruction code="INCML T4595,0"/><instruction code="INCMH T4595,0"/><instruction code="INCH T4595,0"/><instruction code="OR T2377,T4595,0"/><instruction code="ADD T4596,T2376,T2377"/><instruction code="OR T2378,T4596,0"/><instruction code="LDO T4597,T2378,0"/><instruction code="OR T2379,T4597,0"/><instruction code="SETL T4598,8"/><instruction code="INCML T4598,0"/><instruction code="INCMH T4598,0"/><instruction code="INCH T4598,0"/><instruction code="OR T2380,T4598,0"/><instruction code="MUL T4599,T2379,T2380"/><instruction code="OR T2381,T4599,0"/><instruction code="ADD T4600,T2375,T2381"/><instruction code="OR T2382,T4600,0"/><instruction code="SETL T4601,0"/><instruction code="INCML T4601,0"/><instruction code="INCMH T4601,0"/><instruction code="INCH T4601,0"/><instruction code="OR T2384,T4601,0"/><instruction code="STO T2384,T2382,0"/><instruction code="OR T2385,T28,0"/><instruction code="SETL T4603,32"/><instruction code="INCML T4603,0"/><instruction code="INCMH T4603,0"/><instruction code="INCH T4603,0"/><instruction code="NEG T4603,0,T4603"/><instruction code="OR T2386,T4603,0"/><instruction code="ADD T4604,T2385,T2386"/><instruction code="OR T2387,T4604,0"/><instruction code="OR T2389,T28,0"/><instruction code="SETL T4605,32"/><instruction code="INCML T4605,0"/><instruction code="INCMH T4605,0"/><instruction code="INCH T4605,0"/><instruction code="NEG T4605,0,T4605"/><instruction code="OR T2390,T4605,0"/><instruction code="ADD T4606,T2389,T2390"/><instruction code="OR T2391,T4606,0"/><instruction code="LDO T4607,T2391,0"/><instruction code="OR T2392,T4607,0"/><instruction code="SETL T4608,1"/><instruction code="INCML T4608,0"/><instruction code="INCMH T4608,0"/><instruction code="INCH T4608,0"/><instruction code="OR T2393,T4608,0"/><instruction code="ADD T4609,T2392,T2393"/><instruction code="OR T2394,T4609,0"/><instruction code="STO T2394,T2387,0"/><instruction code="JMP L97"/><instruction code="L99"/><instruction code="SETL T4612,0"/><instruction code="INCML T4612,0"/><instruction code="INCMH T4612,0"/><instruction code="INCH T4612,0"/><instruction code="OR T2395,T4612,0"/><instruction code="OR T2396,T2395,0"/><instruction code="L102"/><instruction code="L105"/><instruction code="OR T2397,T28,0"/><instruction code="SETL T4613,8"/><instruction code="INCML T4613,0"/><instruction code="INCMH T4613,0"/><instruction code="INCH T4613,0"/><instruction code="NEG T4613,0,T4613"/><instruction code="OR T2398,T4613,0"/><instruction code="ADD T4614,T2397,T2398"/><instruction code="OR T2399,T4614,0"/><instruction code="LDO T4615,T2399,0"/><instruction code="OR T2400,T4615,0"/><instruction code="OR T29,T2400,0"/><instruction code="JMP L159"/></instructions></code><code entrylabel="L160" exitlabel="L161" tempsize="0"><frame FP="T20" RV="T21" argssize="24" depth="1" label="_sudoku" locssize="8" size="48"/><instructions><instruction code="L160"/><instruction code="OR T2401,T20,0"/><instruction code="SETL T4617,8"/><instruction code="INCML T4617,0"/><instruction code="INCMH T4617,0"/><instruction code="INCH T4617,0"/><instruction code="NEG T4617,0,T4617"/><instruction code="OR T2402,T4617,0"/><instruction code="ADD T4618,T2401,T2402"/><instruction code="OR T2403,T4618,0"/><instruction code="OR T2405,T20,0"/><instruction code="SETL T4619,8"/><instruction code="INCML T4619,0"/><instruction code="INCMH T4619,0"/><instruction code="INCH T4619,0"/><instruction code="OR T2406,T4619,0"/><instruction code="ADD T4620,T2405,T2406"/><instruction code="OR T2407,T4620,0"/><instruction code="LDO T4621,T2407,0"/><instruction code="OR T2408,T4621,0"/><instruction code="STO T2408,T2403,0"/><instruction code="OR T2409,T20,0"/><instruction code="SETL T4623,0"/><instruction code="INCML T4623,0"/><instruction code="INCMH T4623,0"/><instruction code="INCH T4623,0"/><instruction code="OR T2410,T4623,0"/><instruction code="SETL T4624,81"/><instruction code="INCML T4624,0"/><instruction code="INCMH T4624,0"/><instruction code="INCH T4624,0"/><instruction code="OR T2411,T4624,0"/><instruction code="STO T2409,$254,0"/><instruction code="STO T2410,$254,8"/><instruction code="STO T2411,$254,16"/><instruction code="PUSHJ $8,L4"/><instruction code="LDO T4626,$254,0"/><instruction code="OR T2412,T4626,0"/><instruction code="OR T21,T2412,0"/><instruction code="JMP L161"/></instructions></code></asmgen>