<?xml version="1.0" encoding="UTF-8" standalone="no"?><?xml-stylesheet type="text/xsl" href="../../data/asmgen.xsl"?><asmgen><code entrylabel="L2" exitlabel="L3" tempsize="0"><frame FP="T0" RV="T1" argssize="0" depth="1" label="_main" locssize="0" size="16"/><instructions><instruction code="L2"/><instruction code="SETL  T60, 0"/><instruction code="INCML T60, 0"/><instruction code="INCMH T60, 0"/><instruction code="INCH  T60, 0"/><instruction code="OR T10, T60, 0"/><instruction code="LDA T61, _x"/><instruction code="STO T61, T10, 0"/><instruction code="SETL  T63, 2"/><instruction code="INCML T63, 0"/><instruction code="INCMH T63, 0"/><instruction code="INCH  T63, 0"/><instruction code="OR T11, T63, 0"/><instruction code="LDA T64, _ptu"/><instruction code="SETL  T65, 0"/><instruction code="INCML T65, 0"/><instruction code="INCMH T65, 0"/><instruction code="INCH  T65, 0"/><instruction code="ADD T66, T64, T65"/><instruction code="STO T66, T11, 0"/><instruction code="LDA T68, _x"/><instruction code="OR T12, T68, 0"/><instruction code="OR T13, T12, 0"/><instruction code="LDA T70, _ptu"/><instruction code="OR T14, T70, 0"/><instruction code="SETL  T71, 0"/><instruction code="INCML T71, 0"/><instruction code="INCMH T71, 0"/><instruction code="INCH  T71, 0"/><instruction code="OR T15, T71, 0"/><instruction code="ADD T72, T14, T15"/><instruction code="OR T16, T72, 0"/><instruction code="OR T17, T16, 0"/><instruction code="MUL T74, T13, T17"/><instruction code="OR T18, T74, 0"/><instruction code="SETL  T75, 99"/><instruction code="INCML T75, 0"/><instruction code="INCMH T75, 0"/><instruction code="INCH  T75, 0"/><instruction code="OR T19, T75, 0"/><instruction code="ADD T76, T18, T19"/><instruction code="OR T20, T76, 0"/><instruction code="SETL  T77, 97"/><instruction code="INCML T77, 0"/><instruction code="INCMH T77, 0"/><instruction code="INCH  T77, 0"/><instruction code="OR T21, T77, 0"/><instruction code="SUB T78, T20, T21"/><instruction code="OR T22, T78, 0"/><instruction code="LDA T79, _ptv"/><instruction code="SETL  T80, 8"/><instruction code="INCML T80, 0"/><instruction code="INCMH T80, 0"/><instruction code="INCH  T80, 0"/><instruction code="ADD T81, T79, T80"/><instruction code="STO T81, T22, 0"/><instruction code="LDA T83, _ptv"/><instruction code="OR T23, T83, 0"/><instruction code="SETL  T84, 8"/><instruction code="INCML T84, 0"/><instruction code="INCMH T84, 0"/><instruction code="INCH  T84, 0"/><instruction code="OR T24, T84, 0"/><instruction code="ADD T85, T23, T24"/><instruction code="OR T25, T85, 0"/><instruction code="OR T26, T25, 0"/><instruction code="SETL  T87, 17"/><instruction code="INCML T87, 0"/><instruction code="INCMH T87, 0"/><instruction code="INCH  T87, 0"/><instruction code="OR T27, T87, 0"/><instruction code="ADD T88, T26, T27"/><instruction code="OR T28, T88, 0"/><instruction code="LDA T89, _ptt"/><instruction code="SETL  T90, 0"/><instruction code="INCML T90, 0"/><instruction code="INCMH T90, 0"/><instruction code="INCH  T90, 0"/><instruction code="ADD T91, T89, T90"/><instruction code="SETL  T92, 8"/><instruction code="INCML T92, 0"/><instruction code="INCMH T92, 0"/><instruction code="INCH  T92, 0"/><instruction code="ADD T93, T91, T92"/><instruction code="STO T93, T28, 0"/><instruction code="LDA T95, _ptt"/><instruction code="OR T29, T95, 0"/><instruction code="SETL  T96, 0"/><instruction code="INCML T96, 0"/><instruction code="INCMH T96, 0"/><instruction code="INCH  T96, 0"/><instruction code="OR T30, T96, 0"/><instruction code="ADD T97, T29, T30"/><instruction code="OR T31, T97, 0"/><instruction code="SETL  T98, 8"/><instruction code="INCML T98, 0"/><instruction code="INCMH T98, 0"/><instruction code="INCH  T98, 0"/><instruction code="OR T32, T98, 0"/><instruction code="ADD T99, T31, T32"/><instruction code="OR T33, T99, 0"/><instruction code="OR T34, T33, 0"/><instruction code="OR T35, T34, 0"/><instruction code="SETL  T101, 3"/><instruction code="INCML T101, 0"/><instruction code="INCMH T101, 0"/><instruction code="INCH  T101, 0"/><instruction code="OR T36, T101, 0"/><instruction code="ADD T102, T35, T36"/><instruction code="OR T1, T102, 0"/><instruction code="LDA T103, L3"/><instruction code="GO T103, T103, 0"/></instructions></code><code entrylabel="L4" exitlabel="L5" tempsize="0"><frame FP="T4" RV="T5" argssize="0" depth="2" label="L0" locssize="0" size="16"/><instructions><instruction code="L4"/><instruction code="SETL  T104, 3"/><instruction code="INCML T104, 0"/><instruction code="INCMH T104, 0"/><instruction code="INCH  T104, 0"/><instruction code="OR T5, T104, 0"/><instruction code="LDA T105, L5"/><instruction code="GO T105, T105, 0"/></instructions></code><code entrylabel="L6" exitlabel="L7" tempsize="0"><frame FP="T6" RV="T7" argssize="0" depth="2" label="L1" locssize="0" size="16"/><instructions><instruction code="L6"/><instruction code="SETL  T106, 3"/><instruction code="INCML T106, 0"/><instruction code="INCMH T106, 0"/><instruction code="INCH  T106, 0"/><instruction code="OR T37, T106, 0"/><instruction code="SETL  T107, 1"/><instruction code="INCML T107, 0"/><instruction code="INCMH T107, 0"/><instruction code="INCH  T107, 0"/><instruction code="OR T38, T107, 0"/><instruction code="SETL  T108, 1"/><instruction code="INCML T108, 0"/><instruction code="INCMH T108, 0"/><instruction code="INCH  T108, 0"/><instruction code="OR T39, T108, 0"/><instruction code="SETL  T110, 8"/><instruction code="INCML T110, 0"/><instruction code="INCMH T110, 0"/><instruction code="INCH  T110, 0"/><instruction code="ADD T111, T6, T110"/><instruction code="STO T111, T39, 0"/><instruction code="OR T40, T6, 0"/><instruction code="OR T41, T40, 0"/><instruction code="SETL  T114, 8"/><instruction code="INCML T114, 0"/><instruction code="INCMH T114, 0"/><instruction code="INCH  T114, 0"/><instruction code="OR T42, T114, 0"/><instruction code="ADD T115, T41, T42"/><instruction code="OR T43, T115, 0"/><instruction code="OR T44, T43, 0"/><instruction code="OR T45, T44, 0"/><instruction code="ADD T117, T37, T45"/><instruction code="OR T7, T117, 0"/><instruction code="LDA T118, L7"/><instruction code="GO T118, T118, 0"/></instructions></code><code entrylabel="L8" exitlabel="L9" tempsize="0"><frame FP="T2" RV="T3" argssize="8" depth="1" label="_f" locssize="0" size="24"/><instructions><instruction code="L8"/><instruction code="OR T46, T2, 0"/><instruction code="SETL  T119, 8"/><instruction code="INCML T119, 0"/><instruction code="INCMH T119, 0"/><instruction code="INCH  T119, 0"/><instruction code="OR T47, T119, 0"/><instruction code="ADD T120, T46, T47"/><instruction code="OR T48, T120, 0"/><instruction code="OR T49, T48, 0"/><instruction code="SETL  T122, 1"/><instruction code="INCML T122, 0"/><instruction code="INCMH T122, 0"/><instruction code="INCH  T122, 0"/><instruction code="OR T50, T122, 0"/><instruction code="SUB T123, T49, T50"/><instruction code="OR T51, T123, 0"/><instruction code="OR T52, T2, 0"/><instruction code="STO T52, $254, 8"/><instruction code="LDA T124, L1"/><instruction code="PUSHJ $16, T124, 0"/><instruction code="LDO T125, $254, 0"/><instruction code="OR T53, T125, 0"/><instruction code="ADD T126, T51, T53"/><instruction code="OR T54, T126, 0"/><instruction code="SETL  T127, 8"/><instruction code="INCML T127, 0"/><instruction code="INCMH T127, 0"/><instruction code="INCH  T127, 0"/><instruction code="ADD T128, T2, T127"/><instruction code="STO T128, T54, 0"/><instruction code="SETL  T130, 3"/><instruction code="INCML T130, 0"/><instruction code="INCMH T130, 0"/><instruction code="INCH  T130, 0"/><instruction code="OR T55, T130, 0"/><instruction code="LDA T131, _pi"/><instruction code="STO T131, T55, 0"/><instruction code="OR T56, T2, 0"/><instruction code="SETL  T134, 8"/><instruction code="INCML T134, 0"/><instruction code="INCMH T134, 0"/><instruction code="INCH  T134, 0"/><instruction code="OR T57, T134, 0"/><instruction code="ADD T135, T56, T57"/><instruction code="OR T58, T135, 0"/><instruction code="OR T59, T58, 0"/><instruction code="OR T3, T59, 0"/><instruction code="LDA T137, L9"/><instruction code="GO T137, T137, 0"/></instructions></code></asmgen>