<?xml version="1.0" encoding="UTF-8" standalone="no"?><?xml-stylesheet type="text/xsl" href="../../data/asmgen.xsl"?><asmgen><code entrylabel="L2" exitlabel="L3" tempsize="0"><frame FP="T0" RV="T1" argssize="0" depth="1" label="_main" locssize="0" size="16"/><instructions><instruction code="L2"/><instruction code="LDA T89,_x"/><instruction code="OR T10,T89,0"/><instruction code="SETL T90,0"/><instruction code="INCML T90,0"/><instruction code="INCMH T90,0"/><instruction code="INCH T90,0"/><instruction code="OR T12,T90,0"/><instruction code="STO T12,T10,0"/><instruction code="LDA T92,_ptu"/><instruction code="OR T13,T92,0"/><instruction code="SETL T93,0"/><instruction code="INCML T93,0"/><instruction code="INCMH T93,0"/><instruction code="INCH T93,0"/><instruction code="OR T14,T93,0"/><instruction code="ADD T94,T13,T14"/><instruction code="OR T15,T94,0"/><instruction code="SETL T95,2"/><instruction code="INCML T95,0"/><instruction code="INCMH T95,0"/><instruction code="INCH T95,0"/><instruction code="OR T17,T95,0"/><instruction code="STO T17,T15,0"/><instruction code="LDA T97,_ptv"/><instruction code="OR T18,T97,0"/><instruction code="SETL T98,8"/><instruction code="INCML T98,0"/><instruction code="INCMH T98,0"/><instruction code="INCH T98,0"/><instruction code="OR T19,T98,0"/><instruction code="ADD T99,T18,T19"/><instruction code="OR T20,T99,0"/><instruction code="LDA T100,_x"/><instruction code="OR T22,T100,0"/><instruction code="LDO T101,T22,0"/><instruction code="OR T23,T101,0"/><instruction code="LDA T102,_ptu"/><instruction code="OR T24,T102,0"/><instruction code="SETL T103,0"/><instruction code="INCML T103,0"/><instruction code="INCMH T103,0"/><instruction code="INCH T103,0"/><instruction code="OR T25,T103,0"/><instruction code="ADD T104,T24,T25"/><instruction code="OR T26,T104,0"/><instruction code="LDO T105,T26,0"/><instruction code="OR T27,T105,0"/><instruction code="MUL T106,T23,T27"/><instruction code="OR T28,T106,0"/><instruction code="SETL T107,99"/><instruction code="INCML T107,0"/><instruction code="INCMH T107,0"/><instruction code="INCH T107,0"/><instruction code="OR T29,T107,0"/><instruction code="ADD T108,T28,T29"/><instruction code="OR T30,T108,0"/><instruction code="SETL T109,97"/><instruction code="INCML T109,0"/><instruction code="INCMH T109,0"/><instruction code="INCH T109,0"/><instruction code="OR T31,T109,0"/><instruction code="SUB T110,T30,T31"/><instruction code="OR T32,T110,0"/><instruction code="STO T32,T20,0"/><instruction code="LDA T112,_ptt"/><instruction code="OR T33,T112,0"/><instruction code="SETL T113,0"/><instruction code="INCML T113,0"/><instruction code="INCMH T113,0"/><instruction code="INCH T113,0"/><instruction code="OR T34,T113,0"/><instruction code="ADD T114,T33,T34"/><instruction code="OR T35,T114,0"/><instruction code="SETL T115,8"/><instruction code="INCML T115,0"/><instruction code="INCMH T115,0"/><instruction code="INCH T115,0"/><instruction code="OR T36,T115,0"/><instruction code="ADD T116,T35,T36"/><instruction code="OR T37,T116,0"/><instruction code="LDA T117,_ptv"/><instruction code="OR T39,T117,0"/><instruction code="SETL T118,8"/><instruction code="INCML T118,0"/><instruction code="INCMH T118,0"/><instruction code="INCH T118,0"/><instruction code="OR T40,T118,0"/><instruction code="ADD T119,T39,T40"/><instruction code="OR T41,T119,0"/><instruction code="LDO T120,T41,0"/><instruction code="OR T42,T120,0"/><instruction code="SETL T121,17"/><instruction code="INCML T121,0"/><instruction code="INCMH T121,0"/><instruction code="INCH T121,0"/><instruction code="OR T43,T121,0"/><instruction code="ADD T122,T42,T43"/><instruction code="OR T44,T122,0"/><instruction code="STO T44,T37,0"/><instruction code="LDA T124,_ptt"/><instruction code="OR T45,T124,0"/><instruction code="SETL T125,0"/><instruction code="INCML T125,0"/><instruction code="INCMH T125,0"/><instruction code="INCH T125,0"/><instruction code="OR T46,T125,0"/><instruction code="ADD T126,T45,T46"/><instruction code="OR T47,T126,0"/><instruction code="SETL T127,8"/><instruction code="INCML T127,0"/><instruction code="INCMH T127,0"/><instruction code="INCH T127,0"/><instruction code="OR T48,T127,0"/><instruction code="ADD T128,T47,T48"/><instruction code="OR T49,T128,0"/><instruction code="LDO T129,T49,0"/><instruction code="OR T50,T129,0"/><instruction code="OR T51,T50,0"/><instruction code="SETL T130,3"/><instruction code="INCML T130,0"/><instruction code="INCMH T130,0"/><instruction code="INCH T130,0"/><instruction code="OR T52,T130,0"/><instruction code="ADD T131,T51,T52"/><instruction code="OR T1,T131,0"/><instruction code="JMP L3"/></instructions></code><code entrylabel="L4" exitlabel="L5" tempsize="0"><frame FP="T4" RV="T5" argssize="0" depth="2" label="L0" locssize="0" size="16"/><instructions><instruction code="L4"/><instruction code="SETL T133,3"/><instruction code="INCML T133,0"/><instruction code="INCMH T133,0"/><instruction code="INCH T133,0"/><instruction code="OR T5,T133,0"/><instruction code="JMP L5"/></instructions></code><code entrylabel="L6" exitlabel="L7" tempsize="0"><frame FP="T6" RV="T7" argssize="0" depth="2" label="L1" locssize="0" size="16"/><instructions><instruction code="L6"/><instruction code="SETL T135,3"/><instruction code="INCML T135,0"/><instruction code="INCMH T135,0"/><instruction code="INCH T135,0"/><instruction code="OR T53,T135,0"/><instruction code="SETL T136,1"/><instruction code="INCML T136,0"/><instruction code="INCMH T136,0"/><instruction code="INCH T136,0"/><instruction code="OR T54,T136,0"/><instruction code="OR T55,T6,0"/><instruction code="LDO T137,T55,0"/><instruction code="OR T56,T137,0"/><instruction code="SETL T138,8"/><instruction code="INCML T138,0"/><instruction code="INCMH T138,0"/><instruction code="INCH T138,0"/><instruction code="OR T57,T138,0"/><instruction code="ADD T139,T56,T57"/><instruction code="OR T58,T139,0"/><instruction code="SETL T140,1"/><instruction code="INCML T140,0"/><instruction code="INCMH T140,0"/><instruction code="INCH T140,0"/><instruction code="OR T60,T140,0"/><instruction code="STO T60,T58,0"/><instruction code="OR T61,T6,0"/><instruction code="LDO T142,T61,0"/><instruction code="OR T62,T142,0"/><instruction code="SETL T143,8"/><instruction code="INCML T143,0"/><instruction code="INCMH T143,0"/><instruction code="INCH T143,0"/><instruction code="OR T63,T143,0"/><instruction code="ADD T144,T62,T63"/><instruction code="OR T64,T144,0"/><instruction code="LDO T145,T64,0"/><instruction code="OR T65,T145,0"/><instruction code="OR T66,T65,0"/><instruction code="ADD T146,T53,T66"/><instruction code="OR T7,T146,0"/><instruction code="JMP L7"/></instructions></code><code entrylabel="L8" exitlabel="L9" tempsize="0"><frame FP="T2" RV="T3" argssize="8" depth="1" label="_f" locssize="0" size="24"/><instructions><instruction code="L8"/><instruction code="OR T67,T2,0"/><instruction code="SETL T148,8"/><instruction code="INCML T148,0"/><instruction code="INCMH T148,0"/><instruction code="INCH T148,0"/><instruction code="OR T68,T148,0"/><instruction code="ADD T149,T67,T68"/><instruction code="OR T69,T149,0"/><instruction code="OR T71,T2,0"/><instruction code="SETL T150,8"/><instruction code="INCML T150,0"/><instruction code="INCMH T150,0"/><instruction code="INCH T150,0"/><instruction code="OR T72,T150,0"/><instruction code="ADD T151,T71,T72"/><instruction code="OR T73,T151,0"/><instruction code="LDO T152,T73,0"/><instruction code="OR T74,T152,0"/><instruction code="SETL T153,1"/><instruction code="INCML T153,0"/><instruction code="INCMH T153,0"/><instruction code="INCH T153,0"/><instruction code="OR T75,T153,0"/><instruction code="SUB T154,T74,T75"/><instruction code="OR T76,T154,0"/><instruction code="OR T77,T2,0"/><instruction code="STO T77,$254,0"/><instruction code="PUSHJ $8,L1"/><instruction code="LDO T156,$254,0"/><instruction code="OR T78,T156,0"/><instruction code="ADD T157,T76,T78"/><instruction code="OR T79,T157,0"/><instruction code="STO T79,T69,0"/><instruction code="LDA T159,_pi"/><instruction code="OR T80,T159,0"/><instruction code="LDO T160,T80,0"/><instruction code="OR T81,T160,0"/><instruction code="LDO T161,T81,0"/><instruction code="OR T82,T161,0"/><instruction code="SETL T162,3"/><instruction code="INCML T162,0"/><instruction code="INCMH T162,0"/><instruction code="INCH T162,0"/><instruction code="OR T84,T162,0"/><instruction code="STO T84,T82,0"/><instruction code="OR T85,T2,0"/><instruction code="SETL T164,8"/><instruction code="INCML T164,0"/><instruction code="INCMH T164,0"/><instruction code="INCH T164,0"/><instruction code="OR T86,T164,0"/><instruction code="ADD T165,T85,T86"/><instruction code="OR T87,T165,0"/><instruction code="LDO T166,T87,0"/><instruction code="OR T88,T166,0"/><instruction code="OR T3,T88,0"/><instruction code="JMP L9"/></instructions></code></asmgen>