<?xml version="1.0" encoding="UTF-8" standalone="no"?><?xml-stylesheet type="text/xsl" href="../../data/asmgen.xsl"?><asmgen><code entrylabel="L15" exitlabel="L16" tempsize="0"><frame FP="T2" RV="T3" argssize="16" depth="1" label="_putInt" locssize="0" size="32"/><instructions><instruction code="L15"/><instruction code="OR T10,T2,0"/><instruction code="SETL T132,8"/><instruction code="INCML T132,0"/><instruction code="INCMH T132,0"/><instruction code="INCH T132,0"/><instruction code="OR T11,T132,0"/><instruction code="ADD T133,T10,T11"/><instruction code="OR T12,T133,0"/><instruction code="LDO T134,T12,0"/><instruction code="OR T13,T134,0"/><instruction code="SETL T135,0"/><instruction code="INCML T135,0"/><instruction code="INCMH T135,0"/><instruction code="INCH T135,0"/><instruction code="OR T14,T135,0"/><instruction code="CMP T136,T13,T14"/><instruction code="ZSZ T136,T136,1"/><instruction code="OR T15,T136,0"/><instruction code="BNZ T15,L6"/><instruction code="L12"/><instruction code="JMP L7"/><instruction code="L6"/><instruction code="SETL T138,0"/><instruction code="INCML T138,0"/><instruction code="INCMH T138,0"/><instruction code="INCH T138,0"/><instruction code="OR T16,T138,0"/><instruction code="SETL T139,48"/><instruction code="INCML T139,0"/><instruction code="INCMH T139,0"/><instruction code="INCH T139,0"/><instruction code="OR T17,T139,0"/><instruction code="STO T16,$254,0"/><instruction code="STO T17,$254,8"/><instruction code="PUSHJ $8,_putChar"/><instruction code="LDO T141,$254,0"/><instruction code="OR T18,T141,0"/><instruction code="JMP L8"/><instruction code="L7"/><instruction code="OR T19,T2,0"/><instruction code="SETL T143,8"/><instruction code="INCML T143,0"/><instruction code="INCMH T143,0"/><instruction code="INCH T143,0"/><instruction code="OR T20,T143,0"/><instruction code="ADD T144,T19,T20"/><instruction code="OR T21,T144,0"/><instruction code="LDO T145,T21,0"/><instruction code="OR T22,T145,0"/><instruction code="SETL T146,0"/><instruction code="INCML T146,0"/><instruction code="INCMH T146,0"/><instruction code="INCH T146,0"/><instruction code="OR T23,T146,0"/><instruction code="CMP T147,T22,T23"/><instruction code="ZSN T147,T147,1"/><instruction code="OR T24,T147,0"/><instruction code="BNZ T24,L3"/><instruction code="L13"/><instruction code="JMP L4"/><instruction code="L3"/><instruction code="SETL T149,0"/><instruction code="INCML T149,0"/><instruction code="INCMH T149,0"/><instruction code="INCH T149,0"/><instruction code="OR T25,T149,0"/><instruction code="SETL T150,45"/><instruction code="INCML T150,0"/><instruction code="INCMH T150,0"/><instruction code="INCH T150,0"/><instruction code="OR T26,T150,0"/><instruction code="STO T25,$254,0"/><instruction code="STO T26,$254,8"/><instruction code="PUSHJ $8,_putChar"/><instruction code="LDO T152,$254,0"/><instruction code="OR T27,T152,0"/><instruction code="SETL T153,0"/><instruction code="INCML T153,0"/><instruction code="INCMH T153,0"/><instruction code="INCH T153,0"/><instruction code="OR T28,T153,0"/><instruction code="OR T29,T2,0"/><instruction code="SETL T154,8"/><instruction code="INCML T154,0"/><instruction code="INCMH T154,0"/><instruction code="INCH T154,0"/><instruction code="OR T30,T154,0"/><instruction code="ADD T155,T29,T30"/><instruction code="OR T31,T155,0"/><instruction code="LDO T156,T31,0"/><instruction code="OR T32,T156,0"/><instruction code="NEG T157,0,T32"/><instruction code="OR T33,T157,0"/><instruction code="STO T28,$254,0"/><instruction code="STO T33,$254,8"/><instruction code="PUSHJ $8,_putInt"/><instruction code="LDO T159,$254,0"/><instruction code="OR T34,T159,0"/><instruction code="JMP L5"/><instruction code="L4"/><instruction code="OR T35,T2,0"/><instruction code="SETL T161,8"/><instruction code="INCML T161,0"/><instruction code="INCMH T161,0"/><instruction code="INCH T161,0"/><instruction code="OR T36,T161,0"/><instruction code="ADD T162,T35,T36"/><instruction code="OR T37,T162,0"/><instruction code="LDO T163,T37,0"/><instruction code="OR T38,T163,0"/><instruction code="SETL T164,10"/><instruction code="INCML T164,0"/><instruction code="INCMH T164,0"/><instruction code="INCH T164,0"/><instruction code="OR T39,T164,0"/><instruction code="CMP T165,T38,T39"/><instruction code="ZSN T165,T165,1"/><instruction code="OR T40,T165,0"/><instruction code="BNZ T40,L0"/><instruction code="L14"/><instruction code="JMP L1"/><instruction code="L0"/><instruction code="SETL T167,0"/><instruction code="INCML T167,0"/><instruction code="INCMH T167,0"/><instruction code="INCH T167,0"/><instruction code="OR T41,T167,0"/><instruction code="OR T42,T2,0"/><instruction code="SETL T168,8"/><instruction code="INCML T168,0"/><instruction code="INCMH T168,0"/><instruction code="INCH T168,0"/><instruction code="OR T43,T168,0"/><instruction code="ADD T169,T42,T43"/><instruction code="OR T44,T169,0"/><instruction code="LDO T170,T44,0"/><instruction code="OR T45,T170,0"/><instruction code="SETL T171,48"/><instruction code="INCML T171,0"/><instruction code="INCMH T171,0"/><instruction code="INCH T171,0"/><instruction code="OR T46,T171,0"/><instruction code="ADD T172,T45,T46"/><instruction code="OR T47,T172,0"/><instruction code="SETL T173,256"/><instruction code="INCML T173,0"/><instruction code="INCMH T173,0"/><instruction code="INCH T173,0"/><instruction code="OR T48,T173,0"/><instruction code="DIV T174,T47,T48"/><instruction code="GET T174,rR"/><instruction code="OR T49,T174,0"/><instruction code="STO T41,$254,0"/><instruction code="STO T49,$254,8"/><instruction code="PUSHJ $8,_putChar"/><instruction code="LDO T176,$254,0"/><instruction code="OR T50,T176,0"/><instruction code="JMP L2"/><instruction code="L1"/><instruction code="SETL T178,0"/><instruction code="INCML T178,0"/><instruction code="INCMH T178,0"/><instruction code="INCH T178,0"/><instruction code="OR T51,T178,0"/><instruction code="OR T52,T2,0"/><instruction code="SETL T179,8"/><instruction code="INCML T179,0"/><instruction code="INCMH T179,0"/><instruction code="INCH T179,0"/><instruction code="OR T53,T179,0"/><instruction code="ADD T180,T52,T53"/><instruction code="OR T54,T180,0"/><instruction code="LDO T181,T54,0"/><instruction code="OR T55,T181,0"/><instruction code="SETL T182,10"/><instruction code="INCML T182,0"/><instruction code="INCMH T182,0"/><instruction code="INCH T182,0"/><instruction code="OR T56,T182,0"/><instruction code="DIV T183,T55,T56"/><instruction code="OR T57,T183,0"/><instruction code="STO T51,$254,0"/><instruction code="STO T57,$254,8"/><instruction code="PUSHJ $8,_putInt"/><instruction code="LDO T185,$254,0"/><instruction code="OR T58,T185,0"/><instruction code="SETL T186,0"/><instruction code="INCML T186,0"/><instruction code="INCMH T186,0"/><instruction code="INCH T186,0"/><instruction code="OR T59,T186,0"/><instruction code="OR T60,T2,0"/><instruction code="SETL T187,8"/><instruction code="INCML T187,0"/><instruction code="INCMH T187,0"/><instruction code="INCH T187,0"/><instruction code="OR T61,T187,0"/><instruction code="ADD T188,T60,T61"/><instruction code="OR T62,T188,0"/><instruction code="LDO T189,T62,0"/><instruction code="OR T63,T189,0"/><instruction code="SETL T190,10"/><instruction code="INCML T190,0"/><instruction code="INCMH T190,0"/><instruction code="INCH T190,0"/><instruction code="OR T64,T190,0"/><instruction code="DIV T191,T63,T64"/><instruction code="GET T191,rR"/><instruction code="OR T65,T191,0"/><instruction code="SETL T192,48"/><instruction code="INCML T192,0"/><instruction code="INCMH T192,0"/><instruction code="INCH T192,0"/><instruction code="OR T66,T192,0"/><instruction code="ADD T193,T65,T66"/><instruction code="OR T67,T193,0"/><instruction code="SETL T194,256"/><instruction code="INCML T194,0"/><instruction code="INCMH T194,0"/><instruction code="INCH T194,0"/><instruction code="OR T68,T194,0"/><instruction code="DIV T195,T67,T68"/><instruction code="GET T195,rR"/><instruction code="OR T69,T195,0"/><instruction code="STO T59,$254,0"/><instruction code="STO T69,$254,8"/><instruction code="PUSHJ $8,_putChar"/><instruction code="LDO T197,$254,0"/><instruction code="OR T70,T197,0"/><instruction code="L2"/><instruction code="L5"/><instruction code="L8"/><instruction code="SETL T198,0"/><instruction code="INCML T198,0"/><instruction code="INCMH T198,0"/><instruction code="INCH T198,0"/><instruction code="OR T71,T198,0"/><instruction code="OR T3,T71,0"/><instruction code="JMP L16"/></instructions></code><code entrylabel="L17" exitlabel="L18" tempsize="0"><frame FP="T4" RV="T5" argssize="0" depth="1" label="_g" locssize="0" size="16"/><instructions><instruction code="L17"/><instruction code="SETL T200,17"/><instruction code="INCML T200,0"/><instruction code="INCMH T200,0"/><instruction code="INCH T200,0"/><instruction code="OR T5,T200,0"/><instruction code="JMP L18"/></instructions></code><code entrylabel="L20" exitlabel="L21" tempsize="0"><frame FP="T6" RV="T7" argssize="0" depth="1" label="_h" locssize="88" size="104"/><instructions><instruction code="L20"/><instruction code="OR T72,T6,0"/><instruction code="SETL T202,8"/><instruction code="INCML T202,0"/><instruction code="INCMH T202,0"/><instruction code="INCH T202,0"/><instruction code="NEG T202,0,T202"/><instruction code="OR T73,T202,0"/><instruction code="ADD T203,T72,T73"/><instruction code="OR T74,T203,0"/><instruction code="SETL T204,1"/><instruction code="INCML T204,0"/><instruction code="INCMH T204,0"/><instruction code="INCH T204,0"/><instruction code="OR T76,T204,0"/><instruction code="STO T76,T74,0"/><instruction code="OR T77,T6,0"/><instruction code="SETL T206,88"/><instruction code="INCML T206,0"/><instruction code="INCMH T206,0"/><instruction code="INCH T206,0"/><instruction code="NEG T206,0,T206"/><instruction code="OR T78,T206,0"/><instruction code="ADD T207,T77,T78"/><instruction code="OR T79,T207,0"/><instruction code="SETL T208,0"/><instruction code="INCML T208,0"/><instruction code="INCMH T208,0"/><instruction code="INCH T208,0"/><instruction code="OR T80,T208,0"/><instruction code="SETL T209,8"/><instruction code="INCML T209,0"/><instruction code="INCMH T209,0"/><instruction code="INCH T209,0"/><instruction code="OR T81,T209,0"/><instruction code="MUL T210,T80,T81"/><instruction code="OR T82,T210,0"/><instruction code="ADD T211,T79,T82"/><instruction code="OR T83,T211,0"/><instruction code="SETL T212,1"/><instruction code="INCML T212,0"/><instruction code="INCMH T212,0"/><instruction code="INCH T212,0"/><instruction code="OR T85,T212,0"/><instruction code="STO T85,T83,0"/><instruction code="L9"/><instruction code="OR T86,T6,0"/><instruction code="SETL T214,8"/><instruction code="INCML T214,0"/><instruction code="INCMH T214,0"/><instruction code="INCH T214,0"/><instruction code="NEG T214,0,T214"/><instruction code="OR T87,T214,0"/><instruction code="ADD T215,T86,T87"/><instruction code="OR T88,T215,0"/><instruction code="LDO T216,T88,0"/><instruction code="OR T89,T216,0"/><instruction code="SETL T217,10"/><instruction code="INCML T217,0"/><instruction code="INCMH T217,0"/><instruction code="INCH T217,0"/><instruction code="OR T90,T217,0"/><instruction code="CMP T218,T89,T90"/><instruction code="ZSN T218,T218,1"/><instruction code="OR T91,T218,0"/><instruction code="BNZ T91,L10"/><instruction code="L19"/><instruction code="JMP L11"/><instruction code="L10"/><instruction code="OR T92,T6,0"/><instruction code="SETL T220,88"/><instruction code="INCML T220,0"/><instruction code="INCMH T220,0"/><instruction code="INCH T220,0"/><instruction code="NEG T220,0,T220"/><instruction code="OR T93,T220,0"/><instruction code="ADD T221,T92,T93"/><instruction code="OR T94,T221,0"/><instruction code="OR T95,T6,0"/><instruction code="SETL T222,8"/><instruction code="INCML T222,0"/><instruction code="INCMH T222,0"/><instruction code="INCH T222,0"/><instruction code="NEG T222,0,T222"/><instruction code="OR T96,T222,0"/><instruction code="ADD T223,T95,T96"/><instruction code="OR T97,T223,0"/><instruction code="LDO T224,T97,0"/><instruction code="OR T98,T224,0"/><instruction code="SETL T225,8"/><instruction code="INCML T225,0"/><instruction code="INCMH T225,0"/><instruction code="INCH T225,0"/><instruction code="OR T99,T225,0"/><instruction code="MUL T226,T98,T99"/><instruction code="OR T100,T226,0"/><instruction code="ADD T227,T94,T100"/><instruction code="OR T101,T227,0"/><instruction code="OR T103,T6,0"/><instruction code="SETL T228,88"/><instruction code="INCML T228,0"/><instruction code="INCMH T228,0"/><instruction code="INCH T228,0"/><instruction code="NEG T228,0,T228"/><instruction code="OR T104,T228,0"/><instruction code="ADD T229,T103,T104"/><instruction code="OR T105,T229,0"/><instruction code="OR T106,T6,0"/><instruction code="SETL T230,8"/><instruction code="INCML T230,0"/><instruction code="INCMH T230,0"/><instruction code="INCH T230,0"/><instruction code="NEG T230,0,T230"/><instruction code="OR T107,T230,0"/><instruction code="ADD T231,T106,T107"/><instruction code="OR T108,T231,0"/><instruction code="LDO T232,T108,0"/><instruction code="OR T109,T232,0"/><instruction code="SETL T233,1"/><instruction code="INCML T233,0"/><instruction code="INCMH T233,0"/><instruction code="INCH T233,0"/><instruction code="OR T110,T233,0"/><instruction code="SUB T234,T109,T110"/><instruction code="OR T111,T234,0"/><instruction code="SETL T235,8"/><instruction code="INCML T235,0"/><instruction code="INCMH T235,0"/><instruction code="INCH T235,0"/><instruction code="OR T112,T235,0"/><instruction code="MUL T236,T111,T112"/><instruction code="OR T113,T236,0"/><instruction code="ADD T237,T105,T113"/><instruction code="OR T114,T237,0"/><instruction code="LDO T238,T114,0"/><instruction code="OR T115,T238,0"/><instruction code="SETL T239,17"/><instruction code="INCML T239,0"/><instruction code="INCMH T239,0"/><instruction code="INCH T239,0"/><instruction code="OR T116,T239,0"/><instruction code="MUL T240,T115,T116"/><instruction code="OR T117,T240,0"/><instruction code="STO T117,T101,0"/><instruction code="OR T118,T6,0"/><instruction code="SETL T242,8"/><instruction code="INCML T242,0"/><instruction code="INCMH T242,0"/><instruction code="INCH T242,0"/><instruction code="NEG T242,0,T242"/><instruction code="OR T119,T242,0"/><instruction code="ADD T243,T118,T119"/><instruction code="OR T120,T243,0"/><instruction code="OR T122,T6,0"/><instruction code="SETL T244,8"/><instruction code="INCML T244,0"/><instruction code="INCMH T244,0"/><instruction code="INCH T244,0"/><instruction code="NEG T244,0,T244"/><instruction code="OR T123,T244,0"/><instruction code="ADD T245,T122,T123"/><instruction code="OR T124,T245,0"/><instruction code="LDO T246,T124,0"/><instruction code="OR T125,T246,0"/><instruction code="SETL T247,1"/><instruction code="INCML T247,0"/><instruction code="INCMH T247,0"/><instruction code="INCH T247,0"/><instruction code="OR T126,T247,0"/><instruction code="ADD T248,T125,T126"/><instruction code="OR T127,T248,0"/><instruction code="STO T127,T120,0"/><instruction code="JMP L9"/><instruction code="L11"/><instruction code="SETL T251,0"/><instruction code="INCML T251,0"/><instruction code="INCMH T251,0"/><instruction code="INCH T251,0"/><instruction code="OR T128,T251,0"/><instruction code="OR T7,T128,0"/><instruction code="JMP L21"/></instructions></code><code entrylabel="L22" exitlabel="L23" tempsize="0"><frame FP="T8" RV="T9" argssize="8" depth="1" label="_main" locssize="0" size="24"/><instructions><instruction code="L22"/><instruction code="SETL T253,0"/><instruction code="INCML T253,0"/><instruction code="INCMH T253,0"/><instruction code="INCH T253,0"/><instruction code="OR T129,T253,0"/><instruction code="STO T129,$254,0"/><instruction code="PUSHJ $8,_h"/><instruction code="LDO T255,$254,0"/><instruction code="OR T130,T255,0"/><instruction code="SETL T256,0"/><instruction code="INCML T256,0"/><instruction code="INCMH T256,0"/><instruction code="INCH T256,0"/><instruction code="OR T131,T256,0"/><instruction code="OR T9,T131,0"/><instruction code="JMP L23"/></instructions></code></asmgen>