<?xml version="1.0" encoding="UTF-8" standalone="no"?><?xml-stylesheet type="text/xsl" href="../../data/asmgen.xsl"?><asmgen><code entrylabel="L110" exitlabel="L111" tempsize="0"><frame FP="T6" RV="T7" argssize="24" depth="1" label="_main" locssize="672" size="712"/><instructions><instruction code="L110"/><instruction code="SETL T2399,0"/><instruction code="INCML T2399,0"/><instruction code="INCMH T2399,0"/><instruction code="INCH T2399,0"/><instruction code="OR T30,T2399,0"/><instruction code="LDA T2400,L5"/><instruction code="OR T31,T2400,0"/><instruction code="STO T30,$254,0"/><instruction code="STO T31,$254,8"/><instruction code="PUSHJ $8,_putString"/><instruction code="LDO T2402,$254,0"/><instruction code="OR T32,T2402,0"/><instruction code="SETL T2403,0"/><instruction code="INCML T2403,0"/><instruction code="INCMH T2403,0"/><instruction code="INCH T2403,0"/><instruction code="OR T33,T2403,0"/><instruction code="SETL T2404,10"/><instruction code="INCML T2404,0"/><instruction code="INCMH T2404,0"/><instruction code="INCH T2404,0"/><instruction code="OR T34,T2404,0"/><instruction code="SETL T2405,256"/><instruction code="INCML T2405,0"/><instruction code="INCMH T2405,0"/><instruction code="INCH T2405,0"/><instruction code="OR T35,T2405,0"/><instruction code="DIV T2406,T34,T35"/><instruction code="GET T2406,rR"/><instruction code="OR T36,T2406,0"/><instruction code="STO T33,$254,0"/><instruction code="STO T36,$254,8"/><instruction code="PUSHJ $8,_putChar"/><instruction code="LDO T2408,$254,0"/><instruction code="OR T37,T2408,0"/><instruction code="OR T38,T6,0"/><instruction code="SETL T2409,8"/><instruction code="INCML T2409,0"/><instruction code="INCMH T2409,0"/><instruction code="INCH T2409,0"/><instruction code="NEG T2409,0,T2409"/><instruction code="OR T39,T2409,0"/><instruction code="ADD T2410,T38,T39"/><instruction code="OR T40,T2410,0"/><instruction code="SETL T2411,1"/><instruction code="INCML T2411,0"/><instruction code="INCMH T2411,0"/><instruction code="INCH T2411,0"/><instruction code="OR T42,T2411,0"/><instruction code="STO T42,T40,0"/><instruction code="L7"/><instruction code="OR T43,T6,0"/><instruction code="SETL T2413,8"/><instruction code="INCML T2413,0"/><instruction code="INCMH T2413,0"/><instruction code="INCH T2413,0"/><instruction code="NEG T2413,0,T2413"/><instruction code="OR T44,T2413,0"/><instruction code="ADD T2414,T43,T44"/><instruction code="OR T45,T2414,0"/><instruction code="LDO T2415,T45,0"/><instruction code="OR T46,T2415,0"/><instruction code="SETL T2416,10"/><instruction code="INCML T2416,0"/><instruction code="INCMH T2416,0"/><instruction code="INCH T2416,0"/><instruction code="OR T47,T2416,0"/><instruction code="CMP T2417,T46,T47"/><instruction code="ZSNP T2417,T2417,1"/><instruction code="OR T48,T2417,0"/><instruction code="BNZ T48,L8"/><instruction code="L106"/><instruction code="JMP L9"/><instruction code="L8"/><instruction code="SETL T2419,0"/><instruction code="INCML T2419,0"/><instruction code="INCMH T2419,0"/><instruction code="INCH T2419,0"/><instruction code="OR T49,T2419,0"/><instruction code="OR T50,T6,0"/><instruction code="SETL T2420,8"/><instruction code="INCML T2420,0"/><instruction code="INCMH T2420,0"/><instruction code="INCH T2420,0"/><instruction code="NEG T2420,0,T2420"/><instruction code="OR T51,T2420,0"/><instruction code="ADD T2421,T50,T51"/><instruction code="OR T52,T2421,0"/><instruction code="LDO T2422,T52,0"/><instruction code="OR T53,T2422,0"/><instruction code="STO T49,$254,0"/><instruction code="STO T53,$254,8"/><instruction code="PUSHJ $8,_putInt"/><instruction code="LDO T2424,$254,0"/><instruction code="OR T54,T2424,0"/><instruction code="SETL T2425,0"/><instruction code="INCML T2425,0"/><instruction code="INCMH T2425,0"/><instruction code="INCH T2425,0"/><instruction code="OR T55,T2425,0"/><instruction code="LDA T2426,L6"/><instruction code="OR T56,T2426,0"/><instruction code="STO T55,$254,0"/><instruction code="STO T56,$254,8"/><instruction code="PUSHJ $8,_putString"/><instruction code="LDO T2428,$254,0"/><instruction code="OR T57,T2428,0"/><instruction code="SETL T2429,0"/><instruction code="INCML T2429,0"/><instruction code="INCMH T2429,0"/><instruction code="INCH T2429,0"/><instruction code="OR T58,T2429,0"/><instruction code="SETL T2430,0"/><instruction code="INCML T2430,0"/><instruction code="INCMH T2430,0"/><instruction code="INCH T2430,0"/><instruction code="OR T59,T2430,0"/><instruction code="OR T60,T6,0"/><instruction code="SETL T2431,8"/><instruction code="INCML T2431,0"/><instruction code="INCMH T2431,0"/><instruction code="INCH T2431,0"/><instruction code="NEG T2431,0,T2431"/><instruction code="OR T61,T2431,0"/><instruction code="ADD T2432,T60,T61"/><instruction code="OR T62,T2432,0"/><instruction code="LDO T2433,T62,0"/><instruction code="OR T63,T2433,0"/><instruction code="STO T59,$254,0"/><instruction code="STO T63,$254,8"/><instruction code="PUSHJ $8,_facItr"/><instruction code="LDO T2435,$254,0"/><instruction code="OR T64,T2435,0"/><instruction code="STO T58,$254,0"/><instruction code="STO T64,$254,8"/><instruction code="PUSHJ $8,_putInt"/><instruction code="LDO T2437,$254,0"/><instruction code="OR T65,T2437,0"/><instruction code="SETL T2438,0"/><instruction code="INCML T2438,0"/><instruction code="INCMH T2438,0"/><instruction code="INCH T2438,0"/><instruction code="OR T66,T2438,0"/><instruction code="SETL T2439,10"/><instruction code="INCML T2439,0"/><instruction code="INCMH T2439,0"/><instruction code="INCH T2439,0"/><instruction code="OR T67,T2439,0"/><instruction code="SETL T2440,256"/><instruction code="INCML T2440,0"/><instruction code="INCMH T2440,0"/><instruction code="INCH T2440,0"/><instruction code="OR T68,T2440,0"/><instruction code="DIV T2441,T67,T68"/><instruction code="GET T2441,rR"/><instruction code="OR T69,T2441,0"/><instruction code="STO T66,$254,0"/><instruction code="STO T69,$254,8"/><instruction code="PUSHJ $8,_putChar"/><instruction code="LDO T2443,$254,0"/><instruction code="OR T70,T2443,0"/><instruction code="OR T71,T6,0"/><instruction code="SETL T2444,8"/><instruction code="INCML T2444,0"/><instruction code="INCMH T2444,0"/><instruction code="INCH T2444,0"/><instruction code="NEG T2444,0,T2444"/><instruction code="OR T72,T2444,0"/><instruction code="ADD T2445,T71,T72"/><instruction code="OR T73,T2445,0"/><instruction code="OR T75,T6,0"/><instruction code="SETL T2446,8"/><instruction code="INCML T2446,0"/><instruction code="INCMH T2446,0"/><instruction code="INCH T2446,0"/><instruction code="NEG T2446,0,T2446"/><instruction code="OR T76,T2446,0"/><instruction code="ADD T2447,T75,T76"/><instruction code="OR T77,T2447,0"/><instruction code="LDO T2448,T77,0"/><instruction code="OR T78,T2448,0"/><instruction code="SETL T2449,1"/><instruction code="INCML T2449,0"/><instruction code="INCMH T2449,0"/><instruction code="INCH T2449,0"/><instruction code="OR T79,T2449,0"/><instruction code="ADD T2450,T78,T79"/><instruction code="OR T80,T2450,0"/><instruction code="STO T80,T73,0"/><instruction code="JMP L7"/><instruction code="L9"/><instruction code="SETL T2453,0"/><instruction code="INCML T2453,0"/><instruction code="INCMH T2453,0"/><instruction code="INCH T2453,0"/><instruction code="OR T81,T2453,0"/><instruction code="LDA T2454,L10"/><instruction code="OR T82,T2454,0"/><instruction code="STO T81,$254,0"/><instruction code="STO T82,$254,8"/><instruction code="PUSHJ $8,_putString"/><instruction code="LDO T2456,$254,0"/><instruction code="OR T83,T2456,0"/><instruction code="SETL T2457,0"/><instruction code="INCML T2457,0"/><instruction code="INCMH T2457,0"/><instruction code="INCH T2457,0"/><instruction code="OR T84,T2457,0"/><instruction code="SETL T2458,10"/><instruction code="INCML T2458,0"/><instruction code="INCMH T2458,0"/><instruction code="INCH T2458,0"/><instruction code="OR T85,T2458,0"/><instruction code="SETL T2459,256"/><instruction code="INCML T2459,0"/><instruction code="INCMH T2459,0"/><instruction code="INCH T2459,0"/><instruction code="OR T86,T2459,0"/><instruction code="DIV T2460,T85,T86"/><instruction code="GET T2460,rR"/><instruction code="OR T87,T2460,0"/><instruction code="STO T84,$254,0"/><instruction code="STO T87,$254,8"/><instruction code="PUSHJ $8,_putChar"/><instruction code="LDO T2462,$254,0"/><instruction code="OR T88,T2462,0"/><instruction code="OR T89,T6,0"/><instruction code="SETL T2463,8"/><instruction code="INCML T2463,0"/><instruction code="INCMH T2463,0"/><instruction code="INCH T2463,0"/><instruction code="NEG T2463,0,T2463"/><instruction code="OR T90,T2463,0"/><instruction code="ADD T2464,T89,T90"/><instruction code="OR T91,T2464,0"/><instruction code="SETL T2465,1"/><instruction code="INCML T2465,0"/><instruction code="INCMH T2465,0"/><instruction code="INCH T2465,0"/><instruction code="OR T93,T2465,0"/><instruction code="STO T93,T91,0"/><instruction code="L12"/><instruction code="OR T94,T6,0"/><instruction code="SETL T2467,8"/><instruction code="INCML T2467,0"/><instruction code="INCMH T2467,0"/><instruction code="INCH T2467,0"/><instruction code="NEG T2467,0,T2467"/><instruction code="OR T95,T2467,0"/><instruction code="ADD T2468,T94,T95"/><instruction code="OR T96,T2468,0"/><instruction code="LDO T2469,T96,0"/><instruction code="OR T97,T2469,0"/><instruction code="SETL T2470,10"/><instruction code="INCML T2470,0"/><instruction code="INCMH T2470,0"/><instruction code="INCH T2470,0"/><instruction code="OR T98,T2470,0"/><instruction code="CMP T2471,T97,T98"/><instruction code="ZSNP T2471,T2471,1"/><instruction code="OR T99,T2471,0"/><instruction code="BNZ T99,L13"/><instruction code="L107"/><instruction code="JMP L14"/><instruction code="L13"/><instruction code="SETL T2473,0"/><instruction code="INCML T2473,0"/><instruction code="INCMH T2473,0"/><instruction code="INCH T2473,0"/><instruction code="OR T100,T2473,0"/><instruction code="OR T101,T6,0"/><instruction code="SETL T2474,8"/><instruction code="INCML T2474,0"/><instruction code="INCMH T2474,0"/><instruction code="INCH T2474,0"/><instruction code="NEG T2474,0,T2474"/><instruction code="OR T102,T2474,0"/><instruction code="ADD T2475,T101,T102"/><instruction code="OR T103,T2475,0"/><instruction code="LDO T2476,T103,0"/><instruction code="OR T104,T2476,0"/><instruction code="STO T100,$254,0"/><instruction code="STO T104,$254,8"/><instruction code="PUSHJ $8,_putInt"/><instruction code="LDO T2478,$254,0"/><instruction code="OR T105,T2478,0"/><instruction code="SETL T2479,0"/><instruction code="INCML T2479,0"/><instruction code="INCMH T2479,0"/><instruction code="INCH T2479,0"/><instruction code="OR T106,T2479,0"/><instruction code="LDA T2480,L11"/><instruction code="OR T107,T2480,0"/><instruction code="STO T106,$254,0"/><instruction code="STO T107,$254,8"/><instruction code="PUSHJ $8,_putString"/><instruction code="LDO T2482,$254,0"/><instruction code="OR T108,T2482,0"/><instruction code="SETL T2483,0"/><instruction code="INCML T2483,0"/><instruction code="INCMH T2483,0"/><instruction code="INCH T2483,0"/><instruction code="OR T109,T2483,0"/><instruction code="SETL T2484,0"/><instruction code="INCML T2484,0"/><instruction code="INCMH T2484,0"/><instruction code="INCH T2484,0"/><instruction code="OR T110,T2484,0"/><instruction code="OR T111,T6,0"/><instruction code="SETL T2485,8"/><instruction code="INCML T2485,0"/><instruction code="INCMH T2485,0"/><instruction code="INCH T2485,0"/><instruction code="NEG T2485,0,T2485"/><instruction code="OR T112,T2485,0"/><instruction code="ADD T2486,T111,T112"/><instruction code="OR T113,T2486,0"/><instruction code="LDO T2487,T113,0"/><instruction code="OR T114,T2487,0"/><instruction code="STO T110,$254,0"/><instruction code="STO T114,$254,8"/><instruction code="PUSHJ $8,_facRec"/><instruction code="LDO T2489,$254,0"/><instruction code="OR T115,T2489,0"/><instruction code="STO T109,$254,0"/><instruction code="STO T115,$254,8"/><instruction code="PUSHJ $8,_putInt"/><instruction code="LDO T2491,$254,0"/><instruction code="OR T116,T2491,0"/><instruction code="SETL T2492,0"/><instruction code="INCML T2492,0"/><instruction code="INCMH T2492,0"/><instruction code="INCH T2492,0"/><instruction code="OR T117,T2492,0"/><instruction code="SETL T2493,10"/><instruction code="INCML T2493,0"/><instruction code="INCMH T2493,0"/><instruction code="INCH T2493,0"/><instruction code="OR T118,T2493,0"/><instruction code="SETL T2494,256"/><instruction code="INCML T2494,0"/><instruction code="INCMH T2494,0"/><instruction code="INCH T2494,0"/><instruction code="OR T119,T2494,0"/><instruction code="DIV T2495,T118,T119"/><instruction code="GET T2495,rR"/><instruction code="OR T120,T2495,0"/><instruction code="STO T117,$254,0"/><instruction code="STO T120,$254,8"/><instruction code="PUSHJ $8,_putChar"/><instruction code="LDO T2497,$254,0"/><instruction code="OR T121,T2497,0"/><instruction code="OR T122,T6,0"/><instruction code="SETL T2498,8"/><instruction code="INCML T2498,0"/><instruction code="INCMH T2498,0"/><instruction code="INCH T2498,0"/><instruction code="NEG T2498,0,T2498"/><instruction code="OR T123,T2498,0"/><instruction code="ADD T2499,T122,T123"/><instruction code="OR T124,T2499,0"/><instruction code="OR T126,T6,0"/><instruction code="SETL T2500,8"/><instruction code="INCML T2500,0"/><instruction code="INCMH T2500,0"/><instruction code="INCH T2500,0"/><instruction code="NEG T2500,0,T2500"/><instruction code="OR T127,T2500,0"/><instruction code="ADD T2501,T126,T127"/><instruction code="OR T128,T2501,0"/><instruction code="LDO T2502,T128,0"/><instruction code="OR T129,T2502,0"/><instruction code="SETL T2503,1"/><instruction code="INCML T2503,0"/><instruction code="INCMH T2503,0"/><instruction code="INCH T2503,0"/><instruction code="OR T130,T2503,0"/><instruction code="ADD T2504,T129,T130"/><instruction code="OR T131,T2504,0"/><instruction code="STO T131,T124,0"/><instruction code="JMP L12"/><instruction code="L14"/><instruction code="SETL T2507,0"/><instruction code="INCML T2507,0"/><instruction code="INCMH T2507,0"/><instruction code="INCH T2507,0"/><instruction code="OR T132,T2507,0"/><instruction code="LDA T2508,L15"/><instruction code="OR T133,T2508,0"/><instruction code="STO T132,$254,0"/><instruction code="STO T133,$254,8"/><instruction code="PUSHJ $8,_putString"/><instruction code="LDO T2510,$254,0"/><instruction code="OR T134,T2510,0"/><instruction code="SETL T2511,0"/><instruction code="INCML T2511,0"/><instruction code="INCMH T2511,0"/><instruction code="INCH T2511,0"/><instruction code="OR T135,T2511,0"/><instruction code="SETL T2512,10"/><instruction code="INCML T2512,0"/><instruction code="INCMH T2512,0"/><instruction code="INCH T2512,0"/><instruction code="OR T136,T2512,0"/><instruction code="SETL T2513,256"/><instruction code="INCML T2513,0"/><instruction code="INCMH T2513,0"/><instruction code="INCH T2513,0"/><instruction code="OR T137,T2513,0"/><instruction code="DIV T2514,T136,T137"/><instruction code="GET T2514,rR"/><instruction code="OR T138,T2514,0"/><instruction code="STO T135,$254,0"/><instruction code="STO T138,$254,8"/><instruction code="PUSHJ $8,_putChar"/><instruction code="LDO T2516,$254,0"/><instruction code="OR T139,T2516,0"/><instruction code="OR T140,T6,0"/><instruction code="SETL T2517,8"/><instruction code="INCML T2517,0"/><instruction code="INCMH T2517,0"/><instruction code="INCH T2517,0"/><instruction code="NEG T2517,0,T2517"/><instruction code="OR T141,T2517,0"/><instruction code="ADD T2518,T140,T141"/><instruction code="OR T142,T2518,0"/><instruction code="SETL T2519,1"/><instruction code="INCML T2519,0"/><instruction code="INCMH T2519,0"/><instruction code="INCH T2519,0"/><instruction code="OR T144,T2519,0"/><instruction code="STO T144,T142,0"/><instruction code="L17"/><instruction code="OR T145,T6,0"/><instruction code="SETL T2521,8"/><instruction code="INCML T2521,0"/><instruction code="INCMH T2521,0"/><instruction code="INCH T2521,0"/><instruction code="NEG T2521,0,T2521"/><instruction code="OR T146,T2521,0"/><instruction code="ADD T2522,T145,T146"/><instruction code="OR T147,T2522,0"/><instruction code="LDO T2523,T147,0"/><instruction code="OR T148,T2523,0"/><instruction code="SETL T2524,10"/><instruction code="INCML T2524,0"/><instruction code="INCMH T2524,0"/><instruction code="INCH T2524,0"/><instruction code="OR T149,T2524,0"/><instruction code="CMP T2525,T148,T149"/><instruction code="ZSNP T2525,T2525,1"/><instruction code="OR T150,T2525,0"/><instruction code="BNZ T150,L18"/><instruction code="L108"/><instruction code="JMP L19"/><instruction code="L18"/><instruction code="SETL T2527,0"/><instruction code="INCML T2527,0"/><instruction code="INCMH T2527,0"/><instruction code="INCH T2527,0"/><instruction code="OR T151,T2527,0"/><instruction code="OR T152,T6,0"/><instruction code="SETL T2528,8"/><instruction code="INCML T2528,0"/><instruction code="INCMH T2528,0"/><instruction code="INCH T2528,0"/><instruction code="NEG T2528,0,T2528"/><instruction code="OR T153,T2528,0"/><instruction code="ADD T2529,T152,T153"/><instruction code="OR T154,T2529,0"/><instruction code="LDO T2530,T154,0"/><instruction code="OR T155,T2530,0"/><instruction code="STO T151,$254,0"/><instruction code="STO T155,$254,8"/><instruction code="PUSHJ $8,_putInt"/><instruction code="LDO T2532,$254,0"/><instruction code="OR T156,T2532,0"/><instruction code="SETL T2533,0"/><instruction code="INCML T2533,0"/><instruction code="INCMH T2533,0"/><instruction code="INCH T2533,0"/><instruction code="OR T157,T2533,0"/><instruction code="LDA T2534,L16"/><instruction code="OR T158,T2534,0"/><instruction code="STO T157,$254,0"/><instruction code="STO T158,$254,8"/><instruction code="PUSHJ $8,_putString"/><instruction code="LDO T2536,$254,0"/><instruction code="OR T159,T2536,0"/><instruction code="SETL T2537,0"/><instruction code="INCML T2537,0"/><instruction code="INCMH T2537,0"/><instruction code="INCH T2537,0"/><instruction code="OR T160,T2537,0"/><instruction code="SETL T2538,0"/><instruction code="INCML T2538,0"/><instruction code="INCMH T2538,0"/><instruction code="INCH T2538,0"/><instruction code="OR T161,T2538,0"/><instruction code="OR T162,T6,0"/><instruction code="SETL T2539,8"/><instruction code="INCML T2539,0"/><instruction code="INCMH T2539,0"/><instruction code="INCH T2539,0"/><instruction code="NEG T2539,0,T2539"/><instruction code="OR T163,T2539,0"/><instruction code="ADD T2540,T162,T163"/><instruction code="OR T164,T2540,0"/><instruction code="LDO T2541,T164,0"/><instruction code="OR T165,T2541,0"/><instruction code="STO T161,$254,0"/><instruction code="STO T165,$254,8"/><instruction code="PUSHJ $8,_fibItr"/><instruction code="LDO T2543,$254,0"/><instruction code="OR T166,T2543,0"/><instruction code="STO T160,$254,0"/><instruction code="STO T166,$254,8"/><instruction code="PUSHJ $8,_putInt"/><instruction code="LDO T2545,$254,0"/><instruction code="OR T167,T2545,0"/><instruction code="SETL T2546,0"/><instruction code="INCML T2546,0"/><instruction code="INCMH T2546,0"/><instruction code="INCH T2546,0"/><instruction code="OR T168,T2546,0"/><instruction code="SETL T2547,10"/><instruction code="INCML T2547,0"/><instruction code="INCMH T2547,0"/><instruction code="INCH T2547,0"/><instruction code="OR T169,T2547,0"/><instruction code="SETL T2548,256"/><instruction code="INCML T2548,0"/><instruction code="INCMH T2548,0"/><instruction code="INCH T2548,0"/><instruction code="OR T170,T2548,0"/><instruction code="DIV T2549,T169,T170"/><instruction code="GET T2549,rR"/><instruction code="OR T171,T2549,0"/><instruction code="STO T168,$254,0"/><instruction code="STO T171,$254,8"/><instruction code="PUSHJ $8,_putChar"/><instruction code="LDO T2551,$254,0"/><instruction code="OR T172,T2551,0"/><instruction code="OR T173,T6,0"/><instruction code="SETL T2552,8"/><instruction code="INCML T2552,0"/><instruction code="INCMH T2552,0"/><instruction code="INCH T2552,0"/><instruction code="NEG T2552,0,T2552"/><instruction code="OR T174,T2552,0"/><instruction code="ADD T2553,T173,T174"/><instruction code="OR T175,T2553,0"/><instruction code="OR T177,T6,0"/><instruction code="SETL T2554,8"/><instruction code="INCML T2554,0"/><instruction code="INCMH T2554,0"/><instruction code="INCH T2554,0"/><instruction code="NEG T2554,0,T2554"/><instruction code="OR T178,T2554,0"/><instruction code="ADD T2555,T177,T178"/><instruction code="OR T179,T2555,0"/><instruction code="LDO T2556,T179,0"/><instruction code="OR T180,T2556,0"/><instruction code="SETL T2557,1"/><instruction code="INCML T2557,0"/><instruction code="INCMH T2557,0"/><instruction code="INCH T2557,0"/><instruction code="OR T181,T2557,0"/><instruction code="ADD T2558,T180,T181"/><instruction code="OR T182,T2558,0"/><instruction code="STO T182,T175,0"/><instruction code="JMP L17"/><instruction code="L19"/><instruction code="SETL T2561,0"/><instruction code="INCML T2561,0"/><instruction code="INCMH T2561,0"/><instruction code="INCH T2561,0"/><instruction code="OR T183,T2561,0"/><instruction code="LDA T2562,L20"/><instruction code="OR T184,T2562,0"/><instruction code="STO T183,$254,0"/><instruction code="STO T184,$254,8"/><instruction code="PUSHJ $8,_putString"/><instruction code="LDO T2564,$254,0"/><instruction code="OR T185,T2564,0"/><instruction code="SETL T2565,0"/><instruction code="INCML T2565,0"/><instruction code="INCMH T2565,0"/><instruction code="INCH T2565,0"/><instruction code="OR T186,T2565,0"/><instruction code="SETL T2566,10"/><instruction code="INCML T2566,0"/><instruction code="INCMH T2566,0"/><instruction code="INCH T2566,0"/><instruction code="OR T187,T2566,0"/><instruction code="SETL T2567,256"/><instruction code="INCML T2567,0"/><instruction code="INCMH T2567,0"/><instruction code="INCH T2567,0"/><instruction code="OR T188,T2567,0"/><instruction code="DIV T2568,T187,T188"/><instruction code="GET T2568,rR"/><instruction code="OR T189,T2568,0"/><instruction code="STO T186,$254,0"/><instruction code="STO T189,$254,8"/><instruction code="PUSHJ $8,_putChar"/><instruction code="LDO T2570,$254,0"/><instruction code="OR T190,T2570,0"/><instruction code="OR T191,T6,0"/><instruction code="SETL T2571,8"/><instruction code="INCML T2571,0"/><instruction code="INCMH T2571,0"/><instruction code="INCH T2571,0"/><instruction code="NEG T2571,0,T2571"/><instruction code="OR T192,T2571,0"/><instruction code="ADD T2572,T191,T192"/><instruction code="OR T193,T2572,0"/><instruction code="SETL T2573,1"/><instruction code="INCML T2573,0"/><instruction code="INCMH T2573,0"/><instruction code="INCH T2573,0"/><instruction code="OR T195,T2573,0"/><instruction code="STO T195,T193,0"/><instruction code="L22"/><instruction code="OR T196,T6,0"/><instruction code="SETL T2575,8"/><instruction code="INCML T2575,0"/><instruction code="INCMH T2575,0"/><instruction code="INCH T2575,0"/><instruction code="NEG T2575,0,T2575"/><instruction code="OR T197,T2575,0"/><instruction code="ADD T2576,T196,T197"/><instruction code="OR T198,T2576,0"/><instruction code="LDO T2577,T198,0"/><instruction code="OR T199,T2577,0"/><instruction code="SETL T2578,10"/><instruction code="INCML T2578,0"/><instruction code="INCMH T2578,0"/><instruction code="INCH T2578,0"/><instruction code="OR T200,T2578,0"/><instruction code="CMP T2579,T199,T200"/><instruction code="ZSNP T2579,T2579,1"/><instruction code="OR T201,T2579,0"/><instruction code="BNZ T201,L23"/><instruction code="L109"/><instruction code="JMP L24"/><instruction code="L23"/><instruction code="SETL T2581,0"/><instruction code="INCML T2581,0"/><instruction code="INCMH T2581,0"/><instruction code="INCH T2581,0"/><instruction code="OR T202,T2581,0"/><instruction code="OR T203,T6,0"/><instruction code="SETL T2582,8"/><instruction code="INCML T2582,0"/><instruction code="INCMH T2582,0"/><instruction code="INCH T2582,0"/><instruction code="NEG T2582,0,T2582"/><instruction code="OR T204,T2582,0"/><instruction code="ADD T2583,T203,T204"/><instruction code="OR T205,T2583,0"/><instruction code="LDO T2584,T205,0"/><instruction code="OR T206,T2584,0"/><instruction code="STO T202,$254,0"/><instruction code="STO T206,$254,8"/><instruction code="PUSHJ $8,_putInt"/><instruction code="LDO T2586,$254,0"/><instruction code="OR T207,T2586,0"/><instruction code="SETL T2587,0"/><instruction code="INCML T2587,0"/><instruction code="INCMH T2587,0"/><instruction code="INCH T2587,0"/><instruction code="OR T208,T2587,0"/><instruction code="LDA T2588,L21"/><instruction code="OR T209,T2588,0"/><instruction code="STO T208,$254,0"/><instruction code="STO T209,$254,8"/><instruction code="PUSHJ $8,_putString"/><instruction code="LDO T2590,$254,0"/><instruction code="OR T210,T2590,0"/><instruction code="SETL T2591,0"/><instruction code="INCML T2591,0"/><instruction code="INCMH T2591,0"/><instruction code="INCH T2591,0"/><instruction code="OR T211,T2591,0"/><instruction code="SETL T2592,0"/><instruction code="INCML T2592,0"/><instruction code="INCMH T2592,0"/><instruction code="INCH T2592,0"/><instruction code="OR T212,T2592,0"/><instruction code="OR T213,T6,0"/><instruction code="SETL T2593,8"/><instruction code="INCML T2593,0"/><instruction code="INCMH T2593,0"/><instruction code="INCH T2593,0"/><instruction code="NEG T2593,0,T2593"/><instruction code="OR T214,T2593,0"/><instruction code="ADD T2594,T213,T214"/><instruction code="OR T215,T2594,0"/><instruction code="LDO T2595,T215,0"/><instruction code="OR T216,T2595,0"/><instruction code="STO T212,$254,0"/><instruction code="STO T216,$254,8"/><instruction code="PUSHJ $8,_fibRec"/><instruction code="LDO T2597,$254,0"/><instruction code="OR T217,T2597,0"/><instruction code="STO T211,$254,0"/><instruction code="STO T217,$254,8"/><instruction code="PUSHJ $8,_putInt"/><instruction code="LDO T2599,$254,0"/><instruction code="OR T218,T2599,0"/><instruction code="SETL T2600,0"/><instruction code="INCML T2600,0"/><instruction code="INCMH T2600,0"/><instruction code="INCH T2600,0"/><instruction code="OR T219,T2600,0"/><instruction code="SETL T2601,10"/><instruction code="INCML T2601,0"/><instruction code="INCMH T2601,0"/><instruction code="INCH T2601,0"/><instruction code="OR T220,T2601,0"/><instruction code="SETL T2602,256"/><instruction code="INCML T2602,0"/><instruction code="INCMH T2602,0"/><instruction code="INCH T2602,0"/><instruction code="OR T221,T2602,0"/><instruction code="DIV T2603,T220,T221"/><instruction code="GET T2603,rR"/><instruction code="OR T222,T2603,0"/><instruction code="STO T219,$254,0"/><instruction code="STO T222,$254,8"/><instruction code="PUSHJ $8,_putChar"/><instruction code="LDO T2605,$254,0"/><instruction code="OR T223,T2605,0"/><instruction code="OR T224,T6,0"/><instruction code="SETL T2606,8"/><instruction code="INCML T2606,0"/><instruction code="INCMH T2606,0"/><instruction code="INCH T2606,0"/><instruction code="NEG T2606,0,T2606"/><instruction code="OR T225,T2606,0"/><instruction code="ADD T2607,T224,T225"/><instruction code="OR T226,T2607,0"/><instruction code="OR T228,T6,0"/><instruction code="SETL T2608,8"/><instruction code="INCML T2608,0"/><instruction code="INCMH T2608,0"/><instruction code="INCH T2608,0"/><instruction code="NEG T2608,0,T2608"/><instruction code="OR T229,T2608,0"/><instruction code="ADD T2609,T228,T229"/><instruction code="OR T230,T2609,0"/><instruction code="LDO T2610,T230,0"/><instruction code="OR T231,T2610,0"/><instruction code="SETL T2611,1"/><instruction code="INCML T2611,0"/><instruction code="INCMH T2611,0"/><instruction code="INCH T2611,0"/><instruction code="OR T232,T2611,0"/><instruction code="ADD T2612,T231,T232"/><instruction code="OR T233,T2612,0"/><instruction code="STO T233,T226,0"/><instruction code="JMP L22"/><instruction code="L24"/><instruction code="SETL T2615,0"/><instruction code="INCML T2615,0"/><instruction code="INCMH T2615,0"/><instruction code="INCH T2615,0"/><instruction code="OR T234,T2615,0"/><instruction code="LDA T2616,L25"/><instruction code="OR T235,T2616,0"/><instruction code="STO T234,$254,0"/><instruction code="STO T235,$254,8"/><instruction code="PUSHJ $8,_putString"/><instruction code="LDO T2618,$254,0"/><instruction code="OR T236,T2618,0"/><instruction code="SETL T2619,0"/><instruction code="INCML T2619,0"/><instruction code="INCMH T2619,0"/><instruction code="INCH T2619,0"/><instruction code="OR T237,T2619,0"/><instruction code="SETL T2620,10"/><instruction code="INCML T2620,0"/><instruction code="INCMH T2620,0"/><instruction code="INCH T2620,0"/><instruction code="OR T238,T2620,0"/><instruction code="SETL T2621,256"/><instruction code="INCML T2621,0"/><instruction code="INCMH T2621,0"/><instruction code="INCH T2621,0"/><instruction code="OR T239,T2621,0"/><instruction code="DIV T2622,T238,T239"/><instruction code="GET T2622,rR"/><instruction code="OR T240,T2622,0"/><instruction code="STO T237,$254,0"/><instruction code="STO T240,$254,8"/><instruction code="PUSHJ $8,_putChar"/><instruction code="LDO T2624,$254,0"/><instruction code="OR T241,T2624,0"/><instruction code="SETL T2625,0"/><instruction code="INCML T2625,0"/><instruction code="INCMH T2625,0"/><instruction code="INCH T2625,0"/><instruction code="OR T242,T2625,0"/><instruction code="SETL T2626,4"/><instruction code="INCML T2626,0"/><instruction code="INCMH T2626,0"/><instruction code="INCH T2626,0"/><instruction code="OR T243,T2626,0"/><instruction code="SETL T2627,3"/><instruction code="INCML T2627,0"/><instruction code="INCMH T2627,0"/><instruction code="INCH T2627,0"/><instruction code="OR T244,T2627,0"/><instruction code="STO T242,$254,0"/><instruction code="STO T243,$254,8"/><instruction code="STO T244,$254,16"/><instruction code="PUSHJ $8,_combs"/><instruction code="LDO T2629,$254,0"/><instruction code="OR T245,T2629,0"/><instruction code="SETL T2630,0"/><instruction code="INCML T2630,0"/><instruction code="INCMH T2630,0"/><instruction code="INCH T2630,0"/><instruction code="OR T246,T2630,0"/><instruction code="LDA T2631,L26"/><instruction code="OR T247,T2631,0"/><instruction code="STO T246,$254,0"/><instruction code="STO T247,$254,8"/><instruction code="PUSHJ $8,_putString"/><instruction code="LDO T2633,$254,0"/><instruction code="OR T248,T2633,0"/><instruction code="SETL T2634,0"/><instruction code="INCML T2634,0"/><instruction code="INCMH T2634,0"/><instruction code="INCH T2634,0"/><instruction code="OR T249,T2634,0"/><instruction code="SETL T2635,10"/><instruction code="INCML T2635,0"/><instruction code="INCMH T2635,0"/><instruction code="INCH T2635,0"/><instruction code="OR T250,T2635,0"/><instruction code="SETL T2636,256"/><instruction code="INCML T2636,0"/><instruction code="INCMH T2636,0"/><instruction code="INCH T2636,0"/><instruction code="OR T251,T2636,0"/><instruction code="DIV T2637,T250,T251"/><instruction code="GET T2637,rR"/><instruction code="OR T252,T2637,0"/><instruction code="STO T249,$254,0"/><instruction code="STO T252,$254,8"/><instruction code="PUSHJ $8,_putChar"/><instruction code="LDO T2639,$254,0"/><instruction code="OR T253,T2639,0"/><instruction code="OR T254,T6,0"/><instruction code="SETL T2640,664"/><instruction code="INCML T2640,0"/><instruction code="INCMH T2640,0"/><instruction code="INCH T2640,0"/><instruction code="NEG T2640,0,T2640"/><instruction code="OR T255,T2640,0"/><instruction code="ADD T2641,T254,T255"/><instruction code="OR T256,T2641,0"/><instruction code="SETL T2642,0"/><instruction code="INCML T2642,0"/><instruction code="INCMH T2642,0"/><instruction code="INCH T2642,0"/><instruction code="OR T257,T2642,0"/><instruction code="SETL T2643,72"/><instruction code="INCML T2643,0"/><instruction code="INCMH T2643,0"/><instruction code="INCH T2643,0"/><instruction code="OR T258,T2643,0"/><instruction code="MUL T2644,T257,T258"/><instruction code="OR T259,T2644,0"/><instruction code="ADD T2645,T256,T259"/><instruction code="OR T260,T2645,0"/><instruction code="SETL T2646,0"/><instruction code="INCML T2646,0"/><instruction code="INCMH T2646,0"/><instruction code="INCH T2646,0"/><instruction code="OR T261,T2646,0"/><instruction code="SETL T2647,8"/><instruction code="INCML T2647,0"/><instruction code="INCMH T2647,0"/><instruction code="INCH T2647,0"/><instruction code="OR T262,T2647,0"/><instruction code="MUL T2648,T261,T262"/><instruction code="OR T263,T2648,0"/><instruction code="ADD T2649,T260,T263"/><instruction code="OR T264,T2649,0"/><instruction code="SETL T2650,0"/><instruction code="INCML T2650,0"/><instruction code="INCMH T2650,0"/><instruction code="INCH T2650,0"/><instruction code="OR T266,T2650,0"/><instruction code="STO T266,T264,0"/><instruction code="OR T267,T6,0"/><instruction code="SETL T2652,664"/><instruction code="INCML T2652,0"/><instruction code="INCMH T2652,0"/><instruction code="INCH T2652,0"/><instruction code="NEG T2652,0,T2652"/><instruction code="OR T268,T2652,0"/><instruction code="ADD T2653,T267,T268"/><instruction code="OR T269,T2653,0"/><instruction code="SETL T2654,0"/><instruction code="INCML T2654,0"/><instruction code="INCMH T2654,0"/><instruction code="INCH T2654,0"/><instruction code="OR T270,T2654,0"/><instruction code="SETL T2655,72"/><instruction code="INCML T2655,0"/><instruction code="INCMH T2655,0"/><instruction code="INCH T2655,0"/><instruction code="OR T271,T2655,0"/><instruction code="MUL T2656,T270,T271"/><instruction code="OR T272,T2656,0"/><instruction code="ADD T2657,T269,T272"/><instruction code="OR T273,T2657,0"/><instruction code="SETL T2658,1"/><instruction code="INCML T2658,0"/><instruction code="INCMH T2658,0"/><instruction code="INCH T2658,0"/><instruction code="OR T274,T2658,0"/><instruction code="SETL T2659,8"/><instruction code="INCML T2659,0"/><instruction code="INCMH T2659,0"/><instruction code="INCH T2659,0"/><instruction code="OR T275,T2659,0"/><instruction code="MUL T2660,T274,T275"/><instruction code="OR T276,T2660,0"/><instruction code="ADD T2661,T273,T276"/><instruction code="OR T277,T2661,0"/><instruction code="SETL T2662,0"/><instruction code="INCML T2662,0"/><instruction code="INCMH T2662,0"/><instruction code="INCH T2662,0"/><instruction code="OR T279,T2662,0"/><instruction code="STO T279,T277,0"/><instruction code="OR T280,T6,0"/><instruction code="SETL T2664,664"/><instruction code="INCML T2664,0"/><instruction code="INCMH T2664,0"/><instruction code="INCH T2664,0"/><instruction code="NEG T2664,0,T2664"/><instruction code="OR T281,T2664,0"/><instruction code="ADD T2665,T280,T281"/><instruction code="OR T282,T2665,0"/><instruction code="SETL T2666,0"/><instruction code="INCML T2666,0"/><instruction code="INCMH T2666,0"/><instruction code="INCH T2666,0"/><instruction code="OR T283,T2666,0"/><instruction code="SETL T2667,72"/><instruction code="INCML T2667,0"/><instruction code="INCMH T2667,0"/><instruction code="INCH T2667,0"/><instruction code="OR T284,T2667,0"/><instruction code="MUL T2668,T283,T284"/><instruction code="OR T285,T2668,0"/><instruction code="ADD T2669,T282,T285"/><instruction code="OR T286,T2669,0"/><instruction code="SETL T2670,2"/><instruction code="INCML T2670,0"/><instruction code="INCMH T2670,0"/><instruction code="INCH T2670,0"/><instruction code="OR T287,T2670,0"/><instruction code="SETL T2671,8"/><instruction code="INCML T2671,0"/><instruction code="INCMH T2671,0"/><instruction code="INCH T2671,0"/><instruction code="OR T288,T2671,0"/><instruction code="MUL T2672,T287,T288"/><instruction code="OR T289,T2672,0"/><instruction code="ADD T2673,T286,T289"/><instruction code="OR T290,T2673,0"/><instruction code="SETL T2674,3"/><instruction code="INCML T2674,0"/><instruction code="INCMH T2674,0"/><instruction code="INCH T2674,0"/><instruction code="OR T292,T2674,0"/><instruction code="STO T292,T290,0"/><instruction code="OR T293,T6,0"/><instruction code="SETL T2676,664"/><instruction code="INCML T2676,0"/><instruction code="INCMH T2676,0"/><instruction code="INCH T2676,0"/><instruction code="NEG T2676,0,T2676"/><instruction code="OR T294,T2676,0"/><instruction code="ADD T2677,T293,T294"/><instruction code="OR T295,T2677,0"/><instruction code="SETL T2678,0"/><instruction code="INCML T2678,0"/><instruction code="INCMH T2678,0"/><instruction code="INCH T2678,0"/><instruction code="OR T296,T2678,0"/><instruction code="SETL T2679,72"/><instruction code="INCML T2679,0"/><instruction code="INCMH T2679,0"/><instruction code="INCH T2679,0"/><instruction code="OR T297,T2679,0"/><instruction code="MUL T2680,T296,T297"/><instruction code="OR T298,T2680,0"/><instruction code="ADD T2681,T295,T298"/><instruction code="OR T299,T2681,0"/><instruction code="SETL T2682,3"/><instruction code="INCML T2682,0"/><instruction code="INCMH T2682,0"/><instruction code="INCH T2682,0"/><instruction code="OR T300,T2682,0"/><instruction code="SETL T2683,8"/><instruction code="INCML T2683,0"/><instruction code="INCMH T2683,0"/><instruction code="INCH T2683,0"/><instruction code="OR T301,T2683,0"/><instruction code="MUL T2684,T300,T301"/><instruction code="OR T302,T2684,0"/><instruction code="ADD T2685,T299,T302"/><instruction code="OR T303,T2685,0"/><instruction code="SETL T2686,0"/><instruction code="INCML T2686,0"/><instruction code="INCMH T2686,0"/><instruction code="INCH T2686,0"/><instruction code="OR T305,T2686,0"/><instruction code="STO T305,T303,0"/><instruction code="OR T306,T6,0"/><instruction code="SETL T2688,664"/><instruction code="INCML T2688,0"/><instruction code="INCMH T2688,0"/><instruction code="INCH T2688,0"/><instruction code="NEG T2688,0,T2688"/><instruction code="OR T307,T2688,0"/><instruction code="ADD T2689,T306,T307"/><instruction code="OR T308,T2689,0"/><instruction code="SETL T2690,0"/><instruction code="INCML T2690,0"/><instruction code="INCMH T2690,0"/><instruction code="INCH T2690,0"/><instruction code="OR T309,T2690,0"/><instruction code="SETL T2691,72"/><instruction code="INCML T2691,0"/><instruction code="INCMH T2691,0"/><instruction code="INCH T2691,0"/><instruction code="OR T310,T2691,0"/><instruction code="MUL T2692,T309,T310"/><instruction code="OR T311,T2692,0"/><instruction code="ADD T2693,T308,T311"/><instruction code="OR T312,T2693,0"/><instruction code="SETL T2694,4"/><instruction code="INCML T2694,0"/><instruction code="INCMH T2694,0"/><instruction code="INCH T2694,0"/><instruction code="OR T313,T2694,0"/><instruction code="SETL T2695,8"/><instruction code="INCML T2695,0"/><instruction code="INCMH T2695,0"/><instruction code="INCH T2695,0"/><instruction code="OR T314,T2695,0"/><instruction code="MUL T2696,T313,T314"/><instruction code="OR T315,T2696,0"/><instruction code="ADD T2697,T312,T315"/><instruction code="OR T316,T2697,0"/><instruction code="SETL T2698,0"/><instruction code="INCML T2698,0"/><instruction code="INCMH T2698,0"/><instruction code="INCH T2698,0"/><instruction code="OR T318,T2698,0"/><instruction code="STO T318,T316,0"/><instruction code="OR T319,T6,0"/><instruction code="SETL T2700,664"/><instruction code="INCML T2700,0"/><instruction code="INCMH T2700,0"/><instruction code="INCH T2700,0"/><instruction code="NEG T2700,0,T2700"/><instruction code="OR T320,T2700,0"/><instruction code="ADD T2701,T319,T320"/><instruction code="OR T321,T2701,0"/><instruction code="SETL T2702,0"/><instruction code="INCML T2702,0"/><instruction code="INCMH T2702,0"/><instruction code="INCH T2702,0"/><instruction code="OR T322,T2702,0"/><instruction code="SETL T2703,72"/><instruction code="INCML T2703,0"/><instruction code="INCMH T2703,0"/><instruction code="INCH T2703,0"/><instruction code="OR T323,T2703,0"/><instruction code="MUL T2704,T322,T323"/><instruction code="OR T324,T2704,0"/><instruction code="ADD T2705,T321,T324"/><instruction code="OR T325,T2705,0"/><instruction code="SETL T2706,5"/><instruction code="INCML T2706,0"/><instruction code="INCMH T2706,0"/><instruction code="INCH T2706,0"/><instruction code="OR T326,T2706,0"/><instruction code="SETL T2707,8"/><instruction code="INCML T2707,0"/><instruction code="INCMH T2707,0"/><instruction code="INCH T2707,0"/><instruction code="OR T327,T2707,0"/><instruction code="MUL T2708,T326,T327"/><instruction code="OR T328,T2708,0"/><instruction code="ADD T2709,T325,T328"/><instruction code="OR T329,T2709,0"/><instruction code="SETL T2710,0"/><instruction code="INCML T2710,0"/><instruction code="INCMH T2710,0"/><instruction code="INCH T2710,0"/><instruction code="OR T331,T2710,0"/><instruction code="STO T331,T329,0"/><instruction code="OR T332,T6,0"/><instruction code="SETL T2712,664"/><instruction code="INCML T2712,0"/><instruction code="INCMH T2712,0"/><instruction code="INCH T2712,0"/><instruction code="NEG T2712,0,T2712"/><instruction code="OR T333,T2712,0"/><instruction code="ADD T2713,T332,T333"/><instruction code="OR T334,T2713,0"/><instruction code="SETL T2714,0"/><instruction code="INCML T2714,0"/><instruction code="INCMH T2714,0"/><instruction code="INCH T2714,0"/><instruction code="OR T335,T2714,0"/><instruction code="SETL T2715,72"/><instruction code="INCML T2715,0"/><instruction code="INCMH T2715,0"/><instruction code="INCH T2715,0"/><instruction code="OR T336,T2715,0"/><instruction code="MUL T2716,T335,T336"/><instruction code="OR T337,T2716,0"/><instruction code="ADD T2717,T334,T337"/><instruction code="OR T338,T2717,0"/><instruction code="SETL T2718,6"/><instruction code="INCML T2718,0"/><instruction code="INCMH T2718,0"/><instruction code="INCH T2718,0"/><instruction code="OR T339,T2718,0"/><instruction code="SETL T2719,8"/><instruction code="INCML T2719,0"/><instruction code="INCMH T2719,0"/><instruction code="INCH T2719,0"/><instruction code="OR T340,T2719,0"/><instruction code="MUL T2720,T339,T340"/><instruction code="OR T341,T2720,0"/><instruction code="ADD T2721,T338,T341"/><instruction code="OR T342,T2721,0"/><instruction code="SETL T2722,0"/><instruction code="INCML T2722,0"/><instruction code="INCMH T2722,0"/><instruction code="INCH T2722,0"/><instruction code="OR T344,T2722,0"/><instruction code="STO T344,T342,0"/><instruction code="OR T345,T6,0"/><instruction code="SETL T2724,664"/><instruction code="INCML T2724,0"/><instruction code="INCMH T2724,0"/><instruction code="INCH T2724,0"/><instruction code="NEG T2724,0,T2724"/><instruction code="OR T346,T2724,0"/><instruction code="ADD T2725,T345,T346"/><instruction code="OR T347,T2725,0"/><instruction code="SETL T2726,0"/><instruction code="INCML T2726,0"/><instruction code="INCMH T2726,0"/><instruction code="INCH T2726,0"/><instruction code="OR T348,T2726,0"/><instruction code="SETL T2727,72"/><instruction code="INCML T2727,0"/><instruction code="INCMH T2727,0"/><instruction code="INCH T2727,0"/><instruction code="OR T349,T2727,0"/><instruction code="MUL T2728,T348,T349"/><instruction code="OR T350,T2728,0"/><instruction code="ADD T2729,T347,T350"/><instruction code="OR T351,T2729,0"/><instruction code="SETL T2730,7"/><instruction code="INCML T2730,0"/><instruction code="INCMH T2730,0"/><instruction code="INCH T2730,0"/><instruction code="OR T352,T2730,0"/><instruction code="SETL T2731,8"/><instruction code="INCML T2731,0"/><instruction code="INCMH T2731,0"/><instruction code="INCH T2731,0"/><instruction code="OR T353,T2731,0"/><instruction code="MUL T2732,T352,T353"/><instruction code="OR T354,T2732,0"/><instruction code="ADD T2733,T351,T354"/><instruction code="OR T355,T2733,0"/><instruction code="SETL T2734,9"/><instruction code="INCML T2734,0"/><instruction code="INCMH T2734,0"/><instruction code="INCH T2734,0"/><instruction code="OR T357,T2734,0"/><instruction code="STO T357,T355,0"/><instruction code="OR T358,T6,0"/><instruction code="SETL T2736,664"/><instruction code="INCML T2736,0"/><instruction code="INCMH T2736,0"/><instruction code="INCH T2736,0"/><instruction code="NEG T2736,0,T2736"/><instruction code="OR T359,T2736,0"/><instruction code="ADD T2737,T358,T359"/><instruction code="OR T360,T2737,0"/><instruction code="SETL T2738,0"/><instruction code="INCML T2738,0"/><instruction code="INCMH T2738,0"/><instruction code="INCH T2738,0"/><instruction code="OR T361,T2738,0"/><instruction code="SETL T2739,72"/><instruction code="INCML T2739,0"/><instruction code="INCMH T2739,0"/><instruction code="INCH T2739,0"/><instruction code="OR T362,T2739,0"/><instruction code="MUL T2740,T361,T362"/><instruction code="OR T363,T2740,0"/><instruction code="ADD T2741,T360,T363"/><instruction code="OR T364,T2741,0"/><instruction code="SETL T2742,8"/><instruction code="INCML T2742,0"/><instruction code="INCMH T2742,0"/><instruction code="INCH T2742,0"/><instruction code="OR T365,T2742,0"/><instruction code="SETL T2743,8"/><instruction code="INCML T2743,0"/><instruction code="INCMH T2743,0"/><instruction code="INCH T2743,0"/><instruction code="OR T366,T2743,0"/><instruction code="MUL T2744,T365,T366"/><instruction code="OR T367,T2744,0"/><instruction code="ADD T2745,T364,T367"/><instruction code="OR T368,T2745,0"/><instruction code="SETL T2746,0"/><instruction code="INCML T2746,0"/><instruction code="INCMH T2746,0"/><instruction code="INCH T2746,0"/><instruction code="OR T370,T2746,0"/><instruction code="STO T370,T368,0"/><instruction code="OR T371,T6,0"/><instruction code="SETL T2748,664"/><instruction code="INCML T2748,0"/><instruction code="INCMH T2748,0"/><instruction code="INCH T2748,0"/><instruction code="NEG T2748,0,T2748"/><instruction code="OR T372,T2748,0"/><instruction code="ADD T2749,T371,T372"/><instruction code="OR T373,T2749,0"/><instruction code="SETL T2750,1"/><instruction code="INCML T2750,0"/><instruction code="INCMH T2750,0"/><instruction code="INCH T2750,0"/><instruction code="OR T374,T2750,0"/><instruction code="SETL T2751,72"/><instruction code="INCML T2751,0"/><instruction code="INCMH T2751,0"/><instruction code="INCH T2751,0"/><instruction code="OR T375,T2751,0"/><instruction code="MUL T2752,T374,T375"/><instruction code="OR T376,T2752,0"/><instruction code="ADD T2753,T373,T376"/><instruction code="OR T377,T2753,0"/><instruction code="SETL T2754,0"/><instruction code="INCML T2754,0"/><instruction code="INCMH T2754,0"/><instruction code="INCH T2754,0"/><instruction code="OR T378,T2754,0"/><instruction code="SETL T2755,8"/><instruction code="INCML T2755,0"/><instruction code="INCMH T2755,0"/><instruction code="INCH T2755,0"/><instruction code="OR T379,T2755,0"/><instruction code="MUL T2756,T378,T379"/><instruction code="OR T380,T2756,0"/><instruction code="ADD T2757,T377,T380"/><instruction code="OR T381,T2757,0"/><instruction code="SETL T2758,9"/><instruction code="INCML T2758,0"/><instruction code="INCMH T2758,0"/><instruction code="INCH T2758,0"/><instruction code="OR T383,T2758,0"/><instruction code="STO T383,T381,0"/><instruction code="OR T384,T6,0"/><instruction code="SETL T2760,664"/><instruction code="INCML T2760,0"/><instruction code="INCMH T2760,0"/><instruction code="INCH T2760,0"/><instruction code="NEG T2760,0,T2760"/><instruction code="OR T385,T2760,0"/><instruction code="ADD T2761,T384,T385"/><instruction code="OR T386,T2761,0"/><instruction code="SETL T2762,1"/><instruction code="INCML T2762,0"/><instruction code="INCMH T2762,0"/><instruction code="INCH T2762,0"/><instruction code="OR T387,T2762,0"/><instruction code="SETL T2763,72"/><instruction code="INCML T2763,0"/><instruction code="INCMH T2763,0"/><instruction code="INCH T2763,0"/><instruction code="OR T388,T2763,0"/><instruction code="MUL T2764,T387,T388"/><instruction code="OR T389,T2764,0"/><instruction code="ADD T2765,T386,T389"/><instruction code="OR T390,T2765,0"/><instruction code="SETL T2766,1"/><instruction code="INCML T2766,0"/><instruction code="INCMH T2766,0"/><instruction code="INCH T2766,0"/><instruction code="OR T391,T2766,0"/><instruction code="SETL T2767,8"/><instruction code="INCML T2767,0"/><instruction code="INCMH T2767,0"/><instruction code="INCH T2767,0"/><instruction code="OR T392,T2767,0"/><instruction code="MUL T2768,T391,T392"/><instruction code="OR T393,T2768,0"/><instruction code="ADD T2769,T390,T393"/><instruction code="OR T394,T2769,0"/><instruction code="SETL T2770,0"/><instruction code="INCML T2770,0"/><instruction code="INCMH T2770,0"/><instruction code="INCH T2770,0"/><instruction code="OR T396,T2770,0"/><instruction code="STO T396,T394,0"/><instruction code="OR T397,T6,0"/><instruction code="SETL T2772,664"/><instruction code="INCML T2772,0"/><instruction code="INCMH T2772,0"/><instruction code="INCH T2772,0"/><instruction code="NEG T2772,0,T2772"/><instruction code="OR T398,T2772,0"/><instruction code="ADD T2773,T397,T398"/><instruction code="OR T399,T2773,0"/><instruction code="SETL T2774,1"/><instruction code="INCML T2774,0"/><instruction code="INCMH T2774,0"/><instruction code="INCH T2774,0"/><instruction code="OR T400,T2774,0"/><instruction code="SETL T2775,72"/><instruction code="INCML T2775,0"/><instruction code="INCMH T2775,0"/><instruction code="INCH T2775,0"/><instruction code="OR T401,T2775,0"/><instruction code="MUL T2776,T400,T401"/><instruction code="OR T402,T2776,0"/><instruction code="ADD T2777,T399,T402"/><instruction code="OR T403,T2777,0"/><instruction code="SETL T2778,2"/><instruction code="INCML T2778,0"/><instruction code="INCMH T2778,0"/><instruction code="INCH T2778,0"/><instruction code="OR T404,T2778,0"/><instruction code="SETL T2779,8"/><instruction code="INCML T2779,0"/><instruction code="INCMH T2779,0"/><instruction code="INCH T2779,0"/><instruction code="OR T405,T2779,0"/><instruction code="MUL T2780,T404,T405"/><instruction code="OR T406,T2780,0"/><instruction code="ADD T2781,T403,T406"/><instruction code="OR T407,T2781,0"/><instruction code="SETL T2782,0"/><instruction code="INCML T2782,0"/><instruction code="INCMH T2782,0"/><instruction code="INCH T2782,0"/><instruction code="OR T409,T2782,0"/><instruction code="STO T409,T407,0"/><instruction code="OR T410,T6,0"/><instruction code="SETL T2784,664"/><instruction code="INCML T2784,0"/><instruction code="INCMH T2784,0"/><instruction code="INCH T2784,0"/><instruction code="NEG T2784,0,T2784"/><instruction code="OR T411,T2784,0"/><instruction code="ADD T2785,T410,T411"/><instruction code="OR T412,T2785,0"/><instruction code="SETL T2786,1"/><instruction code="INCML T2786,0"/><instruction code="INCMH T2786,0"/><instruction code="INCH T2786,0"/><instruction code="OR T413,T2786,0"/><instruction code="SETL T2787,72"/><instruction code="INCML T2787,0"/><instruction code="INCMH T2787,0"/><instruction code="INCH T2787,0"/><instruction code="OR T414,T2787,0"/><instruction code="MUL T2788,T413,T414"/><instruction code="OR T415,T2788,0"/><instruction code="ADD T2789,T412,T415"/><instruction code="OR T416,T2789,0"/><instruction code="SETL T2790,3"/><instruction code="INCML T2790,0"/><instruction code="INCMH T2790,0"/><instruction code="INCH T2790,0"/><instruction code="OR T417,T2790,0"/><instruction code="SETL T2791,8"/><instruction code="INCML T2791,0"/><instruction code="INCMH T2791,0"/><instruction code="INCH T2791,0"/><instruction code="OR T418,T2791,0"/><instruction code="MUL T2792,T417,T418"/><instruction code="OR T419,T2792,0"/><instruction code="ADD T2793,T416,T419"/><instruction code="OR T420,T2793,0"/><instruction code="SETL T2794,0"/><instruction code="INCML T2794,0"/><instruction code="INCMH T2794,0"/><instruction code="INCH T2794,0"/><instruction code="OR T422,T2794,0"/><instruction code="STO T422,T420,0"/><instruction code="OR T423,T6,0"/><instruction code="SETL T2796,664"/><instruction code="INCML T2796,0"/><instruction code="INCMH T2796,0"/><instruction code="INCH T2796,0"/><instruction code="NEG T2796,0,T2796"/><instruction code="OR T424,T2796,0"/><instruction code="ADD T2797,T423,T424"/><instruction code="OR T425,T2797,0"/><instruction code="SETL T2798,1"/><instruction code="INCML T2798,0"/><instruction code="INCMH T2798,0"/><instruction code="INCH T2798,0"/><instruction code="OR T426,T2798,0"/><instruction code="SETL T2799,72"/><instruction code="INCML T2799,0"/><instruction code="INCMH T2799,0"/><instruction code="INCH T2799,0"/><instruction code="OR T427,T2799,0"/><instruction code="MUL T2800,T426,T427"/><instruction code="OR T428,T2800,0"/><instruction code="ADD T2801,T425,T428"/><instruction code="OR T429,T2801,0"/><instruction code="SETL T2802,4"/><instruction code="INCML T2802,0"/><instruction code="INCMH T2802,0"/><instruction code="INCH T2802,0"/><instruction code="OR T430,T2802,0"/><instruction code="SETL T2803,8"/><instruction code="INCML T2803,0"/><instruction code="INCMH T2803,0"/><instruction code="INCH T2803,0"/><instruction code="OR T431,T2803,0"/><instruction code="MUL T2804,T430,T431"/><instruction code="OR T432,T2804,0"/><instruction code="ADD T2805,T429,T432"/><instruction code="OR T433,T2805,0"/><instruction code="SETL T2806,8"/><instruction code="INCML T2806,0"/><instruction code="INCMH T2806,0"/><instruction code="INCH T2806,0"/><instruction code="OR T435,T2806,0"/><instruction code="STO T435,T433,0"/><instruction code="OR T436,T6,0"/><instruction code="SETL T2808,664"/><instruction code="INCML T2808,0"/><instruction code="INCMH T2808,0"/><instruction code="INCH T2808,0"/><instruction code="NEG T2808,0,T2808"/><instruction code="OR T437,T2808,0"/><instruction code="ADD T2809,T436,T437"/><instruction code="OR T438,T2809,0"/><instruction code="SETL T2810,1"/><instruction code="INCML T2810,0"/><instruction code="INCMH T2810,0"/><instruction code="INCH T2810,0"/><instruction code="OR T439,T2810,0"/><instruction code="SETL T2811,72"/><instruction code="INCML T2811,0"/><instruction code="INCMH T2811,0"/><instruction code="INCH T2811,0"/><instruction code="OR T440,T2811,0"/><instruction code="MUL T2812,T439,T440"/><instruction code="OR T441,T2812,0"/><instruction code="ADD T2813,T438,T441"/><instruction code="OR T442,T2813,0"/><instruction code="SETL T2814,5"/><instruction code="INCML T2814,0"/><instruction code="INCMH T2814,0"/><instruction code="INCH T2814,0"/><instruction code="OR T443,T2814,0"/><instruction code="SETL T2815,8"/><instruction code="INCML T2815,0"/><instruction code="INCMH T2815,0"/><instruction code="INCH T2815,0"/><instruction code="OR T444,T2815,0"/><instruction code="MUL T2816,T443,T444"/><instruction code="OR T445,T2816,0"/><instruction code="ADD T2817,T442,T445"/><instruction code="OR T446,T2817,0"/><instruction code="SETL T2818,4"/><instruction code="INCML T2818,0"/><instruction code="INCMH T2818,0"/><instruction code="INCH T2818,0"/><instruction code="OR T448,T2818,0"/><instruction code="STO T448,T446,0"/><instruction code="OR T449,T6,0"/><instruction code="SETL T2820,664"/><instruction code="INCML T2820,0"/><instruction code="INCMH T2820,0"/><instruction code="INCH T2820,0"/><instruction code="NEG T2820,0,T2820"/><instruction code="OR T450,T2820,0"/><instruction code="ADD T2821,T449,T450"/><instruction code="OR T451,T2821,0"/><instruction code="SETL T2822,1"/><instruction code="INCML T2822,0"/><instruction code="INCMH T2822,0"/><instruction code="INCH T2822,0"/><instruction code="OR T452,T2822,0"/><instruction code="SETL T2823,72"/><instruction code="INCML T2823,0"/><instruction code="INCMH T2823,0"/><instruction code="INCH T2823,0"/><instruction code="OR T453,T2823,0"/><instruction code="MUL T2824,T452,T453"/><instruction code="OR T454,T2824,0"/><instruction code="ADD T2825,T451,T454"/><instruction code="OR T455,T2825,0"/><instruction code="SETL T2826,6"/><instruction code="INCML T2826,0"/><instruction code="INCMH T2826,0"/><instruction code="INCH T2826,0"/><instruction code="OR T456,T2826,0"/><instruction code="SETL T2827,8"/><instruction code="INCML T2827,0"/><instruction code="INCMH T2827,0"/><instruction code="INCH T2827,0"/><instruction code="OR T457,T2827,0"/><instruction code="MUL T2828,T456,T457"/><instruction code="OR T458,T2828,0"/><instruction code="ADD T2829,T455,T458"/><instruction code="OR T459,T2829,0"/><instruction code="SETL T2830,0"/><instruction code="INCML T2830,0"/><instruction code="INCMH T2830,0"/><instruction code="INCH T2830,0"/><instruction code="OR T461,T2830,0"/><instruction code="STO T461,T459,0"/><instruction code="OR T462,T6,0"/><instruction code="SETL T2832,664"/><instruction code="INCML T2832,0"/><instruction code="INCMH T2832,0"/><instruction code="INCH T2832,0"/><instruction code="NEG T2832,0,T2832"/><instruction code="OR T463,T2832,0"/><instruction code="ADD T2833,T462,T463"/><instruction code="OR T464,T2833,0"/><instruction code="SETL T2834,1"/><instruction code="INCML T2834,0"/><instruction code="INCMH T2834,0"/><instruction code="INCH T2834,0"/><instruction code="OR T465,T2834,0"/><instruction code="SETL T2835,72"/><instruction code="INCML T2835,0"/><instruction code="INCMH T2835,0"/><instruction code="INCH T2835,0"/><instruction code="OR T466,T2835,0"/><instruction code="MUL T2836,T465,T466"/><instruction code="OR T467,T2836,0"/><instruction code="ADD T2837,T464,T467"/><instruction code="OR T468,T2837,0"/><instruction code="SETL T2838,7"/><instruction code="INCML T2838,0"/><instruction code="INCMH T2838,0"/><instruction code="INCH T2838,0"/><instruction code="OR T469,T2838,0"/><instruction code="SETL T2839,8"/><instruction code="INCML T2839,0"/><instruction code="INCMH T2839,0"/><instruction code="INCH T2839,0"/><instruction code="OR T470,T2839,0"/><instruction code="MUL T2840,T469,T470"/><instruction code="OR T471,T2840,0"/><instruction code="ADD T2841,T468,T471"/><instruction code="OR T472,T2841,0"/><instruction code="SETL T2842,0"/><instruction code="INCML T2842,0"/><instruction code="INCMH T2842,0"/><instruction code="INCH T2842,0"/><instruction code="OR T474,T2842,0"/><instruction code="STO T474,T472,0"/><instruction code="OR T475,T6,0"/><instruction code="SETL T2844,664"/><instruction code="INCML T2844,0"/><instruction code="INCMH T2844,0"/><instruction code="INCH T2844,0"/><instruction code="NEG T2844,0,T2844"/><instruction code="OR T476,T2844,0"/><instruction code="ADD T2845,T475,T476"/><instruction code="OR T477,T2845,0"/><instruction code="SETL T2846,1"/><instruction code="INCML T2846,0"/><instruction code="INCMH T2846,0"/><instruction code="INCH T2846,0"/><instruction code="OR T478,T2846,0"/><instruction code="SETL T2847,72"/><instruction code="INCML T2847,0"/><instruction code="INCMH T2847,0"/><instruction code="INCH T2847,0"/><instruction code="OR T479,T2847,0"/><instruction code="MUL T2848,T478,T479"/><instruction code="OR T480,T2848,0"/><instruction code="ADD T2849,T477,T480"/><instruction code="OR T481,T2849,0"/><instruction code="SETL T2850,8"/><instruction code="INCML T2850,0"/><instruction code="INCMH T2850,0"/><instruction code="INCH T2850,0"/><instruction code="OR T482,T2850,0"/><instruction code="SETL T2851,8"/><instruction code="INCML T2851,0"/><instruction code="INCMH T2851,0"/><instruction code="INCH T2851,0"/><instruction code="OR T483,T2851,0"/><instruction code="MUL T2852,T482,T483"/><instruction code="OR T484,T2852,0"/><instruction code="ADD T2853,T481,T484"/><instruction code="OR T485,T2853,0"/><instruction code="SETL T2854,6"/><instruction code="INCML T2854,0"/><instruction code="INCMH T2854,0"/><instruction code="INCH T2854,0"/><instruction code="OR T487,T2854,0"/><instruction code="STO T487,T485,0"/><instruction code="OR T488,T6,0"/><instruction code="SETL T2856,664"/><instruction code="INCML T2856,0"/><instruction code="INCMH T2856,0"/><instruction code="INCH T2856,0"/><instruction code="NEG T2856,0,T2856"/><instruction code="OR T489,T2856,0"/><instruction code="ADD T2857,T488,T489"/><instruction code="OR T490,T2857,0"/><instruction code="SETL T2858,2"/><instruction code="INCML T2858,0"/><instruction code="INCMH T2858,0"/><instruction code="INCH T2858,0"/><instruction code="OR T491,T2858,0"/><instruction code="SETL T2859,72"/><instruction code="INCML T2859,0"/><instruction code="INCMH T2859,0"/><instruction code="INCH T2859,0"/><instruction code="OR T492,T2859,0"/><instruction code="MUL T2860,T491,T492"/><instruction code="OR T493,T2860,0"/><instruction code="ADD T2861,T490,T493"/><instruction code="OR T494,T2861,0"/><instruction code="SETL T2862,0"/><instruction code="INCML T2862,0"/><instruction code="INCMH T2862,0"/><instruction code="INCH T2862,0"/><instruction code="OR T495,T2862,0"/><instruction code="SETL T2863,8"/><instruction code="INCML T2863,0"/><instruction code="INCMH T2863,0"/><instruction code="INCH T2863,0"/><instruction code="OR T496,T2863,0"/><instruction code="MUL T2864,T495,T496"/><instruction code="OR T497,T2864,0"/><instruction code="ADD T2865,T494,T497"/><instruction code="OR T498,T2865,0"/><instruction code="SETL T2866,8"/><instruction code="INCML T2866,0"/><instruction code="INCMH T2866,0"/><instruction code="INCH T2866,0"/><instruction code="OR T500,T2866,0"/><instruction code="STO T500,T498,0"/><instruction code="OR T501,T6,0"/><instruction code="SETL T2868,664"/><instruction code="INCML T2868,0"/><instruction code="INCMH T2868,0"/><instruction code="INCH T2868,0"/><instruction code="NEG T2868,0,T2868"/><instruction code="OR T502,T2868,0"/><instruction code="ADD T2869,T501,T502"/><instruction code="OR T503,T2869,0"/><instruction code="SETL T2870,2"/><instruction code="INCML T2870,0"/><instruction code="INCMH T2870,0"/><instruction code="INCH T2870,0"/><instruction code="OR T504,T2870,0"/><instruction code="SETL T2871,72"/><instruction code="INCML T2871,0"/><instruction code="INCMH T2871,0"/><instruction code="INCH T2871,0"/><instruction code="OR T505,T2871,0"/><instruction code="MUL T2872,T504,T505"/><instruction code="OR T506,T2872,0"/><instruction code="ADD T2873,T503,T506"/><instruction code="OR T507,T2873,0"/><instruction code="SETL T2874,1"/><instruction code="INCML T2874,0"/><instruction code="INCMH T2874,0"/><instruction code="INCH T2874,0"/><instruction code="OR T508,T2874,0"/><instruction code="SETL T2875,8"/><instruction code="INCML T2875,0"/><instruction code="INCMH T2875,0"/><instruction code="INCH T2875,0"/><instruction code="OR T509,T2875,0"/><instruction code="MUL T2876,T508,T509"/><instruction code="OR T510,T2876,0"/><instruction code="ADD T2877,T507,T510"/><instruction code="OR T511,T2877,0"/><instruction code="SETL T2878,2"/><instruction code="INCML T2878,0"/><instruction code="INCMH T2878,0"/><instruction code="INCH T2878,0"/><instruction code="OR T513,T2878,0"/><instruction code="STO T513,T511,0"/><instruction code="OR T514,T6,0"/><instruction code="SETL T2880,664"/><instruction code="INCML T2880,0"/><instruction code="INCMH T2880,0"/><instruction code="INCH T2880,0"/><instruction code="NEG T2880,0,T2880"/><instruction code="OR T515,T2880,0"/><instruction code="ADD T2881,T514,T515"/><instruction code="OR T516,T2881,0"/><instruction code="SETL T2882,2"/><instruction code="INCML T2882,0"/><instruction code="INCMH T2882,0"/><instruction code="INCH T2882,0"/><instruction code="OR T517,T2882,0"/><instruction code="SETL T2883,72"/><instruction code="INCML T2883,0"/><instruction code="INCMH T2883,0"/><instruction code="INCH T2883,0"/><instruction code="OR T518,T2883,0"/><instruction code="MUL T2884,T517,T518"/><instruction code="OR T519,T2884,0"/><instruction code="ADD T2885,T516,T519"/><instruction code="OR T520,T2885,0"/><instruction code="SETL T2886,2"/><instruction code="INCML T2886,0"/><instruction code="INCMH T2886,0"/><instruction code="INCH T2886,0"/><instruction code="OR T521,T2886,0"/><instruction code="SETL T2887,8"/><instruction code="INCML T2887,0"/><instruction code="INCMH T2887,0"/><instruction code="INCH T2887,0"/><instruction code="OR T522,T2887,0"/><instruction code="MUL T2888,T521,T522"/><instruction code="OR T523,T2888,0"/><instruction code="ADD T2889,T520,T523"/><instruction code="OR T524,T2889,0"/><instruction code="SETL T2890,0"/><instruction code="INCML T2890,0"/><instruction code="INCMH T2890,0"/><instruction code="INCH T2890,0"/><instruction code="OR T526,T2890,0"/><instruction code="STO T526,T524,0"/><instruction code="OR T527,T6,0"/><instruction code="SETL T2892,664"/><instruction code="INCML T2892,0"/><instruction code="INCMH T2892,0"/><instruction code="INCH T2892,0"/><instruction code="NEG T2892,0,T2892"/><instruction code="OR T528,T2892,0"/><instruction code="ADD T2893,T527,T528"/><instruction code="OR T529,T2893,0"/><instruction code="SETL T2894,2"/><instruction code="INCML T2894,0"/><instruction code="INCMH T2894,0"/><instruction code="INCH T2894,0"/><instruction code="OR T530,T2894,0"/><instruction code="SETL T2895,72"/><instruction code="INCML T2895,0"/><instruction code="INCMH T2895,0"/><instruction code="INCH T2895,0"/><instruction code="OR T531,T2895,0"/><instruction code="MUL T2896,T530,T531"/><instruction code="OR T532,T2896,0"/><instruction code="ADD T2897,T529,T532"/><instruction code="OR T533,T2897,0"/><instruction code="SETL T2898,3"/><instruction code="INCML T2898,0"/><instruction code="INCMH T2898,0"/><instruction code="INCH T2898,0"/><instruction code="OR T534,T2898,0"/><instruction code="SETL T2899,8"/><instruction code="INCML T2899,0"/><instruction code="INCMH T2899,0"/><instruction code="INCH T2899,0"/><instruction code="OR T535,T2899,0"/><instruction code="MUL T2900,T534,T535"/><instruction code="OR T536,T2900,0"/><instruction code="ADD T2901,T533,T536"/><instruction code="OR T537,T2901,0"/><instruction code="SETL T2902,0"/><instruction code="INCML T2902,0"/><instruction code="INCMH T2902,0"/><instruction code="INCH T2902,0"/><instruction code="OR T539,T2902,0"/><instruction code="STO T539,T537,0"/><instruction code="OR T540,T6,0"/><instruction code="SETL T2904,664"/><instruction code="INCML T2904,0"/><instruction code="INCMH T2904,0"/><instruction code="INCH T2904,0"/><instruction code="NEG T2904,0,T2904"/><instruction code="OR T541,T2904,0"/><instruction code="ADD T2905,T540,T541"/><instruction code="OR T542,T2905,0"/><instruction code="SETL T2906,2"/><instruction code="INCML T2906,0"/><instruction code="INCMH T2906,0"/><instruction code="INCH T2906,0"/><instruction code="OR T543,T2906,0"/><instruction code="SETL T2907,72"/><instruction code="INCML T2907,0"/><instruction code="INCMH T2907,0"/><instruction code="INCH T2907,0"/><instruction code="OR T544,T2907,0"/><instruction code="MUL T2908,T543,T544"/><instruction code="OR T545,T2908,0"/><instruction code="ADD T2909,T542,T545"/><instruction code="OR T546,T2909,0"/><instruction code="SETL T2910,4"/><instruction code="INCML T2910,0"/><instruction code="INCMH T2910,0"/><instruction code="INCH T2910,0"/><instruction code="OR T547,T2910,0"/><instruction code="SETL T2911,8"/><instruction code="INCML T2911,0"/><instruction code="INCMH T2911,0"/><instruction code="INCH T2911,0"/><instruction code="OR T548,T2911,0"/><instruction code="MUL T2912,T547,T548"/><instruction code="OR T549,T2912,0"/><instruction code="ADD T2913,T546,T549"/><instruction code="OR T550,T2913,0"/><instruction code="SETL T2914,9"/><instruction code="INCML T2914,0"/><instruction code="INCMH T2914,0"/><instruction code="INCH T2914,0"/><instruction code="OR T552,T2914,0"/><instruction code="STO T552,T550,0"/><instruction code="OR T553,T6,0"/><instruction code="SETL T2916,664"/><instruction code="INCML T2916,0"/><instruction code="INCMH T2916,0"/><instruction code="INCH T2916,0"/><instruction code="NEG T2916,0,T2916"/><instruction code="OR T554,T2916,0"/><instruction code="ADD T2917,T553,T554"/><instruction code="OR T555,T2917,0"/><instruction code="SETL T2918,2"/><instruction code="INCML T2918,0"/><instruction code="INCMH T2918,0"/><instruction code="INCH T2918,0"/><instruction code="OR T556,T2918,0"/><instruction code="SETL T2919,72"/><instruction code="INCML T2919,0"/><instruction code="INCMH T2919,0"/><instruction code="INCH T2919,0"/><instruction code="OR T557,T2919,0"/><instruction code="MUL T2920,T556,T557"/><instruction code="OR T558,T2920,0"/><instruction code="ADD T2921,T555,T558"/><instruction code="OR T559,T2921,0"/><instruction code="SETL T2922,5"/><instruction code="INCML T2922,0"/><instruction code="INCMH T2922,0"/><instruction code="INCH T2922,0"/><instruction code="OR T560,T2922,0"/><instruction code="SETL T2923,8"/><instruction code="INCML T2923,0"/><instruction code="INCMH T2923,0"/><instruction code="INCH T2923,0"/><instruction code="OR T561,T2923,0"/><instruction code="MUL T2924,T560,T561"/><instruction code="OR T562,T2924,0"/><instruction code="ADD T2925,T559,T562"/><instruction code="OR T563,T2925,0"/><instruction code="SETL T2926,0"/><instruction code="INCML T2926,0"/><instruction code="INCMH T2926,0"/><instruction code="INCH T2926,0"/><instruction code="OR T565,T2926,0"/><instruction code="STO T565,T563,0"/><instruction code="OR T566,T6,0"/><instruction code="SETL T2928,664"/><instruction code="INCML T2928,0"/><instruction code="INCMH T2928,0"/><instruction code="INCH T2928,0"/><instruction code="NEG T2928,0,T2928"/><instruction code="OR T567,T2928,0"/><instruction code="ADD T2929,T566,T567"/><instruction code="OR T568,T2929,0"/><instruction code="SETL T2930,2"/><instruction code="INCML T2930,0"/><instruction code="INCMH T2930,0"/><instruction code="INCH T2930,0"/><instruction code="OR T569,T2930,0"/><instruction code="SETL T2931,72"/><instruction code="INCML T2931,0"/><instruction code="INCMH T2931,0"/><instruction code="INCH T2931,0"/><instruction code="OR T570,T2931,0"/><instruction code="MUL T2932,T569,T570"/><instruction code="OR T571,T2932,0"/><instruction code="ADD T2933,T568,T571"/><instruction code="OR T572,T2933,0"/><instruction code="SETL T2934,6"/><instruction code="INCML T2934,0"/><instruction code="INCMH T2934,0"/><instruction code="INCH T2934,0"/><instruction code="OR T573,T2934,0"/><instruction code="SETL T2935,8"/><instruction code="INCML T2935,0"/><instruction code="INCMH T2935,0"/><instruction code="INCH T2935,0"/><instruction code="OR T574,T2935,0"/><instruction code="MUL T2936,T573,T574"/><instruction code="OR T575,T2936,0"/><instruction code="ADD T2937,T572,T575"/><instruction code="OR T576,T2937,0"/><instruction code="SETL T2938,0"/><instruction code="INCML T2938,0"/><instruction code="INCMH T2938,0"/><instruction code="INCH T2938,0"/><instruction code="OR T578,T2938,0"/><instruction code="STO T578,T576,0"/><instruction code="OR T579,T6,0"/><instruction code="SETL T2940,664"/><instruction code="INCML T2940,0"/><instruction code="INCMH T2940,0"/><instruction code="INCH T2940,0"/><instruction code="NEG T2940,0,T2940"/><instruction code="OR T580,T2940,0"/><instruction code="ADD T2941,T579,T580"/><instruction code="OR T581,T2941,0"/><instruction code="SETL T2942,2"/><instruction code="INCML T2942,0"/><instruction code="INCMH T2942,0"/><instruction code="INCH T2942,0"/><instruction code="OR T582,T2942,0"/><instruction code="SETL T2943,72"/><instruction code="INCML T2943,0"/><instruction code="INCMH T2943,0"/><instruction code="INCH T2943,0"/><instruction code="OR T583,T2943,0"/><instruction code="MUL T2944,T582,T583"/><instruction code="OR T584,T2944,0"/><instruction code="ADD T2945,T581,T584"/><instruction code="OR T585,T2945,0"/><instruction code="SETL T2946,7"/><instruction code="INCML T2946,0"/><instruction code="INCMH T2946,0"/><instruction code="INCH T2946,0"/><instruction code="OR T586,T2946,0"/><instruction code="SETL T2947,8"/><instruction code="INCML T2947,0"/><instruction code="INCMH T2947,0"/><instruction code="INCH T2947,0"/><instruction code="OR T587,T2947,0"/><instruction code="MUL T2948,T586,T587"/><instruction code="OR T588,T2948,0"/><instruction code="ADD T2949,T585,T588"/><instruction code="OR T589,T2949,0"/><instruction code="SETL T2950,0"/><instruction code="INCML T2950,0"/><instruction code="INCMH T2950,0"/><instruction code="INCH T2950,0"/><instruction code="OR T591,T2950,0"/><instruction code="STO T591,T589,0"/><instruction code="OR T592,T6,0"/><instruction code="SETL T2952,664"/><instruction code="INCML T2952,0"/><instruction code="INCMH T2952,0"/><instruction code="INCH T2952,0"/><instruction code="NEG T2952,0,T2952"/><instruction code="OR T593,T2952,0"/><instruction code="ADD T2953,T592,T593"/><instruction code="OR T594,T2953,0"/><instruction code="SETL T2954,2"/><instruction code="INCML T2954,0"/><instruction code="INCMH T2954,0"/><instruction code="INCH T2954,0"/><instruction code="OR T595,T2954,0"/><instruction code="SETL T2955,72"/><instruction code="INCML T2955,0"/><instruction code="INCMH T2955,0"/><instruction code="INCH T2955,0"/><instruction code="OR T596,T2955,0"/><instruction code="MUL T2956,T595,T596"/><instruction code="OR T597,T2956,0"/><instruction code="ADD T2957,T594,T597"/><instruction code="OR T598,T2957,0"/><instruction code="SETL T2958,8"/><instruction code="INCML T2958,0"/><instruction code="INCMH T2958,0"/><instruction code="INCH T2958,0"/><instruction code="OR T599,T2958,0"/><instruction code="SETL T2959,8"/><instruction code="INCML T2959,0"/><instruction code="INCMH T2959,0"/><instruction code="INCH T2959,0"/><instruction code="OR T600,T2959,0"/><instruction code="MUL T2960,T599,T600"/><instruction code="OR T601,T2960,0"/><instruction code="ADD T2961,T598,T601"/><instruction code="OR T602,T2961,0"/><instruction code="SETL T2962,0"/><instruction code="INCML T2962,0"/><instruction code="INCMH T2962,0"/><instruction code="INCH T2962,0"/><instruction code="OR T604,T2962,0"/><instruction code="STO T604,T602,0"/><instruction code="OR T605,T6,0"/><instruction code="SETL T2964,664"/><instruction code="INCML T2964,0"/><instruction code="INCMH T2964,0"/><instruction code="INCH T2964,0"/><instruction code="NEG T2964,0,T2964"/><instruction code="OR T606,T2964,0"/><instruction code="ADD T2965,T605,T606"/><instruction code="OR T607,T2965,0"/><instruction code="SETL T2966,3"/><instruction code="INCML T2966,0"/><instruction code="INCMH T2966,0"/><instruction code="INCH T2966,0"/><instruction code="OR T608,T2966,0"/><instruction code="SETL T2967,72"/><instruction code="INCML T2967,0"/><instruction code="INCMH T2967,0"/><instruction code="INCH T2967,0"/><instruction code="OR T609,T2967,0"/><instruction code="MUL T2968,T608,T609"/><instruction code="OR T610,T2968,0"/><instruction code="ADD T2969,T607,T610"/><instruction code="OR T611,T2969,0"/><instruction code="SETL T2970,0"/><instruction code="INCML T2970,0"/><instruction code="INCMH T2970,0"/><instruction code="INCH T2970,0"/><instruction code="OR T612,T2970,0"/><instruction code="SETL T2971,8"/><instruction code="INCML T2971,0"/><instruction code="INCMH T2971,0"/><instruction code="INCH T2971,0"/><instruction code="OR T613,T2971,0"/><instruction code="MUL T2972,T612,T613"/><instruction code="OR T614,T2972,0"/><instruction code="ADD T2973,T611,T614"/><instruction code="OR T615,T2973,0"/><instruction code="SETL T2974,0"/><instruction code="INCML T2974,0"/><instruction code="INCMH T2974,0"/><instruction code="INCH T2974,0"/><instruction code="OR T617,T2974,0"/><instruction code="STO T617,T615,0"/><instruction code="OR T618,T6,0"/><instruction code="SETL T2976,664"/><instruction code="INCML T2976,0"/><instruction code="INCMH T2976,0"/><instruction code="INCH T2976,0"/><instruction code="NEG T2976,0,T2976"/><instruction code="OR T619,T2976,0"/><instruction code="ADD T2977,T618,T619"/><instruction code="OR T620,T2977,0"/><instruction code="SETL T2978,3"/><instruction code="INCML T2978,0"/><instruction code="INCMH T2978,0"/><instruction code="INCH T2978,0"/><instruction code="OR T621,T2978,0"/><instruction code="SETL T2979,72"/><instruction code="INCML T2979,0"/><instruction code="INCMH T2979,0"/><instruction code="INCH T2979,0"/><instruction code="OR T622,T2979,0"/><instruction code="MUL T2980,T621,T622"/><instruction code="OR T623,T2980,0"/><instruction code="ADD T2981,T620,T623"/><instruction code="OR T624,T2981,0"/><instruction code="SETL T2982,1"/><instruction code="INCML T2982,0"/><instruction code="INCMH T2982,0"/><instruction code="INCH T2982,0"/><instruction code="OR T625,T2982,0"/><instruction code="SETL T2983,8"/><instruction code="INCML T2983,0"/><instruction code="INCMH T2983,0"/><instruction code="INCH T2983,0"/><instruction code="OR T626,T2983,0"/><instruction code="MUL T2984,T625,T626"/><instruction code="OR T627,T2984,0"/><instruction code="ADD T2985,T624,T627"/><instruction code="OR T628,T2985,0"/><instruction code="SETL T2986,1"/><instruction code="INCML T2986,0"/><instruction code="INCMH T2986,0"/><instruction code="INCH T2986,0"/><instruction code="OR T630,T2986,0"/><instruction code="STO T630,T628,0"/><instruction code="OR T631,T6,0"/><instruction code="SETL T2988,664"/><instruction code="INCML T2988,0"/><instruction code="INCMH T2988,0"/><instruction code="INCH T2988,0"/><instruction code="NEG T2988,0,T2988"/><instruction code="OR T632,T2988,0"/><instruction code="ADD T2989,T631,T632"/><instruction code="OR T633,T2989,0"/><instruction code="SETL T2990,3"/><instruction code="INCML T2990,0"/><instruction code="INCMH T2990,0"/><instruction code="INCH T2990,0"/><instruction code="OR T634,T2990,0"/><instruction code="SETL T2991,72"/><instruction code="INCML T2991,0"/><instruction code="INCMH T2991,0"/><instruction code="INCH T2991,0"/><instruction code="OR T635,T2991,0"/><instruction code="MUL T2992,T634,T635"/><instruction code="OR T636,T2992,0"/><instruction code="ADD T2993,T633,T636"/><instruction code="OR T637,T2993,0"/><instruction code="SETL T2994,2"/><instruction code="INCML T2994,0"/><instruction code="INCMH T2994,0"/><instruction code="INCH T2994,0"/><instruction code="OR T638,T2994,0"/><instruction code="SETL T2995,8"/><instruction code="INCML T2995,0"/><instruction code="INCMH T2995,0"/><instruction code="INCH T2995,0"/><instruction code="OR T639,T2995,0"/><instruction code="MUL T2996,T638,T639"/><instruction code="OR T640,T2996,0"/><instruction code="ADD T2997,T637,T640"/><instruction code="OR T641,T2997,0"/><instruction code="SETL T2998,4"/><instruction code="INCML T2998,0"/><instruction code="INCMH T2998,0"/><instruction code="INCH T2998,0"/><instruction code="OR T643,T2998,0"/><instruction code="STO T643,T641,0"/><instruction code="OR T644,T6,0"/><instruction code="SETL T3000,664"/><instruction code="INCML T3000,0"/><instruction code="INCMH T3000,0"/><instruction code="INCH T3000,0"/><instruction code="NEG T3000,0,T3000"/><instruction code="OR T645,T3000,0"/><instruction code="ADD T3001,T644,T645"/><instruction code="OR T646,T3001,0"/><instruction code="SETL T3002,3"/><instruction code="INCML T3002,0"/><instruction code="INCMH T3002,0"/><instruction code="INCH T3002,0"/><instruction code="OR T647,T3002,0"/><instruction code="SETL T3003,72"/><instruction code="INCML T3003,0"/><instruction code="INCMH T3003,0"/><instruction code="INCH T3003,0"/><instruction code="OR T648,T3003,0"/><instruction code="MUL T3004,T647,T648"/><instruction code="OR T649,T3004,0"/><instruction code="ADD T3005,T646,T649"/><instruction code="OR T650,T3005,0"/><instruction code="SETL T3006,3"/><instruction code="INCML T3006,0"/><instruction code="INCMH T3006,0"/><instruction code="INCH T3006,0"/><instruction code="OR T651,T3006,0"/><instruction code="SETL T3007,8"/><instruction code="INCML T3007,0"/><instruction code="INCMH T3007,0"/><instruction code="INCH T3007,0"/><instruction code="OR T652,T3007,0"/><instruction code="MUL T3008,T651,T652"/><instruction code="OR T653,T3008,0"/><instruction code="ADD T3009,T650,T653"/><instruction code="OR T654,T3009,0"/><instruction code="SETL T3010,8"/><instruction code="INCML T3010,0"/><instruction code="INCMH T3010,0"/><instruction code="INCH T3010,0"/><instruction code="OR T656,T3010,0"/><instruction code="STO T656,T654,0"/><instruction code="OR T657,T6,0"/><instruction code="SETL T3012,664"/><instruction code="INCML T3012,0"/><instruction code="INCMH T3012,0"/><instruction code="INCH T3012,0"/><instruction code="NEG T3012,0,T3012"/><instruction code="OR T658,T3012,0"/><instruction code="ADD T3013,T657,T658"/><instruction code="OR T659,T3013,0"/><instruction code="SETL T3014,3"/><instruction code="INCML T3014,0"/><instruction code="INCMH T3014,0"/><instruction code="INCH T3014,0"/><instruction code="OR T660,T3014,0"/><instruction code="SETL T3015,72"/><instruction code="INCML T3015,0"/><instruction code="INCMH T3015,0"/><instruction code="INCH T3015,0"/><instruction code="OR T661,T3015,0"/><instruction code="MUL T3016,T660,T661"/><instruction code="OR T662,T3016,0"/><instruction code="ADD T3017,T659,T662"/><instruction code="OR T663,T3017,0"/><instruction code="SETL T3018,4"/><instruction code="INCML T3018,0"/><instruction code="INCMH T3018,0"/><instruction code="INCH T3018,0"/><instruction code="OR T664,T3018,0"/><instruction code="SETL T3019,8"/><instruction code="INCML T3019,0"/><instruction code="INCMH T3019,0"/><instruction code="INCH T3019,0"/><instruction code="OR T665,T3019,0"/><instruction code="MUL T3020,T664,T665"/><instruction code="OR T666,T3020,0"/><instruction code="ADD T3021,T663,T666"/><instruction code="OR T667,T3021,0"/><instruction code="SETL T3022,0"/><instruction code="INCML T3022,0"/><instruction code="INCMH T3022,0"/><instruction code="INCH T3022,0"/><instruction code="OR T669,T3022,0"/><instruction code="STO T669,T667,0"/><instruction code="OR T670,T6,0"/><instruction code="SETL T3024,664"/><instruction code="INCML T3024,0"/><instruction code="INCMH T3024,0"/><instruction code="INCH T3024,0"/><instruction code="NEG T3024,0,T3024"/><instruction code="OR T671,T3024,0"/><instruction code="ADD T3025,T670,T671"/><instruction code="OR T672,T3025,0"/><instruction code="SETL T3026,3"/><instruction code="INCML T3026,0"/><instruction code="INCMH T3026,0"/><instruction code="INCH T3026,0"/><instruction code="OR T673,T3026,0"/><instruction code="SETL T3027,72"/><instruction code="INCML T3027,0"/><instruction code="INCMH T3027,0"/><instruction code="INCH T3027,0"/><instruction code="OR T674,T3027,0"/><instruction code="MUL T3028,T673,T674"/><instruction code="OR T675,T3028,0"/><instruction code="ADD T3029,T672,T675"/><instruction code="OR T676,T3029,0"/><instruction code="SETL T3030,5"/><instruction code="INCML T3030,0"/><instruction code="INCMH T3030,0"/><instruction code="INCH T3030,0"/><instruction code="OR T677,T3030,0"/><instruction code="SETL T3031,8"/><instruction code="INCML T3031,0"/><instruction code="INCMH T3031,0"/><instruction code="INCH T3031,0"/><instruction code="OR T678,T3031,0"/><instruction code="MUL T3032,T677,T678"/><instruction code="OR T679,T3032,0"/><instruction code="ADD T3033,T676,T679"/><instruction code="OR T680,T3033,0"/><instruction code="SETL T3034,0"/><instruction code="INCML T3034,0"/><instruction code="INCMH T3034,0"/><instruction code="INCH T3034,0"/><instruction code="OR T682,T3034,0"/><instruction code="STO T682,T680,0"/><instruction code="OR T683,T6,0"/><instruction code="SETL T3036,664"/><instruction code="INCML T3036,0"/><instruction code="INCMH T3036,0"/><instruction code="INCH T3036,0"/><instruction code="NEG T3036,0,T3036"/><instruction code="OR T684,T3036,0"/><instruction code="ADD T3037,T683,T684"/><instruction code="OR T685,T3037,0"/><instruction code="SETL T3038,3"/><instruction code="INCML T3038,0"/><instruction code="INCMH T3038,0"/><instruction code="INCH T3038,0"/><instruction code="OR T686,T3038,0"/><instruction code="SETL T3039,72"/><instruction code="INCML T3039,0"/><instruction code="INCMH T3039,0"/><instruction code="INCH T3039,0"/><instruction code="OR T687,T3039,0"/><instruction code="MUL T3040,T686,T687"/><instruction code="OR T688,T3040,0"/><instruction code="ADD T3041,T685,T688"/><instruction code="OR T689,T3041,0"/><instruction code="SETL T3042,6"/><instruction code="INCML T3042,0"/><instruction code="INCMH T3042,0"/><instruction code="INCH T3042,0"/><instruction code="OR T690,T3042,0"/><instruction code="SETL T3043,8"/><instruction code="INCML T3043,0"/><instruction code="INCMH T3043,0"/><instruction code="INCH T3043,0"/><instruction code="OR T691,T3043,0"/><instruction code="MUL T3044,T690,T691"/><instruction code="OR T692,T3044,0"/><instruction code="ADD T3045,T689,T692"/><instruction code="OR T693,T3045,0"/><instruction code="SETL T3046,0"/><instruction code="INCML T3046,0"/><instruction code="INCMH T3046,0"/><instruction code="INCH T3046,0"/><instruction code="OR T695,T3046,0"/><instruction code="STO T695,T693,0"/><instruction code="OR T696,T6,0"/><instruction code="SETL T3048,664"/><instruction code="INCML T3048,0"/><instruction code="INCMH T3048,0"/><instruction code="INCH T3048,0"/><instruction code="NEG T3048,0,T3048"/><instruction code="OR T697,T3048,0"/><instruction code="ADD T3049,T696,T697"/><instruction code="OR T698,T3049,0"/><instruction code="SETL T3050,3"/><instruction code="INCML T3050,0"/><instruction code="INCMH T3050,0"/><instruction code="INCH T3050,0"/><instruction code="OR T699,T3050,0"/><instruction code="SETL T3051,72"/><instruction code="INCML T3051,0"/><instruction code="INCMH T3051,0"/><instruction code="INCH T3051,0"/><instruction code="OR T700,T3051,0"/><instruction code="MUL T3052,T699,T700"/><instruction code="OR T701,T3052,0"/><instruction code="ADD T3053,T698,T701"/><instruction code="OR T702,T3053,0"/><instruction code="SETL T3054,7"/><instruction code="INCML T3054,0"/><instruction code="INCMH T3054,0"/><instruction code="INCH T3054,0"/><instruction code="OR T703,T3054,0"/><instruction code="SETL T3055,8"/><instruction code="INCML T3055,0"/><instruction code="INCMH T3055,0"/><instruction code="INCH T3055,0"/><instruction code="OR T704,T3055,0"/><instruction code="MUL T3056,T703,T704"/><instruction code="OR T705,T3056,0"/><instruction code="ADD T3057,T702,T705"/><instruction code="OR T706,T3057,0"/><instruction code="SETL T3058,5"/><instruction code="INCML T3058,0"/><instruction code="INCMH T3058,0"/><instruction code="INCH T3058,0"/><instruction code="OR T708,T3058,0"/><instruction code="STO T708,T706,0"/><instruction code="OR T709,T6,0"/><instruction code="SETL T3060,664"/><instruction code="INCML T3060,0"/><instruction code="INCMH T3060,0"/><instruction code="INCH T3060,0"/><instruction code="NEG T3060,0,T3060"/><instruction code="OR T710,T3060,0"/><instruction code="ADD T3061,T709,T710"/><instruction code="OR T711,T3061,0"/><instruction code="SETL T3062,3"/><instruction code="INCML T3062,0"/><instruction code="INCMH T3062,0"/><instruction code="INCH T3062,0"/><instruction code="OR T712,T3062,0"/><instruction code="SETL T3063,72"/><instruction code="INCML T3063,0"/><instruction code="INCMH T3063,0"/><instruction code="INCH T3063,0"/><instruction code="OR T713,T3063,0"/><instruction code="MUL T3064,T712,T713"/><instruction code="OR T714,T3064,0"/><instruction code="ADD T3065,T711,T714"/><instruction code="OR T715,T3065,0"/><instruction code="SETL T3066,8"/><instruction code="INCML T3066,0"/><instruction code="INCMH T3066,0"/><instruction code="INCH T3066,0"/><instruction code="OR T716,T3066,0"/><instruction code="SETL T3067,8"/><instruction code="INCML T3067,0"/><instruction code="INCMH T3067,0"/><instruction code="INCH T3067,0"/><instruction code="OR T717,T3067,0"/><instruction code="MUL T3068,T716,T717"/><instruction code="OR T718,T3068,0"/><instruction code="ADD T3069,T715,T718"/><instruction code="OR T719,T3069,0"/><instruction code="SETL T3070,0"/><instruction code="INCML T3070,0"/><instruction code="INCMH T3070,0"/><instruction code="INCH T3070,0"/><instruction code="OR T721,T3070,0"/><instruction code="STO T721,T719,0"/><instruction code="OR T722,T6,0"/><instruction code="SETL T3072,664"/><instruction code="INCML T3072,0"/><instruction code="INCMH T3072,0"/><instruction code="INCH T3072,0"/><instruction code="NEG T3072,0,T3072"/><instruction code="OR T723,T3072,0"/><instruction code="ADD T3073,T722,T723"/><instruction code="OR T724,T3073,0"/><instruction code="SETL T3074,4"/><instruction code="INCML T3074,0"/><instruction code="INCMH T3074,0"/><instruction code="INCH T3074,0"/><instruction code="OR T725,T3074,0"/><instruction code="SETL T3075,72"/><instruction code="INCML T3075,0"/><instruction code="INCMH T3075,0"/><instruction code="INCH T3075,0"/><instruction code="OR T726,T3075,0"/><instruction code="MUL T3076,T725,T726"/><instruction code="OR T727,T3076,0"/><instruction code="ADD T3077,T724,T727"/><instruction code="OR T728,T3077,0"/><instruction code="SETL T3078,0"/><instruction code="INCML T3078,0"/><instruction code="INCMH T3078,0"/><instruction code="INCH T3078,0"/><instruction code="OR T729,T3078,0"/><instruction code="SETL T3079,8"/><instruction code="INCML T3079,0"/><instruction code="INCMH T3079,0"/><instruction code="INCH T3079,0"/><instruction code="OR T730,T3079,0"/><instruction code="MUL T3080,T729,T730"/><instruction code="OR T731,T3080,0"/><instruction code="ADD T3081,T728,T731"/><instruction code="OR T732,T3081,0"/><instruction code="SETL T3082,3"/><instruction code="INCML T3082,0"/><instruction code="INCMH T3082,0"/><instruction code="INCH T3082,0"/><instruction code="OR T734,T3082,0"/><instruction code="STO T734,T732,0"/><instruction code="OR T735,T6,0"/><instruction code="SETL T3084,664"/><instruction code="INCML T3084,0"/><instruction code="INCMH T3084,0"/><instruction code="INCH T3084,0"/><instruction code="NEG T3084,0,T3084"/><instruction code="OR T736,T3084,0"/><instruction code="ADD T3085,T735,T736"/><instruction code="OR T737,T3085,0"/><instruction code="SETL T3086,4"/><instruction code="INCML T3086,0"/><instruction code="INCMH T3086,0"/><instruction code="INCH T3086,0"/><instruction code="OR T738,T3086,0"/><instruction code="SETL T3087,72"/><instruction code="INCML T3087,0"/><instruction code="INCMH T3087,0"/><instruction code="INCH T3087,0"/><instruction code="OR T739,T3087,0"/><instruction code="MUL T3088,T738,T739"/><instruction code="OR T740,T3088,0"/><instruction code="ADD T3089,T737,T740"/><instruction code="OR T741,T3089,0"/><instruction code="SETL T3090,1"/><instruction code="INCML T3090,0"/><instruction code="INCMH T3090,0"/><instruction code="INCH T3090,0"/><instruction code="OR T742,T3090,0"/><instruction code="SETL T3091,8"/><instruction code="INCML T3091,0"/><instruction code="INCMH T3091,0"/><instruction code="INCH T3091,0"/><instruction code="OR T743,T3091,0"/><instruction code="MUL T3092,T742,T743"/><instruction code="OR T744,T3092,0"/><instruction code="ADD T3093,T741,T744"/><instruction code="OR T745,T3093,0"/><instruction code="SETL T3094,0"/><instruction code="INCML T3094,0"/><instruction code="INCMH T3094,0"/><instruction code="INCH T3094,0"/><instruction code="OR T747,T3094,0"/><instruction code="STO T747,T745,0"/><instruction code="OR T748,T6,0"/><instruction code="SETL T3096,664"/><instruction code="INCML T3096,0"/><instruction code="INCMH T3096,0"/><instruction code="INCH T3096,0"/><instruction code="NEG T3096,0,T3096"/><instruction code="OR T749,T3096,0"/><instruction code="ADD T3097,T748,T749"/><instruction code="OR T750,T3097,0"/><instruction code="SETL T3098,4"/><instruction code="INCML T3098,0"/><instruction code="INCMH T3098,0"/><instruction code="INCH T3098,0"/><instruction code="OR T751,T3098,0"/><instruction code="SETL T3099,72"/><instruction code="INCML T3099,0"/><instruction code="INCMH T3099,0"/><instruction code="INCH T3099,0"/><instruction code="OR T752,T3099,0"/><instruction code="MUL T3100,T751,T752"/><instruction code="OR T753,T3100,0"/><instruction code="ADD T3101,T750,T753"/><instruction code="OR T754,T3101,0"/><instruction code="SETL T3102,2"/><instruction code="INCML T3102,0"/><instruction code="INCMH T3102,0"/><instruction code="INCH T3102,0"/><instruction code="OR T755,T3102,0"/><instruction code="SETL T3103,8"/><instruction code="INCML T3103,0"/><instruction code="INCMH T3103,0"/><instruction code="INCH T3103,0"/><instruction code="OR T756,T3103,0"/><instruction code="MUL T3104,T755,T756"/><instruction code="OR T757,T3104,0"/><instruction code="ADD T3105,T754,T757"/><instruction code="OR T758,T3105,0"/><instruction code="SETL T3106,0"/><instruction code="INCML T3106,0"/><instruction code="INCMH T3106,0"/><instruction code="INCH T3106,0"/><instruction code="OR T760,T3106,0"/><instruction code="STO T760,T758,0"/><instruction code="OR T761,T6,0"/><instruction code="SETL T3108,664"/><instruction code="INCML T3108,0"/><instruction code="INCMH T3108,0"/><instruction code="INCH T3108,0"/><instruction code="NEG T3108,0,T3108"/><instruction code="OR T762,T3108,0"/><instruction code="ADD T3109,T761,T762"/><instruction code="OR T763,T3109,0"/><instruction code="SETL T3110,4"/><instruction code="INCML T3110,0"/><instruction code="INCMH T3110,0"/><instruction code="INCH T3110,0"/><instruction code="OR T764,T3110,0"/><instruction code="SETL T3111,72"/><instruction code="INCML T3111,0"/><instruction code="INCMH T3111,0"/><instruction code="INCH T3111,0"/><instruction code="OR T765,T3111,0"/><instruction code="MUL T3112,T764,T765"/><instruction code="OR T766,T3112,0"/><instruction code="ADD T3113,T763,T766"/><instruction code="OR T767,T3113,0"/><instruction code="SETL T3114,3"/><instruction code="INCML T3114,0"/><instruction code="INCMH T3114,0"/><instruction code="INCH T3114,0"/><instruction code="OR T768,T3114,0"/><instruction code="SETL T3115,8"/><instruction code="INCML T3115,0"/><instruction code="INCMH T3115,0"/><instruction code="INCH T3115,0"/><instruction code="OR T769,T3115,0"/><instruction code="MUL T3116,T768,T769"/><instruction code="OR T770,T3116,0"/><instruction code="ADD T3117,T767,T770"/><instruction code="OR T771,T3117,0"/><instruction code="SETL T3118,0"/><instruction code="INCML T3118,0"/><instruction code="INCMH T3118,0"/><instruction code="INCH T3118,0"/><instruction code="OR T773,T3118,0"/><instruction code="STO T773,T771,0"/><instruction code="OR T774,T6,0"/><instruction code="SETL T3120,664"/><instruction code="INCML T3120,0"/><instruction code="INCMH T3120,0"/><instruction code="INCH T3120,0"/><instruction code="NEG T3120,0,T3120"/><instruction code="OR T775,T3120,0"/><instruction code="ADD T3121,T774,T775"/><instruction code="OR T776,T3121,0"/><instruction code="SETL T3122,4"/><instruction code="INCML T3122,0"/><instruction code="INCMH T3122,0"/><instruction code="INCH T3122,0"/><instruction code="OR T777,T3122,0"/><instruction code="SETL T3123,72"/><instruction code="INCML T3123,0"/><instruction code="INCMH T3123,0"/><instruction code="INCH T3123,0"/><instruction code="OR T778,T3123,0"/><instruction code="MUL T3124,T777,T778"/><instruction code="OR T779,T3124,0"/><instruction code="ADD T3125,T776,T779"/><instruction code="OR T780,T3125,0"/><instruction code="SETL T3126,4"/><instruction code="INCML T3126,0"/><instruction code="INCMH T3126,0"/><instruction code="INCH T3126,0"/><instruction code="OR T781,T3126,0"/><instruction code="SETL T3127,8"/><instruction code="INCML T3127,0"/><instruction code="INCMH T3127,0"/><instruction code="INCH T3127,0"/><instruction code="OR T782,T3127,0"/><instruction code="MUL T3128,T781,T782"/><instruction code="OR T783,T3128,0"/><instruction code="ADD T3129,T780,T783"/><instruction code="OR T784,T3129,0"/><instruction code="SETL T3130,0"/><instruction code="INCML T3130,0"/><instruction code="INCMH T3130,0"/><instruction code="INCH T3130,0"/><instruction code="OR T786,T3130,0"/><instruction code="STO T786,T784,0"/><instruction code="OR T787,T6,0"/><instruction code="SETL T3132,664"/><instruction code="INCML T3132,0"/><instruction code="INCMH T3132,0"/><instruction code="INCH T3132,0"/><instruction code="NEG T3132,0,T3132"/><instruction code="OR T788,T3132,0"/><instruction code="ADD T3133,T787,T788"/><instruction code="OR T789,T3133,0"/><instruction code="SETL T3134,4"/><instruction code="INCML T3134,0"/><instruction code="INCMH T3134,0"/><instruction code="INCH T3134,0"/><instruction code="OR T790,T3134,0"/><instruction code="SETL T3135,72"/><instruction code="INCML T3135,0"/><instruction code="INCMH T3135,0"/><instruction code="INCH T3135,0"/><instruction code="OR T791,T3135,0"/><instruction code="MUL T3136,T790,T791"/><instruction code="OR T792,T3136,0"/><instruction code="ADD T3137,T789,T792"/><instruction code="OR T793,T3137,0"/><instruction code="SETL T3138,5"/><instruction code="INCML T3138,0"/><instruction code="INCMH T3138,0"/><instruction code="INCH T3138,0"/><instruction code="OR T794,T3138,0"/><instruction code="SETL T3139,8"/><instruction code="INCML T3139,0"/><instruction code="INCMH T3139,0"/><instruction code="INCH T3139,0"/><instruction code="OR T795,T3139,0"/><instruction code="MUL T3140,T794,T795"/><instruction code="OR T796,T3140,0"/><instruction code="ADD T3141,T793,T796"/><instruction code="OR T797,T3141,0"/><instruction code="SETL T3142,0"/><instruction code="INCML T3142,0"/><instruction code="INCMH T3142,0"/><instruction code="INCH T3142,0"/><instruction code="OR T799,T3142,0"/><instruction code="STO T799,T797,0"/><instruction code="OR T800,T6,0"/><instruction code="SETL T3144,664"/><instruction code="INCML T3144,0"/><instruction code="INCMH T3144,0"/><instruction code="INCH T3144,0"/><instruction code="NEG T3144,0,T3144"/><instruction code="OR T801,T3144,0"/><instruction code="ADD T3145,T800,T801"/><instruction code="OR T802,T3145,0"/><instruction code="SETL T3146,4"/><instruction code="INCML T3146,0"/><instruction code="INCMH T3146,0"/><instruction code="INCH T3146,0"/><instruction code="OR T803,T3146,0"/><instruction code="SETL T3147,72"/><instruction code="INCML T3147,0"/><instruction code="INCMH T3147,0"/><instruction code="INCH T3147,0"/><instruction code="OR T804,T3147,0"/><instruction code="MUL T3148,T803,T804"/><instruction code="OR T805,T3148,0"/><instruction code="ADD T3149,T802,T805"/><instruction code="OR T806,T3149,0"/><instruction code="SETL T3150,6"/><instruction code="INCML T3150,0"/><instruction code="INCMH T3150,0"/><instruction code="INCH T3150,0"/><instruction code="OR T807,T3150,0"/><instruction code="SETL T3151,8"/><instruction code="INCML T3151,0"/><instruction code="INCMH T3151,0"/><instruction code="INCH T3151,0"/><instruction code="OR T808,T3151,0"/><instruction code="MUL T3152,T807,T808"/><instruction code="OR T809,T3152,0"/><instruction code="ADD T3153,T806,T809"/><instruction code="OR T810,T3153,0"/><instruction code="SETL T3154,6"/><instruction code="INCML T3154,0"/><instruction code="INCMH T3154,0"/><instruction code="INCH T3154,0"/><instruction code="OR T812,T3154,0"/><instruction code="STO T812,T810,0"/><instruction code="OR T813,T6,0"/><instruction code="SETL T3156,664"/><instruction code="INCML T3156,0"/><instruction code="INCMH T3156,0"/><instruction code="INCH T3156,0"/><instruction code="NEG T3156,0,T3156"/><instruction code="OR T814,T3156,0"/><instruction code="ADD T3157,T813,T814"/><instruction code="OR T815,T3157,0"/><instruction code="SETL T3158,4"/><instruction code="INCML T3158,0"/><instruction code="INCMH T3158,0"/><instruction code="INCH T3158,0"/><instruction code="OR T816,T3158,0"/><instruction code="SETL T3159,72"/><instruction code="INCML T3159,0"/><instruction code="INCMH T3159,0"/><instruction code="INCH T3159,0"/><instruction code="OR T817,T3159,0"/><instruction code="MUL T3160,T816,T817"/><instruction code="OR T818,T3160,0"/><instruction code="ADD T3161,T815,T818"/><instruction code="OR T819,T3161,0"/><instruction code="SETL T3162,7"/><instruction code="INCML T3162,0"/><instruction code="INCMH T3162,0"/><instruction code="INCH T3162,0"/><instruction code="OR T820,T3162,0"/><instruction code="SETL T3163,8"/><instruction code="INCML T3163,0"/><instruction code="INCMH T3163,0"/><instruction code="INCH T3163,0"/><instruction code="OR T821,T3163,0"/><instruction code="MUL T3164,T820,T821"/><instruction code="OR T822,T3164,0"/><instruction code="ADD T3165,T819,T822"/><instruction code="OR T823,T3165,0"/><instruction code="SETL T3166,7"/><instruction code="INCML T3166,0"/><instruction code="INCMH T3166,0"/><instruction code="INCH T3166,0"/><instruction code="OR T825,T3166,0"/><instruction code="STO T825,T823,0"/><instruction code="OR T826,T6,0"/><instruction code="SETL T3168,664"/><instruction code="INCML T3168,0"/><instruction code="INCMH T3168,0"/><instruction code="INCH T3168,0"/><instruction code="NEG T3168,0,T3168"/><instruction code="OR T827,T3168,0"/><instruction code="ADD T3169,T826,T827"/><instruction code="OR T828,T3169,0"/><instruction code="SETL T3170,4"/><instruction code="INCML T3170,0"/><instruction code="INCMH T3170,0"/><instruction code="INCH T3170,0"/><instruction code="OR T829,T3170,0"/><instruction code="SETL T3171,72"/><instruction code="INCML T3171,0"/><instruction code="INCMH T3171,0"/><instruction code="INCH T3171,0"/><instruction code="OR T830,T3171,0"/><instruction code="MUL T3172,T829,T830"/><instruction code="OR T831,T3172,0"/><instruction code="ADD T3173,T828,T831"/><instruction code="OR T832,T3173,0"/><instruction code="SETL T3174,8"/><instruction code="INCML T3174,0"/><instruction code="INCMH T3174,0"/><instruction code="INCH T3174,0"/><instruction code="OR T833,T3174,0"/><instruction code="SETL T3175,8"/><instruction code="INCML T3175,0"/><instruction code="INCMH T3175,0"/><instruction code="INCH T3175,0"/><instruction code="OR T834,T3175,0"/><instruction code="MUL T3176,T833,T834"/><instruction code="OR T835,T3176,0"/><instruction code="ADD T3177,T832,T835"/><instruction code="OR T836,T3177,0"/><instruction code="SETL T3178,0"/><instruction code="INCML T3178,0"/><instruction code="INCMH T3178,0"/><instruction code="INCH T3178,0"/><instruction code="OR T838,T3178,0"/><instruction code="STO T838,T836,0"/><instruction code="OR T839,T6,0"/><instruction code="SETL T3180,664"/><instruction code="INCML T3180,0"/><instruction code="INCMH T3180,0"/><instruction code="INCH T3180,0"/><instruction code="NEG T3180,0,T3180"/><instruction code="OR T840,T3180,0"/><instruction code="ADD T3181,T839,T840"/><instruction code="OR T841,T3181,0"/><instruction code="SETL T3182,5"/><instruction code="INCML T3182,0"/><instruction code="INCMH T3182,0"/><instruction code="INCH T3182,0"/><instruction code="OR T842,T3182,0"/><instruction code="SETL T3183,72"/><instruction code="INCML T3183,0"/><instruction code="INCMH T3183,0"/><instruction code="INCH T3183,0"/><instruction code="OR T843,T3183,0"/><instruction code="MUL T3184,T842,T843"/><instruction code="OR T844,T3184,0"/><instruction code="ADD T3185,T841,T844"/><instruction code="OR T845,T3185,0"/><instruction code="SETL T3186,0"/><instruction code="INCML T3186,0"/><instruction code="INCMH T3186,0"/><instruction code="INCH T3186,0"/><instruction code="OR T846,T3186,0"/><instruction code="SETL T3187,8"/><instruction code="INCML T3187,0"/><instruction code="INCMH T3187,0"/><instruction code="INCH T3187,0"/><instruction code="OR T847,T3187,0"/><instruction code="MUL T3188,T846,T847"/><instruction code="OR T848,T3188,0"/><instruction code="ADD T3189,T845,T848"/><instruction code="OR T849,T3189,0"/><instruction code="SETL T3190,0"/><instruction code="INCML T3190,0"/><instruction code="INCMH T3190,0"/><instruction code="INCH T3190,0"/><instruction code="OR T851,T3190,0"/><instruction code="STO T851,T849,0"/><instruction code="OR T852,T6,0"/><instruction code="SETL T3192,664"/><instruction code="INCML T3192,0"/><instruction code="INCMH T3192,0"/><instruction code="INCH T3192,0"/><instruction code="NEG T3192,0,T3192"/><instruction code="OR T853,T3192,0"/><instruction code="ADD T3193,T852,T853"/><instruction code="OR T854,T3193,0"/><instruction code="SETL T3194,5"/><instruction code="INCML T3194,0"/><instruction code="INCMH T3194,0"/><instruction code="INCH T3194,0"/><instruction code="OR T855,T3194,0"/><instruction code="SETL T3195,72"/><instruction code="INCML T3195,0"/><instruction code="INCMH T3195,0"/><instruction code="INCH T3195,0"/><instruction code="OR T856,T3195,0"/><instruction code="MUL T3196,T855,T856"/><instruction code="OR T857,T3196,0"/><instruction code="ADD T3197,T854,T857"/><instruction code="OR T858,T3197,0"/><instruction code="SETL T3198,1"/><instruction code="INCML T3198,0"/><instruction code="INCMH T3198,0"/><instruction code="INCH T3198,0"/><instruction code="OR T859,T3198,0"/><instruction code="SETL T3199,8"/><instruction code="INCML T3199,0"/><instruction code="INCMH T3199,0"/><instruction code="INCH T3199,0"/><instruction code="OR T860,T3199,0"/><instruction code="MUL T3200,T859,T860"/><instruction code="OR T861,T3200,0"/><instruction code="ADD T3201,T858,T861"/><instruction code="OR T862,T3201,0"/><instruction code="SETL T3202,0"/><instruction code="INCML T3202,0"/><instruction code="INCMH T3202,0"/><instruction code="INCH T3202,0"/><instruction code="OR T864,T3202,0"/><instruction code="STO T864,T862,0"/><instruction code="OR T865,T6,0"/><instruction code="SETL T3204,664"/><instruction code="INCML T3204,0"/><instruction code="INCMH T3204,0"/><instruction code="INCH T3204,0"/><instruction code="NEG T3204,0,T3204"/><instruction code="OR T866,T3204,0"/><instruction code="ADD T3205,T865,T866"/><instruction code="OR T867,T3205,0"/><instruction code="SETL T3206,5"/><instruction code="INCML T3206,0"/><instruction code="INCMH T3206,0"/><instruction code="INCH T3206,0"/><instruction code="OR T868,T3206,0"/><instruction code="SETL T3207,72"/><instruction code="INCML T3207,0"/><instruction code="INCMH T3207,0"/><instruction code="INCH T3207,0"/><instruction code="OR T869,T3207,0"/><instruction code="MUL T3208,T868,T869"/><instruction code="OR T870,T3208,0"/><instruction code="ADD T3209,T867,T870"/><instruction code="OR T871,T3209,0"/><instruction code="SETL T3210,2"/><instruction code="INCML T3210,0"/><instruction code="INCMH T3210,0"/><instruction code="INCH T3210,0"/><instruction code="OR T872,T3210,0"/><instruction code="SETL T3211,8"/><instruction code="INCML T3211,0"/><instruction code="INCMH T3211,0"/><instruction code="INCH T3211,0"/><instruction code="OR T873,T3211,0"/><instruction code="MUL T3212,T872,T873"/><instruction code="OR T874,T3212,0"/><instruction code="ADD T3213,T871,T874"/><instruction code="OR T875,T3213,0"/><instruction code="SETL T3214,0"/><instruction code="INCML T3214,0"/><instruction code="INCMH T3214,0"/><instruction code="INCH T3214,0"/><instruction code="OR T877,T3214,0"/><instruction code="STO T877,T875,0"/><instruction code="OR T878,T6,0"/><instruction code="SETL T3216,664"/><instruction code="INCML T3216,0"/><instruction code="INCMH T3216,0"/><instruction code="INCH T3216,0"/><instruction code="NEG T3216,0,T3216"/><instruction code="OR T879,T3216,0"/><instruction code="ADD T3217,T878,T879"/><instruction code="OR T880,T3217,0"/><instruction code="SETL T3218,5"/><instruction code="INCML T3218,0"/><instruction code="INCMH T3218,0"/><instruction code="INCH T3218,0"/><instruction code="OR T881,T3218,0"/><instruction code="SETL T3219,72"/><instruction code="INCML T3219,0"/><instruction code="INCMH T3219,0"/><instruction code="INCH T3219,0"/><instruction code="OR T882,T3219,0"/><instruction code="MUL T3220,T881,T882"/><instruction code="OR T883,T3220,0"/><instruction code="ADD T3221,T880,T883"/><instruction code="OR T884,T3221,0"/><instruction code="SETL T3222,3"/><instruction code="INCML T3222,0"/><instruction code="INCMH T3222,0"/><instruction code="INCH T3222,0"/><instruction code="OR T885,T3222,0"/><instruction code="SETL T3223,8"/><instruction code="INCML T3223,0"/><instruction code="INCMH T3223,0"/><instruction code="INCH T3223,0"/><instruction code="OR T886,T3223,0"/><instruction code="MUL T3224,T885,T886"/><instruction code="OR T887,T3224,0"/><instruction code="ADD T3225,T884,T887"/><instruction code="OR T888,T3225,0"/><instruction code="SETL T3226,0"/><instruction code="INCML T3226,0"/><instruction code="INCMH T3226,0"/><instruction code="INCH T3226,0"/><instruction code="OR T890,T3226,0"/><instruction code="STO T890,T888,0"/><instruction code="OR T891,T6,0"/><instruction code="SETL T3228,664"/><instruction code="INCML T3228,0"/><instruction code="INCMH T3228,0"/><instruction code="INCH T3228,0"/><instruction code="NEG T3228,0,T3228"/><instruction code="OR T892,T3228,0"/><instruction code="ADD T3229,T891,T892"/><instruction code="OR T893,T3229,0"/><instruction code="SETL T3230,5"/><instruction code="INCML T3230,0"/><instruction code="INCMH T3230,0"/><instruction code="INCH T3230,0"/><instruction code="OR T894,T3230,0"/><instruction code="SETL T3231,72"/><instruction code="INCML T3231,0"/><instruction code="INCMH T3231,0"/><instruction code="INCH T3231,0"/><instruction code="OR T895,T3231,0"/><instruction code="MUL T3232,T894,T895"/><instruction code="OR T896,T3232,0"/><instruction code="ADD T3233,T893,T896"/><instruction code="OR T897,T3233,0"/><instruction code="SETL T3234,4"/><instruction code="INCML T3234,0"/><instruction code="INCMH T3234,0"/><instruction code="INCH T3234,0"/><instruction code="OR T898,T3234,0"/><instruction code="SETL T3235,8"/><instruction code="INCML T3235,0"/><instruction code="INCMH T3235,0"/><instruction code="INCH T3235,0"/><instruction code="OR T899,T3235,0"/><instruction code="MUL T3236,T898,T899"/><instruction code="OR T900,T3236,0"/><instruction code="ADD T3237,T897,T900"/><instruction code="OR T901,T3237,0"/><instruction code="SETL T3238,0"/><instruction code="INCML T3238,0"/><instruction code="INCMH T3238,0"/><instruction code="INCH T3238,0"/><instruction code="OR T903,T3238,0"/><instruction code="STO T903,T901,0"/><instruction code="OR T904,T6,0"/><instruction code="SETL T3240,664"/><instruction code="INCML T3240,0"/><instruction code="INCMH T3240,0"/><instruction code="INCH T3240,0"/><instruction code="NEG T3240,0,T3240"/><instruction code="OR T905,T3240,0"/><instruction code="ADD T3241,T904,T905"/><instruction code="OR T906,T3241,0"/><instruction code="SETL T3242,5"/><instruction code="INCML T3242,0"/><instruction code="INCMH T3242,0"/><instruction code="INCH T3242,0"/><instruction code="OR T907,T3242,0"/><instruction code="SETL T3243,72"/><instruction code="INCML T3243,0"/><instruction code="INCMH T3243,0"/><instruction code="INCH T3243,0"/><instruction code="OR T908,T3243,0"/><instruction code="MUL T3244,T907,T908"/><instruction code="OR T909,T3244,0"/><instruction code="ADD T3245,T906,T909"/><instruction code="OR T910,T3245,0"/><instruction code="SETL T3246,5"/><instruction code="INCML T3246,0"/><instruction code="INCMH T3246,0"/><instruction code="INCH T3246,0"/><instruction code="OR T911,T3246,0"/><instruction code="SETL T3247,8"/><instruction code="INCML T3247,0"/><instruction code="INCMH T3247,0"/><instruction code="INCH T3247,0"/><instruction code="OR T912,T3247,0"/><instruction code="MUL T3248,T911,T912"/><instruction code="OR T913,T3248,0"/><instruction code="ADD T3249,T910,T913"/><instruction code="OR T914,T3249,0"/><instruction code="SETL T3250,9"/><instruction code="INCML T3250,0"/><instruction code="INCMH T3250,0"/><instruction code="INCH T3250,0"/><instruction code="OR T916,T3250,0"/><instruction code="STO T916,T914,0"/><instruction code="OR T917,T6,0"/><instruction code="SETL T3252,664"/><instruction code="INCML T3252,0"/><instruction code="INCMH T3252,0"/><instruction code="INCH T3252,0"/><instruction code="NEG T3252,0,T3252"/><instruction code="OR T918,T3252,0"/><instruction code="ADD T3253,T917,T918"/><instruction code="OR T919,T3253,0"/><instruction code="SETL T3254,5"/><instruction code="INCML T3254,0"/><instruction code="INCMH T3254,0"/><instruction code="INCH T3254,0"/><instruction code="OR T920,T3254,0"/><instruction code="SETL T3255,72"/><instruction code="INCML T3255,0"/><instruction code="INCMH T3255,0"/><instruction code="INCH T3255,0"/><instruction code="OR T921,T3255,0"/><instruction code="MUL T3256,T920,T921"/><instruction code="OR T922,T3256,0"/><instruction code="ADD T3257,T919,T922"/><instruction code="OR T923,T3257,0"/><instruction code="SETL T3258,6"/><instruction code="INCML T3258,0"/><instruction code="INCMH T3258,0"/><instruction code="INCH T3258,0"/><instruction code="OR T924,T3258,0"/><instruction code="SETL T3259,8"/><instruction code="INCML T3259,0"/><instruction code="INCMH T3259,0"/><instruction code="INCH T3259,0"/><instruction code="OR T925,T3259,0"/><instruction code="MUL T3260,T924,T925"/><instruction code="OR T926,T3260,0"/><instruction code="ADD T3261,T923,T926"/><instruction code="OR T927,T3261,0"/><instruction code="SETL T3262,0"/><instruction code="INCML T3262,0"/><instruction code="INCMH T3262,0"/><instruction code="INCH T3262,0"/><instruction code="OR T929,T3262,0"/><instruction code="STO T929,T927,0"/><instruction code="OR T930,T6,0"/><instruction code="SETL T3264,664"/><instruction code="INCML T3264,0"/><instruction code="INCMH T3264,0"/><instruction code="INCH T3264,0"/><instruction code="NEG T3264,0,T3264"/><instruction code="OR T931,T3264,0"/><instruction code="ADD T3265,T930,T931"/><instruction code="OR T932,T3265,0"/><instruction code="SETL T3266,5"/><instruction code="INCML T3266,0"/><instruction code="INCMH T3266,0"/><instruction code="INCH T3266,0"/><instruction code="OR T933,T3266,0"/><instruction code="SETL T3267,72"/><instruction code="INCML T3267,0"/><instruction code="INCMH T3267,0"/><instruction code="INCH T3267,0"/><instruction code="OR T934,T3267,0"/><instruction code="MUL T3268,T933,T934"/><instruction code="OR T935,T3268,0"/><instruction code="ADD T3269,T932,T935"/><instruction code="OR T936,T3269,0"/><instruction code="SETL T3270,7"/><instruction code="INCML T3270,0"/><instruction code="INCMH T3270,0"/><instruction code="INCH T3270,0"/><instruction code="OR T937,T3270,0"/><instruction code="SETL T3271,8"/><instruction code="INCML T3271,0"/><instruction code="INCMH T3271,0"/><instruction code="INCH T3271,0"/><instruction code="OR T938,T3271,0"/><instruction code="MUL T3272,T937,T938"/><instruction code="OR T939,T3272,0"/><instruction code="ADD T3273,T936,T939"/><instruction code="OR T940,T3273,0"/><instruction code="SETL T3274,0"/><instruction code="INCML T3274,0"/><instruction code="INCMH T3274,0"/><instruction code="INCH T3274,0"/><instruction code="OR T942,T3274,0"/><instruction code="STO T942,T940,0"/><instruction code="OR T943,T6,0"/><instruction code="SETL T3276,664"/><instruction code="INCML T3276,0"/><instruction code="INCMH T3276,0"/><instruction code="INCH T3276,0"/><instruction code="NEG T3276,0,T3276"/><instruction code="OR T944,T3276,0"/><instruction code="ADD T3277,T943,T944"/><instruction code="OR T945,T3277,0"/><instruction code="SETL T3278,5"/><instruction code="INCML T3278,0"/><instruction code="INCMH T3278,0"/><instruction code="INCH T3278,0"/><instruction code="OR T946,T3278,0"/><instruction code="SETL T3279,72"/><instruction code="INCML T3279,0"/><instruction code="INCMH T3279,0"/><instruction code="INCH T3279,0"/><instruction code="OR T947,T3279,0"/><instruction code="MUL T3280,T946,T947"/><instruction code="OR T948,T3280,0"/><instruction code="ADD T3281,T945,T948"/><instruction code="OR T949,T3281,0"/><instruction code="SETL T3282,8"/><instruction code="INCML T3282,0"/><instruction code="INCMH T3282,0"/><instruction code="INCH T3282,0"/><instruction code="OR T950,T3282,0"/><instruction code="SETL T3283,8"/><instruction code="INCML T3283,0"/><instruction code="INCMH T3283,0"/><instruction code="INCH T3283,0"/><instruction code="OR T951,T3283,0"/><instruction code="MUL T3284,T950,T951"/><instruction code="OR T952,T3284,0"/><instruction code="ADD T3285,T949,T952"/><instruction code="OR T953,T3285,0"/><instruction code="SETL T3286,0"/><instruction code="INCML T3286,0"/><instruction code="INCMH T3286,0"/><instruction code="INCH T3286,0"/><instruction code="OR T955,T3286,0"/><instruction code="STO T955,T953,0"/><instruction code="OR T956,T6,0"/><instruction code="SETL T3288,664"/><instruction code="INCML T3288,0"/><instruction code="INCMH T3288,0"/><instruction code="INCH T3288,0"/><instruction code="NEG T3288,0,T3288"/><instruction code="OR T957,T3288,0"/><instruction code="ADD T3289,T956,T957"/><instruction code="OR T958,T3289,0"/><instruction code="SETL T3290,6"/><instruction code="INCML T3290,0"/><instruction code="INCMH T3290,0"/><instruction code="INCH T3290,0"/><instruction code="OR T959,T3290,0"/><instruction code="SETL T3291,72"/><instruction code="INCML T3291,0"/><instruction code="INCMH T3291,0"/><instruction code="INCH T3291,0"/><instruction code="OR T960,T3291,0"/><instruction code="MUL T3292,T959,T960"/><instruction code="OR T961,T3292,0"/><instruction code="ADD T3293,T958,T961"/><instruction code="OR T962,T3293,0"/><instruction code="SETL T3294,0"/><instruction code="INCML T3294,0"/><instruction code="INCMH T3294,0"/><instruction code="INCH T3294,0"/><instruction code="OR T963,T3294,0"/><instruction code="SETL T3295,8"/><instruction code="INCML T3295,0"/><instruction code="INCMH T3295,0"/><instruction code="INCH T3295,0"/><instruction code="OR T964,T3295,0"/><instruction code="MUL T3296,T963,T964"/><instruction code="OR T965,T3296,0"/><instruction code="ADD T3297,T962,T965"/><instruction code="OR T966,T3297,0"/><instruction code="SETL T3298,0"/><instruction code="INCML T3298,0"/><instruction code="INCMH T3298,0"/><instruction code="INCH T3298,0"/><instruction code="OR T968,T3298,0"/><instruction code="STO T968,T966,0"/><instruction code="OR T969,T6,0"/><instruction code="SETL T3300,664"/><instruction code="INCML T3300,0"/><instruction code="INCMH T3300,0"/><instruction code="INCH T3300,0"/><instruction code="NEG T3300,0,T3300"/><instruction code="OR T970,T3300,0"/><instruction code="ADD T3301,T969,T970"/><instruction code="OR T971,T3301,0"/><instruction code="SETL T3302,6"/><instruction code="INCML T3302,0"/><instruction code="INCMH T3302,0"/><instruction code="INCH T3302,0"/><instruction code="OR T972,T3302,0"/><instruction code="SETL T3303,72"/><instruction code="INCML T3303,0"/><instruction code="INCMH T3303,0"/><instruction code="INCH T3303,0"/><instruction code="OR T973,T3303,0"/><instruction code="MUL T3304,T972,T973"/><instruction code="OR T974,T3304,0"/><instruction code="ADD T3305,T971,T974"/><instruction code="OR T975,T3305,0"/><instruction code="SETL T3306,1"/><instruction code="INCML T3306,0"/><instruction code="INCMH T3306,0"/><instruction code="INCH T3306,0"/><instruction code="OR T976,T3306,0"/><instruction code="SETL T3307,8"/><instruction code="INCML T3307,0"/><instruction code="INCMH T3307,0"/><instruction code="INCH T3307,0"/><instruction code="OR T977,T3307,0"/><instruction code="MUL T3308,T976,T977"/><instruction code="OR T978,T3308,0"/><instruction code="ADD T3309,T975,T978"/><instruction code="OR T979,T3309,0"/><instruction code="SETL T3310,0"/><instruction code="INCML T3310,0"/><instruction code="INCMH T3310,0"/><instruction code="INCH T3310,0"/><instruction code="OR T981,T3310,0"/><instruction code="STO T981,T979,0"/><instruction code="OR T982,T6,0"/><instruction code="SETL T3312,664"/><instruction code="INCML T3312,0"/><instruction code="INCMH T3312,0"/><instruction code="INCH T3312,0"/><instruction code="NEG T3312,0,T3312"/><instruction code="OR T983,T3312,0"/><instruction code="ADD T3313,T982,T983"/><instruction code="OR T984,T3313,0"/><instruction code="SETL T3314,6"/><instruction code="INCML T3314,0"/><instruction code="INCMH T3314,0"/><instruction code="INCH T3314,0"/><instruction code="OR T985,T3314,0"/><instruction code="SETL T3315,72"/><instruction code="INCML T3315,0"/><instruction code="INCMH T3315,0"/><instruction code="INCH T3315,0"/><instruction code="OR T986,T3315,0"/><instruction code="MUL T3316,T985,T986"/><instruction code="OR T987,T3316,0"/><instruction code="ADD T3317,T984,T987"/><instruction code="OR T988,T3317,0"/><instruction code="SETL T3318,2"/><instruction code="INCML T3318,0"/><instruction code="INCMH T3318,0"/><instruction code="INCH T3318,0"/><instruction code="OR T989,T3318,0"/><instruction code="SETL T3319,8"/><instruction code="INCML T3319,0"/><instruction code="INCMH T3319,0"/><instruction code="INCH T3319,0"/><instruction code="OR T990,T3319,0"/><instruction code="MUL T3320,T989,T990"/><instruction code="OR T991,T3320,0"/><instruction code="ADD T3321,T988,T991"/><instruction code="OR T992,T3321,0"/><instruction code="SETL T3322,0"/><instruction code="INCML T3322,0"/><instruction code="INCMH T3322,0"/><instruction code="INCH T3322,0"/><instruction code="OR T994,T3322,0"/><instruction code="STO T994,T992,0"/><instruction code="OR T995,T6,0"/><instruction code="SETL T3324,664"/><instruction code="INCML T3324,0"/><instruction code="INCMH T3324,0"/><instruction code="INCH T3324,0"/><instruction code="NEG T3324,0,T3324"/><instruction code="OR T996,T3324,0"/><instruction code="ADD T3325,T995,T996"/><instruction code="OR T997,T3325,0"/><instruction code="SETL T3326,6"/><instruction code="INCML T3326,0"/><instruction code="INCMH T3326,0"/><instruction code="INCH T3326,0"/><instruction code="OR T998,T3326,0"/><instruction code="SETL T3327,72"/><instruction code="INCML T3327,0"/><instruction code="INCMH T3327,0"/><instruction code="INCH T3327,0"/><instruction code="OR T999,T3327,0"/><instruction code="MUL T3328,T998,T999"/><instruction code="OR T1000,T3328,0"/><instruction code="ADD T3329,T997,T1000"/><instruction code="OR T1001,T3329,0"/><instruction code="SETL T3330,3"/><instruction code="INCML T3330,0"/><instruction code="INCMH T3330,0"/><instruction code="INCH T3330,0"/><instruction code="OR T1002,T3330,0"/><instruction code="SETL T3331,8"/><instruction code="INCML T3331,0"/><instruction code="INCMH T3331,0"/><instruction code="INCH T3331,0"/><instruction code="OR T1003,T3331,0"/><instruction code="MUL T3332,T1002,T1003"/><instruction code="OR T1004,T3332,0"/><instruction code="ADD T3333,T1001,T1004"/><instruction code="OR T1005,T3333,0"/><instruction code="SETL T3334,0"/><instruction code="INCML T3334,0"/><instruction code="INCMH T3334,0"/><instruction code="INCH T3334,0"/><instruction code="OR T1007,T3334,0"/><instruction code="STO T1007,T1005,0"/><instruction code="OR T1008,T6,0"/><instruction code="SETL T3336,664"/><instruction code="INCML T3336,0"/><instruction code="INCMH T3336,0"/><instruction code="INCH T3336,0"/><instruction code="NEG T3336,0,T3336"/><instruction code="OR T1009,T3336,0"/><instruction code="ADD T3337,T1008,T1009"/><instruction code="OR T1010,T3337,0"/><instruction code="SETL T3338,6"/><instruction code="INCML T3338,0"/><instruction code="INCMH T3338,0"/><instruction code="INCH T3338,0"/><instruction code="OR T1011,T3338,0"/><instruction code="SETL T3339,72"/><instruction code="INCML T3339,0"/><instruction code="INCMH T3339,0"/><instruction code="INCH T3339,0"/><instruction code="OR T1012,T3339,0"/><instruction code="MUL T3340,T1011,T1012"/><instruction code="OR T1013,T3340,0"/><instruction code="ADD T3341,T1010,T1013"/><instruction code="OR T1014,T3341,0"/><instruction code="SETL T3342,4"/><instruction code="INCML T3342,0"/><instruction code="INCMH T3342,0"/><instruction code="INCH T3342,0"/><instruction code="OR T1015,T3342,0"/><instruction code="SETL T3343,8"/><instruction code="INCML T3343,0"/><instruction code="INCMH T3343,0"/><instruction code="INCH T3343,0"/><instruction code="OR T1016,T3343,0"/><instruction code="MUL T3344,T1015,T1016"/><instruction code="OR T1017,T3344,0"/><instruction code="ADD T3345,T1014,T1017"/><instruction code="OR T1018,T3345,0"/><instruction code="SETL T3346,0"/><instruction code="INCML T3346,0"/><instruction code="INCMH T3346,0"/><instruction code="INCH T3346,0"/><instruction code="OR T1020,T3346,0"/><instruction code="STO T1020,T1018,0"/><instruction code="OR T1021,T6,0"/><instruction code="SETL T3348,664"/><instruction code="INCML T3348,0"/><instruction code="INCMH T3348,0"/><instruction code="INCH T3348,0"/><instruction code="NEG T3348,0,T3348"/><instruction code="OR T1022,T3348,0"/><instruction code="ADD T3349,T1021,T1022"/><instruction code="OR T1023,T3349,0"/><instruction code="SETL T3350,6"/><instruction code="INCML T3350,0"/><instruction code="INCMH T3350,0"/><instruction code="INCH T3350,0"/><instruction code="OR T1024,T3350,0"/><instruction code="SETL T3351,72"/><instruction code="INCML T3351,0"/><instruction code="INCMH T3351,0"/><instruction code="INCH T3351,0"/><instruction code="OR T1025,T3351,0"/><instruction code="MUL T3352,T1024,T1025"/><instruction code="OR T1026,T3352,0"/><instruction code="ADD T3353,T1023,T1026"/><instruction code="OR T1027,T3353,0"/><instruction code="SETL T3354,5"/><instruction code="INCML T3354,0"/><instruction code="INCMH T3354,0"/><instruction code="INCH T3354,0"/><instruction code="OR T1028,T3354,0"/><instruction code="SETL T3355,8"/><instruction code="INCML T3355,0"/><instruction code="INCMH T3355,0"/><instruction code="INCH T3355,0"/><instruction code="OR T1029,T3355,0"/><instruction code="MUL T3356,T1028,T1029"/><instruction code="OR T1030,T3356,0"/><instruction code="ADD T3357,T1027,T1030"/><instruction code="OR T1031,T3357,0"/><instruction code="SETL T3358,1"/><instruction code="INCML T3358,0"/><instruction code="INCMH T3358,0"/><instruction code="INCH T3358,0"/><instruction code="OR T1033,T3358,0"/><instruction code="STO T1033,T1031,0"/><instruction code="OR T1034,T6,0"/><instruction code="SETL T3360,664"/><instruction code="INCML T3360,0"/><instruction code="INCMH T3360,0"/><instruction code="INCH T3360,0"/><instruction code="NEG T3360,0,T3360"/><instruction code="OR T1035,T3360,0"/><instruction code="ADD T3361,T1034,T1035"/><instruction code="OR T1036,T3361,0"/><instruction code="SETL T3362,6"/><instruction code="INCML T3362,0"/><instruction code="INCMH T3362,0"/><instruction code="INCH T3362,0"/><instruction code="OR T1037,T3362,0"/><instruction code="SETL T3363,72"/><instruction code="INCML T3363,0"/><instruction code="INCMH T3363,0"/><instruction code="INCH T3363,0"/><instruction code="OR T1038,T3363,0"/><instruction code="MUL T3364,T1037,T1038"/><instruction code="OR T1039,T3364,0"/><instruction code="ADD T3365,T1036,T1039"/><instruction code="OR T1040,T3365,0"/><instruction code="SETL T3366,6"/><instruction code="INCML T3366,0"/><instruction code="INCMH T3366,0"/><instruction code="INCH T3366,0"/><instruction code="OR T1041,T3366,0"/><instruction code="SETL T3367,8"/><instruction code="INCML T3367,0"/><instruction code="INCMH T3367,0"/><instruction code="INCH T3367,0"/><instruction code="OR T1042,T3367,0"/><instruction code="MUL T3368,T1041,T1042"/><instruction code="OR T1043,T3368,0"/><instruction code="ADD T3369,T1040,T1043"/><instruction code="OR T1044,T3369,0"/><instruction code="SETL T3370,0"/><instruction code="INCML T3370,0"/><instruction code="INCMH T3370,0"/><instruction code="INCH T3370,0"/><instruction code="OR T1046,T3370,0"/><instruction code="STO T1046,T1044,0"/><instruction code="OR T1047,T6,0"/><instruction code="SETL T3372,664"/><instruction code="INCML T3372,0"/><instruction code="INCMH T3372,0"/><instruction code="INCH T3372,0"/><instruction code="NEG T3372,0,T3372"/><instruction code="OR T1048,T3372,0"/><instruction code="ADD T3373,T1047,T1048"/><instruction code="OR T1049,T3373,0"/><instruction code="SETL T3374,6"/><instruction code="INCML T3374,0"/><instruction code="INCMH T3374,0"/><instruction code="INCH T3374,0"/><instruction code="OR T1050,T3374,0"/><instruction code="SETL T3375,72"/><instruction code="INCML T3375,0"/><instruction code="INCMH T3375,0"/><instruction code="INCH T3375,0"/><instruction code="OR T1051,T3375,0"/><instruction code="MUL T3376,T1050,T1051"/><instruction code="OR T1052,T3376,0"/><instruction code="ADD T3377,T1049,T1052"/><instruction code="OR T1053,T3377,0"/><instruction code="SETL T3378,7"/><instruction code="INCML T3378,0"/><instruction code="INCMH T3378,0"/><instruction code="INCH T3378,0"/><instruction code="OR T1054,T3378,0"/><instruction code="SETL T3379,8"/><instruction code="INCML T3379,0"/><instruction code="INCMH T3379,0"/><instruction code="INCH T3379,0"/><instruction code="OR T1055,T3379,0"/><instruction code="MUL T3380,T1054,T1055"/><instruction code="OR T1056,T3380,0"/><instruction code="ADD T3381,T1053,T1056"/><instruction code="OR T1057,T3381,0"/><instruction code="SETL T3382,0"/><instruction code="INCML T3382,0"/><instruction code="INCMH T3382,0"/><instruction code="INCH T3382,0"/><instruction code="OR T1059,T3382,0"/><instruction code="STO T1059,T1057,0"/><instruction code="OR T1060,T6,0"/><instruction code="SETL T3384,664"/><instruction code="INCML T3384,0"/><instruction code="INCMH T3384,0"/><instruction code="INCH T3384,0"/><instruction code="NEG T3384,0,T3384"/><instruction code="OR T1061,T3384,0"/><instruction code="ADD T3385,T1060,T1061"/><instruction code="OR T1062,T3385,0"/><instruction code="SETL T3386,6"/><instruction code="INCML T3386,0"/><instruction code="INCMH T3386,0"/><instruction code="INCH T3386,0"/><instruction code="OR T1063,T3386,0"/><instruction code="SETL T3387,72"/><instruction code="INCML T3387,0"/><instruction code="INCMH T3387,0"/><instruction code="INCH T3387,0"/><instruction code="OR T1064,T3387,0"/><instruction code="MUL T3388,T1063,T1064"/><instruction code="OR T1065,T3388,0"/><instruction code="ADD T3389,T1062,T1065"/><instruction code="OR T1066,T3389,0"/><instruction code="SETL T3390,8"/><instruction code="INCML T3390,0"/><instruction code="INCMH T3390,0"/><instruction code="INCH T3390,0"/><instruction code="OR T1067,T3390,0"/><instruction code="SETL T3391,8"/><instruction code="INCML T3391,0"/><instruction code="INCMH T3391,0"/><instruction code="INCH T3391,0"/><instruction code="OR T1068,T3391,0"/><instruction code="MUL T3392,T1067,T1068"/><instruction code="OR T1069,T3392,0"/><instruction code="ADD T3393,T1066,T1069"/><instruction code="OR T1070,T3393,0"/><instruction code="SETL T3394,7"/><instruction code="INCML T3394,0"/><instruction code="INCMH T3394,0"/><instruction code="INCH T3394,0"/><instruction code="OR T1072,T3394,0"/><instruction code="STO T1072,T1070,0"/><instruction code="OR T1073,T6,0"/><instruction code="SETL T3396,664"/><instruction code="INCML T3396,0"/><instruction code="INCMH T3396,0"/><instruction code="INCH T3396,0"/><instruction code="NEG T3396,0,T3396"/><instruction code="OR T1074,T3396,0"/><instruction code="ADD T3397,T1073,T1074"/><instruction code="OR T1075,T3397,0"/><instruction code="SETL T3398,7"/><instruction code="INCML T3398,0"/><instruction code="INCMH T3398,0"/><instruction code="INCH T3398,0"/><instruction code="OR T1076,T3398,0"/><instruction code="SETL T3399,72"/><instruction code="INCML T3399,0"/><instruction code="INCMH T3399,0"/><instruction code="INCH T3399,0"/><instruction code="OR T1077,T3399,0"/><instruction code="MUL T3400,T1076,T1077"/><instruction code="OR T1078,T3400,0"/><instruction code="ADD T3401,T1075,T1078"/><instruction code="OR T1079,T3401,0"/><instruction code="SETL T3402,0"/><instruction code="INCML T3402,0"/><instruction code="INCMH T3402,0"/><instruction code="INCH T3402,0"/><instruction code="OR T1080,T3402,0"/><instruction code="SETL T3403,8"/><instruction code="INCML T3403,0"/><instruction code="INCMH T3403,0"/><instruction code="INCH T3403,0"/><instruction code="OR T1081,T3403,0"/><instruction code="MUL T3404,T1080,T1081"/><instruction code="OR T1082,T3404,0"/><instruction code="ADD T3405,T1079,T1082"/><instruction code="OR T1083,T3405,0"/><instruction code="SETL T3406,1"/><instruction code="INCML T3406,0"/><instruction code="INCMH T3406,0"/><instruction code="INCH T3406,0"/><instruction code="OR T1085,T3406,0"/><instruction code="STO T1085,T1083,0"/><instruction code="OR T1086,T6,0"/><instruction code="SETL T3408,664"/><instruction code="INCML T3408,0"/><instruction code="INCMH T3408,0"/><instruction code="INCH T3408,0"/><instruction code="NEG T3408,0,T3408"/><instruction code="OR T1087,T3408,0"/><instruction code="ADD T3409,T1086,T1087"/><instruction code="OR T1088,T3409,0"/><instruction code="SETL T3410,7"/><instruction code="INCML T3410,0"/><instruction code="INCMH T3410,0"/><instruction code="INCH T3410,0"/><instruction code="OR T1089,T3410,0"/><instruction code="SETL T3411,72"/><instruction code="INCML T3411,0"/><instruction code="INCMH T3411,0"/><instruction code="INCH T3411,0"/><instruction code="OR T1090,T3411,0"/><instruction code="MUL T3412,T1089,T1090"/><instruction code="OR T1091,T3412,0"/><instruction code="ADD T3413,T1088,T1091"/><instruction code="OR T1092,T3413,0"/><instruction code="SETL T3414,1"/><instruction code="INCML T3414,0"/><instruction code="INCMH T3414,0"/><instruction code="INCH T3414,0"/><instruction code="OR T1093,T3414,0"/><instruction code="SETL T3415,8"/><instruction code="INCML T3415,0"/><instruction code="INCMH T3415,0"/><instruction code="INCH T3415,0"/><instruction code="OR T1094,T3415,0"/><instruction code="MUL T3416,T1093,T1094"/><instruction code="OR T1095,T3416,0"/><instruction code="ADD T3417,T1092,T1095"/><instruction code="OR T1096,T3417,0"/><instruction code="SETL T3418,0"/><instruction code="INCML T3418,0"/><instruction code="INCMH T3418,0"/><instruction code="INCH T3418,0"/><instruction code="OR T1098,T3418,0"/><instruction code="STO T1098,T1096,0"/><instruction code="OR T1099,T6,0"/><instruction code="SETL T3420,664"/><instruction code="INCML T3420,0"/><instruction code="INCMH T3420,0"/><instruction code="INCH T3420,0"/><instruction code="NEG T3420,0,T3420"/><instruction code="OR T1100,T3420,0"/><instruction code="ADD T3421,T1099,T1100"/><instruction code="OR T1101,T3421,0"/><instruction code="SETL T3422,7"/><instruction code="INCML T3422,0"/><instruction code="INCMH T3422,0"/><instruction code="INCH T3422,0"/><instruction code="OR T1102,T3422,0"/><instruction code="SETL T3423,72"/><instruction code="INCML T3423,0"/><instruction code="INCMH T3423,0"/><instruction code="INCH T3423,0"/><instruction code="OR T1103,T3423,0"/><instruction code="MUL T3424,T1102,T1103"/><instruction code="OR T1104,T3424,0"/><instruction code="ADD T3425,T1101,T1104"/><instruction code="OR T1105,T3425,0"/><instruction code="SETL T3426,2"/><instruction code="INCML T3426,0"/><instruction code="INCMH T3426,0"/><instruction code="INCH T3426,0"/><instruction code="OR T1106,T3426,0"/><instruction code="SETL T3427,8"/><instruction code="INCML T3427,0"/><instruction code="INCMH T3427,0"/><instruction code="INCH T3427,0"/><instruction code="OR T1107,T3427,0"/><instruction code="MUL T3428,T1106,T1107"/><instruction code="OR T1108,T3428,0"/><instruction code="ADD T3429,T1105,T1108"/><instruction code="OR T1109,T3429,0"/><instruction code="SETL T3430,0"/><instruction code="INCML T3430,0"/><instruction code="INCMH T3430,0"/><instruction code="INCH T3430,0"/><instruction code="OR T1111,T3430,0"/><instruction code="STO T1111,T1109,0"/><instruction code="OR T1112,T6,0"/><instruction code="SETL T3432,664"/><instruction code="INCML T3432,0"/><instruction code="INCMH T3432,0"/><instruction code="INCH T3432,0"/><instruction code="NEG T3432,0,T3432"/><instruction code="OR T1113,T3432,0"/><instruction code="ADD T3433,T1112,T1113"/><instruction code="OR T1114,T3433,0"/><instruction code="SETL T3434,7"/><instruction code="INCML T3434,0"/><instruction code="INCMH T3434,0"/><instruction code="INCH T3434,0"/><instruction code="OR T1115,T3434,0"/><instruction code="SETL T3435,72"/><instruction code="INCML T3435,0"/><instruction code="INCMH T3435,0"/><instruction code="INCH T3435,0"/><instruction code="OR T1116,T3435,0"/><instruction code="MUL T3436,T1115,T1116"/><instruction code="OR T1117,T3436,0"/><instruction code="ADD T3437,T1114,T1117"/><instruction code="OR T1118,T3437,0"/><instruction code="SETL T3438,3"/><instruction code="INCML T3438,0"/><instruction code="INCMH T3438,0"/><instruction code="INCH T3438,0"/><instruction code="OR T1119,T3438,0"/><instruction code="SETL T3439,8"/><instruction code="INCML T3439,0"/><instruction code="INCMH T3439,0"/><instruction code="INCH T3439,0"/><instruction code="OR T1120,T3439,0"/><instruction code="MUL T3440,T1119,T1120"/><instruction code="OR T1121,T3440,0"/><instruction code="ADD T3441,T1118,T1121"/><instruction code="OR T1122,T3441,0"/><instruction code="SETL T3442,0"/><instruction code="INCML T3442,0"/><instruction code="INCMH T3442,0"/><instruction code="INCH T3442,0"/><instruction code="OR T1124,T3442,0"/><instruction code="STO T1124,T1122,0"/><instruction code="OR T1125,T6,0"/><instruction code="SETL T3444,664"/><instruction code="INCML T3444,0"/><instruction code="INCMH T3444,0"/><instruction code="INCH T3444,0"/><instruction code="NEG T3444,0,T3444"/><instruction code="OR T1126,T3444,0"/><instruction code="ADD T3445,T1125,T1126"/><instruction code="OR T1127,T3445,0"/><instruction code="SETL T3446,7"/><instruction code="INCML T3446,0"/><instruction code="INCMH T3446,0"/><instruction code="INCH T3446,0"/><instruction code="OR T1128,T3446,0"/><instruction code="SETL T3447,72"/><instruction code="INCML T3447,0"/><instruction code="INCMH T3447,0"/><instruction code="INCH T3447,0"/><instruction code="OR T1129,T3447,0"/><instruction code="MUL T3448,T1128,T1129"/><instruction code="OR T1130,T3448,0"/><instruction code="ADD T3449,T1127,T1130"/><instruction code="OR T1131,T3449,0"/><instruction code="SETL T3450,4"/><instruction code="INCML T3450,0"/><instruction code="INCMH T3450,0"/><instruction code="INCH T3450,0"/><instruction code="OR T1132,T3450,0"/><instruction code="SETL T3451,8"/><instruction code="INCML T3451,0"/><instruction code="INCMH T3451,0"/><instruction code="INCH T3451,0"/><instruction code="OR T1133,T3451,0"/><instruction code="MUL T3452,T1132,T1133"/><instruction code="OR T1134,T3452,0"/><instruction code="ADD T3453,T1131,T1134"/><instruction code="OR T1135,T3453,0"/><instruction code="SETL T3454,0"/><instruction code="INCML T3454,0"/><instruction code="INCMH T3454,0"/><instruction code="INCH T3454,0"/><instruction code="OR T1137,T3454,0"/><instruction code="STO T1137,T1135,0"/><instruction code="OR T1138,T6,0"/><instruction code="SETL T3456,664"/><instruction code="INCML T3456,0"/><instruction code="INCMH T3456,0"/><instruction code="INCH T3456,0"/><instruction code="NEG T3456,0,T3456"/><instruction code="OR T1139,T3456,0"/><instruction code="ADD T3457,T1138,T1139"/><instruction code="OR T1140,T3457,0"/><instruction code="SETL T3458,7"/><instruction code="INCML T3458,0"/><instruction code="INCMH T3458,0"/><instruction code="INCH T3458,0"/><instruction code="OR T1141,T3458,0"/><instruction code="SETL T3459,72"/><instruction code="INCML T3459,0"/><instruction code="INCMH T3459,0"/><instruction code="INCH T3459,0"/><instruction code="OR T1142,T3459,0"/><instruction code="MUL T3460,T1141,T1142"/><instruction code="OR T1143,T3460,0"/><instruction code="ADD T3461,T1140,T1143"/><instruction code="OR T1144,T3461,0"/><instruction code="SETL T3462,5"/><instruction code="INCML T3462,0"/><instruction code="INCMH T3462,0"/><instruction code="INCH T3462,0"/><instruction code="OR T1145,T3462,0"/><instruction code="SETL T3463,8"/><instruction code="INCML T3463,0"/><instruction code="INCMH T3463,0"/><instruction code="INCH T3463,0"/><instruction code="OR T1146,T3463,0"/><instruction code="MUL T3464,T1145,T1146"/><instruction code="OR T1147,T3464,0"/><instruction code="ADD T3465,T1144,T1147"/><instruction code="OR T1148,T3465,0"/><instruction code="SETL T3466,2"/><instruction code="INCML T3466,0"/><instruction code="INCMH T3466,0"/><instruction code="INCH T3466,0"/><instruction code="OR T1150,T3466,0"/><instruction code="STO T1150,T1148,0"/><instruction code="OR T1151,T6,0"/><instruction code="SETL T3468,664"/><instruction code="INCML T3468,0"/><instruction code="INCMH T3468,0"/><instruction code="INCH T3468,0"/><instruction code="NEG T3468,0,T3468"/><instruction code="OR T1152,T3468,0"/><instruction code="ADD T3469,T1151,T1152"/><instruction code="OR T1153,T3469,0"/><instruction code="SETL T3470,7"/><instruction code="INCML T3470,0"/><instruction code="INCMH T3470,0"/><instruction code="INCH T3470,0"/><instruction code="OR T1154,T3470,0"/><instruction code="SETL T3471,72"/><instruction code="INCML T3471,0"/><instruction code="INCMH T3471,0"/><instruction code="INCH T3471,0"/><instruction code="OR T1155,T3471,0"/><instruction code="MUL T3472,T1154,T1155"/><instruction code="OR T1156,T3472,0"/><instruction code="ADD T3473,T1153,T1156"/><instruction code="OR T1157,T3473,0"/><instruction code="SETL T3474,6"/><instruction code="INCML T3474,0"/><instruction code="INCMH T3474,0"/><instruction code="INCH T3474,0"/><instruction code="OR T1158,T3474,0"/><instruction code="SETL T3475,8"/><instruction code="INCML T3475,0"/><instruction code="INCMH T3475,0"/><instruction code="INCH T3475,0"/><instruction code="OR T1159,T3475,0"/><instruction code="MUL T3476,T1158,T1159"/><instruction code="OR T1160,T3476,0"/><instruction code="ADD T3477,T1157,T1160"/><instruction code="OR T1161,T3477,0"/><instruction code="SETL T3478,4"/><instruction code="INCML T3478,0"/><instruction code="INCMH T3478,0"/><instruction code="INCH T3478,0"/><instruction code="OR T1163,T3478,0"/><instruction code="STO T1163,T1161,0"/><instruction code="OR T1164,T6,0"/><instruction code="SETL T3480,664"/><instruction code="INCML T3480,0"/><instruction code="INCMH T3480,0"/><instruction code="INCH T3480,0"/><instruction code="NEG T3480,0,T3480"/><instruction code="OR T1165,T3480,0"/><instruction code="ADD T3481,T1164,T1165"/><instruction code="OR T1166,T3481,0"/><instruction code="SETL T3482,7"/><instruction code="INCML T3482,0"/><instruction code="INCMH T3482,0"/><instruction code="INCH T3482,0"/><instruction code="OR T1167,T3482,0"/><instruction code="SETL T3483,72"/><instruction code="INCML T3483,0"/><instruction code="INCMH T3483,0"/><instruction code="INCH T3483,0"/><instruction code="OR T1168,T3483,0"/><instruction code="MUL T3484,T1167,T1168"/><instruction code="OR T1169,T3484,0"/><instruction code="ADD T3485,T1166,T1169"/><instruction code="OR T1170,T3485,0"/><instruction code="SETL T3486,7"/><instruction code="INCML T3486,0"/><instruction code="INCMH T3486,0"/><instruction code="INCH T3486,0"/><instruction code="OR T1171,T3486,0"/><instruction code="SETL T3487,8"/><instruction code="INCML T3487,0"/><instruction code="INCMH T3487,0"/><instruction code="INCH T3487,0"/><instruction code="OR T1172,T3487,0"/><instruction code="MUL T3488,T1171,T1172"/><instruction code="OR T1173,T3488,0"/><instruction code="ADD T3489,T1170,T1173"/><instruction code="OR T1174,T3489,0"/><instruction code="SETL T3490,0"/><instruction code="INCML T3490,0"/><instruction code="INCMH T3490,0"/><instruction code="INCH T3490,0"/><instruction code="OR T1176,T3490,0"/><instruction code="STO T1176,T1174,0"/><instruction code="OR T1177,T6,0"/><instruction code="SETL T3492,664"/><instruction code="INCML T3492,0"/><instruction code="INCMH T3492,0"/><instruction code="INCH T3492,0"/><instruction code="NEG T3492,0,T3492"/><instruction code="OR T1178,T3492,0"/><instruction code="ADD T3493,T1177,T1178"/><instruction code="OR T1179,T3493,0"/><instruction code="SETL T3494,7"/><instruction code="INCML T3494,0"/><instruction code="INCMH T3494,0"/><instruction code="INCH T3494,0"/><instruction code="OR T1180,T3494,0"/><instruction code="SETL T3495,72"/><instruction code="INCML T3495,0"/><instruction code="INCMH T3495,0"/><instruction code="INCH T3495,0"/><instruction code="OR T1181,T3495,0"/><instruction code="MUL T3496,T1180,T1181"/><instruction code="OR T1182,T3496,0"/><instruction code="ADD T3497,T1179,T1182"/><instruction code="OR T1183,T3497,0"/><instruction code="SETL T3498,8"/><instruction code="INCML T3498,0"/><instruction code="INCMH T3498,0"/><instruction code="INCH T3498,0"/><instruction code="OR T1184,T3498,0"/><instruction code="SETL T3499,8"/><instruction code="INCML T3499,0"/><instruction code="INCMH T3499,0"/><instruction code="INCH T3499,0"/><instruction code="OR T1185,T3499,0"/><instruction code="MUL T3500,T1184,T1185"/><instruction code="OR T1186,T3500,0"/><instruction code="ADD T3501,T1183,T1186"/><instruction code="OR T1187,T3501,0"/><instruction code="SETL T3502,0"/><instruction code="INCML T3502,0"/><instruction code="INCMH T3502,0"/><instruction code="INCH T3502,0"/><instruction code="OR T1189,T3502,0"/><instruction code="STO T1189,T1187,0"/><instruction code="OR T1190,T6,0"/><instruction code="SETL T3504,664"/><instruction code="INCML T3504,0"/><instruction code="INCMH T3504,0"/><instruction code="INCH T3504,0"/><instruction code="NEG T3504,0,T3504"/><instruction code="OR T1191,T3504,0"/><instruction code="ADD T3505,T1190,T1191"/><instruction code="OR T1192,T3505,0"/><instruction code="SETL T3506,8"/><instruction code="INCML T3506,0"/><instruction code="INCMH T3506,0"/><instruction code="INCH T3506,0"/><instruction code="OR T1193,T3506,0"/><instruction code="SETL T3507,72"/><instruction code="INCML T3507,0"/><instruction code="INCMH T3507,0"/><instruction code="INCH T3507,0"/><instruction code="OR T1194,T3507,0"/><instruction code="MUL T3508,T1193,T1194"/><instruction code="OR T1195,T3508,0"/><instruction code="ADD T3509,T1192,T1195"/><instruction code="OR T1196,T3509,0"/><instruction code="SETL T3510,0"/><instruction code="INCML T3510,0"/><instruction code="INCMH T3510,0"/><instruction code="INCH T3510,0"/><instruction code="OR T1197,T3510,0"/><instruction code="SETL T3511,8"/><instruction code="INCML T3511,0"/><instruction code="INCMH T3511,0"/><instruction code="INCH T3511,0"/><instruction code="OR T1198,T3511,0"/><instruction code="MUL T3512,T1197,T1198"/><instruction code="OR T1199,T3512,0"/><instruction code="ADD T3513,T1196,T1199"/><instruction code="OR T1200,T3513,0"/><instruction code="SETL T3514,5"/><instruction code="INCML T3514,0"/><instruction code="INCMH T3514,0"/><instruction code="INCH T3514,0"/><instruction code="OR T1202,T3514,0"/><instruction code="STO T1202,T1200,0"/><instruction code="OR T1203,T6,0"/><instruction code="SETL T3516,664"/><instruction code="INCML T3516,0"/><instruction code="INCMH T3516,0"/><instruction code="INCH T3516,0"/><instruction code="NEG T3516,0,T3516"/><instruction code="OR T1204,T3516,0"/><instruction code="ADD T3517,T1203,T1204"/><instruction code="OR T1205,T3517,0"/><instruction code="SETL T3518,8"/><instruction code="INCML T3518,0"/><instruction code="INCMH T3518,0"/><instruction code="INCH T3518,0"/><instruction code="OR T1206,T3518,0"/><instruction code="SETL T3519,72"/><instruction code="INCML T3519,0"/><instruction code="INCMH T3519,0"/><instruction code="INCH T3519,0"/><instruction code="OR T1207,T3519,0"/><instruction code="MUL T3520,T1206,T1207"/><instruction code="OR T1208,T3520,0"/><instruction code="ADD T3521,T1205,T1208"/><instruction code="OR T1209,T3521,0"/><instruction code="SETL T3522,1"/><instruction code="INCML T3522,0"/><instruction code="INCMH T3522,0"/><instruction code="INCH T3522,0"/><instruction code="OR T1210,T3522,0"/><instruction code="SETL T3523,8"/><instruction code="INCML T3523,0"/><instruction code="INCMH T3523,0"/><instruction code="INCH T3523,0"/><instruction code="OR T1211,T3523,0"/><instruction code="MUL T3524,T1210,T1211"/><instruction code="OR T1212,T3524,0"/><instruction code="ADD T3525,T1209,T1212"/><instruction code="OR T1213,T3525,0"/><instruction code="SETL T3526,7"/><instruction code="INCML T3526,0"/><instruction code="INCMH T3526,0"/><instruction code="INCH T3526,0"/><instruction code="OR T1215,T3526,0"/><instruction code="STO T1215,T1213,0"/><instruction code="OR T1216,T6,0"/><instruction code="SETL T3528,664"/><instruction code="INCML T3528,0"/><instruction code="INCMH T3528,0"/><instruction code="INCH T3528,0"/><instruction code="NEG T3528,0,T3528"/><instruction code="OR T1217,T3528,0"/><instruction code="ADD T3529,T1216,T1217"/><instruction code="OR T1218,T3529,0"/><instruction code="SETL T3530,8"/><instruction code="INCML T3530,0"/><instruction code="INCMH T3530,0"/><instruction code="INCH T3530,0"/><instruction code="OR T1219,T3530,0"/><instruction code="SETL T3531,72"/><instruction code="INCML T3531,0"/><instruction code="INCMH T3531,0"/><instruction code="INCH T3531,0"/><instruction code="OR T1220,T3531,0"/><instruction code="MUL T3532,T1219,T1220"/><instruction code="OR T1221,T3532,0"/><instruction code="ADD T3533,T1218,T1221"/><instruction code="OR T1222,T3533,0"/><instruction code="SETL T3534,2"/><instruction code="INCML T3534,0"/><instruction code="INCMH T3534,0"/><instruction code="INCH T3534,0"/><instruction code="OR T1223,T3534,0"/><instruction code="SETL T3535,8"/><instruction code="INCML T3535,0"/><instruction code="INCMH T3535,0"/><instruction code="INCH T3535,0"/><instruction code="OR T1224,T3535,0"/><instruction code="MUL T3536,T1223,T1224"/><instruction code="OR T1225,T3536,0"/><instruction code="ADD T3537,T1222,T1225"/><instruction code="OR T1226,T3537,0"/><instruction code="SETL T3538,0"/><instruction code="INCML T3538,0"/><instruction code="INCMH T3538,0"/><instruction code="INCH T3538,0"/><instruction code="OR T1228,T3538,0"/><instruction code="STO T1228,T1226,0"/><instruction code="OR T1229,T6,0"/><instruction code="SETL T3540,664"/><instruction code="INCML T3540,0"/><instruction code="INCMH T3540,0"/><instruction code="INCH T3540,0"/><instruction code="NEG T3540,0,T3540"/><instruction code="OR T1230,T3540,0"/><instruction code="ADD T3541,T1229,T1230"/><instruction code="OR T1231,T3541,0"/><instruction code="SETL T3542,8"/><instruction code="INCML T3542,0"/><instruction code="INCMH T3542,0"/><instruction code="INCH T3542,0"/><instruction code="OR T1232,T3542,0"/><instruction code="SETL T3543,72"/><instruction code="INCML T3543,0"/><instruction code="INCMH T3543,0"/><instruction code="INCH T3543,0"/><instruction code="OR T1233,T3543,0"/><instruction code="MUL T3544,T1232,T1233"/><instruction code="OR T1234,T3544,0"/><instruction code="ADD T3545,T1231,T1234"/><instruction code="OR T1235,T3545,0"/><instruction code="SETL T3546,3"/><instruction code="INCML T3546,0"/><instruction code="INCMH T3546,0"/><instruction code="INCH T3546,0"/><instruction code="OR T1236,T3546,0"/><instruction code="SETL T3547,8"/><instruction code="INCML T3547,0"/><instruction code="INCMH T3547,0"/><instruction code="INCH T3547,0"/><instruction code="OR T1237,T3547,0"/><instruction code="MUL T3548,T1236,T1237"/><instruction code="OR T1238,T3548,0"/><instruction code="ADD T3549,T1235,T1238"/><instruction code="OR T1239,T3549,0"/><instruction code="SETL T3550,0"/><instruction code="INCML T3550,0"/><instruction code="INCMH T3550,0"/><instruction code="INCH T3550,0"/><instruction code="OR T1241,T3550,0"/><instruction code="STO T1241,T1239,0"/><instruction code="OR T1242,T6,0"/><instruction code="SETL T3552,664"/><instruction code="INCML T3552,0"/><instruction code="INCMH T3552,0"/><instruction code="INCH T3552,0"/><instruction code="NEG T3552,0,T3552"/><instruction code="OR T1243,T3552,0"/><instruction code="ADD T3553,T1242,T1243"/><instruction code="OR T1244,T3553,0"/><instruction code="SETL T3554,8"/><instruction code="INCML T3554,0"/><instruction code="INCMH T3554,0"/><instruction code="INCH T3554,0"/><instruction code="OR T1245,T3554,0"/><instruction code="SETL T3555,72"/><instruction code="INCML T3555,0"/><instruction code="INCMH T3555,0"/><instruction code="INCH T3555,0"/><instruction code="OR T1246,T3555,0"/><instruction code="MUL T3556,T1245,T1246"/><instruction code="OR T1247,T3556,0"/><instruction code="ADD T3557,T1244,T1247"/><instruction code="OR T1248,T3557,0"/><instruction code="SETL T3558,4"/><instruction code="INCML T3558,0"/><instruction code="INCMH T3558,0"/><instruction code="INCH T3558,0"/><instruction code="OR T1249,T3558,0"/><instruction code="SETL T3559,8"/><instruction code="INCML T3559,0"/><instruction code="INCMH T3559,0"/><instruction code="INCH T3559,0"/><instruction code="OR T1250,T3559,0"/><instruction code="MUL T3560,T1249,T1250"/><instruction code="OR T1251,T3560,0"/><instruction code="ADD T3561,T1248,T1251"/><instruction code="OR T1252,T3561,0"/><instruction code="SETL T3562,4"/><instruction code="INCML T3562,0"/><instruction code="INCMH T3562,0"/><instruction code="INCH T3562,0"/><instruction code="OR T1254,T3562,0"/><instruction code="STO T1254,T1252,0"/><instruction code="OR T1255,T6,0"/><instruction code="SETL T3564,664"/><instruction code="INCML T3564,0"/><instruction code="INCMH T3564,0"/><instruction code="INCH T3564,0"/><instruction code="NEG T3564,0,T3564"/><instruction code="OR T1256,T3564,0"/><instruction code="ADD T3565,T1255,T1256"/><instruction code="OR T1257,T3565,0"/><instruction code="SETL T3566,8"/><instruction code="INCML T3566,0"/><instruction code="INCMH T3566,0"/><instruction code="INCH T3566,0"/><instruction code="OR T1258,T3566,0"/><instruction code="SETL T3567,72"/><instruction code="INCML T3567,0"/><instruction code="INCMH T3567,0"/><instruction code="INCH T3567,0"/><instruction code="OR T1259,T3567,0"/><instruction code="MUL T3568,T1258,T1259"/><instruction code="OR T1260,T3568,0"/><instruction code="ADD T3569,T1257,T1260"/><instruction code="OR T1261,T3569,0"/><instruction code="SETL T3570,5"/><instruction code="INCML T3570,0"/><instruction code="INCMH T3570,0"/><instruction code="INCH T3570,0"/><instruction code="OR T1262,T3570,0"/><instruction code="SETL T3571,8"/><instruction code="INCML T3571,0"/><instruction code="INCMH T3571,0"/><instruction code="INCH T3571,0"/><instruction code="OR T1263,T3571,0"/><instruction code="MUL T3572,T1262,T1263"/><instruction code="OR T1264,T3572,0"/><instruction code="ADD T3573,T1261,T1264"/><instruction code="OR T1265,T3573,0"/><instruction code="SETL T3574,0"/><instruction code="INCML T3574,0"/><instruction code="INCMH T3574,0"/><instruction code="INCH T3574,0"/><instruction code="OR T1267,T3574,0"/><instruction code="STO T1267,T1265,0"/><instruction code="OR T1268,T6,0"/><instruction code="SETL T3576,664"/><instruction code="INCML T3576,0"/><instruction code="INCMH T3576,0"/><instruction code="INCH T3576,0"/><instruction code="NEG T3576,0,T3576"/><instruction code="OR T1269,T3576,0"/><instruction code="ADD T3577,T1268,T1269"/><instruction code="OR T1270,T3577,0"/><instruction code="SETL T3578,8"/><instruction code="INCML T3578,0"/><instruction code="INCMH T3578,0"/><instruction code="INCH T3578,0"/><instruction code="OR T1271,T3578,0"/><instruction code="SETL T3579,72"/><instruction code="INCML T3579,0"/><instruction code="INCMH T3579,0"/><instruction code="INCH T3579,0"/><instruction code="OR T1272,T3579,0"/><instruction code="MUL T3580,T1271,T1272"/><instruction code="OR T1273,T3580,0"/><instruction code="ADD T3581,T1270,T1273"/><instruction code="OR T1274,T3581,0"/><instruction code="SETL T3582,6"/><instruction code="INCML T3582,0"/><instruction code="INCMH T3582,0"/><instruction code="INCH T3582,0"/><instruction code="OR T1275,T3582,0"/><instruction code="SETL T3583,8"/><instruction code="INCML T3583,0"/><instruction code="INCMH T3583,0"/><instruction code="INCH T3583,0"/><instruction code="OR T1276,T3583,0"/><instruction code="MUL T3584,T1275,T1276"/><instruction code="OR T1277,T3584,0"/><instruction code="ADD T3585,T1274,T1277"/><instruction code="OR T1278,T3585,0"/><instruction code="SETL T3586,9"/><instruction code="INCML T3586,0"/><instruction code="INCMH T3586,0"/><instruction code="INCH T3586,0"/><instruction code="OR T1280,T3586,0"/><instruction code="STO T1280,T1278,0"/><instruction code="OR T1281,T6,0"/><instruction code="SETL T3588,664"/><instruction code="INCML T3588,0"/><instruction code="INCMH T3588,0"/><instruction code="INCH T3588,0"/><instruction code="NEG T3588,0,T3588"/><instruction code="OR T1282,T3588,0"/><instruction code="ADD T3589,T1281,T1282"/><instruction code="OR T1283,T3589,0"/><instruction code="SETL T3590,8"/><instruction code="INCML T3590,0"/><instruction code="INCMH T3590,0"/><instruction code="INCH T3590,0"/><instruction code="OR T1284,T3590,0"/><instruction code="SETL T3591,72"/><instruction code="INCML T3591,0"/><instruction code="INCMH T3591,0"/><instruction code="INCH T3591,0"/><instruction code="OR T1285,T3591,0"/><instruction code="MUL T3592,T1284,T1285"/><instruction code="OR T1286,T3592,0"/><instruction code="ADD T3593,T1283,T1286"/><instruction code="OR T1287,T3593,0"/><instruction code="SETL T3594,7"/><instruction code="INCML T3594,0"/><instruction code="INCMH T3594,0"/><instruction code="INCH T3594,0"/><instruction code="OR T1288,T3594,0"/><instruction code="SETL T3595,8"/><instruction code="INCML T3595,0"/><instruction code="INCMH T3595,0"/><instruction code="INCH T3595,0"/><instruction code="OR T1289,T3595,0"/><instruction code="MUL T3596,T1288,T1289"/><instruction code="OR T1290,T3596,0"/><instruction code="ADD T3597,T1287,T1290"/><instruction code="OR T1291,T3597,0"/><instruction code="SETL T3598,3"/><instruction code="INCML T3598,0"/><instruction code="INCMH T3598,0"/><instruction code="INCH T3598,0"/><instruction code="OR T1293,T3598,0"/><instruction code="STO T1293,T1291,0"/><instruction code="OR T1294,T6,0"/><instruction code="SETL T3600,664"/><instruction code="INCML T3600,0"/><instruction code="INCMH T3600,0"/><instruction code="INCH T3600,0"/><instruction code="NEG T3600,0,T3600"/><instruction code="OR T1295,T3600,0"/><instruction code="ADD T3601,T1294,T1295"/><instruction code="OR T1296,T3601,0"/><instruction code="SETL T3602,8"/><instruction code="INCML T3602,0"/><instruction code="INCMH T3602,0"/><instruction code="INCH T3602,0"/><instruction code="OR T1297,T3602,0"/><instruction code="SETL T3603,72"/><instruction code="INCML T3603,0"/><instruction code="INCMH T3603,0"/><instruction code="INCH T3603,0"/><instruction code="OR T1298,T3603,0"/><instruction code="MUL T3604,T1297,T1298"/><instruction code="OR T1299,T3604,0"/><instruction code="ADD T3605,T1296,T1299"/><instruction code="OR T1300,T3605,0"/><instruction code="SETL T3606,8"/><instruction code="INCML T3606,0"/><instruction code="INCMH T3606,0"/><instruction code="INCH T3606,0"/><instruction code="OR T1301,T3606,0"/><instruction code="SETL T3607,8"/><instruction code="INCML T3607,0"/><instruction code="INCMH T3607,0"/><instruction code="INCH T3607,0"/><instruction code="OR T1302,T3607,0"/><instruction code="MUL T3608,T1301,T1302"/><instruction code="OR T1303,T3608,0"/><instruction code="ADD T3609,T1300,T1303"/><instruction code="OR T1304,T3609,0"/><instruction code="SETL T3610,0"/><instruction code="INCML T3610,0"/><instruction code="INCMH T3610,0"/><instruction code="INCH T3610,0"/><instruction code="OR T1306,T3610,0"/><instruction code="STO T1306,T1304,0"/><instruction code="OR T1307,T6,0"/><instruction code="SETL T3612,672"/><instruction code="INCML T3612,0"/><instruction code="INCMH T3612,0"/><instruction code="INCH T3612,0"/><instruction code="NEG T3612,0,T3612"/><instruction code="OR T1308,T3612,0"/><instruction code="ADD T3613,T1307,T1308"/><instruction code="OR T1309,T3613,0"/><instruction code="SETL T3614,0"/><instruction code="INCML T3614,0"/><instruction code="INCMH T3614,0"/><instruction code="INCH T3614,0"/><instruction code="OR T1311,T3614,0"/><instruction code="OR T1312,T6,0"/><instruction code="SETL T3615,664"/><instruction code="INCML T3615,0"/><instruction code="INCMH T3615,0"/><instruction code="INCH T3615,0"/><instruction code="NEG T3615,0,T3615"/><instruction code="OR T1313,T3615,0"/><instruction code="ADD T3616,T1312,T1313"/><instruction code="OR T1314,T3616,0"/><instruction code="STO T1311,$254,0"/><instruction code="STO T1314,$254,8"/><instruction code="PUSHJ $8,_sudoku"/><instruction code="LDO T3618,$254,0"/><instruction code="OR T1315,T3618,0"/><instruction code="STO T1315,T1309,0"/><instruction code="SETL T3620,0"/><instruction code="INCML T3620,0"/><instruction code="INCMH T3620,0"/><instruction code="INCH T3620,0"/><instruction code="OR T1316,T3620,0"/><instruction code="OR T1317,T6,0"/><instruction code="SETL T3621,672"/><instruction code="INCML T3621,0"/><instruction code="INCMH T3621,0"/><instruction code="INCH T3621,0"/><instruction code="NEG T3621,0,T3621"/><instruction code="OR T1318,T3621,0"/><instruction code="ADD T3622,T1317,T1318"/><instruction code="OR T1319,T3622,0"/><instruction code="LDO T3623,T1319,0"/><instruction code="OR T1320,T3623,0"/><instruction code="STO T1316,$254,0"/><instruction code="STO T1320,$254,8"/><instruction code="PUSHJ $8,_putInt"/><instruction code="LDO T3625,$254,0"/><instruction code="OR T1321,T3625,0"/><instruction code="SETL T3626,0"/><instruction code="INCML T3626,0"/><instruction code="INCMH T3626,0"/><instruction code="INCH T3626,0"/><instruction code="OR T1322,T3626,0"/><instruction code="SETL T3627,10"/><instruction code="INCML T3627,0"/><instruction code="INCMH T3627,0"/><instruction code="INCH T3627,0"/><instruction code="OR T1323,T3627,0"/><instruction code="SETL T3628,256"/><instruction code="INCML T3628,0"/><instruction code="INCMH T3628,0"/><instruction code="INCH T3628,0"/><instruction code="OR T1324,T3628,0"/><instruction code="DIV T3629,T1323,T1324"/><instruction code="GET T3629,rR"/><instruction code="OR T1325,T3629,0"/><instruction code="STO T1322,$254,0"/><instruction code="STO T1325,$254,8"/><instruction code="PUSHJ $8,_putChar"/><instruction code="LDO T3631,$254,0"/><instruction code="OR T1326,T3631,0"/><instruction code="SETL T3632,0"/><instruction code="INCML T3632,0"/><instruction code="INCMH T3632,0"/><instruction code="INCH T3632,0"/><instruction code="OR T1327,T3632,0"/><instruction code="OR T1328,T1327,0"/><instruction code="SETL T3633,0"/><instruction code="INCML T3633,0"/><instruction code="INCMH T3633,0"/><instruction code="INCH T3633,0"/><instruction code="OR T1329,T3633,0"/><instruction code="OR T7,T1329,0"/><instruction code="JMP L111"/></instructions></code><code entrylabel="L113" exitlabel="L114" tempsize="0"><frame FP="T8" RV="T9" argssize="0" depth="1" label="_facItr" locssize="8" size="24"/><instructions><instruction code="L113"/><instruction code="OR T1330,T8,0"/><instruction code="SETL T3635,8"/><instruction code="INCML T3635,0"/><instruction code="INCMH T3635,0"/><instruction code="INCH T3635,0"/><instruction code="NEG T3635,0,T3635"/><instruction code="OR T1331,T3635,0"/><instruction code="ADD T3636,T1330,T1331"/><instruction code="OR T1332,T3636,0"/><instruction code="SETL T3637,1"/><instruction code="INCML T3637,0"/><instruction code="INCMH T3637,0"/><instruction code="INCH T3637,0"/><instruction code="OR T1334,T3637,0"/><instruction code="STO T1334,T1332,0"/><instruction code="L27"/><instruction code="OR T1335,T8,0"/><instruction code="SETL T3639,8"/><instruction code="INCML T3639,0"/><instruction code="INCMH T3639,0"/><instruction code="INCH T3639,0"/><instruction code="OR T1336,T3639,0"/><instruction code="ADD T3640,T1335,T1336"/><instruction code="OR T1337,T3640,0"/><instruction code="LDO T3641,T1337,0"/><instruction code="OR T1338,T3641,0"/><instruction code="SETL T3642,0"/><instruction code="INCML T3642,0"/><instruction code="INCMH T3642,0"/><instruction code="INCH T3642,0"/><instruction code="OR T1339,T3642,0"/><instruction code="CMP T3643,T1338,T1339"/><instruction code="ZSP T3643,T3643,1"/><instruction code="OR T1340,T3643,0"/><instruction code="BNZ T1340,L28"/><instruction code="L112"/><instruction code="JMP L29"/><instruction code="L28"/><instruction code="OR T1341,T8,0"/><instruction code="SETL T3645,8"/><instruction code="INCML T3645,0"/><instruction code="INCMH T3645,0"/><instruction code="INCH T3645,0"/><instruction code="NEG T3645,0,T3645"/><instruction code="OR T1342,T3645,0"/><instruction code="ADD T3646,T1341,T1342"/><instruction code="OR T1343,T3646,0"/><instruction code="OR T1345,T8,0"/><instruction code="SETL T3647,8"/><instruction code="INCML T3647,0"/><instruction code="INCMH T3647,0"/><instruction code="INCH T3647,0"/><instruction code="NEG T3647,0,T3647"/><instruction code="OR T1346,T3647,0"/><instruction code="ADD T3648,T1345,T1346"/><instruction code="OR T1347,T3648,0"/><instruction code="LDO T3649,T1347,0"/><instruction code="OR T1348,T3649,0"/><instruction code="OR T1349,T8,0"/><instruction code="SETL T3650,8"/><instruction code="INCML T3650,0"/><instruction code="INCMH T3650,0"/><instruction code="INCH T3650,0"/><instruction code="OR T1350,T3650,0"/><instruction code="ADD T3651,T1349,T1350"/><instruction code="OR T1351,T3651,0"/><instruction code="LDO T3652,T1351,0"/><instruction code="OR T1352,T3652,0"/><instruction code="MUL T3653,T1348,T1352"/><instruction code="OR T1353,T3653,0"/><instruction code="STO T1353,T1343,0"/><instruction code="OR T1354,T8,0"/><instruction code="SETL T3655,8"/><instruction code="INCML T3655,0"/><instruction code="INCMH T3655,0"/><instruction code="INCH T3655,0"/><instruction code="OR T1355,T3655,0"/><instruction code="ADD T3656,T1354,T1355"/><instruction code="OR T1356,T3656,0"/><instruction code="OR T1358,T8,0"/><instruction code="SETL T3657,8"/><instruction code="INCML T3657,0"/><instruction code="INCMH T3657,0"/><instruction code="INCH T3657,0"/><instruction code="OR T1359,T3657,0"/><instruction code="ADD T3658,T1358,T1359"/><instruction code="OR T1360,T3658,0"/><instruction code="LDO T3659,T1360,0"/><instruction code="OR T1361,T3659,0"/><instruction code="SETL T3660,1"/><instruction code="INCML T3660,0"/><instruction code="INCMH T3660,0"/><instruction code="INCH T3660,0"/><instruction code="OR T1362,T3660,0"/><instruction code="SUB T3661,T1361,T1362"/><instruction code="OR T1363,T3661,0"/><instruction code="STO T1363,T1356,0"/><instruction code="JMP L27"/><instruction code="L29"/><instruction code="OR T1364,T8,0"/><instruction code="SETL T3664,8"/><instruction code="INCML T3664,0"/><instruction code="INCMH T3664,0"/><instruction code="INCH T3664,0"/><instruction code="NEG T3664,0,T3664"/><instruction code="OR T1365,T3664,0"/><instruction code="ADD T3665,T1364,T1365"/><instruction code="OR T1366,T3665,0"/><instruction code="LDO T3666,T1366,0"/><instruction code="OR T1367,T3666,0"/><instruction code="OR T9,T1367,0"/><instruction code="JMP L114"/></instructions></code><code entrylabel="L116" exitlabel="L117" tempsize="0"><frame FP="T10" RV="T11" argssize="16" depth="1" label="_facRec" locssize="8" size="40"/><instructions><instruction code="L116"/><instruction code="OR T1368,T10,0"/><instruction code="SETL T3668,8"/><instruction code="INCML T3668,0"/><instruction code="INCMH T3668,0"/><instruction code="INCH T3668,0"/><instruction code="OR T1369,T3668,0"/><instruction code="ADD T3669,T1368,T1369"/><instruction code="OR T1370,T3669,0"/><instruction code="LDO T3670,T1370,0"/><instruction code="OR T1371,T3670,0"/><instruction code="SETL T3671,1"/><instruction code="INCML T3671,0"/><instruction code="INCMH T3671,0"/><instruction code="INCH T3671,0"/><instruction code="OR T1372,T3671,0"/><instruction code="CMP T3672,T1371,T1372"/><instruction code="ZSZ T3672,T3672,1"/><instruction code="OR T1373,T3672,0"/><instruction code="BNZ T1373,L30"/><instruction code="L115"/><instruction code="JMP L31"/><instruction code="L30"/><instruction code="OR T1374,T10,0"/><instruction code="SETL T3674,8"/><instruction code="INCML T3674,0"/><instruction code="INCMH T3674,0"/><instruction code="INCH T3674,0"/><instruction code="NEG T3674,0,T3674"/><instruction code="OR T1375,T3674,0"/><instruction code="ADD T3675,T1374,T1375"/><instruction code="OR T1376,T3675,0"/><instruction code="SETL T3676,1"/><instruction code="INCML T3676,0"/><instruction code="INCMH T3676,0"/><instruction code="INCH T3676,0"/><instruction code="OR T1378,T3676,0"/><instruction code="STO T1378,T1376,0"/><instruction code="JMP L32"/><instruction code="L31"/><instruction code="OR T1379,T10,0"/><instruction code="SETL T3679,8"/><instruction code="INCML T3679,0"/><instruction code="INCMH T3679,0"/><instruction code="INCH T3679,0"/><instruction code="NEG T3679,0,T3679"/><instruction code="OR T1380,T3679,0"/><instruction code="ADD T3680,T1379,T1380"/><instruction code="OR T1381,T3680,0"/><instruction code="OR T1383,T10,0"/><instruction code="SETL T3681,8"/><instruction code="INCML T3681,0"/><instruction code="INCMH T3681,0"/><instruction code="INCH T3681,0"/><instruction code="OR T1384,T3681,0"/><instruction code="ADD T3682,T1383,T1384"/><instruction code="OR T1385,T3682,0"/><instruction code="LDO T3683,T1385,0"/><instruction code="OR T1386,T3683,0"/><instruction code="SETL T3684,0"/><instruction code="INCML T3684,0"/><instruction code="INCMH T3684,0"/><instruction code="INCH T3684,0"/><instruction code="OR T1387,T3684,0"/><instruction code="OR T1388,T10,0"/><instruction code="SETL T3685,8"/><instruction code="INCML T3685,0"/><instruction code="INCMH T3685,0"/><instruction code="INCH T3685,0"/><instruction code="OR T1389,T3685,0"/><instruction code="ADD T3686,T1388,T1389"/><instruction code="OR T1390,T3686,0"/><instruction code="LDO T3687,T1390,0"/><instruction code="OR T1391,T3687,0"/><instruction code="SETL T3688,1"/><instruction code="INCML T3688,0"/><instruction code="INCMH T3688,0"/><instruction code="INCH T3688,0"/><instruction code="OR T1392,T3688,0"/><instruction code="SUB T3689,T1391,T1392"/><instruction code="OR T1393,T3689,0"/><instruction code="STO T1387,$254,0"/><instruction code="STO T1393,$254,8"/><instruction code="PUSHJ $8,_facRec"/><instruction code="LDO T3691,$254,0"/><instruction code="OR T1394,T3691,0"/><instruction code="MUL T3692,T1386,T1394"/><instruction code="OR T1395,T3692,0"/><instruction code="STO T1395,T1381,0"/><instruction code="L32"/><instruction code="OR T1396,T10,0"/><instruction code="SETL T3694,8"/><instruction code="INCML T3694,0"/><instruction code="INCMH T3694,0"/><instruction code="INCH T3694,0"/><instruction code="NEG T3694,0,T3694"/><instruction code="OR T1397,T3694,0"/><instruction code="ADD T3695,T1396,T1397"/><instruction code="OR T1398,T3695,0"/><instruction code="LDO T3696,T1398,0"/><instruction code="OR T1399,T3696,0"/><instruction code="OR T11,T1399,0"/><instruction code="JMP L117"/></instructions></code><code entrylabel="L119" exitlabel="L120" tempsize="0"><frame FP="T12" RV="T13" argssize="0" depth="1" label="_fibItr" locssize="24" size="40"/><instructions><instruction code="L119"/><instruction code="OR T1400,T12,0"/><instruction code="SETL T3698,8"/><instruction code="INCML T3698,0"/><instruction code="INCMH T3698,0"/><instruction code="INCH T3698,0"/><instruction code="NEG T3698,0,T3698"/><instruction code="OR T1401,T3698,0"/><instruction code="ADD T3699,T1400,T1401"/><instruction code="OR T1402,T3699,0"/><instruction code="SETL T3700,1"/><instruction code="INCML T3700,0"/><instruction code="INCMH T3700,0"/><instruction code="INCH T3700,0"/><instruction code="OR T1404,T3700,0"/><instruction code="STO T1404,T1402,0"/><instruction code="OR T1405,T12,0"/><instruction code="SETL T3702,16"/><instruction code="INCML T3702,0"/><instruction code="INCMH T3702,0"/><instruction code="INCH T3702,0"/><instruction code="NEG T3702,0,T3702"/><instruction code="OR T1406,T3702,0"/><instruction code="ADD T3703,T1405,T1406"/><instruction code="OR T1407,T3703,0"/><instruction code="SETL T3704,1"/><instruction code="INCML T3704,0"/><instruction code="INCMH T3704,0"/><instruction code="INCH T3704,0"/><instruction code="OR T1409,T3704,0"/><instruction code="STO T1409,T1407,0"/><instruction code="OR T1410,T12,0"/><instruction code="SETL T3706,24"/><instruction code="INCML T3706,0"/><instruction code="INCMH T3706,0"/><instruction code="INCH T3706,0"/><instruction code="NEG T3706,0,T3706"/><instruction code="OR T1411,T3706,0"/><instruction code="ADD T3707,T1410,T1411"/><instruction code="OR T1412,T3707,0"/><instruction code="SETL T3708,0"/><instruction code="INCML T3708,0"/><instruction code="INCMH T3708,0"/><instruction code="INCH T3708,0"/><instruction code="OR T1414,T3708,0"/><instruction code="STO T1414,T1412,0"/><instruction code="L33"/><instruction code="OR T1415,T12,0"/><instruction code="SETL T3710,8"/><instruction code="INCML T3710,0"/><instruction code="INCMH T3710,0"/><instruction code="INCH T3710,0"/><instruction code="OR T1416,T3710,0"/><instruction code="ADD T3711,T1415,T1416"/><instruction code="OR T1417,T3711,0"/><instruction code="LDO T3712,T1417,0"/><instruction code="OR T1418,T3712,0"/><instruction code="SETL T3713,1"/><instruction code="INCML T3713,0"/><instruction code="INCMH T3713,0"/><instruction code="INCH T3713,0"/><instruction code="OR T1419,T3713,0"/><instruction code="CMP T3714,T1418,T1419"/><instruction code="ZSP T3714,T3714,1"/><instruction code="OR T1420,T3714,0"/><instruction code="BNZ T1420,L34"/><instruction code="L118"/><instruction code="JMP L35"/><instruction code="L34"/><instruction code="OR T1421,T12,0"/><instruction code="SETL T3716,8"/><instruction code="INCML T3716,0"/><instruction code="INCMH T3716,0"/><instruction code="INCH T3716,0"/><instruction code="NEG T3716,0,T3716"/><instruction code="OR T1422,T3716,0"/><instruction code="ADD T3717,T1421,T1422"/><instruction code="OR T1423,T3717,0"/><instruction code="OR T1425,T12,0"/><instruction code="SETL T3718,16"/><instruction code="INCML T3718,0"/><instruction code="INCMH T3718,0"/><instruction code="INCH T3718,0"/><instruction code="NEG T3718,0,T3718"/><instruction code="OR T1426,T3718,0"/><instruction code="ADD T3719,T1425,T1426"/><instruction code="OR T1427,T3719,0"/><instruction code="LDO T3720,T1427,0"/><instruction code="OR T1428,T3720,0"/><instruction code="OR T1429,T12,0"/><instruction code="SETL T3721,24"/><instruction code="INCML T3721,0"/><instruction code="INCMH T3721,0"/><instruction code="INCH T3721,0"/><instruction code="NEG T3721,0,T3721"/><instruction code="OR T1430,T3721,0"/><instruction code="ADD T3722,T1429,T1430"/><instruction code="OR T1431,T3722,0"/><instruction code="LDO T3723,T1431,0"/><instruction code="OR T1432,T3723,0"/><instruction code="ADD T3724,T1428,T1432"/><instruction code="OR T1433,T3724,0"/><instruction code="STO T1433,T1423,0"/><instruction code="OR T1434,T12,0"/><instruction code="SETL T3726,24"/><instruction code="INCML T3726,0"/><instruction code="INCMH T3726,0"/><instruction code="INCH T3726,0"/><instruction code="NEG T3726,0,T3726"/><instruction code="OR T1435,T3726,0"/><instruction code="ADD T3727,T1434,T1435"/><instruction code="OR T1436,T3727,0"/><instruction code="OR T1438,T12,0"/><instruction code="SETL T3728,16"/><instruction code="INCML T3728,0"/><instruction code="INCMH T3728,0"/><instruction code="INCH T3728,0"/><instruction code="NEG T3728,0,T3728"/><instruction code="OR T1439,T3728,0"/><instruction code="ADD T3729,T1438,T1439"/><instruction code="OR T1440,T3729,0"/><instruction code="LDO T3730,T1440,0"/><instruction code="OR T1441,T3730,0"/><instruction code="STO T1441,T1436,0"/><instruction code="OR T1442,T12,0"/><instruction code="SETL T3732,16"/><instruction code="INCML T3732,0"/><instruction code="INCMH T3732,0"/><instruction code="INCH T3732,0"/><instruction code="NEG T3732,0,T3732"/><instruction code="OR T1443,T3732,0"/><instruction code="ADD T3733,T1442,T1443"/><instruction code="OR T1444,T3733,0"/><instruction code="OR T1446,T12,0"/><instruction code="SETL T3734,8"/><instruction code="INCML T3734,0"/><instruction code="INCMH T3734,0"/><instruction code="INCH T3734,0"/><instruction code="NEG T3734,0,T3734"/><instruction code="OR T1447,T3734,0"/><instruction code="ADD T3735,T1446,T1447"/><instruction code="OR T1448,T3735,0"/><instruction code="LDO T3736,T1448,0"/><instruction code="OR T1449,T3736,0"/><instruction code="STO T1449,T1444,0"/><instruction code="OR T1450,T12,0"/><instruction code="SETL T3738,8"/><instruction code="INCML T3738,0"/><instruction code="INCMH T3738,0"/><instruction code="INCH T3738,0"/><instruction code="OR T1451,T3738,0"/><instruction code="ADD T3739,T1450,T1451"/><instruction code="OR T1452,T3739,0"/><instruction code="OR T1454,T12,0"/><instruction code="SETL T3740,8"/><instruction code="INCML T3740,0"/><instruction code="INCMH T3740,0"/><instruction code="INCH T3740,0"/><instruction code="OR T1455,T3740,0"/><instruction code="ADD T3741,T1454,T1455"/><instruction code="OR T1456,T3741,0"/><instruction code="LDO T3742,T1456,0"/><instruction code="OR T1457,T3742,0"/><instruction code="SETL T3743,1"/><instruction code="INCML T3743,0"/><instruction code="INCMH T3743,0"/><instruction code="INCH T3743,0"/><instruction code="OR T1458,T3743,0"/><instruction code="SUB T3744,T1457,T1458"/><instruction code="OR T1459,T3744,0"/><instruction code="STO T1459,T1452,0"/><instruction code="JMP L33"/><instruction code="L35"/><instruction code="OR T1460,T12,0"/><instruction code="SETL T3747,8"/><instruction code="INCML T3747,0"/><instruction code="INCMH T3747,0"/><instruction code="INCH T3747,0"/><instruction code="NEG T3747,0,T3747"/><instruction code="OR T1461,T3747,0"/><instruction code="ADD T3748,T1460,T1461"/><instruction code="OR T1462,T3748,0"/><instruction code="LDO T3749,T1462,0"/><instruction code="OR T1463,T3749,0"/><instruction code="OR T13,T1463,0"/><instruction code="JMP L120"/></instructions></code><code entrylabel="L122" exitlabel="L123" tempsize="0"><frame FP="T14" RV="T15" argssize="16" depth="1" label="_fibRec" locssize="8" size="40"/><instructions><instruction code="L122"/><instruction code="OR T1464,T14,0"/><instruction code="SETL T3751,8"/><instruction code="INCML T3751,0"/><instruction code="INCMH T3751,0"/><instruction code="INCH T3751,0"/><instruction code="OR T1465,T3751,0"/><instruction code="ADD T3752,T1464,T1465"/><instruction code="OR T1466,T3752,0"/><instruction code="LDO T3753,T1466,0"/><instruction code="OR T1467,T3753,0"/><instruction code="SETL T3754,2"/><instruction code="INCML T3754,0"/><instruction code="INCMH T3754,0"/><instruction code="INCH T3754,0"/><instruction code="OR T1468,T3754,0"/><instruction code="CMP T3755,T1467,T1468"/><instruction code="ZSNP T3755,T3755,1"/><instruction code="OR T1469,T3755,0"/><instruction code="BNZ T1469,L36"/><instruction code="L121"/><instruction code="JMP L37"/><instruction code="L36"/><instruction code="OR T1470,T14,0"/><instruction code="SETL T3757,8"/><instruction code="INCML T3757,0"/><instruction code="INCMH T3757,0"/><instruction code="INCH T3757,0"/><instruction code="NEG T3757,0,T3757"/><instruction code="OR T1471,T3757,0"/><instruction code="ADD T3758,T1470,T1471"/><instruction code="OR T1472,T3758,0"/><instruction code="SETL T3759,1"/><instruction code="INCML T3759,0"/><instruction code="INCMH T3759,0"/><instruction code="INCH T3759,0"/><instruction code="OR T1474,T3759,0"/><instruction code="STO T1474,T1472,0"/><instruction code="JMP L38"/><instruction code="L37"/><instruction code="OR T1475,T14,0"/><instruction code="SETL T3762,8"/><instruction code="INCML T3762,0"/><instruction code="INCMH T3762,0"/><instruction code="INCH T3762,0"/><instruction code="NEG T3762,0,T3762"/><instruction code="OR T1476,T3762,0"/><instruction code="ADD T3763,T1475,T1476"/><instruction code="OR T1477,T3763,0"/><instruction code="SETL T3764,0"/><instruction code="INCML T3764,0"/><instruction code="INCMH T3764,0"/><instruction code="INCH T3764,0"/><instruction code="OR T1479,T3764,0"/><instruction code="OR T1480,T14,0"/><instruction code="SETL T3765,8"/><instruction code="INCML T3765,0"/><instruction code="INCMH T3765,0"/><instruction code="INCH T3765,0"/><instruction code="OR T1481,T3765,0"/><instruction code="ADD T3766,T1480,T1481"/><instruction code="OR T1482,T3766,0"/><instruction code="LDO T3767,T1482,0"/><instruction code="OR T1483,T3767,0"/><instruction code="SETL T3768,1"/><instruction code="INCML T3768,0"/><instruction code="INCMH T3768,0"/><instruction code="INCH T3768,0"/><instruction code="OR T1484,T3768,0"/><instruction code="SUB T3769,T1483,T1484"/><instruction code="OR T1485,T3769,0"/><instruction code="STO T1479,$254,0"/><instruction code="STO T1485,$254,8"/><instruction code="PUSHJ $8,_fibRec"/><instruction code="LDO T3771,$254,0"/><instruction code="OR T1486,T3771,0"/><instruction code="SETL T3772,0"/><instruction code="INCML T3772,0"/><instruction code="INCMH T3772,0"/><instruction code="INCH T3772,0"/><instruction code="OR T1487,T3772,0"/><instruction code="OR T1488,T14,0"/><instruction code="SETL T3773,8"/><instruction code="INCML T3773,0"/><instruction code="INCMH T3773,0"/><instruction code="INCH T3773,0"/><instruction code="OR T1489,T3773,0"/><instruction code="ADD T3774,T1488,T1489"/><instruction code="OR T1490,T3774,0"/><instruction code="LDO T3775,T1490,0"/><instruction code="OR T1491,T3775,0"/><instruction code="SETL T3776,2"/><instruction code="INCML T3776,0"/><instruction code="INCMH T3776,0"/><instruction code="INCH T3776,0"/><instruction code="OR T1492,T3776,0"/><instruction code="SUB T3777,T1491,T1492"/><instruction code="OR T1493,T3777,0"/><instruction code="STO T1487,$254,0"/><instruction code="STO T1493,$254,8"/><instruction code="PUSHJ $8,_fibRec"/><instruction code="LDO T3779,$254,0"/><instruction code="OR T1494,T3779,0"/><instruction code="ADD T3780,T1486,T1494"/><instruction code="OR T1495,T3780,0"/><instruction code="STO T1495,T1477,0"/><instruction code="L38"/><instruction code="OR T1496,T14,0"/><instruction code="SETL T3782,8"/><instruction code="INCML T3782,0"/><instruction code="INCMH T3782,0"/><instruction code="INCH T3782,0"/><instruction code="NEG T3782,0,T3782"/><instruction code="OR T1497,T3782,0"/><instruction code="ADD T3783,T1496,T1497"/><instruction code="OR T1498,T3783,0"/><instruction code="LDO T3784,T1498,0"/><instruction code="OR T1499,T3784,0"/><instruction code="OR T15,T1499,0"/><instruction code="JMP L123"/></instructions></code><code entrylabel="L127" exitlabel="L128" tempsize="0"><frame FP="T18" RV="T19" argssize="16" depth="2" label="L0" locssize="8" size="40"/><instructions><instruction code="L127"/><instruction code="OR T1500,T18,0"/><instruction code="SETL T3786,8"/><instruction code="INCML T3786,0"/><instruction code="INCMH T3786,0"/><instruction code="INCH T3786,0"/><instruction code="OR T1501,T3786,0"/><instruction code="ADD T3787,T1500,T1501"/><instruction code="OR T1502,T3787,0"/><instruction code="LDO T3788,T1502,0"/><instruction code="OR T1503,T3788,0"/><instruction code="OR T1504,T18,0"/><instruction code="LDO T3789,T1504,0"/><instruction code="OR T1505,T3789,0"/><instruction code="SETL T3790,8"/><instruction code="INCML T3790,0"/><instruction code="INCMH T3790,0"/><instruction code="INCH T3790,0"/><instruction code="OR T1506,T3790,0"/><instruction code="ADD T3791,T1505,T1506"/><instruction code="OR T1507,T3791,0"/><instruction code="LDO T3792,T1507,0"/><instruction code="OR T1508,T3792,0"/><instruction code="CMP T3793,T1503,T1508"/><instruction code="ZSZ T3793,T3793,1"/><instruction code="OR T1509,T3793,0"/><instruction code="BNZ T1509,L45"/><instruction code="L124"/><instruction code="JMP L46"/><instruction code="L45"/><instruction code="OR T1510,T18,0"/><instruction code="SETL T3795,8"/><instruction code="INCML T3795,0"/><instruction code="INCMH T3795,0"/><instruction code="INCH T3795,0"/><instruction code="NEG T3795,0,T3795"/><instruction code="OR T1511,T3795,0"/><instruction code="ADD T3796,T1510,T1511"/><instruction code="OR T1512,T3796,0"/><instruction code="SETL T3797,0"/><instruction code="INCML T3797,0"/><instruction code="INCMH T3797,0"/><instruction code="INCH T3797,0"/><instruction code="OR T1514,T3797,0"/><instruction code="STO T1514,T1512,0"/><instruction code="L39"/><instruction code="OR T1515,T18,0"/><instruction code="SETL T3799,8"/><instruction code="INCML T3799,0"/><instruction code="INCMH T3799,0"/><instruction code="INCH T3799,0"/><instruction code="NEG T3799,0,T3799"/><instruction code="OR T1516,T3799,0"/><instruction code="ADD T3800,T1515,T1516"/><instruction code="OR T1517,T3800,0"/><instruction code="LDO T3801,T1517,0"/><instruction code="OR T1518,T3801,0"/><instruction code="OR T1519,T18,0"/><instruction code="LDO T3802,T1519,0"/><instruction code="OR T1520,T3802,0"/><instruction code="SETL T3803,8"/><instruction code="INCML T3803,0"/><instruction code="INCMH T3803,0"/><instruction code="INCH T3803,0"/><instruction code="OR T1521,T3803,0"/><instruction code="ADD T3804,T1520,T1521"/><instruction code="OR T1522,T3804,0"/><instruction code="LDO T3805,T1522,0"/><instruction code="OR T1523,T3805,0"/><instruction code="CMP T3806,T1518,T1523"/><instruction code="ZSN T3806,T3806,1"/><instruction code="OR T1524,T3806,0"/><instruction code="BNZ T1524,L40"/><instruction code="L125"/><instruction code="JMP L41"/><instruction code="L40"/><instruction code="SETL T3808,0"/><instruction code="INCML T3808,0"/><instruction code="INCMH T3808,0"/><instruction code="INCH T3808,0"/><instruction code="OR T1525,T3808,0"/><instruction code="OR T1526,T18,0"/><instruction code="LDO T3809,T1526,0"/><instruction code="OR T1527,T3809,0"/><instruction code="SETL T3810,800"/><instruction code="INCML T3810,0"/><instruction code="INCMH T3810,0"/><instruction code="INCH T3810,0"/><instruction code="NEG T3810,0,T3810"/><instruction code="OR T1528,T3810,0"/><instruction code="ADD T3811,T1527,T1528"/><instruction code="OR T1529,T3811,0"/><instruction code="OR T1530,T18,0"/><instruction code="SETL T3812,8"/><instruction code="INCML T3812,0"/><instruction code="INCMH T3812,0"/><instruction code="INCH T3812,0"/><instruction code="NEG T3812,0,T3812"/><instruction code="OR T1531,T3812,0"/><instruction code="ADD T3813,T1530,T1531"/><instruction code="OR T1532,T3813,0"/><instruction code="LDO T3814,T1532,0"/><instruction code="OR T1533,T3814,0"/><instruction code="SETL T3815,8"/><instruction code="INCML T3815,0"/><instruction code="INCMH T3815,0"/><instruction code="INCH T3815,0"/><instruction code="OR T1534,T3815,0"/><instruction code="MUL T3816,T1533,T1534"/><instruction code="OR T1535,T3816,0"/><instruction code="ADD T3817,T1529,T1535"/><instruction code="OR T1536,T3817,0"/><instruction code="LDO T3818,T1536,0"/><instruction code="OR T1537,T3818,0"/><instruction code="STO T1525,$254,0"/><instruction code="STO T1537,$254,8"/><instruction code="PUSHJ $8,_putInt"/><instruction code="LDO T3820,$254,0"/><instruction code="OR T1538,T3820,0"/><instruction code="SETL T3821,0"/><instruction code="INCML T3821,0"/><instruction code="INCMH T3821,0"/><instruction code="INCH T3821,0"/><instruction code="OR T1539,T3821,0"/><instruction code="SETL T3822,32"/><instruction code="INCML T3822,0"/><instruction code="INCMH T3822,0"/><instruction code="INCH T3822,0"/><instruction code="OR T1540,T3822,0"/><instruction code="STO T1539,$254,0"/><instruction code="STO T1540,$254,8"/><instruction code="PUSHJ $8,_putChar"/><instruction code="LDO T3824,$254,0"/><instruction code="OR T1541,T3824,0"/><instruction code="OR T1542,T18,0"/><instruction code="SETL T3825,8"/><instruction code="INCML T3825,0"/><instruction code="INCMH T3825,0"/><instruction code="INCH T3825,0"/><instruction code="NEG T3825,0,T3825"/><instruction code="OR T1543,T3825,0"/><instruction code="ADD T3826,T1542,T1543"/><instruction code="OR T1544,T3826,0"/><instruction code="OR T1546,T18,0"/><instruction code="SETL T3827,8"/><instruction code="INCML T3827,0"/><instruction code="INCMH T3827,0"/><instruction code="INCH T3827,0"/><instruction code="NEG T3827,0,T3827"/><instruction code="OR T1547,T3827,0"/><instruction code="ADD T3828,T1546,T1547"/><instruction code="OR T1548,T3828,0"/><instruction code="LDO T3829,T1548,0"/><instruction code="OR T1549,T3829,0"/><instruction code="SETL T3830,1"/><instruction code="INCML T3830,0"/><instruction code="INCMH T3830,0"/><instruction code="INCH T3830,0"/><instruction code="OR T1550,T3830,0"/><instruction code="ADD T3831,T1549,T1550"/><instruction code="OR T1551,T3831,0"/><instruction code="STO T1551,T1544,0"/><instruction code="JMP L39"/><instruction code="L41"/><instruction code="SETL T3834,0"/><instruction code="INCML T3834,0"/><instruction code="INCMH T3834,0"/><instruction code="INCH T3834,0"/><instruction code="OR T1552,T3834,0"/><instruction code="SETL T3835,10"/><instruction code="INCML T3835,0"/><instruction code="INCMH T3835,0"/><instruction code="INCH T3835,0"/><instruction code="OR T1553,T3835,0"/><instruction code="SETL T3836,256"/><instruction code="INCML T3836,0"/><instruction code="INCMH T3836,0"/><instruction code="INCH T3836,0"/><instruction code="OR T1554,T3836,0"/><instruction code="DIV T3837,T1553,T1554"/><instruction code="GET T3837,rR"/><instruction code="OR T1555,T3837,0"/><instruction code="STO T1552,$254,0"/><instruction code="STO T1555,$254,8"/><instruction code="PUSHJ $8,_putChar"/><instruction code="LDO T3839,$254,0"/><instruction code="OR T1556,T3839,0"/><instruction code="JMP L47"/><instruction code="L46"/><instruction code="OR T1557,T18,0"/><instruction code="SETL T3841,8"/><instruction code="INCML T3841,0"/><instruction code="INCMH T3841,0"/><instruction code="INCH T3841,0"/><instruction code="NEG T3841,0,T3841"/><instruction code="OR T1558,T3841,0"/><instruction code="ADD T3842,T1557,T1558"/><instruction code="OR T1559,T3842,0"/><instruction code="SETL T3843,1"/><instruction code="INCML T3843,0"/><instruction code="INCMH T3843,0"/><instruction code="INCH T3843,0"/><instruction code="OR T1561,T3843,0"/><instruction code="STO T1561,T1559,0"/><instruction code="L42"/><instruction code="OR T1562,T18,0"/><instruction code="SETL T3845,8"/><instruction code="INCML T3845,0"/><instruction code="INCMH T3845,0"/><instruction code="INCH T3845,0"/><instruction code="NEG T3845,0,T3845"/><instruction code="OR T1563,T3845,0"/><instruction code="ADD T3846,T1562,T1563"/><instruction code="OR T1564,T3846,0"/><instruction code="LDO T3847,T1564,0"/><instruction code="OR T1565,T3847,0"/><instruction code="OR T1566,T18,0"/><instruction code="LDO T3848,T1566,0"/><instruction code="OR T1567,T3848,0"/><instruction code="SETL T3849,16"/><instruction code="INCML T3849,0"/><instruction code="INCMH T3849,0"/><instruction code="INCH T3849,0"/><instruction code="OR T1568,T3849,0"/><instruction code="ADD T3850,T1567,T1568"/><instruction code="OR T1569,T3850,0"/><instruction code="LDO T3851,T1569,0"/><instruction code="OR T1570,T3851,0"/><instruction code="CMP T3852,T1565,T1570"/><instruction code="ZSNP T3852,T3852,1"/><instruction code="OR T1571,T3852,0"/><instruction code="BNZ T1571,L43"/><instruction code="L126"/><instruction code="JMP L44"/><instruction code="L43"/><instruction code="OR T1572,T18,0"/><instruction code="LDO T3854,T1572,0"/><instruction code="OR T1573,T3854,0"/><instruction code="SETL T3855,800"/><instruction code="INCML T3855,0"/><instruction code="INCMH T3855,0"/><instruction code="INCH T3855,0"/><instruction code="NEG T3855,0,T3855"/><instruction code="OR T1574,T3855,0"/><instruction code="ADD T3856,T1573,T1574"/><instruction code="OR T1575,T3856,0"/><instruction code="OR T1576,T18,0"/><instruction code="SETL T3857,8"/><instruction code="INCML T3857,0"/><instruction code="INCMH T3857,0"/><instruction code="INCH T3857,0"/><instruction code="OR T1577,T3857,0"/><instruction code="ADD T3858,T1576,T1577"/><instruction code="OR T1578,T3858,0"/><instruction code="LDO T3859,T1578,0"/><instruction code="OR T1579,T3859,0"/><instruction code="SETL T3860,8"/><instruction code="INCML T3860,0"/><instruction code="INCMH T3860,0"/><instruction code="INCH T3860,0"/><instruction code="OR T1580,T3860,0"/><instruction code="MUL T3861,T1579,T1580"/><instruction code="OR T1581,T3861,0"/><instruction code="ADD T3862,T1575,T1581"/><instruction code="OR T1582,T3862,0"/><instruction code="OR T1584,T18,0"/><instruction code="SETL T3863,8"/><instruction code="INCML T3863,0"/><instruction code="INCMH T3863,0"/><instruction code="INCH T3863,0"/><instruction code="NEG T3863,0,T3863"/><instruction code="OR T1585,T3863,0"/><instruction code="ADD T3864,T1584,T1585"/><instruction code="OR T1586,T3864,0"/><instruction code="LDO T3865,T1586,0"/><instruction code="OR T1587,T3865,0"/><instruction code="STO T1587,T1582,0"/><instruction code="OR T1588,T18,0"/><instruction code="SETL T3867,8"/><instruction code="INCML T3867,0"/><instruction code="INCMH T3867,0"/><instruction code="INCH T3867,0"/><instruction code="NEG T3867,0,T3867"/><instruction code="OR T1589,T3867,0"/><instruction code="ADD T3868,T1588,T1589"/><instruction code="OR T1590,T3868,0"/><instruction code="OR T1592,T18,0"/><instruction code="SETL T3869,8"/><instruction code="INCML T3869,0"/><instruction code="INCMH T3869,0"/><instruction code="INCH T3869,0"/><instruction code="NEG T3869,0,T3869"/><instruction code="OR T1593,T3869,0"/><instruction code="ADD T3870,T1592,T1593"/><instruction code="OR T1594,T3870,0"/><instruction code="LDO T3871,T1594,0"/><instruction code="OR T1595,T3871,0"/><instruction code="SETL T3872,1"/><instruction code="INCML T3872,0"/><instruction code="INCMH T3872,0"/><instruction code="INCH T3872,0"/><instruction code="OR T1596,T3872,0"/><instruction code="ADD T3873,T1595,T1596"/><instruction code="OR T1597,T3873,0"/><instruction code="STO T1597,T1590,0"/><instruction code="LDO T3875,T18,0"/><instruction code="OR T1598,T3875,0"/><instruction code="OR T1599,T18,0"/><instruction code="SETL T3876,8"/><instruction code="INCML T3876,0"/><instruction code="INCMH T3876,0"/><instruction code="INCH T3876,0"/><instruction code="OR T1600,T3876,0"/><instruction code="ADD T3877,T1599,T1600"/><instruction code="OR T1601,T3877,0"/><instruction code="LDO T3878,T1601,0"/><instruction code="OR T1602,T3878,0"/><instruction code="SETL T3879,1"/><instruction code="INCML T3879,0"/><instruction code="INCMH T3879,0"/><instruction code="INCH T3879,0"/><instruction code="OR T1603,T3879,0"/><instruction code="ADD T3880,T1602,T1603"/><instruction code="OR T1604,T3880,0"/><instruction code="STO T1598,$254,0"/><instruction code="STO T1604,$254,8"/><instruction code="PUSHJ $8,L0"/><instruction code="LDO T3882,$254,0"/><instruction code="OR T1605,T3882,0"/><instruction code="JMP L42"/><instruction code="L44"/><instruction code="L47"/><instruction code="SETL T3884,0"/><instruction code="INCML T3884,0"/><instruction code="INCMH T3884,0"/><instruction code="INCH T3884,0"/><instruction code="OR T1606,T3884,0"/><instruction code="OR T19,T1606,0"/><instruction code="JMP L128"/></instructions></code><code entrylabel="L130" exitlabel="L131" tempsize="0"><frame FP="T16" RV="T17" argssize="16" depth="1" label="_combs" locssize="808" size="840"/><instructions><instruction code="L130"/><instruction code="OR T1607,T16,0"/><instruction code="SETL T3886,808"/><instruction code="INCML T3886,0"/><instruction code="INCMH T3886,0"/><instruction code="INCH T3886,0"/><instruction code="NEG T3886,0,T3886"/><instruction code="OR T1608,T3886,0"/><instruction code="ADD T3887,T1607,T1608"/><instruction code="OR T1609,T3887,0"/><instruction code="SETL T3888,0"/><instruction code="INCML T3888,0"/><instruction code="INCMH T3888,0"/><instruction code="INCH T3888,0"/><instruction code="OR T1611,T3888,0"/><instruction code="STO T1611,T1609,0"/><instruction code="L48"/><instruction code="OR T1612,T16,0"/><instruction code="SETL T3890,808"/><instruction code="INCML T3890,0"/><instruction code="INCMH T3890,0"/><instruction code="INCH T3890,0"/><instruction code="NEG T3890,0,T3890"/><instruction code="OR T1613,T3890,0"/><instruction code="ADD T3891,T1612,T1613"/><instruction code="OR T1614,T3891,0"/><instruction code="LDO T3892,T1614,0"/><instruction code="OR T1615,T3892,0"/><instruction code="SETL T3893,100"/><instruction code="INCML T3893,0"/><instruction code="INCMH T3893,0"/><instruction code="INCH T3893,0"/><instruction code="OR T1616,T3893,0"/><instruction code="CMP T3894,T1615,T1616"/><instruction code="ZSN T3894,T3894,1"/><instruction code="OR T1617,T3894,0"/><instruction code="BNZ T1617,L49"/><instruction code="L129"/><instruction code="JMP L50"/><instruction code="L49"/><instruction code="OR T1618,T16,0"/><instruction code="SETL T3896,800"/><instruction code="INCML T3896,0"/><instruction code="INCMH T3896,0"/><instruction code="INCH T3896,0"/><instruction code="NEG T3896,0,T3896"/><instruction code="OR T1619,T3896,0"/><instruction code="ADD T3897,T1618,T1619"/><instruction code="OR T1620,T3897,0"/><instruction code="OR T1621,T16,0"/><instruction code="SETL T3898,808"/><instruction code="INCML T3898,0"/><instruction code="INCMH T3898,0"/><instruction code="INCH T3898,0"/><instruction code="NEG T3898,0,T3898"/><instruction code="OR T1622,T3898,0"/><instruction code="ADD T3899,T1621,T1622"/><instruction code="OR T1623,T3899,0"/><instruction code="LDO T3900,T1623,0"/><instruction code="OR T1624,T3900,0"/><instruction code="SETL T3901,8"/><instruction code="INCML T3901,0"/><instruction code="INCMH T3901,0"/><instruction code="INCH T3901,0"/><instruction code="OR T1625,T3901,0"/><instruction code="MUL T3902,T1624,T1625"/><instruction code="OR T1626,T3902,0"/><instruction code="ADD T3903,T1620,T1626"/><instruction code="OR T1627,T3903,0"/><instruction code="SETL T3904,0"/><instruction code="INCML T3904,0"/><instruction code="INCMH T3904,0"/><instruction code="INCH T3904,0"/><instruction code="OR T1629,T3904,0"/><instruction code="STO T1629,T1627,0"/><instruction code="OR T1630,T16,0"/><instruction code="SETL T3906,808"/><instruction code="INCML T3906,0"/><instruction code="INCMH T3906,0"/><instruction code="INCH T3906,0"/><instruction code="NEG T3906,0,T3906"/><instruction code="OR T1631,T3906,0"/><instruction code="ADD T3907,T1630,T1631"/><instruction code="OR T1632,T3907,0"/><instruction code="OR T1634,T16,0"/><instruction code="SETL T3908,808"/><instruction code="INCML T3908,0"/><instruction code="INCMH T3908,0"/><instruction code="INCH T3908,0"/><instruction code="NEG T3908,0,T3908"/><instruction code="OR T1635,T3908,0"/><instruction code="ADD T3909,T1634,T1635"/><instruction code="OR T1636,T3909,0"/><instruction code="LDO T3910,T1636,0"/><instruction code="OR T1637,T3910,0"/><instruction code="SETL T3911,1"/><instruction code="INCML T3911,0"/><instruction code="INCMH T3911,0"/><instruction code="INCH T3911,0"/><instruction code="OR T1638,T3911,0"/><instruction code="ADD T3912,T1637,T1638"/><instruction code="OR T1639,T3912,0"/><instruction code="STO T1639,T1632,0"/><instruction code="JMP L48"/><instruction code="L50"/><instruction code="OR T1640,T16,0"/><instruction code="SETL T3915,0"/><instruction code="INCML T3915,0"/><instruction code="INCMH T3915,0"/><instruction code="INCH T3915,0"/><instruction code="OR T1641,T3915,0"/><instruction code="STO T1640,$254,0"/><instruction code="STO T1641,$254,8"/><instruction code="PUSHJ $8,L0"/><instruction code="LDO T3917,$254,0"/><instruction code="OR T1642,T3917,0"/><instruction code="SETL T3918,0"/><instruction code="INCML T3918,0"/><instruction code="INCMH T3918,0"/><instruction code="INCH T3918,0"/><instruction code="OR T1643,T3918,0"/><instruction code="OR T17,T1643,0"/><instruction code="JMP L131"/></instructions></code><code entrylabel="L136" exitlabel="L137" tempsize="0"><frame FP="T22" RV="T23" argssize="0" depth="2" label="L1" locssize="96" size="112"/><instructions><instruction code="L136"/><instruction code="OR T1644,T22,0"/><instruction code="SETL T3920,96"/><instruction code="INCML T3920,0"/><instruction code="INCMH T3920,0"/><instruction code="INCH T3920,0"/><instruction code="NEG T3920,0,T3920"/><instruction code="OR T1645,T3920,0"/><instruction code="ADD T3921,T1644,T1645"/><instruction code="OR T1646,T3921,0"/><instruction code="SETL T3922,1"/><instruction code="INCML T3922,0"/><instruction code="INCMH T3922,0"/><instruction code="INCH T3922,0"/><instruction code="OR T1648,T3922,0"/><instruction code="STO T1648,T1646,0"/><instruction code="OR T1649,T22,0"/><instruction code="SETL T3924,88"/><instruction code="INCML T3924,0"/><instruction code="INCMH T3924,0"/><instruction code="INCH T3924,0"/><instruction code="NEG T3924,0,T3924"/><instruction code="OR T1650,T3924,0"/><instruction code="ADD T3925,T1649,T1650"/><instruction code="OR T1651,T3925,0"/><instruction code="SETL T3926,1"/><instruction code="INCML T3926,0"/><instruction code="INCMH T3926,0"/><instruction code="INCH T3926,0"/><instruction code="OR T1653,T3926,0"/><instruction code="STO T1653,T1651,0"/><instruction code="L51"/><instruction code="OR T1654,T22,0"/><instruction code="SETL T3928,88"/><instruction code="INCML T3928,0"/><instruction code="INCMH T3928,0"/><instruction code="INCH T3928,0"/><instruction code="NEG T3928,0,T3928"/><instruction code="OR T1655,T3928,0"/><instruction code="ADD T3929,T1654,T1655"/><instruction code="OR T1656,T3929,0"/><instruction code="LDO T3930,T1656,0"/><instruction code="OR T1657,T3930,0"/><instruction code="SETL T3931,9"/><instruction code="INCML T3931,0"/><instruction code="INCMH T3931,0"/><instruction code="INCH T3931,0"/><instruction code="OR T1658,T3931,0"/><instruction code="CMP T3932,T1657,T1658"/><instruction code="ZSNP T3932,T3932,1"/><instruction code="OR T1659,T3932,0"/><instruction code="BNZ T1659,L52"/><instruction code="L132"/><instruction code="JMP L53"/><instruction code="L52"/><instruction code="OR T1660,T22,0"/><instruction code="SETL T3934,80"/><instruction code="INCML T3934,0"/><instruction code="INCMH T3934,0"/><instruction code="INCH T3934,0"/><instruction code="NEG T3934,0,T3934"/><instruction code="OR T1661,T3934,0"/><instruction code="ADD T3935,T1660,T1661"/><instruction code="OR T1662,T3935,0"/><instruction code="OR T1663,T22,0"/><instruction code="SETL T3936,88"/><instruction code="INCML T3936,0"/><instruction code="INCMH T3936,0"/><instruction code="INCH T3936,0"/><instruction code="NEG T3936,0,T3936"/><instruction code="OR T1664,T3936,0"/><instruction code="ADD T3937,T1663,T1664"/><instruction code="OR T1665,T3937,0"/><instruction code="LDO T3938,T1665,0"/><instruction code="OR T1666,T3938,0"/><instruction code="SETL T3939,8"/><instruction code="INCML T3939,0"/><instruction code="INCMH T3939,0"/><instruction code="INCH T3939,0"/><instruction code="OR T1667,T3939,0"/><instruction code="MUL T3940,T1666,T1667"/><instruction code="OR T1668,T3940,0"/><instruction code="ADD T3941,T1662,T1668"/><instruction code="OR T1669,T3941,0"/><instruction code="SETL T3942,0"/><instruction code="INCML T3942,0"/><instruction code="INCMH T3942,0"/><instruction code="INCH T3942,0"/><instruction code="OR T1671,T3942,0"/><instruction code="STO T1671,T1669,0"/><instruction code="OR T1672,T22,0"/><instruction code="SETL T3944,88"/><instruction code="INCML T3944,0"/><instruction code="INCMH T3944,0"/><instruction code="INCH T3944,0"/><instruction code="NEG T3944,0,T3944"/><instruction code="OR T1673,T3944,0"/><instruction code="ADD T3945,T1672,T1673"/><instruction code="OR T1674,T3945,0"/><instruction code="OR T1676,T22,0"/><instruction code="SETL T3946,88"/><instruction code="INCML T3946,0"/><instruction code="INCMH T3946,0"/><instruction code="INCH T3946,0"/><instruction code="NEG T3946,0,T3946"/><instruction code="OR T1677,T3946,0"/><instruction code="ADD T3947,T1676,T1677"/><instruction code="OR T1678,T3947,0"/><instruction code="LDO T3948,T1678,0"/><instruction code="OR T1679,T3948,0"/><instruction code="SETL T3949,1"/><instruction code="INCML T3949,0"/><instruction code="INCMH T3949,0"/><instruction code="INCH T3949,0"/><instruction code="OR T1680,T3949,0"/><instruction code="ADD T3950,T1679,T1680"/><instruction code="OR T1681,T3950,0"/><instruction code="STO T1681,T1674,0"/><instruction code="JMP L51"/><instruction code="L53"/><instruction code="OR T1682,T22,0"/><instruction code="SETL T3953,88"/><instruction code="INCML T3953,0"/><instruction code="INCMH T3953,0"/><instruction code="INCH T3953,0"/><instruction code="NEG T3953,0,T3953"/><instruction code="OR T1683,T3953,0"/><instruction code="ADD T3954,T1682,T1683"/><instruction code="OR T1684,T3954,0"/><instruction code="SETL T3955,0"/><instruction code="INCML T3955,0"/><instruction code="INCMH T3955,0"/><instruction code="INCH T3955,0"/><instruction code="OR T1686,T3955,0"/><instruction code="STO T1686,T1684,0"/><instruction code="L59"/><instruction code="OR T1687,T22,0"/><instruction code="SETL T3957,88"/><instruction code="INCML T3957,0"/><instruction code="INCMH T3957,0"/><instruction code="INCH T3957,0"/><instruction code="NEG T3957,0,T3957"/><instruction code="OR T1688,T3957,0"/><instruction code="ADD T3958,T1687,T1688"/><instruction code="OR T1689,T3958,0"/><instruction code="LDO T3959,T1689,0"/><instruction code="OR T1690,T3959,0"/><instruction code="SETL T3960,9"/><instruction code="INCML T3960,0"/><instruction code="INCMH T3960,0"/><instruction code="INCH T3960,0"/><instruction code="OR T1691,T3960,0"/><instruction code="CMP T3961,T1690,T1691"/><instruction code="ZSN T3961,T3961,1"/><instruction code="OR T1692,T3961,0"/><instruction code="BNZ T1692,L60"/><instruction code="L133"/><instruction code="JMP L61"/><instruction code="L60"/><instruction code="OR T1693,T22,0"/><instruction code="LDO T3963,T1693,0"/><instruction code="OR T1694,T3963,0"/><instruction code="SETL T3964,8"/><instruction code="INCML T3964,0"/><instruction code="INCMH T3964,0"/><instruction code="INCH T3964,0"/><instruction code="OR T1695,T3964,0"/><instruction code="ADD T3965,T1694,T1695"/><instruction code="OR T1696,T3965,0"/><instruction code="LDO T3966,T1696,0"/><instruction code="OR T1697,T3966,0"/><instruction code="OR T1698,T22,0"/><instruction code="SETL T3967,8"/><instruction code="INCML T3967,0"/><instruction code="INCMH T3967,0"/><instruction code="INCH T3967,0"/><instruction code="OR T1699,T3967,0"/><instruction code="ADD T3968,T1698,T1699"/><instruction code="OR T1700,T3968,0"/><instruction code="LDO T3969,T1700,0"/><instruction code="OR T1701,T3969,0"/><instruction code="SETL T3970,72"/><instruction code="INCML T3970,0"/><instruction code="INCMH T3970,0"/><instruction code="INCH T3970,0"/><instruction code="OR T1702,T3970,0"/><instruction code="MUL T3971,T1701,T1702"/><instruction code="OR T1703,T3971,0"/><instruction code="ADD T3972,T1697,T1703"/><instruction code="OR T1704,T3972,0"/><instruction code="OR T1705,T22,0"/><instruction code="SETL T3973,88"/><instruction code="INCML T3973,0"/><instruction code="INCMH T3973,0"/><instruction code="INCH T3973,0"/><instruction code="NEG T3973,0,T3973"/><instruction code="OR T1706,T3973,0"/><instruction code="ADD T3974,T1705,T1706"/><instruction code="OR T1707,T3974,0"/><instruction code="LDO T3975,T1707,0"/><instruction code="OR T1708,T3975,0"/><instruction code="SETL T3976,8"/><instruction code="INCML T3976,0"/><instruction code="INCMH T3976,0"/><instruction code="INCH T3976,0"/><instruction code="OR T1709,T3976,0"/><instruction code="MUL T3977,T1708,T1709"/><instruction code="OR T1710,T3977,0"/><instruction code="ADD T3978,T1704,T1710"/><instruction code="OR T1711,T3978,0"/><instruction code="LDO T3979,T1711,0"/><instruction code="OR T1712,T3979,0"/><instruction code="SETL T3980,0"/><instruction code="INCML T3980,0"/><instruction code="INCMH T3980,0"/><instruction code="INCH T3980,0"/><instruction code="OR T1713,T3980,0"/><instruction code="CMP T3981,T1712,T1713"/><instruction code="ZSNZ T3981,T3981,1"/><instruction code="OR T1714,T3981,0"/><instruction code="BNZ T1714,L57"/><instruction code="L134"/><instruction code="JMP L58"/><instruction code="L57"/><instruction code="OR T1715,T22,0"/><instruction code="SETL T3983,80"/><instruction code="INCML T3983,0"/><instruction code="INCMH T3983,0"/><instruction code="INCH T3983,0"/><instruction code="NEG T3983,0,T3983"/><instruction code="OR T1716,T3983,0"/><instruction code="ADD T3984,T1715,T1716"/><instruction code="OR T1717,T3984,0"/><instruction code="OR T1718,T22,0"/><instruction code="LDO T3985,T1718,0"/><instruction code="OR T1719,T3985,0"/><instruction code="SETL T3986,8"/><instruction code="INCML T3986,0"/><instruction code="INCMH T3986,0"/><instruction code="INCH T3986,0"/><instruction code="OR T1720,T3986,0"/><instruction code="ADD T3987,T1719,T1720"/><instruction code="OR T1721,T3987,0"/><instruction code="LDO T3988,T1721,0"/><instruction code="OR T1722,T3988,0"/><instruction code="OR T1723,T22,0"/><instruction code="SETL T3989,8"/><instruction code="INCML T3989,0"/><instruction code="INCMH T3989,0"/><instruction code="INCH T3989,0"/><instruction code="OR T1724,T3989,0"/><instruction code="ADD T3990,T1723,T1724"/><instruction code="OR T1725,T3990,0"/><instruction code="LDO T3991,T1725,0"/><instruction code="OR T1726,T3991,0"/><instruction code="SETL T3992,72"/><instruction code="INCML T3992,0"/><instruction code="INCMH T3992,0"/><instruction code="INCH T3992,0"/><instruction code="OR T1727,T3992,0"/><instruction code="MUL T3993,T1726,T1727"/><instruction code="OR T1728,T3993,0"/><instruction code="ADD T3994,T1722,T1728"/><instruction code="OR T1729,T3994,0"/><instruction code="OR T1730,T22,0"/><instruction code="SETL T3995,88"/><instruction code="INCML T3995,0"/><instruction code="INCMH T3995,0"/><instruction code="INCH T3995,0"/><instruction code="NEG T3995,0,T3995"/><instruction code="OR T1731,T3995,0"/><instruction code="ADD T3996,T1730,T1731"/><instruction code="OR T1732,T3996,0"/><instruction code="LDO T3997,T1732,0"/><instruction code="OR T1733,T3997,0"/><instruction code="SETL T3998,8"/><instruction code="INCML T3998,0"/><instruction code="INCMH T3998,0"/><instruction code="INCH T3998,0"/><instruction code="OR T1734,T3998,0"/><instruction code="MUL T3999,T1733,T1734"/><instruction code="OR T1735,T3999,0"/><instruction code="ADD T4000,T1729,T1735"/><instruction code="OR T1736,T4000,0"/><instruction code="LDO T4001,T1736,0"/><instruction code="OR T1737,T4001,0"/><instruction code="SETL T4002,8"/><instruction code="INCML T4002,0"/><instruction code="INCMH T4002,0"/><instruction code="INCH T4002,0"/><instruction code="OR T1738,T4002,0"/><instruction code="MUL T4003,T1737,T1738"/><instruction code="OR T1739,T4003,0"/><instruction code="ADD T4004,T1717,T1739"/><instruction code="OR T1740,T4004,0"/><instruction code="LDO T4005,T1740,0"/><instruction code="OR T1741,T4005,0"/><instruction code="BNZ T1741,L54"/><instruction code="L135"/><instruction code="JMP L55"/><instruction code="L54"/><instruction code="OR T1742,T22,0"/><instruction code="SETL T4007,96"/><instruction code="INCML T4007,0"/><instruction code="INCMH T4007,0"/><instruction code="INCH T4007,0"/><instruction code="NEG T4007,0,T4007"/><instruction code="OR T1743,T4007,0"/><instruction code="ADD T4008,T1742,T1743"/><instruction code="OR T1744,T4008,0"/><instruction code="SETL T4009,0"/><instruction code="INCML T4009,0"/><instruction code="INCMH T4009,0"/><instruction code="INCH T4009,0"/><instruction code="OR T1746,T4009,0"/><instruction code="STO T1746,T1744,0"/><instruction code="JMP L56"/><instruction code="L55"/><instruction code="OR T1747,T22,0"/><instruction code="SETL T4012,80"/><instruction code="INCML T4012,0"/><instruction code="INCMH T4012,0"/><instruction code="INCH T4012,0"/><instruction code="NEG T4012,0,T4012"/><instruction code="OR T1748,T4012,0"/><instruction code="ADD T4013,T1747,T1748"/><instruction code="OR T1749,T4013,0"/><instruction code="OR T1750,T22,0"/><instruction code="LDO T4014,T1750,0"/><instruction code="OR T1751,T4014,0"/><instruction code="SETL T4015,8"/><instruction code="INCML T4015,0"/><instruction code="INCMH T4015,0"/><instruction code="INCH T4015,0"/><instruction code="OR T1752,T4015,0"/><instruction code="ADD T4016,T1751,T1752"/><instruction code="OR T1753,T4016,0"/><instruction code="LDO T4017,T1753,0"/><instruction code="OR T1754,T4017,0"/><instruction code="OR T1755,T22,0"/><instruction code="SETL T4018,8"/><instruction code="INCML T4018,0"/><instruction code="INCMH T4018,0"/><instruction code="INCH T4018,0"/><instruction code="OR T1756,T4018,0"/><instruction code="ADD T4019,T1755,T1756"/><instruction code="OR T1757,T4019,0"/><instruction code="LDO T4020,T1757,0"/><instruction code="OR T1758,T4020,0"/><instruction code="SETL T4021,72"/><instruction code="INCML T4021,0"/><instruction code="INCMH T4021,0"/><instruction code="INCH T4021,0"/><instruction code="OR T1759,T4021,0"/><instruction code="MUL T4022,T1758,T1759"/><instruction code="OR T1760,T4022,0"/><instruction code="ADD T4023,T1754,T1760"/><instruction code="OR T1761,T4023,0"/><instruction code="OR T1762,T22,0"/><instruction code="SETL T4024,88"/><instruction code="INCML T4024,0"/><instruction code="INCMH T4024,0"/><instruction code="INCH T4024,0"/><instruction code="NEG T4024,0,T4024"/><instruction code="OR T1763,T4024,0"/><instruction code="ADD T4025,T1762,T1763"/><instruction code="OR T1764,T4025,0"/><instruction code="LDO T4026,T1764,0"/><instruction code="OR T1765,T4026,0"/><instruction code="SETL T4027,8"/><instruction code="INCML T4027,0"/><instruction code="INCMH T4027,0"/><instruction code="INCH T4027,0"/><instruction code="OR T1766,T4027,0"/><instruction code="MUL T4028,T1765,T1766"/><instruction code="OR T1767,T4028,0"/><instruction code="ADD T4029,T1761,T1767"/><instruction code="OR T1768,T4029,0"/><instruction code="LDO T4030,T1768,0"/><instruction code="OR T1769,T4030,0"/><instruction code="SETL T4031,8"/><instruction code="INCML T4031,0"/><instruction code="INCMH T4031,0"/><instruction code="INCH T4031,0"/><instruction code="OR T1770,T4031,0"/><instruction code="MUL T4032,T1769,T1770"/><instruction code="OR T1771,T4032,0"/><instruction code="ADD T4033,T1749,T1771"/><instruction code="OR T1772,T4033,0"/><instruction code="SETL T4034,1"/><instruction code="INCML T4034,0"/><instruction code="INCMH T4034,0"/><instruction code="INCH T4034,0"/><instruction code="OR T1774,T4034,0"/><instruction code="STO T1774,T1772,0"/><instruction code="L56"/><instruction code="L58"/><instruction code="OR T1775,T22,0"/><instruction code="SETL T4036,88"/><instruction code="INCML T4036,0"/><instruction code="INCMH T4036,0"/><instruction code="INCH T4036,0"/><instruction code="NEG T4036,0,T4036"/><instruction code="OR T1776,T4036,0"/><instruction code="ADD T4037,T1775,T1776"/><instruction code="OR T1777,T4037,0"/><instruction code="OR T1779,T22,0"/><instruction code="SETL T4038,88"/><instruction code="INCML T4038,0"/><instruction code="INCMH T4038,0"/><instruction code="INCH T4038,0"/><instruction code="NEG T4038,0,T4038"/><instruction code="OR T1780,T4038,0"/><instruction code="ADD T4039,T1779,T1780"/><instruction code="OR T1781,T4039,0"/><instruction code="LDO T4040,T1781,0"/><instruction code="OR T1782,T4040,0"/><instruction code="SETL T4041,1"/><instruction code="INCML T4041,0"/><instruction code="INCMH T4041,0"/><instruction code="INCH T4041,0"/><instruction code="OR T1783,T4041,0"/><instruction code="ADD T4042,T1782,T1783"/><instruction code="OR T1784,T4042,0"/><instruction code="STO T1784,T1777,0"/><instruction code="JMP L59"/><instruction code="L61"/><instruction code="OR T1785,T22,0"/><instruction code="SETL T4045,96"/><instruction code="INCML T4045,0"/><instruction code="INCMH T4045,0"/><instruction code="INCH T4045,0"/><instruction code="NEG T4045,0,T4045"/><instruction code="OR T1786,T4045,0"/><instruction code="ADD T4046,T1785,T1786"/><instruction code="OR T1787,T4046,0"/><instruction code="LDO T4047,T1787,0"/><instruction code="OR T1788,T4047,0"/><instruction code="OR T23,T1788,0"/><instruction code="JMP L137"/></instructions></code><code entrylabel="L142" exitlabel="L143" tempsize="0"><frame FP="T24" RV="T25" argssize="0" depth="2" label="L2" locssize="96" size="112"/><instructions><instruction code="L142"/><instruction code="OR T1789,T24,0"/><instruction code="SETL T4049,96"/><instruction code="INCML T4049,0"/><instruction code="INCMH T4049,0"/><instruction code="INCH T4049,0"/><instruction code="NEG T4049,0,T4049"/><instruction code="OR T1790,T4049,0"/><instruction code="ADD T4050,T1789,T1790"/><instruction code="OR T1791,T4050,0"/><instruction code="SETL T4051,1"/><instruction code="INCML T4051,0"/><instruction code="INCMH T4051,0"/><instruction code="INCH T4051,0"/><instruction code="OR T1793,T4051,0"/><instruction code="STO T1793,T1791,0"/><instruction code="OR T1794,T24,0"/><instruction code="SETL T4053,88"/><instruction code="INCML T4053,0"/><instruction code="INCMH T4053,0"/><instruction code="INCH T4053,0"/><instruction code="NEG T4053,0,T4053"/><instruction code="OR T1795,T4053,0"/><instruction code="ADD T4054,T1794,T1795"/><instruction code="OR T1796,T4054,0"/><instruction code="SETL T4055,1"/><instruction code="INCML T4055,0"/><instruction code="INCMH T4055,0"/><instruction code="INCH T4055,0"/><instruction code="OR T1798,T4055,0"/><instruction code="STO T1798,T1796,0"/><instruction code="L62"/><instruction code="OR T1799,T24,0"/><instruction code="SETL T4057,88"/><instruction code="INCML T4057,0"/><instruction code="INCMH T4057,0"/><instruction code="INCH T4057,0"/><instruction code="NEG T4057,0,T4057"/><instruction code="OR T1800,T4057,0"/><instruction code="ADD T4058,T1799,T1800"/><instruction code="OR T1801,T4058,0"/><instruction code="LDO T4059,T1801,0"/><instruction code="OR T1802,T4059,0"/><instruction code="SETL T4060,9"/><instruction code="INCML T4060,0"/><instruction code="INCMH T4060,0"/><instruction code="INCH T4060,0"/><instruction code="OR T1803,T4060,0"/><instruction code="CMP T4061,T1802,T1803"/><instruction code="ZSNP T4061,T4061,1"/><instruction code="OR T1804,T4061,0"/><instruction code="BNZ T1804,L63"/><instruction code="L138"/><instruction code="JMP L64"/><instruction code="L63"/><instruction code="OR T1805,T24,0"/><instruction code="SETL T4063,80"/><instruction code="INCML T4063,0"/><instruction code="INCMH T4063,0"/><instruction code="INCH T4063,0"/><instruction code="NEG T4063,0,T4063"/><instruction code="OR T1806,T4063,0"/><instruction code="ADD T4064,T1805,T1806"/><instruction code="OR T1807,T4064,0"/><instruction code="OR T1808,T24,0"/><instruction code="SETL T4065,88"/><instruction code="INCML T4065,0"/><instruction code="INCMH T4065,0"/><instruction code="INCH T4065,0"/><instruction code="NEG T4065,0,T4065"/><instruction code="OR T1809,T4065,0"/><instruction code="ADD T4066,T1808,T1809"/><instruction code="OR T1810,T4066,0"/><instruction code="LDO T4067,T1810,0"/><instruction code="OR T1811,T4067,0"/><instruction code="SETL T4068,8"/><instruction code="INCML T4068,0"/><instruction code="INCMH T4068,0"/><instruction code="INCH T4068,0"/><instruction code="OR T1812,T4068,0"/><instruction code="MUL T4069,T1811,T1812"/><instruction code="OR T1813,T4069,0"/><instruction code="ADD T4070,T1807,T1813"/><instruction code="OR T1814,T4070,0"/><instruction code="SETL T4071,0"/><instruction code="INCML T4071,0"/><instruction code="INCMH T4071,0"/><instruction code="INCH T4071,0"/><instruction code="OR T1816,T4071,0"/><instruction code="STO T1816,T1814,0"/><instruction code="OR T1817,T24,0"/><instruction code="SETL T4073,88"/><instruction code="INCML T4073,0"/><instruction code="INCMH T4073,0"/><instruction code="INCH T4073,0"/><instruction code="NEG T4073,0,T4073"/><instruction code="OR T1818,T4073,0"/><instruction code="ADD T4074,T1817,T1818"/><instruction code="OR T1819,T4074,0"/><instruction code="OR T1821,T24,0"/><instruction code="SETL T4075,88"/><instruction code="INCML T4075,0"/><instruction code="INCMH T4075,0"/><instruction code="INCH T4075,0"/><instruction code="NEG T4075,0,T4075"/><instruction code="OR T1822,T4075,0"/><instruction code="ADD T4076,T1821,T1822"/><instruction code="OR T1823,T4076,0"/><instruction code="LDO T4077,T1823,0"/><instruction code="OR T1824,T4077,0"/><instruction code="SETL T4078,1"/><instruction code="INCML T4078,0"/><instruction code="INCMH T4078,0"/><instruction code="INCH T4078,0"/><instruction code="OR T1825,T4078,0"/><instruction code="ADD T4079,T1824,T1825"/><instruction code="OR T1826,T4079,0"/><instruction code="STO T1826,T1819,0"/><instruction code="JMP L62"/><instruction code="L64"/><instruction code="OR T1827,T24,0"/><instruction code="SETL T4082,88"/><instruction code="INCML T4082,0"/><instruction code="INCMH T4082,0"/><instruction code="INCH T4082,0"/><instruction code="NEG T4082,0,T4082"/><instruction code="OR T1828,T4082,0"/><instruction code="ADD T4083,T1827,T1828"/><instruction code="OR T1829,T4083,0"/><instruction code="SETL T4084,0"/><instruction code="INCML T4084,0"/><instruction code="INCMH T4084,0"/><instruction code="INCH T4084,0"/><instruction code="OR T1831,T4084,0"/><instruction code="STO T1831,T1829,0"/><instruction code="L70"/><instruction code="OR T1832,T24,0"/><instruction code="SETL T4086,88"/><instruction code="INCML T4086,0"/><instruction code="INCMH T4086,0"/><instruction code="INCH T4086,0"/><instruction code="NEG T4086,0,T4086"/><instruction code="OR T1833,T4086,0"/><instruction code="ADD T4087,T1832,T1833"/><instruction code="OR T1834,T4087,0"/><instruction code="LDO T4088,T1834,0"/><instruction code="OR T1835,T4088,0"/><instruction code="SETL T4089,9"/><instruction code="INCML T4089,0"/><instruction code="INCMH T4089,0"/><instruction code="INCH T4089,0"/><instruction code="OR T1836,T4089,0"/><instruction code="CMP T4090,T1835,T1836"/><instruction code="ZSN T4090,T4090,1"/><instruction code="OR T1837,T4090,0"/><instruction code="BNZ T1837,L71"/><instruction code="L139"/><instruction code="JMP L72"/><instruction code="L71"/><instruction code="OR T1838,T24,0"/><instruction code="LDO T4092,T1838,0"/><instruction code="OR T1839,T4092,0"/><instruction code="SETL T4093,8"/><instruction code="INCML T4093,0"/><instruction code="INCMH T4093,0"/><instruction code="INCH T4093,0"/><instruction code="OR T1840,T4093,0"/><instruction code="ADD T4094,T1839,T1840"/><instruction code="OR T1841,T4094,0"/><instruction code="LDO T4095,T1841,0"/><instruction code="OR T1842,T4095,0"/><instruction code="OR T1843,T24,0"/><instruction code="SETL T4096,88"/><instruction code="INCML T4096,0"/><instruction code="INCMH T4096,0"/><instruction code="INCH T4096,0"/><instruction code="NEG T4096,0,T4096"/><instruction code="OR T1844,T4096,0"/><instruction code="ADD T4097,T1843,T1844"/><instruction code="OR T1845,T4097,0"/><instruction code="LDO T4098,T1845,0"/><instruction code="OR T1846,T4098,0"/><instruction code="SETL T4099,72"/><instruction code="INCML T4099,0"/><instruction code="INCMH T4099,0"/><instruction code="INCH T4099,0"/><instruction code="OR T1847,T4099,0"/><instruction code="MUL T4100,T1846,T1847"/><instruction code="OR T1848,T4100,0"/><instruction code="ADD T4101,T1842,T1848"/><instruction code="OR T1849,T4101,0"/><instruction code="OR T1850,T24,0"/><instruction code="SETL T4102,8"/><instruction code="INCML T4102,0"/><instruction code="INCMH T4102,0"/><instruction code="INCH T4102,0"/><instruction code="OR T1851,T4102,0"/><instruction code="ADD T4103,T1850,T1851"/><instruction code="OR T1852,T4103,0"/><instruction code="LDO T4104,T1852,0"/><instruction code="OR T1853,T4104,0"/><instruction code="SETL T4105,8"/><instruction code="INCML T4105,0"/><instruction code="INCMH T4105,0"/><instruction code="INCH T4105,0"/><instruction code="OR T1854,T4105,0"/><instruction code="MUL T4106,T1853,T1854"/><instruction code="OR T1855,T4106,0"/><instruction code="ADD T4107,T1849,T1855"/><instruction code="OR T1856,T4107,0"/><instruction code="LDO T4108,T1856,0"/><instruction code="OR T1857,T4108,0"/><instruction code="SETL T4109,0"/><instruction code="INCML T4109,0"/><instruction code="INCMH T4109,0"/><instruction code="INCH T4109,0"/><instruction code="OR T1858,T4109,0"/><instruction code="CMP T4110,T1857,T1858"/><instruction code="ZSNZ T4110,T4110,1"/><instruction code="OR T1859,T4110,0"/><instruction code="BNZ T1859,L68"/><instruction code="L140"/><instruction code="JMP L69"/><instruction code="L68"/><instruction code="OR T1860,T24,0"/><instruction code="SETL T4112,80"/><instruction code="INCML T4112,0"/><instruction code="INCMH T4112,0"/><instruction code="INCH T4112,0"/><instruction code="NEG T4112,0,T4112"/><instruction code="OR T1861,T4112,0"/><instruction code="ADD T4113,T1860,T1861"/><instruction code="OR T1862,T4113,0"/><instruction code="OR T1863,T24,0"/><instruction code="LDO T4114,T1863,0"/><instruction code="OR T1864,T4114,0"/><instruction code="SETL T4115,8"/><instruction code="INCML T4115,0"/><instruction code="INCMH T4115,0"/><instruction code="INCH T4115,0"/><instruction code="OR T1865,T4115,0"/><instruction code="ADD T4116,T1864,T1865"/><instruction code="OR T1866,T4116,0"/><instruction code="LDO T4117,T1866,0"/><instruction code="OR T1867,T4117,0"/><instruction code="OR T1868,T24,0"/><instruction code="SETL T4118,88"/><instruction code="INCML T4118,0"/><instruction code="INCMH T4118,0"/><instruction code="INCH T4118,0"/><instruction code="NEG T4118,0,T4118"/><instruction code="OR T1869,T4118,0"/><instruction code="ADD T4119,T1868,T1869"/><instruction code="OR T1870,T4119,0"/><instruction code="LDO T4120,T1870,0"/><instruction code="OR T1871,T4120,0"/><instruction code="SETL T4121,72"/><instruction code="INCML T4121,0"/><instruction code="INCMH T4121,0"/><instruction code="INCH T4121,0"/><instruction code="OR T1872,T4121,0"/><instruction code="MUL T4122,T1871,T1872"/><instruction code="OR T1873,T4122,0"/><instruction code="ADD T4123,T1867,T1873"/><instruction code="OR T1874,T4123,0"/><instruction code="OR T1875,T24,0"/><instruction code="SETL T4124,8"/><instruction code="INCML T4124,0"/><instruction code="INCMH T4124,0"/><instruction code="INCH T4124,0"/><instruction code="OR T1876,T4124,0"/><instruction code="ADD T4125,T1875,T1876"/><instruction code="OR T1877,T4125,0"/><instruction code="LDO T4126,T1877,0"/><instruction code="OR T1878,T4126,0"/><instruction code="SETL T4127,8"/><instruction code="INCML T4127,0"/><instruction code="INCMH T4127,0"/><instruction code="INCH T4127,0"/><instruction code="OR T1879,T4127,0"/><instruction code="MUL T4128,T1878,T1879"/><instruction code="OR T1880,T4128,0"/><instruction code="ADD T4129,T1874,T1880"/><instruction code="OR T1881,T4129,0"/><instruction code="LDO T4130,T1881,0"/><instruction code="OR T1882,T4130,0"/><instruction code="SETL T4131,8"/><instruction code="INCML T4131,0"/><instruction code="INCMH T4131,0"/><instruction code="INCH T4131,0"/><instruction code="OR T1883,T4131,0"/><instruction code="MUL T4132,T1882,T1883"/><instruction code="OR T1884,T4132,0"/><instruction code="ADD T4133,T1862,T1884"/><instruction code="OR T1885,T4133,0"/><instruction code="LDO T4134,T1885,0"/><instruction code="OR T1886,T4134,0"/><instruction code="BNZ T1886,L65"/><instruction code="L141"/><instruction code="JMP L66"/><instruction code="L65"/><instruction code="OR T1887,T24,0"/><instruction code="SETL T4136,96"/><instruction code="INCML T4136,0"/><instruction code="INCMH T4136,0"/><instruction code="INCH T4136,0"/><instruction code="NEG T4136,0,T4136"/><instruction code="OR T1888,T4136,0"/><instruction code="ADD T4137,T1887,T1888"/><instruction code="OR T1889,T4137,0"/><instruction code="SETL T4138,0"/><instruction code="INCML T4138,0"/><instruction code="INCMH T4138,0"/><instruction code="INCH T4138,0"/><instruction code="OR T1891,T4138,0"/><instruction code="STO T1891,T1889,0"/><instruction code="JMP L67"/><instruction code="L66"/><instruction code="OR T1892,T24,0"/><instruction code="SETL T4141,80"/><instruction code="INCML T4141,0"/><instruction code="INCMH T4141,0"/><instruction code="INCH T4141,0"/><instruction code="NEG T4141,0,T4141"/><instruction code="OR T1893,T4141,0"/><instruction code="ADD T4142,T1892,T1893"/><instruction code="OR T1894,T4142,0"/><instruction code="OR T1895,T24,0"/><instruction code="LDO T4143,T1895,0"/><instruction code="OR T1896,T4143,0"/><instruction code="SETL T4144,8"/><instruction code="INCML T4144,0"/><instruction code="INCMH T4144,0"/><instruction code="INCH T4144,0"/><instruction code="OR T1897,T4144,0"/><instruction code="ADD T4145,T1896,T1897"/><instruction code="OR T1898,T4145,0"/><instruction code="LDO T4146,T1898,0"/><instruction code="OR T1899,T4146,0"/><instruction code="OR T1900,T24,0"/><instruction code="SETL T4147,88"/><instruction code="INCML T4147,0"/><instruction code="INCMH T4147,0"/><instruction code="INCH T4147,0"/><instruction code="NEG T4147,0,T4147"/><instruction code="OR T1901,T4147,0"/><instruction code="ADD T4148,T1900,T1901"/><instruction code="OR T1902,T4148,0"/><instruction code="LDO T4149,T1902,0"/><instruction code="OR T1903,T4149,0"/><instruction code="SETL T4150,72"/><instruction code="INCML T4150,0"/><instruction code="INCMH T4150,0"/><instruction code="INCH T4150,0"/><instruction code="OR T1904,T4150,0"/><instruction code="MUL T4151,T1903,T1904"/><instruction code="OR T1905,T4151,0"/><instruction code="ADD T4152,T1899,T1905"/><instruction code="OR T1906,T4152,0"/><instruction code="OR T1907,T24,0"/><instruction code="SETL T4153,8"/><instruction code="INCML T4153,0"/><instruction code="INCMH T4153,0"/><instruction code="INCH T4153,0"/><instruction code="OR T1908,T4153,0"/><instruction code="ADD T4154,T1907,T1908"/><instruction code="OR T1909,T4154,0"/><instruction code="LDO T4155,T1909,0"/><instruction code="OR T1910,T4155,0"/><instruction code="SETL T4156,8"/><instruction code="INCML T4156,0"/><instruction code="INCMH T4156,0"/><instruction code="INCH T4156,0"/><instruction code="OR T1911,T4156,0"/><instruction code="MUL T4157,T1910,T1911"/><instruction code="OR T1912,T4157,0"/><instruction code="ADD T4158,T1906,T1912"/><instruction code="OR T1913,T4158,0"/><instruction code="LDO T4159,T1913,0"/><instruction code="OR T1914,T4159,0"/><instruction code="SETL T4160,8"/><instruction code="INCML T4160,0"/><instruction code="INCMH T4160,0"/><instruction code="INCH T4160,0"/><instruction code="OR T1915,T4160,0"/><instruction code="MUL T4161,T1914,T1915"/><instruction code="OR T1916,T4161,0"/><instruction code="ADD T4162,T1894,T1916"/><instruction code="OR T1917,T4162,0"/><instruction code="SETL T4163,1"/><instruction code="INCML T4163,0"/><instruction code="INCMH T4163,0"/><instruction code="INCH T4163,0"/><instruction code="OR T1919,T4163,0"/><instruction code="STO T1919,T1917,0"/><instruction code="L67"/><instruction code="L69"/><instruction code="OR T1920,T24,0"/><instruction code="SETL T4165,88"/><instruction code="INCML T4165,0"/><instruction code="INCMH T4165,0"/><instruction code="INCH T4165,0"/><instruction code="NEG T4165,0,T4165"/><instruction code="OR T1921,T4165,0"/><instruction code="ADD T4166,T1920,T1921"/><instruction code="OR T1922,T4166,0"/><instruction code="OR T1924,T24,0"/><instruction code="SETL T4167,88"/><instruction code="INCML T4167,0"/><instruction code="INCMH T4167,0"/><instruction code="INCH T4167,0"/><instruction code="NEG T4167,0,T4167"/><instruction code="OR T1925,T4167,0"/><instruction code="ADD T4168,T1924,T1925"/><instruction code="OR T1926,T4168,0"/><instruction code="LDO T4169,T1926,0"/><instruction code="OR T1927,T4169,0"/><instruction code="SETL T4170,1"/><instruction code="INCML T4170,0"/><instruction code="INCMH T4170,0"/><instruction code="INCH T4170,0"/><instruction code="OR T1928,T4170,0"/><instruction code="ADD T4171,T1927,T1928"/><instruction code="OR T1929,T4171,0"/><instruction code="STO T1929,T1922,0"/><instruction code="JMP L70"/><instruction code="L72"/><instruction code="OR T1930,T24,0"/><instruction code="SETL T4174,96"/><instruction code="INCML T4174,0"/><instruction code="INCMH T4174,0"/><instruction code="INCH T4174,0"/><instruction code="NEG T4174,0,T4174"/><instruction code="OR T1931,T4174,0"/><instruction code="ADD T4175,T1930,T1931"/><instruction code="OR T1932,T4175,0"/><instruction code="LDO T4176,T1932,0"/><instruction code="OR T1933,T4176,0"/><instruction code="OR T25,T1933,0"/><instruction code="JMP L143"/></instructions></code><code entrylabel="L149" exitlabel="L150" tempsize="0"><frame FP="T26" RV="T27" argssize="0" depth="2" label="L3" locssize="112" size="128"/><instructions><instruction code="L149"/><instruction code="OR T1934,T26,0"/><instruction code="SETL T4178,112"/><instruction code="INCML T4178,0"/><instruction code="INCMH T4178,0"/><instruction code="INCH T4178,0"/><instruction code="NEG T4178,0,T4178"/><instruction code="OR T1935,T4178,0"/><instruction code="ADD T4179,T1934,T1935"/><instruction code="OR T1936,T4179,0"/><instruction code="SETL T4180,1"/><instruction code="INCML T4180,0"/><instruction code="INCMH T4180,0"/><instruction code="INCH T4180,0"/><instruction code="OR T1938,T4180,0"/><instruction code="STO T1938,T1936,0"/><instruction code="OR T1939,T26,0"/><instruction code="SETL T4182,104"/><instruction code="INCML T4182,0"/><instruction code="INCMH T4182,0"/><instruction code="INCH T4182,0"/><instruction code="NEG T4182,0,T4182"/><instruction code="OR T1940,T4182,0"/><instruction code="ADD T4183,T1939,T1940"/><instruction code="OR T1941,T4183,0"/><instruction code="SETL T4184,1"/><instruction code="INCML T4184,0"/><instruction code="INCMH T4184,0"/><instruction code="INCH T4184,0"/><instruction code="OR T1943,T4184,0"/><instruction code="STO T1943,T1941,0"/><instruction code="L73"/><instruction code="OR T1944,T26,0"/><instruction code="SETL T4186,104"/><instruction code="INCML T4186,0"/><instruction code="INCMH T4186,0"/><instruction code="INCH T4186,0"/><instruction code="NEG T4186,0,T4186"/><instruction code="OR T1945,T4186,0"/><instruction code="ADD T4187,T1944,T1945"/><instruction code="OR T1946,T4187,0"/><instruction code="LDO T4188,T1946,0"/><instruction code="OR T1947,T4188,0"/><instruction code="SETL T4189,9"/><instruction code="INCML T4189,0"/><instruction code="INCMH T4189,0"/><instruction code="INCH T4189,0"/><instruction code="OR T1948,T4189,0"/><instruction code="CMP T4190,T1947,T1948"/><instruction code="ZSNP T4190,T4190,1"/><instruction code="OR T1949,T4190,0"/><instruction code="BNZ T1949,L74"/><instruction code="L144"/><instruction code="JMP L75"/><instruction code="L74"/><instruction code="OR T1950,T26,0"/><instruction code="SETL T4192,80"/><instruction code="INCML T4192,0"/><instruction code="INCMH T4192,0"/><instruction code="INCH T4192,0"/><instruction code="NEG T4192,0,T4192"/><instruction code="OR T1951,T4192,0"/><instruction code="ADD T4193,T1950,T1951"/><instruction code="OR T1952,T4193,0"/><instruction code="OR T1953,T26,0"/><instruction code="SETL T4194,104"/><instruction code="INCML T4194,0"/><instruction code="INCMH T4194,0"/><instruction code="INCH T4194,0"/><instruction code="NEG T4194,0,T4194"/><instruction code="OR T1954,T4194,0"/><instruction code="ADD T4195,T1953,T1954"/><instruction code="OR T1955,T4195,0"/><instruction code="LDO T4196,T1955,0"/><instruction code="OR T1956,T4196,0"/><instruction code="SETL T4197,8"/><instruction code="INCML T4197,0"/><instruction code="INCMH T4197,0"/><instruction code="INCH T4197,0"/><instruction code="OR T1957,T4197,0"/><instruction code="MUL T4198,T1956,T1957"/><instruction code="OR T1958,T4198,0"/><instruction code="ADD T4199,T1952,T1958"/><instruction code="OR T1959,T4199,0"/><instruction code="SETL T4200,0"/><instruction code="INCML T4200,0"/><instruction code="INCMH T4200,0"/><instruction code="INCH T4200,0"/><instruction code="OR T1961,T4200,0"/><instruction code="STO T1961,T1959,0"/><instruction code="OR T1962,T26,0"/><instruction code="SETL T4202,104"/><instruction code="INCML T4202,0"/><instruction code="INCMH T4202,0"/><instruction code="INCH T4202,0"/><instruction code="NEG T4202,0,T4202"/><instruction code="OR T1963,T4202,0"/><instruction code="ADD T4203,T1962,T1963"/><instruction code="OR T1964,T4203,0"/><instruction code="OR T1966,T26,0"/><instruction code="SETL T4204,104"/><instruction code="INCML T4204,0"/><instruction code="INCMH T4204,0"/><instruction code="INCH T4204,0"/><instruction code="NEG T4204,0,T4204"/><instruction code="OR T1967,T4204,0"/><instruction code="ADD T4205,T1966,T1967"/><instruction code="OR T1968,T4205,0"/><instruction code="LDO T4206,T1968,0"/><instruction code="OR T1969,T4206,0"/><instruction code="SETL T4207,1"/><instruction code="INCML T4207,0"/><instruction code="INCMH T4207,0"/><instruction code="INCH T4207,0"/><instruction code="OR T1970,T4207,0"/><instruction code="ADD T4208,T1969,T1970"/><instruction code="OR T1971,T4208,0"/><instruction code="STO T1971,T1964,0"/><instruction code="JMP L73"/><instruction code="L75"/><instruction code="OR T1972,T26,0"/><instruction code="SETL T4211,96"/><instruction code="INCML T4211,0"/><instruction code="INCMH T4211,0"/><instruction code="INCH T4211,0"/><instruction code="NEG T4211,0,T4211"/><instruction code="OR T1973,T4211,0"/><instruction code="ADD T4212,T1972,T1973"/><instruction code="OR T1974,T4212,0"/><instruction code="SETL T4213,0"/><instruction code="INCML T4213,0"/><instruction code="INCMH T4213,0"/><instruction code="INCH T4213,0"/><instruction code="OR T1976,T4213,0"/><instruction code="STO T1976,T1974,0"/><instruction code="L84"/><instruction code="OR T1977,T26,0"/><instruction code="SETL T4215,96"/><instruction code="INCML T4215,0"/><instruction code="INCMH T4215,0"/><instruction code="INCH T4215,0"/><instruction code="NEG T4215,0,T4215"/><instruction code="OR T1978,T4215,0"/><instruction code="ADD T4216,T1977,T1978"/><instruction code="OR T1979,T4216,0"/><instruction code="LDO T4217,T1979,0"/><instruction code="OR T1980,T4217,0"/><instruction code="SETL T4218,3"/><instruction code="INCML T4218,0"/><instruction code="INCMH T4218,0"/><instruction code="INCH T4218,0"/><instruction code="OR T1981,T4218,0"/><instruction code="CMP T4219,T1980,T1981"/><instruction code="ZSN T4219,T4219,1"/><instruction code="OR T1982,T4219,0"/><instruction code="BNZ T1982,L85"/><instruction code="L145"/><instruction code="JMP L86"/><instruction code="L85"/><instruction code="OR T1983,T26,0"/><instruction code="SETL T4221,88"/><instruction code="INCML T4221,0"/><instruction code="INCMH T4221,0"/><instruction code="INCH T4221,0"/><instruction code="NEG T4221,0,T4221"/><instruction code="OR T1984,T4221,0"/><instruction code="ADD T4222,T1983,T1984"/><instruction code="OR T1985,T4222,0"/><instruction code="SETL T4223,0"/><instruction code="INCML T4223,0"/><instruction code="INCMH T4223,0"/><instruction code="INCH T4223,0"/><instruction code="OR T1987,T4223,0"/><instruction code="STO T1987,T1985,0"/><instruction code="L81"/><instruction code="OR T1988,T26,0"/><instruction code="SETL T4225,88"/><instruction code="INCML T4225,0"/><instruction code="INCMH T4225,0"/><instruction code="INCH T4225,0"/><instruction code="NEG T4225,0,T4225"/><instruction code="OR T1989,T4225,0"/><instruction code="ADD T4226,T1988,T1989"/><instruction code="OR T1990,T4226,0"/><instruction code="LDO T4227,T1990,0"/><instruction code="OR T1991,T4227,0"/><instruction code="SETL T4228,3"/><instruction code="INCML T4228,0"/><instruction code="INCMH T4228,0"/><instruction code="INCH T4228,0"/><instruction code="OR T1992,T4228,0"/><instruction code="CMP T4229,T1991,T1992"/><instruction code="ZSN T4229,T4229,1"/><instruction code="OR T1993,T4229,0"/><instruction code="BNZ T1993,L82"/><instruction code="L146"/><instruction code="JMP L83"/><instruction code="L82"/><instruction code="OR T1994,T26,0"/><instruction code="LDO T4231,T1994,0"/><instruction code="OR T1995,T4231,0"/><instruction code="SETL T4232,8"/><instruction code="INCML T4232,0"/><instruction code="INCMH T4232,0"/><instruction code="INCH T4232,0"/><instruction code="OR T1996,T4232,0"/><instruction code="ADD T4233,T1995,T1996"/><instruction code="OR T1997,T4233,0"/><instruction code="LDO T4234,T1997,0"/><instruction code="OR T1998,T4234,0"/><instruction code="OR T1999,T26,0"/><instruction code="SETL T4235,16"/><instruction code="INCML T4235,0"/><instruction code="INCMH T4235,0"/><instruction code="INCH T4235,0"/><instruction code="OR T2000,T4235,0"/><instruction code="ADD T4236,T1999,T2000"/><instruction code="OR T2001,T4236,0"/><instruction code="LDO T4237,T2001,0"/><instruction code="OR T2002,T4237,0"/><instruction code="SETL T4238,3"/><instruction code="INCML T4238,0"/><instruction code="INCMH T4238,0"/><instruction code="INCH T4238,0"/><instruction code="OR T2003,T4238,0"/><instruction code="MUL T4239,T2002,T2003"/><instruction code="OR T2004,T4239,0"/><instruction code="OR T2005,T26,0"/><instruction code="SETL T4240,96"/><instruction code="INCML T4240,0"/><instruction code="INCMH T4240,0"/><instruction code="INCH T4240,0"/><instruction code="NEG T4240,0,T4240"/><instruction code="OR T2006,T4240,0"/><instruction code="ADD T4241,T2005,T2006"/><instruction code="OR T2007,T4241,0"/><instruction code="LDO T4242,T2007,0"/><instruction code="OR T2008,T4242,0"/><instruction code="ADD T4243,T2004,T2008"/><instruction code="OR T2009,T4243,0"/><instruction code="SETL T4244,72"/><instruction code="INCML T4244,0"/><instruction code="INCMH T4244,0"/><instruction code="INCH T4244,0"/><instruction code="OR T2010,T4244,0"/><instruction code="MUL T4245,T2009,T2010"/><instruction code="OR T2011,T4245,0"/><instruction code="ADD T4246,T1998,T2011"/><instruction code="OR T2012,T4246,0"/><instruction code="OR T2013,T26,0"/><instruction code="SETL T4247,8"/><instruction code="INCML T4247,0"/><instruction code="INCMH T4247,0"/><instruction code="INCH T4247,0"/><instruction code="OR T2014,T4247,0"/><instruction code="ADD T4248,T2013,T2014"/><instruction code="OR T2015,T4248,0"/><instruction code="LDO T4249,T2015,0"/><instruction code="OR T2016,T4249,0"/><instruction code="SETL T4250,3"/><instruction code="INCML T4250,0"/><instruction code="INCMH T4250,0"/><instruction code="INCH T4250,0"/><instruction code="OR T2017,T4250,0"/><instruction code="MUL T4251,T2016,T2017"/><instruction code="OR T2018,T4251,0"/><instruction code="OR T2019,T26,0"/><instruction code="SETL T4252,88"/><instruction code="INCML T4252,0"/><instruction code="INCMH T4252,0"/><instruction code="INCH T4252,0"/><instruction code="NEG T4252,0,T4252"/><instruction code="OR T2020,T4252,0"/><instruction code="ADD T4253,T2019,T2020"/><instruction code="OR T2021,T4253,0"/><instruction code="LDO T4254,T2021,0"/><instruction code="OR T2022,T4254,0"/><instruction code="ADD T4255,T2018,T2022"/><instruction code="OR T2023,T4255,0"/><instruction code="SETL T4256,8"/><instruction code="INCML T4256,0"/><instruction code="INCMH T4256,0"/><instruction code="INCH T4256,0"/><instruction code="OR T2024,T4256,0"/><instruction code="MUL T4257,T2023,T2024"/><instruction code="OR T2025,T4257,0"/><instruction code="ADD T4258,T2012,T2025"/><instruction code="OR T2026,T4258,0"/><instruction code="LDO T4259,T2026,0"/><instruction code="OR T2027,T4259,0"/><instruction code="SETL T4260,0"/><instruction code="INCML T4260,0"/><instruction code="INCMH T4260,0"/><instruction code="INCH T4260,0"/><instruction code="OR T2028,T4260,0"/><instruction code="CMP T4261,T2027,T2028"/><instruction code="ZSNZ T4261,T4261,1"/><instruction code="OR T2029,T4261,0"/><instruction code="BNZ T2029,L79"/><instruction code="L147"/><instruction code="JMP L80"/><instruction code="L79"/><instruction code="OR T2030,T26,0"/><instruction code="SETL T4263,80"/><instruction code="INCML T4263,0"/><instruction code="INCMH T4263,0"/><instruction code="INCH T4263,0"/><instruction code="NEG T4263,0,T4263"/><instruction code="OR T2031,T4263,0"/><instruction code="ADD T4264,T2030,T2031"/><instruction code="OR T2032,T4264,0"/><instruction code="OR T2033,T26,0"/><instruction code="LDO T4265,T2033,0"/><instruction code="OR T2034,T4265,0"/><instruction code="SETL T4266,8"/><instruction code="INCML T4266,0"/><instruction code="INCMH T4266,0"/><instruction code="INCH T4266,0"/><instruction code="OR T2035,T4266,0"/><instruction code="ADD T4267,T2034,T2035"/><instruction code="OR T2036,T4267,0"/><instruction code="LDO T4268,T2036,0"/><instruction code="OR T2037,T4268,0"/><instruction code="OR T2038,T26,0"/><instruction code="SETL T4269,16"/><instruction code="INCML T4269,0"/><instruction code="INCMH T4269,0"/><instruction code="INCH T4269,0"/><instruction code="OR T2039,T4269,0"/><instruction code="ADD T4270,T2038,T2039"/><instruction code="OR T2040,T4270,0"/><instruction code="LDO T4271,T2040,0"/><instruction code="OR T2041,T4271,0"/><instruction code="SETL T4272,3"/><instruction code="INCML T4272,0"/><instruction code="INCMH T4272,0"/><instruction code="INCH T4272,0"/><instruction code="OR T2042,T4272,0"/><instruction code="MUL T4273,T2041,T2042"/><instruction code="OR T2043,T4273,0"/><instruction code="OR T2044,T26,0"/><instruction code="SETL T4274,96"/><instruction code="INCML T4274,0"/><instruction code="INCMH T4274,0"/><instruction code="INCH T4274,0"/><instruction code="NEG T4274,0,T4274"/><instruction code="OR T2045,T4274,0"/><instruction code="ADD T4275,T2044,T2045"/><instruction code="OR T2046,T4275,0"/><instruction code="LDO T4276,T2046,0"/><instruction code="OR T2047,T4276,0"/><instruction code="ADD T4277,T2043,T2047"/><instruction code="OR T2048,T4277,0"/><instruction code="SETL T4278,72"/><instruction code="INCML T4278,0"/><instruction code="INCMH T4278,0"/><instruction code="INCH T4278,0"/><instruction code="OR T2049,T4278,0"/><instruction code="MUL T4279,T2048,T2049"/><instruction code="OR T2050,T4279,0"/><instruction code="ADD T4280,T2037,T2050"/><instruction code="OR T2051,T4280,0"/><instruction code="OR T2052,T26,0"/><instruction code="SETL T4281,8"/><instruction code="INCML T4281,0"/><instruction code="INCMH T4281,0"/><instruction code="INCH T4281,0"/><instruction code="OR T2053,T4281,0"/><instruction code="ADD T4282,T2052,T2053"/><instruction code="OR T2054,T4282,0"/><instruction code="LDO T4283,T2054,0"/><instruction code="OR T2055,T4283,0"/><instruction code="SETL T4284,3"/><instruction code="INCML T4284,0"/><instruction code="INCMH T4284,0"/><instruction code="INCH T4284,0"/><instruction code="OR T2056,T4284,0"/><instruction code="MUL T4285,T2055,T2056"/><instruction code="OR T2057,T4285,0"/><instruction code="OR T2058,T26,0"/><instruction code="SETL T4286,88"/><instruction code="INCML T4286,0"/><instruction code="INCMH T4286,0"/><instruction code="INCH T4286,0"/><instruction code="NEG T4286,0,T4286"/><instruction code="OR T2059,T4286,0"/><instruction code="ADD T4287,T2058,T2059"/><instruction code="OR T2060,T4287,0"/><instruction code="LDO T4288,T2060,0"/><instruction code="OR T2061,T4288,0"/><instruction code="ADD T4289,T2057,T2061"/><instruction code="OR T2062,T4289,0"/><instruction code="SETL T4290,8"/><instruction code="INCML T4290,0"/><instruction code="INCMH T4290,0"/><instruction code="INCH T4290,0"/><instruction code="OR T2063,T4290,0"/><instruction code="MUL T4291,T2062,T2063"/><instruction code="OR T2064,T4291,0"/><instruction code="ADD T4292,T2051,T2064"/><instruction code="OR T2065,T4292,0"/><instruction code="LDO T4293,T2065,0"/><instruction code="OR T2066,T4293,0"/><instruction code="SETL T4294,8"/><instruction code="INCML T4294,0"/><instruction code="INCMH T4294,0"/><instruction code="INCH T4294,0"/><instruction code="OR T2067,T4294,0"/><instruction code="MUL T4295,T2066,T2067"/><instruction code="OR T2068,T4295,0"/><instruction code="ADD T4296,T2032,T2068"/><instruction code="OR T2069,T4296,0"/><instruction code="LDO T4297,T2069,0"/><instruction code="OR T2070,T4297,0"/><instruction code="BNZ T2070,L76"/><instruction code="L148"/><instruction code="JMP L77"/><instruction code="L76"/><instruction code="OR T2071,T26,0"/><instruction code="SETL T4299,112"/><instruction code="INCML T4299,0"/><instruction code="INCMH T4299,0"/><instruction code="INCH T4299,0"/><instruction code="NEG T4299,0,T4299"/><instruction code="OR T2072,T4299,0"/><instruction code="ADD T4300,T2071,T2072"/><instruction code="OR T2073,T4300,0"/><instruction code="SETL T4301,0"/><instruction code="INCML T4301,0"/><instruction code="INCMH T4301,0"/><instruction code="INCH T4301,0"/><instruction code="OR T2075,T4301,0"/><instruction code="STO T2075,T2073,0"/><instruction code="JMP L78"/><instruction code="L77"/><instruction code="OR T2076,T26,0"/><instruction code="SETL T4304,80"/><instruction code="INCML T4304,0"/><instruction code="INCMH T4304,0"/><instruction code="INCH T4304,0"/><instruction code="NEG T4304,0,T4304"/><instruction code="OR T2077,T4304,0"/><instruction code="ADD T4305,T2076,T2077"/><instruction code="OR T2078,T4305,0"/><instruction code="OR T2079,T26,0"/><instruction code="LDO T4306,T2079,0"/><instruction code="OR T2080,T4306,0"/><instruction code="SETL T4307,8"/><instruction code="INCML T4307,0"/><instruction code="INCMH T4307,0"/><instruction code="INCH T4307,0"/><instruction code="OR T2081,T4307,0"/><instruction code="ADD T4308,T2080,T2081"/><instruction code="OR T2082,T4308,0"/><instruction code="LDO T4309,T2082,0"/><instruction code="OR T2083,T4309,0"/><instruction code="OR T2084,T26,0"/><instruction code="SETL T4310,16"/><instruction code="INCML T4310,0"/><instruction code="INCMH T4310,0"/><instruction code="INCH T4310,0"/><instruction code="OR T2085,T4310,0"/><instruction code="ADD T4311,T2084,T2085"/><instruction code="OR T2086,T4311,0"/><instruction code="LDO T4312,T2086,0"/><instruction code="OR T2087,T4312,0"/><instruction code="SETL T4313,3"/><instruction code="INCML T4313,0"/><instruction code="INCMH T4313,0"/><instruction code="INCH T4313,0"/><instruction code="OR T2088,T4313,0"/><instruction code="MUL T4314,T2087,T2088"/><instruction code="OR T2089,T4314,0"/><instruction code="OR T2090,T26,0"/><instruction code="SETL T4315,96"/><instruction code="INCML T4315,0"/><instruction code="INCMH T4315,0"/><instruction code="INCH T4315,0"/><instruction code="NEG T4315,0,T4315"/><instruction code="OR T2091,T4315,0"/><instruction code="ADD T4316,T2090,T2091"/><instruction code="OR T2092,T4316,0"/><instruction code="LDO T4317,T2092,0"/><instruction code="OR T2093,T4317,0"/><instruction code="ADD T4318,T2089,T2093"/><instruction code="OR T2094,T4318,0"/><instruction code="SETL T4319,72"/><instruction code="INCML T4319,0"/><instruction code="INCMH T4319,0"/><instruction code="INCH T4319,0"/><instruction code="OR T2095,T4319,0"/><instruction code="MUL T4320,T2094,T2095"/><instruction code="OR T2096,T4320,0"/><instruction code="ADD T4321,T2083,T2096"/><instruction code="OR T2097,T4321,0"/><instruction code="OR T2098,T26,0"/><instruction code="SETL T4322,8"/><instruction code="INCML T4322,0"/><instruction code="INCMH T4322,0"/><instruction code="INCH T4322,0"/><instruction code="OR T2099,T4322,0"/><instruction code="ADD T4323,T2098,T2099"/><instruction code="OR T2100,T4323,0"/><instruction code="LDO T4324,T2100,0"/><instruction code="OR T2101,T4324,0"/><instruction code="SETL T4325,3"/><instruction code="INCML T4325,0"/><instruction code="INCMH T4325,0"/><instruction code="INCH T4325,0"/><instruction code="OR T2102,T4325,0"/><instruction code="MUL T4326,T2101,T2102"/><instruction code="OR T2103,T4326,0"/><instruction code="OR T2104,T26,0"/><instruction code="SETL T4327,88"/><instruction code="INCML T4327,0"/><instruction code="INCMH T4327,0"/><instruction code="INCH T4327,0"/><instruction code="NEG T4327,0,T4327"/><instruction code="OR T2105,T4327,0"/><instruction code="ADD T4328,T2104,T2105"/><instruction code="OR T2106,T4328,0"/><instruction code="LDO T4329,T2106,0"/><instruction code="OR T2107,T4329,0"/><instruction code="ADD T4330,T2103,T2107"/><instruction code="OR T2108,T4330,0"/><instruction code="SETL T4331,8"/><instruction code="INCML T4331,0"/><instruction code="INCMH T4331,0"/><instruction code="INCH T4331,0"/><instruction code="OR T2109,T4331,0"/><instruction code="MUL T4332,T2108,T2109"/><instruction code="OR T2110,T4332,0"/><instruction code="ADD T4333,T2097,T2110"/><instruction code="OR T2111,T4333,0"/><instruction code="LDO T4334,T2111,0"/><instruction code="OR T2112,T4334,0"/><instruction code="SETL T4335,8"/><instruction code="INCML T4335,0"/><instruction code="INCMH T4335,0"/><instruction code="INCH T4335,0"/><instruction code="OR T2113,T4335,0"/><instruction code="MUL T4336,T2112,T2113"/><instruction code="OR T2114,T4336,0"/><instruction code="ADD T4337,T2078,T2114"/><instruction code="OR T2115,T4337,0"/><instruction code="SETL T4338,1"/><instruction code="INCML T4338,0"/><instruction code="INCMH T4338,0"/><instruction code="INCH T4338,0"/><instruction code="OR T2117,T4338,0"/><instruction code="STO T2117,T2115,0"/><instruction code="L78"/><instruction code="L80"/><instruction code="OR T2118,T26,0"/><instruction code="SETL T4340,88"/><instruction code="INCML T4340,0"/><instruction code="INCMH T4340,0"/><instruction code="INCH T4340,0"/><instruction code="NEG T4340,0,T4340"/><instruction code="OR T2119,T4340,0"/><instruction code="ADD T4341,T2118,T2119"/><instruction code="OR T2120,T4341,0"/><instruction code="OR T2122,T26,0"/><instruction code="SETL T4342,88"/><instruction code="INCML T4342,0"/><instruction code="INCMH T4342,0"/><instruction code="INCH T4342,0"/><instruction code="NEG T4342,0,T4342"/><instruction code="OR T2123,T4342,0"/><instruction code="ADD T4343,T2122,T2123"/><instruction code="OR T2124,T4343,0"/><instruction code="LDO T4344,T2124,0"/><instruction code="OR T2125,T4344,0"/><instruction code="SETL T4345,1"/><instruction code="INCML T4345,0"/><instruction code="INCMH T4345,0"/><instruction code="INCH T4345,0"/><instruction code="OR T2126,T4345,0"/><instruction code="ADD T4346,T2125,T2126"/><instruction code="OR T2127,T4346,0"/><instruction code="STO T2127,T2120,0"/><instruction code="JMP L81"/><instruction code="L83"/><instruction code="OR T2128,T26,0"/><instruction code="SETL T4349,96"/><instruction code="INCML T4349,0"/><instruction code="INCMH T4349,0"/><instruction code="INCH T4349,0"/><instruction code="NEG T4349,0,T4349"/><instruction code="OR T2129,T4349,0"/><instruction code="ADD T4350,T2128,T2129"/><instruction code="OR T2130,T4350,0"/><instruction code="OR T2132,T26,0"/><instruction code="SETL T4351,96"/><instruction code="INCML T4351,0"/><instruction code="INCMH T4351,0"/><instruction code="INCH T4351,0"/><instruction code="NEG T4351,0,T4351"/><instruction code="OR T2133,T4351,0"/><instruction code="ADD T4352,T2132,T2133"/><instruction code="OR T2134,T4352,0"/><instruction code="LDO T4353,T2134,0"/><instruction code="OR T2135,T4353,0"/><instruction code="SETL T4354,1"/><instruction code="INCML T4354,0"/><instruction code="INCMH T4354,0"/><instruction code="INCH T4354,0"/><instruction code="OR T2136,T4354,0"/><instruction code="ADD T4355,T2135,T2136"/><instruction code="OR T2137,T4355,0"/><instruction code="STO T2137,T2130,0"/><instruction code="JMP L84"/><instruction code="L86"/><instruction code="OR T2138,T26,0"/><instruction code="SETL T4358,112"/><instruction code="INCML T4358,0"/><instruction code="INCMH T4358,0"/><instruction code="INCH T4358,0"/><instruction code="NEG T4358,0,T4358"/><instruction code="OR T2139,T4358,0"/><instruction code="ADD T4359,T2138,T2139"/><instruction code="OR T2140,T4359,0"/><instruction code="LDO T4360,T2140,0"/><instruction code="OR T2141,T4360,0"/><instruction code="OR T27,T2141,0"/><instruction code="JMP L150"/></instructions></code><code entrylabel="L158" exitlabel="L159" tempsize="0"><frame FP="T28" RV="T29" argssize="24" depth="2" label="L4" locssize="32" size="72"/><instructions><instruction code="L158"/><instruction code="OR T2142,T28,0"/><instruction code="SETL T4362,8"/><instruction code="INCML T4362,0"/><instruction code="INCMH T4362,0"/><instruction code="INCH T4362,0"/><instruction code="OR T2143,T4362,0"/><instruction code="ADD T4363,T2142,T2143"/><instruction code="OR T2144,T4363,0"/><instruction code="LDO T4364,T2144,0"/><instruction code="OR T2145,T4364,0"/><instruction code="OR T2146,T28,0"/><instruction code="SETL T4365,16"/><instruction code="INCML T4365,0"/><instruction code="INCMH T4365,0"/><instruction code="INCH T4365,0"/><instruction code="OR T2147,T4365,0"/><instruction code="ADD T4366,T2146,T2147"/><instruction code="OR T2148,T4366,0"/><instruction code="LDO T4367,T2148,0"/><instruction code="OR T2149,T4367,0"/><instruction code="CMP T4368,T2145,T2149"/><instruction code="ZSZ T4368,T4368,1"/><instruction code="OR T2150,T4368,0"/><instruction code="BNZ T2150,L103"/><instruction code="L151"/><instruction code="JMP L104"/><instruction code="L103"/><instruction code="SETL T4370,1"/><instruction code="INCML T4370,0"/><instruction code="INCMH T4370,0"/><instruction code="INCH T4370,0"/><instruction code="OR T2151,T4370,0"/><instruction code="BNZ T2151,L93"/><instruction code="L152"/><instruction code="JMP L94"/><instruction code="L93"/><instruction code="OR T2152,T28,0"/><instruction code="SETL T4372,16"/><instruction code="INCML T4372,0"/><instruction code="INCMH T4372,0"/><instruction code="INCH T4372,0"/><instruction code="NEG T4372,0,T4372"/><instruction code="OR T2153,T4372,0"/><instruction code="ADD T4373,T2152,T2153"/><instruction code="OR T2154,T4373,0"/><instruction code="SETL T4374,0"/><instruction code="INCML T4374,0"/><instruction code="INCMH T4374,0"/><instruction code="INCH T4374,0"/><instruction code="OR T2156,T4374,0"/><instruction code="STO T2156,T2154,0"/><instruction code="L90"/><instruction code="OR T2157,T28,0"/><instruction code="SETL T4376,16"/><instruction code="INCML T4376,0"/><instruction code="INCMH T4376,0"/><instruction code="INCH T4376,0"/><instruction code="NEG T4376,0,T4376"/><instruction code="OR T2158,T4376,0"/><instruction code="ADD T4377,T2157,T2158"/><instruction code="OR T2159,T4377,0"/><instruction code="LDO T4378,T2159,0"/><instruction code="OR T2160,T4378,0"/><instruction code="SETL T4379,9"/><instruction code="INCML T4379,0"/><instruction code="INCMH T4379,0"/><instruction code="INCH T4379,0"/><instruction code="OR T2161,T4379,0"/><instruction code="CMP T4380,T2160,T2161"/><instruction code="ZSN T4380,T4380,1"/><instruction code="OR T2162,T4380,0"/><instruction code="BNZ T2162,L91"/><instruction code="L153"/><instruction code="JMP L92"/><instruction code="L91"/><instruction code="OR T2163,T28,0"/><instruction code="SETL T4382,24"/><instruction code="INCML T4382,0"/><instruction code="INCMH T4382,0"/><instruction code="INCH T4382,0"/><instruction code="NEG T4382,0,T4382"/><instruction code="OR T2164,T4382,0"/><instruction code="ADD T4383,T2163,T2164"/><instruction code="OR T2165,T4383,0"/><instruction code="SETL T4384,0"/><instruction code="INCML T4384,0"/><instruction code="INCMH T4384,0"/><instruction code="INCH T4384,0"/><instruction code="OR T2167,T4384,0"/><instruction code="STO T2167,T2165,0"/><instruction code="L87"/><instruction code="OR T2168,T28,0"/><instruction code="SETL T4386,24"/><instruction code="INCML T4386,0"/><instruction code="INCMH T4386,0"/><instruction code="INCH T4386,0"/><instruction code="NEG T4386,0,T4386"/><instruction code="OR T2169,T4386,0"/><instruction code="ADD T4387,T2168,T2169"/><instruction code="OR T2170,T4387,0"/><instruction code="LDO T4388,T2170,0"/><instruction code="OR T2171,T4388,0"/><instruction code="SETL T4389,9"/><instruction code="INCML T4389,0"/><instruction code="INCMH T4389,0"/><instruction code="INCH T4389,0"/><instruction code="OR T2172,T4389,0"/><instruction code="CMP T4390,T2171,T2172"/><instruction code="ZSN T4390,T4390,1"/><instruction code="OR T2173,T4390,0"/><instruction code="BNZ T2173,L88"/><instruction code="L154"/><instruction code="JMP L89"/><instruction code="L88"/><instruction code="SETL T4392,0"/><instruction code="INCML T4392,0"/><instruction code="INCMH T4392,0"/><instruction code="INCH T4392,0"/><instruction code="OR T2174,T4392,0"/><instruction code="OR T2175,T28,0"/><instruction code="LDO T4393,T2175,0"/><instruction code="OR T2176,T4393,0"/><instruction code="SETL T4394,8"/><instruction code="INCML T4394,0"/><instruction code="INCMH T4394,0"/><instruction code="INCH T4394,0"/><instruction code="OR T2177,T4394,0"/><instruction code="ADD T4395,T2176,T2177"/><instruction code="OR T2178,T4395,0"/><instruction code="LDO T4396,T2178,0"/><instruction code="OR T2179,T4396,0"/><instruction code="OR T2180,T28,0"/><instruction code="SETL T4397,16"/><instruction code="INCML T4397,0"/><instruction code="INCMH T4397,0"/><instruction code="INCH T4397,0"/><instruction code="NEG T4397,0,T4397"/><instruction code="OR T2181,T4397,0"/><instruction code="ADD T4398,T2180,T2181"/><instruction code="OR T2182,T4398,0"/><instruction code="LDO T4399,T2182,0"/><instruction code="OR T2183,T4399,0"/><instruction code="SETL T4400,72"/><instruction code="INCML T4400,0"/><instruction code="INCMH T4400,0"/><instruction code="INCH T4400,0"/><instruction code="OR T2184,T4400,0"/><instruction code="MUL T4401,T2183,T2184"/><instruction code="OR T2185,T4401,0"/><instruction code="ADD T4402,T2179,T2185"/><instruction code="OR T2186,T4402,0"/><instruction code="OR T2187,T28,0"/><instruction code="SETL T4403,24"/><instruction code="INCML T4403,0"/><instruction code="INCMH T4403,0"/><instruction code="INCH T4403,0"/><instruction code="NEG T4403,0,T4403"/><instruction code="OR T2188,T4403,0"/><instruction code="ADD T4404,T2187,T2188"/><instruction code="OR T2189,T4404,0"/><instruction code="LDO T4405,T2189,0"/><instruction code="OR T2190,T4405,0"/><instruction code="SETL T4406,8"/><instruction code="INCML T4406,0"/><instruction code="INCMH T4406,0"/><instruction code="INCH T4406,0"/><instruction code="OR T2191,T4406,0"/><instruction code="MUL T4407,T2190,T2191"/><instruction code="OR T2192,T4407,0"/><instruction code="ADD T4408,T2186,T2192"/><instruction code="OR T2193,T4408,0"/><instruction code="LDO T4409,T2193,0"/><instruction code="OR T2194,T4409,0"/><instruction code="STO T2174,$254,0"/><instruction code="STO T2194,$254,8"/><instruction code="PUSHJ $8,_putInt"/><instruction code="LDO T4411,$254,0"/><instruction code="OR T2195,T4411,0"/><instruction code="SETL T4412,0"/><instruction code="INCML T4412,0"/><instruction code="INCMH T4412,0"/><instruction code="INCH T4412,0"/><instruction code="OR T2196,T4412,0"/><instruction code="SETL T4413,32"/><instruction code="INCML T4413,0"/><instruction code="INCMH T4413,0"/><instruction code="INCH T4413,0"/><instruction code="OR T2197,T4413,0"/><instruction code="STO T2196,$254,0"/><instruction code="STO T2197,$254,8"/><instruction code="PUSHJ $8,_putChar"/><instruction code="LDO T4415,$254,0"/><instruction code="OR T2198,T4415,0"/><instruction code="OR T2199,T28,0"/><instruction code="SETL T4416,24"/><instruction code="INCML T4416,0"/><instruction code="INCMH T4416,0"/><instruction code="INCH T4416,0"/><instruction code="NEG T4416,0,T4416"/><instruction code="OR T2200,T4416,0"/><instruction code="ADD T4417,T2199,T2200"/><instruction code="OR T2201,T4417,0"/><instruction code="OR T2203,T28,0"/><instruction code="SETL T4418,24"/><instruction code="INCML T4418,0"/><instruction code="INCMH T4418,0"/><instruction code="INCH T4418,0"/><instruction code="NEG T4418,0,T4418"/><instruction code="OR T2204,T4418,0"/><instruction code="ADD T4419,T2203,T2204"/><instruction code="OR T2205,T4419,0"/><instruction code="LDO T4420,T2205,0"/><instruction code="OR T2206,T4420,0"/><instruction code="SETL T4421,1"/><instruction code="INCML T4421,0"/><instruction code="INCMH T4421,0"/><instruction code="INCH T4421,0"/><instruction code="OR T2207,T4421,0"/><instruction code="ADD T4422,T2206,T2207"/><instruction code="OR T2208,T4422,0"/><instruction code="STO T2208,T2201,0"/><instruction code="JMP L87"/><instruction code="L89"/><instruction code="SETL T4425,0"/><instruction code="INCML T4425,0"/><instruction code="INCMH T4425,0"/><instruction code="INCH T4425,0"/><instruction code="OR T2209,T4425,0"/><instruction code="SETL T4426,10"/><instruction code="INCML T4426,0"/><instruction code="INCMH T4426,0"/><instruction code="INCH T4426,0"/><instruction code="OR T2210,T4426,0"/><instruction code="SETL T4427,256"/><instruction code="INCML T4427,0"/><instruction code="INCMH T4427,0"/><instruction code="INCH T4427,0"/><instruction code="OR T2211,T4427,0"/><instruction code="DIV T4428,T2210,T2211"/><instruction code="GET T4428,rR"/><instruction code="OR T2212,T4428,0"/><instruction code="STO T2209,$254,0"/><instruction code="STO T2212,$254,8"/><instruction code="PUSHJ $8,_putChar"/><instruction code="LDO T4430,$254,0"/><instruction code="OR T2213,T4430,0"/><instruction code="OR T2214,T28,0"/><instruction code="SETL T4431,16"/><instruction code="INCML T4431,0"/><instruction code="INCMH T4431,0"/><instruction code="INCH T4431,0"/><instruction code="NEG T4431,0,T4431"/><instruction code="OR T2215,T4431,0"/><instruction code="ADD T4432,T2214,T2215"/><instruction code="OR T2216,T4432,0"/><instruction code="OR T2218,T28,0"/><instruction code="SETL T4433,16"/><instruction code="INCML T4433,0"/><instruction code="INCMH T4433,0"/><instruction code="INCH T4433,0"/><instruction code="NEG T4433,0,T4433"/><instruction code="OR T2219,T4433,0"/><instruction code="ADD T4434,T2218,T2219"/><instruction code="OR T2220,T4434,0"/><instruction code="LDO T4435,T2220,0"/><instruction code="OR T2221,T4435,0"/><instruction code="SETL T4436,1"/><instruction code="INCML T4436,0"/><instruction code="INCMH T4436,0"/><instruction code="INCH T4436,0"/><instruction code="OR T2222,T4436,0"/><instruction code="ADD T4437,T2221,T2222"/><instruction code="OR T2223,T4437,0"/><instruction code="STO T2223,T2216,0"/><instruction code="JMP L90"/><instruction code="L92"/><instruction code="SETL T4440,0"/><instruction code="INCML T4440,0"/><instruction code="INCMH T4440,0"/><instruction code="INCH T4440,0"/><instruction code="OR T2224,T4440,0"/><instruction code="SETL T4441,10"/><instruction code="INCML T4441,0"/><instruction code="INCMH T4441,0"/><instruction code="INCH T4441,0"/><instruction code="OR T2225,T4441,0"/><instruction code="SETL T4442,256"/><instruction code="INCML T4442,0"/><instruction code="INCMH T4442,0"/><instruction code="INCH T4442,0"/><instruction code="OR T2226,T4442,0"/><instruction code="DIV T4443,T2225,T2226"/><instruction code="GET T4443,rR"/><instruction code="OR T2227,T4443,0"/><instruction code="STO T2224,$254,0"/><instruction code="STO T2227,$254,8"/><instruction code="PUSHJ $8,_putChar"/><instruction code="LDO T4445,$254,0"/><instruction code="OR T2228,T4445,0"/><instruction code="L94"/><instruction code="SETL T4446,0"/><instruction code="INCML T4446,0"/><instruction code="INCMH T4446,0"/><instruction code="INCH T4446,0"/><instruction code="OR T2229,T4446,0"/><instruction code="OR T2230,T2229,0"/><instruction code="OR T2231,T28,0"/><instruction code="SETL T4447,8"/><instruction code="INCML T4447,0"/><instruction code="INCMH T4447,0"/><instruction code="INCH T4447,0"/><instruction code="NEG T4447,0,T4447"/><instruction code="OR T2232,T4447,0"/><instruction code="ADD T4448,T2231,T2232"/><instruction code="OR T2233,T4448,0"/><instruction code="SETL T4449,1"/><instruction code="INCML T4449,0"/><instruction code="INCMH T4449,0"/><instruction code="INCH T4449,0"/><instruction code="OR T2235,T4449,0"/><instruction code="STO T2235,T2233,0"/><instruction code="JMP L105"/><instruction code="L104"/><instruction code="OR T2236,T28,0"/><instruction code="LDO T4452,T2236,0"/><instruction code="OR T2237,T4452,0"/><instruction code="SETL T4453,8"/><instruction code="INCML T4453,0"/><instruction code="INCMH T4453,0"/><instruction code="INCH T4453,0"/><instruction code="NEG T4453,0,T4453"/><instruction code="OR T2238,T4453,0"/><instruction code="ADD T4454,T2237,T2238"/><instruction code="OR T2239,T4454,0"/><instruction code="LDO T4455,T2239,0"/><instruction code="OR T2240,T4455,0"/><instruction code="OR T2241,T28,0"/><instruction code="SETL T4456,8"/><instruction code="INCML T4456,0"/><instruction code="INCMH T4456,0"/><instruction code="INCH T4456,0"/><instruction code="OR T2242,T4456,0"/><instruction code="ADD T4457,T2241,T2242"/><instruction code="OR T2243,T4457,0"/><instruction code="LDO T4458,T2243,0"/><instruction code="OR T2244,T4458,0"/><instruction code="SETL T4459,8"/><instruction code="INCML T4459,0"/><instruction code="INCMH T4459,0"/><instruction code="INCH T4459,0"/><instruction code="OR T2245,T4459,0"/><instruction code="MUL T4460,T2244,T2245"/><instruction code="OR T2246,T4460,0"/><instruction code="ADD T4461,T2240,T2246"/><instruction code="OR T2247,T4461,0"/><instruction code="LDO T4462,T2247,0"/><instruction code="OR T2248,T4462,0"/><instruction code="SETL T4463,0"/><instruction code="INCML T4463,0"/><instruction code="INCMH T4463,0"/><instruction code="INCH T4463,0"/><instruction code="OR T2249,T4463,0"/><instruction code="CMP T4464,T2248,T2249"/><instruction code="ZSNZ T4464,T4464,1"/><instruction code="OR T2250,T4464,0"/><instruction code="BNZ T2250,L100"/><instruction code="L155"/><instruction code="JMP L101"/><instruction code="L100"/><instruction code="OR T2251,T28,0"/><instruction code="SETL T4466,8"/><instruction code="INCML T4466,0"/><instruction code="INCMH T4466,0"/><instruction code="INCH T4466,0"/><instruction code="NEG T4466,0,T4466"/><instruction code="OR T2252,T4466,0"/><instruction code="ADD T4467,T2251,T2252"/><instruction code="OR T2253,T4467,0"/><instruction code="LDO T4468,T28,0"/><instruction code="OR T2255,T4468,0"/><instruction code="OR T2256,T28,0"/><instruction code="SETL T4469,8"/><instruction code="INCML T4469,0"/><instruction code="INCMH T4469,0"/><instruction code="INCH T4469,0"/><instruction code="OR T2257,T4469,0"/><instruction code="ADD T4470,T2256,T2257"/><instruction code="OR T2258,T4470,0"/><instruction code="LDO T4471,T2258,0"/><instruction code="OR T2259,T4471,0"/><instruction code="SETL T4472,1"/><instruction code="INCML T4472,0"/><instruction code="INCMH T4472,0"/><instruction code="INCH T4472,0"/><instruction code="OR T2260,T4472,0"/><instruction code="ADD T4473,T2259,T2260"/><instruction code="OR T2261,T4473,0"/><instruction code="OR T2262,T28,0"/><instruction code="SETL T4474,16"/><instruction code="INCML T4474,0"/><instruction code="INCMH T4474,0"/><instruction code="INCH T4474,0"/><instruction code="OR T2263,T4474,0"/><instruction code="ADD T4475,T2262,T2263"/><instruction code="OR T2264,T4475,0"/><instruction code="LDO T4476,T2264,0"/><instruction code="OR T2265,T4476,0"/><instruction code="STO T2255,$254,0"/><instruction code="STO T2261,$254,8"/><instruction code="STO T2265,$254,16"/><instruction code="PUSHJ $8,L4"/><instruction code="LDO T4478,$254,0"/><instruction code="OR T2266,T4478,0"/><instruction code="STO T2266,T2253,0"/><instruction code="JMP L102"/><instruction code="L101"/><instruction code="OR T2267,T28,0"/><instruction code="SETL T4481,8"/><instruction code="INCML T4481,0"/><instruction code="INCMH T4481,0"/><instruction code="INCH T4481,0"/><instruction code="NEG T4481,0,T4481"/><instruction code="OR T2268,T4481,0"/><instruction code="ADD T4482,T2267,T2268"/><instruction code="OR T2269,T4482,0"/><instruction code="SETL T4483,0"/><instruction code="INCML T4483,0"/><instruction code="INCMH T4483,0"/><instruction code="INCH T4483,0"/><instruction code="OR T2271,T4483,0"/><instruction code="STO T2271,T2269,0"/><instruction code="OR T2272,T28,0"/><instruction code="SETL T4485,32"/><instruction code="INCML T4485,0"/><instruction code="INCMH T4485,0"/><instruction code="INCH T4485,0"/><instruction code="NEG T4485,0,T4485"/><instruction code="OR T2273,T4485,0"/><instruction code="ADD T4486,T2272,T2273"/><instruction code="OR T2274,T4486,0"/><instruction code="SETL T4487,1"/><instruction code="INCML T4487,0"/><instruction code="INCMH T4487,0"/><instruction code="INCH T4487,0"/><instruction code="OR T2276,T4487,0"/><instruction code="STO T2276,T2274,0"/><instruction code="L97"/><instruction code="OR T2277,T28,0"/><instruction code="SETL T4489,32"/><instruction code="INCML T4489,0"/><instruction code="INCMH T4489,0"/><instruction code="INCH T4489,0"/><instruction code="NEG T4489,0,T4489"/><instruction code="OR T2278,T4489,0"/><instruction code="ADD T4490,T2277,T2278"/><instruction code="OR T2279,T4490,0"/><instruction code="LDO T4491,T2279,0"/><instruction code="OR T2280,T4491,0"/><instruction code="SETL T4492,9"/><instruction code="INCML T4492,0"/><instruction code="INCMH T4492,0"/><instruction code="INCH T4492,0"/><instruction code="OR T2281,T4492,0"/><instruction code="CMP T4493,T2280,T2281"/><instruction code="ZSNP T4493,T4493,1"/><instruction code="OR T2282,T4493,0"/><instruction code="BNZ T2282,L98"/><instruction code="L156"/><instruction code="JMP L99"/><instruction code="L98"/><instruction code="OR T2283,T28,0"/><instruction code="LDO T4495,T2283,0"/><instruction code="OR T2284,T4495,0"/><instruction code="SETL T4496,8"/><instruction code="INCML T4496,0"/><instruction code="INCMH T4496,0"/><instruction code="INCH T4496,0"/><instruction code="NEG T4496,0,T4496"/><instruction code="OR T2285,T4496,0"/><instruction code="ADD T4497,T2284,T2285"/><instruction code="OR T2286,T4497,0"/><instruction code="LDO T4498,T2286,0"/><instruction code="OR T2287,T4498,0"/><instruction code="OR T2288,T28,0"/><instruction code="SETL T4499,8"/><instruction code="INCML T4499,0"/><instruction code="INCMH T4499,0"/><instruction code="INCH T4499,0"/><instruction code="OR T2289,T4499,0"/><instruction code="ADD T4500,T2288,T2289"/><instruction code="OR T2290,T4500,0"/><instruction code="LDO T4501,T2290,0"/><instruction code="OR T2291,T4501,0"/><instruction code="SETL T4502,8"/><instruction code="INCML T4502,0"/><instruction code="INCMH T4502,0"/><instruction code="INCH T4502,0"/><instruction code="OR T2292,T4502,0"/><instruction code="MUL T4503,T2291,T2292"/><instruction code="OR T2293,T4503,0"/><instruction code="ADD T4504,T2287,T2293"/><instruction code="OR T2294,T4504,0"/><instruction code="OR T2296,T28,0"/><instruction code="SETL T4505,32"/><instruction code="INCML T4505,0"/><instruction code="INCMH T4505,0"/><instruction code="INCH T4505,0"/><instruction code="NEG T4505,0,T4505"/><instruction code="OR T2297,T4505,0"/><instruction code="ADD T4506,T2296,T2297"/><instruction code="OR T2298,T4506,0"/><instruction code="LDO T4507,T2298,0"/><instruction code="OR T2299,T4507,0"/><instruction code="STO T2299,T2294,0"/><instruction code="LDO T4509,T28,0"/><instruction code="OR T2300,T4509,0"/><instruction code="OR T2301,T28,0"/><instruction code="SETL T4510,8"/><instruction code="INCML T4510,0"/><instruction code="INCMH T4510,0"/><instruction code="INCH T4510,0"/><instruction code="OR T2302,T4510,0"/><instruction code="ADD T4511,T2301,T2302"/><instruction code="OR T2303,T4511,0"/><instruction code="LDO T4512,T2303,0"/><instruction code="OR T2304,T4512,0"/><instruction code="SETL T4513,9"/><instruction code="INCML T4513,0"/><instruction code="INCMH T4513,0"/><instruction code="INCH T4513,0"/><instruction code="OR T2305,T4513,0"/><instruction code="DIV T4514,T2304,T2305"/><instruction code="OR T2306,T4514,0"/><instruction code="STO T2300,$254,0"/><instruction code="STO T2306,$254,8"/><instruction code="PUSHJ $8,L1"/><instruction code="LDO T4516,$254,0"/><instruction code="OR T2307,T4516,0"/><instruction code="LDO T4517,T28,0"/><instruction code="OR T2308,T4517,0"/><instruction code="OR T2309,T28,0"/><instruction code="SETL T4518,8"/><instruction code="INCML T4518,0"/><instruction code="INCMH T4518,0"/><instruction code="INCH T4518,0"/><instruction code="OR T2310,T4518,0"/><instruction code="ADD T4519,T2309,T2310"/><instruction code="OR T2311,T4519,0"/><instruction code="LDO T4520,T2311,0"/><instruction code="OR T2312,T4520,0"/><instruction code="SETL T4521,9"/><instruction code="INCML T4521,0"/><instruction code="INCMH T4521,0"/><instruction code="INCH T4521,0"/><instruction code="OR T2313,T4521,0"/><instruction code="DIV T4522,T2312,T2313"/><instruction code="GET T4522,rR"/><instruction code="OR T2314,T4522,0"/><instruction code="STO T2308,$254,0"/><instruction code="STO T2314,$254,8"/><instruction code="PUSHJ $8,L2"/><instruction code="LDO T4524,$254,0"/><instruction code="OR T2315,T4524,0"/><instruction code="AND T4525,T2307,T2315"/><instruction code="OR T2316,T4525,0"/><instruction code="LDO T4526,T28,0"/><instruction code="OR T2317,T4526,0"/><instruction code="OR T2318,T28,0"/><instruction code="SETL T4527,8"/><instruction code="INCML T4527,0"/><instruction code="INCMH T4527,0"/><instruction code="INCH T4527,0"/><instruction code="OR T2319,T4527,0"/><instruction code="ADD T4528,T2318,T2319"/><instruction code="OR T2320,T4528,0"/><instruction code="LDO T4529,T2320,0"/><instruction code="OR T2321,T4529,0"/><instruction code="SETL T4530,9"/><instruction code="INCML T4530,0"/><instruction code="INCMH T4530,0"/><instruction code="INCH T4530,0"/><instruction code="OR T2322,T4530,0"/><instruction code="DIV T4531,T2321,T2322"/><instruction code="OR T2323,T4531,0"/><instruction code="SETL T4532,3"/><instruction code="INCML T4532,0"/><instruction code="INCMH T4532,0"/><instruction code="INCH T4532,0"/><instruction code="OR T2324,T4532,0"/><instruction code="DIV T4533,T2323,T2324"/><instruction code="OR T2325,T4533,0"/><instruction code="OR T2326,T28,0"/><instruction code="SETL T4534,8"/><instruction code="INCML T4534,0"/><instruction code="INCMH T4534,0"/><instruction code="INCH T4534,0"/><instruction code="OR T2327,T4534,0"/><instruction code="ADD T4535,T2326,T2327"/><instruction code="OR T2328,T4535,0"/><instruction code="LDO T4536,T2328,0"/><instruction code="OR T2329,T4536,0"/><instruction code="SETL T4537,9"/><instruction code="INCML T4537,0"/><instruction code="INCMH T4537,0"/><instruction code="INCH T4537,0"/><instruction code="OR T2330,T4537,0"/><instruction code="DIV T4538,T2329,T2330"/><instruction code="GET T4538,rR"/><instruction code="OR T2331,T4538,0"/><instruction code="SETL T4539,3"/><instruction code="INCML T4539,0"/><instruction code="INCMH T4539,0"/><instruction code="INCH T4539,0"/><instruction code="OR T2332,T4539,0"/><instruction code="DIV T4540,T2331,T2332"/><instruction code="OR T2333,T4540,0"/><instruction code="STO T2317,$254,0"/><instruction code="STO T2325,$254,8"/><instruction code="STO T2333,$254,16"/><instruction code="PUSHJ $8,L3"/><instruction code="LDO T4542,$254,0"/><instruction code="OR T2334,T4542,0"/><instruction code="AND T4543,T2316,T2334"/><instruction code="OR T2335,T4543,0"/><instruction code="BNZ T2335,L95"/><instruction code="L157"/><instruction code="JMP L96"/><instruction code="L95"/><instruction code="OR T2336,T28,0"/><instruction code="SETL T4545,8"/><instruction code="INCML T4545,0"/><instruction code="INCMH T4545,0"/><instruction code="INCH T4545,0"/><instruction code="NEG T4545,0,T4545"/><instruction code="OR T2337,T4545,0"/><instruction code="ADD T4546,T2336,T2337"/><instruction code="OR T2338,T4546,0"/><instruction code="OR T2340,T28,0"/><instruction code="SETL T4547,8"/><instruction code="INCML T4547,0"/><instruction code="INCMH T4547,0"/><instruction code="INCH T4547,0"/><instruction code="NEG T4547,0,T4547"/><instruction code="OR T2341,T4547,0"/><instruction code="ADD T4548,T2340,T2341"/><instruction code="OR T2342,T4548,0"/><instruction code="LDO T4549,T2342,0"/><instruction code="OR T2343,T4549,0"/><instruction code="LDO T4550,T28,0"/><instruction code="OR T2344,T4550,0"/><instruction code="OR T2345,T28,0"/><instruction code="SETL T4551,8"/><instruction code="INCML T4551,0"/><instruction code="INCMH T4551,0"/><instruction code="INCH T4551,0"/><instruction code="OR T2346,T4551,0"/><instruction code="ADD T4552,T2345,T2346"/><instruction code="OR T2347,T4552,0"/><instruction code="LDO T4553,T2347,0"/><instruction code="OR T2348,T4553,0"/><instruction code="SETL T4554,1"/><instruction code="INCML T4554,0"/><instruction code="INCMH T4554,0"/><instruction code="INCH T4554,0"/><instruction code="OR T2349,T4554,0"/><instruction code="ADD T4555,T2348,T2349"/><instruction code="OR T2350,T4555,0"/><instruction code="OR T2351,T28,0"/><instruction code="SETL T4556,16"/><instruction code="INCML T4556,0"/><instruction code="INCMH T4556,0"/><instruction code="INCH T4556,0"/><instruction code="OR T2352,T4556,0"/><instruction code="ADD T4557,T2351,T2352"/><instruction code="OR T2353,T4557,0"/><instruction code="LDO T4558,T2353,0"/><instruction code="OR T2354,T4558,0"/><instruction code="STO T2344,$254,0"/><instruction code="STO T2350,$254,8"/><instruction code="STO T2354,$254,16"/><instruction code="PUSHJ $8,L4"/><instruction code="LDO T4560,$254,0"/><instruction code="OR T2355,T4560,0"/><instruction code="ADD T4561,T2343,T2355"/><instruction code="OR T2356,T4561,0"/><instruction code="STO T2356,T2338,0"/><instruction code="L96"/><instruction code="OR T2357,T28,0"/><instruction code="LDO T4563,T2357,0"/><instruction code="OR T2358,T4563,0"/><instruction code="SETL T4564,8"/><instruction code="INCML T4564,0"/><instruction code="INCMH T4564,0"/><instruction code="INCH T4564,0"/><instruction code="NEG T4564,0,T4564"/><instruction code="OR T2359,T4564,0"/><instruction code="ADD T4565,T2358,T2359"/><instruction code="OR T2360,T4565,0"/><instruction code="LDO T4566,T2360,0"/><instruction code="OR T2361,T4566,0"/><instruction code="OR T2362,T28,0"/><instruction code="SETL T4567,8"/><instruction code="INCML T4567,0"/><instruction code="INCMH T4567,0"/><instruction code="INCH T4567,0"/><instruction code="OR T2363,T4567,0"/><instruction code="ADD T4568,T2362,T2363"/><instruction code="OR T2364,T4568,0"/><instruction code="LDO T4569,T2364,0"/><instruction code="OR T2365,T4569,0"/><instruction code="SETL T4570,8"/><instruction code="INCML T4570,0"/><instruction code="INCMH T4570,0"/><instruction code="INCH T4570,0"/><instruction code="OR T2366,T4570,0"/><instruction code="MUL T4571,T2365,T2366"/><instruction code="OR T2367,T4571,0"/><instruction code="ADD T4572,T2361,T2367"/><instruction code="OR T2368,T4572,0"/><instruction code="SETL T4573,0"/><instruction code="INCML T4573,0"/><instruction code="INCMH T4573,0"/><instruction code="INCH T4573,0"/><instruction code="OR T2370,T4573,0"/><instruction code="STO T2370,T2368,0"/><instruction code="OR T2371,T28,0"/><instruction code="SETL T4575,32"/><instruction code="INCML T4575,0"/><instruction code="INCMH T4575,0"/><instruction code="INCH T4575,0"/><instruction code="NEG T4575,0,T4575"/><instruction code="OR T2372,T4575,0"/><instruction code="ADD T4576,T2371,T2372"/><instruction code="OR T2373,T4576,0"/><instruction code="OR T2375,T28,0"/><instruction code="SETL T4577,32"/><instruction code="INCML T4577,0"/><instruction code="INCMH T4577,0"/><instruction code="INCH T4577,0"/><instruction code="NEG T4577,0,T4577"/><instruction code="OR T2376,T4577,0"/><instruction code="ADD T4578,T2375,T2376"/><instruction code="OR T2377,T4578,0"/><instruction code="LDO T4579,T2377,0"/><instruction code="OR T2378,T4579,0"/><instruction code="SETL T4580,1"/><instruction code="INCML T4580,0"/><instruction code="INCMH T4580,0"/><instruction code="INCH T4580,0"/><instruction code="OR T2379,T4580,0"/><instruction code="ADD T4581,T2378,T2379"/><instruction code="OR T2380,T4581,0"/><instruction code="STO T2380,T2373,0"/><instruction code="JMP L97"/><instruction code="L99"/><instruction code="SETL T4584,0"/><instruction code="INCML T4584,0"/><instruction code="INCMH T4584,0"/><instruction code="INCH T4584,0"/><instruction code="OR T2381,T4584,0"/><instruction code="OR T2382,T2381,0"/><instruction code="L102"/><instruction code="L105"/><instruction code="OR T2383,T28,0"/><instruction code="SETL T4585,8"/><instruction code="INCML T4585,0"/><instruction code="INCMH T4585,0"/><instruction code="INCH T4585,0"/><instruction code="NEG T4585,0,T4585"/><instruction code="OR T2384,T4585,0"/><instruction code="ADD T4586,T2383,T2384"/><instruction code="OR T2385,T4586,0"/><instruction code="LDO T4587,T2385,0"/><instruction code="OR T2386,T4587,0"/><instruction code="OR T29,T2386,0"/><instruction code="JMP L159"/></instructions></code><code entrylabel="L160" exitlabel="L161" tempsize="0"><frame FP="T20" RV="T21" argssize="24" depth="1" label="_sudoku" locssize="8" size="48"/><instructions><instruction code="L160"/><instruction code="OR T2387,T20,0"/><instruction code="SETL T4589,8"/><instruction code="INCML T4589,0"/><instruction code="INCMH T4589,0"/><instruction code="INCH T4589,0"/><instruction code="NEG T4589,0,T4589"/><instruction code="OR T2388,T4589,0"/><instruction code="ADD T4590,T2387,T2388"/><instruction code="OR T2389,T4590,0"/><instruction code="OR T2391,T20,0"/><instruction code="SETL T4591,8"/><instruction code="INCML T4591,0"/><instruction code="INCMH T4591,0"/><instruction code="INCH T4591,0"/><instruction code="OR T2392,T4591,0"/><instruction code="ADD T4592,T2391,T2392"/><instruction code="OR T2393,T4592,0"/><instruction code="LDO T4593,T2393,0"/><instruction code="OR T2394,T4593,0"/><instruction code="STO T2394,T2389,0"/><instruction code="OR T2395,T20,0"/><instruction code="SETL T4595,0"/><instruction code="INCML T4595,0"/><instruction code="INCMH T4595,0"/><instruction code="INCH T4595,0"/><instruction code="OR T2396,T4595,0"/><instruction code="SETL T4596,81"/><instruction code="INCML T4596,0"/><instruction code="INCMH T4596,0"/><instruction code="INCH T4596,0"/><instruction code="OR T2397,T4596,0"/><instruction code="STO T2395,$254,0"/><instruction code="STO T2396,$254,8"/><instruction code="STO T2397,$254,16"/><instruction code="PUSHJ $8,L4"/><instruction code="LDO T4598,$254,0"/><instruction code="OR T2398,T4598,0"/><instruction code="OR T21,T2398,0"/><instruction code="JMP L161"/></instructions></code></asmgen>