<?xml version="1.0" encoding="UTF-8" standalone="no"?><?xml-stylesheet type="text/xsl" href="../../data/asmgen.xsl"?><asmgen><code entrylabel="L0" exitlabel="L1" tempsize="0"><frame FP="T0" RV="T1" argssize="0" depth="1" label="_main" locssize="0" size="16"/><instructions><instruction code="L0"/><instruction code="LDA T19,_pt"/><instruction code="OR T2,T19,0"/><instruction code="SETL T20,0"/><instruction code="INCML T20,0"/><instruction code="INCMH T20,0"/><instruction code="INCH T20,0"/><instruction code="OR T3,T20,0"/><instruction code="ADD T21,T2,T3"/><instruction code="OR T4,T21,0"/><instruction code="SETL T22,1"/><instruction code="INCML T22,0"/><instruction code="INCMH T22,0"/><instruction code="INCH T22,0"/><instruction code="OR T6,T22,0"/><instruction code="STO T6,T4,0"/><instruction code="LDA T24,_l"/><instruction code="OR T7,T24,0"/><instruction code="SETL T25,17"/><instruction code="INCML T25,0"/><instruction code="INCMH T25,0"/><instruction code="INCH T25,0"/><instruction code="OR T9,T25,0"/><instruction code="STO T9,T7,0"/><instruction code="LDA T27,_pt"/><instruction code="OR T10,T27,0"/><instruction code="SETL T28,0"/><instruction code="INCML T28,0"/><instruction code="INCMH T28,0"/><instruction code="INCH T28,0"/><instruction code="OR T11,T28,0"/><instruction code="ADD T29,T10,T11"/><instruction code="OR T12,T29,0"/><instruction code="LDO T30,T12,0"/><instruction code="OR T13,T30,0"/><instruction code="LDA T31,_l"/><instruction code="OR T14,T31,0"/><instruction code="LDO T32,T14,0"/><instruction code="OR T15,T32,0"/><instruction code="ADD T33,T13,T15"/><instruction code="OR T16,T33,0"/><instruction code="SETL T34,1"/><instruction code="INCML T34,0"/><instruction code="INCMH T34,0"/><instruction code="INCH T34,0"/><instruction code="OR T17,T34,0"/><instruction code="SUB T35,T16,T17"/><instruction code="OR T18,T35,0"/><instruction code="OR T1,T18,0"/><instruction code="JMP L1"/></instructions></code></asmgen>