<?xml version="1.0" encoding="UTF-8" standalone="no"?><?xml-stylesheet type="text/xsl" href="../../data/asmgen.xsl"?><asmgen><code entrylabel="L1" exitlabel="L2" tempsize="0"><frame FP="T0" RV="T1" argssize="16" depth="1" label="_f" locssize="40" size="72"/><instructions><instruction code="L1"/><instruction code="OR T4, T0, 0"/><instruction code="SETL  T60, 32"/><instruction code="INCML T60, 0"/><instruction code="INCMH T60, 0"/><instruction code="INCH  T60, 0"/><instruction code="NEG T60, 0, T60"/><instruction code="OR T5, T60, 0"/><instruction code="ADD T61, T4, T5"/><instruction code="OR T6, T61, 0"/><instruction code="SETL  T62, 8"/><instruction code="INCML T62, 0"/><instruction code="INCMH T62, 0"/><instruction code="INCH  T62, 0"/><instruction code="OR T7, T62, 0"/><instruction code="ADD T63, T6, T7"/><instruction code="OR T8, T63, 0"/><instruction code="OR T9, T8, 0"/><instruction code="SETL  T65, 5"/><instruction code="INCML T65, 0"/><instruction code="INCMH T65, 0"/><instruction code="INCH  T65, 0"/><instruction code="OR T10, T65, 0"/><instruction code="SETL  T66, 55"/><instruction code="INCML T66, 0"/><instruction code="INCMH T66, 0"/><instruction code="INCH  T66, 0"/><instruction code="OR T11, T66, 0"/><instruction code="SETL  T67, 55"/><instruction code="INCML T67, 0"/><instruction code="INCMH T67, 0"/><instruction code="INCH  T67, 0"/><instruction code="OR T12, T67, 0"/><instruction code="NEG T68, 0, T12"/><instruction code="OR T13, T68, 0"/><instruction code="SETL  T69, 55"/><instruction code="INCML T69, 0"/><instruction code="INCMH T69, 0"/><instruction code="INCH  T69, 0"/><instruction code="OR T14, T69, 0"/><instruction code="NEG T70, 0, T14"/><instruction code="OR T15, T70, 0"/><instruction code="SETL  T71, 55"/><instruction code="INCML T71, 0"/><instruction code="INCMH T71, 0"/><instruction code="INCH  T71, 0"/><instruction code="OR T16, T71, 0"/><instruction code="ADD T72, T15, T16"/><instruction code="OR T17, T72, 0"/><instruction code="SETL  T73, 17"/><instruction code="INCML T73, 0"/><instruction code="INCMH T73, 0"/><instruction code="INCH  T73, 0"/><instruction code="OR T18, T73, 0"/><instruction code="NEG T74, 0, T18"/><instruction code="OR T19, T74, 0"/><instruction code="LDA T75, _vr"/><instruction code="OR T20, T75, 0"/><instruction code="LDA T76, _zzz"/><instruction code="OR T21, T76, 0"/><instruction code="OR T22, T21, 0"/><instruction code="OR T23, T0, 0"/><instruction code="SETL  T78, 8"/><instruction code="INCML T78, 0"/><instruction code="INCMH T78, 0"/><instruction code="INCH  T78, 0"/><instruction code="NEG T78, 0, T78"/><instruction code="OR T24, T78, 0"/><instruction code="ADD T79, T23, T24"/><instruction code="OR T25, T79, 0"/><instruction code="OR T26, T0, 0"/><instruction code="SETL  T80, 24"/><instruction code="INCML T80, 0"/><instruction code="INCMH T80, 0"/><instruction code="INCH  T80, 0"/><instruction code="OR T27, T80, 0"/><instruction code="STO T26, $254, 8"/><instruction code="STO T27, $254, 16"/><instruction code="LDA T81, __new"/><instruction code="PUSHJ $16, T81, 0"/><instruction code="LDO T82, $254, 0"/><instruction code="OR T28, T82, 0"/><instruction code="SETL  T83, 40"/><instruction code="INCML T83, 0"/><instruction code="INCMH T83, 0"/><instruction code="INCH  T83, 0"/><instruction code="NEG T83, 0, T83"/><instruction code="ADD T84, T0, T83"/><instruction code="STO T84, T28, 0"/><instruction code="LDA T86, L0"/><instruction code="OR T29, T86, 0"/><instruction code="OR T30, T0, 0"/><instruction code="SETL  T87, 32"/><instruction code="INCML T87, 0"/><instruction code="INCMH T87, 0"/><instruction code="INCH  T87, 0"/><instruction code="NEG T87, 0, T87"/><instruction code="OR T31, T87, 0"/><instruction code="ADD T88, T30, T31"/><instruction code="OR T32, T88, 0"/><instruction code="SETL  T89, 0"/><instruction code="INCML T89, 0"/><instruction code="INCMH T89, 0"/><instruction code="INCH  T89, 0"/><instruction code="OR T33, T89, 0"/><instruction code="ADD T90, T32, T33"/><instruction code="OR T34, T90, 0"/><instruction code="OR T35, T34, 0"/><instruction code="OR T36, T0, 0"/><instruction code="SETL  T92, 32"/><instruction code="INCML T92, 0"/><instruction code="INCMH T92, 0"/><instruction code="INCH  T92, 0"/><instruction code="NEG T92, 0, T92"/><instruction code="OR T37, T92, 0"/><instruction code="ADD T93, T36, T37"/><instruction code="OR T38, T93, 0"/><instruction code="SETL  T94, 8"/><instruction code="INCML T94, 0"/><instruction code="INCMH T94, 0"/><instruction code="INCH  T94, 0"/><instruction code="OR T39, T94, 0"/><instruction code="ADD T95, T38, T39"/><instruction code="OR T40, T95, 0"/><instruction code="OR T41, T40, 0"/><instruction code="OR T42, T0, 0"/><instruction code="SETL  T97, 32"/><instruction code="INCML T97, 0"/><instruction code="INCMH T97, 0"/><instruction code="INCH  T97, 0"/><instruction code="NEG T97, 0, T97"/><instruction code="OR T43, T97, 0"/><instruction code="ADD T98, T42, T43"/><instruction code="OR T44, T98, 0"/><instruction code="SETL  T99, 16"/><instruction code="INCML T99, 0"/><instruction code="INCMH T99, 0"/><instruction code="INCH  T99, 0"/><instruction code="OR T45, T99, 0"/><instruction code="ADD T100, T44, T45"/><instruction code="OR T46, T100, 0"/><instruction code="OR T47, T46, 0"/><instruction code="MUL T102, T41, T47"/><instruction code="OR T48, T102, 0"/><instruction code="OR T49, T0, 0"/><instruction code="SETL  T103, 32"/><instruction code="INCML T103, 0"/><instruction code="INCMH T103, 0"/><instruction code="INCH  T103, 0"/><instruction code="NEG T103, 0, T103"/><instruction code="OR T50, T103, 0"/><instruction code="ADD T104, T49, T50"/><instruction code="OR T51, T104, 0"/><instruction code="SETL  T105, 0"/><instruction code="INCML T105, 0"/><instruction code="INCMH T105, 0"/><instruction code="INCH  T105, 0"/><instruction code="OR T52, T105, 0"/><instruction code="ADD T106, T51, T52"/><instruction code="OR T53, T106, 0"/><instruction code="OR T54, T53, 0"/><instruction code="DIV T108, T48, T54"/><instruction code="OR T108, rR, 0"/><instruction code="OR T55, T108, 0"/><instruction code="ADD T109, T35, T55"/><instruction code="OR T56, T109, 0"/><instruction code="SETL  T110, 8"/><instruction code="INCML T110, 0"/><instruction code="INCMH T110, 0"/><instruction code="INCH  T110, 0"/><instruction code="NEG T110, 0, T110"/><instruction code="ADD T111, T0, T110"/><instruction code="STO T111, T56, 0"/><instruction code="SETL  T113, 0"/><instruction code="INCML T113, 0"/><instruction code="INCMH T113, 0"/><instruction code="INCH  T113, 0"/><instruction code="OR T57, T113, 0"/><instruction code="OR T1, T57, 0"/><instruction code="LDA T114, L2"/><instruction code="GO T114, T114, 0"/></instructions></code><code entrylabel="L3" exitlabel="L4" tempsize="0"><frame FP="T2" RV="T3" argssize="0" depth="1" label="_main" locssize="0" size="16"/><instructions><instruction code="L3"/><instruction code="SETL  T115, 1"/><instruction code="INCML T115, 0"/><instruction code="INCMH T115, 0"/><instruction code="INCH  T115, 0"/><instruction code="OR T58, T115, 0"/><instruction code="SETL  T116, 0"/><instruction code="INCML T116, 0"/><instruction code="INCMH T116, 0"/><instruction code="INCH  T116, 0"/><instruction code="OR T59, T116, 0"/><instruction code="OR T3, T59, 0"/><instruction code="LDA T117, L4"/><instruction code="GO T117, T117, 0"/></instructions></code></asmgen>