<?xml version="1.0" encoding="UTF-8" standalone="no"?><?xml-stylesheet type="text/xsl" href="../../data/asmgen.xsl"?><asmgen><code entrylabel="L12" exitlabel="L13" tempsize="0"><frame FP="T2" RV="T3" argssize="16" depth="1" label="_putInt" locssize="0" size="32"/><instructions><instruction code="L12"/><instruction code="OR T8,T2,0"/><instruction code="SETL T118,8"/><instruction code="INCML T118,0"/><instruction code="INCMH T118,0"/><instruction code="INCH T118,0"/><instruction code="OR T9,T118,0"/><instruction code="ADD T119,T8,T9"/><instruction code="OR T10,T119,0"/><instruction code="LDO T120,T10,0"/><instruction code="OR T11,T120,0"/><instruction code="SETL T121,0"/><instruction code="INCML T121,0"/><instruction code="INCMH T121,0"/><instruction code="INCH T121,0"/><instruction code="OR T12,T121,0"/><instruction code="CMP T122,T11,T12"/><instruction code="ZSZ T122,T122,1"/><instruction code="OR T13,T122,0"/><instruction code="BNZ T13,L6"/><instruction code="L9"/><instruction code="JMP L7"/><instruction code="L6"/><instruction code="SETL T124,0"/><instruction code="INCML T124,0"/><instruction code="INCMH T124,0"/><instruction code="INCH T124,0"/><instruction code="OR T14,T124,0"/><instruction code="SETL T125,48"/><instruction code="INCML T125,0"/><instruction code="INCMH T125,0"/><instruction code="INCH T125,0"/><instruction code="OR T15,T125,0"/><instruction code="STO T14,$254,0"/><instruction code="STO T15,$254,8"/><instruction code="PUSHJ $8,_putChar"/><instruction code="LDO T127,$254,0"/><instruction code="OR T16,T127,0"/><instruction code="JMP L8"/><instruction code="L7"/><instruction code="OR T17,T2,0"/><instruction code="SETL T129,8"/><instruction code="INCML T129,0"/><instruction code="INCMH T129,0"/><instruction code="INCH T129,0"/><instruction code="OR T18,T129,0"/><instruction code="ADD T130,T17,T18"/><instruction code="OR T19,T130,0"/><instruction code="LDO T131,T19,0"/><instruction code="OR T20,T131,0"/><instruction code="SETL T132,0"/><instruction code="INCML T132,0"/><instruction code="INCMH T132,0"/><instruction code="INCH T132,0"/><instruction code="OR T21,T132,0"/><instruction code="CMP T133,T20,T21"/><instruction code="ZSN T133,T133,1"/><instruction code="OR T22,T133,0"/><instruction code="BNZ T22,L3"/><instruction code="L10"/><instruction code="JMP L4"/><instruction code="L3"/><instruction code="SETL T135,0"/><instruction code="INCML T135,0"/><instruction code="INCMH T135,0"/><instruction code="INCH T135,0"/><instruction code="OR T23,T135,0"/><instruction code="SETL T136,45"/><instruction code="INCML T136,0"/><instruction code="INCMH T136,0"/><instruction code="INCH T136,0"/><instruction code="OR T24,T136,0"/><instruction code="STO T23,$254,0"/><instruction code="STO T24,$254,8"/><instruction code="PUSHJ $8,_putChar"/><instruction code="LDO T138,$254,0"/><instruction code="OR T25,T138,0"/><instruction code="SETL T139,0"/><instruction code="INCML T139,0"/><instruction code="INCMH T139,0"/><instruction code="INCH T139,0"/><instruction code="OR T26,T139,0"/><instruction code="OR T27,T2,0"/><instruction code="SETL T140,8"/><instruction code="INCML T140,0"/><instruction code="INCMH T140,0"/><instruction code="INCH T140,0"/><instruction code="OR T28,T140,0"/><instruction code="ADD T141,T27,T28"/><instruction code="OR T29,T141,0"/><instruction code="LDO T142,T29,0"/><instruction code="OR T30,T142,0"/><instruction code="NEG T143,0,T30"/><instruction code="OR T31,T143,0"/><instruction code="STO T26,$254,0"/><instruction code="STO T31,$254,8"/><instruction code="PUSHJ $8,_putInt"/><instruction code="LDO T145,$254,0"/><instruction code="OR T32,T145,0"/><instruction code="JMP L5"/><instruction code="L4"/><instruction code="OR T33,T2,0"/><instruction code="SETL T147,8"/><instruction code="INCML T147,0"/><instruction code="INCMH T147,0"/><instruction code="INCH T147,0"/><instruction code="OR T34,T147,0"/><instruction code="ADD T148,T33,T34"/><instruction code="OR T35,T148,0"/><instruction code="LDO T149,T35,0"/><instruction code="OR T36,T149,0"/><instruction code="SETL T150,10"/><instruction code="INCML T150,0"/><instruction code="INCMH T150,0"/><instruction code="INCH T150,0"/><instruction code="OR T37,T150,0"/><instruction code="CMP T151,T36,T37"/><instruction code="ZSN T151,T151,1"/><instruction code="OR T38,T151,0"/><instruction code="BNZ T38,L0"/><instruction code="L11"/><instruction code="JMP L1"/><instruction code="L0"/><instruction code="SETL T153,0"/><instruction code="INCML T153,0"/><instruction code="INCMH T153,0"/><instruction code="INCH T153,0"/><instruction code="OR T39,T153,0"/><instruction code="OR T40,T2,0"/><instruction code="SETL T154,8"/><instruction code="INCML T154,0"/><instruction code="INCMH T154,0"/><instruction code="INCH T154,0"/><instruction code="OR T41,T154,0"/><instruction code="ADD T155,T40,T41"/><instruction code="OR T42,T155,0"/><instruction code="LDO T156,T42,0"/><instruction code="OR T43,T156,0"/><instruction code="SETL T157,48"/><instruction code="INCML T157,0"/><instruction code="INCMH T157,0"/><instruction code="INCH T157,0"/><instruction code="OR T44,T157,0"/><instruction code="ADD T158,T43,T44"/><instruction code="OR T45,T158,0"/><instruction code="SETL T159,256"/><instruction code="INCML T159,0"/><instruction code="INCMH T159,0"/><instruction code="INCH T159,0"/><instruction code="OR T46,T159,0"/><instruction code="DIV T160,T45,T46"/><instruction code="GET T160,rR"/><instruction code="OR T47,T160,0"/><instruction code="STO T39,$254,0"/><instruction code="STO T47,$254,8"/><instruction code="PUSHJ $8,_putChar"/><instruction code="LDO T162,$254,0"/><instruction code="OR T48,T162,0"/><instruction code="JMP L2"/><instruction code="L1"/><instruction code="SETL T164,0"/><instruction code="INCML T164,0"/><instruction code="INCMH T164,0"/><instruction code="INCH T164,0"/><instruction code="OR T49,T164,0"/><instruction code="OR T50,T2,0"/><instruction code="SETL T165,8"/><instruction code="INCML T165,0"/><instruction code="INCMH T165,0"/><instruction code="INCH T165,0"/><instruction code="OR T51,T165,0"/><instruction code="ADD T166,T50,T51"/><instruction code="OR T52,T166,0"/><instruction code="LDO T167,T52,0"/><instruction code="OR T53,T167,0"/><instruction code="SETL T168,10"/><instruction code="INCML T168,0"/><instruction code="INCMH T168,0"/><instruction code="INCH T168,0"/><instruction code="OR T54,T168,0"/><instruction code="DIV T169,T53,T54"/><instruction code="OR T55,T169,0"/><instruction code="STO T49,$254,0"/><instruction code="STO T55,$254,8"/><instruction code="PUSHJ $8,_putInt"/><instruction code="LDO T171,$254,0"/><instruction code="OR T56,T171,0"/><instruction code="SETL T172,0"/><instruction code="INCML T172,0"/><instruction code="INCMH T172,0"/><instruction code="INCH T172,0"/><instruction code="OR T57,T172,0"/><instruction code="OR T58,T2,0"/><instruction code="SETL T173,8"/><instruction code="INCML T173,0"/><instruction code="INCMH T173,0"/><instruction code="INCH T173,0"/><instruction code="OR T59,T173,0"/><instruction code="ADD T174,T58,T59"/><instruction code="OR T60,T174,0"/><instruction code="LDO T175,T60,0"/><instruction code="OR T61,T175,0"/><instruction code="SETL T176,10"/><instruction code="INCML T176,0"/><instruction code="INCMH T176,0"/><instruction code="INCH T176,0"/><instruction code="OR T62,T176,0"/><instruction code="DIV T177,T61,T62"/><instruction code="GET T177,rR"/><instruction code="OR T63,T177,0"/><instruction code="SETL T178,48"/><instruction code="INCML T178,0"/><instruction code="INCMH T178,0"/><instruction code="INCH T178,0"/><instruction code="OR T64,T178,0"/><instruction code="ADD T179,T63,T64"/><instruction code="OR T65,T179,0"/><instruction code="SETL T180,256"/><instruction code="INCML T180,0"/><instruction code="INCMH T180,0"/><instruction code="INCH T180,0"/><instruction code="OR T66,T180,0"/><instruction code="DIV T181,T65,T66"/><instruction code="GET T181,rR"/><instruction code="OR T67,T181,0"/><instruction code="STO T57,$254,0"/><instruction code="STO T67,$254,8"/><instruction code="PUSHJ $8,_putChar"/><instruction code="LDO T183,$254,0"/><instruction code="OR T68,T183,0"/><instruction code="L2"/><instruction code="L5"/><instruction code="L8"/><instruction code="SETL T184,0"/><instruction code="INCML T184,0"/><instruction code="INCMH T184,0"/><instruction code="INCH T184,0"/><instruction code="OR T69,T184,0"/><instruction code="OR T3,T69,0"/><instruction code="JMP L13"/></instructions></code><code entrylabel="L14" exitlabel="L15" tempsize="0"><frame FP="T4" RV="T5" argssize="0" depth="1" label="_g" locssize="0" size="16"/><instructions><instruction code="L14"/><instruction code="SETL T186,17"/><instruction code="INCML T186,0"/><instruction code="INCMH T186,0"/><instruction code="INCH T186,0"/><instruction code="OR T5,T186,0"/><instruction code="JMP L15"/></instructions></code><code entrylabel="L16" exitlabel="L17" tempsize="0"><frame FP="T6" RV="T7" argssize="16" depth="1" label="_main" locssize="8" size="40"/><instructions><instruction code="L16"/><instruction code="SETL T188,0"/><instruction code="INCML T188,0"/><instruction code="INCMH T188,0"/><instruction code="INCH T188,0"/><instruction code="OR T70,T188,0"/><instruction code="SETL T189,99"/><instruction code="INCML T189,0"/><instruction code="INCMH T189,0"/><instruction code="INCH T189,0"/><instruction code="OR T71,T189,0"/><instruction code="STO T70,$254,0"/><instruction code="STO T71,$254,8"/><instruction code="PUSHJ $8,_putChar"/><instruction code="LDO T191,$254,0"/><instruction code="OR T72,T191,0"/><instruction code="SETL T192,0"/><instruction code="INCML T192,0"/><instruction code="INCMH T192,0"/><instruction code="INCH T192,0"/><instruction code="OR T73,T192,0"/><instruction code="SETL T193,10"/><instruction code="INCML T193,0"/><instruction code="INCMH T193,0"/><instruction code="INCH T193,0"/><instruction code="OR T74,T193,0"/><instruction code="SETL T194,256"/><instruction code="INCML T194,0"/><instruction code="INCMH T194,0"/><instruction code="INCH T194,0"/><instruction code="OR T75,T194,0"/><instruction code="DIV T195,T74,T75"/><instruction code="GET T195,rR"/><instruction code="OR T76,T195,0"/><instruction code="STO T73,$254,0"/><instruction code="STO T76,$254,8"/><instruction code="PUSHJ $8,_putChar"/><instruction code="LDO T197,$254,0"/><instruction code="OR T77,T197,0"/><instruction code="SETL T198,0"/><instruction code="INCML T198,0"/><instruction code="INCMH T198,0"/><instruction code="INCH T198,0"/><instruction code="OR T78,T198,0"/><instruction code="SETL T199,123"/><instruction code="INCML T199,0"/><instruction code="INCMH T199,0"/><instruction code="INCH T199,0"/><instruction code="OR T79,T199,0"/><instruction code="STO T78,$254,0"/><instruction code="STO T79,$254,8"/><instruction code="PUSHJ $8,_putInt"/><instruction code="LDO T201,$254,0"/><instruction code="OR T80,T201,0"/><instruction code="SETL T202,0"/><instruction code="INCML T202,0"/><instruction code="INCMH T202,0"/><instruction code="INCH T202,0"/><instruction code="OR T81,T202,0"/><instruction code="SETL T203,10"/><instruction code="INCML T203,0"/><instruction code="INCMH T203,0"/><instruction code="INCH T203,0"/><instruction code="OR T82,T203,0"/><instruction code="SETL T204,256"/><instruction code="INCML T204,0"/><instruction code="INCMH T204,0"/><instruction code="INCH T204,0"/><instruction code="OR T83,T204,0"/><instruction code="DIV T205,T82,T83"/><instruction code="GET T205,rR"/><instruction code="OR T84,T205,0"/><instruction code="STO T81,$254,0"/><instruction code="STO T84,$254,8"/><instruction code="PUSHJ $8,_putChar"/><instruction code="LDO T207,$254,0"/><instruction code="OR T85,T207,0"/><instruction code="SETL T208,0"/><instruction code="INCML T208,0"/><instruction code="INCMH T208,0"/><instruction code="INCH T208,0"/><instruction code="OR T86,T208,0"/><instruction code="SETL T209,0"/><instruction code="INCML T209,0"/><instruction code="INCMH T209,0"/><instruction code="INCH T209,0"/><instruction code="OR T87,T209,0"/><instruction code="STO T87,$254,0"/><instruction code="PUSHJ $8,_g"/><instruction code="LDO T211,$254,0"/><instruction code="OR T88,T211,0"/><instruction code="NEG T212,0,T88"/><instruction code="OR T89,T212,0"/><instruction code="STO T86,$254,0"/><instruction code="STO T89,$254,8"/><instruction code="PUSHJ $8,_putInt"/><instruction code="LDO T214,$254,0"/><instruction code="OR T90,T214,0"/><instruction code="SETL T215,0"/><instruction code="INCML T215,0"/><instruction code="INCMH T215,0"/><instruction code="INCH T215,0"/><instruction code="OR T91,T215,0"/><instruction code="SETL T216,10"/><instruction code="INCML T216,0"/><instruction code="INCMH T216,0"/><instruction code="INCH T216,0"/><instruction code="OR T92,T216,0"/><instruction code="SETL T217,256"/><instruction code="INCML T217,0"/><instruction code="INCMH T217,0"/><instruction code="INCH T217,0"/><instruction code="OR T93,T217,0"/><instruction code="DIV T218,T92,T93"/><instruction code="GET T218,rR"/><instruction code="OR T94,T218,0"/><instruction code="STO T91,$254,0"/><instruction code="STO T94,$254,8"/><instruction code="PUSHJ $8,_putChar"/><instruction code="LDO T220,$254,0"/><instruction code="OR T95,T220,0"/><instruction code="OR T96,T6,0"/><instruction code="SETL T221,8"/><instruction code="INCML T221,0"/><instruction code="INCMH T221,0"/><instruction code="INCH T221,0"/><instruction code="NEG T221,0,T221"/><instruction code="OR T97,T221,0"/><instruction code="ADD T222,T96,T97"/><instruction code="OR T98,T222,0"/><instruction code="SETL T223,0"/><instruction code="INCML T223,0"/><instruction code="INCMH T223,0"/><instruction code="INCH T223,0"/><instruction code="OR T100,T223,0"/><instruction code="SETL T224,8"/><instruction code="INCML T224,0"/><instruction code="INCMH T224,0"/><instruction code="INCH T224,0"/><instruction code="OR T101,T224,0"/><instruction code="STO T100,$254,0"/><instruction code="STO T101,$254,8"/><instruction code="PUSHJ $8,_new"/><instruction code="LDO T226,$254,0"/><instruction code="OR T102,T226,0"/><instruction code="STO T102,T98,0"/><instruction code="OR T103,T6,0"/><instruction code="SETL T228,8"/><instruction code="INCML T228,0"/><instruction code="INCMH T228,0"/><instruction code="INCH T228,0"/><instruction code="NEG T228,0,T228"/><instruction code="OR T104,T228,0"/><instruction code="ADD T229,T103,T104"/><instruction code="OR T105,T229,0"/><instruction code="LDO T230,T105,0"/><instruction code="OR T106,T230,0"/><instruction code="LDO T231,T106,0"/><instruction code="OR T107,T231,0"/><instruction code="SETL T232,51"/><instruction code="INCML T232,0"/><instruction code="INCMH T232,0"/><instruction code="INCH T232,0"/><instruction code="OR T109,T232,0"/><instruction code="STO T109,T107,0"/><instruction code="SETL T234,0"/><instruction code="INCML T234,0"/><instruction code="INCMH T234,0"/><instruction code="INCH T234,0"/><instruction code="OR T110,T234,0"/><instruction code="OR T111,T6,0"/><instruction code="SETL T235,8"/><instruction code="INCML T235,0"/><instruction code="INCMH T235,0"/><instruction code="INCH T235,0"/><instruction code="NEG T235,0,T235"/><instruction code="OR T112,T235,0"/><instruction code="ADD T236,T111,T112"/><instruction code="OR T113,T236,0"/><instruction code="LDO T237,T113,0"/><instruction code="OR T114,T237,0"/><instruction code="LDO T238,T114,0"/><instruction code="OR T115,T238,0"/><instruction code="STO T110,$254,0"/><instruction code="STO T115,$254,8"/><instruction code="PUSHJ $8,_putInt"/><instruction code="LDO T240,$254,0"/><instruction code="OR T116,T240,0"/><instruction code="SETL T241,0"/><instruction code="INCML T241,0"/><instruction code="INCMH T241,0"/><instruction code="INCH T241,0"/><instruction code="OR T117,T241,0"/><instruction code="OR T7,T117,0"/><instruction code="JMP L17"/></instructions></code></asmgen>