<?xml version="1.0" encoding="UTF-8" standalone="no"?><?xml-stylesheet type="text/xsl" href="../../data/asmgen.xsl"?><asmgen><code entrylabel="L1" exitlabel="L2" tempsize="0"><frame FP="T0" RV="T1" argssize="16" depth="1" label="_f" locssize="40" size="72"/><instructions><instruction code="L1"/><instruction code="OR T4, T0, 0"/><instruction code="SETL  T62, 32"/><instruction code="INCML T62, 0"/><instruction code="INCMH T62, 0"/><instruction code="INCH  T62, 0"/><instruction code="NEG T62, 0, T62"/><instruction code="OR T5, T62, 0"/><instruction code="ADD T63, T4, T5"/><instruction code="OR T6, T63, 0"/><instruction code="SETL  T64, 8"/><instruction code="INCML T64, 0"/><instruction code="INCMH T64, 0"/><instruction code="INCH  T64, 0"/><instruction code="OR T7, T64, 0"/><instruction code="ADD T65, T6, T7"/><instruction code="OR T8, T65, 0"/><instruction code="LDO T67, T66, 0"/><instruction code="OR T9, T67, 0"/><instruction code="SETL  T68, 5"/><instruction code="INCML T68, 0"/><instruction code="INCMH T68, 0"/><instruction code="INCH  T68, 0"/><instruction code="OR T10, T68, 0"/><instruction code="SETL  T69, 55"/><instruction code="INCML T69, 0"/><instruction code="INCMH T69, 0"/><instruction code="INCH  T69, 0"/><instruction code="OR T11, T69, 0"/><instruction code="SETL  T70, 55"/><instruction code="INCML T70, 0"/><instruction code="INCMH T70, 0"/><instruction code="INCH  T70, 0"/><instruction code="OR T12, T70, 0"/><instruction code="NEG T71, 0, T12"/><instruction code="OR T13, T71, 0"/><instruction code="SETL  T72, 55"/><instruction code="INCML T72, 0"/><instruction code="INCMH T72, 0"/><instruction code="INCH  T72, 0"/><instruction code="OR T14, T72, 0"/><instruction code="NEG T73, 0, T14"/><instruction code="OR T15, T73, 0"/><instruction code="SETL  T74, 55"/><instruction code="INCML T74, 0"/><instruction code="INCMH T74, 0"/><instruction code="INCH  T74, 0"/><instruction code="OR T16, T74, 0"/><instruction code="ADD T75, T15, T16"/><instruction code="OR T17, T75, 0"/><instruction code="SETL  T76, 17"/><instruction code="INCML T76, 0"/><instruction code="INCMH T76, 0"/><instruction code="INCH  T76, 0"/><instruction code="OR T18, T76, 0"/><instruction code="NEG T77, 0, T18"/><instruction code="OR T19, T77, 0"/><instruction code="LDA T78, _vr"/><instruction code="OR T20, T78, 0"/><instruction code="LDA T79, _zzz"/><instruction code="OR T21, T79, 0"/><instruction code="LDO T81, T80, 0"/><instruction code="OR T22, T81, 0"/><instruction code="OR T23, T0, 0"/><instruction code="SETL  T82, 8"/><instruction code="INCML T82, 0"/><instruction code="INCMH T82, 0"/><instruction code="INCH  T82, 0"/><instruction code="NEG T82, 0, T82"/><instruction code="OR T24, T82, 0"/><instruction code="ADD T83, T23, T24"/><instruction code="OR T25, T83, 0"/><instruction code="OR T26, T0, 0"/><instruction code="SETL  T84, 24"/><instruction code="INCML T84, 0"/><instruction code="INCMH T84, 0"/><instruction code="INCH  T84, 0"/><instruction code="OR T27, T84, 0"/><instruction code="STO T26, $254, 8"/><instruction code="STO T27, $254, 16"/><instruction code="LDA T85, __new"/><instruction code="PUSHJ $15, T85, 0"/><instruction code="OR T28, T86, 0"/><instruction code="LDO T90, T89, 0"/><instruction code="STO T90, T28, 0"/><instruction code="LDA T91, L0"/><instruction code="OR T29, T91, 0"/><instruction code="OR T30, T0, 0"/><instruction code="SETL  T92, 32"/><instruction code="INCML T92, 0"/><instruction code="INCMH T92, 0"/><instruction code="INCH  T92, 0"/><instruction code="NEG T92, 0, T92"/><instruction code="OR T31, T92, 0"/><instruction code="ADD T93, T30, T31"/><instruction code="OR T32, T93, 0"/><instruction code="SETL  T94, 0"/><instruction code="INCML T94, 0"/><instruction code="INCMH T94, 0"/><instruction code="INCH  T94, 0"/><instruction code="OR T33, T94, 0"/><instruction code="ADD T95, T32, T33"/><instruction code="OR T34, T95, 0"/><instruction code="LDO T97, T96, 0"/><instruction code="OR T35, T97, 0"/><instruction code="OR T36, T0, 0"/><instruction code="SETL  T98, 32"/><instruction code="INCML T98, 0"/><instruction code="INCMH T98, 0"/><instruction code="INCH  T98, 0"/><instruction code="NEG T98, 0, T98"/><instruction code="OR T37, T98, 0"/><instruction code="ADD T99, T36, T37"/><instruction code="OR T38, T99, 0"/><instruction code="SETL  T100, 8"/><instruction code="INCML T100, 0"/><instruction code="INCMH T100, 0"/><instruction code="INCH  T100, 0"/><instruction code="OR T39, T100, 0"/><instruction code="ADD T101, T38, T39"/><instruction code="OR T40, T101, 0"/><instruction code="LDO T103, T102, 0"/><instruction code="OR T41, T103, 0"/><instruction code="OR T42, T0, 0"/><instruction code="SETL  T104, 32"/><instruction code="INCML T104, 0"/><instruction code="INCMH T104, 0"/><instruction code="INCH  T104, 0"/><instruction code="NEG T104, 0, T104"/><instruction code="OR T43, T104, 0"/><instruction code="ADD T105, T42, T43"/><instruction code="OR T44, T105, 0"/><instruction code="SETL  T106, 16"/><instruction code="INCML T106, 0"/><instruction code="INCMH T106, 0"/><instruction code="INCH  T106, 0"/><instruction code="OR T45, T106, 0"/><instruction code="ADD T107, T44, T45"/><instruction code="OR T46, T107, 0"/><instruction code="LDO T109, T108, 0"/><instruction code="OR T47, T109, 0"/><instruction code="MUL T110, T41, T47"/><instruction code="OR T48, T110, 0"/><instruction code="OR T49, T0, 0"/><instruction code="SETL  T111, 32"/><instruction code="INCML T111, 0"/><instruction code="INCMH T111, 0"/><instruction code="INCH  T111, 0"/><instruction code="NEG T111, 0, T111"/><instruction code="OR T50, T111, 0"/><instruction code="ADD T112, T49, T50"/><instruction code="OR T51, T112, 0"/><instruction code="SETL  T113, 0"/><instruction code="INCML T113, 0"/><instruction code="INCMH T113, 0"/><instruction code="INCH  T113, 0"/><instruction code="OR T52, T113, 0"/><instruction code="ADD T114, T51, T52"/><instruction code="OR T53, T114, 0"/><instruction code="LDO T116, T115, 0"/><instruction code="OR T54, T116, 0"/><instruction code="DIV T117, T48, T54"/><instruction code="OR T117, rR, 0"/><instruction code="OR T55, T117, 0"/><instruction code="ADD T118, T35, T55"/><instruction code="OR T56, T118, 0"/><instruction code="LDO T122, T121, 0"/><instruction code="STO T122, T56, 0"/><instruction code="SETL  T123, 0"/><instruction code="INCML T123, 0"/><instruction code="INCMH T123, 0"/><instruction code="INCH  T123, 0"/><instruction code="OR T57, T123, 0"/><instruction code="OR T1, T57, 0"/><instruction code="LDA T124, L2"/><instruction code="GO T124, T124, 0"/></instructions></code><code entrylabel="L3" exitlabel="L4" tempsize="0"><frame FP="T2" RV="T3" argssize="0" depth="1" label="_main" locssize="0" size="16"/><instructions><instruction code="L3"/><instruction code="SETL  T125, 1"/><instruction code="INCML T125, 0"/><instruction code="INCMH T125, 0"/><instruction code="INCH  T125, 0"/><instruction code="OR T58, T125, 0"/><instruction code="SETL  T126, 0"/><instruction code="INCML T126, 0"/><instruction code="INCMH T126, 0"/><instruction code="INCH  T126, 0"/><instruction code="OR T59, T126, 0"/><instruction code="OR T3, T59, 0"/><instruction code="LDA T127, L4"/><instruction code="GO T127, T127, 0"/></instructions></code></asmgen>