<?xml version="1.0" encoding="UTF-8" standalone="no"?><?xml-stylesheet type="text/xsl" href="../../data/asmgen.xsl"?><asmgen><code entrylabel="L17" exitlabel="L18" tempsize="0"><frame FP="T0" RV="T1" argssize="0" depth="1" label="_x" locssize="88" size="104"/><instructions><instruction code="L17"/><instruction code="SETL T262,1"/><instruction code="INCML T262,0"/><instruction code="INCMH T262,0"/><instruction code="INCH T262,0"/><instruction code="OR T20,T262,0"/><instruction code="OR T21,T0,0"/><instruction code="SETL T263,8"/><instruction code="INCML T263,0"/><instruction code="INCMH T263,0"/><instruction code="INCH T263,0"/><instruction code="NEG T263,0,T263"/><instruction code="OR T22,T263,0"/><instruction code="ADD T264,T21,T22"/><instruction code="OR T23,T264,0"/><instruction code="LDO T265,T23,0"/><instruction code="OR T24,T265,0"/><instruction code="OR T25,T24,0"/><instruction code="SETL T266,1"/><instruction code="INCML T266,0"/><instruction code="INCMH T266,0"/><instruction code="INCH T266,0"/><instruction code="OR T26,T266,0"/><instruction code="SETL T267,99"/><instruction code="INCML T267,0"/><instruction code="INCMH T267,0"/><instruction code="INCH T267,0"/><instruction code="OR T27,T267,0"/><instruction code="OR T28,T27,0"/><instruction code="ADD T268,T25,T28"/><instruction code="OR T29,T268,0"/><instruction code="SETL T269,256"/><instruction code="INCML T269,0"/><instruction code="INCMH T269,0"/><instruction code="INCH T269,0"/><instruction code="OR T30,T269,0"/><instruction code="DIV T270,T29,T30"/><instruction code="GET T270,rR"/><instruction code="OR T1,T270,0"/><instruction code="JMP L18"/></instructions></code><code entrylabel="L19" exitlabel="L20" tempsize="0"><frame FP="T2" RV="T3" argssize="0" depth="1" label="_g" locssize="0" size="16"/><instructions><instruction code="L19"/><instruction code="SETL T272,1"/><instruction code="INCML T272,0"/><instruction code="INCMH T272,0"/><instruction code="INCH T272,0"/><instruction code="OR T31,T272,0"/><instruction code="SETL T273,0"/><instruction code="INCML T273,0"/><instruction code="INCMH T273,0"/><instruction code="INCH T273,0"/><instruction code="OR T32,T273,0"/><instruction code="OR T3,T32,0"/><instruction code="JMP L20"/></instructions></code><code entrylabel="L21" exitlabel="L22" tempsize="0"><frame FP="T6" RV="T7" argssize="0" depth="1" label="_main" locssize="0" size="16"/><instructions><instruction code="L21"/><instruction code="SETL T275,1"/><instruction code="INCML T275,0"/><instruction code="INCMH T275,0"/><instruction code="INCH T275,0"/><instruction code="OR T33,T275,0"/><instruction code="SETL T276,0"/><instruction code="INCML T276,0"/><instruction code="INCMH T276,0"/><instruction code="INCH T276,0"/><instruction code="OR T34,T276,0"/><instruction code="OR T7,T34,0"/><instruction code="JMP L22"/></instructions></code><code entrylabel="L23" exitlabel="L24" tempsize="0"><frame FP="T14" RV="T15" argssize="0" depth="3" label="L1" locssize="80" size="96"/><instructions><instruction code="L23"/><instruction code="SETL T278,1"/><instruction code="INCML T278,0"/><instruction code="INCMH T278,0"/><instruction code="INCH T278,0"/><instruction code="OR T35,T278,0"/><instruction code="OR T36,T14,0"/><instruction code="LDO T279,T36,0"/><instruction code="OR T37,T279,0"/><instruction code="LDO T280,T37,0"/><instruction code="OR T38,T280,0"/><instruction code="SETL T281,16"/><instruction code="INCML T281,0"/><instruction code="INCMH T281,0"/><instruction code="INCH T281,0"/><instruction code="NEG T281,0,T281"/><instruction code="OR T39,T281,0"/><instruction code="ADD T282,T38,T39"/><instruction code="OR T40,T282,0"/><instruction code="OR T42,T14,0"/><instruction code="LDO T283,T42,0"/><instruction code="OR T43,T283,0"/><instruction code="LDO T284,T43,0"/><instruction code="OR T44,T284,0"/><instruction code="SETL T285,16"/><instruction code="INCML T285,0"/><instruction code="INCMH T285,0"/><instruction code="INCH T285,0"/><instruction code="NEG T285,0,T285"/><instruction code="OR T45,T285,0"/><instruction code="ADD T286,T44,T45"/><instruction code="OR T46,T286,0"/><instruction code="LDO T287,T46,0"/><instruction code="OR T47,T287,0"/><instruction code="SETL T288,1"/><instruction code="INCML T288,0"/><instruction code="INCMH T288,0"/><instruction code="INCH T288,0"/><instruction code="OR T48,T288,0"/><instruction code="ADD T289,T47,T48"/><instruction code="OR T49,T289,0"/><instruction code="STO T49,T40,0"/><instruction code="OR T50,T14,0"/><instruction code="SETL T291,80"/><instruction code="INCML T291,0"/><instruction code="INCMH T291,0"/><instruction code="INCH T291,0"/><instruction code="NEG T291,0,T291"/><instruction code="OR T51,T291,0"/><instruction code="ADD T292,T50,T51"/><instruction code="OR T52,T292,0"/><instruction code="SETL T293,17"/><instruction code="INCML T293,0"/><instruction code="INCMH T293,0"/><instruction code="INCH T293,0"/><instruction code="OR T53,T293,0"/><instruction code="SETL T294,8"/><instruction code="INCML T294,0"/><instruction code="INCMH T294,0"/><instruction code="INCH T294,0"/><instruction code="OR T54,T294,0"/><instruction code="MUL T295,T53,T54"/><instruction code="OR T55,T295,0"/><instruction code="ADD T296,T52,T55"/><instruction code="OR T56,T296,0"/><instruction code="LDO T297,T56,0"/><instruction code="OR T57,T297,0"/><instruction code="OR T15,T57,0"/><instruction code="JMP L24"/></instructions></code><code entrylabel="L25" exitlabel="L26" tempsize="0"><frame FP="T16" RV="T17" argssize="0" depth="3" label="L2" locssize="0" size="16"/><instructions><instruction code="L25"/><instruction code="SETL T299,1"/><instruction code="INCML T299,0"/><instruction code="INCMH T299,0"/><instruction code="INCH T299,0"/><instruction code="OR T17,T299,0"/><instruction code="JMP L26"/></instructions></code><code entrylabel="L27" exitlabel="L28" tempsize="0"><frame FP="T12" RV="T13" argssize="32" depth="2" label="L0" locssize="16" size="64"/><instructions><instruction code="L27"/><instruction code="SETL T301,0"/><instruction code="INCML T301,0"/><instruction code="INCMH T301,0"/><instruction code="INCH T301,0"/><instruction code="OR T58,T301,0"/><instruction code="SETL T302,1"/><instruction code="INCML T302,0"/><instruction code="INCMH T302,0"/><instruction code="INCH T302,0"/><instruction code="OR T59,T302,0"/><instruction code="LDA T303,_global"/><instruction code="OR T60,T303,0"/><instruction code="SETL T304,8"/><instruction code="INCML T304,0"/><instruction code="INCMH T304,0"/><instruction code="INCH T304,0"/><instruction code="OR T61,T304,0"/><instruction code="ADD T305,T60,T61"/><instruction code="OR T62,T305,0"/><instruction code="LDO T306,T62,0"/><instruction code="OR T63,T306,0"/><instruction code="SETL T307,1"/><instruction code="INCML T307,0"/><instruction code="INCMH T307,0"/><instruction code="INCH T307,0"/><instruction code="OR T64,T307,0"/><instruction code="STO T58,$254,0"/><instruction code="STO T59,$254,8"/><instruction code="STO T63,$254,16"/><instruction code="STO T64,$254,24"/><instruction code="PUSHJ $8,_h"/><instruction code="LDO T309,$254,0"/><instruction code="OR T65,T309,0"/><instruction code="OR T66,T12,0"/><instruction code="SETL T310,8"/><instruction code="INCML T310,0"/><instruction code="INCMH T310,0"/><instruction code="INCH T310,0"/><instruction code="NEG T310,0,T310"/><instruction code="OR T67,T310,0"/><instruction code="ADD T311,T66,T67"/><instruction code="OR T68,T311,0"/><instruction code="LDO T312,T68,0"/><instruction code="OR T69,T312,0"/><instruction code="OR T13,T69,0"/><instruction code="JMP L28"/></instructions></code><code entrylabel="L29" exitlabel="L30" tempsize="0"><frame FP="T18" RV="T19" argssize="24" depth="2" label="L3" locssize="16" size="56"/><instructions><instruction code="L29"/><instruction code="LDO T314,T18,0"/><instruction code="OR T70,T314,0"/><instruction code="OR T71,T18,0"/><instruction code="SETL T315,8"/><instruction code="INCML T315,0"/><instruction code="INCMH T315,0"/><instruction code="INCH T315,0"/><instruction code="NEG T315,0,T315"/><instruction code="OR T72,T315,0"/><instruction code="ADD T316,T71,T72"/><instruction code="OR T73,T316,0"/><instruction code="LDO T317,T73,0"/><instruction code="OR T74,T317,0"/><instruction code="LDO T318,T18,0"/><instruction code="OR T75,T318,0"/><instruction code="SETL T319,1"/><instruction code="INCML T319,0"/><instruction code="INCMH T319,0"/><instruction code="INCH T319,0"/><instruction code="OR T76,T319,0"/><instruction code="SETL T320,1"/><instruction code="INCML T320,0"/><instruction code="INCMH T320,0"/><instruction code="INCH T320,0"/><instruction code="OR T77,T320,0"/><instruction code="STO T75,$254,0"/><instruction code="STO T76,$254,8"/><instruction code="STO T77,$254,16"/><instruction code="PUSHJ $8,L0"/><instruction code="LDO T322,$254,0"/><instruction code="OR T78,T322,0"/><instruction code="STO T70,$254,0"/><instruction code="STO T74,$254,8"/><instruction code="STO T78,$254,16"/><instruction code="PUSHJ $8,L0"/><instruction code="LDO T324,$254,0"/><instruction code="OR T79,T324,0"/><instruction code="OR T80,T18,0"/><instruction code="LDO T325,T80,0"/><instruction code="OR T81,T325,0"/><instruction code="SETL T326,8"/><instruction code="INCML T326,0"/><instruction code="INCMH T326,0"/><instruction code="INCH T326,0"/><instruction code="OR T82,T326,0"/><instruction code="ADD T327,T81,T82"/><instruction code="OR T83,T327,0"/><instruction code="LDO T328,T83,0"/><instruction code="OR T84,T328,0"/><instruction code="OR T85,T18,0"/><instruction code="SETL T329,8"/><instruction code="INCML T329,0"/><instruction code="INCMH T329,0"/><instruction code="INCH T329,0"/><instruction code="OR T86,T329,0"/><instruction code="ADD T330,T85,T86"/><instruction code="OR T87,T330,0"/><instruction code="LDO T331,T87,0"/><instruction code="OR T88,T331,0"/><instruction code="SETL T332,1"/><instruction code="INCML T332,0"/><instruction code="INCMH T332,0"/><instruction code="INCH T332,0"/><instruction code="OR T89,T332,0"/><instruction code="NEG T333,1,T89"/><instruction code="OR T90,T333,0"/><instruction code="NEG T334,1,T90"/><instruction code="OR T91,T334,0"/><instruction code="OR T19,T91,0"/><instruction code="JMP L30"/></instructions></code><code entrylabel="L36" exitlabel="L37" tempsize="0"><frame FP="T8" RV="T9" argssize="72" depth="1" label="_h" locssize="128" size="216"/><instructions><instruction code="L36"/><instruction code="SETL T336,0"/><instruction code="INCML T336,0"/><instruction code="INCMH T336,0"/><instruction code="INCH T336,0"/><instruction code="OR T92,T336,0"/><instruction code="STO T92,$254,0"/><instruction code="PUSHJ $8,_x"/><instruction code="LDO T338,$254,0"/><instruction code="OR T93,T338,0"/><instruction code="OR T94,T8,0"/><instruction code="SETL T339,16"/><instruction code="INCML T339,0"/><instruction code="INCMH T339,0"/><instruction code="INCH T339,0"/><instruction code="NEG T339,0,T339"/><instruction code="OR T95,T339,0"/><instruction code="ADD T340,T94,T95"/><instruction code="OR T96,T340,0"/><instruction code="LDA T341,_ptt"/><instruction code="OR T98,T341,0"/><instruction code="LDO T342,T98,0"/><instruction code="OR T99,T342,0"/><instruction code="SETL T343,3"/><instruction code="INCML T343,0"/><instruction code="INCMH T343,0"/><instruction code="INCH T343,0"/><instruction code="OR T100,T343,0"/><instruction code="ADD T344,T99,T100"/><instruction code="OR T101,T344,0"/><instruction code="STO T101,T96,0"/><instruction code="OR T102,T8,0"/><instruction code="SETL T346,3"/><instruction code="INCML T346,0"/><instruction code="INCMH T346,0"/><instruction code="INCH T346,0"/><instruction code="OR T103,T346,0"/><instruction code="SETL T347,7"/><instruction code="INCML T347,0"/><instruction code="INCMH T347,0"/><instruction code="INCH T347,0"/><instruction code="OR T104,T347,0"/><instruction code="ADD T348,T103,T104"/><instruction code="OR T105,T348,0"/><instruction code="SETL T349,3"/><instruction code="INCML T349,0"/><instruction code="INCMH T349,0"/><instruction code="INCH T349,0"/><instruction code="OR T106,T349,0"/><instruction code="STO T102,$254,0"/><instruction code="STO T105,$254,8"/><instruction code="STO T106,$254,16"/><instruction code="PUSHJ $8,L0"/><instruction code="LDO T351,$254,0"/><instruction code="OR T107,T351,0"/><instruction code="SETL T352,0"/><instruction code="INCML T352,0"/><instruction code="INCMH T352,0"/><instruction code="INCH T352,0"/><instruction code="OR T108,T352,0"/><instruction code="SETL T353,1"/><instruction code="INCML T353,0"/><instruction code="INCMH T353,0"/><instruction code="INCH T353,0"/><instruction code="OR T109,T353,0"/><instruction code="OR T110,T8,0"/><instruction code="SETL T354,0"/><instruction code="INCML T354,0"/><instruction code="INCMH T354,0"/><instruction code="INCH T354,0"/><instruction code="OR T111,T354,0"/><instruction code="STO T111,$254,0"/><instruction code="PUSHJ $8,_x"/><instruction code="LDO T356,$254,0"/><instruction code="OR T112,T356,0"/><instruction code="SETL T357,1"/><instruction code="INCML T357,0"/><instruction code="INCMH T357,0"/><instruction code="INCH T357,0"/><instruction code="OR T113,T357,0"/><instruction code="STO T110,$254,0"/><instruction code="STO T112,$254,8"/><instruction code="STO T113,$254,16"/><instruction code="PUSHJ $8,L0"/><instruction code="LDO T359,$254,0"/><instruction code="OR T114,T359,0"/><instruction code="SETL T360,256"/><instruction code="INCML T360,0"/><instruction code="INCMH T360,0"/><instruction code="INCH T360,0"/><instruction code="OR T115,T360,0"/><instruction code="DIV T361,T114,T115"/><instruction code="GET T361,rR"/><instruction code="OR T116,T361,0"/><instruction code="SETL T362,1"/><instruction code="INCML T362,0"/><instruction code="INCMH T362,0"/><instruction code="INCH T362,0"/><instruction code="OR T117,T362,0"/><instruction code="OR T118,T8,0"/><instruction code="SETL T363,8"/><instruction code="INCML T363,0"/><instruction code="INCMH T363,0"/><instruction code="INCH T363,0"/><instruction code="NEG T363,0,T363"/><instruction code="OR T119,T363,0"/><instruction code="ADD T364,T118,T119"/><instruction code="OR T120,T364,0"/><instruction code="LDO T365,T120,0"/><instruction code="OR T121,T365,0"/><instruction code="STO T108,$254,0"/><instruction code="STO T109,$254,8"/><instruction code="STO T116,$254,16"/><instruction code="STO T117,$254,24"/><instruction code="STO T121,$254,32"/><instruction code="PUSHJ $8,_g"/><instruction code="LDO T367,$254,0"/><instruction code="OR T122,T367,0"/><instruction code="SETL T368,0"/><instruction code="INCML T368,0"/><instruction code="INCMH T368,0"/><instruction code="INCH T368,0"/><instruction code="OR T123,T368,0"/><instruction code="SETL T369,1"/><instruction code="INCML T369,0"/><instruction code="INCMH T369,0"/><instruction code="INCH T369,0"/><instruction code="OR T124,T369,0"/><instruction code="SETL T370,1"/><instruction code="INCML T370,0"/><instruction code="INCMH T370,0"/><instruction code="INCH T370,0"/><instruction code="OR T125,T370,0"/><instruction code="SETL T371,1"/><instruction code="INCML T371,0"/><instruction code="INCMH T371,0"/><instruction code="INCH T371,0"/><instruction code="OR T126,T371,0"/><instruction code="STO T123,$254,0"/><instruction code="STO T124,$254,8"/><instruction code="STO T125,$254,16"/><instruction code="STO T126,$254,24"/><instruction code="PUSHJ $8,_h"/><instruction code="LDO T373,$254,0"/><instruction code="OR T127,T373,0"/><instruction code="SETL T374,0"/><instruction code="INCML T374,0"/><instruction code="INCMH T374,0"/><instruction code="INCH T374,0"/><instruction code="OR T128,T374,0"/><instruction code="STO T128,$254,0"/><instruction code="PUSHJ $8,_x"/><instruction code="LDO T376,$254,0"/><instruction code="OR T129,T376,0"/><instruction code="OR T130,T8,0"/><instruction code="SETL T377,17"/><instruction code="INCML T377,0"/><instruction code="INCMH T377,0"/><instruction code="INCH T377,0"/><instruction code="OR T131,T377,0"/><instruction code="SETL T378,17"/><instruction code="INCML T378,0"/><instruction code="INCMH T378,0"/><instruction code="INCH T378,0"/><instruction code="OR T132,T378,0"/><instruction code="STO T130,$254,0"/><instruction code="STO T131,$254,8"/><instruction code="STO T132,$254,16"/><instruction code="PUSHJ $8,L0"/><instruction code="LDO T380,$254,0"/><instruction code="OR T133,T380,0"/><instruction code="OR T134,T8,0"/><instruction code="LDA T381,_global"/><instruction code="OR T135,T381,0"/><instruction code="SETL T382,16"/><instruction code="INCML T382,0"/><instruction code="INCMH T382,0"/><instruction code="INCH T382,0"/><instruction code="OR T136,T382,0"/><instruction code="ADD T383,T135,T136"/><instruction code="OR T137,T383,0"/><instruction code="SETL T384,3"/><instruction code="INCML T384,0"/><instruction code="INCMH T384,0"/><instruction code="INCH T384,0"/><instruction code="OR T138,T384,0"/><instruction code="SETL T385,8"/><instruction code="INCML T385,0"/><instruction code="INCMH T385,0"/><instruction code="INCH T385,0"/><instruction code="OR T139,T385,0"/><instruction code="MUL T386,T138,T139"/><instruction code="OR T140,T386,0"/><instruction code="ADD T387,T137,T140"/><instruction code="OR T141,T387,0"/><instruction code="LDO T388,T141,0"/><instruction code="OR T142,T388,0"/><instruction code="OR T143,T8,0"/><instruction code="SETL T389,112"/><instruction code="INCML T389,0"/><instruction code="INCMH T389,0"/><instruction code="INCH T389,0"/><instruction code="NEG T389,0,T389"/><instruction code="OR T144,T389,0"/><instruction code="ADD T390,T143,T144"/><instruction code="OR T145,T390,0"/><instruction code="SETL T391,0"/><instruction code="INCML T391,0"/><instruction code="INCMH T391,0"/><instruction code="INCH T391,0"/><instruction code="OR T146,T391,0"/><instruction code="ADD T392,T145,T146"/><instruction code="OR T147,T392,0"/><instruction code="LDO T393,T147,0"/><instruction code="OR T148,T393,0"/><instruction code="OR T149,T8,0"/><instruction code="SETL T394,112"/><instruction code="INCML T394,0"/><instruction code="INCMH T394,0"/><instruction code="INCH T394,0"/><instruction code="NEG T394,0,T394"/><instruction code="OR T150,T394,0"/><instruction code="ADD T395,T149,T150"/><instruction code="OR T151,T395,0"/><instruction code="SETL T396,8"/><instruction code="INCML T396,0"/><instruction code="INCMH T396,0"/><instruction code="INCH T396,0"/><instruction code="OR T152,T396,0"/><instruction code="ADD T397,T151,T152"/><instruction code="OR T153,T397,0"/><instruction code="LDO T398,T153,0"/><instruction code="OR T154,T398,0"/><instruction code="SETL T399,1"/><instruction code="INCML T399,0"/><instruction code="INCMH T399,0"/><instruction code="INCH T399,0"/><instruction code="OR T155,T399,0"/><instruction code="NEG T400,0,T155"/><instruction code="OR T156,T400,0"/><instruction code="SETL T401,17"/><instruction code="INCML T401,0"/><instruction code="INCMH T401,0"/><instruction code="INCH T401,0"/><instruction code="OR T157,T401,0"/><instruction code="SETL T402,5"/><instruction code="INCML T402,0"/><instruction code="INCMH T402,0"/><instruction code="INCH T402,0"/><instruction code="OR T158,T402,0"/><instruction code="SETL T403,6"/><instruction code="INCML T403,0"/><instruction code="INCMH T403,0"/><instruction code="INCH T403,0"/><instruction code="OR T159,T403,0"/><instruction code="LDA T404,_ptt"/><instruction code="OR T160,T404,0"/><instruction code="LDO T405,T160,0"/><instruction code="OR T161,T405,0"/><instruction code="STO T134,$254,0"/><instruction code="STO T142,$254,8"/><instruction code="STO T148,$254,16"/><instruction code="STO T154,$254,24"/><instruction code="STO T156,$254,32"/><instruction code="STO T157,$254,40"/><instruction code="STO T158,$254,48"/><instruction code="STO T159,$254,56"/><instruction code="STO T161,$254,64"/><instruction code="PUSHJ $8,_test"/><instruction code="LDO T407,$254,0"/><instruction code="OR T162,T407,0"/><instruction code="OR T163,T8,0"/><instruction code="SETL T408,128"/><instruction code="INCML T408,0"/><instruction code="INCMH T408,0"/><instruction code="INCH T408,0"/><instruction code="NEG T408,0,T408"/><instruction code="OR T164,T408,0"/><instruction code="ADD T409,T163,T164"/><instruction code="OR T165,T409,0"/><instruction code="SETL T410,99"/><instruction code="INCML T410,0"/><instruction code="INCMH T410,0"/><instruction code="INCH T410,0"/><instruction code="OR T166,T410,0"/><instruction code="SETL T411,0"/><instruction code="INCML T411,0"/><instruction code="INCMH T411,0"/><instruction code="INCH T411,0"/><instruction code="OR T167,T411,0"/><instruction code="STO T167,$254,0"/><instruction code="PUSHJ $8,_x"/><instruction code="LDO T413,$254,0"/><instruction code="OR T168,T413,0"/><instruction code="SETL T414,50"/><instruction code="INCML T414,0"/><instruction code="INCMH T414,0"/><instruction code="INCH T414,0"/><instruction code="OR T169,T414,0"/><instruction code="CMP T415,T168,T169"/><instruction code="ZSP T415,T415,1"/><instruction code="OR T170,T415,0"/><instruction code="BNZ T170,L4"/><instruction code="L31"/><instruction code="JMP L5"/><instruction code="L4"/><instruction code="LDA T417,_global"/><instruction code="OR T171,T417,0"/><instruction code="SETL T418,0"/><instruction code="INCML T418,0"/><instruction code="INCMH T418,0"/><instruction code="INCH T418,0"/><instruction code="OR T172,T418,0"/><instruction code="ADD T419,T171,T172"/><instruction code="OR T173,T419,0"/><instruction code="SETL T420,50"/><instruction code="INCML T420,0"/><instruction code="INCMH T420,0"/><instruction code="INCH T420,0"/><instruction code="OR T175,T420,0"/><instruction code="STO T175,T173,0"/><instruction code="LDA T422,_global"/><instruction code="OR T176,T422,0"/><instruction code="SETL T423,8"/><instruction code="INCML T423,0"/><instruction code="INCMH T423,0"/><instruction code="INCH T423,0"/><instruction code="OR T177,T423,0"/><instruction code="ADD T424,T176,T177"/><instruction code="OR T178,T424,0"/><instruction code="SETL T425,3"/><instruction code="INCML T425,0"/><instruction code="INCMH T425,0"/><instruction code="INCH T425,0"/><instruction code="OR T180,T425,0"/><instruction code="LDA T426,_global"/><instruction code="OR T181,T426,0"/><instruction code="SETL T427,0"/><instruction code="INCML T427,0"/><instruction code="INCMH T427,0"/><instruction code="INCH T427,0"/><instruction code="OR T182,T427,0"/><instruction code="ADD T428,T181,T182"/><instruction code="OR T183,T428,0"/><instruction code="SETL T429,3"/><instruction code="INCML T429,0"/><instruction code="INCMH T429,0"/><instruction code="INCH T429,0"/><instruction code="OR T185,T429,0"/><instruction code="STO T185,T183,0"/><instruction code="LDA T431,_global"/><instruction code="OR T186,T431,0"/><instruction code="SETL T432,0"/><instruction code="INCML T432,0"/><instruction code="INCMH T432,0"/><instruction code="INCH T432,0"/><instruction code="OR T187,T432,0"/><instruction code="ADD T433,T186,T187"/><instruction code="OR T188,T433,0"/><instruction code="LDO T434,T188,0"/><instruction code="OR T189,T434,0"/><instruction code="OR T190,T189,0"/><instruction code="ADD T435,T180,T190"/><instruction code="OR T191,T435,0"/><instruction code="STO T191,T178,0"/><instruction code="JMP L6"/><instruction code="L5"/><instruction code="LDA T438,_global"/><instruction code="OR T192,T438,0"/><instruction code="SETL T439,0"/><instruction code="INCML T439,0"/><instruction code="INCMH T439,0"/><instruction code="INCH T439,0"/><instruction code="OR T193,T439,0"/><instruction code="ADD T440,T192,T193"/><instruction code="OR T194,T440,0"/><instruction code="SETL T441,49"/><instruction code="INCML T441,0"/><instruction code="INCMH T441,0"/><instruction code="INCH T441,0"/><instruction code="OR T196,T441,0"/><instruction code="STO T196,T194,0"/><instruction code="LDA T443,_global"/><instruction code="OR T197,T443,0"/><instruction code="SETL T444,8"/><instruction code="INCML T444,0"/><instruction code="INCMH T444,0"/><instruction code="INCH T444,0"/><instruction code="OR T198,T444,0"/><instruction code="ADD T445,T197,T198"/><instruction code="OR T199,T445,0"/><instruction code="SETL T446,2"/><instruction code="INCML T446,0"/><instruction code="INCMH T446,0"/><instruction code="INCH T446,0"/><instruction code="OR T201,T446,0"/><instruction code="STO T201,T199,0"/><instruction code="L6"/><instruction code="SETL T448,0"/><instruction code="INCML T448,0"/><instruction code="INCMH T448,0"/><instruction code="INCH T448,0"/><instruction code="OR T202,T448,0"/><instruction code="STO T202,$254,0"/><instruction code="PUSHJ $8,_x"/><instruction code="LDO T450,$254,0"/><instruction code="OR T203,T450,0"/><instruction code="SETL T451,50"/><instruction code="INCML T451,0"/><instruction code="INCMH T451,0"/><instruction code="INCH T451,0"/><instruction code="OR T204,T451,0"/><instruction code="CMP T452,T203,T204"/><instruction code="ZSP T452,T452,1"/><instruction code="OR T205,T452,0"/><instruction code="BNZ T205,L7"/><instruction code="L32"/><instruction code="JMP L8"/><instruction code="L7"/><instruction code="SETL T454,1"/><instruction code="INCML T454,0"/><instruction code="INCMH T454,0"/><instruction code="INCH T454,0"/><instruction code="OR T206,T454,0"/><instruction code="L8"/><instruction code="L14"/><instruction code="OR T207,T8,0"/><instruction code="SETL T455,3"/><instruction code="INCML T455,0"/><instruction code="INCMH T455,0"/><instruction code="INCH T455,0"/><instruction code="OR T208,T455,0"/><instruction code="SETL T456,3"/><instruction code="INCML T456,0"/><instruction code="INCMH T456,0"/><instruction code="INCH T456,0"/><instruction code="OR T209,T456,0"/><instruction code="STO T207,$254,0"/><instruction code="STO T208,$254,8"/><instruction code="STO T209,$254,16"/><instruction code="PUSHJ $8,L0"/><instruction code="LDO T458,$254,0"/><instruction code="OR T210,T458,0"/><instruction code="SETL T459,0"/><instruction code="INCML T459,0"/><instruction code="INCMH T459,0"/><instruction code="INCH T459,0"/><instruction code="OR T211,T459,0"/><instruction code="CMP T460,T210,T211"/><instruction code="ZSP T460,T460,1"/><instruction code="OR T212,T460,0"/><instruction code="BNZ T212,L15"/><instruction code="L33"/><instruction code="JMP L16"/><instruction code="L15"/><instruction code="OR T213,T8,0"/><instruction code="SETL T462,16"/><instruction code="INCML T462,0"/><instruction code="INCMH T462,0"/><instruction code="INCH T462,0"/><instruction code="NEG T462,0,T462"/><instruction code="OR T214,T462,0"/><instruction code="ADD T463,T213,T214"/><instruction code="OR T215,T463,0"/><instruction code="OR T217,T8,0"/><instruction code="SETL T464,16"/><instruction code="INCML T464,0"/><instruction code="INCMH T464,0"/><instruction code="INCH T464,0"/><instruction code="NEG T464,0,T464"/><instruction code="OR T218,T464,0"/><instruction code="ADD T465,T217,T218"/><instruction code="OR T219,T465,0"/><instruction code="LDO T466,T219,0"/><instruction code="OR T220,T466,0"/><instruction code="SETL T467,17"/><instruction code="INCML T467,0"/><instruction code="INCMH T467,0"/><instruction code="INCH T467,0"/><instruction code="OR T221,T467,0"/><instruction code="ADD T468,T220,T221"/><instruction code="OR T222,T468,0"/><instruction code="STO T222,T215,0"/><instruction code="SETL T470,0"/><instruction code="INCML T470,0"/><instruction code="INCMH T470,0"/><instruction code="INCH T470,0"/><instruction code="OR T223,T470,0"/><instruction code="STO T223,$254,0"/><instruction code="PUSHJ $8,_x"/><instruction code="LDO T472,$254,0"/><instruction code="OR T224,T472,0"/><instruction code="SETL T473,97"/><instruction code="INCML T473,0"/><instruction code="INCMH T473,0"/><instruction code="INCH T473,0"/><instruction code="OR T225,T473,0"/><instruction code="CMP T474,T224,T225"/><instruction code="ZSNN T474,T474,1"/><instruction code="OR T226,T474,0"/><instruction code="BNZ T226,L11"/><instruction code="L34"/><instruction code="JMP L12"/><instruction code="L11"/><instruction code="OR T227,T8,0"/><instruction code="SETL T476,16"/><instruction code="INCML T476,0"/><instruction code="INCMH T476,0"/><instruction code="INCH T476,0"/><instruction code="NEG T476,0,T476"/><instruction code="OR T228,T476,0"/><instruction code="ADD T477,T227,T228"/><instruction code="OR T229,T477,0"/><instruction code="OR T231,T8,0"/><instruction code="SETL T478,16"/><instruction code="INCML T478,0"/><instruction code="INCMH T478,0"/><instruction code="INCH T478,0"/><instruction code="NEG T478,0,T478"/><instruction code="OR T232,T478,0"/><instruction code="ADD T479,T231,T232"/><instruction code="OR T233,T479,0"/><instruction code="LDO T480,T233,0"/><instruction code="OR T234,T480,0"/><instruction code="SETL T481,1"/><instruction code="INCML T481,0"/><instruction code="INCMH T481,0"/><instruction code="INCH T481,0"/><instruction code="OR T235,T481,0"/><instruction code="ADD T482,T234,T235"/><instruction code="OR T236,T482,0"/><instruction code="STO T236,T229,0"/><instruction code="OR T237,T8,0"/><instruction code="SETL T484,128"/><instruction code="INCML T484,0"/><instruction code="INCMH T484,0"/><instruction code="INCH T484,0"/><instruction code="NEG T484,0,T484"/><instruction code="OR T238,T484,0"/><instruction code="ADD T485,T237,T238"/><instruction code="OR T239,T485,0"/><instruction code="OR T241,T8,0"/><instruction code="SETL T486,128"/><instruction code="INCML T486,0"/><instruction code="INCMH T486,0"/><instruction code="INCH T486,0"/><instruction code="NEG T486,0,T486"/><instruction code="OR T242,T486,0"/><instruction code="ADD T487,T241,T242"/><instruction code="OR T243,T487,0"/><instruction code="LDO T488,T243,0"/><instruction code="OR T244,T488,0"/><instruction code="SETL T489,3"/><instruction code="INCML T489,0"/><instruction code="INCMH T489,0"/><instruction code="INCH T489,0"/><instruction code="OR T245,T489,0"/><instruction code="ADD T490,T244,T245"/><instruction code="OR T246,T490,0"/><instruction code="STO T246,T239,0"/><instruction code="JMP L13"/><instruction code="L12"/><instruction code="SETL T493,0"/><instruction code="INCML T493,0"/><instruction code="INCMH T493,0"/><instruction code="INCH T493,0"/><instruction code="OR T247,T493,0"/><instruction code="STO T247,$254,0"/><instruction code="PUSHJ $8,_x"/><instruction code="LDO T495,$254,0"/><instruction code="OR T248,T495,0"/><instruction code="SETL T496,122"/><instruction code="INCML T496,0"/><instruction code="INCMH T496,0"/><instruction code="INCH T496,0"/><instruction code="OR T249,T496,0"/><instruction code="CMP T497,T248,T249"/><instruction code="ZSNP T497,T497,1"/><instruction code="OR T250,T497,0"/><instruction code="BNZ T250,L9"/><instruction code="L35"/><instruction code="JMP L10"/><instruction code="L9"/><instruction code="OR T251,T8,0"/><instruction code="SETL T499,128"/><instruction code="INCML T499,0"/><instruction code="INCMH T499,0"/><instruction code="INCH T499,0"/><instruction code="NEG T499,0,T499"/><instruction code="OR T252,T499,0"/><instruction code="ADD T500,T251,T252"/><instruction code="OR T253,T500,0"/><instruction code="OR T255,T8,0"/><instruction code="SETL T501,128"/><instruction code="INCML T501,0"/><instruction code="INCMH T501,0"/><instruction code="INCH T501,0"/><instruction code="NEG T501,0,T501"/><instruction code="OR T256,T501,0"/><instruction code="ADD T502,T255,T256"/><instruction code="OR T257,T502,0"/><instruction code="LDO T503,T257,0"/><instruction code="OR T258,T503,0"/><instruction code="SETL T504,3"/><instruction code="INCML T504,0"/><instruction code="INCMH T504,0"/><instruction code="INCH T504,0"/><instruction code="OR T259,T504,0"/><instruction code="SUB T505,T258,T259"/><instruction code="OR T260,T505,0"/><instruction code="STO T260,T253,0"/><instruction code="L10"/><instruction code="L13"/><instruction code="JMP L14"/><instruction code="L16"/><instruction code="SETL T508,0"/><instruction code="INCML T508,0"/><instruction code="INCMH T508,0"/><instruction code="INCH T508,0"/><instruction code="OR T261,T508,0"/><instruction code="OR T9,T261,0"/><instruction code="JMP L37"/></instructions></code></asmgen>