<?xml version="1.0" encoding="UTF-8" standalone="no"?><?xml-stylesheet type="text/xsl" href="../../data/asmgen.xsl"?><asmgen><code entrylabel="L0" exitlabel="L1" tempsize="0"><frame FP="T0" RV="T1" argssize="0" depth="1" label="_main" locssize="0" size="16"/><instructions><instruction code="L0"/><instruction code="SETL  T13, 1"/><instruction code="INCML T13, 0"/><instruction code="INCMH T13, 0"/><instruction code="INCH  T13, 0"/><instruction code="OR T2, T13, 0"/><instruction code="LDA T14, _pt"/><instruction code="SETL  T15, 0"/><instruction code="INCML T15, 0"/><instruction code="INCMH T15, 0"/><instruction code="INCH  T15, 0"/><instruction code="ADD T16, T14, T15"/><instruction code="STO T16, T2, 0"/><instruction code="SETL  T18, 17"/><instruction code="INCML T18, 0"/><instruction code="INCMH T18, 0"/><instruction code="INCH  T18, 0"/><instruction code="OR T3, T18, 0"/><instruction code="LDA T19, _l"/><instruction code="STO T19, T3, 0"/><instruction code="LDA T21, _pt"/><instruction code="OR T4, T21, 0"/><instruction code="SETL  T22, 0"/><instruction code="INCML T22, 0"/><instruction code="INCMH T22, 0"/><instruction code="INCH  T22, 0"/><instruction code="OR T5, T22, 0"/><instruction code="ADD T23, T4, T5"/><instruction code="OR T6, T23, 0"/><instruction code="OR T7, T6, 0"/><instruction code="LDA T25, _l"/><instruction code="OR T8, T25, 0"/><instruction code="OR T9, T8, 0"/><instruction code="ADD T27, T7, T9"/><instruction code="OR T10, T27, 0"/><instruction code="SETL  T28, 1"/><instruction code="INCML T28, 0"/><instruction code="INCMH T28, 0"/><instruction code="INCH  T28, 0"/><instruction code="OR T11, T28, 0"/><instruction code="SUB T29, T10, T11"/><instruction code="OR T12, T29, 0"/><instruction code="OR T1, T12, 0"/><instruction code="LDA T30, L1"/><instruction code="GO T30, T30, 0"/></instructions></code></asmgen>