<?xml version="1.0" encoding="UTF-8" standalone="no"?><?xml-stylesheet type="text/xsl" href="../../data/asmgen.xsl"?><asmgen><code entrylabel="L0" exitlabel="L1" tempsize="0"><frame FP="T0" RV="T1" argssize="0" depth="1" label="_main" locssize="16" size="32"/><instructions><instruction code="L0"/><instruction code="LDA T19,_i"/><instruction code="OR T2,T19,0"/><instruction code="SETL T20,3"/><instruction code="INCML T20,0"/><instruction code="INCMH T20,0"/><instruction code="INCH T20,0"/><instruction code="OR T4,T20,0"/><instruction code="SETL T21,2"/><instruction code="INCML T21,0"/><instruction code="INCMH T21,0"/><instruction code="INCH T21,0"/><instruction code="OR T5,T21,0"/><instruction code="ADD T22,T4,T5"/><instruction code="OR T6,T22,0"/><instruction code="STO T6,T2,0"/><instruction code="OR T7,T0,0"/><instruction code="SETL T24,8"/><instruction code="INCML T24,0"/><instruction code="INCMH T24,0"/><instruction code="INCH T24,0"/><instruction code="NEG T24,0,T24"/><instruction code="OR T8,T24,0"/><instruction code="ADD T25,T7,T8"/><instruction code="OR T9,T25,0"/><instruction code="LDA T26,_i"/><instruction code="OR T11,T26,0"/><instruction code="LDO T27,T11,0"/><instruction code="OR T12,T27,0"/><instruction code="SETL T28,1"/><instruction code="INCML T28,0"/><instruction code="INCMH T28,0"/><instruction code="INCH T28,0"/><instruction code="OR T13,T28,0"/><instruction code="NEG T29,0,T13"/><instruction code="OR T14,T29,0"/><instruction code="MUL T30,T12,T14"/><instruction code="OR T15,T30,0"/><instruction code="SETL T31,7"/><instruction code="INCML T31,0"/><instruction code="INCMH T31,0"/><instruction code="INCH T31,0"/><instruction code="OR T16,T31,0"/><instruction code="ADD T32,T15,T16"/><instruction code="OR T17,T32,0"/><instruction code="STO T17,T9,0"/><instruction code="SETL T34,0"/><instruction code="INCML T34,0"/><instruction code="INCMH T34,0"/><instruction code="INCH T34,0"/><instruction code="OR T18,T34,0"/><instruction code="OR T1,T18,0"/><instruction code="JMP L1"/></instructions></code></asmgen>