<?xml version="1.0" encoding="UTF-8" standalone="no"?><?xml-stylesheet type="text/xsl" href="../../data/asmgen.xsl"?><asmgen><code entrylabel="L2" exitlabel="L3" tempsize="0"><frame FP="T0" RV="T1" argssize="0" depth="1" label="_main" locssize="0" size="16"/><instructions><instruction code="L2"/><instruction code="LDA T88,_x"/><instruction code="OR T10,T88,0"/><instruction code="SETL T89,0"/><instruction code="INCML T89,0"/><instruction code="INCMH T89,0"/><instruction code="INCH T89,0"/><instruction code="OR T12,T89,0"/><instruction code="STO T12,T10,0"/><instruction code="LDA T91,_ptu"/><instruction code="OR T13,T91,0"/><instruction code="SETL T92,0"/><instruction code="INCML T92,0"/><instruction code="INCMH T92,0"/><instruction code="INCH T92,0"/><instruction code="OR T14,T92,0"/><instruction code="ADD T93,T13,T14"/><instruction code="OR T15,T93,0"/><instruction code="SETL T94,2"/><instruction code="INCML T94,0"/><instruction code="INCMH T94,0"/><instruction code="INCH T94,0"/><instruction code="OR T17,T94,0"/><instruction code="STO T17,T15,0"/><instruction code="LDA T96,_ptv"/><instruction code="OR T18,T96,0"/><instruction code="SETL T97,8"/><instruction code="INCML T97,0"/><instruction code="INCMH T97,0"/><instruction code="INCH T97,0"/><instruction code="OR T19,T97,0"/><instruction code="ADD T98,T18,T19"/><instruction code="OR T20,T98,0"/><instruction code="LDA T99,_x"/><instruction code="OR T22,T99,0"/><instruction code="LDO T100,T22,0"/><instruction code="OR T23,T100,0"/><instruction code="LDA T101,_ptu"/><instruction code="OR T24,T101,0"/><instruction code="SETL T102,0"/><instruction code="INCML T102,0"/><instruction code="INCMH T102,0"/><instruction code="INCH T102,0"/><instruction code="OR T25,T102,0"/><instruction code="ADD T103,T24,T25"/><instruction code="OR T26,T103,0"/><instruction code="LDO T104,T26,0"/><instruction code="OR T27,T104,0"/><instruction code="MUL T105,T23,T27"/><instruction code="OR T28,T105,0"/><instruction code="SETL T106,99"/><instruction code="INCML T106,0"/><instruction code="INCMH T106,0"/><instruction code="INCH T106,0"/><instruction code="OR T29,T106,0"/><instruction code="ADD T107,T28,T29"/><instruction code="OR T30,T107,0"/><instruction code="SETL T108,97"/><instruction code="INCML T108,0"/><instruction code="INCMH T108,0"/><instruction code="INCH T108,0"/><instruction code="OR T31,T108,0"/><instruction code="SUB T109,T30,T31"/><instruction code="OR T32,T109,0"/><instruction code="STO T32,T20,0"/><instruction code="LDA T111,_ptt"/><instruction code="OR T33,T111,0"/><instruction code="SETL T112,0"/><instruction code="INCML T112,0"/><instruction code="INCMH T112,0"/><instruction code="INCH T112,0"/><instruction code="OR T34,T112,0"/><instruction code="ADD T113,T33,T34"/><instruction code="OR T35,T113,0"/><instruction code="SETL T114,8"/><instruction code="INCML T114,0"/><instruction code="INCMH T114,0"/><instruction code="INCH T114,0"/><instruction code="OR T36,T114,0"/><instruction code="ADD T115,T35,T36"/><instruction code="OR T37,T115,0"/><instruction code="LDA T116,_ptv"/><instruction code="OR T39,T116,0"/><instruction code="SETL T117,8"/><instruction code="INCML T117,0"/><instruction code="INCMH T117,0"/><instruction code="INCH T117,0"/><instruction code="OR T40,T117,0"/><instruction code="ADD T118,T39,T40"/><instruction code="OR T41,T118,0"/><instruction code="LDO T119,T41,0"/><instruction code="OR T42,T119,0"/><instruction code="SETL T120,17"/><instruction code="INCML T120,0"/><instruction code="INCMH T120,0"/><instruction code="INCH T120,0"/><instruction code="OR T43,T120,0"/><instruction code="ADD T121,T42,T43"/><instruction code="OR T44,T121,0"/><instruction code="STO T44,T37,0"/><instruction code="LDA T123,_ptt"/><instruction code="OR T45,T123,0"/><instruction code="SETL T124,0"/><instruction code="INCML T124,0"/><instruction code="INCMH T124,0"/><instruction code="INCH T124,0"/><instruction code="OR T46,T124,0"/><instruction code="ADD T125,T45,T46"/><instruction code="OR T47,T125,0"/><instruction code="SETL T126,8"/><instruction code="INCML T126,0"/><instruction code="INCMH T126,0"/><instruction code="INCH T126,0"/><instruction code="OR T48,T126,0"/><instruction code="ADD T127,T47,T48"/><instruction code="OR T49,T127,0"/><instruction code="LDO T128,T49,0"/><instruction code="OR T50,T128,0"/><instruction code="OR T51,T50,0"/><instruction code="SETL T129,3"/><instruction code="INCML T129,0"/><instruction code="INCMH T129,0"/><instruction code="INCH T129,0"/><instruction code="OR T52,T129,0"/><instruction code="ADD T130,T51,T52"/><instruction code="OR T1,T130,0"/><instruction code="JMP L3"/></instructions></code><code entrylabel="L4" exitlabel="L5" tempsize="0"><frame FP="T4" RV="T5" argssize="0" depth="2" label="L0" locssize="0" size="16"/><instructions><instruction code="L4"/><instruction code="SETL T132,3"/><instruction code="INCML T132,0"/><instruction code="INCMH T132,0"/><instruction code="INCH T132,0"/><instruction code="OR T5,T132,0"/><instruction code="JMP L5"/></instructions></code><code entrylabel="L6" exitlabel="L7" tempsize="0"><frame FP="T6" RV="T7" argssize="0" depth="2" label="L1" locssize="0" size="16"/><instructions><instruction code="L6"/><instruction code="SETL T134,3"/><instruction code="INCML T134,0"/><instruction code="INCMH T134,0"/><instruction code="INCH T134,0"/><instruction code="OR T53,T134,0"/><instruction code="SETL T135,1"/><instruction code="INCML T135,0"/><instruction code="INCMH T135,0"/><instruction code="INCH T135,0"/><instruction code="OR T54,T135,0"/><instruction code="OR T55,T6,0"/><instruction code="LDO T136,T55,0"/><instruction code="OR T56,T136,0"/><instruction code="SETL T137,8"/><instruction code="INCML T137,0"/><instruction code="INCMH T137,0"/><instruction code="INCH T137,0"/><instruction code="OR T57,T137,0"/><instruction code="ADD T138,T56,T57"/><instruction code="OR T58,T138,0"/><instruction code="SETL T139,1"/><instruction code="INCML T139,0"/><instruction code="INCMH T139,0"/><instruction code="INCH T139,0"/><instruction code="OR T60,T139,0"/><instruction code="STO T60,T58,0"/><instruction code="OR T61,T6,0"/><instruction code="LDO T141,T61,0"/><instruction code="OR T62,T141,0"/><instruction code="SETL T142,8"/><instruction code="INCML T142,0"/><instruction code="INCMH T142,0"/><instruction code="INCH T142,0"/><instruction code="OR T63,T142,0"/><instruction code="ADD T143,T62,T63"/><instruction code="OR T64,T143,0"/><instruction code="LDO T144,T64,0"/><instruction code="OR T65,T144,0"/><instruction code="OR T66,T65,0"/><instruction code="ADD T145,T53,T66"/><instruction code="OR T7,T145,0"/><instruction code="JMP L7"/></instructions></code><code entrylabel="L8" exitlabel="L9" tempsize="0"><frame FP="T2" RV="T3" argssize="8" depth="1" label="_f" locssize="0" size="24"/><instructions><instruction code="L8"/><instruction code="OR T67,T2,0"/><instruction code="SETL T147,8"/><instruction code="INCML T147,0"/><instruction code="INCMH T147,0"/><instruction code="INCH T147,0"/><instruction code="OR T68,T147,0"/><instruction code="ADD T148,T67,T68"/><instruction code="OR T69,T148,0"/><instruction code="OR T71,T2,0"/><instruction code="SETL T149,8"/><instruction code="INCML T149,0"/><instruction code="INCMH T149,0"/><instruction code="INCH T149,0"/><instruction code="OR T72,T149,0"/><instruction code="ADD T150,T71,T72"/><instruction code="OR T73,T150,0"/><instruction code="LDO T151,T73,0"/><instruction code="OR T74,T151,0"/><instruction code="SETL T152,1"/><instruction code="INCML T152,0"/><instruction code="INCMH T152,0"/><instruction code="INCH T152,0"/><instruction code="OR T75,T152,0"/><instruction code="SUB T153,T74,T75"/><instruction code="OR T76,T153,0"/><instruction code="OR T77,T2,0"/><instruction code="STO T77,$254,0"/><instruction code="PUSHJ $8,L1"/><instruction code="LDO T155,$254,0"/><instruction code="OR T78,T155,0"/><instruction code="ADD T156,T76,T78"/><instruction code="OR T79,T156,0"/><instruction code="STO T79,T69,0"/><instruction code="LDA T158,_pi"/><instruction code="OR T80,T158,0"/><instruction code="LDO T159,T80,0"/><instruction code="OR T81,T159,0"/><instruction code="SETL T160,3"/><instruction code="INCML T160,0"/><instruction code="INCMH T160,0"/><instruction code="INCH T160,0"/><instruction code="OR T83,T160,0"/><instruction code="STO T83,T81,0"/><instruction code="OR T84,T2,0"/><instruction code="SETL T162,8"/><instruction code="INCML T162,0"/><instruction code="INCMH T162,0"/><instruction code="INCH T162,0"/><instruction code="OR T85,T162,0"/><instruction code="ADD T163,T84,T85"/><instruction code="OR T86,T163,0"/><instruction code="LDO T164,T86,0"/><instruction code="OR T87,T164,0"/><instruction code="OR T3,T87,0"/><instruction code="JMP L9"/></instructions></code></asmgen>