<?xml version="1.0" encoding="UTF-8" standalone="no"?><?xml-stylesheet type="text/xsl" href="../../data/asmgen.xsl"?><asmgen><code entrylabel="L0" exitlabel="L1" tempsize="0"><frame FP="T0" RV="T1" argssize="0" depth="1" label="_main" locssize="16" size="32"/><instructions><instruction code="L0"/><instruction code="SETL  T13, 3"/><instruction code="INCML T13, 0"/><instruction code="INCMH T13, 0"/><instruction code="INCH  T13, 0"/><instruction code="OR T2, T13, 0"/><instruction code="SETL  T14, 2"/><instruction code="INCML T14, 0"/><instruction code="INCMH T14, 0"/><instruction code="INCH  T14, 0"/><instruction code="OR T3, T14, 0"/><instruction code="ADD T15, T2, T3"/><instruction code="OR T4, T15, 0"/><instruction code="LDA T16, _i"/><instruction code="STO T16, T4, 0"/><instruction code="LDA T18, _i"/><instruction code="OR T5, T18, 0"/><instruction code="OR T6, T5, 0"/><instruction code="SETL  T20, 1"/><instruction code="INCML T20, 0"/><instruction code="INCMH T20, 0"/><instruction code="INCH  T20, 0"/><instruction code="OR T7, T20, 0"/><instruction code="NEG T21, 0, T7"/><instruction code="OR T8, T21, 0"/><instruction code="MUL T22, T6, T8"/><instruction code="OR T9, T22, 0"/><instruction code="SETL  T23, 7"/><instruction code="INCML T23, 0"/><instruction code="INCMH T23, 0"/><instruction code="INCH  T23, 0"/><instruction code="OR T10, T23, 0"/><instruction code="ADD T24, T9, T10"/><instruction code="OR T11, T24, 0"/><instruction code="SETL  T25, 8"/><instruction code="INCML T25, 0"/><instruction code="INCMH T25, 0"/><instruction code="INCH  T25, 0"/><instruction code="NEG T25, 0, T25"/><instruction code="ADD T26, T0, T25"/><instruction code="STO T26, T11, 0"/><instruction code="SETL  T28, 0"/><instruction code="INCML T28, 0"/><instruction code="INCMH T28, 0"/><instruction code="INCH  T28, 0"/><instruction code="OR T12, T28, 0"/><instruction code="OR T1, T12, 0"/><instruction code="LDA T29, L1"/><instruction code="GO T29, T29, 0"/></instructions></code></asmgen>