<?xml version="1.0" encoding="UTF-8" standalone="no"?><?xml-stylesheet type="text/xsl" href="../../data/asmgen.xsl"?><asmgen><code entrylabel="L2" exitlabel="L3" tempsize="0"><frame FP="T0" RV="T1" argssize="0" depth="1" label="_f1" locssize="0" size="16"/><instructions><instruction code="L2"/><instruction code="LDA T19, L0"/><instruction code="OR T1, T19, 0"/><instruction code="LDA T20, L3"/><instruction code="GO T20, T20, 0"/></instructions></code><code entrylabel="L4" exitlabel="L5" tempsize="0"><frame FP="T2" RV="T3" argssize="0" depth="1" label="_f2" locssize="0" size="16"/><instructions><instruction code="L4"/><instruction code="SETL  T21, 1"/><instruction code="INCML T21, 0"/><instruction code="INCMH T21, 0"/><instruction code="INCH  T21, 0"/><instruction code="OR T3, T21, 0"/><instruction code="LDA T22, L5"/><instruction code="GO T22, T22, 0"/></instructions></code><code entrylabel="L6" exitlabel="L7" tempsize="0"><frame FP="T4" RV="T5" argssize="16" depth="1" label="_main" locssize="0" size="32"/><instructions><instruction code="L6"/><instruction code="SETL  T23, 3"/><instruction code="INCML T23, 0"/><instruction code="INCMH T23, 0"/><instruction code="INCH  T23, 0"/><instruction code="OR T12, T23, 0"/><instruction code="SETL  T24, 2"/><instruction code="INCML T24, 0"/><instruction code="INCMH T24, 0"/><instruction code="INCH  T24, 0"/><instruction code="OR T13, T24, 0"/><instruction code="ADD T25, T12, T13"/><instruction code="OR T14, T25, 0"/><instruction code="LDA T26, _i"/><instruction code="STO T26, T14, 0"/><instruction code="SETL  T28, 0"/><instruction code="INCML T28, 0"/><instruction code="INCMH T28, 0"/><instruction code="INCH  T28, 0"/><instruction code="OR T15, T28, 0"/><instruction code="LDA T29, L1"/><instruction code="OR T16, T29, 0"/><instruction code="STO T15, $254, 8"/><instruction code="STO T16, $254, 16"/><instruction code="LDA T30, _putString"/><instruction code="PUSHJ $15, T30, 0"/><instruction code="OR T17, T31, 0"/><instruction code="SETL  T32, 0"/><instruction code="INCML T32, 0"/><instruction code="INCMH T32, 0"/><instruction code="INCH  T32, 0"/><instruction code="OR T18, T32, 0"/><instruction code="OR T5, T18, 0"/><instruction code="LDA T33, L7"/><instruction code="GO T33, T33, 0"/></instructions></code></asmgen>