<?xml version="1.0" encoding="UTF-8" standalone="no"?><?xml-stylesheet type="text/xsl" href="../../data/asmgen.xsl"?><asmgen><code entrylabel="L109" exitlabel="L110" tempsize="0"><frame FP="T6" RV="T7" argssize="24" depth="1" label="_main" locssize="16" size="56"/><instructions><instruction code="L109"/><instruction code="SETL  T903, 0"/><instruction code="INCML T903, 0"/><instruction code="INCMH T903, 0"/><instruction code="INCH  T903, 0"/><instruction code="OR T30, T903, 0"/><instruction code="LDA T904, L5"/><instruction code="OR T31, T904, 0"/><instruction code="STO T30, $254, 8"/><instruction code="STO T31, $254, 16"/><instruction code="LDA T905, _putString"/><instruction code="PUSHJ $15, T905, 0"/><instruction code="OR T32, T906, 0"/><instruction code="SETL  T907, 0"/><instruction code="INCML T907, 0"/><instruction code="INCMH T907, 0"/><instruction code="INCH  T907, 0"/><instruction code="OR T33, T907, 0"/><instruction code="SETL  T908, 10"/><instruction code="INCML T908, 0"/><instruction code="INCMH T908, 0"/><instruction code="INCH  T908, 0"/><instruction code="OR T34, T908, 0"/><instruction code="SETL  T909, 256"/><instruction code="INCML T909, 0"/><instruction code="INCMH T909, 0"/><instruction code="INCH  T909, 0"/><instruction code="OR T35, T909, 0"/><instruction code="DIV T910, T34, T35"/><instruction code="OR T910, rR, 0"/><instruction code="OR T36, T910, 0"/><instruction code="STO T33, $254, 8"/><instruction code="STO T36, $254, 16"/><instruction code="LDA T911, _putChar"/><instruction code="PUSHJ $15, T911, 0"/><instruction code="OR T37, T912, 0"/><instruction code="SETL  T913, 1"/><instruction code="INCML T913, 0"/><instruction code="INCMH T913, 0"/><instruction code="INCH  T913, 0"/><instruction code="OR T38, T913, 0"/><instruction code="SETL  T914, 8"/><instruction code="INCML T914, 0"/><instruction code="INCMH T914, 0"/><instruction code="INCH  T914, 0"/><instruction code="NEG T914, 0, T914"/><instruction code="ADD T915, T6, T914"/><instruction code="STO T915, T38, 0"/><instruction code="L7"/><instruction code="OR T39, T6, 0"/><instruction code="SETL  T917, 8"/><instruction code="INCML T917, 0"/><instruction code="INCMH T917, 0"/><instruction code="INCH  T917, 0"/><instruction code="NEG T917, 0, T917"/><instruction code="OR T40, T917, 0"/><instruction code="ADD T918, T39, T40"/><instruction code="OR T41, T918, 0"/><instruction code="OR T42, T41, 0"/><instruction code="SETL  T920, 10"/><instruction code="INCML T920, 0"/><instruction code="INCMH T920, 0"/><instruction code="INCH  T920, 0"/><instruction code="OR T43, T920, 0"/><instruction code="CMP T921, T42, T43"/><instruction code="ZSNP T921, T921, 1"/><instruction code="OR T44, T921, 0"/><instruction code="BNZ T44, L8"/><instruction code="L105"/><instruction code="LDA T922, L9"/><instruction code="GO T922, T922, 0"/><instruction code="L8"/><instruction code="SETL  T923, 0"/><instruction code="INCML T923, 0"/><instruction code="INCMH T923, 0"/><instruction code="INCH  T923, 0"/><instruction code="OR T45, T923, 0"/><instruction code="OR T46, T6, 0"/><instruction code="SETL  T924, 8"/><instruction code="INCML T924, 0"/><instruction code="INCMH T924, 0"/><instruction code="INCH  T924, 0"/><instruction code="NEG T924, 0, T924"/><instruction code="OR T47, T924, 0"/><instruction code="ADD T925, T46, T47"/><instruction code="OR T48, T925, 0"/><instruction code="OR T49, T48, 0"/><instruction code="STO T45, $254, 8"/><instruction code="STO T49, $254, 16"/><instruction code="LDA T927, _putInt"/><instruction code="PUSHJ $15, T927, 0"/><instruction code="OR T50, T928, 0"/><instruction code="SETL  T929, 0"/><instruction code="INCML T929, 0"/><instruction code="INCMH T929, 0"/><instruction code="INCH  T929, 0"/><instruction code="OR T51, T929, 0"/><instruction code="LDA T930, L6"/><instruction code="OR T52, T930, 0"/><instruction code="STO T51, $254, 8"/><instruction code="STO T52, $254, 16"/><instruction code="LDA T931, _putString"/><instruction code="PUSHJ $15, T931, 0"/><instruction code="OR T53, T932, 0"/><instruction code="SETL  T933, 0"/><instruction code="INCML T933, 0"/><instruction code="INCMH T933, 0"/><instruction code="INCH  T933, 0"/><instruction code="OR T54, T933, 0"/><instruction code="SETL  T934, 0"/><instruction code="INCML T934, 0"/><instruction code="INCMH T934, 0"/><instruction code="INCH  T934, 0"/><instruction code="OR T55, T934, 0"/><instruction code="OR T56, T6, 0"/><instruction code="SETL  T935, 8"/><instruction code="INCML T935, 0"/><instruction code="INCMH T935, 0"/><instruction code="INCH  T935, 0"/><instruction code="NEG T935, 0, T935"/><instruction code="OR T57, T935, 0"/><instruction code="ADD T936, T56, T57"/><instruction code="OR T58, T936, 0"/><instruction code="OR T59, T58, 0"/><instruction code="STO T55, $254, 8"/><instruction code="STO T59, $254, 16"/><instruction code="LDA T938, _facItr"/><instruction code="PUSHJ $15, T938, 0"/><instruction code="OR T60, T939, 0"/><instruction code="STO T54, $254, 8"/><instruction code="STO T60, $254, 16"/><instruction code="LDA T940, _putInt"/><instruction code="PUSHJ $15, T940, 0"/><instruction code="OR T61, T941, 0"/><instruction code="SETL  T942, 0"/><instruction code="INCML T942, 0"/><instruction code="INCMH T942, 0"/><instruction code="INCH  T942, 0"/><instruction code="OR T62, T942, 0"/><instruction code="SETL  T943, 10"/><instruction code="INCML T943, 0"/><instruction code="INCMH T943, 0"/><instruction code="INCH  T943, 0"/><instruction code="OR T63, T943, 0"/><instruction code="SETL  T944, 256"/><instruction code="INCML T944, 0"/><instruction code="INCMH T944, 0"/><instruction code="INCH  T944, 0"/><instruction code="OR T64, T944, 0"/><instruction code="DIV T945, T63, T64"/><instruction code="OR T945, rR, 0"/><instruction code="OR T65, T945, 0"/><instruction code="STO T62, $254, 8"/><instruction code="STO T65, $254, 16"/><instruction code="LDA T946, _putChar"/><instruction code="PUSHJ $15, T946, 0"/><instruction code="OR T66, T947, 0"/><instruction code="OR T67, T6, 0"/><instruction code="SETL  T948, 8"/><instruction code="INCML T948, 0"/><instruction code="INCMH T948, 0"/><instruction code="INCH  T948, 0"/><instruction code="NEG T948, 0, T948"/><instruction code="OR T68, T948, 0"/><instruction code="ADD T949, T67, T68"/><instruction code="OR T69, T949, 0"/><instruction code="OR T70, T69, 0"/><instruction code="SETL  T951, 1"/><instruction code="INCML T951, 0"/><instruction code="INCMH T951, 0"/><instruction code="INCH  T951, 0"/><instruction code="OR T71, T951, 0"/><instruction code="ADD T952, T70, T71"/><instruction code="OR T72, T952, 0"/><instruction code="SETL  T953, 8"/><instruction code="INCML T953, 0"/><instruction code="INCMH T953, 0"/><instruction code="INCH  T953, 0"/><instruction code="NEG T953, 0, T953"/><instruction code="ADD T954, T6, T953"/><instruction code="STO T954, T72, 0"/><instruction code="LDA T956, L7"/><instruction code="GO T956, T956, 0"/><instruction code="L9"/><instruction code="SETL  T957, 0"/><instruction code="INCML T957, 0"/><instruction code="INCMH T957, 0"/><instruction code="INCH  T957, 0"/><instruction code="OR T73, T957, 0"/><instruction code="LDA T958, L10"/><instruction code="OR T74, T958, 0"/><instruction code="STO T73, $254, 8"/><instruction code="STO T74, $254, 16"/><instruction code="LDA T959, _putString"/><instruction code="PUSHJ $15, T959, 0"/><instruction code="OR T75, T960, 0"/><instruction code="SETL  T961, 0"/><instruction code="INCML T961, 0"/><instruction code="INCMH T961, 0"/><instruction code="INCH  T961, 0"/><instruction code="OR T76, T961, 0"/><instruction code="SETL  T962, 10"/><instruction code="INCML T962, 0"/><instruction code="INCMH T962, 0"/><instruction code="INCH  T962, 0"/><instruction code="OR T77, T962, 0"/><instruction code="SETL  T963, 256"/><instruction code="INCML T963, 0"/><instruction code="INCMH T963, 0"/><instruction code="INCH  T963, 0"/><instruction code="OR T78, T963, 0"/><instruction code="DIV T964, T77, T78"/><instruction code="OR T964, rR, 0"/><instruction code="OR T79, T964, 0"/><instruction code="STO T76, $254, 8"/><instruction code="STO T79, $254, 16"/><instruction code="LDA T965, _putChar"/><instruction code="PUSHJ $15, T965, 0"/><instruction code="OR T80, T966, 0"/><instruction code="SETL  T967, 1"/><instruction code="INCML T967, 0"/><instruction code="INCMH T967, 0"/><instruction code="INCH  T967, 0"/><instruction code="OR T81, T967, 0"/><instruction code="SETL  T968, 8"/><instruction code="INCML T968, 0"/><instruction code="INCMH T968, 0"/><instruction code="INCH  T968, 0"/><instruction code="NEG T968, 0, T968"/><instruction code="ADD T969, T6, T968"/><instruction code="STO T969, T81, 0"/><instruction code="L12"/><instruction code="OR T82, T6, 0"/><instruction code="SETL  T971, 8"/><instruction code="INCML T971, 0"/><instruction code="INCMH T971, 0"/><instruction code="INCH  T971, 0"/><instruction code="NEG T971, 0, T971"/><instruction code="OR T83, T971, 0"/><instruction code="ADD T972, T82, T83"/><instruction code="OR T84, T972, 0"/><instruction code="OR T85, T84, 0"/><instruction code="SETL  T974, 10"/><instruction code="INCML T974, 0"/><instruction code="INCMH T974, 0"/><instruction code="INCH  T974, 0"/><instruction code="OR T86, T974, 0"/><instruction code="CMP T975, T85, T86"/><instruction code="ZSNP T975, T975, 1"/><instruction code="OR T87, T975, 0"/><instruction code="BNZ T87, L13"/><instruction code="L106"/><instruction code="LDA T976, L14"/><instruction code="GO T976, T976, 0"/><instruction code="L13"/><instruction code="SETL  T977, 0"/><instruction code="INCML T977, 0"/><instruction code="INCMH T977, 0"/><instruction code="INCH  T977, 0"/><instruction code="OR T88, T977, 0"/><instruction code="OR T89, T6, 0"/><instruction code="SETL  T978, 8"/><instruction code="INCML T978, 0"/><instruction code="INCMH T978, 0"/><instruction code="INCH  T978, 0"/><instruction code="NEG T978, 0, T978"/><instruction code="OR T90, T978, 0"/><instruction code="ADD T979, T89, T90"/><instruction code="OR T91, T979, 0"/><instruction code="OR T92, T91, 0"/><instruction code="STO T88, $254, 8"/><instruction code="STO T92, $254, 16"/><instruction code="LDA T981, _putInt"/><instruction code="PUSHJ $15, T981, 0"/><instruction code="OR T93, T982, 0"/><instruction code="SETL  T983, 0"/><instruction code="INCML T983, 0"/><instruction code="INCMH T983, 0"/><instruction code="INCH  T983, 0"/><instruction code="OR T94, T983, 0"/><instruction code="LDA T984, L11"/><instruction code="OR T95, T984, 0"/><instruction code="STO T94, $254, 8"/><instruction code="STO T95, $254, 16"/><instruction code="LDA T985, _putString"/><instruction code="PUSHJ $15, T985, 0"/><instruction code="OR T96, T986, 0"/><instruction code="SETL  T987, 0"/><instruction code="INCML T987, 0"/><instruction code="INCMH T987, 0"/><instruction code="INCH  T987, 0"/><instruction code="OR T97, T987, 0"/><instruction code="SETL  T988, 0"/><instruction code="INCML T988, 0"/><instruction code="INCMH T988, 0"/><instruction code="INCH  T988, 0"/><instruction code="OR T98, T988, 0"/><instruction code="OR T99, T6, 0"/><instruction code="SETL  T989, 8"/><instruction code="INCML T989, 0"/><instruction code="INCMH T989, 0"/><instruction code="INCH  T989, 0"/><instruction code="NEG T989, 0, T989"/><instruction code="OR T100, T989, 0"/><instruction code="ADD T990, T99, T100"/><instruction code="OR T101, T990, 0"/><instruction code="OR T102, T101, 0"/><instruction code="STO T98, $254, 8"/><instruction code="STO T102, $254, 16"/><instruction code="LDA T992, _facRec"/><instruction code="PUSHJ $15, T992, 0"/><instruction code="OR T103, T993, 0"/><instruction code="STO T97, $254, 8"/><instruction code="STO T103, $254, 16"/><instruction code="LDA T994, _putInt"/><instruction code="PUSHJ $15, T994, 0"/><instruction code="OR T104, T995, 0"/><instruction code="SETL  T996, 0"/><instruction code="INCML T996, 0"/><instruction code="INCMH T996, 0"/><instruction code="INCH  T996, 0"/><instruction code="OR T105, T996, 0"/><instruction code="SETL  T997, 10"/><instruction code="INCML T997, 0"/><instruction code="INCMH T997, 0"/><instruction code="INCH  T997, 0"/><instruction code="OR T106, T997, 0"/><instruction code="SETL  T998, 256"/><instruction code="INCML T998, 0"/><instruction code="INCMH T998, 0"/><instruction code="INCH  T998, 0"/><instruction code="OR T107, T998, 0"/><instruction code="DIV T999, T106, T107"/><instruction code="OR T999, rR, 0"/><instruction code="OR T108, T999, 0"/><instruction code="STO T105, $254, 8"/><instruction code="STO T108, $254, 16"/><instruction code="LDA T1000, _putChar"/><instruction code="PUSHJ $15, T1000, 0"/><instruction code="OR T109, T1001, 0"/><instruction code="OR T110, T6, 0"/><instruction code="SETL  T1002, 8"/><instruction code="INCML T1002, 0"/><instruction code="INCMH T1002, 0"/><instruction code="INCH  T1002, 0"/><instruction code="NEG T1002, 0, T1002"/><instruction code="OR T111, T1002, 0"/><instruction code="ADD T1003, T110, T111"/><instruction code="OR T112, T1003, 0"/><instruction code="OR T113, T112, 0"/><instruction code="SETL  T1005, 1"/><instruction code="INCML T1005, 0"/><instruction code="INCMH T1005, 0"/><instruction code="INCH  T1005, 0"/><instruction code="OR T114, T1005, 0"/><instruction code="ADD T1006, T113, T114"/><instruction code="OR T115, T1006, 0"/><instruction code="SETL  T1007, 8"/><instruction code="INCML T1007, 0"/><instruction code="INCMH T1007, 0"/><instruction code="INCH  T1007, 0"/><instruction code="NEG T1007, 0, T1007"/><instruction code="ADD T1008, T6, T1007"/><instruction code="STO T1008, T115, 0"/><instruction code="LDA T1010, L12"/><instruction code="GO T1010, T1010, 0"/><instruction code="L14"/><instruction code="SETL  T1011, 0"/><instruction code="INCML T1011, 0"/><instruction code="INCMH T1011, 0"/><instruction code="INCH  T1011, 0"/><instruction code="OR T116, T1011, 0"/><instruction code="LDA T1012, L15"/><instruction code="OR T117, T1012, 0"/><instruction code="STO T116, $254, 8"/><instruction code="STO T117, $254, 16"/><instruction code="LDA T1013, _putString"/><instruction code="PUSHJ $15, T1013, 0"/><instruction code="OR T118, T1014, 0"/><instruction code="SETL  T1015, 0"/><instruction code="INCML T1015, 0"/><instruction code="INCMH T1015, 0"/><instruction code="INCH  T1015, 0"/><instruction code="OR T119, T1015, 0"/><instruction code="SETL  T1016, 10"/><instruction code="INCML T1016, 0"/><instruction code="INCMH T1016, 0"/><instruction code="INCH  T1016, 0"/><instruction code="OR T120, T1016, 0"/><instruction code="SETL  T1017, 256"/><instruction code="INCML T1017, 0"/><instruction code="INCMH T1017, 0"/><instruction code="INCH  T1017, 0"/><instruction code="OR T121, T1017, 0"/><instruction code="DIV T1018, T120, T121"/><instruction code="OR T1018, rR, 0"/><instruction code="OR T122, T1018, 0"/><instruction code="STO T119, $254, 8"/><instruction code="STO T122, $254, 16"/><instruction code="LDA T1019, _putChar"/><instruction code="PUSHJ $15, T1019, 0"/><instruction code="OR T123, T1020, 0"/><instruction code="SETL  T1021, 1"/><instruction code="INCML T1021, 0"/><instruction code="INCMH T1021, 0"/><instruction code="INCH  T1021, 0"/><instruction code="OR T124, T1021, 0"/><instruction code="SETL  T1022, 8"/><instruction code="INCML T1022, 0"/><instruction code="INCMH T1022, 0"/><instruction code="INCH  T1022, 0"/><instruction code="NEG T1022, 0, T1022"/><instruction code="ADD T1023, T6, T1022"/><instruction code="STO T1023, T124, 0"/><instruction code="L17"/><instruction code="OR T125, T6, 0"/><instruction code="SETL  T1025, 8"/><instruction code="INCML T1025, 0"/><instruction code="INCMH T1025, 0"/><instruction code="INCH  T1025, 0"/><instruction code="NEG T1025, 0, T1025"/><instruction code="OR T126, T1025, 0"/><instruction code="ADD T1026, T125, T126"/><instruction code="OR T127, T1026, 0"/><instruction code="OR T128, T127, 0"/><instruction code="SETL  T1028, 10"/><instruction code="INCML T1028, 0"/><instruction code="INCMH T1028, 0"/><instruction code="INCH  T1028, 0"/><instruction code="OR T129, T1028, 0"/><instruction code="CMP T1029, T128, T129"/><instruction code="ZSNP T1029, T1029, 1"/><instruction code="OR T130, T1029, 0"/><instruction code="BNZ T130, L18"/><instruction code="L107"/><instruction code="LDA T1030, L19"/><instruction code="GO T1030, T1030, 0"/><instruction code="L18"/><instruction code="SETL  T1031, 0"/><instruction code="INCML T1031, 0"/><instruction code="INCMH T1031, 0"/><instruction code="INCH  T1031, 0"/><instruction code="OR T131, T1031, 0"/><instruction code="OR T132, T6, 0"/><instruction code="SETL  T1032, 8"/><instruction code="INCML T1032, 0"/><instruction code="INCMH T1032, 0"/><instruction code="INCH  T1032, 0"/><instruction code="NEG T1032, 0, T1032"/><instruction code="OR T133, T1032, 0"/><instruction code="ADD T1033, T132, T133"/><instruction code="OR T134, T1033, 0"/><instruction code="OR T135, T134, 0"/><instruction code="STO T131, $254, 8"/><instruction code="STO T135, $254, 16"/><instruction code="LDA T1035, _putInt"/><instruction code="PUSHJ $15, T1035, 0"/><instruction code="OR T136, T1036, 0"/><instruction code="SETL  T1037, 0"/><instruction code="INCML T1037, 0"/><instruction code="INCMH T1037, 0"/><instruction code="INCH  T1037, 0"/><instruction code="OR T137, T1037, 0"/><instruction code="LDA T1038, L16"/><instruction code="OR T138, T1038, 0"/><instruction code="STO T137, $254, 8"/><instruction code="STO T138, $254, 16"/><instruction code="LDA T1039, _putString"/><instruction code="PUSHJ $15, T1039, 0"/><instruction code="OR T139, T1040, 0"/><instruction code="SETL  T1041, 0"/><instruction code="INCML T1041, 0"/><instruction code="INCMH T1041, 0"/><instruction code="INCH  T1041, 0"/><instruction code="OR T140, T1041, 0"/><instruction code="SETL  T1042, 0"/><instruction code="INCML T1042, 0"/><instruction code="INCMH T1042, 0"/><instruction code="INCH  T1042, 0"/><instruction code="OR T141, T1042, 0"/><instruction code="OR T142, T6, 0"/><instruction code="SETL  T1043, 8"/><instruction code="INCML T1043, 0"/><instruction code="INCMH T1043, 0"/><instruction code="INCH  T1043, 0"/><instruction code="NEG T1043, 0, T1043"/><instruction code="OR T143, T1043, 0"/><instruction code="ADD T1044, T142, T143"/><instruction code="OR T144, T1044, 0"/><instruction code="OR T145, T144, 0"/><instruction code="STO T141, $254, 8"/><instruction code="STO T145, $254, 16"/><instruction code="LDA T1046, _fibItr"/><instruction code="PUSHJ $15, T1046, 0"/><instruction code="OR T146, T1047, 0"/><instruction code="STO T140, $254, 8"/><instruction code="STO T146, $254, 16"/><instruction code="LDA T1048, _putInt"/><instruction code="PUSHJ $15, T1048, 0"/><instruction code="OR T147, T1049, 0"/><instruction code="SETL  T1050, 0"/><instruction code="INCML T1050, 0"/><instruction code="INCMH T1050, 0"/><instruction code="INCH  T1050, 0"/><instruction code="OR T148, T1050, 0"/><instruction code="SETL  T1051, 10"/><instruction code="INCML T1051, 0"/><instruction code="INCMH T1051, 0"/><instruction code="INCH  T1051, 0"/><instruction code="OR T149, T1051, 0"/><instruction code="SETL  T1052, 256"/><instruction code="INCML T1052, 0"/><instruction code="INCMH T1052, 0"/><instruction code="INCH  T1052, 0"/><instruction code="OR T150, T1052, 0"/><instruction code="DIV T1053, T149, T150"/><instruction code="OR T1053, rR, 0"/><instruction code="OR T151, T1053, 0"/><instruction code="STO T148, $254, 8"/><instruction code="STO T151, $254, 16"/><instruction code="LDA T1054, _putChar"/><instruction code="PUSHJ $15, T1054, 0"/><instruction code="OR T152, T1055, 0"/><instruction code="OR T153, T6, 0"/><instruction code="SETL  T1056, 8"/><instruction code="INCML T1056, 0"/><instruction code="INCMH T1056, 0"/><instruction code="INCH  T1056, 0"/><instruction code="NEG T1056, 0, T1056"/><instruction code="OR T154, T1056, 0"/><instruction code="ADD T1057, T153, T154"/><instruction code="OR T155, T1057, 0"/><instruction code="OR T156, T155, 0"/><instruction code="SETL  T1059, 1"/><instruction code="INCML T1059, 0"/><instruction code="INCMH T1059, 0"/><instruction code="INCH  T1059, 0"/><instruction code="OR T157, T1059, 0"/><instruction code="ADD T1060, T156, T157"/><instruction code="OR T158, T1060, 0"/><instruction code="SETL  T1061, 8"/><instruction code="INCML T1061, 0"/><instruction code="INCMH T1061, 0"/><instruction code="INCH  T1061, 0"/><instruction code="NEG T1061, 0, T1061"/><instruction code="ADD T1062, T6, T1061"/><instruction code="STO T1062, T158, 0"/><instruction code="LDA T1064, L17"/><instruction code="GO T1064, T1064, 0"/><instruction code="L19"/><instruction code="SETL  T1065, 0"/><instruction code="INCML T1065, 0"/><instruction code="INCMH T1065, 0"/><instruction code="INCH  T1065, 0"/><instruction code="OR T159, T1065, 0"/><instruction code="LDA T1066, L20"/><instruction code="OR T160, T1066, 0"/><instruction code="STO T159, $254, 8"/><instruction code="STO T160, $254, 16"/><instruction code="LDA T1067, _putString"/><instruction code="PUSHJ $15, T1067, 0"/><instruction code="OR T161, T1068, 0"/><instruction code="SETL  T1069, 0"/><instruction code="INCML T1069, 0"/><instruction code="INCMH T1069, 0"/><instruction code="INCH  T1069, 0"/><instruction code="OR T162, T1069, 0"/><instruction code="SETL  T1070, 10"/><instruction code="INCML T1070, 0"/><instruction code="INCMH T1070, 0"/><instruction code="INCH  T1070, 0"/><instruction code="OR T163, T1070, 0"/><instruction code="SETL  T1071, 256"/><instruction code="INCML T1071, 0"/><instruction code="INCMH T1071, 0"/><instruction code="INCH  T1071, 0"/><instruction code="OR T164, T1071, 0"/><instruction code="DIV T1072, T163, T164"/><instruction code="OR T1072, rR, 0"/><instruction code="OR T165, T1072, 0"/><instruction code="STO T162, $254, 8"/><instruction code="STO T165, $254, 16"/><instruction code="LDA T1073, _putChar"/><instruction code="PUSHJ $15, T1073, 0"/><instruction code="OR T166, T1074, 0"/><instruction code="SETL  T1075, 1"/><instruction code="INCML T1075, 0"/><instruction code="INCMH T1075, 0"/><instruction code="INCH  T1075, 0"/><instruction code="OR T167, T1075, 0"/><instruction code="SETL  T1076, 8"/><instruction code="INCML T1076, 0"/><instruction code="INCMH T1076, 0"/><instruction code="INCH  T1076, 0"/><instruction code="NEG T1076, 0, T1076"/><instruction code="ADD T1077, T6, T1076"/><instruction code="STO T1077, T167, 0"/><instruction code="L22"/><instruction code="OR T168, T6, 0"/><instruction code="SETL  T1079, 8"/><instruction code="INCML T1079, 0"/><instruction code="INCMH T1079, 0"/><instruction code="INCH  T1079, 0"/><instruction code="NEG T1079, 0, T1079"/><instruction code="OR T169, T1079, 0"/><instruction code="ADD T1080, T168, T169"/><instruction code="OR T170, T1080, 0"/><instruction code="OR T171, T170, 0"/><instruction code="SETL  T1082, 10"/><instruction code="INCML T1082, 0"/><instruction code="INCMH T1082, 0"/><instruction code="INCH  T1082, 0"/><instruction code="OR T172, T1082, 0"/><instruction code="CMP T1083, T171, T172"/><instruction code="ZSNP T1083, T1083, 1"/><instruction code="OR T173, T1083, 0"/><instruction code="BNZ T173, L23"/><instruction code="L108"/><instruction code="LDA T1084, L24"/><instruction code="GO T1084, T1084, 0"/><instruction code="L23"/><instruction code="SETL  T1085, 0"/><instruction code="INCML T1085, 0"/><instruction code="INCMH T1085, 0"/><instruction code="INCH  T1085, 0"/><instruction code="OR T174, T1085, 0"/><instruction code="OR T175, T6, 0"/><instruction code="SETL  T1086, 8"/><instruction code="INCML T1086, 0"/><instruction code="INCMH T1086, 0"/><instruction code="INCH  T1086, 0"/><instruction code="NEG T1086, 0, T1086"/><instruction code="OR T176, T1086, 0"/><instruction code="ADD T1087, T175, T176"/><instruction code="OR T177, T1087, 0"/><instruction code="OR T178, T177, 0"/><instruction code="STO T174, $254, 8"/><instruction code="STO T178, $254, 16"/><instruction code="LDA T1089, _putInt"/><instruction code="PUSHJ $15, T1089, 0"/><instruction code="OR T179, T1090, 0"/><instruction code="SETL  T1091, 0"/><instruction code="INCML T1091, 0"/><instruction code="INCMH T1091, 0"/><instruction code="INCH  T1091, 0"/><instruction code="OR T180, T1091, 0"/><instruction code="LDA T1092, L21"/><instruction code="OR T181, T1092, 0"/><instruction code="STO T180, $254, 8"/><instruction code="STO T181, $254, 16"/><instruction code="LDA T1093, _putString"/><instruction code="PUSHJ $15, T1093, 0"/><instruction code="OR T182, T1094, 0"/><instruction code="SETL  T1095, 0"/><instruction code="INCML T1095, 0"/><instruction code="INCMH T1095, 0"/><instruction code="INCH  T1095, 0"/><instruction code="OR T183, T1095, 0"/><instruction code="SETL  T1096, 0"/><instruction code="INCML T1096, 0"/><instruction code="INCMH T1096, 0"/><instruction code="INCH  T1096, 0"/><instruction code="OR T184, T1096, 0"/><instruction code="OR T185, T6, 0"/><instruction code="SETL  T1097, 8"/><instruction code="INCML T1097, 0"/><instruction code="INCMH T1097, 0"/><instruction code="INCH  T1097, 0"/><instruction code="NEG T1097, 0, T1097"/><instruction code="OR T186, T1097, 0"/><instruction code="ADD T1098, T185, T186"/><instruction code="OR T187, T1098, 0"/><instruction code="OR T188, T187, 0"/><instruction code="STO T184, $254, 8"/><instruction code="STO T188, $254, 16"/><instruction code="LDA T1100, _fibRec"/><instruction code="PUSHJ $15, T1100, 0"/><instruction code="OR T189, T1101, 0"/><instruction code="STO T183, $254, 8"/><instruction code="STO T189, $254, 16"/><instruction code="LDA T1102, _putInt"/><instruction code="PUSHJ $15, T1102, 0"/><instruction code="OR T190, T1103, 0"/><instruction code="SETL  T1104, 0"/><instruction code="INCML T1104, 0"/><instruction code="INCMH T1104, 0"/><instruction code="INCH  T1104, 0"/><instruction code="OR T191, T1104, 0"/><instruction code="SETL  T1105, 10"/><instruction code="INCML T1105, 0"/><instruction code="INCMH T1105, 0"/><instruction code="INCH  T1105, 0"/><instruction code="OR T192, T1105, 0"/><instruction code="SETL  T1106, 256"/><instruction code="INCML T1106, 0"/><instruction code="INCMH T1106, 0"/><instruction code="INCH  T1106, 0"/><instruction code="OR T193, T1106, 0"/><instruction code="DIV T1107, T192, T193"/><instruction code="OR T1107, rR, 0"/><instruction code="OR T194, T1107, 0"/><instruction code="STO T191, $254, 8"/><instruction code="STO T194, $254, 16"/><instruction code="LDA T1108, _putChar"/><instruction code="PUSHJ $15, T1108, 0"/><instruction code="OR T195, T1109, 0"/><instruction code="OR T196, T6, 0"/><instruction code="SETL  T1110, 8"/><instruction code="INCML T1110, 0"/><instruction code="INCMH T1110, 0"/><instruction code="INCH  T1110, 0"/><instruction code="NEG T1110, 0, T1110"/><instruction code="OR T197, T1110, 0"/><instruction code="ADD T1111, T196, T197"/><instruction code="OR T198, T1111, 0"/><instruction code="OR T199, T198, 0"/><instruction code="SETL  T1113, 1"/><instruction code="INCML T1113, 0"/><instruction code="INCMH T1113, 0"/><instruction code="INCH  T1113, 0"/><instruction code="OR T200, T1113, 0"/><instruction code="ADD T1114, T199, T200"/><instruction code="OR T201, T1114, 0"/><instruction code="SETL  T1115, 8"/><instruction code="INCML T1115, 0"/><instruction code="INCMH T1115, 0"/><instruction code="INCH  T1115, 0"/><instruction code="NEG T1115, 0, T1115"/><instruction code="ADD T1116, T6, T1115"/><instruction code="STO T1116, T201, 0"/><instruction code="LDA T1118, L22"/><instruction code="GO T1118, T1118, 0"/><instruction code="L24"/><instruction code="SETL  T1119, 0"/><instruction code="INCML T1119, 0"/><instruction code="INCMH T1119, 0"/><instruction code="INCH  T1119, 0"/><instruction code="OR T202, T1119, 0"/><instruction code="LDA T1120, L25"/><instruction code="OR T203, T1120, 0"/><instruction code="STO T202, $254, 8"/><instruction code="STO T203, $254, 16"/><instruction code="LDA T1121, _putString"/><instruction code="PUSHJ $15, T1121, 0"/><instruction code="OR T204, T1122, 0"/><instruction code="SETL  T1123, 0"/><instruction code="INCML T1123, 0"/><instruction code="INCMH T1123, 0"/><instruction code="INCH  T1123, 0"/><instruction code="OR T205, T1123, 0"/><instruction code="SETL  T1124, 10"/><instruction code="INCML T1124, 0"/><instruction code="INCMH T1124, 0"/><instruction code="INCH  T1124, 0"/><instruction code="OR T206, T1124, 0"/><instruction code="SETL  T1125, 256"/><instruction code="INCML T1125, 0"/><instruction code="INCMH T1125, 0"/><instruction code="INCH  T1125, 0"/><instruction code="OR T207, T1125, 0"/><instruction code="DIV T1126, T206, T207"/><instruction code="OR T1126, rR, 0"/><instruction code="OR T208, T1126, 0"/><instruction code="STO T205, $254, 8"/><instruction code="STO T208, $254, 16"/><instruction code="LDA T1127, _putChar"/><instruction code="PUSHJ $15, T1127, 0"/><instruction code="OR T209, T1128, 0"/><instruction code="SETL  T1129, 0"/><instruction code="INCML T1129, 0"/><instruction code="INCMH T1129, 0"/><instruction code="INCH  T1129, 0"/><instruction code="OR T210, T1129, 0"/><instruction code="SETL  T1130, 4"/><instruction code="INCML T1130, 0"/><instruction code="INCMH T1130, 0"/><instruction code="INCH  T1130, 0"/><instruction code="OR T211, T1130, 0"/><instruction code="SETL  T1131, 3"/><instruction code="INCML T1131, 0"/><instruction code="INCMH T1131, 0"/><instruction code="INCH  T1131, 0"/><instruction code="OR T212, T1131, 0"/><instruction code="STO T210, $254, 8"/><instruction code="STO T211, $254, 16"/><instruction code="STO T212, $254, 24"/><instruction code="LDA T1132, _combs"/><instruction code="PUSHJ $15, T1132, 0"/><instruction code="OR T213, T1133, 0"/><instruction code="SETL  T1134, 0"/><instruction code="INCML T1134, 0"/><instruction code="INCMH T1134, 0"/><instruction code="INCH  T1134, 0"/><instruction code="OR T214, T1134, 0"/><instruction code="OR T7, T214, 0"/><instruction code="LDA T1135, L110"/><instruction code="GO T1135, T1135, 0"/></instructions></code><code entrylabel="L112" exitlabel="L113" tempsize="0"><frame FP="T8" RV="T9" argssize="0" depth="1" label="_facItr" locssize="8" size="24"/><instructions><instruction code="L112"/><instruction code="SETL  T1136, 1"/><instruction code="INCML T1136, 0"/><instruction code="INCMH T1136, 0"/><instruction code="INCH  T1136, 0"/><instruction code="OR T215, T1136, 0"/><instruction code="SETL  T1137, 8"/><instruction code="INCML T1137, 0"/><instruction code="INCMH T1137, 0"/><instruction code="INCH  T1137, 0"/><instruction code="NEG T1137, 0, T1137"/><instruction code="ADD T1138, T8, T1137"/><instruction code="STO T1138, T215, 0"/><instruction code="L26"/><instruction code="OR T216, T8, 0"/><instruction code="SETL  T1140, 8"/><instruction code="INCML T1140, 0"/><instruction code="INCMH T1140, 0"/><instruction code="INCH  T1140, 0"/><instruction code="OR T217, T1140, 0"/><instruction code="ADD T1141, T216, T217"/><instruction code="OR T218, T1141, 0"/><instruction code="OR T219, T218, 0"/><instruction code="SETL  T1143, 0"/><instruction code="INCML T1143, 0"/><instruction code="INCMH T1143, 0"/><instruction code="INCH  T1143, 0"/><instruction code="OR T220, T1143, 0"/><instruction code="CMP T1144, T219, T220"/><instruction code="ZSP T1144, T1144, 1"/><instruction code="OR T221, T1144, 0"/><instruction code="BNZ T221, L27"/><instruction code="L111"/><instruction code="LDA T1145, L28"/><instruction code="GO T1145, T1145, 0"/><instruction code="L27"/><instruction code="OR T222, T8, 0"/><instruction code="SETL  T1146, 8"/><instruction code="INCML T1146, 0"/><instruction code="INCMH T1146, 0"/><instruction code="INCH  T1146, 0"/><instruction code="NEG T1146, 0, T1146"/><instruction code="OR T223, T1146, 0"/><instruction code="ADD T1147, T222, T223"/><instruction code="OR T224, T1147, 0"/><instruction code="OR T225, T224, 0"/><instruction code="OR T226, T8, 0"/><instruction code="SETL  T1149, 8"/><instruction code="INCML T1149, 0"/><instruction code="INCMH T1149, 0"/><instruction code="INCH  T1149, 0"/><instruction code="OR T227, T1149, 0"/><instruction code="ADD T1150, T226, T227"/><instruction code="OR T228, T1150, 0"/><instruction code="OR T229, T228, 0"/><instruction code="MUL T1152, T225, T229"/><instruction code="OR T230, T1152, 0"/><instruction code="SETL  T1153, 8"/><instruction code="INCML T1153, 0"/><instruction code="INCMH T1153, 0"/><instruction code="INCH  T1153, 0"/><instruction code="NEG T1153, 0, T1153"/><instruction code="ADD T1154, T8, T1153"/><instruction code="STO T1154, T230, 0"/><instruction code="OR T231, T8, 0"/><instruction code="SETL  T1156, 8"/><instruction code="INCML T1156, 0"/><instruction code="INCMH T1156, 0"/><instruction code="INCH  T1156, 0"/><instruction code="OR T232, T1156, 0"/><instruction code="ADD T1157, T231, T232"/><instruction code="OR T233, T1157, 0"/><instruction code="OR T234, T233, 0"/><instruction code="SETL  T1159, 1"/><instruction code="INCML T1159, 0"/><instruction code="INCMH T1159, 0"/><instruction code="INCH  T1159, 0"/><instruction code="OR T235, T1159, 0"/><instruction code="SUB T1160, T234, T235"/><instruction code="OR T236, T1160, 0"/><instruction code="SETL  T1161, 8"/><instruction code="INCML T1161, 0"/><instruction code="INCMH T1161, 0"/><instruction code="INCH  T1161, 0"/><instruction code="ADD T1162, T8, T1161"/><instruction code="STO T1162, T236, 0"/><instruction code="LDA T1164, L26"/><instruction code="GO T1164, T1164, 0"/><instruction code="L28"/><instruction code="OR T237, T8, 0"/><instruction code="SETL  T1165, 8"/><instruction code="INCML T1165, 0"/><instruction code="INCMH T1165, 0"/><instruction code="INCH  T1165, 0"/><instruction code="NEG T1165, 0, T1165"/><instruction code="OR T238, T1165, 0"/><instruction code="ADD T1166, T237, T238"/><instruction code="OR T239, T1166, 0"/><instruction code="OR T240, T239, 0"/><instruction code="OR T9, T240, 0"/><instruction code="LDA T1168, L113"/><instruction code="GO T1168, T1168, 0"/></instructions></code><code entrylabel="L115" exitlabel="L116" tempsize="0"><frame FP="T10" RV="T11" argssize="16" depth="1" label="_facRec" locssize="8" size="40"/><instructions><instruction code="L115"/><instruction code="OR T241, T10, 0"/><instruction code="SETL  T1169, 8"/><instruction code="INCML T1169, 0"/><instruction code="INCMH T1169, 0"/><instruction code="INCH  T1169, 0"/><instruction code="OR T242, T1169, 0"/><instruction code="ADD T1170, T241, T242"/><instruction code="OR T243, T1170, 0"/><instruction code="OR T244, T243, 0"/><instruction code="SETL  T1172, 1"/><instruction code="INCML T1172, 0"/><instruction code="INCMH T1172, 0"/><instruction code="INCH  T1172, 0"/><instruction code="OR T245, T1172, 0"/><instruction code="CMP T1173, T244, T245"/><instruction code="ZSZ T1173, T1173, 1"/><instruction code="OR T246, T1173, 0"/><instruction code="BNZ T246, L29"/><instruction code="L114"/><instruction code="LDA T1174, L30"/><instruction code="GO T1174, T1174, 0"/><instruction code="L29"/><instruction code="SETL  T1175, 1"/><instruction code="INCML T1175, 0"/><instruction code="INCMH T1175, 0"/><instruction code="INCH  T1175, 0"/><instruction code="OR T247, T1175, 0"/><instruction code="SETL  T1176, 8"/><instruction code="INCML T1176, 0"/><instruction code="INCMH T1176, 0"/><instruction code="INCH  T1176, 0"/><instruction code="NEG T1176, 0, T1176"/><instruction code="ADD T1177, T10, T1176"/><instruction code="STO T1177, T247, 0"/><instruction code="LDA T1179, L31"/><instruction code="GO T1179, T1179, 0"/><instruction code="L30"/><instruction code="OR T248, T10, 0"/><instruction code="SETL  T1180, 8"/><instruction code="INCML T1180, 0"/><instruction code="INCMH T1180, 0"/><instruction code="INCH  T1180, 0"/><instruction code="OR T249, T1180, 0"/><instruction code="ADD T1181, T248, T249"/><instruction code="OR T250, T1181, 0"/><instruction code="OR T251, T250, 0"/><instruction code="SETL  T1183, 0"/><instruction code="INCML T1183, 0"/><instruction code="INCMH T1183, 0"/><instruction code="INCH  T1183, 0"/><instruction code="OR T252, T1183, 0"/><instruction code="OR T253, T10, 0"/><instruction code="SETL  T1184, 8"/><instruction code="INCML T1184, 0"/><instruction code="INCMH T1184, 0"/><instruction code="INCH  T1184, 0"/><instruction code="OR T254, T1184, 0"/><instruction code="ADD T1185, T253, T254"/><instruction code="OR T255, T1185, 0"/><instruction code="OR T256, T255, 0"/><instruction code="SETL  T1187, 1"/><instruction code="INCML T1187, 0"/><instruction code="INCMH T1187, 0"/><instruction code="INCH  T1187, 0"/><instruction code="OR T257, T1187, 0"/><instruction code="SUB T1188, T256, T257"/><instruction code="OR T258, T1188, 0"/><instruction code="STO T252, $254, 8"/><instruction code="STO T258, $254, 16"/><instruction code="LDA T1189, _facRec"/><instruction code="PUSHJ $15, T1189, 0"/><instruction code="OR T259, T1190, 0"/><instruction code="MUL T1191, T251, T259"/><instruction code="OR T260, T1191, 0"/><instruction code="SETL  T1192, 8"/><instruction code="INCML T1192, 0"/><instruction code="INCMH T1192, 0"/><instruction code="INCH  T1192, 0"/><instruction code="NEG T1192, 0, T1192"/><instruction code="ADD T1193, T10, T1192"/><instruction code="STO T1193, T260, 0"/><instruction code="L31"/><instruction code="OR T261, T10, 0"/><instruction code="SETL  T1195, 8"/><instruction code="INCML T1195, 0"/><instruction code="INCMH T1195, 0"/><instruction code="INCH  T1195, 0"/><instruction code="NEG T1195, 0, T1195"/><instruction code="OR T262, T1195, 0"/><instruction code="ADD T1196, T261, T262"/><instruction code="OR T263, T1196, 0"/><instruction code="OR T264, T263, 0"/><instruction code="OR T11, T264, 0"/><instruction code="LDA T1198, L116"/><instruction code="GO T1198, T1198, 0"/></instructions></code><code entrylabel="L118" exitlabel="L119" tempsize="0"><frame FP="T12" RV="T13" argssize="0" depth="1" label="_fibItr" locssize="24" size="40"/><instructions><instruction code="L118"/><instruction code="SETL  T1199, 1"/><instruction code="INCML T1199, 0"/><instruction code="INCMH T1199, 0"/><instruction code="INCH  T1199, 0"/><instruction code="OR T265, T1199, 0"/><instruction code="SETL  T1200, 8"/><instruction code="INCML T1200, 0"/><instruction code="INCMH T1200, 0"/><instruction code="INCH  T1200, 0"/><instruction code="NEG T1200, 0, T1200"/><instruction code="ADD T1201, T12, T1200"/><instruction code="STO T1201, T265, 0"/><instruction code="SETL  T1203, 1"/><instruction code="INCML T1203, 0"/><instruction code="INCMH T1203, 0"/><instruction code="INCH  T1203, 0"/><instruction code="OR T266, T1203, 0"/><instruction code="SETL  T1204, 16"/><instruction code="INCML T1204, 0"/><instruction code="INCMH T1204, 0"/><instruction code="INCH  T1204, 0"/><instruction code="NEG T1204, 0, T1204"/><instruction code="ADD T1205, T12, T1204"/><instruction code="STO T1205, T266, 0"/><instruction code="SETL  T1207, 0"/><instruction code="INCML T1207, 0"/><instruction code="INCMH T1207, 0"/><instruction code="INCH  T1207, 0"/><instruction code="OR T267, T1207, 0"/><instruction code="SETL  T1208, 24"/><instruction code="INCML T1208, 0"/><instruction code="INCMH T1208, 0"/><instruction code="INCH  T1208, 0"/><instruction code="NEG T1208, 0, T1208"/><instruction code="ADD T1209, T12, T1208"/><instruction code="STO T1209, T267, 0"/><instruction code="L32"/><instruction code="OR T268, T12, 0"/><instruction code="SETL  T1211, 8"/><instruction code="INCML T1211, 0"/><instruction code="INCMH T1211, 0"/><instruction code="INCH  T1211, 0"/><instruction code="OR T269, T1211, 0"/><instruction code="ADD T1212, T268, T269"/><instruction code="OR T270, T1212, 0"/><instruction code="OR T271, T270, 0"/><instruction code="SETL  T1214, 1"/><instruction code="INCML T1214, 0"/><instruction code="INCMH T1214, 0"/><instruction code="INCH  T1214, 0"/><instruction code="OR T272, T1214, 0"/><instruction code="CMP T1215, T271, T272"/><instruction code="ZSP T1215, T1215, 1"/><instruction code="OR T273, T1215, 0"/><instruction code="BNZ T273, L33"/><instruction code="L117"/><instruction code="LDA T1216, L34"/><instruction code="GO T1216, T1216, 0"/><instruction code="L33"/><instruction code="OR T274, T12, 0"/><instruction code="SETL  T1217, 16"/><instruction code="INCML T1217, 0"/><instruction code="INCMH T1217, 0"/><instruction code="INCH  T1217, 0"/><instruction code="NEG T1217, 0, T1217"/><instruction code="OR T275, T1217, 0"/><instruction code="ADD T1218, T274, T275"/><instruction code="OR T276, T1218, 0"/><instruction code="OR T277, T276, 0"/><instruction code="OR T278, T12, 0"/><instruction code="SETL  T1220, 24"/><instruction code="INCML T1220, 0"/><instruction code="INCMH T1220, 0"/><instruction code="INCH  T1220, 0"/><instruction code="NEG T1220, 0, T1220"/><instruction code="OR T279, T1220, 0"/><instruction code="ADD T1221, T278, T279"/><instruction code="OR T280, T1221, 0"/><instruction code="OR T281, T280, 0"/><instruction code="ADD T1223, T277, T281"/><instruction code="OR T282, T1223, 0"/><instruction code="SETL  T1224, 8"/><instruction code="INCML T1224, 0"/><instruction code="INCMH T1224, 0"/><instruction code="INCH  T1224, 0"/><instruction code="NEG T1224, 0, T1224"/><instruction code="ADD T1225, T12, T1224"/><instruction code="STO T1225, T282, 0"/><instruction code="OR T283, T12, 0"/><instruction code="SETL  T1227, 16"/><instruction code="INCML T1227, 0"/><instruction code="INCMH T1227, 0"/><instruction code="INCH  T1227, 0"/><instruction code="NEG T1227, 0, T1227"/><instruction code="OR T284, T1227, 0"/><instruction code="ADD T1228, T283, T284"/><instruction code="OR T285, T1228, 0"/><instruction code="OR T286, T285, 0"/><instruction code="SETL  T1230, 24"/><instruction code="INCML T1230, 0"/><instruction code="INCMH T1230, 0"/><instruction code="INCH  T1230, 0"/><instruction code="NEG T1230, 0, T1230"/><instruction code="ADD T1231, T12, T1230"/><instruction code="STO T1231, T286, 0"/><instruction code="OR T287, T12, 0"/><instruction code="SETL  T1233, 8"/><instruction code="INCML T1233, 0"/><instruction code="INCMH T1233, 0"/><instruction code="INCH  T1233, 0"/><instruction code="NEG T1233, 0, T1233"/><instruction code="OR T288, T1233, 0"/><instruction code="ADD T1234, T287, T288"/><instruction code="OR T289, T1234, 0"/><instruction code="OR T290, T289, 0"/><instruction code="SETL  T1236, 16"/><instruction code="INCML T1236, 0"/><instruction code="INCMH T1236, 0"/><instruction code="INCH  T1236, 0"/><instruction code="NEG T1236, 0, T1236"/><instruction code="ADD T1237, T12, T1236"/><instruction code="STO T1237, T290, 0"/><instruction code="OR T291, T12, 0"/><instruction code="SETL  T1239, 8"/><instruction code="INCML T1239, 0"/><instruction code="INCMH T1239, 0"/><instruction code="INCH  T1239, 0"/><instruction code="OR T292, T1239, 0"/><instruction code="ADD T1240, T291, T292"/><instruction code="OR T293, T1240, 0"/><instruction code="OR T294, T293, 0"/><instruction code="SETL  T1242, 1"/><instruction code="INCML T1242, 0"/><instruction code="INCMH T1242, 0"/><instruction code="INCH  T1242, 0"/><instruction code="OR T295, T1242, 0"/><instruction code="SUB T1243, T294, T295"/><instruction code="OR T296, T1243, 0"/><instruction code="SETL  T1244, 8"/><instruction code="INCML T1244, 0"/><instruction code="INCMH T1244, 0"/><instruction code="INCH  T1244, 0"/><instruction code="ADD T1245, T12, T1244"/><instruction code="STO T1245, T296, 0"/><instruction code="LDA T1247, L32"/><instruction code="GO T1247, T1247, 0"/><instruction code="L34"/><instruction code="OR T297, T12, 0"/><instruction code="SETL  T1248, 8"/><instruction code="INCML T1248, 0"/><instruction code="INCMH T1248, 0"/><instruction code="INCH  T1248, 0"/><instruction code="NEG T1248, 0, T1248"/><instruction code="OR T298, T1248, 0"/><instruction code="ADD T1249, T297, T298"/><instruction code="OR T299, T1249, 0"/><instruction code="OR T300, T299, 0"/><instruction code="OR T13, T300, 0"/><instruction code="LDA T1251, L119"/><instruction code="GO T1251, T1251, 0"/></instructions></code><code entrylabel="L121" exitlabel="L122" tempsize="0"><frame FP="T14" RV="T15" argssize="16" depth="1" label="_fibRec" locssize="8" size="40"/><instructions><instruction code="L121"/><instruction code="OR T301, T14, 0"/><instruction code="SETL  T1252, 8"/><instruction code="INCML T1252, 0"/><instruction code="INCMH T1252, 0"/><instruction code="INCH  T1252, 0"/><instruction code="OR T302, T1252, 0"/><instruction code="ADD T1253, T301, T302"/><instruction code="OR T303, T1253, 0"/><instruction code="OR T304, T303, 0"/><instruction code="SETL  T1255, 2"/><instruction code="INCML T1255, 0"/><instruction code="INCMH T1255, 0"/><instruction code="INCH  T1255, 0"/><instruction code="OR T305, T1255, 0"/><instruction code="CMP T1256, T304, T305"/><instruction code="ZSNP T1256, T1256, 1"/><instruction code="OR T306, T1256, 0"/><instruction code="BNZ T306, L35"/><instruction code="L120"/><instruction code="LDA T1257, L36"/><instruction code="GO T1257, T1257, 0"/><instruction code="L35"/><instruction code="SETL  T1258, 1"/><instruction code="INCML T1258, 0"/><instruction code="INCMH T1258, 0"/><instruction code="INCH  T1258, 0"/><instruction code="OR T307, T1258, 0"/><instruction code="SETL  T1259, 8"/><instruction code="INCML T1259, 0"/><instruction code="INCMH T1259, 0"/><instruction code="INCH  T1259, 0"/><instruction code="NEG T1259, 0, T1259"/><instruction code="ADD T1260, T14, T1259"/><instruction code="STO T1260, T307, 0"/><instruction code="LDA T1262, L37"/><instruction code="GO T1262, T1262, 0"/><instruction code="L36"/><instruction code="SETL  T1263, 0"/><instruction code="INCML T1263, 0"/><instruction code="INCMH T1263, 0"/><instruction code="INCH  T1263, 0"/><instruction code="OR T308, T1263, 0"/><instruction code="OR T309, T14, 0"/><instruction code="SETL  T1264, 8"/><instruction code="INCML T1264, 0"/><instruction code="INCMH T1264, 0"/><instruction code="INCH  T1264, 0"/><instruction code="OR T310, T1264, 0"/><instruction code="ADD T1265, T309, T310"/><instruction code="OR T311, T1265, 0"/><instruction code="OR T312, T311, 0"/><instruction code="SETL  T1267, 1"/><instruction code="INCML T1267, 0"/><instruction code="INCMH T1267, 0"/><instruction code="INCH  T1267, 0"/><instruction code="OR T313, T1267, 0"/><instruction code="SUB T1268, T312, T313"/><instruction code="OR T314, T1268, 0"/><instruction code="STO T308, $254, 8"/><instruction code="STO T314, $254, 16"/><instruction code="LDA T1269, _fibRec"/><instruction code="PUSHJ $15, T1269, 0"/><instruction code="OR T315, T1270, 0"/><instruction code="SETL  T1271, 0"/><instruction code="INCML T1271, 0"/><instruction code="INCMH T1271, 0"/><instruction code="INCH  T1271, 0"/><instruction code="OR T316, T1271, 0"/><instruction code="OR T317, T14, 0"/><instruction code="SETL  T1272, 8"/><instruction code="INCML T1272, 0"/><instruction code="INCMH T1272, 0"/><instruction code="INCH  T1272, 0"/><instruction code="OR T318, T1272, 0"/><instruction code="ADD T1273, T317, T318"/><instruction code="OR T319, T1273, 0"/><instruction code="OR T320, T319, 0"/><instruction code="SETL  T1275, 2"/><instruction code="INCML T1275, 0"/><instruction code="INCMH T1275, 0"/><instruction code="INCH  T1275, 0"/><instruction code="OR T321, T1275, 0"/><instruction code="SUB T1276, T320, T321"/><instruction code="OR T322, T1276, 0"/><instruction code="STO T316, $254, 8"/><instruction code="STO T322, $254, 16"/><instruction code="LDA T1277, _fibRec"/><instruction code="PUSHJ $15, T1277, 0"/><instruction code="OR T323, T1278, 0"/><instruction code="ADD T1279, T315, T323"/><instruction code="OR T324, T1279, 0"/><instruction code="SETL  T1280, 8"/><instruction code="INCML T1280, 0"/><instruction code="INCMH T1280, 0"/><instruction code="INCH  T1280, 0"/><instruction code="NEG T1280, 0, T1280"/><instruction code="ADD T1281, T14, T1280"/><instruction code="STO T1281, T324, 0"/><instruction code="L37"/><instruction code="OR T325, T14, 0"/><instruction code="SETL  T1283, 8"/><instruction code="INCML T1283, 0"/><instruction code="INCMH T1283, 0"/><instruction code="INCH  T1283, 0"/><instruction code="NEG T1283, 0, T1283"/><instruction code="OR T326, T1283, 0"/><instruction code="ADD T1284, T325, T326"/><instruction code="OR T327, T1284, 0"/><instruction code="OR T328, T327, 0"/><instruction code="OR T15, T328, 0"/><instruction code="LDA T1286, L122"/><instruction code="GO T1286, T1286, 0"/></instructions></code><code entrylabel="L126" exitlabel="L127" tempsize="0"><frame FP="T18" RV="T19" argssize="16" depth="2" label="L0" locssize="8" size="40"/><instructions><instruction code="L126"/><instruction code="OR T329, T18, 0"/><instruction code="SETL  T1287, 8"/><instruction code="INCML T1287, 0"/><instruction code="INCMH T1287, 0"/><instruction code="INCH  T1287, 0"/><instruction code="OR T330, T1287, 0"/><instruction code="ADD T1288, T329, T330"/><instruction code="OR T331, T1288, 0"/><instruction code="OR T332, T331, 0"/><instruction code="OR T333, T18, 0"/><instruction code="OR T334, T333, 0"/><instruction code="SETL  T1291, 8"/><instruction code="INCML T1291, 0"/><instruction code="INCMH T1291, 0"/><instruction code="INCH  T1291, 0"/><instruction code="OR T335, T1291, 0"/><instruction code="ADD T1292, T334, T335"/><instruction code="OR T336, T1292, 0"/><instruction code="OR T337, T336, 0"/><instruction code="CMP T1294, T332, T337"/><instruction code="ZSZ T1294, T1294, 1"/><instruction code="OR T338, T1294, 0"/><instruction code="BNZ T338, L44"/><instruction code="L123"/><instruction code="LDA T1295, L45"/><instruction code="GO T1295, T1295, 0"/><instruction code="L44"/><instruction code="SETL  T1296, 0"/><instruction code="INCML T1296, 0"/><instruction code="INCMH T1296, 0"/><instruction code="INCH  T1296, 0"/><instruction code="OR T339, T1296, 0"/><instruction code="SETL  T1297, 8"/><instruction code="INCML T1297, 0"/><instruction code="INCMH T1297, 0"/><instruction code="INCH  T1297, 0"/><instruction code="NEG T1297, 0, T1297"/><instruction code="ADD T1298, T18, T1297"/><instruction code="STO T1298, T339, 0"/><instruction code="L38"/><instruction code="OR T340, T18, 0"/><instruction code="SETL  T1300, 8"/><instruction code="INCML T1300, 0"/><instruction code="INCMH T1300, 0"/><instruction code="INCH  T1300, 0"/><instruction code="NEG T1300, 0, T1300"/><instruction code="OR T341, T1300, 0"/><instruction code="ADD T1301, T340, T341"/><instruction code="OR T342, T1301, 0"/><instruction code="OR T343, T342, 0"/><instruction code="OR T344, T18, 0"/><instruction code="OR T345, T344, 0"/><instruction code="SETL  T1304, 8"/><instruction code="INCML T1304, 0"/><instruction code="INCMH T1304, 0"/><instruction code="INCH  T1304, 0"/><instruction code="OR T346, T1304, 0"/><instruction code="ADD T1305, T345, T346"/><instruction code="OR T347, T1305, 0"/><instruction code="OR T348, T347, 0"/><instruction code="CMP T1307, T343, T348"/><instruction code="ZSN T1307, T1307, 1"/><instruction code="OR T349, T1307, 0"/><instruction code="BNZ T349, L39"/><instruction code="L124"/><instruction code="LDA T1308, L40"/><instruction code="GO T1308, T1308, 0"/><instruction code="L39"/><instruction code="SETL  T1309, 0"/><instruction code="INCML T1309, 0"/><instruction code="INCMH T1309, 0"/><instruction code="INCH  T1309, 0"/><instruction code="OR T350, T1309, 0"/><instruction code="OR T351, T18, 0"/><instruction code="OR T352, T351, 0"/><instruction code="SETL  T1311, 800"/><instruction code="INCML T1311, 0"/><instruction code="INCMH T1311, 0"/><instruction code="INCH  T1311, 0"/><instruction code="NEG T1311, 0, T1311"/><instruction code="OR T353, T1311, 0"/><instruction code="ADD T1312, T352, T353"/><instruction code="OR T354, T1312, 0"/><instruction code="OR T355, T18, 0"/><instruction code="SETL  T1313, 8"/><instruction code="INCML T1313, 0"/><instruction code="INCMH T1313, 0"/><instruction code="INCH  T1313, 0"/><instruction code="NEG T1313, 0, T1313"/><instruction code="OR T356, T1313, 0"/><instruction code="ADD T1314, T355, T356"/><instruction code="OR T357, T1314, 0"/><instruction code="OR T358, T357, 0"/><instruction code="SETL  T1316, 8"/><instruction code="INCML T1316, 0"/><instruction code="INCMH T1316, 0"/><instruction code="INCH  T1316, 0"/><instruction code="OR T359, T1316, 0"/><instruction code="MUL T1317, T358, T359"/><instruction code="OR T360, T1317, 0"/><instruction code="ADD T1318, T354, T360"/><instruction code="OR T361, T1318, 0"/><instruction code="OR T362, T361, 0"/><instruction code="STO T350, $254, 8"/><instruction code="STO T362, $254, 16"/><instruction code="LDA T1320, _putInt"/><instruction code="PUSHJ $15, T1320, 0"/><instruction code="OR T363, T1321, 0"/><instruction code="SETL  T1322, 0"/><instruction code="INCML T1322, 0"/><instruction code="INCMH T1322, 0"/><instruction code="INCH  T1322, 0"/><instruction code="OR T364, T1322, 0"/><instruction code="SETL  T1323, 32"/><instruction code="INCML T1323, 0"/><instruction code="INCMH T1323, 0"/><instruction code="INCH  T1323, 0"/><instruction code="OR T365, T1323, 0"/><instruction code="STO T364, $254, 8"/><instruction code="STO T365, $254, 16"/><instruction code="LDA T1324, _putChar"/><instruction code="PUSHJ $15, T1324, 0"/><instruction code="OR T366, T1325, 0"/><instruction code="OR T367, T18, 0"/><instruction code="SETL  T1326, 8"/><instruction code="INCML T1326, 0"/><instruction code="INCMH T1326, 0"/><instruction code="INCH  T1326, 0"/><instruction code="NEG T1326, 0, T1326"/><instruction code="OR T368, T1326, 0"/><instruction code="ADD T1327, T367, T368"/><instruction code="OR T369, T1327, 0"/><instruction code="OR T370, T369, 0"/><instruction code="SETL  T1329, 1"/><instruction code="INCML T1329, 0"/><instruction code="INCMH T1329, 0"/><instruction code="INCH  T1329, 0"/><instruction code="OR T371, T1329, 0"/><instruction code="ADD T1330, T370, T371"/><instruction code="OR T372, T1330, 0"/><instruction code="SETL  T1331, 8"/><instruction code="INCML T1331, 0"/><instruction code="INCMH T1331, 0"/><instruction code="INCH  T1331, 0"/><instruction code="NEG T1331, 0, T1331"/><instruction code="ADD T1332, T18, T1331"/><instruction code="STO T1332, T372, 0"/><instruction code="LDA T1334, L38"/><instruction code="GO T1334, T1334, 0"/><instruction code="L40"/><instruction code="SETL  T1335, 0"/><instruction code="INCML T1335, 0"/><instruction code="INCMH T1335, 0"/><instruction code="INCH  T1335, 0"/><instruction code="OR T373, T1335, 0"/><instruction code="SETL  T1336, 10"/><instruction code="INCML T1336, 0"/><instruction code="INCMH T1336, 0"/><instruction code="INCH  T1336, 0"/><instruction code="OR T374, T1336, 0"/><instruction code="SETL  T1337, 256"/><instruction code="INCML T1337, 0"/><instruction code="INCMH T1337, 0"/><instruction code="INCH  T1337, 0"/><instruction code="OR T375, T1337, 0"/><instruction code="DIV T1338, T374, T375"/><instruction code="OR T1338, rR, 0"/><instruction code="OR T376, T1338, 0"/><instruction code="STO T373, $254, 8"/><instruction code="STO T376, $254, 16"/><instruction code="LDA T1339, _putChar"/><instruction code="PUSHJ $15, T1339, 0"/><instruction code="OR T377, T1340, 0"/><instruction code="LDA T1341, L46"/><instruction code="GO T1341, T1341, 0"/><instruction code="L45"/><instruction code="SETL  T1342, 1"/><instruction code="INCML T1342, 0"/><instruction code="INCMH T1342, 0"/><instruction code="INCH  T1342, 0"/><instruction code="OR T378, T1342, 0"/><instruction code="SETL  T1343, 8"/><instruction code="INCML T1343, 0"/><instruction code="INCMH T1343, 0"/><instruction code="INCH  T1343, 0"/><instruction code="NEG T1343, 0, T1343"/><instruction code="ADD T1344, T18, T1343"/><instruction code="STO T1344, T378, 0"/><instruction code="L41"/><instruction code="OR T379, T18, 0"/><instruction code="SETL  T1346, 8"/><instruction code="INCML T1346, 0"/><instruction code="INCMH T1346, 0"/><instruction code="INCH  T1346, 0"/><instruction code="NEG T1346, 0, T1346"/><instruction code="OR T380, T1346, 0"/><instruction code="ADD T1347, T379, T380"/><instruction code="OR T381, T1347, 0"/><instruction code="OR T382, T381, 0"/><instruction code="OR T383, T18, 0"/><instruction code="OR T384, T383, 0"/><instruction code="SETL  T1350, 16"/><instruction code="INCML T1350, 0"/><instruction code="INCMH T1350, 0"/><instruction code="INCH  T1350, 0"/><instruction code="OR T385, T1350, 0"/><instruction code="ADD T1351, T384, T385"/><instruction code="OR T386, T1351, 0"/><instruction code="OR T387, T386, 0"/><instruction code="CMP T1353, T382, T387"/><instruction code="ZSNP T1353, T1353, 1"/><instruction code="OR T388, T1353, 0"/><instruction code="BNZ T388, L42"/><instruction code="L125"/><instruction code="LDA T1354, L43"/><instruction code="GO T1354, T1354, 0"/><instruction code="L42"/><instruction code="OR T389, T18, 0"/><instruction code="SETL  T1355, 8"/><instruction code="INCML T1355, 0"/><instruction code="INCMH T1355, 0"/><instruction code="INCH  T1355, 0"/><instruction code="NEG T1355, 0, T1355"/><instruction code="OR T390, T1355, 0"/><instruction code="ADD T1356, T389, T390"/><instruction code="OR T391, T1356, 0"/><instruction code="OR T392, T391, 0"/><instruction code="SETL  T1359, 800"/><instruction code="INCML T1359, 0"/><instruction code="INCMH T1359, 0"/><instruction code="INCH  T1359, 0"/><instruction code="NEG T1359, 0, T1359"/><instruction code="ADD T1360, T18, T1359"/><instruction code="SETL  T1361, 8"/><instruction code="INCML T1361, 0"/><instruction code="INCMH T1361, 0"/><instruction code="INCH  T1361, 0"/><instruction code="ADD T1362, T18, T1361"/><instruction code="SETL  T1364, 8"/><instruction code="INCML T1364, 0"/><instruction code="INCMH T1364, 0"/><instruction code="INCH  T1364, 0"/><instruction code="MUL T1365, T1362, T1364"/><instruction code="ADD T1366, T1360, T1365"/><instruction code="STO T1366, T392, 0"/><instruction code="OR T393, T18, 0"/><instruction code="SETL  T1368, 8"/><instruction code="INCML T1368, 0"/><instruction code="INCMH T1368, 0"/><instruction code="INCH  T1368, 0"/><instruction code="NEG T1368, 0, T1368"/><instruction code="OR T394, T1368, 0"/><instruction code="ADD T1369, T393, T394"/><instruction code="OR T395, T1369, 0"/><instruction code="OR T396, T395, 0"/><instruction code="SETL  T1371, 1"/><instruction code="INCML T1371, 0"/><instruction code="INCMH T1371, 0"/><instruction code="INCH  T1371, 0"/><instruction code="OR T397, T1371, 0"/><instruction code="ADD T1372, T396, T397"/><instruction code="OR T398, T1372, 0"/><instruction code="SETL  T1373, 8"/><instruction code="INCML T1373, 0"/><instruction code="INCMH T1373, 0"/><instruction code="INCH  T1373, 0"/><instruction code="NEG T1373, 0, T1373"/><instruction code="ADD T1374, T18, T1373"/><instruction code="STO T1374, T398, 0"/><instruction code="OR T399, T18, 0"/><instruction code="OR T400, T18, 0"/><instruction code="SETL  T1377, 8"/><instruction code="INCML T1377, 0"/><instruction code="INCMH T1377, 0"/><instruction code="INCH  T1377, 0"/><instruction code="OR T401, T1377, 0"/><instruction code="ADD T1378, T400, T401"/><instruction code="OR T402, T1378, 0"/><instruction code="OR T403, T402, 0"/><instruction code="SETL  T1380, 1"/><instruction code="INCML T1380, 0"/><instruction code="INCMH T1380, 0"/><instruction code="INCH  T1380, 0"/><instruction code="OR T404, T1380, 0"/><instruction code="ADD T1381, T403, T404"/><instruction code="OR T405, T1381, 0"/><instruction code="STO T399, $254, 8"/><instruction code="STO T405, $254, 16"/><instruction code="LDA T1382, L0"/><instruction code="PUSHJ $15, T1382, 0"/><instruction code="OR T406, T1383, 0"/><instruction code="LDA T1384, L41"/><instruction code="GO T1384, T1384, 0"/><instruction code="L43"/><instruction code="L46"/><instruction code="SETL  T1385, 0"/><instruction code="INCML T1385, 0"/><instruction code="INCMH T1385, 0"/><instruction code="INCH  T1385, 0"/><instruction code="OR T407, T1385, 0"/><instruction code="OR T19, T407, 0"/><instruction code="LDA T1386, L127"/><instruction code="GO T1386, T1386, 0"/></instructions></code><code entrylabel="L129" exitlabel="L130" tempsize="0"><frame FP="T16" RV="T17" argssize="16" depth="1" label="_combs" locssize="808" size="840"/><instructions><instruction code="L129"/><instruction code="SETL  T1387, 0"/><instruction code="INCML T1387, 0"/><instruction code="INCMH T1387, 0"/><instruction code="INCH  T1387, 0"/><instruction code="OR T408, T1387, 0"/><instruction code="SETL  T1388, 808"/><instruction code="INCML T1388, 0"/><instruction code="INCMH T1388, 0"/><instruction code="INCH  T1388, 0"/><instruction code="NEG T1388, 0, T1388"/><instruction code="ADD T1389, T16, T1388"/><instruction code="STO T1389, T408, 0"/><instruction code="L47"/><instruction code="OR T409, T16, 0"/><instruction code="SETL  T1391, 808"/><instruction code="INCML T1391, 0"/><instruction code="INCMH T1391, 0"/><instruction code="INCH  T1391, 0"/><instruction code="NEG T1391, 0, T1391"/><instruction code="OR T410, T1391, 0"/><instruction code="ADD T1392, T409, T410"/><instruction code="OR T411, T1392, 0"/><instruction code="OR T412, T411, 0"/><instruction code="SETL  T1394, 100"/><instruction code="INCML T1394, 0"/><instruction code="INCMH T1394, 0"/><instruction code="INCH  T1394, 0"/><instruction code="OR T413, T1394, 0"/><instruction code="CMP T1395, T412, T413"/><instruction code="ZSN T1395, T1395, 1"/><instruction code="OR T414, T1395, 0"/><instruction code="BNZ T414, L48"/><instruction code="L128"/><instruction code="LDA T1396, L49"/><instruction code="GO T1396, T1396, 0"/><instruction code="L48"/><instruction code="SETL  T1397, 0"/><instruction code="INCML T1397, 0"/><instruction code="INCMH T1397, 0"/><instruction code="INCH  T1397, 0"/><instruction code="OR T415, T1397, 0"/><instruction code="SETL  T1398, 800"/><instruction code="INCML T1398, 0"/><instruction code="INCMH T1398, 0"/><instruction code="INCH  T1398, 0"/><instruction code="NEG T1398, 0, T1398"/><instruction code="ADD T1399, T16, T1398"/><instruction code="SETL  T1400, 808"/><instruction code="INCML T1400, 0"/><instruction code="INCMH T1400, 0"/><instruction code="INCH  T1400, 0"/><instruction code="NEG T1400, 0, T1400"/><instruction code="ADD T1401, T16, T1400"/><instruction code="SETL  T1403, 8"/><instruction code="INCML T1403, 0"/><instruction code="INCMH T1403, 0"/><instruction code="INCH  T1403, 0"/><instruction code="MUL T1404, T1401, T1403"/><instruction code="ADD T1405, T1399, T1404"/><instruction code="STO T1405, T415, 0"/><instruction code="OR T416, T16, 0"/><instruction code="SETL  T1407, 808"/><instruction code="INCML T1407, 0"/><instruction code="INCMH T1407, 0"/><instruction code="INCH  T1407, 0"/><instruction code="NEG T1407, 0, T1407"/><instruction code="OR T417, T1407, 0"/><instruction code="ADD T1408, T416, T417"/><instruction code="OR T418, T1408, 0"/><instruction code="OR T419, T418, 0"/><instruction code="SETL  T1410, 1"/><instruction code="INCML T1410, 0"/><instruction code="INCMH T1410, 0"/><instruction code="INCH  T1410, 0"/><instruction code="OR T420, T1410, 0"/><instruction code="ADD T1411, T419, T420"/><instruction code="OR T421, T1411, 0"/><instruction code="SETL  T1412, 808"/><instruction code="INCML T1412, 0"/><instruction code="INCMH T1412, 0"/><instruction code="INCH  T1412, 0"/><instruction code="NEG T1412, 0, T1412"/><instruction code="ADD T1413, T16, T1412"/><instruction code="STO T1413, T421, 0"/><instruction code="LDA T1415, L47"/><instruction code="GO T1415, T1415, 0"/><instruction code="L49"/><instruction code="OR T422, T16, 0"/><instruction code="SETL  T1416, 0"/><instruction code="INCML T1416, 0"/><instruction code="INCMH T1416, 0"/><instruction code="INCH  T1416, 0"/><instruction code="OR T423, T1416, 0"/><instruction code="STO T422, $254, 8"/><instruction code="STO T423, $254, 16"/><instruction code="LDA T1417, L0"/><instruction code="PUSHJ $15, T1417, 0"/><instruction code="OR T424, T1418, 0"/><instruction code="SETL  T1419, 0"/><instruction code="INCML T1419, 0"/><instruction code="INCMH T1419, 0"/><instruction code="INCH  T1419, 0"/><instruction code="OR T425, T1419, 0"/><instruction code="OR T17, T425, 0"/><instruction code="LDA T1420, L130"/><instruction code="GO T1420, T1420, 0"/></instructions></code><code entrylabel="L135" exitlabel="L136" tempsize="0"><frame FP="T22" RV="T23" argssize="0" depth="2" label="L1" locssize="96" size="112"/><instructions><instruction code="L135"/><instruction code="SETL  T1421, 1"/><instruction code="INCML T1421, 0"/><instruction code="INCMH T1421, 0"/><instruction code="INCH  T1421, 0"/><instruction code="OR T426, T1421, 0"/><instruction code="SETL  T1422, 96"/><instruction code="INCML T1422, 0"/><instruction code="INCMH T1422, 0"/><instruction code="INCH  T1422, 0"/><instruction code="NEG T1422, 0, T1422"/><instruction code="ADD T1423, T22, T1422"/><instruction code="STO T1423, T426, 0"/><instruction code="SETL  T1425, 1"/><instruction code="INCML T1425, 0"/><instruction code="INCMH T1425, 0"/><instruction code="INCH  T1425, 0"/><instruction code="OR T427, T1425, 0"/><instruction code="SETL  T1426, 88"/><instruction code="INCML T1426, 0"/><instruction code="INCMH T1426, 0"/><instruction code="INCH  T1426, 0"/><instruction code="NEG T1426, 0, T1426"/><instruction code="ADD T1427, T22, T1426"/><instruction code="STO T1427, T427, 0"/><instruction code="L50"/><instruction code="OR T428, T22, 0"/><instruction code="SETL  T1429, 88"/><instruction code="INCML T1429, 0"/><instruction code="INCMH T1429, 0"/><instruction code="INCH  T1429, 0"/><instruction code="NEG T1429, 0, T1429"/><instruction code="OR T429, T1429, 0"/><instruction code="ADD T1430, T428, T429"/><instruction code="OR T430, T1430, 0"/><instruction code="OR T431, T430, 0"/><instruction code="SETL  T1432, 9"/><instruction code="INCML T1432, 0"/><instruction code="INCMH T1432, 0"/><instruction code="INCH  T1432, 0"/><instruction code="OR T432, T1432, 0"/><instruction code="CMP T1433, T431, T432"/><instruction code="ZSNP T1433, T1433, 1"/><instruction code="OR T433, T1433, 0"/><instruction code="BNZ T433, L51"/><instruction code="L131"/><instruction code="LDA T1434, L52"/><instruction code="GO T1434, T1434, 0"/><instruction code="L51"/><instruction code="SETL  T1435, 0"/><instruction code="INCML T1435, 0"/><instruction code="INCMH T1435, 0"/><instruction code="INCH  T1435, 0"/><instruction code="OR T434, T1435, 0"/><instruction code="SETL  T1436, 80"/><instruction code="INCML T1436, 0"/><instruction code="INCMH T1436, 0"/><instruction code="INCH  T1436, 0"/><instruction code="NEG T1436, 0, T1436"/><instruction code="ADD T1437, T22, T1436"/><instruction code="SETL  T1438, 88"/><instruction code="INCML T1438, 0"/><instruction code="INCMH T1438, 0"/><instruction code="INCH  T1438, 0"/><instruction code="NEG T1438, 0, T1438"/><instruction code="ADD T1439, T22, T1438"/><instruction code="SETL  T1441, 8"/><instruction code="INCML T1441, 0"/><instruction code="INCMH T1441, 0"/><instruction code="INCH  T1441, 0"/><instruction code="MUL T1442, T1439, T1441"/><instruction code="ADD T1443, T1437, T1442"/><instruction code="STO T1443, T434, 0"/><instruction code="OR T435, T22, 0"/><instruction code="SETL  T1445, 88"/><instruction code="INCML T1445, 0"/><instruction code="INCMH T1445, 0"/><instruction code="INCH  T1445, 0"/><instruction code="NEG T1445, 0, T1445"/><instruction code="OR T436, T1445, 0"/><instruction code="ADD T1446, T435, T436"/><instruction code="OR T437, T1446, 0"/><instruction code="OR T438, T437, 0"/><instruction code="SETL  T1448, 1"/><instruction code="INCML T1448, 0"/><instruction code="INCMH T1448, 0"/><instruction code="INCH  T1448, 0"/><instruction code="OR T439, T1448, 0"/><instruction code="ADD T1449, T438, T439"/><instruction code="OR T440, T1449, 0"/><instruction code="SETL  T1450, 88"/><instruction code="INCML T1450, 0"/><instruction code="INCMH T1450, 0"/><instruction code="INCH  T1450, 0"/><instruction code="NEG T1450, 0, T1450"/><instruction code="ADD T1451, T22, T1450"/><instruction code="STO T1451, T440, 0"/><instruction code="LDA T1453, L50"/><instruction code="GO T1453, T1453, 0"/><instruction code="L52"/><instruction code="SETL  T1454, 0"/><instruction code="INCML T1454, 0"/><instruction code="INCMH T1454, 0"/><instruction code="INCH  T1454, 0"/><instruction code="OR T441, T1454, 0"/><instruction code="SETL  T1455, 88"/><instruction code="INCML T1455, 0"/><instruction code="INCMH T1455, 0"/><instruction code="INCH  T1455, 0"/><instruction code="NEG T1455, 0, T1455"/><instruction code="ADD T1456, T22, T1455"/><instruction code="STO T1456, T441, 0"/><instruction code="L58"/><instruction code="OR T442, T22, 0"/><instruction code="SETL  T1458, 88"/><instruction code="INCML T1458, 0"/><instruction code="INCMH T1458, 0"/><instruction code="INCH  T1458, 0"/><instruction code="NEG T1458, 0, T1458"/><instruction code="OR T443, T1458, 0"/><instruction code="ADD T1459, T442, T443"/><instruction code="OR T444, T1459, 0"/><instruction code="OR T445, T444, 0"/><instruction code="SETL  T1461, 9"/><instruction code="INCML T1461, 0"/><instruction code="INCMH T1461, 0"/><instruction code="INCH  T1461, 0"/><instruction code="OR T446, T1461, 0"/><instruction code="CMP T1462, T445, T446"/><instruction code="ZSN T1462, T1462, 1"/><instruction code="OR T447, T1462, 0"/><instruction code="BNZ T447, L59"/><instruction code="L132"/><instruction code="LDA T1463, L60"/><instruction code="GO T1463, T1463, 0"/><instruction code="L59"/><instruction code="OR T448, T22, 0"/><instruction code="OR T449, T448, 0"/><instruction code="SETL  T1465, 8"/><instruction code="INCML T1465, 0"/><instruction code="INCMH T1465, 0"/><instruction code="INCH  T1465, 0"/><instruction code="OR T450, T1465, 0"/><instruction code="ADD T1466, T449, T450"/><instruction code="OR T451, T1466, 0"/><instruction code="OR T452, T451, 0"/><instruction code="OR T453, T22, 0"/><instruction code="SETL  T1468, 8"/><instruction code="INCML T1468, 0"/><instruction code="INCMH T1468, 0"/><instruction code="INCH  T1468, 0"/><instruction code="OR T454, T1468, 0"/><instruction code="ADD T1469, T453, T454"/><instruction code="OR T455, T1469, 0"/><instruction code="OR T456, T455, 0"/><instruction code="SETL  T1471, 72"/><instruction code="INCML T1471, 0"/><instruction code="INCMH T1471, 0"/><instruction code="INCH  T1471, 0"/><instruction code="OR T457, T1471, 0"/><instruction code="MUL T1472, T456, T457"/><instruction code="OR T458, T1472, 0"/><instruction code="ADD T1473, T452, T458"/><instruction code="OR T459, T1473, 0"/><instruction code="OR T460, T22, 0"/><instruction code="SETL  T1474, 88"/><instruction code="INCML T1474, 0"/><instruction code="INCMH T1474, 0"/><instruction code="INCH  T1474, 0"/><instruction code="NEG T1474, 0, T1474"/><instruction code="OR T461, T1474, 0"/><instruction code="ADD T1475, T460, T461"/><instruction code="OR T462, T1475, 0"/><instruction code="OR T463, T462, 0"/><instruction code="SETL  T1477, 8"/><instruction code="INCML T1477, 0"/><instruction code="INCMH T1477, 0"/><instruction code="INCH  T1477, 0"/><instruction code="OR T464, T1477, 0"/><instruction code="MUL T1478, T463, T464"/><instruction code="OR T465, T1478, 0"/><instruction code="ADD T1479, T459, T465"/><instruction code="OR T466, T1479, 0"/><instruction code="OR T467, T466, 0"/><instruction code="SETL  T1481, 0"/><instruction code="INCML T1481, 0"/><instruction code="INCMH T1481, 0"/><instruction code="INCH  T1481, 0"/><instruction code="OR T468, T1481, 0"/><instruction code="CMP T1482, T467, T468"/><instruction code="ZSNZ T1482, T1482, 1"/><instruction code="OR T469, T1482, 0"/><instruction code="BNZ T469, L56"/><instruction code="L133"/><instruction code="LDA T1483, L57"/><instruction code="GO T1483, T1483, 0"/><instruction code="L56"/><instruction code="OR T470, T22, 0"/><instruction code="SETL  T1484, 80"/><instruction code="INCML T1484, 0"/><instruction code="INCMH T1484, 0"/><instruction code="INCH  T1484, 0"/><instruction code="NEG T1484, 0, T1484"/><instruction code="OR T471, T1484, 0"/><instruction code="ADD T1485, T470, T471"/><instruction code="OR T472, T1485, 0"/><instruction code="OR T473, T22, 0"/><instruction code="OR T474, T473, 0"/><instruction code="SETL  T1487, 8"/><instruction code="INCML T1487, 0"/><instruction code="INCMH T1487, 0"/><instruction code="INCH  T1487, 0"/><instruction code="OR T475, T1487, 0"/><instruction code="ADD T1488, T474, T475"/><instruction code="OR T476, T1488, 0"/><instruction code="OR T477, T476, 0"/><instruction code="OR T478, T22, 0"/><instruction code="SETL  T1490, 8"/><instruction code="INCML T1490, 0"/><instruction code="INCMH T1490, 0"/><instruction code="INCH  T1490, 0"/><instruction code="OR T479, T1490, 0"/><instruction code="ADD T1491, T478, T479"/><instruction code="OR T480, T1491, 0"/><instruction code="OR T481, T480, 0"/><instruction code="SETL  T1493, 72"/><instruction code="INCML T1493, 0"/><instruction code="INCMH T1493, 0"/><instruction code="INCH  T1493, 0"/><instruction code="OR T482, T1493, 0"/><instruction code="MUL T1494, T481, T482"/><instruction code="OR T483, T1494, 0"/><instruction code="ADD T1495, T477, T483"/><instruction code="OR T484, T1495, 0"/><instruction code="OR T485, T22, 0"/><instruction code="SETL  T1496, 88"/><instruction code="INCML T1496, 0"/><instruction code="INCMH T1496, 0"/><instruction code="INCH  T1496, 0"/><instruction code="NEG T1496, 0, T1496"/><instruction code="OR T486, T1496, 0"/><instruction code="ADD T1497, T485, T486"/><instruction code="OR T487, T1497, 0"/><instruction code="OR T488, T487, 0"/><instruction code="SETL  T1499, 8"/><instruction code="INCML T1499, 0"/><instruction code="INCMH T1499, 0"/><instruction code="INCH  T1499, 0"/><instruction code="OR T489, T1499, 0"/><instruction code="MUL T1500, T488, T489"/><instruction code="OR T490, T1500, 0"/><instruction code="ADD T1501, T484, T490"/><instruction code="OR T491, T1501, 0"/><instruction code="OR T492, T491, 0"/><instruction code="SETL  T1503, 8"/><instruction code="INCML T1503, 0"/><instruction code="INCMH T1503, 0"/><instruction code="INCH  T1503, 0"/><instruction code="OR T493, T1503, 0"/><instruction code="MUL T1504, T492, T493"/><instruction code="OR T494, T1504, 0"/><instruction code="ADD T1505, T472, T494"/><instruction code="OR T495, T1505, 0"/><instruction code="OR T496, T495, 0"/><instruction code="BNZ T496, L53"/><instruction code="L134"/><instruction code="LDA T1507, L54"/><instruction code="GO T1507, T1507, 0"/><instruction code="L53"/><instruction code="SETL  T1508, 0"/><instruction code="INCML T1508, 0"/><instruction code="INCMH T1508, 0"/><instruction code="INCH  T1508, 0"/><instruction code="OR T497, T1508, 0"/><instruction code="SETL  T1509, 96"/><instruction code="INCML T1509, 0"/><instruction code="INCMH T1509, 0"/><instruction code="INCH  T1509, 0"/><instruction code="NEG T1509, 0, T1509"/><instruction code="ADD T1510, T22, T1509"/><instruction code="STO T1510, T497, 0"/><instruction code="LDA T1512, L55"/><instruction code="GO T1512, T1512, 0"/><instruction code="L54"/><instruction code="SETL  T1513, 1"/><instruction code="INCML T1513, 0"/><instruction code="INCMH T1513, 0"/><instruction code="INCH  T1513, 0"/><instruction code="OR T498, T1513, 0"/><instruction code="SETL  T1514, 80"/><instruction code="INCML T1514, 0"/><instruction code="INCMH T1514, 0"/><instruction code="INCH  T1514, 0"/><instruction code="NEG T1514, 0, T1514"/><instruction code="ADD T1515, T22, T1514"/><instruction code="SETL  T1517, 8"/><instruction code="INCML T1517, 0"/><instruction code="INCMH T1517, 0"/><instruction code="INCH  T1517, 0"/><instruction code="ADD T1518, T22, T1517"/><instruction code="SETL  T1520, 8"/><instruction code="INCML T1520, 0"/><instruction code="INCMH T1520, 0"/><instruction code="INCH  T1520, 0"/><instruction code="ADD T1521, T22, T1520"/><instruction code="SETL  T1523, 72"/><instruction code="INCML T1523, 0"/><instruction code="INCMH T1523, 0"/><instruction code="INCH  T1523, 0"/><instruction code="MUL T1524, T1521, T1523"/><instruction code="ADD T1525, T1518, T1524"/><instruction code="SETL  T1526, 88"/><instruction code="INCML T1526, 0"/><instruction code="INCMH T1526, 0"/><instruction code="INCH  T1526, 0"/><instruction code="NEG T1526, 0, T1526"/><instruction code="ADD T1527, T22, T1526"/><instruction code="SETL  T1529, 8"/><instruction code="INCML T1529, 0"/><instruction code="INCMH T1529, 0"/><instruction code="INCH  T1529, 0"/><instruction code="MUL T1530, T1527, T1529"/><instruction code="ADD T1531, T1525, T1530"/><instruction code="SETL  T1533, 8"/><instruction code="INCML T1533, 0"/><instruction code="INCMH T1533, 0"/><instruction code="INCH  T1533, 0"/><instruction code="MUL T1534, T1531, T1533"/><instruction code="ADD T1535, T1515, T1534"/><instruction code="STO T1535, T498, 0"/><instruction code="L55"/><instruction code="L57"/><instruction code="OR T499, T22, 0"/><instruction code="SETL  T1537, 88"/><instruction code="INCML T1537, 0"/><instruction code="INCMH T1537, 0"/><instruction code="INCH  T1537, 0"/><instruction code="NEG T1537, 0, T1537"/><instruction code="OR T500, T1537, 0"/><instruction code="ADD T1538, T499, T500"/><instruction code="OR T501, T1538, 0"/><instruction code="OR T502, T501, 0"/><instruction code="SETL  T1540, 1"/><instruction code="INCML T1540, 0"/><instruction code="INCMH T1540, 0"/><instruction code="INCH  T1540, 0"/><instruction code="OR T503, T1540, 0"/><instruction code="ADD T1541, T502, T503"/><instruction code="OR T504, T1541, 0"/><instruction code="SETL  T1542, 88"/><instruction code="INCML T1542, 0"/><instruction code="INCMH T1542, 0"/><instruction code="INCH  T1542, 0"/><instruction code="NEG T1542, 0, T1542"/><instruction code="ADD T1543, T22, T1542"/><instruction code="STO T1543, T504, 0"/><instruction code="LDA T1545, L58"/><instruction code="GO T1545, T1545, 0"/><instruction code="L60"/><instruction code="OR T505, T22, 0"/><instruction code="SETL  T1546, 96"/><instruction code="INCML T1546, 0"/><instruction code="INCMH T1546, 0"/><instruction code="INCH  T1546, 0"/><instruction code="NEG T1546, 0, T1546"/><instruction code="OR T506, T1546, 0"/><instruction code="ADD T1547, T505, T506"/><instruction code="OR T507, T1547, 0"/><instruction code="OR T508, T507, 0"/><instruction code="OR T23, T508, 0"/><instruction code="LDA T1549, L136"/><instruction code="GO T1549, T1549, 0"/></instructions></code><code entrylabel="L141" exitlabel="L142" tempsize="0"><frame FP="T24" RV="T25" argssize="0" depth="2" label="L2" locssize="96" size="112"/><instructions><instruction code="L141"/><instruction code="SETL  T1550, 1"/><instruction code="INCML T1550, 0"/><instruction code="INCMH T1550, 0"/><instruction code="INCH  T1550, 0"/><instruction code="OR T509, T1550, 0"/><instruction code="SETL  T1551, 96"/><instruction code="INCML T1551, 0"/><instruction code="INCMH T1551, 0"/><instruction code="INCH  T1551, 0"/><instruction code="NEG T1551, 0, T1551"/><instruction code="ADD T1552, T24, T1551"/><instruction code="STO T1552, T509, 0"/><instruction code="SETL  T1554, 1"/><instruction code="INCML T1554, 0"/><instruction code="INCMH T1554, 0"/><instruction code="INCH  T1554, 0"/><instruction code="OR T510, T1554, 0"/><instruction code="SETL  T1555, 88"/><instruction code="INCML T1555, 0"/><instruction code="INCMH T1555, 0"/><instruction code="INCH  T1555, 0"/><instruction code="NEG T1555, 0, T1555"/><instruction code="ADD T1556, T24, T1555"/><instruction code="STO T1556, T510, 0"/><instruction code="L61"/><instruction code="OR T511, T24, 0"/><instruction code="SETL  T1558, 88"/><instruction code="INCML T1558, 0"/><instruction code="INCMH T1558, 0"/><instruction code="INCH  T1558, 0"/><instruction code="NEG T1558, 0, T1558"/><instruction code="OR T512, T1558, 0"/><instruction code="ADD T1559, T511, T512"/><instruction code="OR T513, T1559, 0"/><instruction code="OR T514, T513, 0"/><instruction code="SETL  T1561, 9"/><instruction code="INCML T1561, 0"/><instruction code="INCMH T1561, 0"/><instruction code="INCH  T1561, 0"/><instruction code="OR T515, T1561, 0"/><instruction code="CMP T1562, T514, T515"/><instruction code="ZSNP T1562, T1562, 1"/><instruction code="OR T516, T1562, 0"/><instruction code="BNZ T516, L62"/><instruction code="L137"/><instruction code="LDA T1563, L63"/><instruction code="GO T1563, T1563, 0"/><instruction code="L62"/><instruction code="SETL  T1564, 0"/><instruction code="INCML T1564, 0"/><instruction code="INCMH T1564, 0"/><instruction code="INCH  T1564, 0"/><instruction code="OR T517, T1564, 0"/><instruction code="SETL  T1565, 80"/><instruction code="INCML T1565, 0"/><instruction code="INCMH T1565, 0"/><instruction code="INCH  T1565, 0"/><instruction code="NEG T1565, 0, T1565"/><instruction code="ADD T1566, T24, T1565"/><instruction code="SETL  T1567, 88"/><instruction code="INCML T1567, 0"/><instruction code="INCMH T1567, 0"/><instruction code="INCH  T1567, 0"/><instruction code="NEG T1567, 0, T1567"/><instruction code="ADD T1568, T24, T1567"/><instruction code="SETL  T1570, 8"/><instruction code="INCML T1570, 0"/><instruction code="INCMH T1570, 0"/><instruction code="INCH  T1570, 0"/><instruction code="MUL T1571, T1568, T1570"/><instruction code="ADD T1572, T1566, T1571"/><instruction code="STO T1572, T517, 0"/><instruction code="OR T518, T24, 0"/><instruction code="SETL  T1574, 88"/><instruction code="INCML T1574, 0"/><instruction code="INCMH T1574, 0"/><instruction code="INCH  T1574, 0"/><instruction code="NEG T1574, 0, T1574"/><instruction code="OR T519, T1574, 0"/><instruction code="ADD T1575, T518, T519"/><instruction code="OR T520, T1575, 0"/><instruction code="OR T521, T520, 0"/><instruction code="SETL  T1577, 1"/><instruction code="INCML T1577, 0"/><instruction code="INCMH T1577, 0"/><instruction code="INCH  T1577, 0"/><instruction code="OR T522, T1577, 0"/><instruction code="ADD T1578, T521, T522"/><instruction code="OR T523, T1578, 0"/><instruction code="SETL  T1579, 88"/><instruction code="INCML T1579, 0"/><instruction code="INCMH T1579, 0"/><instruction code="INCH  T1579, 0"/><instruction code="NEG T1579, 0, T1579"/><instruction code="ADD T1580, T24, T1579"/><instruction code="STO T1580, T523, 0"/><instruction code="LDA T1582, L61"/><instruction code="GO T1582, T1582, 0"/><instruction code="L63"/><instruction code="SETL  T1583, 0"/><instruction code="INCML T1583, 0"/><instruction code="INCMH T1583, 0"/><instruction code="INCH  T1583, 0"/><instruction code="OR T524, T1583, 0"/><instruction code="SETL  T1584, 88"/><instruction code="INCML T1584, 0"/><instruction code="INCMH T1584, 0"/><instruction code="INCH  T1584, 0"/><instruction code="NEG T1584, 0, T1584"/><instruction code="ADD T1585, T24, T1584"/><instruction code="STO T1585, T524, 0"/><instruction code="L69"/><instruction code="OR T525, T24, 0"/><instruction code="SETL  T1587, 88"/><instruction code="INCML T1587, 0"/><instruction code="INCMH T1587, 0"/><instruction code="INCH  T1587, 0"/><instruction code="NEG T1587, 0, T1587"/><instruction code="OR T526, T1587, 0"/><instruction code="ADD T1588, T525, T526"/><instruction code="OR T527, T1588, 0"/><instruction code="OR T528, T527, 0"/><instruction code="SETL  T1590, 9"/><instruction code="INCML T1590, 0"/><instruction code="INCMH T1590, 0"/><instruction code="INCH  T1590, 0"/><instruction code="OR T529, T1590, 0"/><instruction code="CMP T1591, T528, T529"/><instruction code="ZSN T1591, T1591, 1"/><instruction code="OR T530, T1591, 0"/><instruction code="BNZ T530, L70"/><instruction code="L138"/><instruction code="LDA T1592, L71"/><instruction code="GO T1592, T1592, 0"/><instruction code="L70"/><instruction code="OR T531, T24, 0"/><instruction code="OR T532, T531, 0"/><instruction code="SETL  T1594, 8"/><instruction code="INCML T1594, 0"/><instruction code="INCMH T1594, 0"/><instruction code="INCH  T1594, 0"/><instruction code="OR T533, T1594, 0"/><instruction code="ADD T1595, T532, T533"/><instruction code="OR T534, T1595, 0"/><instruction code="OR T535, T534, 0"/><instruction code="OR T536, T24, 0"/><instruction code="SETL  T1597, 88"/><instruction code="INCML T1597, 0"/><instruction code="INCMH T1597, 0"/><instruction code="INCH  T1597, 0"/><instruction code="NEG T1597, 0, T1597"/><instruction code="OR T537, T1597, 0"/><instruction code="ADD T1598, T536, T537"/><instruction code="OR T538, T1598, 0"/><instruction code="OR T539, T538, 0"/><instruction code="SETL  T1600, 72"/><instruction code="INCML T1600, 0"/><instruction code="INCMH T1600, 0"/><instruction code="INCH  T1600, 0"/><instruction code="OR T540, T1600, 0"/><instruction code="MUL T1601, T539, T540"/><instruction code="OR T541, T1601, 0"/><instruction code="ADD T1602, T535, T541"/><instruction code="OR T542, T1602, 0"/><instruction code="OR T543, T24, 0"/><instruction code="SETL  T1603, 8"/><instruction code="INCML T1603, 0"/><instruction code="INCMH T1603, 0"/><instruction code="INCH  T1603, 0"/><instruction code="OR T544, T1603, 0"/><instruction code="ADD T1604, T543, T544"/><instruction code="OR T545, T1604, 0"/><instruction code="OR T546, T545, 0"/><instruction code="SETL  T1606, 8"/><instruction code="INCML T1606, 0"/><instruction code="INCMH T1606, 0"/><instruction code="INCH  T1606, 0"/><instruction code="OR T547, T1606, 0"/><instruction code="MUL T1607, T546, T547"/><instruction code="OR T548, T1607, 0"/><instruction code="ADD T1608, T542, T548"/><instruction code="OR T549, T1608, 0"/><instruction code="OR T550, T549, 0"/><instruction code="SETL  T1610, 0"/><instruction code="INCML T1610, 0"/><instruction code="INCMH T1610, 0"/><instruction code="INCH  T1610, 0"/><instruction code="OR T551, T1610, 0"/><instruction code="CMP T1611, T550, T551"/><instruction code="ZSNZ T1611, T1611, 1"/><instruction code="OR T552, T1611, 0"/><instruction code="BNZ T552, L67"/><instruction code="L139"/><instruction code="LDA T1612, L68"/><instruction code="GO T1612, T1612, 0"/><instruction code="L67"/><instruction code="OR T553, T24, 0"/><instruction code="SETL  T1613, 80"/><instruction code="INCML T1613, 0"/><instruction code="INCMH T1613, 0"/><instruction code="INCH  T1613, 0"/><instruction code="NEG T1613, 0, T1613"/><instruction code="OR T554, T1613, 0"/><instruction code="ADD T1614, T553, T554"/><instruction code="OR T555, T1614, 0"/><instruction code="OR T556, T24, 0"/><instruction code="OR T557, T556, 0"/><instruction code="SETL  T1616, 8"/><instruction code="INCML T1616, 0"/><instruction code="INCMH T1616, 0"/><instruction code="INCH  T1616, 0"/><instruction code="OR T558, T1616, 0"/><instruction code="ADD T1617, T557, T558"/><instruction code="OR T559, T1617, 0"/><instruction code="OR T560, T559, 0"/><instruction code="OR T561, T24, 0"/><instruction code="SETL  T1619, 88"/><instruction code="INCML T1619, 0"/><instruction code="INCMH T1619, 0"/><instruction code="INCH  T1619, 0"/><instruction code="NEG T1619, 0, T1619"/><instruction code="OR T562, T1619, 0"/><instruction code="ADD T1620, T561, T562"/><instruction code="OR T563, T1620, 0"/><instruction code="OR T564, T563, 0"/><instruction code="SETL  T1622, 72"/><instruction code="INCML T1622, 0"/><instruction code="INCMH T1622, 0"/><instruction code="INCH  T1622, 0"/><instruction code="OR T565, T1622, 0"/><instruction code="MUL T1623, T564, T565"/><instruction code="OR T566, T1623, 0"/><instruction code="ADD T1624, T560, T566"/><instruction code="OR T567, T1624, 0"/><instruction code="OR T568, T24, 0"/><instruction code="SETL  T1625, 8"/><instruction code="INCML T1625, 0"/><instruction code="INCMH T1625, 0"/><instruction code="INCH  T1625, 0"/><instruction code="OR T569, T1625, 0"/><instruction code="ADD T1626, T568, T569"/><instruction code="OR T570, T1626, 0"/><instruction code="OR T571, T570, 0"/><instruction code="SETL  T1628, 8"/><instruction code="INCML T1628, 0"/><instruction code="INCMH T1628, 0"/><instruction code="INCH  T1628, 0"/><instruction code="OR T572, T1628, 0"/><instruction code="MUL T1629, T571, T572"/><instruction code="OR T573, T1629, 0"/><instruction code="ADD T1630, T567, T573"/><instruction code="OR T574, T1630, 0"/><instruction code="OR T575, T574, 0"/><instruction code="SETL  T1632, 8"/><instruction code="INCML T1632, 0"/><instruction code="INCMH T1632, 0"/><instruction code="INCH  T1632, 0"/><instruction code="OR T576, T1632, 0"/><instruction code="MUL T1633, T575, T576"/><instruction code="OR T577, T1633, 0"/><instruction code="ADD T1634, T555, T577"/><instruction code="OR T578, T1634, 0"/><instruction code="OR T579, T578, 0"/><instruction code="BNZ T579, L64"/><instruction code="L140"/><instruction code="LDA T1636, L65"/><instruction code="GO T1636, T1636, 0"/><instruction code="L64"/><instruction code="SETL  T1637, 0"/><instruction code="INCML T1637, 0"/><instruction code="INCMH T1637, 0"/><instruction code="INCH  T1637, 0"/><instruction code="OR T580, T1637, 0"/><instruction code="SETL  T1638, 96"/><instruction code="INCML T1638, 0"/><instruction code="INCMH T1638, 0"/><instruction code="INCH  T1638, 0"/><instruction code="NEG T1638, 0, T1638"/><instruction code="ADD T1639, T24, T1638"/><instruction code="STO T1639, T580, 0"/><instruction code="LDA T1641, L66"/><instruction code="GO T1641, T1641, 0"/><instruction code="L65"/><instruction code="SETL  T1642, 1"/><instruction code="INCML T1642, 0"/><instruction code="INCMH T1642, 0"/><instruction code="INCH  T1642, 0"/><instruction code="OR T581, T1642, 0"/><instruction code="SETL  T1643, 80"/><instruction code="INCML T1643, 0"/><instruction code="INCMH T1643, 0"/><instruction code="INCH  T1643, 0"/><instruction code="NEG T1643, 0, T1643"/><instruction code="ADD T1644, T24, T1643"/><instruction code="SETL  T1646, 8"/><instruction code="INCML T1646, 0"/><instruction code="INCMH T1646, 0"/><instruction code="INCH  T1646, 0"/><instruction code="ADD T1647, T24, T1646"/><instruction code="SETL  T1649, 88"/><instruction code="INCML T1649, 0"/><instruction code="INCMH T1649, 0"/><instruction code="INCH  T1649, 0"/><instruction code="NEG T1649, 0, T1649"/><instruction code="ADD T1650, T24, T1649"/><instruction code="SETL  T1652, 72"/><instruction code="INCML T1652, 0"/><instruction code="INCMH T1652, 0"/><instruction code="INCH  T1652, 0"/><instruction code="MUL T1653, T1650, T1652"/><instruction code="ADD T1654, T1647, T1653"/><instruction code="SETL  T1655, 8"/><instruction code="INCML T1655, 0"/><instruction code="INCMH T1655, 0"/><instruction code="INCH  T1655, 0"/><instruction code="ADD T1656, T24, T1655"/><instruction code="SETL  T1658, 8"/><instruction code="INCML T1658, 0"/><instruction code="INCMH T1658, 0"/><instruction code="INCH  T1658, 0"/><instruction code="MUL T1659, T1656, T1658"/><instruction code="ADD T1660, T1654, T1659"/><instruction code="SETL  T1662, 8"/><instruction code="INCML T1662, 0"/><instruction code="INCMH T1662, 0"/><instruction code="INCH  T1662, 0"/><instruction code="MUL T1663, T1660, T1662"/><instruction code="ADD T1664, T1644, T1663"/><instruction code="STO T1664, T581, 0"/><instruction code="L66"/><instruction code="L68"/><instruction code="OR T582, T24, 0"/><instruction code="SETL  T1666, 88"/><instruction code="INCML T1666, 0"/><instruction code="INCMH T1666, 0"/><instruction code="INCH  T1666, 0"/><instruction code="NEG T1666, 0, T1666"/><instruction code="OR T583, T1666, 0"/><instruction code="ADD T1667, T582, T583"/><instruction code="OR T584, T1667, 0"/><instruction code="OR T585, T584, 0"/><instruction code="SETL  T1669, 1"/><instruction code="INCML T1669, 0"/><instruction code="INCMH T1669, 0"/><instruction code="INCH  T1669, 0"/><instruction code="OR T586, T1669, 0"/><instruction code="ADD T1670, T585, T586"/><instruction code="OR T587, T1670, 0"/><instruction code="SETL  T1671, 88"/><instruction code="INCML T1671, 0"/><instruction code="INCMH T1671, 0"/><instruction code="INCH  T1671, 0"/><instruction code="NEG T1671, 0, T1671"/><instruction code="ADD T1672, T24, T1671"/><instruction code="STO T1672, T587, 0"/><instruction code="LDA T1674, L69"/><instruction code="GO T1674, T1674, 0"/><instruction code="L71"/><instruction code="OR T588, T24, 0"/><instruction code="SETL  T1675, 96"/><instruction code="INCML T1675, 0"/><instruction code="INCMH T1675, 0"/><instruction code="INCH  T1675, 0"/><instruction code="NEG T1675, 0, T1675"/><instruction code="OR T589, T1675, 0"/><instruction code="ADD T1676, T588, T589"/><instruction code="OR T590, T1676, 0"/><instruction code="OR T591, T590, 0"/><instruction code="OR T25, T591, 0"/><instruction code="LDA T1678, L142"/><instruction code="GO T1678, T1678, 0"/></instructions></code><code entrylabel="L148" exitlabel="L149" tempsize="0"><frame FP="T26" RV="T27" argssize="0" depth="2" label="L3" locssize="112" size="128"/><instructions><instruction code="L148"/><instruction code="SETL  T1679, 1"/><instruction code="INCML T1679, 0"/><instruction code="INCMH T1679, 0"/><instruction code="INCH  T1679, 0"/><instruction code="OR T592, T1679, 0"/><instruction code="SETL  T1680, 112"/><instruction code="INCML T1680, 0"/><instruction code="INCMH T1680, 0"/><instruction code="INCH  T1680, 0"/><instruction code="NEG T1680, 0, T1680"/><instruction code="ADD T1681, T26, T1680"/><instruction code="STO T1681, T592, 0"/><instruction code="SETL  T1683, 1"/><instruction code="INCML T1683, 0"/><instruction code="INCMH T1683, 0"/><instruction code="INCH  T1683, 0"/><instruction code="OR T593, T1683, 0"/><instruction code="SETL  T1684, 104"/><instruction code="INCML T1684, 0"/><instruction code="INCMH T1684, 0"/><instruction code="INCH  T1684, 0"/><instruction code="NEG T1684, 0, T1684"/><instruction code="ADD T1685, T26, T1684"/><instruction code="STO T1685, T593, 0"/><instruction code="L72"/><instruction code="OR T594, T26, 0"/><instruction code="SETL  T1687, 104"/><instruction code="INCML T1687, 0"/><instruction code="INCMH T1687, 0"/><instruction code="INCH  T1687, 0"/><instruction code="NEG T1687, 0, T1687"/><instruction code="OR T595, T1687, 0"/><instruction code="ADD T1688, T594, T595"/><instruction code="OR T596, T1688, 0"/><instruction code="OR T597, T596, 0"/><instruction code="SETL  T1690, 9"/><instruction code="INCML T1690, 0"/><instruction code="INCMH T1690, 0"/><instruction code="INCH  T1690, 0"/><instruction code="OR T598, T1690, 0"/><instruction code="CMP T1691, T597, T598"/><instruction code="ZSNP T1691, T1691, 1"/><instruction code="OR T599, T1691, 0"/><instruction code="BNZ T599, L73"/><instruction code="L143"/><instruction code="LDA T1692, L74"/><instruction code="GO T1692, T1692, 0"/><instruction code="L73"/><instruction code="SETL  T1693, 0"/><instruction code="INCML T1693, 0"/><instruction code="INCMH T1693, 0"/><instruction code="INCH  T1693, 0"/><instruction code="OR T600, T1693, 0"/><instruction code="SETL  T1694, 80"/><instruction code="INCML T1694, 0"/><instruction code="INCMH T1694, 0"/><instruction code="INCH  T1694, 0"/><instruction code="NEG T1694, 0, T1694"/><instruction code="ADD T1695, T26, T1694"/><instruction code="SETL  T1696, 104"/><instruction code="INCML T1696, 0"/><instruction code="INCMH T1696, 0"/><instruction code="INCH  T1696, 0"/><instruction code="NEG T1696, 0, T1696"/><instruction code="ADD T1697, T26, T1696"/><instruction code="SETL  T1699, 8"/><instruction code="INCML T1699, 0"/><instruction code="INCMH T1699, 0"/><instruction code="INCH  T1699, 0"/><instruction code="MUL T1700, T1697, T1699"/><instruction code="ADD T1701, T1695, T1700"/><instruction code="STO T1701, T600, 0"/><instruction code="OR T601, T26, 0"/><instruction code="SETL  T1703, 104"/><instruction code="INCML T1703, 0"/><instruction code="INCMH T1703, 0"/><instruction code="INCH  T1703, 0"/><instruction code="NEG T1703, 0, T1703"/><instruction code="OR T602, T1703, 0"/><instruction code="ADD T1704, T601, T602"/><instruction code="OR T603, T1704, 0"/><instruction code="OR T604, T603, 0"/><instruction code="SETL  T1706, 1"/><instruction code="INCML T1706, 0"/><instruction code="INCMH T1706, 0"/><instruction code="INCH  T1706, 0"/><instruction code="OR T605, T1706, 0"/><instruction code="ADD T1707, T604, T605"/><instruction code="OR T606, T1707, 0"/><instruction code="SETL  T1708, 104"/><instruction code="INCML T1708, 0"/><instruction code="INCMH T1708, 0"/><instruction code="INCH  T1708, 0"/><instruction code="NEG T1708, 0, T1708"/><instruction code="ADD T1709, T26, T1708"/><instruction code="STO T1709, T606, 0"/><instruction code="LDA T1711, L72"/><instruction code="GO T1711, T1711, 0"/><instruction code="L74"/><instruction code="SETL  T1712, 0"/><instruction code="INCML T1712, 0"/><instruction code="INCMH T1712, 0"/><instruction code="INCH  T1712, 0"/><instruction code="OR T607, T1712, 0"/><instruction code="SETL  T1713, 96"/><instruction code="INCML T1713, 0"/><instruction code="INCMH T1713, 0"/><instruction code="INCH  T1713, 0"/><instruction code="NEG T1713, 0, T1713"/><instruction code="ADD T1714, T26, T1713"/><instruction code="STO T1714, T607, 0"/><instruction code="L83"/><instruction code="OR T608, T26, 0"/><instruction code="SETL  T1716, 96"/><instruction code="INCML T1716, 0"/><instruction code="INCMH T1716, 0"/><instruction code="INCH  T1716, 0"/><instruction code="NEG T1716, 0, T1716"/><instruction code="OR T609, T1716, 0"/><instruction code="ADD T1717, T608, T609"/><instruction code="OR T610, T1717, 0"/><instruction code="OR T611, T610, 0"/><instruction code="SETL  T1719, 3"/><instruction code="INCML T1719, 0"/><instruction code="INCMH T1719, 0"/><instruction code="INCH  T1719, 0"/><instruction code="OR T612, T1719, 0"/><instruction code="CMP T1720, T611, T612"/><instruction code="ZSN T1720, T1720, 1"/><instruction code="OR T613, T1720, 0"/><instruction code="BNZ T613, L84"/><instruction code="L144"/><instruction code="LDA T1721, L85"/><instruction code="GO T1721, T1721, 0"/><instruction code="L84"/><instruction code="SETL  T1722, 0"/><instruction code="INCML T1722, 0"/><instruction code="INCMH T1722, 0"/><instruction code="INCH  T1722, 0"/><instruction code="OR T614, T1722, 0"/><instruction code="SETL  T1723, 88"/><instruction code="INCML T1723, 0"/><instruction code="INCMH T1723, 0"/><instruction code="INCH  T1723, 0"/><instruction code="NEG T1723, 0, T1723"/><instruction code="ADD T1724, T26, T1723"/><instruction code="STO T1724, T614, 0"/><instruction code="L80"/><instruction code="OR T615, T26, 0"/><instruction code="SETL  T1726, 88"/><instruction code="INCML T1726, 0"/><instruction code="INCMH T1726, 0"/><instruction code="INCH  T1726, 0"/><instruction code="NEG T1726, 0, T1726"/><instruction code="OR T616, T1726, 0"/><instruction code="ADD T1727, T615, T616"/><instruction code="OR T617, T1727, 0"/><instruction code="OR T618, T617, 0"/><instruction code="SETL  T1729, 3"/><instruction code="INCML T1729, 0"/><instruction code="INCMH T1729, 0"/><instruction code="INCH  T1729, 0"/><instruction code="OR T619, T1729, 0"/><instruction code="CMP T1730, T618, T619"/><instruction code="ZSN T1730, T1730, 1"/><instruction code="OR T620, T1730, 0"/><instruction code="BNZ T620, L81"/><instruction code="L145"/><instruction code="LDA T1731, L82"/><instruction code="GO T1731, T1731, 0"/><instruction code="L81"/><instruction code="OR T621, T26, 0"/><instruction code="OR T622, T621, 0"/><instruction code="SETL  T1733, 8"/><instruction code="INCML T1733, 0"/><instruction code="INCMH T1733, 0"/><instruction code="INCH  T1733, 0"/><instruction code="OR T623, T1733, 0"/><instruction code="ADD T1734, T622, T623"/><instruction code="OR T624, T1734, 0"/><instruction code="OR T625, T624, 0"/><instruction code="OR T626, T26, 0"/><instruction code="SETL  T1736, 16"/><instruction code="INCML T1736, 0"/><instruction code="INCMH T1736, 0"/><instruction code="INCH  T1736, 0"/><instruction code="OR T627, T1736, 0"/><instruction code="ADD T1737, T626, T627"/><instruction code="OR T628, T1737, 0"/><instruction code="OR T629, T628, 0"/><instruction code="SETL  T1739, 3"/><instruction code="INCML T1739, 0"/><instruction code="INCMH T1739, 0"/><instruction code="INCH  T1739, 0"/><instruction code="OR T630, T1739, 0"/><instruction code="MUL T1740, T629, T630"/><instruction code="OR T631, T1740, 0"/><instruction code="OR T632, T26, 0"/><instruction code="SETL  T1741, 96"/><instruction code="INCML T1741, 0"/><instruction code="INCMH T1741, 0"/><instruction code="INCH  T1741, 0"/><instruction code="NEG T1741, 0, T1741"/><instruction code="OR T633, T1741, 0"/><instruction code="ADD T1742, T632, T633"/><instruction code="OR T634, T1742, 0"/><instruction code="OR T635, T634, 0"/><instruction code="ADD T1744, T631, T635"/><instruction code="OR T636, T1744, 0"/><instruction code="SETL  T1745, 72"/><instruction code="INCML T1745, 0"/><instruction code="INCMH T1745, 0"/><instruction code="INCH  T1745, 0"/><instruction code="OR T637, T1745, 0"/><instruction code="MUL T1746, T636, T637"/><instruction code="OR T638, T1746, 0"/><instruction code="ADD T1747, T625, T638"/><instruction code="OR T639, T1747, 0"/><instruction code="OR T640, T26, 0"/><instruction code="SETL  T1748, 8"/><instruction code="INCML T1748, 0"/><instruction code="INCMH T1748, 0"/><instruction code="INCH  T1748, 0"/><instruction code="OR T641, T1748, 0"/><instruction code="ADD T1749, T640, T641"/><instruction code="OR T642, T1749, 0"/><instruction code="OR T643, T642, 0"/><instruction code="SETL  T1751, 3"/><instruction code="INCML T1751, 0"/><instruction code="INCMH T1751, 0"/><instruction code="INCH  T1751, 0"/><instruction code="OR T644, T1751, 0"/><instruction code="MUL T1752, T643, T644"/><instruction code="OR T645, T1752, 0"/><instruction code="OR T646, T26, 0"/><instruction code="SETL  T1753, 88"/><instruction code="INCML T1753, 0"/><instruction code="INCMH T1753, 0"/><instruction code="INCH  T1753, 0"/><instruction code="NEG T1753, 0, T1753"/><instruction code="OR T647, T1753, 0"/><instruction code="ADD T1754, T646, T647"/><instruction code="OR T648, T1754, 0"/><instruction code="OR T649, T648, 0"/><instruction code="ADD T1756, T645, T649"/><instruction code="OR T650, T1756, 0"/><instruction code="SETL  T1757, 8"/><instruction code="INCML T1757, 0"/><instruction code="INCMH T1757, 0"/><instruction code="INCH  T1757, 0"/><instruction code="OR T651, T1757, 0"/><instruction code="MUL T1758, T650, T651"/><instruction code="OR T652, T1758, 0"/><instruction code="ADD T1759, T639, T652"/><instruction code="OR T653, T1759, 0"/><instruction code="OR T654, T653, 0"/><instruction code="SETL  T1761, 0"/><instruction code="INCML T1761, 0"/><instruction code="INCMH T1761, 0"/><instruction code="INCH  T1761, 0"/><instruction code="OR T655, T1761, 0"/><instruction code="CMP T1762, T654, T655"/><instruction code="ZSNZ T1762, T1762, 1"/><instruction code="OR T656, T1762, 0"/><instruction code="BNZ T656, L78"/><instruction code="L146"/><instruction code="LDA T1763, L79"/><instruction code="GO T1763, T1763, 0"/><instruction code="L78"/><instruction code="OR T657, T26, 0"/><instruction code="SETL  T1764, 80"/><instruction code="INCML T1764, 0"/><instruction code="INCMH T1764, 0"/><instruction code="INCH  T1764, 0"/><instruction code="NEG T1764, 0, T1764"/><instruction code="OR T658, T1764, 0"/><instruction code="ADD T1765, T657, T658"/><instruction code="OR T659, T1765, 0"/><instruction code="OR T660, T26, 0"/><instruction code="OR T661, T660, 0"/><instruction code="SETL  T1767, 8"/><instruction code="INCML T1767, 0"/><instruction code="INCMH T1767, 0"/><instruction code="INCH  T1767, 0"/><instruction code="OR T662, T1767, 0"/><instruction code="ADD T1768, T661, T662"/><instruction code="OR T663, T1768, 0"/><instruction code="OR T664, T663, 0"/><instruction code="OR T665, T26, 0"/><instruction code="SETL  T1770, 16"/><instruction code="INCML T1770, 0"/><instruction code="INCMH T1770, 0"/><instruction code="INCH  T1770, 0"/><instruction code="OR T666, T1770, 0"/><instruction code="ADD T1771, T665, T666"/><instruction code="OR T667, T1771, 0"/><instruction code="OR T668, T667, 0"/><instruction code="SETL  T1773, 3"/><instruction code="INCML T1773, 0"/><instruction code="INCMH T1773, 0"/><instruction code="INCH  T1773, 0"/><instruction code="OR T669, T1773, 0"/><instruction code="MUL T1774, T668, T669"/><instruction code="OR T670, T1774, 0"/><instruction code="OR T671, T26, 0"/><instruction code="SETL  T1775, 96"/><instruction code="INCML T1775, 0"/><instruction code="INCMH T1775, 0"/><instruction code="INCH  T1775, 0"/><instruction code="NEG T1775, 0, T1775"/><instruction code="OR T672, T1775, 0"/><instruction code="ADD T1776, T671, T672"/><instruction code="OR T673, T1776, 0"/><instruction code="OR T674, T673, 0"/><instruction code="ADD T1778, T670, T674"/><instruction code="OR T675, T1778, 0"/><instruction code="SETL  T1779, 72"/><instruction code="INCML T1779, 0"/><instruction code="INCMH T1779, 0"/><instruction code="INCH  T1779, 0"/><instruction code="OR T676, T1779, 0"/><instruction code="MUL T1780, T675, T676"/><instruction code="OR T677, T1780, 0"/><instruction code="ADD T1781, T664, T677"/><instruction code="OR T678, T1781, 0"/><instruction code="OR T679, T26, 0"/><instruction code="SETL  T1782, 8"/><instruction code="INCML T1782, 0"/><instruction code="INCMH T1782, 0"/><instruction code="INCH  T1782, 0"/><instruction code="OR T680, T1782, 0"/><instruction code="ADD T1783, T679, T680"/><instruction code="OR T681, T1783, 0"/><instruction code="OR T682, T681, 0"/><instruction code="SETL  T1785, 3"/><instruction code="INCML T1785, 0"/><instruction code="INCMH T1785, 0"/><instruction code="INCH  T1785, 0"/><instruction code="OR T683, T1785, 0"/><instruction code="MUL T1786, T682, T683"/><instruction code="OR T684, T1786, 0"/><instruction code="OR T685, T26, 0"/><instruction code="SETL  T1787, 88"/><instruction code="INCML T1787, 0"/><instruction code="INCMH T1787, 0"/><instruction code="INCH  T1787, 0"/><instruction code="NEG T1787, 0, T1787"/><instruction code="OR T686, T1787, 0"/><instruction code="ADD T1788, T685, T686"/><instruction code="OR T687, T1788, 0"/><instruction code="OR T688, T687, 0"/><instruction code="ADD T1790, T684, T688"/><instruction code="OR T689, T1790, 0"/><instruction code="SETL  T1791, 8"/><instruction code="INCML T1791, 0"/><instruction code="INCMH T1791, 0"/><instruction code="INCH  T1791, 0"/><instruction code="OR T690, T1791, 0"/><instruction code="MUL T1792, T689, T690"/><instruction code="OR T691, T1792, 0"/><instruction code="ADD T1793, T678, T691"/><instruction code="OR T692, T1793, 0"/><instruction code="OR T693, T692, 0"/><instruction code="SETL  T1795, 8"/><instruction code="INCML T1795, 0"/><instruction code="INCMH T1795, 0"/><instruction code="INCH  T1795, 0"/><instruction code="OR T694, T1795, 0"/><instruction code="MUL T1796, T693, T694"/><instruction code="OR T695, T1796, 0"/><instruction code="ADD T1797, T659, T695"/><instruction code="OR T696, T1797, 0"/><instruction code="OR T697, T696, 0"/><instruction code="BNZ T697, L75"/><instruction code="L147"/><instruction code="LDA T1799, L76"/><instruction code="GO T1799, T1799, 0"/><instruction code="L75"/><instruction code="SETL  T1800, 0"/><instruction code="INCML T1800, 0"/><instruction code="INCMH T1800, 0"/><instruction code="INCH  T1800, 0"/><instruction code="OR T698, T1800, 0"/><instruction code="SETL  T1801, 112"/><instruction code="INCML T1801, 0"/><instruction code="INCMH T1801, 0"/><instruction code="INCH  T1801, 0"/><instruction code="NEG T1801, 0, T1801"/><instruction code="ADD T1802, T26, T1801"/><instruction code="STO T1802, T698, 0"/><instruction code="LDA T1804, L77"/><instruction code="GO T1804, T1804, 0"/><instruction code="L76"/><instruction code="SETL  T1805, 1"/><instruction code="INCML T1805, 0"/><instruction code="INCMH T1805, 0"/><instruction code="INCH  T1805, 0"/><instruction code="OR T699, T1805, 0"/><instruction code="SETL  T1806, 80"/><instruction code="INCML T1806, 0"/><instruction code="INCMH T1806, 0"/><instruction code="INCH  T1806, 0"/><instruction code="NEG T1806, 0, T1806"/><instruction code="ADD T1807, T26, T1806"/><instruction code="SETL  T1809, 8"/><instruction code="INCML T1809, 0"/><instruction code="INCMH T1809, 0"/><instruction code="INCH  T1809, 0"/><instruction code="ADD T1810, T26, T1809"/><instruction code="SETL  T1812, 16"/><instruction code="INCML T1812, 0"/><instruction code="INCMH T1812, 0"/><instruction code="INCH  T1812, 0"/><instruction code="ADD T1813, T26, T1812"/><instruction code="SETL  T1815, 3"/><instruction code="INCML T1815, 0"/><instruction code="INCMH T1815, 0"/><instruction code="INCH  T1815, 0"/><instruction code="MUL T1816, T1813, T1815"/><instruction code="SETL  T1817, 96"/><instruction code="INCML T1817, 0"/><instruction code="INCMH T1817, 0"/><instruction code="INCH  T1817, 0"/><instruction code="NEG T1817, 0, T1817"/><instruction code="ADD T1818, T26, T1817"/><instruction code="ADD T1820, T1816, T1818"/><instruction code="SETL  T1821, 72"/><instruction code="INCML T1821, 0"/><instruction code="INCMH T1821, 0"/><instruction code="INCH  T1821, 0"/><instruction code="MUL T1822, T1820, T1821"/><instruction code="ADD T1823, T1810, T1822"/><instruction code="SETL  T1824, 8"/><instruction code="INCML T1824, 0"/><instruction code="INCMH T1824, 0"/><instruction code="INCH  T1824, 0"/><instruction code="ADD T1825, T26, T1824"/><instruction code="SETL  T1827, 3"/><instruction code="INCML T1827, 0"/><instruction code="INCMH T1827, 0"/><instruction code="INCH  T1827, 0"/><instruction code="MUL T1828, T1825, T1827"/><instruction code="SETL  T1829, 88"/><instruction code="INCML T1829, 0"/><instruction code="INCMH T1829, 0"/><instruction code="INCH  T1829, 0"/><instruction code="NEG T1829, 0, T1829"/><instruction code="ADD T1830, T26, T1829"/><instruction code="ADD T1832, T1828, T1830"/><instruction code="SETL  T1833, 8"/><instruction code="INCML T1833, 0"/><instruction code="INCMH T1833, 0"/><instruction code="INCH  T1833, 0"/><instruction code="MUL T1834, T1832, T1833"/><instruction code="ADD T1835, T1823, T1834"/><instruction code="SETL  T1837, 8"/><instruction code="INCML T1837, 0"/><instruction code="INCMH T1837, 0"/><instruction code="INCH  T1837, 0"/><instruction code="MUL T1838, T1835, T1837"/><instruction code="ADD T1839, T1807, T1838"/><instruction code="STO T1839, T699, 0"/><instruction code="L77"/><instruction code="L79"/><instruction code="OR T700, T26, 0"/><instruction code="SETL  T1841, 88"/><instruction code="INCML T1841, 0"/><instruction code="INCMH T1841, 0"/><instruction code="INCH  T1841, 0"/><instruction code="NEG T1841, 0, T1841"/><instruction code="OR T701, T1841, 0"/><instruction code="ADD T1842, T700, T701"/><instruction code="OR T702, T1842, 0"/><instruction code="OR T703, T702, 0"/><instruction code="SETL  T1844, 1"/><instruction code="INCML T1844, 0"/><instruction code="INCMH T1844, 0"/><instruction code="INCH  T1844, 0"/><instruction code="OR T704, T1844, 0"/><instruction code="ADD T1845, T703, T704"/><instruction code="OR T705, T1845, 0"/><instruction code="SETL  T1846, 88"/><instruction code="INCML T1846, 0"/><instruction code="INCMH T1846, 0"/><instruction code="INCH  T1846, 0"/><instruction code="NEG T1846, 0, T1846"/><instruction code="ADD T1847, T26, T1846"/><instruction code="STO T1847, T705, 0"/><instruction code="LDA T1849, L80"/><instruction code="GO T1849, T1849, 0"/><instruction code="L82"/><instruction code="OR T706, T26, 0"/><instruction code="SETL  T1850, 96"/><instruction code="INCML T1850, 0"/><instruction code="INCMH T1850, 0"/><instruction code="INCH  T1850, 0"/><instruction code="NEG T1850, 0, T1850"/><instruction code="OR T707, T1850, 0"/><instruction code="ADD T1851, T706, T707"/><instruction code="OR T708, T1851, 0"/><instruction code="OR T709, T708, 0"/><instruction code="SETL  T1853, 1"/><instruction code="INCML T1853, 0"/><instruction code="INCMH T1853, 0"/><instruction code="INCH  T1853, 0"/><instruction code="OR T710, T1853, 0"/><instruction code="ADD T1854, T709, T710"/><instruction code="OR T711, T1854, 0"/><instruction code="SETL  T1855, 96"/><instruction code="INCML T1855, 0"/><instruction code="INCMH T1855, 0"/><instruction code="INCH  T1855, 0"/><instruction code="NEG T1855, 0, T1855"/><instruction code="ADD T1856, T26, T1855"/><instruction code="STO T1856, T711, 0"/><instruction code="LDA T1858, L83"/><instruction code="GO T1858, T1858, 0"/><instruction code="L85"/><instruction code="OR T712, T26, 0"/><instruction code="SETL  T1859, 112"/><instruction code="INCML T1859, 0"/><instruction code="INCMH T1859, 0"/><instruction code="INCH  T1859, 0"/><instruction code="NEG T1859, 0, T1859"/><instruction code="OR T713, T1859, 0"/><instruction code="ADD T1860, T712, T713"/><instruction code="OR T714, T1860, 0"/><instruction code="OR T715, T714, 0"/><instruction code="OR T27, T715, 0"/><instruction code="LDA T1862, L149"/><instruction code="GO T1862, T1862, 0"/></instructions></code><code entrylabel="L157" exitlabel="L158" tempsize="0"><frame FP="T28" RV="T29" argssize="24" depth="2" label="L4" locssize="32" size="72"/><instructions><instruction code="L157"/><instruction code="OR T716, T28, 0"/><instruction code="SETL  T1863, 8"/><instruction code="INCML T1863, 0"/><instruction code="INCMH T1863, 0"/><instruction code="INCH  T1863, 0"/><instruction code="OR T717, T1863, 0"/><instruction code="ADD T1864, T716, T717"/><instruction code="OR T718, T1864, 0"/><instruction code="OR T719, T718, 0"/><instruction code="OR T720, T28, 0"/><instruction code="SETL  T1866, 16"/><instruction code="INCML T1866, 0"/><instruction code="INCMH T1866, 0"/><instruction code="INCH  T1866, 0"/><instruction code="OR T721, T1866, 0"/><instruction code="ADD T1867, T720, T721"/><instruction code="OR T722, T1867, 0"/><instruction code="OR T723, T722, 0"/><instruction code="CMP T1869, T719, T723"/><instruction code="ZSZ T1869, T1869, 1"/><instruction code="OR T724, T1869, 0"/><instruction code="BNZ T724, L102"/><instruction code="L150"/><instruction code="LDA T1870, L103"/><instruction code="GO T1870, T1870, 0"/><instruction code="L102"/><instruction code="SETL  T1871, 1"/><instruction code="INCML T1871, 0"/><instruction code="INCMH T1871, 0"/><instruction code="INCH  T1871, 0"/><instruction code="OR T725, T1871, 0"/><instruction code="BNZ T725, L92"/><instruction code="L151"/><instruction code="LDA T1872, L93"/><instruction code="GO T1872, T1872, 0"/><instruction code="L92"/><instruction code="SETL  T1873, 0"/><instruction code="INCML T1873, 0"/><instruction code="INCMH T1873, 0"/><instruction code="INCH  T1873, 0"/><instruction code="OR T726, T1873, 0"/><instruction code="SETL  T1874, 16"/><instruction code="INCML T1874, 0"/><instruction code="INCMH T1874, 0"/><instruction code="INCH  T1874, 0"/><instruction code="NEG T1874, 0, T1874"/><instruction code="ADD T1875, T28, T1874"/><instruction code="STO T1875, T726, 0"/><instruction code="L89"/><instruction code="OR T727, T28, 0"/><instruction code="SETL  T1877, 16"/><instruction code="INCML T1877, 0"/><instruction code="INCMH T1877, 0"/><instruction code="INCH  T1877, 0"/><instruction code="NEG T1877, 0, T1877"/><instruction code="OR T728, T1877, 0"/><instruction code="ADD T1878, T727, T728"/><instruction code="OR T729, T1878, 0"/><instruction code="OR T730, T729, 0"/><instruction code="SETL  T1880, 9"/><instruction code="INCML T1880, 0"/><instruction code="INCMH T1880, 0"/><instruction code="INCH  T1880, 0"/><instruction code="OR T731, T1880, 0"/><instruction code="CMP T1881, T730, T731"/><instruction code="ZSN T1881, T1881, 1"/><instruction code="OR T732, T1881, 0"/><instruction code="BNZ T732, L90"/><instruction code="L152"/><instruction code="LDA T1882, L91"/><instruction code="GO T1882, T1882, 0"/><instruction code="L90"/><instruction code="SETL  T1883, 0"/><instruction code="INCML T1883, 0"/><instruction code="INCMH T1883, 0"/><instruction code="INCH  T1883, 0"/><instruction code="OR T733, T1883, 0"/><instruction code="SETL  T1884, 24"/><instruction code="INCML T1884, 0"/><instruction code="INCMH T1884, 0"/><instruction code="INCH  T1884, 0"/><instruction code="NEG T1884, 0, T1884"/><instruction code="ADD T1885, T28, T1884"/><instruction code="STO T1885, T733, 0"/><instruction code="L86"/><instruction code="OR T734, T28, 0"/><instruction code="SETL  T1887, 24"/><instruction code="INCML T1887, 0"/><instruction code="INCMH T1887, 0"/><instruction code="INCH  T1887, 0"/><instruction code="NEG T1887, 0, T1887"/><instruction code="OR T735, T1887, 0"/><instruction code="ADD T1888, T734, T735"/><instruction code="OR T736, T1888, 0"/><instruction code="OR T737, T736, 0"/><instruction code="SETL  T1890, 9"/><instruction code="INCML T1890, 0"/><instruction code="INCMH T1890, 0"/><instruction code="INCH  T1890, 0"/><instruction code="OR T738, T1890, 0"/><instruction code="CMP T1891, T737, T738"/><instruction code="ZSN T1891, T1891, 1"/><instruction code="OR T739, T1891, 0"/><instruction code="BNZ T739, L87"/><instruction code="L153"/><instruction code="LDA T1892, L88"/><instruction code="GO T1892, T1892, 0"/><instruction code="L87"/><instruction code="SETL  T1893, 0"/><instruction code="INCML T1893, 0"/><instruction code="INCMH T1893, 0"/><instruction code="INCH  T1893, 0"/><instruction code="OR T740, T1893, 0"/><instruction code="OR T741, T28, 0"/><instruction code="OR T742, T741, 0"/><instruction code="SETL  T1895, 8"/><instruction code="INCML T1895, 0"/><instruction code="INCMH T1895, 0"/><instruction code="INCH  T1895, 0"/><instruction code="OR T743, T1895, 0"/><instruction code="ADD T1896, T742, T743"/><instruction code="OR T744, T1896, 0"/><instruction code="OR T745, T744, 0"/><instruction code="OR T746, T28, 0"/><instruction code="SETL  T1898, 16"/><instruction code="INCML T1898, 0"/><instruction code="INCMH T1898, 0"/><instruction code="INCH  T1898, 0"/><instruction code="NEG T1898, 0, T1898"/><instruction code="OR T747, T1898, 0"/><instruction code="ADD T1899, T746, T747"/><instruction code="OR T748, T1899, 0"/><instruction code="OR T749, T748, 0"/><instruction code="SETL  T1901, 72"/><instruction code="INCML T1901, 0"/><instruction code="INCMH T1901, 0"/><instruction code="INCH  T1901, 0"/><instruction code="OR T750, T1901, 0"/><instruction code="MUL T1902, T749, T750"/><instruction code="OR T751, T1902, 0"/><instruction code="ADD T1903, T745, T751"/><instruction code="OR T752, T1903, 0"/><instruction code="OR T753, T28, 0"/><instruction code="SETL  T1904, 24"/><instruction code="INCML T1904, 0"/><instruction code="INCMH T1904, 0"/><instruction code="INCH  T1904, 0"/><instruction code="NEG T1904, 0, T1904"/><instruction code="OR T754, T1904, 0"/><instruction code="ADD T1905, T753, T754"/><instruction code="OR T755, T1905, 0"/><instruction code="OR T756, T755, 0"/><instruction code="SETL  T1907, 8"/><instruction code="INCML T1907, 0"/><instruction code="INCMH T1907, 0"/><instruction code="INCH  T1907, 0"/><instruction code="OR T757, T1907, 0"/><instruction code="MUL T1908, T756, T757"/><instruction code="OR T758, T1908, 0"/><instruction code="ADD T1909, T752, T758"/><instruction code="OR T759, T1909, 0"/><instruction code="OR T760, T759, 0"/><instruction code="STO T740, $254, 8"/><instruction code="STO T760, $254, 16"/><instruction code="LDA T1911, _putInt"/><instruction code="PUSHJ $15, T1911, 0"/><instruction code="OR T761, T1912, 0"/><instruction code="SETL  T1913, 0"/><instruction code="INCML T1913, 0"/><instruction code="INCMH T1913, 0"/><instruction code="INCH  T1913, 0"/><instruction code="OR T762, T1913, 0"/><instruction code="SETL  T1914, 32"/><instruction code="INCML T1914, 0"/><instruction code="INCMH T1914, 0"/><instruction code="INCH  T1914, 0"/><instruction code="OR T763, T1914, 0"/><instruction code="STO T762, $254, 8"/><instruction code="STO T763, $254, 16"/><instruction code="LDA T1915, _putChar"/><instruction code="PUSHJ $15, T1915, 0"/><instruction code="OR T764, T1916, 0"/><instruction code="OR T765, T28, 0"/><instruction code="SETL  T1917, 24"/><instruction code="INCML T1917, 0"/><instruction code="INCMH T1917, 0"/><instruction code="INCH  T1917, 0"/><instruction code="NEG T1917, 0, T1917"/><instruction code="OR T766, T1917, 0"/><instruction code="ADD T1918, T765, T766"/><instruction code="OR T767, T1918, 0"/><instruction code="OR T768, T767, 0"/><instruction code="SETL  T1920, 1"/><instruction code="INCML T1920, 0"/><instruction code="INCMH T1920, 0"/><instruction code="INCH  T1920, 0"/><instruction code="OR T769, T1920, 0"/><instruction code="ADD T1921, T768, T769"/><instruction code="OR T770, T1921, 0"/><instruction code="SETL  T1922, 24"/><instruction code="INCML T1922, 0"/><instruction code="INCMH T1922, 0"/><instruction code="INCH  T1922, 0"/><instruction code="NEG T1922, 0, T1922"/><instruction code="ADD T1923, T28, T1922"/><instruction code="STO T1923, T770, 0"/><instruction code="LDA T1925, L86"/><instruction code="GO T1925, T1925, 0"/><instruction code="L88"/><instruction code="SETL  T1926, 0"/><instruction code="INCML T1926, 0"/><instruction code="INCMH T1926, 0"/><instruction code="INCH  T1926, 0"/><instruction code="OR T771, T1926, 0"/><instruction code="SETL  T1927, 10"/><instruction code="INCML T1927, 0"/><instruction code="INCMH T1927, 0"/><instruction code="INCH  T1927, 0"/><instruction code="OR T772, T1927, 0"/><instruction code="SETL  T1928, 256"/><instruction code="INCML T1928, 0"/><instruction code="INCMH T1928, 0"/><instruction code="INCH  T1928, 0"/><instruction code="OR T773, T1928, 0"/><instruction code="DIV T1929, T772, T773"/><instruction code="OR T1929, rR, 0"/><instruction code="OR T774, T1929, 0"/><instruction code="STO T771, $254, 8"/><instruction code="STO T774, $254, 16"/><instruction code="LDA T1930, _putChar"/><instruction code="PUSHJ $15, T1930, 0"/><instruction code="OR T775, T1931, 0"/><instruction code="OR T776, T28, 0"/><instruction code="SETL  T1932, 16"/><instruction code="INCML T1932, 0"/><instruction code="INCMH T1932, 0"/><instruction code="INCH  T1932, 0"/><instruction code="NEG T1932, 0, T1932"/><instruction code="OR T777, T1932, 0"/><instruction code="ADD T1933, T776, T777"/><instruction code="OR T778, T1933, 0"/><instruction code="OR T779, T778, 0"/><instruction code="SETL  T1935, 1"/><instruction code="INCML T1935, 0"/><instruction code="INCMH T1935, 0"/><instruction code="INCH  T1935, 0"/><instruction code="OR T780, T1935, 0"/><instruction code="ADD T1936, T779, T780"/><instruction code="OR T781, T1936, 0"/><instruction code="SETL  T1937, 16"/><instruction code="INCML T1937, 0"/><instruction code="INCMH T1937, 0"/><instruction code="INCH  T1937, 0"/><instruction code="NEG T1937, 0, T1937"/><instruction code="ADD T1938, T28, T1937"/><instruction code="STO T1938, T781, 0"/><instruction code="LDA T1940, L89"/><instruction code="GO T1940, T1940, 0"/><instruction code="L91"/><instruction code="SETL  T1941, 0"/><instruction code="INCML T1941, 0"/><instruction code="INCMH T1941, 0"/><instruction code="INCH  T1941, 0"/><instruction code="OR T782, T1941, 0"/><instruction code="SETL  T1942, 10"/><instruction code="INCML T1942, 0"/><instruction code="INCMH T1942, 0"/><instruction code="INCH  T1942, 0"/><instruction code="OR T783, T1942, 0"/><instruction code="SETL  T1943, 256"/><instruction code="INCML T1943, 0"/><instruction code="INCMH T1943, 0"/><instruction code="INCH  T1943, 0"/><instruction code="OR T784, T1943, 0"/><instruction code="DIV T1944, T783, T784"/><instruction code="OR T1944, rR, 0"/><instruction code="OR T785, T1944, 0"/><instruction code="STO T782, $254, 8"/><instruction code="STO T785, $254, 16"/><instruction code="LDA T1945, _putChar"/><instruction code="PUSHJ $15, T1945, 0"/><instruction code="OR T786, T1946, 0"/><instruction code="L93"/><instruction code="SETL  T1947, 0"/><instruction code="INCML T1947, 0"/><instruction code="INCMH T1947, 0"/><instruction code="INCH  T1947, 0"/><instruction code="OR T787, T1947, 0"/><instruction code="OR T788, T787, 0"/><instruction code="SETL  T1948, 1"/><instruction code="INCML T1948, 0"/><instruction code="INCMH T1948, 0"/><instruction code="INCH  T1948, 0"/><instruction code="OR T789, T1948, 0"/><instruction code="SETL  T1949, 8"/><instruction code="INCML T1949, 0"/><instruction code="INCMH T1949, 0"/><instruction code="INCH  T1949, 0"/><instruction code="NEG T1949, 0, T1949"/><instruction code="ADD T1950, T28, T1949"/><instruction code="STO T1950, T789, 0"/><instruction code="LDA T1952, L104"/><instruction code="GO T1952, T1952, 0"/><instruction code="L103"/><instruction code="OR T790, T28, 0"/><instruction code="OR T791, T790, 0"/><instruction code="SETL  T1954, 8"/><instruction code="INCML T1954, 0"/><instruction code="INCMH T1954, 0"/><instruction code="INCH  T1954, 0"/><instruction code="NEG T1954, 0, T1954"/><instruction code="OR T792, T1954, 0"/><instruction code="ADD T1955, T791, T792"/><instruction code="OR T793, T1955, 0"/><instruction code="OR T794, T793, 0"/><instruction code="OR T795, T28, 0"/><instruction code="SETL  T1957, 8"/><instruction code="INCML T1957, 0"/><instruction code="INCMH T1957, 0"/><instruction code="INCH  T1957, 0"/><instruction code="OR T796, T1957, 0"/><instruction code="ADD T1958, T795, T796"/><instruction code="OR T797, T1958, 0"/><instruction code="OR T798, T797, 0"/><instruction code="SETL  T1960, 8"/><instruction code="INCML T1960, 0"/><instruction code="INCMH T1960, 0"/><instruction code="INCH  T1960, 0"/><instruction code="OR T799, T1960, 0"/><instruction code="MUL T1961, T798, T799"/><instruction code="OR T800, T1961, 0"/><instruction code="ADD T1962, T794, T800"/><instruction code="OR T801, T1962, 0"/><instruction code="OR T802, T801, 0"/><instruction code="SETL  T1964, 0"/><instruction code="INCML T1964, 0"/><instruction code="INCMH T1964, 0"/><instruction code="INCH  T1964, 0"/><instruction code="OR T803, T1964, 0"/><instruction code="CMP T1965, T802, T803"/><instruction code="ZSNZ T1965, T1965, 1"/><instruction code="OR T804, T1965, 0"/><instruction code="BNZ T804, L99"/><instruction code="L154"/><instruction code="LDA T1966, L100"/><instruction code="GO T1966, T1966, 0"/><instruction code="L99"/><instruction code="OR T805, T28, 0"/><instruction code="OR T806, T28, 0"/><instruction code="SETL  T1968, 8"/><instruction code="INCML T1968, 0"/><instruction code="INCMH T1968, 0"/><instruction code="INCH  T1968, 0"/><instruction code="OR T807, T1968, 0"/><instruction code="ADD T1969, T806, T807"/><instruction code="OR T808, T1969, 0"/><instruction code="OR T809, T808, 0"/><instruction code="SETL  T1971, 1"/><instruction code="INCML T1971, 0"/><instruction code="INCMH T1971, 0"/><instruction code="INCH  T1971, 0"/><instruction code="OR T810, T1971, 0"/><instruction code="ADD T1972, T809, T810"/><instruction code="OR T811, T1972, 0"/><instruction code="OR T812, T28, 0"/><instruction code="SETL  T1973, 16"/><instruction code="INCML T1973, 0"/><instruction code="INCMH T1973, 0"/><instruction code="INCH  T1973, 0"/><instruction code="OR T813, T1973, 0"/><instruction code="ADD T1974, T812, T813"/><instruction code="OR T814, T1974, 0"/><instruction code="OR T815, T814, 0"/><instruction code="STO T805, $254, 8"/><instruction code="STO T811, $254, 16"/><instruction code="STO T815, $254, 24"/><instruction code="LDA T1976, L4"/><instruction code="PUSHJ $15, T1976, 0"/><instruction code="OR T816, T1977, 0"/><instruction code="SETL  T1978, 8"/><instruction code="INCML T1978, 0"/><instruction code="INCMH T1978, 0"/><instruction code="INCH  T1978, 0"/><instruction code="NEG T1978, 0, T1978"/><instruction code="ADD T1979, T28, T1978"/><instruction code="STO T1979, T816, 0"/><instruction code="LDA T1981, L101"/><instruction code="GO T1981, T1981, 0"/><instruction code="L100"/><instruction code="SETL  T1982, 0"/><instruction code="INCML T1982, 0"/><instruction code="INCMH T1982, 0"/><instruction code="INCH  T1982, 0"/><instruction code="OR T817, T1982, 0"/><instruction code="SETL  T1983, 8"/><instruction code="INCML T1983, 0"/><instruction code="INCMH T1983, 0"/><instruction code="INCH  T1983, 0"/><instruction code="NEG T1983, 0, T1983"/><instruction code="ADD T1984, T28, T1983"/><instruction code="STO T1984, T817, 0"/><instruction code="SETL  T1986, 1"/><instruction code="INCML T1986, 0"/><instruction code="INCMH T1986, 0"/><instruction code="INCH  T1986, 0"/><instruction code="OR T818, T1986, 0"/><instruction code="SETL  T1987, 32"/><instruction code="INCML T1987, 0"/><instruction code="INCMH T1987, 0"/><instruction code="INCH  T1987, 0"/><instruction code="NEG T1987, 0, T1987"/><instruction code="ADD T1988, T28, T1987"/><instruction code="STO T1988, T818, 0"/><instruction code="L96"/><instruction code="OR T819, T28, 0"/><instruction code="SETL  T1990, 32"/><instruction code="INCML T1990, 0"/><instruction code="INCMH T1990, 0"/><instruction code="INCH  T1990, 0"/><instruction code="NEG T1990, 0, T1990"/><instruction code="OR T820, T1990, 0"/><instruction code="ADD T1991, T819, T820"/><instruction code="OR T821, T1991, 0"/><instruction code="OR T822, T821, 0"/><instruction code="SETL  T1993, 9"/><instruction code="INCML T1993, 0"/><instruction code="INCMH T1993, 0"/><instruction code="INCH  T1993, 0"/><instruction code="OR T823, T1993, 0"/><instruction code="CMP T1994, T822, T823"/><instruction code="ZSNP T1994, T1994, 1"/><instruction code="OR T824, T1994, 0"/><instruction code="BNZ T824, L97"/><instruction code="L155"/><instruction code="LDA T1995, L98"/><instruction code="GO T1995, T1995, 0"/><instruction code="L97"/><instruction code="OR T825, T28, 0"/><instruction code="SETL  T1996, 32"/><instruction code="INCML T1996, 0"/><instruction code="INCMH T1996, 0"/><instruction code="INCH  T1996, 0"/><instruction code="NEG T1996, 0, T1996"/><instruction code="OR T826, T1996, 0"/><instruction code="ADD T1997, T825, T826"/><instruction code="OR T827, T1997, 0"/><instruction code="OR T828, T827, 0"/><instruction code="SETL  T2000, 8"/><instruction code="INCML T2000, 0"/><instruction code="INCMH T2000, 0"/><instruction code="INCH  T2000, 0"/><instruction code="NEG T2000, 0, T2000"/><instruction code="ADD T2001, T28, T2000"/><instruction code="SETL  T2003, 8"/><instruction code="INCML T2003, 0"/><instruction code="INCMH T2003, 0"/><instruction code="INCH  T2003, 0"/><instruction code="ADD T2004, T28, T2003"/><instruction code="SETL  T2006, 8"/><instruction code="INCML T2006, 0"/><instruction code="INCMH T2006, 0"/><instruction code="INCH  T2006, 0"/><instruction code="MUL T2007, T2004, T2006"/><instruction code="ADD T2008, T2001, T2007"/><instruction code="STO T2008, T828, 0"/><instruction code="OR T829, T28, 0"/><instruction code="OR T830, T28, 0"/><instruction code="SETL  T2011, 8"/><instruction code="INCML T2011, 0"/><instruction code="INCMH T2011, 0"/><instruction code="INCH  T2011, 0"/><instruction code="OR T831, T2011, 0"/><instruction code="ADD T2012, T830, T831"/><instruction code="OR T832, T2012, 0"/><instruction code="OR T833, T832, 0"/><instruction code="SETL  T2014, 9"/><instruction code="INCML T2014, 0"/><instruction code="INCMH T2014, 0"/><instruction code="INCH  T2014, 0"/><instruction code="OR T834, T2014, 0"/><instruction code="DIV T2015, T833, T834"/><instruction code="OR T835, T2015, 0"/><instruction code="STO T829, $254, 8"/><instruction code="STO T835, $254, 16"/><instruction code="LDA T2016, L1"/><instruction code="PUSHJ $15, T2016, 0"/><instruction code="OR T836, T2017, 0"/><instruction code="OR T837, T28, 0"/><instruction code="OR T838, T28, 0"/><instruction code="SETL  T2019, 8"/><instruction code="INCML T2019, 0"/><instruction code="INCMH T2019, 0"/><instruction code="INCH  T2019, 0"/><instruction code="OR T839, T2019, 0"/><instruction code="ADD T2020, T838, T839"/><instruction code="OR T840, T2020, 0"/><instruction code="OR T841, T840, 0"/><instruction code="SETL  T2022, 9"/><instruction code="INCML T2022, 0"/><instruction code="INCMH T2022, 0"/><instruction code="INCH  T2022, 0"/><instruction code="OR T842, T2022, 0"/><instruction code="DIV T2023, T841, T842"/><instruction code="OR T2023, rR, 0"/><instruction code="OR T843, T2023, 0"/><instruction code="STO T837, $254, 8"/><instruction code="STO T843, $254, 16"/><instruction code="LDA T2024, L2"/><instruction code="PUSHJ $15, T2024, 0"/><instruction code="OR T844, T2025, 0"/><instruction code="AND T2026, T836, T844"/><instruction code="OR T845, T2026, 0"/><instruction code="OR T846, T28, 0"/><instruction code="OR T847, T28, 0"/><instruction code="SETL  T2028, 8"/><instruction code="INCML T2028, 0"/><instruction code="INCMH T2028, 0"/><instruction code="INCH  T2028, 0"/><instruction code="OR T848, T2028, 0"/><instruction code="ADD T2029, T847, T848"/><instruction code="OR T849, T2029, 0"/><instruction code="OR T850, T849, 0"/><instruction code="SETL  T2031, 9"/><instruction code="INCML T2031, 0"/><instruction code="INCMH T2031, 0"/><instruction code="INCH  T2031, 0"/><instruction code="OR T851, T2031, 0"/><instruction code="DIV T2032, T850, T851"/><instruction code="OR T852, T2032, 0"/><instruction code="SETL  T2033, 3"/><instruction code="INCML T2033, 0"/><instruction code="INCMH T2033, 0"/><instruction code="INCH  T2033, 0"/><instruction code="OR T853, T2033, 0"/><instruction code="DIV T2034, T852, T853"/><instruction code="OR T854, T2034, 0"/><instruction code="OR T855, T28, 0"/><instruction code="SETL  T2035, 8"/><instruction code="INCML T2035, 0"/><instruction code="INCMH T2035, 0"/><instruction code="INCH  T2035, 0"/><instruction code="OR T856, T2035, 0"/><instruction code="ADD T2036, T855, T856"/><instruction code="OR T857, T2036, 0"/><instruction code="OR T858, T857, 0"/><instruction code="SETL  T2038, 9"/><instruction code="INCML T2038, 0"/><instruction code="INCMH T2038, 0"/><instruction code="INCH  T2038, 0"/><instruction code="OR T859, T2038, 0"/><instruction code="DIV T2039, T858, T859"/><instruction code="OR T2039, rR, 0"/><instruction code="OR T860, T2039, 0"/><instruction code="SETL  T2040, 3"/><instruction code="INCML T2040, 0"/><instruction code="INCMH T2040, 0"/><instruction code="INCH  T2040, 0"/><instruction code="OR T861, T2040, 0"/><instruction code="DIV T2041, T860, T861"/><instruction code="OR T862, T2041, 0"/><instruction code="STO T846, $254, 8"/><instruction code="STO T854, $254, 16"/><instruction code="STO T862, $254, 24"/><instruction code="LDA T2042, L3"/><instruction code="PUSHJ $15, T2042, 0"/><instruction code="OR T863, T2043, 0"/><instruction code="AND T2044, T845, T863"/><instruction code="OR T864, T2044, 0"/><instruction code="BNZ T864, L94"/><instruction code="L156"/><instruction code="LDA T2045, L95"/><instruction code="GO T2045, T2045, 0"/><instruction code="L94"/><instruction code="OR T865, T28, 0"/><instruction code="SETL  T2046, 8"/><instruction code="INCML T2046, 0"/><instruction code="INCMH T2046, 0"/><instruction code="INCH  T2046, 0"/><instruction code="NEG T2046, 0, T2046"/><instruction code="OR T866, T2046, 0"/><instruction code="ADD T2047, T865, T866"/><instruction code="OR T867, T2047, 0"/><instruction code="OR T868, T867, 0"/><instruction code="OR T869, T28, 0"/><instruction code="OR T870, T28, 0"/><instruction code="SETL  T2050, 8"/><instruction code="INCML T2050, 0"/><instruction code="INCMH T2050, 0"/><instruction code="INCH  T2050, 0"/><instruction code="OR T871, T2050, 0"/><instruction code="ADD T2051, T870, T871"/><instruction code="OR T872, T2051, 0"/><instruction code="OR T873, T872, 0"/><instruction code="SETL  T2053, 1"/><instruction code="INCML T2053, 0"/><instruction code="INCMH T2053, 0"/><instruction code="INCH  T2053, 0"/><instruction code="OR T874, T2053, 0"/><instruction code="ADD T2054, T873, T874"/><instruction code="OR T875, T2054, 0"/><instruction code="OR T876, T28, 0"/><instruction code="SETL  T2055, 16"/><instruction code="INCML T2055, 0"/><instruction code="INCMH T2055, 0"/><instruction code="INCH  T2055, 0"/><instruction code="OR T877, T2055, 0"/><instruction code="ADD T2056, T876, T877"/><instruction code="OR T878, T2056, 0"/><instruction code="OR T879, T878, 0"/><instruction code="STO T869, $254, 8"/><instruction code="STO T875, $254, 16"/><instruction code="STO T879, $254, 24"/><instruction code="LDA T2058, L4"/><instruction code="PUSHJ $15, T2058, 0"/><instruction code="OR T880, T2059, 0"/><instruction code="ADD T2060, T868, T880"/><instruction code="OR T881, T2060, 0"/><instruction code="SETL  T2061, 8"/><instruction code="INCML T2061, 0"/><instruction code="INCMH T2061, 0"/><instruction code="INCH  T2061, 0"/><instruction code="NEG T2061, 0, T2061"/><instruction code="ADD T2062, T28, T2061"/><instruction code="STO T2062, T881, 0"/><instruction code="L95"/><instruction code="SETL  T2064, 0"/><instruction code="INCML T2064, 0"/><instruction code="INCMH T2064, 0"/><instruction code="INCH  T2064, 0"/><instruction code="OR T882, T2064, 0"/><instruction code="SETL  T2066, 8"/><instruction code="INCML T2066, 0"/><instruction code="INCMH T2066, 0"/><instruction code="INCH  T2066, 0"/><instruction code="NEG T2066, 0, T2066"/><instruction code="ADD T2067, T28, T2066"/><instruction code="SETL  T2069, 8"/><instruction code="INCML T2069, 0"/><instruction code="INCMH T2069, 0"/><instruction code="INCH  T2069, 0"/><instruction code="ADD T2070, T28, T2069"/><instruction code="SETL  T2072, 8"/><instruction code="INCML T2072, 0"/><instruction code="INCMH T2072, 0"/><instruction code="INCH  T2072, 0"/><instruction code="MUL T2073, T2070, T2072"/><instruction code="ADD T2074, T2067, T2073"/><instruction code="STO T2074, T882, 0"/><instruction code="OR T883, T28, 0"/><instruction code="SETL  T2076, 32"/><instruction code="INCML T2076, 0"/><instruction code="INCMH T2076, 0"/><instruction code="INCH  T2076, 0"/><instruction code="NEG T2076, 0, T2076"/><instruction code="OR T884, T2076, 0"/><instruction code="ADD T2077, T883, T884"/><instruction code="OR T885, T2077, 0"/><instruction code="OR T886, T885, 0"/><instruction code="SETL  T2079, 1"/><instruction code="INCML T2079, 0"/><instruction code="INCMH T2079, 0"/><instruction code="INCH  T2079, 0"/><instruction code="OR T887, T2079, 0"/><instruction code="ADD T2080, T886, T887"/><instruction code="OR T888, T2080, 0"/><instruction code="SETL  T2081, 32"/><instruction code="INCML T2081, 0"/><instruction code="INCMH T2081, 0"/><instruction code="INCH  T2081, 0"/><instruction code="NEG T2081, 0, T2081"/><instruction code="ADD T2082, T28, T2081"/><instruction code="STO T2082, T888, 0"/><instruction code="LDA T2084, L96"/><instruction code="GO T2084, T2084, 0"/><instruction code="L98"/><instruction code="SETL  T2085, 0"/><instruction code="INCML T2085, 0"/><instruction code="INCMH T2085, 0"/><instruction code="INCH  T2085, 0"/><instruction code="OR T889, T2085, 0"/><instruction code="OR T890, T889, 0"/><instruction code="L101"/><instruction code="L104"/><instruction code="OR T891, T28, 0"/><instruction code="SETL  T2086, 8"/><instruction code="INCML T2086, 0"/><instruction code="INCMH T2086, 0"/><instruction code="INCH  T2086, 0"/><instruction code="NEG T2086, 0, T2086"/><instruction code="OR T892, T2086, 0"/><instruction code="ADD T2087, T891, T892"/><instruction code="OR T893, T2087, 0"/><instruction code="OR T894, T893, 0"/><instruction code="OR T29, T894, 0"/><instruction code="LDA T2089, L158"/><instruction code="GO T2089, T2089, 0"/></instructions></code><code entrylabel="L159" exitlabel="L160" tempsize="0"><frame FP="T20" RV="T21" argssize="24" depth="1" label="_sudoku" locssize="8" size="48"/><instructions><instruction code="L159"/><instruction code="OR T895, T20, 0"/><instruction code="SETL  T2090, 8"/><instruction code="INCML T2090, 0"/><instruction code="INCMH T2090, 0"/><instruction code="INCH  T2090, 0"/><instruction code="OR T896, T2090, 0"/><instruction code="ADD T2091, T895, T896"/><instruction code="OR T897, T2091, 0"/><instruction code="OR T898, T897, 0"/><instruction code="SETL  T2093, 8"/><instruction code="INCML T2093, 0"/><instruction code="INCMH T2093, 0"/><instruction code="INCH  T2093, 0"/><instruction code="NEG T2093, 0, T2093"/><instruction code="ADD T2094, T20, T2093"/><instruction code="STO T2094, T898, 0"/><instruction code="OR T899, T20, 0"/><instruction code="SETL  T2096, 0"/><instruction code="INCML T2096, 0"/><instruction code="INCMH T2096, 0"/><instruction code="INCH  T2096, 0"/><instruction code="OR T900, T2096, 0"/><instruction code="SETL  T2097, 81"/><instruction code="INCML T2097, 0"/><instruction code="INCMH T2097, 0"/><instruction code="INCH  T2097, 0"/><instruction code="OR T901, T2097, 0"/><instruction code="STO T899, $254, 8"/><instruction code="STO T900, $254, 16"/><instruction code="STO T901, $254, 24"/><instruction code="LDA T2098, L4"/><instruction code="PUSHJ $15, T2098, 0"/><instruction code="OR T902, T2099, 0"/><instruction code="OR T21, T902, 0"/><instruction code="LDA T2100, L160"/><instruction code="GO T2100, T2100, 0"/></instructions></code></asmgen>