<?xml version="1.0" encoding="UTF-8" standalone="no"?><?xml-stylesheet type="text/xsl" href="../../data/lexan.xsl"?><lexan><term lexeme="var" token="VAR"><location loc="1.1--1.3"/></term><term lexeme="mewi" token="IDENTIFIER"><location loc="1.5--1.8"/></term><term lexeme="!=" token="NEQ"><location loc="1.10--1.11"/></term><term lexeme="ekv" token="IDENTIFIER"><location loc="1.13--1.15"/></term><term lexeme=";" token="SEMIC"><location loc="2.1--2.1"/></term><term lexeme="." token="DOT"><location loc="3.1--3.1"/></term><term lexeme="&quot;this is &quot;" token="STRCONST"><location loc="6.1--6.10"/></term><term lexeme="&quot;string&quot;" token="STRCONST"><location loc="6.11--6.18"/></term><term lexeme=";" token="SEMIC"><location loc="6.19--6.19"/></term><term lexeme="this" token="IDENTIFIER"><location loc="7.1--7.4"/></term><term lexeme="is" token="IDENTIFIER"><location loc="7.6--7.7"/></term><term lexeme="'c'" token="CHARCONST"><location loc="7.9--7.11"/></term><term lexeme="har" token="IDENTIFIER"><location loc="7.12--7.14"/></term><term lexeme="." token="DOT"><location loc="7.15--7.15"/></term><term lexeme="ljupche98" token="IDENTIFIER"><location loc="8.1--8.9"/></term><term lexeme="vs" token="IDENTIFIER"><location loc="8.11--8.12"/></term><term lexeme="." token="DOT"><location loc="8.13--8.13"/></term><term lexeme="98" token="INTCONST"><location loc="8.15--8.16"/></term><term lexeme="ljupche" token="IDENTIFIER"><location loc="8.17--8.23"/></term><term lexeme="3" token="INTCONST"><location loc="9.1--9.1"/></term><term lexeme="+" token="ADD"><location loc="9.3--9.3"/></term><term lexeme="5" token="INTCONST"><location loc="9.5--9.5"/></term><term lexeme="*" token="MUL"><location loc="9.7--9.7"/></term><term lexeme="1" token="INTCONST"><location loc="9.9--9.9"/></term><term lexeme="==" token="EQU"><location loc="9.11--9.12"/></term><term lexeme="(" token="LPARENTHESIS"><location loc="9.14--9.14"/></term><term lexeme="3" token="INTCONST"><location loc="9.15--9.15"/></term><term lexeme="+" token="ADD"><location loc="9.17--9.17"/></term><term lexeme="5" token="INTCONST"><location loc="9.19--9.19"/></term><term lexeme=")" token="RPARENTHESIS"><location loc="9.20--9.20"/></term><term lexeme="*" token="MUL"><location loc="9.22--9.22"/></term><term lexeme="1" token="INTCONST"><location loc="9.24--9.24"/></term><term lexeme="in" token="IDENTIFIER"><location loc="10.1--10.2"/></term><term lexeme="[" token="LBRACKET"><location loc="10.3--10.3"/></term><term lexeme="x" token="IDENTIFIER"><location loc="10.4--10.4"/></term><term lexeme="-" token="SUB"><location loc="10.6--10.6"/></term><term lexeme="'a'" token="CHARCONST"><location loc="10.8--10.10"/></term><term lexeme="]" token="RBRACKET"><location loc="10.11--10.11"/></term></lexan>