<?xml version="1.0" encoding="UTF-8" standalone="no"?><?xml-stylesheet type="text/xsl" href="../../data/lexan.xsl"?><lexan><term lexeme="if" token="IF"><location loc="1.1--1.2"/></term><term lexeme="true" token="BOOLCONST"><location loc="1.4--1.7"/></term><term lexeme="then" token="THEN"><location loc="1.9--1.12"/></term><term lexeme="false" token="BOOLCONST"><location loc="2.1--2.5"/></term><term lexeme=";" token="SEMIC"><location loc="2.6--2.6"/></term><term lexeme="end" token="END"><location loc="3.1--3.3"/></term><term lexeme=";" token="SEMIC"><location loc="3.4--3.4"/></term></lexan>