<?xml version="1.0" encoding="UTF-8" standalone="no"?><?xml-stylesheet type="text/xsl" href="../../data/ralloc.xsl"?><ralloc><code entrylabel="L109" exitlabel="L110" tempsize="0"><frame FP="T6" RV="T7" argssize="24" depth="1" label="_main" locssize="16" size="56"/><instructions><instruction code="L109"/><instruction code="SETL  $0, 0"/><instruction code="INCML $0, 0"/><instruction code="INCMH $0, 0"/><instruction code="INCH  $0, 0"/><instruction code="OR $1, $0, 0"/><instruction code="LDA $0, L5"/><instruction code="OR $0, $0, 0"/><instruction code="STO $1, $254, 8"/><instruction code="STO $0, $254, 16"/><instruction code="LDA $0, _putString"/><instruction code="PUSHJ $16, $0, 0"/><instruction code="LDO $0, $254, 0"/><instruction code="OR $0, $0, 0"/><instruction code="SETL  $0, 0"/><instruction code="INCML $0, 0"/><instruction code="INCMH $0, 0"/><instruction code="INCH  $0, 0"/><instruction code="OR $2, $0, 0"/><instruction code="SETL  $0, 10"/><instruction code="INCML $0, 0"/><instruction code="INCMH $0, 0"/><instruction code="INCH  $0, 0"/><instruction code="OR $1, $0, 0"/><instruction code="SETL  $0, 256"/><instruction code="INCML $0, 0"/><instruction code="INCMH $0, 0"/><instruction code="INCH  $0, 0"/><instruction code="OR $0, $0, 0"/><instruction code="DIV $0, $1, $0"/><instruction code="OR $0, rR, 0"/><instruction code="OR $0, $0, 0"/><instruction code="STO $2, $254, 8"/><instruction code="STO $0, $254, 16"/><instruction code="LDA $0, _putChar"/><instruction code="PUSHJ $16, $0, 0"/><instruction code="LDO $0, $254, 0"/><instruction code="OR $0, $0, 0"/><instruction code="SETL  $0, 1"/><instruction code="INCML $0, 0"/><instruction code="INCMH $0, 0"/><instruction code="INCH  $0, 0"/><instruction code="OR $1, $0, 0"/><instruction code="SETL  $0, 8"/><instruction code="INCML $0, 0"/><instruction code="INCMH $0, 0"/><instruction code="INCH  $0, 0"/><instruction code="NEG $0, 0, $0"/><instruction code="ADD $0, $4, $0"/><instruction code="STO $0, $1, 0"/><instruction code="L7"/><instruction code="OR $1, $4, 0"/><instruction code="SETL  $0, 8"/><instruction code="INCML $0, 0"/><instruction code="INCMH $0, 0"/><instruction code="INCH  $0, 0"/><instruction code="NEG $0, 0, $0"/><instruction code="OR $0, $0, 0"/><instruction code="ADD $0, $1, $0"/><instruction code="OR $0, $0, 0"/><instruction code="OR $1, $0, 0"/><instruction code="SETL  $0, 10"/><instruction code="INCML $0, 0"/><instruction code="INCMH $0, 0"/><instruction code="INCH  $0, 0"/><instruction code="OR $0, $0, 0"/><instruction code="CMP $0, $1, $0"/><instruction code="ZSNP $0, $0, 1"/><instruction code="OR $0, $0, 0"/><instruction code="BNZ $0, L8"/><instruction code="L105"/><instruction code="LDA $0, L9"/><instruction code="GO $0, $0, 0"/><instruction code="L8"/><instruction code="SETL  $0, 0"/><instruction code="INCML $0, 0"/><instruction code="INCMH $0, 0"/><instruction code="INCH  $0, 0"/><instruction code="OR $2, $0, 0"/><instruction code="OR $1, $4, 0"/><instruction code="SETL  $0, 8"/><instruction code="INCML $0, 0"/><instruction code="INCMH $0, 0"/><instruction code="INCH  $0, 0"/><instruction code="NEG $0, 0, $0"/><instruction code="OR $0, $0, 0"/><instruction code="ADD $0, $1, $0"/><instruction code="OR $0, $0, 0"/><instruction code="OR $0, $0, 0"/><instruction code="STO $2, $254, 8"/><instruction code="STO $0, $254, 16"/><instruction code="LDA $0, _putInt"/><instruction code="PUSHJ $16, $0, 0"/><instruction code="LDO $0, $254, 0"/><instruction code="OR $0, $0, 0"/><instruction code="SETL  $0, 0"/><instruction code="INCML $0, 0"/><instruction code="INCMH $0, 0"/><instruction code="INCH  $0, 0"/><instruction code="OR $1, $0, 0"/><instruction code="LDA $0, L6"/><instruction code="OR $0, $0, 0"/><instruction code="STO $1, $254, 8"/><instruction code="STO $0, $254, 16"/><instruction code="LDA $0, _putString"/><instruction code="PUSHJ $16, $0, 0"/><instruction code="LDO $0, $254, 0"/><instruction code="OR $0, $0, 0"/><instruction code="SETL  $0, 0"/><instruction code="INCML $0, 0"/><instruction code="INCMH $0, 0"/><instruction code="INCH  $0, 0"/><instruction code="OR $3, $0, 0"/><instruction code="SETL  $0, 0"/><instruction code="INCML $0, 0"/><instruction code="INCMH $0, 0"/><instruction code="INCH  $0, 0"/><instruction code="OR $2, $0, 0"/><instruction code="OR $1, $4, 0"/><instruction code="SETL  $0, 8"/><instruction code="INCML $0, 0"/><instruction code="INCMH $0, 0"/><instruction code="INCH  $0, 0"/><instruction code="NEG $0, 0, $0"/><instruction code="OR $0, $0, 0"/><instruction code="ADD $0, $1, $0"/><instruction code="OR $0, $0, 0"/><instruction code="OR $0, $0, 0"/><instruction code="STO $2, $254, 8"/><instruction code="STO $0, $254, 16"/><instruction code="LDA $0, _facItr"/><instruction code="PUSHJ $16, $0, 0"/><instruction code="LDO $0, $254, 0"/><instruction code="OR $0, $0, 0"/><instruction code="STO $3, $254, 8"/><instruction code="STO $0, $254, 16"/><instruction code="LDA $0, _putInt"/><instruction code="PUSHJ $16, $0, 0"/><instruction code="LDO $0, $254, 0"/><instruction code="OR $0, $0, 0"/><instruction code="SETL  $0, 0"/><instruction code="INCML $0, 0"/><instruction code="INCMH $0, 0"/><instruction code="INCH  $0, 0"/><instruction code="OR $2, $0, 0"/><instruction code="SETL  $0, 10"/><instruction code="INCML $0, 0"/><instruction code="INCMH $0, 0"/><instruction code="INCH  $0, 0"/><instruction code="OR $1, $0, 0"/><instruction code="SETL  $0, 256"/><instruction code="INCML $0, 0"/><instruction code="INCMH $0, 0"/><instruction code="INCH  $0, 0"/><instruction code="OR $0, $0, 0"/><instruction code="DIV $0, $1, $0"/><instruction code="OR $0, rR, 0"/><instruction code="OR $0, $0, 0"/><instruction code="STO $2, $254, 8"/><instruction code="STO $0, $254, 16"/><instruction code="LDA $0, _putChar"/><instruction code="PUSHJ $16, $0, 0"/><instruction code="LDO $0, $254, 0"/><instruction code="OR $0, $0, 0"/><instruction code="OR $1, $4, 0"/><instruction code="SETL  $0, 8"/><instruction code="INCML $0, 0"/><instruction code="INCMH $0, 0"/><instruction code="INCH  $0, 0"/><instruction code="NEG $0, 0, $0"/><instruction code="OR $0, $0, 0"/><instruction code="ADD $0, $1, $0"/><instruction code="OR $0, $0, 0"/><instruction code="OR $1, $0, 0"/><instruction code="SETL  $0, 1"/><instruction code="INCML $0, 0"/><instruction code="INCMH $0, 0"/><instruction code="INCH  $0, 0"/><instruction code="OR $0, $0, 0"/><instruction code="ADD $0, $1, $0"/><instruction code="OR $1, $0, 0"/><instruction code="SETL  $0, 8"/><instruction code="INCML $0, 0"/><instruction code="INCMH $0, 0"/><instruction code="INCH  $0, 0"/><instruction code="NEG $0, 0, $0"/><instruction code="ADD $0, $4, $0"/><instruction code="STO $0, $1, 0"/><instruction code="LDA $0, L7"/><instruction code="GO $0, $0, 0"/><instruction code="L9"/><instruction code="SETL  $0, 0"/><instruction code="INCML $0, 0"/><instruction code="INCMH $0, 0"/><instruction code="INCH  $0, 0"/><instruction code="OR $1, $0, 0"/><instruction code="LDA $0, L10"/><instruction code="OR $0, $0, 0"/><instruction code="STO $1, $254, 8"/><instruction code="STO $0, $254, 16"/><instruction code="LDA $0, _putString"/><instruction code="PUSHJ $16, $0, 0"/><instruction code="LDO $0, $254, 0"/><instruction code="OR $0, $0, 0"/><instruction code="SETL  $0, 0"/><instruction code="INCML $0, 0"/><instruction code="INCMH $0, 0"/><instruction code="INCH  $0, 0"/><instruction code="OR $2, $0, 0"/><instruction code="SETL  $0, 10"/><instruction code="INCML $0, 0"/><instruction code="INCMH $0, 0"/><instruction code="INCH  $0, 0"/><instruction code="OR $1, $0, 0"/><instruction code="SETL  $0, 256"/><instruction code="INCML $0, 0"/><instruction code="INCMH $0, 0"/><instruction code="INCH  $0, 0"/><instruction code="OR $0, $0, 0"/><instruction code="DIV $0, $1, $0"/><instruction code="OR $0, rR, 0"/><instruction code="OR $0, $0, 0"/><instruction code="STO $2, $254, 8"/><instruction code="STO $0, $254, 16"/><instruction code="LDA $0, _putChar"/><instruction code="PUSHJ $16, $0, 0"/><instruction code="LDO $0, $254, 0"/><instruction code="OR $0, $0, 0"/><instruction code="SETL  $0, 1"/><instruction code="INCML $0, 0"/><instruction code="INCMH $0, 0"/><instruction code="INCH  $0, 0"/><instruction code="OR $1, $0, 0"/><instruction code="SETL  $0, 8"/><instruction code="INCML $0, 0"/><instruction code="INCMH $0, 0"/><instruction code="INCH  $0, 0"/><instruction code="NEG $0, 0, $0"/><instruction code="ADD $0, $4, $0"/><instruction code="STO $0, $1, 0"/><instruction code="L12"/><instruction code="OR $1, $4, 0"/><instruction code="SETL  $0, 8"/><instruction code="INCML $0, 0"/><instruction code="INCMH $0, 0"/><instruction code="INCH  $0, 0"/><instruction code="NEG $0, 0, $0"/><instruction code="OR $0, $0, 0"/><instruction code="ADD $0, $1, $0"/><instruction code="OR $0, $0, 0"/><instruction code="OR $1, $0, 0"/><instruction code="SETL  $0, 10"/><instruction code="INCML $0, 0"/><instruction code="INCMH $0, 0"/><instruction code="INCH  $0, 0"/><instruction code="OR $0, $0, 0"/><instruction code="CMP $0, $1, $0"/><instruction code="ZSNP $0, $0, 1"/><instruction code="OR $0, $0, 0"/><instruction code="BNZ $0, L13"/><instruction code="L106"/><instruction code="LDA $0, L14"/><instruction code="GO $0, $0, 0"/><instruction code="L13"/><instruction code="SETL  $0, 0"/><instruction code="INCML $0, 0"/><instruction code="INCMH $0, 0"/><instruction code="INCH  $0, 0"/><instruction code="OR $2, $0, 0"/><instruction code="OR $1, $4, 0"/><instruction code="SETL  $0, 8"/><instruction code="INCML $0, 0"/><instruction code="INCMH $0, 0"/><instruction code="INCH  $0, 0"/><instruction code="NEG $0, 0, $0"/><instruction code="OR $0, $0, 0"/><instruction code="ADD $0, $1, $0"/><instruction code="OR $0, $0, 0"/><instruction code="OR $0, $0, 0"/><instruction code="STO $2, $254, 8"/><instruction code="STO $0, $254, 16"/><instruction code="LDA $0, _putInt"/><instruction code="PUSHJ $16, $0, 0"/><instruction code="LDO $0, $254, 0"/><instruction code="OR $0, $0, 0"/><instruction code="SETL  $0, 0"/><instruction code="INCML $0, 0"/><instruction code="INCMH $0, 0"/><instruction code="INCH  $0, 0"/><instruction code="OR $1, $0, 0"/><instruction code="LDA $0, L11"/><instruction code="OR $0, $0, 0"/><instruction code="STO $1, $254, 8"/><instruction code="STO $0, $254, 16"/><instruction code="LDA $0, _putString"/><instruction code="PUSHJ $16, $0, 0"/><instruction code="LDO $0, $254, 0"/><instruction code="OR $0, $0, 0"/><instruction code="SETL  $0, 0"/><instruction code="INCML $0, 0"/><instruction code="INCMH $0, 0"/><instruction code="INCH  $0, 0"/><instruction code="OR $3, $0, 0"/><instruction code="SETL  $0, 0"/><instruction code="INCML $0, 0"/><instruction code="INCMH $0, 0"/><instruction code="INCH  $0, 0"/><instruction code="OR $2, $0, 0"/><instruction code="OR $1, $4, 0"/><instruction code="SETL  $0, 8"/><instruction code="INCML $0, 0"/><instruction code="INCMH $0, 0"/><instruction code="INCH  $0, 0"/><instruction code="NEG $0, 0, $0"/><instruction code="OR $0, $0, 0"/><instruction code="ADD $0, $1, $0"/><instruction code="OR $0, $0, 0"/><instruction code="OR $0, $0, 0"/><instruction code="STO $2, $254, 8"/><instruction code="STO $0, $254, 16"/><instruction code="LDA $0, _facRec"/><instruction code="PUSHJ $16, $0, 0"/><instruction code="LDO $0, $254, 0"/><instruction code="OR $0, $0, 0"/><instruction code="STO $3, $254, 8"/><instruction code="STO $0, $254, 16"/><instruction code="LDA $0, _putInt"/><instruction code="PUSHJ $16, $0, 0"/><instruction code="LDO $0, $254, 0"/><instruction code="OR $0, $0, 0"/><instruction code="SETL  $0, 0"/><instruction code="INCML $0, 0"/><instruction code="INCMH $0, 0"/><instruction code="INCH  $0, 0"/><instruction code="OR $2, $0, 0"/><instruction code="SETL  $0, 10"/><instruction code="INCML $0, 0"/><instruction code="INCMH $0, 0"/><instruction code="INCH  $0, 0"/><instruction code="OR $1, $0, 0"/><instruction code="SETL  $0, 256"/><instruction code="INCML $0, 0"/><instruction code="INCMH $0, 0"/><instruction code="INCH  $0, 0"/><instruction code="OR $0, $0, 0"/><instruction code="DIV $0, $1, $0"/><instruction code="OR $0, rR, 0"/><instruction code="OR $0, $0, 0"/><instruction code="STO $2, $254, 8"/><instruction code="STO $0, $254, 16"/><instruction code="LDA $0, _putChar"/><instruction code="PUSHJ $16, $0, 0"/><instruction code="LDO $0, $254, 0"/><instruction code="OR $0, $0, 0"/><instruction code="OR $1, $4, 0"/><instruction code="SETL  $0, 8"/><instruction code="INCML $0, 0"/><instruction code="INCMH $0, 0"/><instruction code="INCH  $0, 0"/><instruction code="NEG $0, 0, $0"/><instruction code="OR $0, $0, 0"/><instruction code="ADD $0, $1, $0"/><instruction code="OR $0, $0, 0"/><instruction code="OR $1, $0, 0"/><instruction code="SETL  $0, 1"/><instruction code="INCML $0, 0"/><instruction code="INCMH $0, 0"/><instruction code="INCH  $0, 0"/><instruction code="OR $0, $0, 0"/><instruction code="ADD $0, $1, $0"/><instruction code="OR $1, $0, 0"/><instruction code="SETL  $0, 8"/><instruction code="INCML $0, 0"/><instruction code="INCMH $0, 0"/><instruction code="INCH  $0, 0"/><instruction code="NEG $0, 0, $0"/><instruction code="ADD $0, $4, $0"/><instruction code="STO $0, $1, 0"/><instruction code="LDA $0, L12"/><instruction code="GO $0, $0, 0"/><instruction code="L14"/><instruction code="SETL  $0, 0"/><instruction code="INCML $0, 0"/><instruction code="INCMH $0, 0"/><instruction code="INCH  $0, 0"/><instruction code="OR $1, $0, 0"/><instruction code="LDA $0, L15"/><instruction code="OR $0, $0, 0"/><instruction code="STO $1, $254, 8"/><instruction code="STO $0, $254, 16"/><instruction code="LDA $0, _putString"/><instruction code="PUSHJ $16, $0, 0"/><instruction code="LDO $0, $254, 0"/><instruction code="OR $0, $0, 0"/><instruction code="SETL  $0, 0"/><instruction code="INCML $0, 0"/><instruction code="INCMH $0, 0"/><instruction code="INCH  $0, 0"/><instruction code="OR $2, $0, 0"/><instruction code="SETL  $0, 10"/><instruction code="INCML $0, 0"/><instruction code="INCMH $0, 0"/><instruction code="INCH  $0, 0"/><instruction code="OR $1, $0, 0"/><instruction code="SETL  $0, 256"/><instruction code="INCML $0, 0"/><instruction code="INCMH $0, 0"/><instruction code="INCH  $0, 0"/><instruction code="OR $0, $0, 0"/><instruction code="DIV $0, $1, $0"/><instruction code="OR $0, rR, 0"/><instruction code="OR $0, $0, 0"/><instruction code="STO $2, $254, 8"/><instruction code="STO $0, $254, 16"/><instruction code="LDA $0, _putChar"/><instruction code="PUSHJ $16, $0, 0"/><instruction code="LDO $0, $254, 0"/><instruction code="OR $0, $0, 0"/><instruction code="SETL  $0, 1"/><instruction code="INCML $0, 0"/><instruction code="INCMH $0, 0"/><instruction code="INCH  $0, 0"/><instruction code="OR $1, $0, 0"/><instruction code="SETL  $0, 8"/><instruction code="INCML $0, 0"/><instruction code="INCMH $0, 0"/><instruction code="INCH  $0, 0"/><instruction code="NEG $0, 0, $0"/><instruction code="ADD $0, $4, $0"/><instruction code="STO $0, $1, 0"/><instruction code="L17"/><instruction code="OR $1, $4, 0"/><instruction code="SETL  $0, 8"/><instruction code="INCML $0, 0"/><instruction code="INCMH $0, 0"/><instruction code="INCH  $0, 0"/><instruction code="NEG $0, 0, $0"/><instruction code="OR $0, $0, 0"/><instruction code="ADD $0, $1, $0"/><instruction code="OR $0, $0, 0"/><instruction code="OR $1, $0, 0"/><instruction code="SETL  $0, 10"/><instruction code="INCML $0, 0"/><instruction code="INCMH $0, 0"/><instruction code="INCH  $0, 0"/><instruction code="OR $0, $0, 0"/><instruction code="CMP $0, $1, $0"/><instruction code="ZSNP $0, $0, 1"/><instruction code="OR $0, $0, 0"/><instruction code="BNZ $0, L18"/><instruction code="L107"/><instruction code="LDA $0, L19"/><instruction code="GO $0, $0, 0"/><instruction code="L18"/><instruction code="SETL  $0, 0"/><instruction code="INCML $0, 0"/><instruction code="INCMH $0, 0"/><instruction code="INCH  $0, 0"/><instruction code="OR $2, $0, 0"/><instruction code="OR $1, $4, 0"/><instruction code="SETL  $0, 8"/><instruction code="INCML $0, 0"/><instruction code="INCMH $0, 0"/><instruction code="INCH  $0, 0"/><instruction code="NEG $0, 0, $0"/><instruction code="OR $0, $0, 0"/><instruction code="ADD $0, $1, $0"/><instruction code="OR $0, $0, 0"/><instruction code="OR $0, $0, 0"/><instruction code="STO $2, $254, 8"/><instruction code="STO $0, $254, 16"/><instruction code="LDA $0, _putInt"/><instruction code="PUSHJ $16, $0, 0"/><instruction code="LDO $0, $254, 0"/><instruction code="OR $0, $0, 0"/><instruction code="SETL  $0, 0"/><instruction code="INCML $0, 0"/><instruction code="INCMH $0, 0"/><instruction code="INCH  $0, 0"/><instruction code="OR $1, $0, 0"/><instruction code="LDA $0, L16"/><instruction code="OR $0, $0, 0"/><instruction code="STO $1, $254, 8"/><instruction code="STO $0, $254, 16"/><instruction code="LDA $0, _putString"/><instruction code="PUSHJ $16, $0, 0"/><instruction code="LDO $0, $254, 0"/><instruction code="OR $0, $0, 0"/><instruction code="SETL  $0, 0"/><instruction code="INCML $0, 0"/><instruction code="INCMH $0, 0"/><instruction code="INCH  $0, 0"/><instruction code="OR $3, $0, 0"/><instruction code="SETL  $0, 0"/><instruction code="INCML $0, 0"/><instruction code="INCMH $0, 0"/><instruction code="INCH  $0, 0"/><instruction code="OR $2, $0, 0"/><instruction code="OR $1, $4, 0"/><instruction code="SETL  $0, 8"/><instruction code="INCML $0, 0"/><instruction code="INCMH $0, 0"/><instruction code="INCH  $0, 0"/><instruction code="NEG $0, 0, $0"/><instruction code="OR $0, $0, 0"/><instruction code="ADD $0, $1, $0"/><instruction code="OR $0, $0, 0"/><instruction code="OR $0, $0, 0"/><instruction code="STO $2, $254, 8"/><instruction code="STO $0, $254, 16"/><instruction code="LDA $0, _fibItr"/><instruction code="PUSHJ $16, $0, 0"/><instruction code="LDO $0, $254, 0"/><instruction code="OR $0, $0, 0"/><instruction code="STO $3, $254, 8"/><instruction code="STO $0, $254, 16"/><instruction code="LDA $0, _putInt"/><instruction code="PUSHJ $16, $0, 0"/><instruction code="LDO $0, $254, 0"/><instruction code="OR $0, $0, 0"/><instruction code="SETL  $0, 0"/><instruction code="INCML $0, 0"/><instruction code="INCMH $0, 0"/><instruction code="INCH  $0, 0"/><instruction code="OR $2, $0, 0"/><instruction code="SETL  $0, 10"/><instruction code="INCML $0, 0"/><instruction code="INCMH $0, 0"/><instruction code="INCH  $0, 0"/><instruction code="OR $1, $0, 0"/><instruction code="SETL  $0, 256"/><instruction code="INCML $0, 0"/><instruction code="INCMH $0, 0"/><instruction code="INCH  $0, 0"/><instruction code="OR $0, $0, 0"/><instruction code="DIV $0, $1, $0"/><instruction code="OR $0, rR, 0"/><instruction code="OR $0, $0, 0"/><instruction code="STO $2, $254, 8"/><instruction code="STO $0, $254, 16"/><instruction code="LDA $0, _putChar"/><instruction code="PUSHJ $16, $0, 0"/><instruction code="LDO $0, $254, 0"/><instruction code="OR $0, $0, 0"/><instruction code="OR $1, $4, 0"/><instruction code="SETL  $0, 8"/><instruction code="INCML $0, 0"/><instruction code="INCMH $0, 0"/><instruction code="INCH  $0, 0"/><instruction code="NEG $0, 0, $0"/><instruction code="OR $0, $0, 0"/><instruction code="ADD $0, $1, $0"/><instruction code="OR $0, $0, 0"/><instruction code="OR $1, $0, 0"/><instruction code="SETL  $0, 1"/><instruction code="INCML $0, 0"/><instruction code="INCMH $0, 0"/><instruction code="INCH  $0, 0"/><instruction code="OR $0, $0, 0"/><instruction code="ADD $0, $1, $0"/><instruction code="OR $1, $0, 0"/><instruction code="SETL  $0, 8"/><instruction code="INCML $0, 0"/><instruction code="INCMH $0, 0"/><instruction code="INCH  $0, 0"/><instruction code="NEG $0, 0, $0"/><instruction code="ADD $0, $4, $0"/><instruction code="STO $0, $1, 0"/><instruction code="LDA $0, L17"/><instruction code="GO $0, $0, 0"/><instruction code="L19"/><instruction code="SETL  $0, 0"/><instruction code="INCML $0, 0"/><instruction code="INCMH $0, 0"/><instruction code="INCH  $0, 0"/><instruction code="OR $1, $0, 0"/><instruction code="LDA $0, L20"/><instruction code="OR $0, $0, 0"/><instruction code="STO $1, $254, 8"/><instruction code="STO $0, $254, 16"/><instruction code="LDA $0, _putString"/><instruction code="PUSHJ $16, $0, 0"/><instruction code="LDO $0, $254, 0"/><instruction code="OR $0, $0, 0"/><instruction code="SETL  $0, 0"/><instruction code="INCML $0, 0"/><instruction code="INCMH $0, 0"/><instruction code="INCH  $0, 0"/><instruction code="OR $2, $0, 0"/><instruction code="SETL  $0, 10"/><instruction code="INCML $0, 0"/><instruction code="INCMH $0, 0"/><instruction code="INCH  $0, 0"/><instruction code="OR $1, $0, 0"/><instruction code="SETL  $0, 256"/><instruction code="INCML $0, 0"/><instruction code="INCMH $0, 0"/><instruction code="INCH  $0, 0"/><instruction code="OR $0, $0, 0"/><instruction code="DIV $0, $1, $0"/><instruction code="OR $0, rR, 0"/><instruction code="OR $0, $0, 0"/><instruction code="STO $2, $254, 8"/><instruction code="STO $0, $254, 16"/><instruction code="LDA $0, _putChar"/><instruction code="PUSHJ $16, $0, 0"/><instruction code="LDO $0, $254, 0"/><instruction code="OR $0, $0, 0"/><instruction code="SETL  $0, 1"/><instruction code="INCML $0, 0"/><instruction code="INCMH $0, 0"/><instruction code="INCH  $0, 0"/><instruction code="OR $1, $0, 0"/><instruction code="SETL  $0, 8"/><instruction code="INCML $0, 0"/><instruction code="INCMH $0, 0"/><instruction code="INCH  $0, 0"/><instruction code="NEG $0, 0, $0"/><instruction code="ADD $0, $4, $0"/><instruction code="STO $0, $1, 0"/><instruction code="L22"/><instruction code="OR $1, $4, 0"/><instruction code="SETL  $0, 8"/><instruction code="INCML $0, 0"/><instruction code="INCMH $0, 0"/><instruction code="INCH  $0, 0"/><instruction code="NEG $0, 0, $0"/><instruction code="OR $0, $0, 0"/><instruction code="ADD $0, $1, $0"/><instruction code="OR $0, $0, 0"/><instruction code="OR $1, $0, 0"/><instruction code="SETL  $0, 10"/><instruction code="INCML $0, 0"/><instruction code="INCMH $0, 0"/><instruction code="INCH  $0, 0"/><instruction code="OR $0, $0, 0"/><instruction code="CMP $0, $1, $0"/><instruction code="ZSNP $0, $0, 1"/><instruction code="OR $0, $0, 0"/><instruction code="BNZ $0, L23"/><instruction code="L108"/><instruction code="LDA $0, L24"/><instruction code="GO $0, $0, 0"/><instruction code="L23"/><instruction code="SETL  $0, 0"/><instruction code="INCML $0, 0"/><instruction code="INCMH $0, 0"/><instruction code="INCH  $0, 0"/><instruction code="OR $2, $0, 0"/><instruction code="OR $1, $4, 0"/><instruction code="SETL  $0, 8"/><instruction code="INCML $0, 0"/><instruction code="INCMH $0, 0"/><instruction code="INCH  $0, 0"/><instruction code="NEG $0, 0, $0"/><instruction code="OR $0, $0, 0"/><instruction code="ADD $0, $1, $0"/><instruction code="OR $0, $0, 0"/><instruction code="OR $0, $0, 0"/><instruction code="STO $2, $254, 8"/><instruction code="STO $0, $254, 16"/><instruction code="LDA $0, _putInt"/><instruction code="PUSHJ $16, $0, 0"/><instruction code="LDO $0, $254, 0"/><instruction code="OR $0, $0, 0"/><instruction code="SETL  $0, 0"/><instruction code="INCML $0, 0"/><instruction code="INCMH $0, 0"/><instruction code="INCH  $0, 0"/><instruction code="OR $1, $0, 0"/><instruction code="LDA $0, L21"/><instruction code="OR $0, $0, 0"/><instruction code="STO $1, $254, 8"/><instruction code="STO $0, $254, 16"/><instruction code="LDA $0, _putString"/><instruction code="PUSHJ $16, $0, 0"/><instruction code="LDO $0, $254, 0"/><instruction code="OR $0, $0, 0"/><instruction code="SETL  $0, 0"/><instruction code="INCML $0, 0"/><instruction code="INCMH $0, 0"/><instruction code="INCH  $0, 0"/><instruction code="OR $3, $0, 0"/><instruction code="SETL  $0, 0"/><instruction code="INCML $0, 0"/><instruction code="INCMH $0, 0"/><instruction code="INCH  $0, 0"/><instruction code="OR $2, $0, 0"/><instruction code="OR $1, $4, 0"/><instruction code="SETL  $0, 8"/><instruction code="INCML $0, 0"/><instruction code="INCMH $0, 0"/><instruction code="INCH  $0, 0"/><instruction code="NEG $0, 0, $0"/><instruction code="OR $0, $0, 0"/><instruction code="ADD $0, $1, $0"/><instruction code="OR $0, $0, 0"/><instruction code="OR $0, $0, 0"/><instruction code="STO $2, $254, 8"/><instruction code="STO $0, $254, 16"/><instruction code="LDA $0, _fibRec"/><instruction code="PUSHJ $16, $0, 0"/><instruction code="LDO $0, $254, 0"/><instruction code="OR $0, $0, 0"/><instruction code="STO $3, $254, 8"/><instruction code="STO $0, $254, 16"/><instruction code="LDA $0, _putInt"/><instruction code="PUSHJ $16, $0, 0"/><instruction code="LDO $0, $254, 0"/><instruction code="OR $0, $0, 0"/><instruction code="SETL  $0, 0"/><instruction code="INCML $0, 0"/><instruction code="INCMH $0, 0"/><instruction code="INCH  $0, 0"/><instruction code="OR $2, $0, 0"/><instruction code="SETL  $0, 10"/><instruction code="INCML $0, 0"/><instruction code="INCMH $0, 0"/><instruction code="INCH  $0, 0"/><instruction code="OR $1, $0, 0"/><instruction code="SETL  $0, 256"/><instruction code="INCML $0, 0"/><instruction code="INCMH $0, 0"/><instruction code="INCH  $0, 0"/><instruction code="OR $0, $0, 0"/><instruction code="DIV $0, $1, $0"/><instruction code="OR $0, rR, 0"/><instruction code="OR $0, $0, 0"/><instruction code="STO $2, $254, 8"/><instruction code="STO $0, $254, 16"/><instruction code="LDA $0, _putChar"/><instruction code="PUSHJ $16, $0, 0"/><instruction code="LDO $0, $254, 0"/><instruction code="OR $0, $0, 0"/><instruction code="OR $1, $4, 0"/><instruction code="SETL  $0, 8"/><instruction code="INCML $0, 0"/><instruction code="INCMH $0, 0"/><instruction code="INCH  $0, 0"/><instruction code="NEG $0, 0, $0"/><instruction code="OR $0, $0, 0"/><instruction code="ADD $0, $1, $0"/><instruction code="OR $0, $0, 0"/><instruction code="OR $1, $0, 0"/><instruction code="SETL  $0, 1"/><instruction code="INCML $0, 0"/><instruction code="INCMH $0, 0"/><instruction code="INCH  $0, 0"/><instruction code="OR $0, $0, 0"/><instruction code="ADD $0, $1, $0"/><instruction code="OR $1, $0, 0"/><instruction code="SETL  $0, 8"/><instruction code="INCML $0, 0"/><instruction code="INCMH $0, 0"/><instruction code="INCH  $0, 0"/><instruction code="NEG $0, 0, $0"/><instruction code="ADD $0, $4, $0"/><instruction code="STO $0, $1, 0"/><instruction code="LDA $0, L22"/><instruction code="GO $0, $0, 0"/><instruction code="L24"/><instruction code="SETL  $0, 0"/><instruction code="INCML $0, 0"/><instruction code="INCMH $0, 0"/><instruction code="INCH  $0, 0"/><instruction code="OR $1, $0, 0"/><instruction code="LDA $0, L25"/><instruction code="OR $0, $0, 0"/><instruction code="STO $1, $254, 8"/><instruction code="STO $0, $254, 16"/><instruction code="LDA $0, _putString"/><instruction code="PUSHJ $16, $0, 0"/><instruction code="LDO $0, $254, 0"/><instruction code="OR $0, $0, 0"/><instruction code="SETL  $0, 0"/><instruction code="INCML $0, 0"/><instruction code="INCMH $0, 0"/><instruction code="INCH  $0, 0"/><instruction code="OR $2, $0, 0"/><instruction code="SETL  $0, 10"/><instruction code="INCML $0, 0"/><instruction code="INCMH $0, 0"/><instruction code="INCH  $0, 0"/><instruction code="OR $1, $0, 0"/><instruction code="SETL  $0, 256"/><instruction code="INCML $0, 0"/><instruction code="INCMH $0, 0"/><instruction code="INCH  $0, 0"/><instruction code="OR $0, $0, 0"/><instruction code="DIV $0, $1, $0"/><instruction code="OR $0, rR, 0"/><instruction code="OR $0, $0, 0"/><instruction code="STO $2, $254, 8"/><instruction code="STO $0, $254, 16"/><instruction code="LDA $0, _putChar"/><instruction code="PUSHJ $16, $0, 0"/><instruction code="LDO $0, $254, 0"/><instruction code="OR $0, $0, 0"/><instruction code="SETL  $0, 0"/><instruction code="INCML $0, 0"/><instruction code="INCMH $0, 0"/><instruction code="INCH  $0, 0"/><instruction code="OR $2, $0, 0"/><instruction code="SETL  $0, 4"/><instruction code="INCML $0, 0"/><instruction code="INCMH $0, 0"/><instruction code="INCH  $0, 0"/><instruction code="OR $1, $0, 0"/><instruction code="SETL  $0, 3"/><instruction code="INCML $0, 0"/><instruction code="INCMH $0, 0"/><instruction code="INCH  $0, 0"/><instruction code="OR $0, $0, 0"/><instruction code="STO $2, $254, 8"/><instruction code="STO $1, $254, 16"/><instruction code="STO $0, $254, 24"/><instruction code="LDA $0, _combs"/><instruction code="PUSHJ $16, $0, 0"/><instruction code="LDO $0, $254, 0"/><instruction code="OR $0, $0, 0"/><instruction code="SETL  $0, 0"/><instruction code="INCML $0, 0"/><instruction code="INCMH $0, 0"/><instruction code="INCH  $0, 0"/><instruction code="OR $0, $0, 0"/><instruction code="OR $0, $0, 0"/><instruction code="LDA $0, L110"/><instruction code="GO $0, $0, 0"/></instructions></code><code entrylabel="L112" exitlabel="L113" tempsize="0"><frame FP="T8" RV="T9" argssize="0" depth="1" label="_facItr" locssize="8" size="24"/><instructions><instruction code="L112"/><instruction code="SETL  $0, 1"/><instruction code="INCML $0, 0"/><instruction code="INCMH $0, 0"/><instruction code="INCH  $0, 0"/><instruction code="OR $1, $0, 0"/><instruction code="SETL  $0, 8"/><instruction code="INCML $0, 0"/><instruction code="INCMH $0, 0"/><instruction code="INCH  $0, 0"/><instruction code="NEG $0, 0, $0"/><instruction code="ADD $0, $3, $0"/><instruction code="STO $0, $1, 0"/><instruction code="L26"/><instruction code="OR $1, $3, 0"/><instruction code="SETL  $0, 8"/><instruction code="INCML $0, 0"/><instruction code="INCMH $0, 0"/><instruction code="INCH  $0, 0"/><instruction code="OR $0, $0, 0"/><instruction code="ADD $0, $1, $0"/><instruction code="OR $0, $0, 0"/><instruction code="OR $1, $0, 0"/><instruction code="SETL  $0, 0"/><instruction code="INCML $0, 0"/><instruction code="INCMH $0, 0"/><instruction code="INCH  $0, 0"/><instruction code="OR $0, $0, 0"/><instruction code="CMP $0, $1, $0"/><instruction code="ZSP $0, $0, 1"/><instruction code="OR $0, $0, 0"/><instruction code="BNZ $0, L27"/><instruction code="L111"/><instruction code="LDA $0, L28"/><instruction code="GO $0, $0, 0"/><instruction code="L27"/><instruction code="OR $1, $3, 0"/><instruction code="SETL  $0, 8"/><instruction code="INCML $0, 0"/><instruction code="INCMH $0, 0"/><instruction code="INCH  $0, 0"/><instruction code="NEG $0, 0, $0"/><instruction code="OR $0, $0, 0"/><instruction code="ADD $0, $1, $0"/><instruction code="OR $0, $0, 0"/><instruction code="OR $2, $0, 0"/><instruction code="OR $1, $3, 0"/><instruction code="SETL  $0, 8"/><instruction code="INCML $0, 0"/><instruction code="INCMH $0, 0"/><instruction code="INCH  $0, 0"/><instruction code="OR $0, $0, 0"/><instruction code="ADD $0, $1, $0"/><instruction code="OR $0, $0, 0"/><instruction code="OR $0, $0, 0"/><instruction code="MUL $0, $2, $0"/><instruction code="OR $1, $0, 0"/><instruction code="SETL  $0, 8"/><instruction code="INCML $0, 0"/><instruction code="INCMH $0, 0"/><instruction code="INCH  $0, 0"/><instruction code="NEG $0, 0, $0"/><instruction code="ADD $0, $3, $0"/><instruction code="STO $0, $1, 0"/><instruction code="OR $1, $3, 0"/><instruction code="SETL  $0, 8"/><instruction code="INCML $0, 0"/><instruction code="INCMH $0, 0"/><instruction code="INCH  $0, 0"/><instruction code="OR $0, $0, 0"/><instruction code="ADD $0, $1, $0"/><instruction code="OR $0, $0, 0"/><instruction code="OR $1, $0, 0"/><instruction code="SETL  $0, 1"/><instruction code="INCML $0, 0"/><instruction code="INCMH $0, 0"/><instruction code="INCH  $0, 0"/><instruction code="OR $0, $0, 0"/><instruction code="SUB $0, $1, $0"/><instruction code="OR $1, $0, 0"/><instruction code="SETL  $0, 8"/><instruction code="INCML $0, 0"/><instruction code="INCMH $0, 0"/><instruction code="INCH  $0, 0"/><instruction code="ADD $0, $3, $0"/><instruction code="STO $0, $1, 0"/><instruction code="LDA $0, L26"/><instruction code="GO $0, $0, 0"/><instruction code="L28"/><instruction code="OR $1, $3, 0"/><instruction code="SETL  $0, 8"/><instruction code="INCML $0, 0"/><instruction code="INCMH $0, 0"/><instruction code="INCH  $0, 0"/><instruction code="NEG $0, 0, $0"/><instruction code="OR $0, $0, 0"/><instruction code="ADD $0, $1, $0"/><instruction code="OR $0, $0, 0"/><instruction code="OR $0, $0, 0"/><instruction code="OR $0, $0, 0"/><instruction code="LDA $0, L113"/><instruction code="GO $0, $0, 0"/></instructions></code><code entrylabel="L115" exitlabel="L116" tempsize="0"><frame FP="T10" RV="T11" argssize="16" depth="1" label="_facRec" locssize="8" size="40"/><instructions><instruction code="L115"/><instruction code="OR $1, $4, 0"/><instruction code="SETL  $0, 8"/><instruction code="INCML $0, 0"/><instruction code="INCMH $0, 0"/><instruction code="INCH  $0, 0"/><instruction code="OR $0, $0, 0"/><instruction code="ADD $0, $1, $0"/><instruction code="OR $0, $0, 0"/><instruction code="OR $1, $0, 0"/><instruction code="SETL  $0, 1"/><instruction code="INCML $0, 0"/><instruction code="INCMH $0, 0"/><instruction code="INCH  $0, 0"/><instruction code="OR $0, $0, 0"/><instruction code="CMP $0, $1, $0"/><instruction code="ZSZ $0, $0, 1"/><instruction code="OR $0, $0, 0"/><instruction code="BNZ $0, L29"/><instruction code="L114"/><instruction code="LDA $0, L30"/><instruction code="GO $0, $0, 0"/><instruction code="L29"/><instruction code="SETL  $0, 1"/><instruction code="INCML $0, 0"/><instruction code="INCMH $0, 0"/><instruction code="INCH  $0, 0"/><instruction code="OR $1, $0, 0"/><instruction code="SETL  $0, 8"/><instruction code="INCML $0, 0"/><instruction code="INCMH $0, 0"/><instruction code="INCH  $0, 0"/><instruction code="NEG $0, 0, $0"/><instruction code="ADD $0, $4, $0"/><instruction code="STO $0, $1, 0"/><instruction code="LDA $0, L31"/><instruction code="GO $0, $0, 0"/><instruction code="L30"/><instruction code="OR $1, $4, 0"/><instruction code="SETL  $0, 8"/><instruction code="INCML $0, 0"/><instruction code="INCMH $0, 0"/><instruction code="INCH  $0, 0"/><instruction code="OR $0, $0, 0"/><instruction code="ADD $0, $1, $0"/><instruction code="OR $0, $0, 0"/><instruction code="OR $3, $0, 0"/><instruction code="SETL  $0, 0"/><instruction code="INCML $0, 0"/><instruction code="INCMH $0, 0"/><instruction code="INCH  $0, 0"/><instruction code="OR $2, $0, 0"/><instruction code="OR $1, $4, 0"/><instruction code="SETL  $0, 8"/><instruction code="INCML $0, 0"/><instruction code="INCMH $0, 0"/><instruction code="INCH  $0, 0"/><instruction code="OR $0, $0, 0"/><instruction code="ADD $0, $1, $0"/><instruction code="OR $0, $0, 0"/><instruction code="OR $1, $0, 0"/><instruction code="SETL  $0, 1"/><instruction code="INCML $0, 0"/><instruction code="INCMH $0, 0"/><instruction code="INCH  $0, 0"/><instruction code="OR $0, $0, 0"/><instruction code="SUB $0, $1, $0"/><instruction code="OR $0, $0, 0"/><instruction code="STO $2, $254, 8"/><instruction code="STO $0, $254, 16"/><instruction code="LDA $0, _facRec"/><instruction code="PUSHJ $16, $0, 0"/><instruction code="LDO $0, $254, 0"/><instruction code="OR $0, $0, 0"/><instruction code="MUL $0, $3, $0"/><instruction code="OR $1, $0, 0"/><instruction code="SETL  $0, 8"/><instruction code="INCML $0, 0"/><instruction code="INCMH $0, 0"/><instruction code="INCH  $0, 0"/><instruction code="NEG $0, 0, $0"/><instruction code="ADD $0, $4, $0"/><instruction code="STO $0, $1, 0"/><instruction code="L31"/><instruction code="OR $1, $4, 0"/><instruction code="SETL  $0, 8"/><instruction code="INCML $0, 0"/><instruction code="INCMH $0, 0"/><instruction code="INCH  $0, 0"/><instruction code="NEG $0, 0, $0"/><instruction code="OR $0, $0, 0"/><instruction code="ADD $0, $1, $0"/><instruction code="OR $0, $0, 0"/><instruction code="OR $0, $0, 0"/><instruction code="OR $0, $0, 0"/><instruction code="LDA $0, L116"/><instruction code="GO $0, $0, 0"/></instructions></code><code entrylabel="L118" exitlabel="L119" tempsize="0"><frame FP="T12" RV="T13" argssize="0" depth="1" label="_fibItr" locssize="24" size="40"/><instructions><instruction code="L118"/><instruction code="SETL  $0, 1"/><instruction code="INCML $0, 0"/><instruction code="INCMH $0, 0"/><instruction code="INCH  $0, 0"/><instruction code="OR $1, $0, 0"/><instruction code="SETL  $0, 8"/><instruction code="INCML $0, 0"/><instruction code="INCMH $0, 0"/><instruction code="INCH  $0, 0"/><instruction code="NEG $0, 0, $0"/><instruction code="ADD $0, $3, $0"/><instruction code="STO $0, $1, 0"/><instruction code="SETL  $0, 1"/><instruction code="INCML $0, 0"/><instruction code="INCMH $0, 0"/><instruction code="INCH  $0, 0"/><instruction code="OR $1, $0, 0"/><instruction code="SETL  $0, 16"/><instruction code="INCML $0, 0"/><instruction code="INCMH $0, 0"/><instruction code="INCH  $0, 0"/><instruction code="NEG $0, 0, $0"/><instruction code="ADD $0, $3, $0"/><instruction code="STO $0, $1, 0"/><instruction code="SETL  $0, 0"/><instruction code="INCML $0, 0"/><instruction code="INCMH $0, 0"/><instruction code="INCH  $0, 0"/><instruction code="OR $1, $0, 0"/><instruction code="SETL  $0, 24"/><instruction code="INCML $0, 0"/><instruction code="INCMH $0, 0"/><instruction code="INCH  $0, 0"/><instruction code="NEG $0, 0, $0"/><instruction code="ADD $0, $3, $0"/><instruction code="STO $0, $1, 0"/><instruction code="L32"/><instruction code="OR $1, $3, 0"/><instruction code="SETL  $0, 8"/><instruction code="INCML $0, 0"/><instruction code="INCMH $0, 0"/><instruction code="INCH  $0, 0"/><instruction code="OR $0, $0, 0"/><instruction code="ADD $0, $1, $0"/><instruction code="OR $0, $0, 0"/><instruction code="OR $1, $0, 0"/><instruction code="SETL  $0, 1"/><instruction code="INCML $0, 0"/><instruction code="INCMH $0, 0"/><instruction code="INCH  $0, 0"/><instruction code="OR $0, $0, 0"/><instruction code="CMP $0, $1, $0"/><instruction code="ZSP $0, $0, 1"/><instruction code="OR $0, $0, 0"/><instruction code="BNZ $0, L33"/><instruction code="L117"/><instruction code="LDA $0, L34"/><instruction code="GO $0, $0, 0"/><instruction code="L33"/><instruction code="OR $1, $3, 0"/><instruction code="SETL  $0, 16"/><instruction code="INCML $0, 0"/><instruction code="INCMH $0, 0"/><instruction code="INCH  $0, 0"/><instruction code="NEG $0, 0, $0"/><instruction code="OR $0, $0, 0"/><instruction code="ADD $0, $1, $0"/><instruction code="OR $0, $0, 0"/><instruction code="OR $2, $0, 0"/><instruction code="OR $1, $3, 0"/><instruction code="SETL  $0, 24"/><instruction code="INCML $0, 0"/><instruction code="INCMH $0, 0"/><instruction code="INCH  $0, 0"/><instruction code="NEG $0, 0, $0"/><instruction code="OR $0, $0, 0"/><instruction code="ADD $0, $1, $0"/><instruction code="OR $0, $0, 0"/><instruction code="OR $0, $0, 0"/><instruction code="ADD $0, $2, $0"/><instruction code="OR $1, $0, 0"/><instruction code="SETL  $0, 8"/><instruction code="INCML $0, 0"/><instruction code="INCMH $0, 0"/><instruction code="INCH  $0, 0"/><instruction code="NEG $0, 0, $0"/><instruction code="ADD $0, $3, $0"/><instruction code="STO $0, $1, 0"/><instruction code="OR $1, $3, 0"/><instruction code="SETL  $0, 16"/><instruction code="INCML $0, 0"/><instruction code="INCMH $0, 0"/><instruction code="INCH  $0, 0"/><instruction code="NEG $0, 0, $0"/><instruction code="OR $0, $0, 0"/><instruction code="ADD $0, $1, $0"/><instruction code="OR $0, $0, 0"/><instruction code="OR $1, $0, 0"/><instruction code="SETL  $0, 24"/><instruction code="INCML $0, 0"/><instruction code="INCMH $0, 0"/><instruction code="INCH  $0, 0"/><instruction code="NEG $0, 0, $0"/><instruction code="ADD $0, $3, $0"/><instruction code="STO $0, $1, 0"/><instruction code="OR $1, $3, 0"/><instruction code="SETL  $0, 8"/><instruction code="INCML $0, 0"/><instruction code="INCMH $0, 0"/><instruction code="INCH  $0, 0"/><instruction code="NEG $0, 0, $0"/><instruction code="OR $0, $0, 0"/><instruction code="ADD $0, $1, $0"/><instruction code="OR $0, $0, 0"/><instruction code="OR $1, $0, 0"/><instruction code="SETL  $0, 16"/><instruction code="INCML $0, 0"/><instruction code="INCMH $0, 0"/><instruction code="INCH  $0, 0"/><instruction code="NEG $0, 0, $0"/><instruction code="ADD $0, $3, $0"/><instruction code="STO $0, $1, 0"/><instruction code="OR $1, $3, 0"/><instruction code="SETL  $0, 8"/><instruction code="INCML $0, 0"/><instruction code="INCMH $0, 0"/><instruction code="INCH  $0, 0"/><instruction code="OR $0, $0, 0"/><instruction code="ADD $0, $1, $0"/><instruction code="OR $0, $0, 0"/><instruction code="OR $1, $0, 0"/><instruction code="SETL  $0, 1"/><instruction code="INCML $0, 0"/><instruction code="INCMH $0, 0"/><instruction code="INCH  $0, 0"/><instruction code="OR $0, $0, 0"/><instruction code="SUB $0, $1, $0"/><instruction code="OR $1, $0, 0"/><instruction code="SETL  $0, 8"/><instruction code="INCML $0, 0"/><instruction code="INCMH $0, 0"/><instruction code="INCH  $0, 0"/><instruction code="ADD $0, $3, $0"/><instruction code="STO $0, $1, 0"/><instruction code="LDA $0, L32"/><instruction code="GO $0, $0, 0"/><instruction code="L34"/><instruction code="OR $1, $3, 0"/><instruction code="SETL  $0, 8"/><instruction code="INCML $0, 0"/><instruction code="INCMH $0, 0"/><instruction code="INCH  $0, 0"/><instruction code="NEG $0, 0, $0"/><instruction code="OR $0, $0, 0"/><instruction code="ADD $0, $1, $0"/><instruction code="OR $0, $0, 0"/><instruction code="OR $0, $0, 0"/><instruction code="OR $0, $0, 0"/><instruction code="LDA $0, L119"/><instruction code="GO $0, $0, 0"/></instructions></code><code entrylabel="L121" exitlabel="L122" tempsize="0"><frame FP="T14" RV="T15" argssize="16" depth="1" label="_fibRec" locssize="8" size="40"/><instructions><instruction code="L121"/><instruction code="OR $1, $4, 0"/><instruction code="SETL  $0, 8"/><instruction code="INCML $0, 0"/><instruction code="INCMH $0, 0"/><instruction code="INCH  $0, 0"/><instruction code="OR $0, $0, 0"/><instruction code="ADD $0, $1, $0"/><instruction code="OR $0, $0, 0"/><instruction code="OR $1, $0, 0"/><instruction code="SETL  $0, 2"/><instruction code="INCML $0, 0"/><instruction code="INCMH $0, 0"/><instruction code="INCH  $0, 0"/><instruction code="OR $0, $0, 0"/><instruction code="CMP $0, $1, $0"/><instruction code="ZSNP $0, $0, 1"/><instruction code="OR $0, $0, 0"/><instruction code="BNZ $0, L35"/><instruction code="L120"/><instruction code="LDA $0, L36"/><instruction code="GO $0, $0, 0"/><instruction code="L35"/><instruction code="SETL  $0, 1"/><instruction code="INCML $0, 0"/><instruction code="INCMH $0, 0"/><instruction code="INCH  $0, 0"/><instruction code="OR $1, $0, 0"/><instruction code="SETL  $0, 8"/><instruction code="INCML $0, 0"/><instruction code="INCMH $0, 0"/><instruction code="INCH  $0, 0"/><instruction code="NEG $0, 0, $0"/><instruction code="ADD $0, $4, $0"/><instruction code="STO $0, $1, 0"/><instruction code="LDA $0, L37"/><instruction code="GO $0, $0, 0"/><instruction code="L36"/><instruction code="SETL  $0, 0"/><instruction code="INCML $0, 0"/><instruction code="INCMH $0, 0"/><instruction code="INCH  $0, 0"/><instruction code="OR $2, $0, 0"/><instruction code="OR $1, $4, 0"/><instruction code="SETL  $0, 8"/><instruction code="INCML $0, 0"/><instruction code="INCMH $0, 0"/><instruction code="INCH  $0, 0"/><instruction code="OR $0, $0, 0"/><instruction code="ADD $0, $1, $0"/><instruction code="OR $0, $0, 0"/><instruction code="OR $1, $0, 0"/><instruction code="SETL  $0, 1"/><instruction code="INCML $0, 0"/><instruction code="INCMH $0, 0"/><instruction code="INCH  $0, 0"/><instruction code="OR $0, $0, 0"/><instruction code="SUB $0, $1, $0"/><instruction code="OR $0, $0, 0"/><instruction code="STO $2, $254, 8"/><instruction code="STO $0, $254, 16"/><instruction code="LDA $0, _fibRec"/><instruction code="PUSHJ $16, $0, 0"/><instruction code="LDO $0, $254, 0"/><instruction code="OR $3, $0, 0"/><instruction code="SETL  $0, 0"/><instruction code="INCML $0, 0"/><instruction code="INCMH $0, 0"/><instruction code="INCH  $0, 0"/><instruction code="OR $2, $0, 0"/><instruction code="OR $1, $4, 0"/><instruction code="SETL  $0, 8"/><instruction code="INCML $0, 0"/><instruction code="INCMH $0, 0"/><instruction code="INCH  $0, 0"/><instruction code="OR $0, $0, 0"/><instruction code="ADD $0, $1, $0"/><instruction code="OR $0, $0, 0"/><instruction code="OR $1, $0, 0"/><instruction code="SETL  $0, 2"/><instruction code="INCML $0, 0"/><instruction code="INCMH $0, 0"/><instruction code="INCH  $0, 0"/><instruction code="OR $0, $0, 0"/><instruction code="SUB $0, $1, $0"/><instruction code="OR $0, $0, 0"/><instruction code="STO $2, $254, 8"/><instruction code="STO $0, $254, 16"/><instruction code="LDA $0, _fibRec"/><instruction code="PUSHJ $16, $0, 0"/><instruction code="LDO $0, $254, 0"/><instruction code="OR $0, $0, 0"/><instruction code="ADD $0, $3, $0"/><instruction code="OR $1, $0, 0"/><instruction code="SETL  $0, 8"/><instruction code="INCML $0, 0"/><instruction code="INCMH $0, 0"/><instruction code="INCH  $0, 0"/><instruction code="NEG $0, 0, $0"/><instruction code="ADD $0, $4, $0"/><instruction code="STO $0, $1, 0"/><instruction code="L37"/><instruction code="OR $1, $4, 0"/><instruction code="SETL  $0, 8"/><instruction code="INCML $0, 0"/><instruction code="INCMH $0, 0"/><instruction code="INCH  $0, 0"/><instruction code="NEG $0, 0, $0"/><instruction code="OR $0, $0, 0"/><instruction code="ADD $0, $1, $0"/><instruction code="OR $0, $0, 0"/><instruction code="OR $0, $0, 0"/><instruction code="OR $0, $0, 0"/><instruction code="LDA $0, L122"/><instruction code="GO $0, $0, 0"/></instructions></code><code entrylabel="L126" exitlabel="L127" tempsize="0"><frame FP="T18" RV="T19" argssize="16" depth="2" label="L0" locssize="8" size="40"/><instructions><instruction code="L126"/><instruction code="OR $1, $4, 0"/><instruction code="SETL  $0, 8"/><instruction code="INCML $0, 0"/><instruction code="INCMH $0, 0"/><instruction code="INCH  $0, 0"/><instruction code="OR $0, $0, 0"/><instruction code="ADD $0, $1, $0"/><instruction code="OR $0, $0, 0"/><instruction code="OR $2, $0, 0"/><instruction code="OR $0, $4, 0"/><instruction code="OR $1, $0, 0"/><instruction code="SETL  $0, 8"/><instruction code="INCML $0, 0"/><instruction code="INCMH $0, 0"/><instruction code="INCH  $0, 0"/><instruction code="OR $0, $0, 0"/><instruction code="ADD $0, $1, $0"/><instruction code="OR $0, $0, 0"/><instruction code="OR $0, $0, 0"/><instruction code="CMP $0, $2, $0"/><instruction code="ZSZ $0, $0, 1"/><instruction code="OR $0, $0, 0"/><instruction code="BNZ $0, L44"/><instruction code="L123"/><instruction code="LDA $0, L45"/><instruction code="GO $0, $0, 0"/><instruction code="L44"/><instruction code="SETL  $0, 0"/><instruction code="INCML $0, 0"/><instruction code="INCMH $0, 0"/><instruction code="INCH  $0, 0"/><instruction code="OR $1, $0, 0"/><instruction code="SETL  $0, 8"/><instruction code="INCML $0, 0"/><instruction code="INCMH $0, 0"/><instruction code="INCH  $0, 0"/><instruction code="NEG $0, 0, $0"/><instruction code="ADD $0, $4, $0"/><instruction code="STO $0, $1, 0"/><instruction code="L38"/><instruction code="OR $1, $4, 0"/><instruction code="SETL  $0, 8"/><instruction code="INCML $0, 0"/><instruction code="INCMH $0, 0"/><instruction code="INCH  $0, 0"/><instruction code="NEG $0, 0, $0"/><instruction code="OR $0, $0, 0"/><instruction code="ADD $0, $1, $0"/><instruction code="OR $0, $0, 0"/><instruction code="OR $2, $0, 0"/><instruction code="OR $0, $4, 0"/><instruction code="OR $1, $0, 0"/><instruction code="SETL  $0, 8"/><instruction code="INCML $0, 0"/><instruction code="INCMH $0, 0"/><instruction code="INCH  $0, 0"/><instruction code="OR $0, $0, 0"/><instruction code="ADD $0, $1, $0"/><instruction code="OR $0, $0, 0"/><instruction code="OR $0, $0, 0"/><instruction code="CMP $0, $2, $0"/><instruction code="ZSN $0, $0, 1"/><instruction code="OR $0, $0, 0"/><instruction code="BNZ $0, L39"/><instruction code="L124"/><instruction code="LDA $0, L40"/><instruction code="GO $0, $0, 0"/><instruction code="L39"/><instruction code="SETL  $0, 0"/><instruction code="INCML $0, 0"/><instruction code="INCMH $0, 0"/><instruction code="INCH  $0, 0"/><instruction code="OR $3, $0, 0"/><instruction code="OR $0, $4, 0"/><instruction code="OR $1, $0, 0"/><instruction code="SETL  $0, 800"/><instruction code="INCML $0, 0"/><instruction code="INCMH $0, 0"/><instruction code="INCH  $0, 0"/><instruction code="NEG $0, 0, $0"/><instruction code="OR $0, $0, 0"/><instruction code="ADD $0, $1, $0"/><instruction code="OR $2, $0, 0"/><instruction code="OR $1, $4, 0"/><instruction code="SETL  $0, 8"/><instruction code="INCML $0, 0"/><instruction code="INCMH $0, 0"/><instruction code="INCH  $0, 0"/><instruction code="NEG $0, 0, $0"/><instruction code="OR $0, $0, 0"/><instruction code="ADD $0, $1, $0"/><instruction code="OR $0, $0, 0"/><instruction code="OR $1, $0, 0"/><instruction code="SETL  $0, 8"/><instruction code="INCML $0, 0"/><instruction code="INCMH $0, 0"/><instruction code="INCH  $0, 0"/><instruction code="OR $0, $0, 0"/><instruction code="MUL $0, $1, $0"/><instruction code="OR $0, $0, 0"/><instruction code="ADD $0, $2, $0"/><instruction code="OR $0, $0, 0"/><instruction code="OR $0, $0, 0"/><instruction code="STO $3, $254, 8"/><instruction code="STO $0, $254, 16"/><instruction code="LDA $0, _putInt"/><instruction code="PUSHJ $16, $0, 0"/><instruction code="LDO $0, $254, 0"/><instruction code="OR $0, $0, 0"/><instruction code="SETL  $0, 0"/><instruction code="INCML $0, 0"/><instruction code="INCMH $0, 0"/><instruction code="INCH  $0, 0"/><instruction code="OR $1, $0, 0"/><instruction code="SETL  $0, 32"/><instruction code="INCML $0, 0"/><instruction code="INCMH $0, 0"/><instruction code="INCH  $0, 0"/><instruction code="OR $0, $0, 0"/><instruction code="STO $1, $254, 8"/><instruction code="STO $0, $254, 16"/><instruction code="LDA $0, _putChar"/><instruction code="PUSHJ $16, $0, 0"/><instruction code="LDO $0, $254, 0"/><instruction code="OR $0, $0, 0"/><instruction code="OR $1, $4, 0"/><instruction code="SETL  $0, 8"/><instruction code="INCML $0, 0"/><instruction code="INCMH $0, 0"/><instruction code="INCH  $0, 0"/><instruction code="NEG $0, 0, $0"/><instruction code="OR $0, $0, 0"/><instruction code="ADD $0, $1, $0"/><instruction code="OR $0, $0, 0"/><instruction code="OR $1, $0, 0"/><instruction code="SETL  $0, 1"/><instruction code="INCML $0, 0"/><instruction code="INCMH $0, 0"/><instruction code="INCH  $0, 0"/><instruction code="OR $0, $0, 0"/><instruction code="ADD $0, $1, $0"/><instruction code="OR $1, $0, 0"/><instruction code="SETL  $0, 8"/><instruction code="INCML $0, 0"/><instruction code="INCMH $0, 0"/><instruction code="INCH  $0, 0"/><instruction code="NEG $0, 0, $0"/><instruction code="ADD $0, $4, $0"/><instruction code="STO $0, $1, 0"/><instruction code="LDA $0, L38"/><instruction code="GO $0, $0, 0"/><instruction code="L40"/><instruction code="SETL  $0, 0"/><instruction code="INCML $0, 0"/><instruction code="INCMH $0, 0"/><instruction code="INCH  $0, 0"/><instruction code="OR $2, $0, 0"/><instruction code="SETL  $0, 10"/><instruction code="INCML $0, 0"/><instruction code="INCMH $0, 0"/><instruction code="INCH  $0, 0"/><instruction code="OR $1, $0, 0"/><instruction code="SETL  $0, 256"/><instruction code="INCML $0, 0"/><instruction code="INCMH $0, 0"/><instruction code="INCH  $0, 0"/><instruction code="OR $0, $0, 0"/><instruction code="DIV $0, $1, $0"/><instruction code="OR $0, rR, 0"/><instruction code="OR $0, $0, 0"/><instruction code="STO $2, $254, 8"/><instruction code="STO $0, $254, 16"/><instruction code="LDA $0, _putChar"/><instruction code="PUSHJ $16, $0, 0"/><instruction code="LDO $0, $254, 0"/><instruction code="OR $0, $0, 0"/><instruction code="LDA $0, L46"/><instruction code="GO $0, $0, 0"/><instruction code="L45"/><instruction code="SETL  $0, 1"/><instruction code="INCML $0, 0"/><instruction code="INCMH $0, 0"/><instruction code="INCH  $0, 0"/><instruction code="OR $1, $0, 0"/><instruction code="SETL  $0, 8"/><instruction code="INCML $0, 0"/><instruction code="INCMH $0, 0"/><instruction code="INCH  $0, 0"/><instruction code="NEG $0, 0, $0"/><instruction code="ADD $0, $4, $0"/><instruction code="STO $0, $1, 0"/><instruction code="L41"/><instruction code="OR $1, $4, 0"/><instruction code="SETL  $0, 8"/><instruction code="INCML $0, 0"/><instruction code="INCMH $0, 0"/><instruction code="INCH  $0, 0"/><instruction code="NEG $0, 0, $0"/><instruction code="OR $0, $0, 0"/><instruction code="ADD $0, $1, $0"/><instruction code="OR $0, $0, 0"/><instruction code="OR $2, $0, 0"/><instruction code="OR $0, $4, 0"/><instruction code="OR $1, $0, 0"/><instruction code="SETL  $0, 16"/><instruction code="INCML $0, 0"/><instruction code="INCMH $0, 0"/><instruction code="INCH  $0, 0"/><instruction code="OR $0, $0, 0"/><instruction code="ADD $0, $1, $0"/><instruction code="OR $0, $0, 0"/><instruction code="OR $0, $0, 0"/><instruction code="CMP $0, $2, $0"/><instruction code="ZSNP $0, $0, 1"/><instruction code="OR $0, $0, 0"/><instruction code="BNZ $0, L42"/><instruction code="L125"/><instruction code="LDA $0, L43"/><instruction code="GO $0, $0, 0"/><instruction code="L42"/><instruction code="OR $1, $4, 0"/><instruction code="SETL  $0, 8"/><instruction code="INCML $0, 0"/><instruction code="INCMH $0, 0"/><instruction code="INCH  $0, 0"/><instruction code="NEG $0, 0, $0"/><instruction code="OR $0, $0, 0"/><instruction code="ADD $0, $1, $0"/><instruction code="OR $0, $0, 0"/><instruction code="OR $3, $0, 0"/><instruction code="SETL  $0, 800"/><instruction code="INCML $0, 0"/><instruction code="INCMH $0, 0"/><instruction code="INCH  $0, 0"/><instruction code="NEG $0, 0, $0"/><instruction code="ADD $2, $4, $0"/><instruction code="SETL  $0, 8"/><instruction code="INCML $0, 0"/><instruction code="INCMH $0, 0"/><instruction code="INCH  $0, 0"/><instruction code="ADD $1, $4, $0"/><instruction code="SETL  $0, 8"/><instruction code="INCML $0, 0"/><instruction code="INCMH $0, 0"/><instruction code="INCH  $0, 0"/><instruction code="MUL $0, $1, $0"/><instruction code="ADD $0, $2, $0"/><instruction code="STO $0, $3, 0"/><instruction code="OR $1, $4, 0"/><instruction code="SETL  $0, 8"/><instruction code="INCML $0, 0"/><instruction code="INCMH $0, 0"/><instruction code="INCH  $0, 0"/><instruction code="NEG $0, 0, $0"/><instruction code="OR $0, $0, 0"/><instruction code="ADD $0, $1, $0"/><instruction code="OR $0, $0, 0"/><instruction code="OR $1, $0, 0"/><instruction code="SETL  $0, 1"/><instruction code="INCML $0, 0"/><instruction code="INCMH $0, 0"/><instruction code="INCH  $0, 0"/><instruction code="OR $0, $0, 0"/><instruction code="ADD $0, $1, $0"/><instruction code="OR $1, $0, 0"/><instruction code="SETL  $0, 8"/><instruction code="INCML $0, 0"/><instruction code="INCMH $0, 0"/><instruction code="INCH  $0, 0"/><instruction code="NEG $0, 0, $0"/><instruction code="ADD $0, $4, $0"/><instruction code="STO $0, $1, 0"/><instruction code="OR $2, $4, 0"/><instruction code="OR $1, $4, 0"/><instruction code="SETL  $0, 8"/><instruction code="INCML $0, 0"/><instruction code="INCMH $0, 0"/><instruction code="INCH  $0, 0"/><instruction code="OR $0, $0, 0"/><instruction code="ADD $0, $1, $0"/><instruction code="OR $0, $0, 0"/><instruction code="OR $1, $0, 0"/><instruction code="SETL  $0, 1"/><instruction code="INCML $0, 0"/><instruction code="INCMH $0, 0"/><instruction code="INCH  $0, 0"/><instruction code="OR $0, $0, 0"/><instruction code="ADD $0, $1, $0"/><instruction code="OR $0, $0, 0"/><instruction code="STO $2, $254, 8"/><instruction code="STO $0, $254, 16"/><instruction code="LDA $0, L0"/><instruction code="PUSHJ $16, $0, 0"/><instruction code="LDO $0, $254, 0"/><instruction code="OR $0, $0, 0"/><instruction code="LDA $0, L41"/><instruction code="GO $0, $0, 0"/><instruction code="L43"/><instruction code="L46"/><instruction code="SETL  $0, 0"/><instruction code="INCML $0, 0"/><instruction code="INCMH $0, 0"/><instruction code="INCH  $0, 0"/><instruction code="OR $0, $0, 0"/><instruction code="OR $0, $0, 0"/><instruction code="LDA $0, L127"/><instruction code="GO $0, $0, 0"/></instructions></code><code entrylabel="L129" exitlabel="L130" tempsize="0"><frame FP="T16" RV="T17" argssize="16" depth="1" label="_combs" locssize="808" size="840"/><instructions><instruction code="L129"/><instruction code="SETL  $0, 0"/><instruction code="INCML $0, 0"/><instruction code="INCMH $0, 0"/><instruction code="INCH  $0, 0"/><instruction code="OR $1, $0, 0"/><instruction code="SETL  $0, 808"/><instruction code="INCML $0, 0"/><instruction code="INCMH $0, 0"/><instruction code="INCH  $0, 0"/><instruction code="NEG $0, 0, $0"/><instruction code="ADD $0, $4, $0"/><instruction code="STO $0, $1, 0"/><instruction code="L47"/><instruction code="OR $1, $4, 0"/><instruction code="SETL  $0, 808"/><instruction code="INCML $0, 0"/><instruction code="INCMH $0, 0"/><instruction code="INCH  $0, 0"/><instruction code="NEG $0, 0, $0"/><instruction code="OR $0, $0, 0"/><instruction code="ADD $0, $1, $0"/><instruction code="OR $0, $0, 0"/><instruction code="OR $1, $0, 0"/><instruction code="SETL  $0, 100"/><instruction code="INCML $0, 0"/><instruction code="INCMH $0, 0"/><instruction code="INCH  $0, 0"/><instruction code="OR $0, $0, 0"/><instruction code="CMP $0, $1, $0"/><instruction code="ZSN $0, $0, 1"/><instruction code="OR $0, $0, 0"/><instruction code="BNZ $0, L48"/><instruction code="L128"/><instruction code="LDA $0, L49"/><instruction code="GO $0, $0, 0"/><instruction code="L48"/><instruction code="SETL  $0, 0"/><instruction code="INCML $0, 0"/><instruction code="INCMH $0, 0"/><instruction code="INCH  $0, 0"/><instruction code="OR $3, $0, 0"/><instruction code="SETL  $0, 800"/><instruction code="INCML $0, 0"/><instruction code="INCMH $0, 0"/><instruction code="INCH  $0, 0"/><instruction code="NEG $0, 0, $0"/><instruction code="ADD $2, $4, $0"/><instruction code="SETL  $0, 808"/><instruction code="INCML $0, 0"/><instruction code="INCMH $0, 0"/><instruction code="INCH  $0, 0"/><instruction code="NEG $0, 0, $0"/><instruction code="ADD $1, $4, $0"/><instruction code="SETL  $0, 8"/><instruction code="INCML $0, 0"/><instruction code="INCMH $0, 0"/><instruction code="INCH  $0, 0"/><instruction code="MUL $0, $1, $0"/><instruction code="ADD $0, $2, $0"/><instruction code="STO $0, $3, 0"/><instruction code="OR $1, $4, 0"/><instruction code="SETL  $0, 808"/><instruction code="INCML $0, 0"/><instruction code="INCMH $0, 0"/><instruction code="INCH  $0, 0"/><instruction code="NEG $0, 0, $0"/><instruction code="OR $0, $0, 0"/><instruction code="ADD $0, $1, $0"/><instruction code="OR $0, $0, 0"/><instruction code="OR $1, $0, 0"/><instruction code="SETL  $0, 1"/><instruction code="INCML $0, 0"/><instruction code="INCMH $0, 0"/><instruction code="INCH  $0, 0"/><instruction code="OR $0, $0, 0"/><instruction code="ADD $0, $1, $0"/><instruction code="OR $1, $0, 0"/><instruction code="SETL  $0, 808"/><instruction code="INCML $0, 0"/><instruction code="INCMH $0, 0"/><instruction code="INCH  $0, 0"/><instruction code="NEG $0, 0, $0"/><instruction code="ADD $0, $4, $0"/><instruction code="STO $0, $1, 0"/><instruction code="LDA $0, L47"/><instruction code="GO $0, $0, 0"/><instruction code="L49"/><instruction code="OR $1, $4, 0"/><instruction code="SETL  $0, 0"/><instruction code="INCML $0, 0"/><instruction code="INCMH $0, 0"/><instruction code="INCH  $0, 0"/><instruction code="OR $0, $0, 0"/><instruction code="STO $1, $254, 8"/><instruction code="STO $0, $254, 16"/><instruction code="LDA $0, L0"/><instruction code="PUSHJ $16, $0, 0"/><instruction code="LDO $0, $254, 0"/><instruction code="OR $0, $0, 0"/><instruction code="SETL  $0, 0"/><instruction code="INCML $0, 0"/><instruction code="INCMH $0, 0"/><instruction code="INCH  $0, 0"/><instruction code="OR $0, $0, 0"/><instruction code="OR $0, $0, 0"/><instruction code="LDA $0, L130"/><instruction code="GO $0, $0, 0"/></instructions></code><code entrylabel="L135" exitlabel="L136" tempsize="0"><frame FP="T22" RV="T23" argssize="0" depth="2" label="L1" locssize="96" size="112"/><instructions><instruction code="L135"/><instruction code="SETL  $0, 1"/><instruction code="INCML $0, 0"/><instruction code="INCMH $0, 0"/><instruction code="INCH  $0, 0"/><instruction code="OR $1, $0, 0"/><instruction code="SETL  $0, 96"/><instruction code="INCML $0, 0"/><instruction code="INCMH $0, 0"/><instruction code="INCH  $0, 0"/><instruction code="NEG $0, 0, $0"/><instruction code="ADD $0, $5, $0"/><instruction code="STO $0, $1, 0"/><instruction code="SETL  $0, 1"/><instruction code="INCML $0, 0"/><instruction code="INCMH $0, 0"/><instruction code="INCH  $0, 0"/><instruction code="OR $1, $0, 0"/><instruction code="SETL  $0, 88"/><instruction code="INCML $0, 0"/><instruction code="INCMH $0, 0"/><instruction code="INCH  $0, 0"/><instruction code="NEG $0, 0, $0"/><instruction code="ADD $0, $5, $0"/><instruction code="STO $0, $1, 0"/><instruction code="L50"/><instruction code="OR $1, $5, 0"/><instruction code="SETL  $0, 88"/><instruction code="INCML $0, 0"/><instruction code="INCMH $0, 0"/><instruction code="INCH  $0, 0"/><instruction code="NEG $0, 0, $0"/><instruction code="OR $0, $0, 0"/><instruction code="ADD $0, $1, $0"/><instruction code="OR $0, $0, 0"/><instruction code="OR $1, $0, 0"/><instruction code="SETL  $0, 9"/><instruction code="INCML $0, 0"/><instruction code="INCMH $0, 0"/><instruction code="INCH  $0, 0"/><instruction code="OR $0, $0, 0"/><instruction code="CMP $0, $1, $0"/><instruction code="ZSNP $0, $0, 1"/><instruction code="OR $0, $0, 0"/><instruction code="BNZ $0, L51"/><instruction code="L131"/><instruction code="LDA $0, L52"/><instruction code="GO $0, $0, 0"/><instruction code="L51"/><instruction code="SETL  $0, 0"/><instruction code="INCML $0, 0"/><instruction code="INCMH $0, 0"/><instruction code="INCH  $0, 0"/><instruction code="OR $3, $0, 0"/><instruction code="SETL  $0, 80"/><instruction code="INCML $0, 0"/><instruction code="INCMH $0, 0"/><instruction code="INCH  $0, 0"/><instruction code="NEG $0, 0, $0"/><instruction code="ADD $2, $5, $0"/><instruction code="SETL  $0, 88"/><instruction code="INCML $0, 0"/><instruction code="INCMH $0, 0"/><instruction code="INCH  $0, 0"/><instruction code="NEG $0, 0, $0"/><instruction code="ADD $1, $5, $0"/><instruction code="SETL  $0, 8"/><instruction code="INCML $0, 0"/><instruction code="INCMH $0, 0"/><instruction code="INCH  $0, 0"/><instruction code="MUL $0, $1, $0"/><instruction code="ADD $0, $2, $0"/><instruction code="STO $0, $3, 0"/><instruction code="OR $1, $5, 0"/><instruction code="SETL  $0, 88"/><instruction code="INCML $0, 0"/><instruction code="INCMH $0, 0"/><instruction code="INCH  $0, 0"/><instruction code="NEG $0, 0, $0"/><instruction code="OR $0, $0, 0"/><instruction code="ADD $0, $1, $0"/><instruction code="OR $0, $0, 0"/><instruction code="OR $1, $0, 0"/><instruction code="SETL  $0, 1"/><instruction code="INCML $0, 0"/><instruction code="INCMH $0, 0"/><instruction code="INCH  $0, 0"/><instruction code="OR $0, $0, 0"/><instruction code="ADD $0, $1, $0"/><instruction code="OR $1, $0, 0"/><instruction code="SETL  $0, 88"/><instruction code="INCML $0, 0"/><instruction code="INCMH $0, 0"/><instruction code="INCH  $0, 0"/><instruction code="NEG $0, 0, $0"/><instruction code="ADD $0, $5, $0"/><instruction code="STO $0, $1, 0"/><instruction code="LDA $0, L50"/><instruction code="GO $0, $0, 0"/><instruction code="L52"/><instruction code="SETL  $0, 0"/><instruction code="INCML $0, 0"/><instruction code="INCMH $0, 0"/><instruction code="INCH  $0, 0"/><instruction code="OR $1, $0, 0"/><instruction code="SETL  $0, 88"/><instruction code="INCML $0, 0"/><instruction code="INCMH $0, 0"/><instruction code="INCH  $0, 0"/><instruction code="NEG $0, 0, $0"/><instruction code="ADD $0, $5, $0"/><instruction code="STO $0, $1, 0"/><instruction code="L58"/><instruction code="OR $1, $5, 0"/><instruction code="SETL  $0, 88"/><instruction code="INCML $0, 0"/><instruction code="INCMH $0, 0"/><instruction code="INCH  $0, 0"/><instruction code="NEG $0, 0, $0"/><instruction code="OR $0, $0, 0"/><instruction code="ADD $0, $1, $0"/><instruction code="OR $0, $0, 0"/><instruction code="OR $1, $0, 0"/><instruction code="SETL  $0, 9"/><instruction code="INCML $0, 0"/><instruction code="INCMH $0, 0"/><instruction code="INCH  $0, 0"/><instruction code="OR $0, $0, 0"/><instruction code="CMP $0, $1, $0"/><instruction code="ZSN $0, $0, 1"/><instruction code="OR $0, $0, 0"/><instruction code="BNZ $0, L59"/><instruction code="L132"/><instruction code="LDA $0, L60"/><instruction code="GO $0, $0, 0"/><instruction code="L59"/><instruction code="OR $0, $5, 0"/><instruction code="OR $1, $0, 0"/><instruction code="SETL  $0, 8"/><instruction code="INCML $0, 0"/><instruction code="INCMH $0, 0"/><instruction code="INCH  $0, 0"/><instruction code="OR $0, $0, 0"/><instruction code="ADD $0, $1, $0"/><instruction code="OR $0, $0, 0"/><instruction code="OR $2, $0, 0"/><instruction code="OR $1, $5, 0"/><instruction code="SETL  $0, 8"/><instruction code="INCML $0, 0"/><instruction code="INCMH $0, 0"/><instruction code="INCH  $0, 0"/><instruction code="OR $0, $0, 0"/><instruction code="ADD $0, $1, $0"/><instruction code="OR $0, $0, 0"/><instruction code="OR $1, $0, 0"/><instruction code="SETL  $0, 72"/><instruction code="INCML $0, 0"/><instruction code="INCMH $0, 0"/><instruction code="INCH  $0, 0"/><instruction code="OR $0, $0, 0"/><instruction code="MUL $0, $1, $0"/><instruction code="OR $0, $0, 0"/><instruction code="ADD $0, $2, $0"/><instruction code="OR $2, $0, 0"/><instruction code="OR $1, $5, 0"/><instruction code="SETL  $0, 88"/><instruction code="INCML $0, 0"/><instruction code="INCMH $0, 0"/><instruction code="INCH  $0, 0"/><instruction code="NEG $0, 0, $0"/><instruction code="OR $0, $0, 0"/><instruction code="ADD $0, $1, $0"/><instruction code="OR $0, $0, 0"/><instruction code="OR $1, $0, 0"/><instruction code="SETL  $0, 8"/><instruction code="INCML $0, 0"/><instruction code="INCMH $0, 0"/><instruction code="INCH  $0, 0"/><instruction code="OR $0, $0, 0"/><instruction code="MUL $0, $1, $0"/><instruction code="OR $0, $0, 0"/><instruction code="ADD $0, $2, $0"/><instruction code="OR $0, $0, 0"/><instruction code="OR $1, $0, 0"/><instruction code="SETL  $0, 0"/><instruction code="INCML $0, 0"/><instruction code="INCMH $0, 0"/><instruction code="INCH  $0, 0"/><instruction code="OR $0, $0, 0"/><instruction code="CMP $0, $1, $0"/><instruction code="ZSNZ $0, $0, 1"/><instruction code="OR $0, $0, 0"/><instruction code="BNZ $0, L56"/><instruction code="L133"/><instruction code="LDA $0, L57"/><instruction code="GO $0, $0, 0"/><instruction code="L56"/><instruction code="OR $1, $5, 0"/><instruction code="SETL  $0, 80"/><instruction code="INCML $0, 0"/><instruction code="INCMH $0, 0"/><instruction code="INCH  $0, 0"/><instruction code="NEG $0, 0, $0"/><instruction code="OR $0, $0, 0"/><instruction code="ADD $0, $1, $0"/><instruction code="OR $3, $0, 0"/><instruction code="OR $0, $5, 0"/><instruction code="OR $1, $0, 0"/><instruction code="SETL  $0, 8"/><instruction code="INCML $0, 0"/><instruction code="INCMH $0, 0"/><instruction code="INCH  $0, 0"/><instruction code="OR $0, $0, 0"/><instruction code="ADD $0, $1, $0"/><instruction code="OR $0, $0, 0"/><instruction code="OR $2, $0, 0"/><instruction code="OR $1, $5, 0"/><instruction code="SETL  $0, 8"/><instruction code="INCML $0, 0"/><instruction code="INCMH $0, 0"/><instruction code="INCH  $0, 0"/><instruction code="OR $0, $0, 0"/><instruction code="ADD $0, $1, $0"/><instruction code="OR $0, $0, 0"/><instruction code="OR $1, $0, 0"/><instruction code="SETL  $0, 72"/><instruction code="INCML $0, 0"/><instruction code="INCMH $0, 0"/><instruction code="INCH  $0, 0"/><instruction code="OR $0, $0, 0"/><instruction code="MUL $0, $1, $0"/><instruction code="OR $0, $0, 0"/><instruction code="ADD $0, $2, $0"/><instruction code="OR $2, $0, 0"/><instruction code="OR $1, $5, 0"/><instruction code="SETL  $0, 88"/><instruction code="INCML $0, 0"/><instruction code="INCMH $0, 0"/><instruction code="INCH  $0, 0"/><instruction code="NEG $0, 0, $0"/><instruction code="OR $0, $0, 0"/><instruction code="ADD $0, $1, $0"/><instruction code="OR $0, $0, 0"/><instruction code="OR $1, $0, 0"/><instruction code="SETL  $0, 8"/><instruction code="INCML $0, 0"/><instruction code="INCMH $0, 0"/><instruction code="INCH  $0, 0"/><instruction code="OR $0, $0, 0"/><instruction code="MUL $0, $1, $0"/><instruction code="OR $0, $0, 0"/><instruction code="ADD $0, $2, $0"/><instruction code="OR $0, $0, 0"/><instruction code="OR $1, $0, 0"/><instruction code="SETL  $0, 8"/><instruction code="INCML $0, 0"/><instruction code="INCMH $0, 0"/><instruction code="INCH  $0, 0"/><instruction code="OR $0, $0, 0"/><instruction code="MUL $0, $1, $0"/><instruction code="OR $0, $0, 0"/><instruction code="ADD $0, $3, $0"/><instruction code="OR $0, $0, 0"/><instruction code="OR $0, $0, 0"/><instruction code="BNZ $0, L53"/><instruction code="L134"/><instruction code="LDA $0, L54"/><instruction code="GO $0, $0, 0"/><instruction code="L53"/><instruction code="SETL  $0, 0"/><instruction code="INCML $0, 0"/><instruction code="INCMH $0, 0"/><instruction code="INCH  $0, 0"/><instruction code="OR $1, $0, 0"/><instruction code="SETL  $0, 96"/><instruction code="INCML $0, 0"/><instruction code="INCMH $0, 0"/><instruction code="INCH  $0, 0"/><instruction code="NEG $0, 0, $0"/><instruction code="ADD $0, $5, $0"/><instruction code="STO $0, $1, 0"/><instruction code="LDA $0, L55"/><instruction code="GO $0, $0, 0"/><instruction code="L54"/><instruction code="SETL  $0, 1"/><instruction code="INCML $0, 0"/><instruction code="INCMH $0, 0"/><instruction code="INCH  $0, 0"/><instruction code="OR $4, $0, 0"/><instruction code="SETL  $0, 80"/><instruction code="INCML $0, 0"/><instruction code="INCMH $0, 0"/><instruction code="INCH  $0, 0"/><instruction code="NEG $0, 0, $0"/><instruction code="ADD $3, $5, $0"/><instruction code="SETL  $0, 8"/><instruction code="INCML $0, 0"/><instruction code="INCMH $0, 0"/><instruction code="INCH  $0, 0"/><instruction code="ADD $2, $5, $0"/><instruction code="SETL  $0, 8"/><instruction code="INCML $0, 0"/><instruction code="INCMH $0, 0"/><instruction code="INCH  $0, 0"/><instruction code="ADD $1, $5, $0"/><instruction code="SETL  $0, 72"/><instruction code="INCML $0, 0"/><instruction code="INCMH $0, 0"/><instruction code="INCH  $0, 0"/><instruction code="MUL $0, $1, $0"/><instruction code="ADD $2, $2, $0"/><instruction code="SETL  $0, 88"/><instruction code="INCML $0, 0"/><instruction code="INCMH $0, 0"/><instruction code="INCH  $0, 0"/><instruction code="NEG $0, 0, $0"/><instruction code="ADD $1, $5, $0"/><instruction code="SETL  $0, 8"/><instruction code="INCML $0, 0"/><instruction code="INCMH $0, 0"/><instruction code="INCH  $0, 0"/><instruction code="MUL $0, $1, $0"/><instruction code="ADD $1, $2, $0"/><instruction code="SETL  $0, 8"/><instruction code="INCML $0, 0"/><instruction code="INCMH $0, 0"/><instruction code="INCH  $0, 0"/><instruction code="MUL $0, $1, $0"/><instruction code="ADD $0, $3, $0"/><instruction code="STO $0, $4, 0"/><instruction code="L55"/><instruction code="L57"/><instruction code="OR $1, $5, 0"/><instruction code="SETL  $0, 88"/><instruction code="INCML $0, 0"/><instruction code="INCMH $0, 0"/><instruction code="INCH  $0, 0"/><instruction code="NEG $0, 0, $0"/><instruction code="OR $0, $0, 0"/><instruction code="ADD $0, $1, $0"/><instruction code="OR $0, $0, 0"/><instruction code="OR $1, $0, 0"/><instruction code="SETL  $0, 1"/><instruction code="INCML $0, 0"/><instruction code="INCMH $0, 0"/><instruction code="INCH  $0, 0"/><instruction code="OR $0, $0, 0"/><instruction code="ADD $0, $1, $0"/><instruction code="OR $1, $0, 0"/><instruction code="SETL  $0, 88"/><instruction code="INCML $0, 0"/><instruction code="INCMH $0, 0"/><instruction code="INCH  $0, 0"/><instruction code="NEG $0, 0, $0"/><instruction code="ADD $0, $5, $0"/><instruction code="STO $0, $1, 0"/><instruction code="LDA $0, L58"/><instruction code="GO $0, $0, 0"/><instruction code="L60"/><instruction code="OR $1, $5, 0"/><instruction code="SETL  $0, 96"/><instruction code="INCML $0, 0"/><instruction code="INCMH $0, 0"/><instruction code="INCH  $0, 0"/><instruction code="NEG $0, 0, $0"/><instruction code="OR $0, $0, 0"/><instruction code="ADD $0, $1, $0"/><instruction code="OR $0, $0, 0"/><instruction code="OR $0, $0, 0"/><instruction code="OR $0, $0, 0"/><instruction code="LDA $0, L136"/><instruction code="GO $0, $0, 0"/></instructions></code><code entrylabel="L141" exitlabel="L142" tempsize="0"><frame FP="T24" RV="T25" argssize="0" depth="2" label="L2" locssize="96" size="112"/><instructions><instruction code="L141"/><instruction code="SETL  $0, 1"/><instruction code="INCML $0, 0"/><instruction code="INCMH $0, 0"/><instruction code="INCH  $0, 0"/><instruction code="OR $1, $0, 0"/><instruction code="SETL  $0, 96"/><instruction code="INCML $0, 0"/><instruction code="INCMH $0, 0"/><instruction code="INCH  $0, 0"/><instruction code="NEG $0, 0, $0"/><instruction code="ADD $0, $5, $0"/><instruction code="STO $0, $1, 0"/><instruction code="SETL  $0, 1"/><instruction code="INCML $0, 0"/><instruction code="INCMH $0, 0"/><instruction code="INCH  $0, 0"/><instruction code="OR $1, $0, 0"/><instruction code="SETL  $0, 88"/><instruction code="INCML $0, 0"/><instruction code="INCMH $0, 0"/><instruction code="INCH  $0, 0"/><instruction code="NEG $0, 0, $0"/><instruction code="ADD $0, $5, $0"/><instruction code="STO $0, $1, 0"/><instruction code="L61"/><instruction code="OR $1, $5, 0"/><instruction code="SETL  $0, 88"/><instruction code="INCML $0, 0"/><instruction code="INCMH $0, 0"/><instruction code="INCH  $0, 0"/><instruction code="NEG $0, 0, $0"/><instruction code="OR $0, $0, 0"/><instruction code="ADD $0, $1, $0"/><instruction code="OR $0, $0, 0"/><instruction code="OR $1, $0, 0"/><instruction code="SETL  $0, 9"/><instruction code="INCML $0, 0"/><instruction code="INCMH $0, 0"/><instruction code="INCH  $0, 0"/><instruction code="OR $0, $0, 0"/><instruction code="CMP $0, $1, $0"/><instruction code="ZSNP $0, $0, 1"/><instruction code="OR $0, $0, 0"/><instruction code="BNZ $0, L62"/><instruction code="L137"/><instruction code="LDA $0, L63"/><instruction code="GO $0, $0, 0"/><instruction code="L62"/><instruction code="SETL  $0, 0"/><instruction code="INCML $0, 0"/><instruction code="INCMH $0, 0"/><instruction code="INCH  $0, 0"/><instruction code="OR $3, $0, 0"/><instruction code="SETL  $0, 80"/><instruction code="INCML $0, 0"/><instruction code="INCMH $0, 0"/><instruction code="INCH  $0, 0"/><instruction code="NEG $0, 0, $0"/><instruction code="ADD $2, $5, $0"/><instruction code="SETL  $0, 88"/><instruction code="INCML $0, 0"/><instruction code="INCMH $0, 0"/><instruction code="INCH  $0, 0"/><instruction code="NEG $0, 0, $0"/><instruction code="ADD $1, $5, $0"/><instruction code="SETL  $0, 8"/><instruction code="INCML $0, 0"/><instruction code="INCMH $0, 0"/><instruction code="INCH  $0, 0"/><instruction code="MUL $0, $1, $0"/><instruction code="ADD $0, $2, $0"/><instruction code="STO $0, $3, 0"/><instruction code="OR $1, $5, 0"/><instruction code="SETL  $0, 88"/><instruction code="INCML $0, 0"/><instruction code="INCMH $0, 0"/><instruction code="INCH  $0, 0"/><instruction code="NEG $0, 0, $0"/><instruction code="OR $0, $0, 0"/><instruction code="ADD $0, $1, $0"/><instruction code="OR $0, $0, 0"/><instruction code="OR $1, $0, 0"/><instruction code="SETL  $0, 1"/><instruction code="INCML $0, 0"/><instruction code="INCMH $0, 0"/><instruction code="INCH  $0, 0"/><instruction code="OR $0, $0, 0"/><instruction code="ADD $0, $1, $0"/><instruction code="OR $1, $0, 0"/><instruction code="SETL  $0, 88"/><instruction code="INCML $0, 0"/><instruction code="INCMH $0, 0"/><instruction code="INCH  $0, 0"/><instruction code="NEG $0, 0, $0"/><instruction code="ADD $0, $5, $0"/><instruction code="STO $0, $1, 0"/><instruction code="LDA $0, L61"/><instruction code="GO $0, $0, 0"/><instruction code="L63"/><instruction code="SETL  $0, 0"/><instruction code="INCML $0, 0"/><instruction code="INCMH $0, 0"/><instruction code="INCH  $0, 0"/><instruction code="OR $1, $0, 0"/><instruction code="SETL  $0, 88"/><instruction code="INCML $0, 0"/><instruction code="INCMH $0, 0"/><instruction code="INCH  $0, 0"/><instruction code="NEG $0, 0, $0"/><instruction code="ADD $0, $5, $0"/><instruction code="STO $0, $1, 0"/><instruction code="L69"/><instruction code="OR $1, $5, 0"/><instruction code="SETL  $0, 88"/><instruction code="INCML $0, 0"/><instruction code="INCMH $0, 0"/><instruction code="INCH  $0, 0"/><instruction code="NEG $0, 0, $0"/><instruction code="OR $0, $0, 0"/><instruction code="ADD $0, $1, $0"/><instruction code="OR $0, $0, 0"/><instruction code="OR $1, $0, 0"/><instruction code="SETL  $0, 9"/><instruction code="INCML $0, 0"/><instruction code="INCMH $0, 0"/><instruction code="INCH  $0, 0"/><instruction code="OR $0, $0, 0"/><instruction code="CMP $0, $1, $0"/><instruction code="ZSN $0, $0, 1"/><instruction code="OR $0, $0, 0"/><instruction code="BNZ $0, L70"/><instruction code="L138"/><instruction code="LDA $0, L71"/><instruction code="GO $0, $0, 0"/><instruction code="L70"/><instruction code="OR $0, $5, 0"/><instruction code="OR $1, $0, 0"/><instruction code="SETL  $0, 8"/><instruction code="INCML $0, 0"/><instruction code="INCMH $0, 0"/><instruction code="INCH  $0, 0"/><instruction code="OR $0, $0, 0"/><instruction code="ADD $0, $1, $0"/><instruction code="OR $0, $0, 0"/><instruction code="OR $2, $0, 0"/><instruction code="OR $1, $5, 0"/><instruction code="SETL  $0, 88"/><instruction code="INCML $0, 0"/><instruction code="INCMH $0, 0"/><instruction code="INCH  $0, 0"/><instruction code="NEG $0, 0, $0"/><instruction code="OR $0, $0, 0"/><instruction code="ADD $0, $1, $0"/><instruction code="OR $0, $0, 0"/><instruction code="OR $1, $0, 0"/><instruction code="SETL  $0, 72"/><instruction code="INCML $0, 0"/><instruction code="INCMH $0, 0"/><instruction code="INCH  $0, 0"/><instruction code="OR $0, $0, 0"/><instruction code="MUL $0, $1, $0"/><instruction code="OR $0, $0, 0"/><instruction code="ADD $0, $2, $0"/><instruction code="OR $2, $0, 0"/><instruction code="OR $1, $5, 0"/><instruction code="SETL  $0, 8"/><instruction code="INCML $0, 0"/><instruction code="INCMH $0, 0"/><instruction code="INCH  $0, 0"/><instruction code="OR $0, $0, 0"/><instruction code="ADD $0, $1, $0"/><instruction code="OR $0, $0, 0"/><instruction code="OR $1, $0, 0"/><instruction code="SETL  $0, 8"/><instruction code="INCML $0, 0"/><instruction code="INCMH $0, 0"/><instruction code="INCH  $0, 0"/><instruction code="OR $0, $0, 0"/><instruction code="MUL $0, $1, $0"/><instruction code="OR $0, $0, 0"/><instruction code="ADD $0, $2, $0"/><instruction code="OR $0, $0, 0"/><instruction code="OR $1, $0, 0"/><instruction code="SETL  $0, 0"/><instruction code="INCML $0, 0"/><instruction code="INCMH $0, 0"/><instruction code="INCH  $0, 0"/><instruction code="OR $0, $0, 0"/><instruction code="CMP $0, $1, $0"/><instruction code="ZSNZ $0, $0, 1"/><instruction code="OR $0, $0, 0"/><instruction code="BNZ $0, L67"/><instruction code="L139"/><instruction code="LDA $0, L68"/><instruction code="GO $0, $0, 0"/><instruction code="L67"/><instruction code="OR $1, $5, 0"/><instruction code="SETL  $0, 80"/><instruction code="INCML $0, 0"/><instruction code="INCMH $0, 0"/><instruction code="INCH  $0, 0"/><instruction code="NEG $0, 0, $0"/><instruction code="OR $0, $0, 0"/><instruction code="ADD $0, $1, $0"/><instruction code="OR $3, $0, 0"/><instruction code="OR $0, $5, 0"/><instruction code="OR $1, $0, 0"/><instruction code="SETL  $0, 8"/><instruction code="INCML $0, 0"/><instruction code="INCMH $0, 0"/><instruction code="INCH  $0, 0"/><instruction code="OR $0, $0, 0"/><instruction code="ADD $0, $1, $0"/><instruction code="OR $0, $0, 0"/><instruction code="OR $2, $0, 0"/><instruction code="OR $1, $5, 0"/><instruction code="SETL  $0, 88"/><instruction code="INCML $0, 0"/><instruction code="INCMH $0, 0"/><instruction code="INCH  $0, 0"/><instruction code="NEG $0, 0, $0"/><instruction code="OR $0, $0, 0"/><instruction code="ADD $0, $1, $0"/><instruction code="OR $0, $0, 0"/><instruction code="OR $1, $0, 0"/><instruction code="SETL  $0, 72"/><instruction code="INCML $0, 0"/><instruction code="INCMH $0, 0"/><instruction code="INCH  $0, 0"/><instruction code="OR $0, $0, 0"/><instruction code="MUL $0, $1, $0"/><instruction code="OR $0, $0, 0"/><instruction code="ADD $0, $2, $0"/><instruction code="OR $2, $0, 0"/><instruction code="OR $1, $5, 0"/><instruction code="SETL  $0, 8"/><instruction code="INCML $0, 0"/><instruction code="INCMH $0, 0"/><instruction code="INCH  $0, 0"/><instruction code="OR $0, $0, 0"/><instruction code="ADD $0, $1, $0"/><instruction code="OR $0, $0, 0"/><instruction code="OR $1, $0, 0"/><instruction code="SETL  $0, 8"/><instruction code="INCML $0, 0"/><instruction code="INCMH $0, 0"/><instruction code="INCH  $0, 0"/><instruction code="OR $0, $0, 0"/><instruction code="MUL $0, $1, $0"/><instruction code="OR $0, $0, 0"/><instruction code="ADD $0, $2, $0"/><instruction code="OR $0, $0, 0"/><instruction code="OR $1, $0, 0"/><instruction code="SETL  $0, 8"/><instruction code="INCML $0, 0"/><instruction code="INCMH $0, 0"/><instruction code="INCH  $0, 0"/><instruction code="OR $0, $0, 0"/><instruction code="MUL $0, $1, $0"/><instruction code="OR $0, $0, 0"/><instruction code="ADD $0, $3, $0"/><instruction code="OR $0, $0, 0"/><instruction code="OR $0, $0, 0"/><instruction code="BNZ $0, L64"/><instruction code="L140"/><instruction code="LDA $0, L65"/><instruction code="GO $0, $0, 0"/><instruction code="L64"/><instruction code="SETL  $0, 0"/><instruction code="INCML $0, 0"/><instruction code="INCMH $0, 0"/><instruction code="INCH  $0, 0"/><instruction code="OR $1, $0, 0"/><instruction code="SETL  $0, 96"/><instruction code="INCML $0, 0"/><instruction code="INCMH $0, 0"/><instruction code="INCH  $0, 0"/><instruction code="NEG $0, 0, $0"/><instruction code="ADD $0, $5, $0"/><instruction code="STO $0, $1, 0"/><instruction code="LDA $0, L66"/><instruction code="GO $0, $0, 0"/><instruction code="L65"/><instruction code="SETL  $0, 1"/><instruction code="INCML $0, 0"/><instruction code="INCMH $0, 0"/><instruction code="INCH  $0, 0"/><instruction code="OR $4, $0, 0"/><instruction code="SETL  $0, 80"/><instruction code="INCML $0, 0"/><instruction code="INCMH $0, 0"/><instruction code="INCH  $0, 0"/><instruction code="NEG $0, 0, $0"/><instruction code="ADD $3, $5, $0"/><instruction code="SETL  $0, 8"/><instruction code="INCML $0, 0"/><instruction code="INCMH $0, 0"/><instruction code="INCH  $0, 0"/><instruction code="ADD $2, $5, $0"/><instruction code="SETL  $0, 88"/><instruction code="INCML $0, 0"/><instruction code="INCMH $0, 0"/><instruction code="INCH  $0, 0"/><instruction code="NEG $0, 0, $0"/><instruction code="ADD $1, $5, $0"/><instruction code="SETL  $0, 72"/><instruction code="INCML $0, 0"/><instruction code="INCMH $0, 0"/><instruction code="INCH  $0, 0"/><instruction code="MUL $0, $1, $0"/><instruction code="ADD $2, $2, $0"/><instruction code="SETL  $0, 8"/><instruction code="INCML $0, 0"/><instruction code="INCMH $0, 0"/><instruction code="INCH  $0, 0"/><instruction code="ADD $1, $5, $0"/><instruction code="SETL  $0, 8"/><instruction code="INCML $0, 0"/><instruction code="INCMH $0, 0"/><instruction code="INCH  $0, 0"/><instruction code="MUL $0, $1, $0"/><instruction code="ADD $1, $2, $0"/><instruction code="SETL  $0, 8"/><instruction code="INCML $0, 0"/><instruction code="INCMH $0, 0"/><instruction code="INCH  $0, 0"/><instruction code="MUL $0, $1, $0"/><instruction code="ADD $0, $3, $0"/><instruction code="STO $0, $4, 0"/><instruction code="L66"/><instruction code="L68"/><instruction code="OR $1, $5, 0"/><instruction code="SETL  $0, 88"/><instruction code="INCML $0, 0"/><instruction code="INCMH $0, 0"/><instruction code="INCH  $0, 0"/><instruction code="NEG $0, 0, $0"/><instruction code="OR $0, $0, 0"/><instruction code="ADD $0, $1, $0"/><instruction code="OR $0, $0, 0"/><instruction code="OR $1, $0, 0"/><instruction code="SETL  $0, 1"/><instruction code="INCML $0, 0"/><instruction code="INCMH $0, 0"/><instruction code="INCH  $0, 0"/><instruction code="OR $0, $0, 0"/><instruction code="ADD $0, $1, $0"/><instruction code="OR $1, $0, 0"/><instruction code="SETL  $0, 88"/><instruction code="INCML $0, 0"/><instruction code="INCMH $0, 0"/><instruction code="INCH  $0, 0"/><instruction code="NEG $0, 0, $0"/><instruction code="ADD $0, $5, $0"/><instruction code="STO $0, $1, 0"/><instruction code="LDA $0, L69"/><instruction code="GO $0, $0, 0"/><instruction code="L71"/><instruction code="OR $1, $5, 0"/><instruction code="SETL  $0, 96"/><instruction code="INCML $0, 0"/><instruction code="INCMH $0, 0"/><instruction code="INCH  $0, 0"/><instruction code="NEG $0, 0, $0"/><instruction code="OR $0, $0, 0"/><instruction code="ADD $0, $1, $0"/><instruction code="OR $0, $0, 0"/><instruction code="OR $0, $0, 0"/><instruction code="OR $0, $0, 0"/><instruction code="LDA $0, L142"/><instruction code="GO $0, $0, 0"/></instructions></code><code entrylabel="L148" exitlabel="L149" tempsize="0"><frame FP="T26" RV="T27" argssize="0" depth="2" label="L3" locssize="112" size="128"/><instructions><instruction code="L148"/><instruction code="SETL  $0, 1"/><instruction code="INCML $0, 0"/><instruction code="INCMH $0, 0"/><instruction code="INCH  $0, 0"/><instruction code="OR $1, $0, 0"/><instruction code="SETL  $0, 112"/><instruction code="INCML $0, 0"/><instruction code="INCMH $0, 0"/><instruction code="INCH  $0, 0"/><instruction code="NEG $0, 0, $0"/><instruction code="ADD $0, $5, $0"/><instruction code="STO $0, $1, 0"/><instruction code="SETL  $0, 1"/><instruction code="INCML $0, 0"/><instruction code="INCMH $0, 0"/><instruction code="INCH  $0, 0"/><instruction code="OR $1, $0, 0"/><instruction code="SETL  $0, 104"/><instruction code="INCML $0, 0"/><instruction code="INCMH $0, 0"/><instruction code="INCH  $0, 0"/><instruction code="NEG $0, 0, $0"/><instruction code="ADD $0, $5, $0"/><instruction code="STO $0, $1, 0"/><instruction code="L72"/><instruction code="OR $1, $5, 0"/><instruction code="SETL  $0, 104"/><instruction code="INCML $0, 0"/><instruction code="INCMH $0, 0"/><instruction code="INCH  $0, 0"/><instruction code="NEG $0, 0, $0"/><instruction code="OR $0, $0, 0"/><instruction code="ADD $0, $1, $0"/><instruction code="OR $0, $0, 0"/><instruction code="OR $1, $0, 0"/><instruction code="SETL  $0, 9"/><instruction code="INCML $0, 0"/><instruction code="INCMH $0, 0"/><instruction code="INCH  $0, 0"/><instruction code="OR $0, $0, 0"/><instruction code="CMP $0, $1, $0"/><instruction code="ZSNP $0, $0, 1"/><instruction code="OR $0, $0, 0"/><instruction code="BNZ $0, L73"/><instruction code="L143"/><instruction code="LDA $0, L74"/><instruction code="GO $0, $0, 0"/><instruction code="L73"/><instruction code="SETL  $0, 0"/><instruction code="INCML $0, 0"/><instruction code="INCMH $0, 0"/><instruction code="INCH  $0, 0"/><instruction code="OR $3, $0, 0"/><instruction code="SETL  $0, 80"/><instruction code="INCML $0, 0"/><instruction code="INCMH $0, 0"/><instruction code="INCH  $0, 0"/><instruction code="NEG $0, 0, $0"/><instruction code="ADD $2, $5, $0"/><instruction code="SETL  $0, 104"/><instruction code="INCML $0, 0"/><instruction code="INCMH $0, 0"/><instruction code="INCH  $0, 0"/><instruction code="NEG $0, 0, $0"/><instruction code="ADD $1, $5, $0"/><instruction code="SETL  $0, 8"/><instruction code="INCML $0, 0"/><instruction code="INCMH $0, 0"/><instruction code="INCH  $0, 0"/><instruction code="MUL $0, $1, $0"/><instruction code="ADD $0, $2, $0"/><instruction code="STO $0, $3, 0"/><instruction code="OR $1, $5, 0"/><instruction code="SETL  $0, 104"/><instruction code="INCML $0, 0"/><instruction code="INCMH $0, 0"/><instruction code="INCH  $0, 0"/><instruction code="NEG $0, 0, $0"/><instruction code="OR $0, $0, 0"/><instruction code="ADD $0, $1, $0"/><instruction code="OR $0, $0, 0"/><instruction code="OR $1, $0, 0"/><instruction code="SETL  $0, 1"/><instruction code="INCML $0, 0"/><instruction code="INCMH $0, 0"/><instruction code="INCH  $0, 0"/><instruction code="OR $0, $0, 0"/><instruction code="ADD $0, $1, $0"/><instruction code="OR $1, $0, 0"/><instruction code="SETL  $0, 104"/><instruction code="INCML $0, 0"/><instruction code="INCMH $0, 0"/><instruction code="INCH  $0, 0"/><instruction code="NEG $0, 0, $0"/><instruction code="ADD $0, $5, $0"/><instruction code="STO $0, $1, 0"/><instruction code="LDA $0, L72"/><instruction code="GO $0, $0, 0"/><instruction code="L74"/><instruction code="SETL  $0, 0"/><instruction code="INCML $0, 0"/><instruction code="INCMH $0, 0"/><instruction code="INCH  $0, 0"/><instruction code="OR $1, $0, 0"/><instruction code="SETL  $0, 96"/><instruction code="INCML $0, 0"/><instruction code="INCMH $0, 0"/><instruction code="INCH  $0, 0"/><instruction code="NEG $0, 0, $0"/><instruction code="ADD $0, $5, $0"/><instruction code="STO $0, $1, 0"/><instruction code="L83"/><instruction code="OR $1, $5, 0"/><instruction code="SETL  $0, 96"/><instruction code="INCML $0, 0"/><instruction code="INCMH $0, 0"/><instruction code="INCH  $0, 0"/><instruction code="NEG $0, 0, $0"/><instruction code="OR $0, $0, 0"/><instruction code="ADD $0, $1, $0"/><instruction code="OR $0, $0, 0"/><instruction code="OR $1, $0, 0"/><instruction code="SETL  $0, 3"/><instruction code="INCML $0, 0"/><instruction code="INCMH $0, 0"/><instruction code="INCH  $0, 0"/><instruction code="OR $0, $0, 0"/><instruction code="CMP $0, $1, $0"/><instruction code="ZSN $0, $0, 1"/><instruction code="OR $0, $0, 0"/><instruction code="BNZ $0, L84"/><instruction code="L144"/><instruction code="LDA $0, L85"/><instruction code="GO $0, $0, 0"/><instruction code="L84"/><instruction code="SETL  $0, 0"/><instruction code="INCML $0, 0"/><instruction code="INCMH $0, 0"/><instruction code="INCH  $0, 0"/><instruction code="OR $1, $0, 0"/><instruction code="SETL  $0, 88"/><instruction code="INCML $0, 0"/><instruction code="INCMH $0, 0"/><instruction code="INCH  $0, 0"/><instruction code="NEG $0, 0, $0"/><instruction code="ADD $0, $5, $0"/><instruction code="STO $0, $1, 0"/><instruction code="L80"/><instruction code="OR $1, $5, 0"/><instruction code="SETL  $0, 88"/><instruction code="INCML $0, 0"/><instruction code="INCMH $0, 0"/><instruction code="INCH  $0, 0"/><instruction code="NEG $0, 0, $0"/><instruction code="OR $0, $0, 0"/><instruction code="ADD $0, $1, $0"/><instruction code="OR $0, $0, 0"/><instruction code="OR $1, $0, 0"/><instruction code="SETL  $0, 3"/><instruction code="INCML $0, 0"/><instruction code="INCMH $0, 0"/><instruction code="INCH  $0, 0"/><instruction code="OR $0, $0, 0"/><instruction code="CMP $0, $1, $0"/><instruction code="ZSN $0, $0, 1"/><instruction code="OR $0, $0, 0"/><instruction code="BNZ $0, L81"/><instruction code="L145"/><instruction code="LDA $0, L82"/><instruction code="GO $0, $0, 0"/><instruction code="L81"/><instruction code="OR $0, $5, 0"/><instruction code="OR $1, $0, 0"/><instruction code="SETL  $0, 8"/><instruction code="INCML $0, 0"/><instruction code="INCMH $0, 0"/><instruction code="INCH  $0, 0"/><instruction code="OR $0, $0, 0"/><instruction code="ADD $0, $1, $0"/><instruction code="OR $0, $0, 0"/><instruction code="OR $3, $0, 0"/><instruction code="OR $1, $5, 0"/><instruction code="SETL  $0, 16"/><instruction code="INCML $0, 0"/><instruction code="INCMH $0, 0"/><instruction code="INCH  $0, 0"/><instruction code="OR $0, $0, 0"/><instruction code="ADD $0, $1, $0"/><instruction code="OR $0, $0, 0"/><instruction code="OR $1, $0, 0"/><instruction code="SETL  $0, 3"/><instruction code="INCML $0, 0"/><instruction code="INCMH $0, 0"/><instruction code="INCH  $0, 0"/><instruction code="OR $0, $0, 0"/><instruction code="MUL $0, $1, $0"/><instruction code="OR $2, $0, 0"/><instruction code="OR $1, $5, 0"/><instruction code="SETL  $0, 96"/><instruction code="INCML $0, 0"/><instruction code="INCMH $0, 0"/><instruction code="INCH  $0, 0"/><instruction code="NEG $0, 0, $0"/><instruction code="OR $0, $0, 0"/><instruction code="ADD $0, $1, $0"/><instruction code="OR $0, $0, 0"/><instruction code="OR $0, $0, 0"/><instruction code="ADD $0, $2, $0"/><instruction code="OR $1, $0, 0"/><instruction code="SETL  $0, 72"/><instruction code="INCML $0, 0"/><instruction code="INCMH $0, 0"/><instruction code="INCH  $0, 0"/><instruction code="OR $0, $0, 0"/><instruction code="MUL $0, $1, $0"/><instruction code="OR $0, $0, 0"/><instruction code="ADD $0, $3, $0"/><instruction code="OR $3, $0, 0"/><instruction code="OR $1, $5, 0"/><instruction code="SETL  $0, 8"/><instruction code="INCML $0, 0"/><instruction code="INCMH $0, 0"/><instruction code="INCH  $0, 0"/><instruction code="OR $0, $0, 0"/><instruction code="ADD $0, $1, $0"/><instruction code="OR $0, $0, 0"/><instruction code="OR $1, $0, 0"/><instruction code="SETL  $0, 3"/><instruction code="INCML $0, 0"/><instruction code="INCMH $0, 0"/><instruction code="INCH  $0, 0"/><instruction code="OR $0, $0, 0"/><instruction code="MUL $0, $1, $0"/><instruction code="OR $2, $0, 0"/><instruction code="OR $1, $5, 0"/><instruction code="SETL  $0, 88"/><instruction code="INCML $0, 0"/><instruction code="INCMH $0, 0"/><instruction code="INCH  $0, 0"/><instruction code="NEG $0, 0, $0"/><instruction code="OR $0, $0, 0"/><instruction code="ADD $0, $1, $0"/><instruction code="OR $0, $0, 0"/><instruction code="OR $0, $0, 0"/><instruction code="ADD $0, $2, $0"/><instruction code="OR $1, $0, 0"/><instruction code="SETL  $0, 8"/><instruction code="INCML $0, 0"/><instruction code="INCMH $0, 0"/><instruction code="INCH  $0, 0"/><instruction code="OR $0, $0, 0"/><instruction code="MUL $0, $1, $0"/><instruction code="OR $0, $0, 0"/><instruction code="ADD $0, $3, $0"/><instruction code="OR $0, $0, 0"/><instruction code="OR $1, $0, 0"/><instruction code="SETL  $0, 0"/><instruction code="INCML $0, 0"/><instruction code="INCMH $0, 0"/><instruction code="INCH  $0, 0"/><instruction code="OR $0, $0, 0"/><instruction code="CMP $0, $1, $0"/><instruction code="ZSNZ $0, $0, 1"/><instruction code="OR $0, $0, 0"/><instruction code="BNZ $0, L78"/><instruction code="L146"/><instruction code="LDA $0, L79"/><instruction code="GO $0, $0, 0"/><instruction code="L78"/><instruction code="OR $1, $5, 0"/><instruction code="SETL  $0, 80"/><instruction code="INCML $0, 0"/><instruction code="INCMH $0, 0"/><instruction code="INCH  $0, 0"/><instruction code="NEG $0, 0, $0"/><instruction code="OR $0, $0, 0"/><instruction code="ADD $0, $1, $0"/><instruction code="OR $4, $0, 0"/><instruction code="OR $0, $5, 0"/><instruction code="OR $1, $0, 0"/><instruction code="SETL  $0, 8"/><instruction code="INCML $0, 0"/><instruction code="INCMH $0, 0"/><instruction code="INCH  $0, 0"/><instruction code="OR $0, $0, 0"/><instruction code="ADD $0, $1, $0"/><instruction code="OR $0, $0, 0"/><instruction code="OR $3, $0, 0"/><instruction code="OR $1, $5, 0"/><instruction code="SETL  $0, 16"/><instruction code="INCML $0, 0"/><instruction code="INCMH $0, 0"/><instruction code="INCH  $0, 0"/><instruction code="OR $0, $0, 0"/><instruction code="ADD $0, $1, $0"/><instruction code="OR $0, $0, 0"/><instruction code="OR $1, $0, 0"/><instruction code="SETL  $0, 3"/><instruction code="INCML $0, 0"/><instruction code="INCMH $0, 0"/><instruction code="INCH  $0, 0"/><instruction code="OR $0, $0, 0"/><instruction code="MUL $0, $1, $0"/><instruction code="OR $2, $0, 0"/><instruction code="OR $1, $5, 0"/><instruction code="SETL  $0, 96"/><instruction code="INCML $0, 0"/><instruction code="INCMH $0, 0"/><instruction code="INCH  $0, 0"/><instruction code="NEG $0, 0, $0"/><instruction code="OR $0, $0, 0"/><instruction code="ADD $0, $1, $0"/><instruction code="OR $0, $0, 0"/><instruction code="OR $0, $0, 0"/><instruction code="ADD $0, $2, $0"/><instruction code="OR $1, $0, 0"/><instruction code="SETL  $0, 72"/><instruction code="INCML $0, 0"/><instruction code="INCMH $0, 0"/><instruction code="INCH  $0, 0"/><instruction code="OR $0, $0, 0"/><instruction code="MUL $0, $1, $0"/><instruction code="OR $0, $0, 0"/><instruction code="ADD $0, $3, $0"/><instruction code="OR $3, $0, 0"/><instruction code="OR $1, $5, 0"/><instruction code="SETL  $0, 8"/><instruction code="INCML $0, 0"/><instruction code="INCMH $0, 0"/><instruction code="INCH  $0, 0"/><instruction code="OR $0, $0, 0"/><instruction code="ADD $0, $1, $0"/><instruction code="OR $0, $0, 0"/><instruction code="OR $1, $0, 0"/><instruction code="SETL  $0, 3"/><instruction code="INCML $0, 0"/><instruction code="INCMH $0, 0"/><instruction code="INCH  $0, 0"/><instruction code="OR $0, $0, 0"/><instruction code="MUL $0, $1, $0"/><instruction code="OR $2, $0, 0"/><instruction code="OR $1, $5, 0"/><instruction code="SETL  $0, 88"/><instruction code="INCML $0, 0"/><instruction code="INCMH $0, 0"/><instruction code="INCH  $0, 0"/><instruction code="NEG $0, 0, $0"/><instruction code="OR $0, $0, 0"/><instruction code="ADD $0, $1, $0"/><instruction code="OR $0, $0, 0"/><instruction code="OR $0, $0, 0"/><instruction code="ADD $0, $2, $0"/><instruction code="OR $1, $0, 0"/><instruction code="SETL  $0, 8"/><instruction code="INCML $0, 0"/><instruction code="INCMH $0, 0"/><instruction code="INCH  $0, 0"/><instruction code="OR $0, $0, 0"/><instruction code="MUL $0, $1, $0"/><instruction code="OR $0, $0, 0"/><instruction code="ADD $0, $3, $0"/><instruction code="OR $0, $0, 0"/><instruction code="OR $1, $0, 0"/><instruction code="SETL  $0, 8"/><instruction code="INCML $0, 0"/><instruction code="INCMH $0, 0"/><instruction code="INCH  $0, 0"/><instruction code="OR $0, $0, 0"/><instruction code="MUL $0, $1, $0"/><instruction code="OR $0, $0, 0"/><instruction code="ADD $0, $4, $0"/><instruction code="OR $0, $0, 0"/><instruction code="OR $0, $0, 0"/><instruction code="BNZ $0, L75"/><instruction code="L147"/><instruction code="LDA $0, L76"/><instruction code="GO $0, $0, 0"/><instruction code="L75"/><instruction code="SETL  $0, 0"/><instruction code="INCML $0, 0"/><instruction code="INCMH $0, 0"/><instruction code="INCH  $0, 0"/><instruction code="OR $1, $0, 0"/><instruction code="SETL  $0, 112"/><instruction code="INCML $0, 0"/><instruction code="INCMH $0, 0"/><instruction code="INCH  $0, 0"/><instruction code="NEG $0, 0, $0"/><instruction code="ADD $0, $5, $0"/><instruction code="STO $0, $1, 0"/><instruction code="LDA $0, L77"/><instruction code="GO $0, $0, 0"/><instruction code="L76"/><instruction code="SETL  $0, 1"/><instruction code="INCML $0, 0"/><instruction code="INCMH $0, 0"/><instruction code="INCH  $0, 0"/><instruction code="OR $4, $0, 0"/><instruction code="SETL  $0, 80"/><instruction code="INCML $0, 0"/><instruction code="INCMH $0, 0"/><instruction code="INCH  $0, 0"/><instruction code="NEG $0, 0, $0"/><instruction code="ADD $3, $5, $0"/><instruction code="SETL  $0, 8"/><instruction code="INCML $0, 0"/><instruction code="INCMH $0, 0"/><instruction code="INCH  $0, 0"/><instruction code="ADD $2, $5, $0"/><instruction code="SETL  $0, 16"/><instruction code="INCML $0, 0"/><instruction code="INCMH $0, 0"/><instruction code="INCH  $0, 0"/><instruction code="ADD $1, $5, $0"/><instruction code="SETL  $0, 3"/><instruction code="INCML $0, 0"/><instruction code="INCMH $0, 0"/><instruction code="INCH  $0, 0"/><instruction code="MUL $1, $1, $0"/><instruction code="SETL  $0, 96"/><instruction code="INCML $0, 0"/><instruction code="INCMH $0, 0"/><instruction code="INCH  $0, 0"/><instruction code="NEG $0, 0, $0"/><instruction code="ADD $0, $5, $0"/><instruction code="ADD $1, $1, $0"/><instruction code="SETL  $0, 72"/><instruction code="INCML $0, 0"/><instruction code="INCMH $0, 0"/><instruction code="INCH  $0, 0"/><instruction code="MUL $0, $1, $0"/><instruction code="ADD $2, $2, $0"/><instruction code="SETL  $0, 8"/><instruction code="INCML $0, 0"/><instruction code="INCMH $0, 0"/><instruction code="INCH  $0, 0"/><instruction code="ADD $1, $5, $0"/><instruction code="SETL  $0, 3"/><instruction code="INCML $0, 0"/><instruction code="INCMH $0, 0"/><instruction code="INCH  $0, 0"/><instruction code="MUL $1, $1, $0"/><instruction code="SETL  $0, 88"/><instruction code="INCML $0, 0"/><instruction code="INCMH $0, 0"/><instruction code="INCH  $0, 0"/><instruction code="NEG $0, 0, $0"/><instruction code="ADD $0, $5, $0"/><instruction code="ADD $1, $1, $0"/><instruction code="SETL  $0, 8"/><instruction code="INCML $0, 0"/><instruction code="INCMH $0, 0"/><instruction code="INCH  $0, 0"/><instruction code="MUL $0, $1, $0"/><instruction code="ADD $1, $2, $0"/><instruction code="SETL  $0, 8"/><instruction code="INCML $0, 0"/><instruction code="INCMH $0, 0"/><instruction code="INCH  $0, 0"/><instruction code="MUL $0, $1, $0"/><instruction code="ADD $0, $3, $0"/><instruction code="STO $0, $4, 0"/><instruction code="L77"/><instruction code="L79"/><instruction code="OR $1, $5, 0"/><instruction code="SETL  $0, 88"/><instruction code="INCML $0, 0"/><instruction code="INCMH $0, 0"/><instruction code="INCH  $0, 0"/><instruction code="NEG $0, 0, $0"/><instruction code="OR $0, $0, 0"/><instruction code="ADD $0, $1, $0"/><instruction code="OR $0, $0, 0"/><instruction code="OR $1, $0, 0"/><instruction code="SETL  $0, 1"/><instruction code="INCML $0, 0"/><instruction code="INCMH $0, 0"/><instruction code="INCH  $0, 0"/><instruction code="OR $0, $0, 0"/><instruction code="ADD $0, $1, $0"/><instruction code="OR $1, $0, 0"/><instruction code="SETL  $0, 88"/><instruction code="INCML $0, 0"/><instruction code="INCMH $0, 0"/><instruction code="INCH  $0, 0"/><instruction code="NEG $0, 0, $0"/><instruction code="ADD $0, $5, $0"/><instruction code="STO $0, $1, 0"/><instruction code="LDA $0, L80"/><instruction code="GO $0, $0, 0"/><instruction code="L82"/><instruction code="OR $1, $5, 0"/><instruction code="SETL  $0, 96"/><instruction code="INCML $0, 0"/><instruction code="INCMH $0, 0"/><instruction code="INCH  $0, 0"/><instruction code="NEG $0, 0, $0"/><instruction code="OR $0, $0, 0"/><instruction code="ADD $0, $1, $0"/><instruction code="OR $0, $0, 0"/><instruction code="OR $1, $0, 0"/><instruction code="SETL  $0, 1"/><instruction code="INCML $0, 0"/><instruction code="INCMH $0, 0"/><instruction code="INCH  $0, 0"/><instruction code="OR $0, $0, 0"/><instruction code="ADD $0, $1, $0"/><instruction code="OR $1, $0, 0"/><instruction code="SETL  $0, 96"/><instruction code="INCML $0, 0"/><instruction code="INCMH $0, 0"/><instruction code="INCH  $0, 0"/><instruction code="NEG $0, 0, $0"/><instruction code="ADD $0, $5, $0"/><instruction code="STO $0, $1, 0"/><instruction code="LDA $0, L83"/><instruction code="GO $0, $0, 0"/><instruction code="L85"/><instruction code="OR $1, $5, 0"/><instruction code="SETL  $0, 112"/><instruction code="INCML $0, 0"/><instruction code="INCMH $0, 0"/><instruction code="INCH  $0, 0"/><instruction code="NEG $0, 0, $0"/><instruction code="OR $0, $0, 0"/><instruction code="ADD $0, $1, $0"/><instruction code="OR $0, $0, 0"/><instruction code="OR $0, $0, 0"/><instruction code="OR $0, $0, 0"/><instruction code="LDA $0, L149"/><instruction code="GO $0, $0, 0"/></instructions></code><code entrylabel="L157" exitlabel="L158" tempsize="0"><frame FP="T28" RV="T29" argssize="24" depth="2" label="L4" locssize="32" size="72"/><instructions><instruction code="L157"/><instruction code="OR $1, $5, 0"/><instruction code="SETL  $0, 8"/><instruction code="INCML $0, 0"/><instruction code="INCMH $0, 0"/><instruction code="INCH  $0, 0"/><instruction code="OR $0, $0, 0"/><instruction code="ADD $0, $1, $0"/><instruction code="OR $0, $0, 0"/><instruction code="OR $2, $0, 0"/><instruction code="OR $1, $5, 0"/><instruction code="SETL  $0, 16"/><instruction code="INCML $0, 0"/><instruction code="INCMH $0, 0"/><instruction code="INCH  $0, 0"/><instruction code="OR $0, $0, 0"/><instruction code="ADD $0, $1, $0"/><instruction code="OR $0, $0, 0"/><instruction code="OR $0, $0, 0"/><instruction code="CMP $0, $2, $0"/><instruction code="ZSZ $0, $0, 1"/><instruction code="OR $0, $0, 0"/><instruction code="BNZ $0, L102"/><instruction code="L150"/><instruction code="LDA $0, L103"/><instruction code="GO $0, $0, 0"/><instruction code="L102"/><instruction code="SETL  $0, 1"/><instruction code="INCML $0, 0"/><instruction code="INCMH $0, 0"/><instruction code="INCH  $0, 0"/><instruction code="OR $0, $0, 0"/><instruction code="BNZ $0, L92"/><instruction code="L151"/><instruction code="LDA $0, L93"/><instruction code="GO $0, $0, 0"/><instruction code="L92"/><instruction code="SETL  $0, 0"/><instruction code="INCML $0, 0"/><instruction code="INCMH $0, 0"/><instruction code="INCH  $0, 0"/><instruction code="OR $1, $0, 0"/><instruction code="SETL  $0, 16"/><instruction code="INCML $0, 0"/><instruction code="INCMH $0, 0"/><instruction code="INCH  $0, 0"/><instruction code="NEG $0, 0, $0"/><instruction code="ADD $0, $5, $0"/><instruction code="STO $0, $1, 0"/><instruction code="L89"/><instruction code="OR $1, $5, 0"/><instruction code="SETL  $0, 16"/><instruction code="INCML $0, 0"/><instruction code="INCMH $0, 0"/><instruction code="INCH  $0, 0"/><instruction code="NEG $0, 0, $0"/><instruction code="OR $0, $0, 0"/><instruction code="ADD $0, $1, $0"/><instruction code="OR $0, $0, 0"/><instruction code="OR $1, $0, 0"/><instruction code="SETL  $0, 9"/><instruction code="INCML $0, 0"/><instruction code="INCMH $0, 0"/><instruction code="INCH  $0, 0"/><instruction code="OR $0, $0, 0"/><instruction code="CMP $0, $1, $0"/><instruction code="ZSN $0, $0, 1"/><instruction code="OR $0, $0, 0"/><instruction code="BNZ $0, L90"/><instruction code="L152"/><instruction code="LDA $0, L91"/><instruction code="GO $0, $0, 0"/><instruction code="L90"/><instruction code="SETL  $0, 0"/><instruction code="INCML $0, 0"/><instruction code="INCMH $0, 0"/><instruction code="INCH  $0, 0"/><instruction code="OR $1, $0, 0"/><instruction code="SETL  $0, 24"/><instruction code="INCML $0, 0"/><instruction code="INCMH $0, 0"/><instruction code="INCH  $0, 0"/><instruction code="NEG $0, 0, $0"/><instruction code="ADD $0, $5, $0"/><instruction code="STO $0, $1, 0"/><instruction code="L86"/><instruction code="OR $1, $5, 0"/><instruction code="SETL  $0, 24"/><instruction code="INCML $0, 0"/><instruction code="INCMH $0, 0"/><instruction code="INCH  $0, 0"/><instruction code="NEG $0, 0, $0"/><instruction code="OR $0, $0, 0"/><instruction code="ADD $0, $1, $0"/><instruction code="OR $0, $0, 0"/><instruction code="OR $1, $0, 0"/><instruction code="SETL  $0, 9"/><instruction code="INCML $0, 0"/><instruction code="INCMH $0, 0"/><instruction code="INCH  $0, 0"/><instruction code="OR $0, $0, 0"/><instruction code="CMP $0, $1, $0"/><instruction code="ZSN $0, $0, 1"/><instruction code="OR $0, $0, 0"/><instruction code="BNZ $0, L87"/><instruction code="L153"/><instruction code="LDA $0, L88"/><instruction code="GO $0, $0, 0"/><instruction code="L87"/><instruction code="SETL  $0, 0"/><instruction code="INCML $0, 0"/><instruction code="INCMH $0, 0"/><instruction code="INCH  $0, 0"/><instruction code="OR $3, $0, 0"/><instruction code="OR $0, $5, 0"/><instruction code="OR $1, $0, 0"/><instruction code="SETL  $0, 8"/><instruction code="INCML $0, 0"/><instruction code="INCMH $0, 0"/><instruction code="INCH  $0, 0"/><instruction code="OR $0, $0, 0"/><instruction code="ADD $0, $1, $0"/><instruction code="OR $0, $0, 0"/><instruction code="OR $2, $0, 0"/><instruction code="OR $1, $5, 0"/><instruction code="SETL  $0, 16"/><instruction code="INCML $0, 0"/><instruction code="INCMH $0, 0"/><instruction code="INCH  $0, 0"/><instruction code="NEG $0, 0, $0"/><instruction code="OR $0, $0, 0"/><instruction code="ADD $0, $1, $0"/><instruction code="OR $0, $0, 0"/><instruction code="OR $1, $0, 0"/><instruction code="SETL  $0, 72"/><instruction code="INCML $0, 0"/><instruction code="INCMH $0, 0"/><instruction code="INCH  $0, 0"/><instruction code="OR $0, $0, 0"/><instruction code="MUL $0, $1, $0"/><instruction code="OR $0, $0, 0"/><instruction code="ADD $0, $2, $0"/><instruction code="OR $2, $0, 0"/><instruction code="OR $1, $5, 0"/><instruction code="SETL  $0, 24"/><instruction code="INCML $0, 0"/><instruction code="INCMH $0, 0"/><instruction code="INCH  $0, 0"/><instruction code="NEG $0, 0, $0"/><instruction code="OR $0, $0, 0"/><instruction code="ADD $0, $1, $0"/><instruction code="OR $0, $0, 0"/><instruction code="OR $1, $0, 0"/><instruction code="SETL  $0, 8"/><instruction code="INCML $0, 0"/><instruction code="INCMH $0, 0"/><instruction code="INCH  $0, 0"/><instruction code="OR $0, $0, 0"/><instruction code="MUL $0, $1, $0"/><instruction code="OR $0, $0, 0"/><instruction code="ADD $0, $2, $0"/><instruction code="OR $0, $0, 0"/><instruction code="OR $0, $0, 0"/><instruction code="STO $3, $254, 8"/><instruction code="STO $0, $254, 16"/><instruction code="LDA $0, _putInt"/><instruction code="PUSHJ $16, $0, 0"/><instruction code="LDO $0, $254, 0"/><instruction code="OR $0, $0, 0"/><instruction code="SETL  $0, 0"/><instruction code="INCML $0, 0"/><instruction code="INCMH $0, 0"/><instruction code="INCH  $0, 0"/><instruction code="OR $1, $0, 0"/><instruction code="SETL  $0, 32"/><instruction code="INCML $0, 0"/><instruction code="INCMH $0, 0"/><instruction code="INCH  $0, 0"/><instruction code="OR $0, $0, 0"/><instruction code="STO $1, $254, 8"/><instruction code="STO $0, $254, 16"/><instruction code="LDA $0, _putChar"/><instruction code="PUSHJ $16, $0, 0"/><instruction code="LDO $0, $254, 0"/><instruction code="OR $0, $0, 0"/><instruction code="OR $1, $5, 0"/><instruction code="SETL  $0, 24"/><instruction code="INCML $0, 0"/><instruction code="INCMH $0, 0"/><instruction code="INCH  $0, 0"/><instruction code="NEG $0, 0, $0"/><instruction code="OR $0, $0, 0"/><instruction code="ADD $0, $1, $0"/><instruction code="OR $0, $0, 0"/><instruction code="OR $1, $0, 0"/><instruction code="SETL  $0, 1"/><instruction code="INCML $0, 0"/><instruction code="INCMH $0, 0"/><instruction code="INCH  $0, 0"/><instruction code="OR $0, $0, 0"/><instruction code="ADD $0, $1, $0"/><instruction code="OR $1, $0, 0"/><instruction code="SETL  $0, 24"/><instruction code="INCML $0, 0"/><instruction code="INCMH $0, 0"/><instruction code="INCH  $0, 0"/><instruction code="NEG $0, 0, $0"/><instruction code="ADD $0, $5, $0"/><instruction code="STO $0, $1, 0"/><instruction code="LDA $0, L86"/><instruction code="GO $0, $0, 0"/><instruction code="L88"/><instruction code="SETL  $0, 0"/><instruction code="INCML $0, 0"/><instruction code="INCMH $0, 0"/><instruction code="INCH  $0, 0"/><instruction code="OR $2, $0, 0"/><instruction code="SETL  $0, 10"/><instruction code="INCML $0, 0"/><instruction code="INCMH $0, 0"/><instruction code="INCH  $0, 0"/><instruction code="OR $1, $0, 0"/><instruction code="SETL  $0, 256"/><instruction code="INCML $0, 0"/><instruction code="INCMH $0, 0"/><instruction code="INCH  $0, 0"/><instruction code="OR $0, $0, 0"/><instruction code="DIV $0, $1, $0"/><instruction code="OR $0, rR, 0"/><instruction code="OR $0, $0, 0"/><instruction code="STO $2, $254, 8"/><instruction code="STO $0, $254, 16"/><instruction code="LDA $0, _putChar"/><instruction code="PUSHJ $16, $0, 0"/><instruction code="LDO $0, $254, 0"/><instruction code="OR $0, $0, 0"/><instruction code="OR $1, $5, 0"/><instruction code="SETL  $0, 16"/><instruction code="INCML $0, 0"/><instruction code="INCMH $0, 0"/><instruction code="INCH  $0, 0"/><instruction code="NEG $0, 0, $0"/><instruction code="OR $0, $0, 0"/><instruction code="ADD $0, $1, $0"/><instruction code="OR $0, $0, 0"/><instruction code="OR $1, $0, 0"/><instruction code="SETL  $0, 1"/><instruction code="INCML $0, 0"/><instruction code="INCMH $0, 0"/><instruction code="INCH  $0, 0"/><instruction code="OR $0, $0, 0"/><instruction code="ADD $0, $1, $0"/><instruction code="OR $1, $0, 0"/><instruction code="SETL  $0, 16"/><instruction code="INCML $0, 0"/><instruction code="INCMH $0, 0"/><instruction code="INCH  $0, 0"/><instruction code="NEG $0, 0, $0"/><instruction code="ADD $0, $5, $0"/><instruction code="STO $0, $1, 0"/><instruction code="LDA $0, L89"/><instruction code="GO $0, $0, 0"/><instruction code="L91"/><instruction code="SETL  $0, 0"/><instruction code="INCML $0, 0"/><instruction code="INCMH $0, 0"/><instruction code="INCH  $0, 0"/><instruction code="OR $2, $0, 0"/><instruction code="SETL  $0, 10"/><instruction code="INCML $0, 0"/><instruction code="INCMH $0, 0"/><instruction code="INCH  $0, 0"/><instruction code="OR $1, $0, 0"/><instruction code="SETL  $0, 256"/><instruction code="INCML $0, 0"/><instruction code="INCMH $0, 0"/><instruction code="INCH  $0, 0"/><instruction code="OR $0, $0, 0"/><instruction code="DIV $0, $1, $0"/><instruction code="OR $0, rR, 0"/><instruction code="OR $0, $0, 0"/><instruction code="STO $2, $254, 8"/><instruction code="STO $0, $254, 16"/><instruction code="LDA $0, _putChar"/><instruction code="PUSHJ $16, $0, 0"/><instruction code="LDO $0, $254, 0"/><instruction code="OR $0, $0, 0"/><instruction code="L93"/><instruction code="SETL  $0, 0"/><instruction code="INCML $0, 0"/><instruction code="INCMH $0, 0"/><instruction code="INCH  $0, 0"/><instruction code="OR $0, $0, 0"/><instruction code="OR $0, $0, 0"/><instruction code="SETL  $0, 1"/><instruction code="INCML $0, 0"/><instruction code="INCMH $0, 0"/><instruction code="INCH  $0, 0"/><instruction code="OR $1, $0, 0"/><instruction code="SETL  $0, 8"/><instruction code="INCML $0, 0"/><instruction code="INCMH $0, 0"/><instruction code="INCH  $0, 0"/><instruction code="NEG $0, 0, $0"/><instruction code="ADD $0, $5, $0"/><instruction code="STO $0, $1, 0"/><instruction code="LDA $0, L104"/><instruction code="GO $0, $0, 0"/><instruction code="L103"/><instruction code="OR $0, $5, 0"/><instruction code="OR $1, $0, 0"/><instruction code="SETL  $0, 8"/><instruction code="INCML $0, 0"/><instruction code="INCMH $0, 0"/><instruction code="INCH  $0, 0"/><instruction code="NEG $0, 0, $0"/><instruction code="OR $0, $0, 0"/><instruction code="ADD $0, $1, $0"/><instruction code="OR $0, $0, 0"/><instruction code="OR $2, $0, 0"/><instruction code="OR $1, $5, 0"/><instruction code="SETL  $0, 8"/><instruction code="INCML $0, 0"/><instruction code="INCMH $0, 0"/><instruction code="INCH  $0, 0"/><instruction code="OR $0, $0, 0"/><instruction code="ADD $0, $1, $0"/><instruction code="OR $0, $0, 0"/><instruction code="OR $1, $0, 0"/><instruction code="SETL  $0, 8"/><instruction code="INCML $0, 0"/><instruction code="INCMH $0, 0"/><instruction code="INCH  $0, 0"/><instruction code="OR $0, $0, 0"/><instruction code="MUL $0, $1, $0"/><instruction code="OR $0, $0, 0"/><instruction code="ADD $0, $2, $0"/><instruction code="OR $0, $0, 0"/><instruction code="OR $1, $0, 0"/><instruction code="SETL  $0, 0"/><instruction code="INCML $0, 0"/><instruction code="INCMH $0, 0"/><instruction code="INCH  $0, 0"/><instruction code="OR $0, $0, 0"/><instruction code="CMP $0, $1, $0"/><instruction code="ZSNZ $0, $0, 1"/><instruction code="OR $0, $0, 0"/><instruction code="BNZ $0, L99"/><instruction code="L154"/><instruction code="LDA $0, L100"/><instruction code="GO $0, $0, 0"/><instruction code="L99"/><instruction code="OR $3, $5, 0"/><instruction code="OR $1, $5, 0"/><instruction code="SETL  $0, 8"/><instruction code="INCML $0, 0"/><instruction code="INCMH $0, 0"/><instruction code="INCH  $0, 0"/><instruction code="OR $0, $0, 0"/><instruction code="ADD $0, $1, $0"/><instruction code="OR $0, $0, 0"/><instruction code="OR $1, $0, 0"/><instruction code="SETL  $0, 1"/><instruction code="INCML $0, 0"/><instruction code="INCMH $0, 0"/><instruction code="INCH  $0, 0"/><instruction code="OR $0, $0, 0"/><instruction code="ADD $0, $1, $0"/><instruction code="OR $2, $0, 0"/><instruction code="OR $1, $5, 0"/><instruction code="SETL  $0, 16"/><instruction code="INCML $0, 0"/><instruction code="INCMH $0, 0"/><instruction code="INCH  $0, 0"/><instruction code="OR $0, $0, 0"/><instruction code="ADD $0, $1, $0"/><instruction code="OR $0, $0, 0"/><instruction code="OR $0, $0, 0"/><instruction code="STO $3, $254, 8"/><instruction code="STO $2, $254, 16"/><instruction code="STO $0, $254, 24"/><instruction code="LDA $0, L4"/><instruction code="PUSHJ $16, $0, 0"/><instruction code="LDO $0, $254, 0"/><instruction code="OR $1, $0, 0"/><instruction code="SETL  $0, 8"/><instruction code="INCML $0, 0"/><instruction code="INCMH $0, 0"/><instruction code="INCH  $0, 0"/><instruction code="NEG $0, 0, $0"/><instruction code="ADD $0, $5, $0"/><instruction code="STO $0, $1, 0"/><instruction code="LDA $0, L101"/><instruction code="GO $0, $0, 0"/><instruction code="L100"/><instruction code="SETL  $0, 0"/><instruction code="INCML $0, 0"/><instruction code="INCMH $0, 0"/><instruction code="INCH  $0, 0"/><instruction code="OR $1, $0, 0"/><instruction code="SETL  $0, 8"/><instruction code="INCML $0, 0"/><instruction code="INCMH $0, 0"/><instruction code="INCH  $0, 0"/><instruction code="NEG $0, 0, $0"/><instruction code="ADD $0, $5, $0"/><instruction code="STO $0, $1, 0"/><instruction code="SETL  $0, 1"/><instruction code="INCML $0, 0"/><instruction code="INCMH $0, 0"/><instruction code="INCH  $0, 0"/><instruction code="OR $1, $0, 0"/><instruction code="SETL  $0, 32"/><instruction code="INCML $0, 0"/><instruction code="INCMH $0, 0"/><instruction code="INCH  $0, 0"/><instruction code="NEG $0, 0, $0"/><instruction code="ADD $0, $5, $0"/><instruction code="STO $0, $1, 0"/><instruction code="L96"/><instruction code="OR $1, $5, 0"/><instruction code="SETL  $0, 32"/><instruction code="INCML $0, 0"/><instruction code="INCMH $0, 0"/><instruction code="INCH  $0, 0"/><instruction code="NEG $0, 0, $0"/><instruction code="OR $0, $0, 0"/><instruction code="ADD $0, $1, $0"/><instruction code="OR $0, $0, 0"/><instruction code="OR $1, $0, 0"/><instruction code="SETL  $0, 9"/><instruction code="INCML $0, 0"/><instruction code="INCMH $0, 0"/><instruction code="INCH  $0, 0"/><instruction code="OR $0, $0, 0"/><instruction code="CMP $0, $1, $0"/><instruction code="ZSNP $0, $0, 1"/><instruction code="OR $0, $0, 0"/><instruction code="BNZ $0, L97"/><instruction code="L155"/><instruction code="LDA $0, L98"/><instruction code="GO $0, $0, 0"/><instruction code="L97"/><instruction code="OR $1, $5, 0"/><instruction code="SETL  $0, 32"/><instruction code="INCML $0, 0"/><instruction code="INCMH $0, 0"/><instruction code="INCH  $0, 0"/><instruction code="NEG $0, 0, $0"/><instruction code="OR $0, $0, 0"/><instruction code="ADD $0, $1, $0"/><instruction code="OR $0, $0, 0"/><instruction code="OR $3, $0, 0"/><instruction code="SETL  $0, 8"/><instruction code="INCML $0, 0"/><instruction code="INCMH $0, 0"/><instruction code="INCH  $0, 0"/><instruction code="NEG $0, 0, $0"/><instruction code="ADD $2, $5, $0"/><instruction code="SETL  $0, 8"/><instruction code="INCML $0, 0"/><instruction code="INCMH $0, 0"/><instruction code="INCH  $0, 0"/><instruction code="ADD $1, $5, $0"/><instruction code="SETL  $0, 8"/><instruction code="INCML $0, 0"/><instruction code="INCMH $0, 0"/><instruction code="INCH  $0, 0"/><instruction code="MUL $0, $1, $0"/><instruction code="ADD $0, $2, $0"/><instruction code="STO $0, $3, 0"/><instruction code="OR $2, $5, 0"/><instruction code="OR $1, $5, 0"/><instruction code="SETL  $0, 8"/><instruction code="INCML $0, 0"/><instruction code="INCMH $0, 0"/><instruction code="INCH  $0, 0"/><instruction code="OR $0, $0, 0"/><instruction code="ADD $0, $1, $0"/><instruction code="OR $0, $0, 0"/><instruction code="OR $1, $0, 0"/><instruction code="SETL  $0, 9"/><instruction code="INCML $0, 0"/><instruction code="INCMH $0, 0"/><instruction code="INCH  $0, 0"/><instruction code="OR $0, $0, 0"/><instruction code="DIV $0, $1, $0"/><instruction code="OR $0, $0, 0"/><instruction code="STO $2, $254, 8"/><instruction code="STO $0, $254, 16"/><instruction code="LDA $0, L1"/><instruction code="PUSHJ $16, $0, 0"/><instruction code="LDO $0, $254, 0"/><instruction code="OR $3, $0, 0"/><instruction code="OR $2, $5, 0"/><instruction code="OR $1, $5, 0"/><instruction code="SETL  $0, 8"/><instruction code="INCML $0, 0"/><instruction code="INCMH $0, 0"/><instruction code="INCH  $0, 0"/><instruction code="OR $0, $0, 0"/><instruction code="ADD $0, $1, $0"/><instruction code="OR $0, $0, 0"/><instruction code="OR $1, $0, 0"/><instruction code="SETL  $0, 9"/><instruction code="INCML $0, 0"/><instruction code="INCMH $0, 0"/><instruction code="INCH  $0, 0"/><instruction code="OR $0, $0, 0"/><instruction code="DIV $0, $1, $0"/><instruction code="OR $0, rR, 0"/><instruction code="OR $0, $0, 0"/><instruction code="STO $2, $254, 8"/><instruction code="STO $0, $254, 16"/><instruction code="LDA $0, L2"/><instruction code="PUSHJ $16, $0, 0"/><instruction code="LDO $0, $254, 0"/><instruction code="OR $0, $0, 0"/><instruction code="AND $0, $3, $0"/><instruction code="OR $4, $0, 0"/><instruction code="OR $3, $5, 0"/><instruction code="OR $1, $5, 0"/><instruction code="SETL  $0, 8"/><instruction code="INCML $0, 0"/><instruction code="INCMH $0, 0"/><instruction code="INCH  $0, 0"/><instruction code="OR $0, $0, 0"/><instruction code="ADD $0, $1, $0"/><instruction code="OR $0, $0, 0"/><instruction code="OR $1, $0, 0"/><instruction code="SETL  $0, 9"/><instruction code="INCML $0, 0"/><instruction code="INCMH $0, 0"/><instruction code="INCH  $0, 0"/><instruction code="OR $0, $0, 0"/><instruction code="DIV $0, $1, $0"/><instruction code="OR $1, $0, 0"/><instruction code="SETL  $0, 3"/><instruction code="INCML $0, 0"/><instruction code="INCMH $0, 0"/><instruction code="INCH  $0, 0"/><instruction code="OR $0, $0, 0"/><instruction code="DIV $0, $1, $0"/><instruction code="OR $2, $0, 0"/><instruction code="OR $1, $5, 0"/><instruction code="SETL  $0, 8"/><instruction code="INCML $0, 0"/><instruction code="INCMH $0, 0"/><instruction code="INCH  $0, 0"/><instruction code="OR $0, $0, 0"/><instruction code="ADD $0, $1, $0"/><instruction code="OR $0, $0, 0"/><instruction code="OR $1, $0, 0"/><instruction code="SETL  $0, 9"/><instruction code="INCML $0, 0"/><instruction code="INCMH $0, 0"/><instruction code="INCH  $0, 0"/><instruction code="OR $0, $0, 0"/><instruction code="DIV $0, $1, $0"/><instruction code="OR $0, rR, 0"/><instruction code="OR $1, $0, 0"/><instruction code="SETL  $0, 3"/><instruction code="INCML $0, 0"/><instruction code="INCMH $0, 0"/><instruction code="INCH  $0, 0"/><instruction code="OR $0, $0, 0"/><instruction code="DIV $0, $1, $0"/><instruction code="OR $0, $0, 0"/><instruction code="STO $3, $254, 8"/><instruction code="STO $2, $254, 16"/><instruction code="STO $0, $254, 24"/><instruction code="LDA $0, L3"/><instruction code="PUSHJ $16, $0, 0"/><instruction code="LDO $0, $254, 0"/><instruction code="OR $0, $0, 0"/><instruction code="AND $0, $4, $0"/><instruction code="OR $0, $0, 0"/><instruction code="BNZ $0, L94"/><instruction code="L156"/><instruction code="LDA $0, L95"/><instruction code="GO $0, $0, 0"/><instruction code="L94"/><instruction code="OR $1, $5, 0"/><instruction code="SETL  $0, 8"/><instruction code="INCML $0, 0"/><instruction code="INCMH $0, 0"/><instruction code="INCH  $0, 0"/><instruction code="NEG $0, 0, $0"/><instruction code="OR $0, $0, 0"/><instruction code="ADD $0, $1, $0"/><instruction code="OR $0, $0, 0"/><instruction code="OR $4, $0, 0"/><instruction code="OR $3, $5, 0"/><instruction code="OR $1, $5, 0"/><instruction code="SETL  $0, 8"/><instruction code="INCML $0, 0"/><instruction code="INCMH $0, 0"/><instruction code="INCH  $0, 0"/><instruction code="OR $0, $0, 0"/><instruction code="ADD $0, $1, $0"/><instruction code="OR $0, $0, 0"/><instruction code="OR $1, $0, 0"/><instruction code="SETL  $0, 1"/><instruction code="INCML $0, 0"/><instruction code="INCMH $0, 0"/><instruction code="INCH  $0, 0"/><instruction code="OR $0, $0, 0"/><instruction code="ADD $0, $1, $0"/><instruction code="OR $2, $0, 0"/><instruction code="OR $1, $5, 0"/><instruction code="SETL  $0, 16"/><instruction code="INCML $0, 0"/><instruction code="INCMH $0, 0"/><instruction code="INCH  $0, 0"/><instruction code="OR $0, $0, 0"/><instruction code="ADD $0, $1, $0"/><instruction code="OR $0, $0, 0"/><instruction code="OR $0, $0, 0"/><instruction code="STO $3, $254, 8"/><instruction code="STO $2, $254, 16"/><instruction code="STO $0, $254, 24"/><instruction code="LDA $0, L4"/><instruction code="PUSHJ $16, $0, 0"/><instruction code="LDO $0, $254, 0"/><instruction code="OR $0, $0, 0"/><instruction code="ADD $0, $4, $0"/><instruction code="OR $1, $0, 0"/><instruction code="SETL  $0, 8"/><instruction code="INCML $0, 0"/><instruction code="INCMH $0, 0"/><instruction code="INCH  $0, 0"/><instruction code="NEG $0, 0, $0"/><instruction code="ADD $0, $5, $0"/><instruction code="STO $0, $1, 0"/><instruction code="L95"/><instruction code="SETL  $0, 0"/><instruction code="INCML $0, 0"/><instruction code="INCMH $0, 0"/><instruction code="INCH  $0, 0"/><instruction code="OR $3, $0, 0"/><instruction code="SETL  $0, 8"/><instruction code="INCML $0, 0"/><instruction code="INCMH $0, 0"/><instruction code="INCH  $0, 0"/><instruction code="NEG $0, 0, $0"/><instruction code="ADD $2, $5, $0"/><instruction code="SETL  $0, 8"/><instruction code="INCML $0, 0"/><instruction code="INCMH $0, 0"/><instruction code="INCH  $0, 0"/><instruction code="ADD $1, $5, $0"/><instruction code="SETL  $0, 8"/><instruction code="INCML $0, 0"/><instruction code="INCMH $0, 0"/><instruction code="INCH  $0, 0"/><instruction code="MUL $0, $1, $0"/><instruction code="ADD $0, $2, $0"/><instruction code="STO $0, $3, 0"/><instruction code="OR $1, $5, 0"/><instruction code="SETL  $0, 32"/><instruction code="INCML $0, 0"/><instruction code="INCMH $0, 0"/><instruction code="INCH  $0, 0"/><instruction code="NEG $0, 0, $0"/><instruction code="OR $0, $0, 0"/><instruction code="ADD $0, $1, $0"/><instruction code="OR $0, $0, 0"/><instruction code="OR $1, $0, 0"/><instruction code="SETL  $0, 1"/><instruction code="INCML $0, 0"/><instruction code="INCMH $0, 0"/><instruction code="INCH  $0, 0"/><instruction code="OR $0, $0, 0"/><instruction code="ADD $0, $1, $0"/><instruction code="OR $1, $0, 0"/><instruction code="SETL  $0, 32"/><instruction code="INCML $0, 0"/><instruction code="INCMH $0, 0"/><instruction code="INCH  $0, 0"/><instruction code="NEG $0, 0, $0"/><instruction code="ADD $0, $5, $0"/><instruction code="STO $0, $1, 0"/><instruction code="LDA $0, L96"/><instruction code="GO $0, $0, 0"/><instruction code="L98"/><instruction code="SETL  $0, 0"/><instruction code="INCML $0, 0"/><instruction code="INCMH $0, 0"/><instruction code="INCH  $0, 0"/><instruction code="OR $0, $0, 0"/><instruction code="OR $0, $0, 0"/><instruction code="L101"/><instruction code="L104"/><instruction code="OR $1, $5, 0"/><instruction code="SETL  $0, 8"/><instruction code="INCML $0, 0"/><instruction code="INCMH $0, 0"/><instruction code="INCH  $0, 0"/><instruction code="NEG $0, 0, $0"/><instruction code="OR $0, $0, 0"/><instruction code="ADD $0, $1, $0"/><instruction code="OR $0, $0, 0"/><instruction code="OR $0, $0, 0"/><instruction code="OR $0, $0, 0"/><instruction code="LDA $0, L158"/><instruction code="GO $0, $0, 0"/></instructions></code><code entrylabel="L159" exitlabel="L160" tempsize="0"><frame FP="T20" RV="T21" argssize="24" depth="1" label="_sudoku" locssize="8" size="48"/><instructions><instruction code="L159"/><instruction code="OR $1, $2, 0"/><instruction code="SETL  $0, 8"/><instruction code="INCML $0, 0"/><instruction code="INCMH $0, 0"/><instruction code="INCH  $0, 0"/><instruction code="OR $0, $0, 0"/><instruction code="ADD $0, $1, $0"/><instruction code="OR $0, $0, 0"/><instruction code="OR $1, $0, 0"/><instruction code="SETL  $0, 8"/><instruction code="INCML $0, 0"/><instruction code="INCMH $0, 0"/><instruction code="INCH  $0, 0"/><instruction code="NEG $0, 0, $0"/><instruction code="ADD $0, $2, $0"/><instruction code="STO $0, $1, 0"/><instruction code="OR $2, $2, 0"/><instruction code="SETL  $0, 0"/><instruction code="INCML $0, 0"/><instruction code="INCMH $0, 0"/><instruction code="INCH  $0, 0"/><instruction code="OR $1, $0, 0"/><instruction code="SETL  $0, 81"/><instruction code="INCML $0, 0"/><instruction code="INCMH $0, 0"/><instruction code="INCH  $0, 0"/><instruction code="OR $0, $0, 0"/><instruction code="STO $2, $254, 8"/><instruction code="STO $1, $254, 16"/><instruction code="STO $0, $254, 24"/><instruction code="LDA $0, L4"/><instruction code="PUSHJ $16, $0, 0"/><instruction code="LDO $0, $254, 0"/><instruction code="OR $0, $0, 0"/><instruction code="OR $0, $0, 0"/><instruction code="LDA $0, L160"/><instruction code="GO $0, $0, 0"/></instructions></code></ralloc>