<?xml version="1.0" encoding="UTF-8" standalone="no"?><?xml-stylesheet type="text/xsl" href="../../data/ralloc.xsl"?><ralloc><code entrylabel="L19" exitlabel="L20" tempsize="0"><frame FP="T2" RV="T3" argssize="16" depth="1" label="_putInt" locssize="0" size="32"/><instructions><instruction code="L19"/><instruction code="OR $1,$253,0"/><instruction code="SETL $0,8"/><instruction code="INCML $0,0"/><instruction code="INCMH $0,0"/><instruction code="INCH $0,0"/><instruction code="OR $0,$0,0"/><instruction code="ADD $0,$1,$0"/><instruction code="OR $0,$0,0"/><instruction code="LDO $0,$0,0"/><instruction code="OR $1,$0,0"/><instruction code="SETL $0,0"/><instruction code="INCML $0,0"/><instruction code="INCMH $0,0"/><instruction code="INCH $0,0"/><instruction code="OR $0,$0,0"/><instruction code="CMP $0,$1,$0"/><instruction code="ZSZ $0,$0,1"/><instruction code="OR $0,$0,0"/><instruction code="BNZ $0,L7"/><instruction code="L16"/><instruction code="JMP L8"/><instruction code="L7"/><instruction code="SETL $0,0"/><instruction code="INCML $0,0"/><instruction code="INCMH $0,0"/><instruction code="INCH $0,0"/><instruction code="OR $1,$0,0"/><instruction code="SETL $0,48"/><instruction code="INCML $0,0"/><instruction code="INCMH $0,0"/><instruction code="INCH $0,0"/><instruction code="OR $0,$0,0"/><instruction code="STO $1,$254,0"/><instruction code="STO $0,$254,8"/><instruction code="PUSHJ $8,_putChar"/><instruction code="LDO $0,$254,0"/><instruction code="OR $0,$0,0"/><instruction code="JMP L9"/><instruction code="L8"/><instruction code="OR $1,$253,0"/><instruction code="SETL $0,8"/><instruction code="INCML $0,0"/><instruction code="INCMH $0,0"/><instruction code="INCH $0,0"/><instruction code="OR $0,$0,0"/><instruction code="ADD $0,$1,$0"/><instruction code="OR $0,$0,0"/><instruction code="LDO $0,$0,0"/><instruction code="OR $1,$0,0"/><instruction code="SETL $0,0"/><instruction code="INCML $0,0"/><instruction code="INCMH $0,0"/><instruction code="INCH $0,0"/><instruction code="OR $0,$0,0"/><instruction code="CMP $0,$1,$0"/><instruction code="ZSN $0,$0,1"/><instruction code="OR $0,$0,0"/><instruction code="BNZ $0,L4"/><instruction code="L17"/><instruction code="JMP L5"/><instruction code="L4"/><instruction code="SETL $0,0"/><instruction code="INCML $0,0"/><instruction code="INCMH $0,0"/><instruction code="INCH $0,0"/><instruction code="OR $1,$0,0"/><instruction code="SETL $0,45"/><instruction code="INCML $0,0"/><instruction code="INCMH $0,0"/><instruction code="INCH $0,0"/><instruction code="OR $0,$0,0"/><instruction code="STO $1,$254,0"/><instruction code="STO $0,$254,8"/><instruction code="PUSHJ $8,_putChar"/><instruction code="LDO $0,$254,0"/><instruction code="OR $0,$0,0"/><instruction code="SETL $0,0"/><instruction code="INCML $0,0"/><instruction code="INCMH $0,0"/><instruction code="INCH $0,0"/><instruction code="OR $2,$0,0"/><instruction code="OR $1,$253,0"/><instruction code="SETL $0,8"/><instruction code="INCML $0,0"/><instruction code="INCMH $0,0"/><instruction code="INCH $0,0"/><instruction code="OR $0,$0,0"/><instruction code="ADD $0,$1,$0"/><instruction code="OR $0,$0,0"/><instruction code="LDO $0,$0,0"/><instruction code="OR $0,$0,0"/><instruction code="NEG $0,0,$0"/><instruction code="OR $0,$0,0"/><instruction code="STO $2,$254,0"/><instruction code="STO $0,$254,8"/><instruction code="PUSHJ $8,_putInt"/><instruction code="LDO $0,$254,0"/><instruction code="OR $0,$0,0"/><instruction code="JMP L6"/><instruction code="L5"/><instruction code="OR $1,$253,0"/><instruction code="SETL $0,8"/><instruction code="INCML $0,0"/><instruction code="INCMH $0,0"/><instruction code="INCH $0,0"/><instruction code="OR $0,$0,0"/><instruction code="ADD $0,$1,$0"/><instruction code="OR $0,$0,0"/><instruction code="LDO $0,$0,0"/><instruction code="OR $1,$0,0"/><instruction code="SETL $0,10"/><instruction code="INCML $0,0"/><instruction code="INCMH $0,0"/><instruction code="INCH $0,0"/><instruction code="OR $0,$0,0"/><instruction code="CMP $0,$1,$0"/><instruction code="ZSN $0,$0,1"/><instruction code="OR $0,$0,0"/><instruction code="BNZ $0,L1"/><instruction code="L18"/><instruction code="JMP L2"/><instruction code="L1"/><instruction code="SETL $0,0"/><instruction code="INCML $0,0"/><instruction code="INCMH $0,0"/><instruction code="INCH $0,0"/><instruction code="OR $2,$0,0"/><instruction code="OR $1,$253,0"/><instruction code="SETL $0,8"/><instruction code="INCML $0,0"/><instruction code="INCMH $0,0"/><instruction code="INCH $0,0"/><instruction code="OR $0,$0,0"/><instruction code="ADD $0,$1,$0"/><instruction code="OR $0,$0,0"/><instruction code="LDO $0,$0,0"/><instruction code="OR $1,$0,0"/><instruction code="SETL $0,48"/><instruction code="INCML $0,0"/><instruction code="INCMH $0,0"/><instruction code="INCH $0,0"/><instruction code="OR $0,$0,0"/><instruction code="ADD $0,$1,$0"/><instruction code="OR $1,$0,0"/><instruction code="SETL $0,256"/><instruction code="INCML $0,0"/><instruction code="INCMH $0,0"/><instruction code="INCH $0,0"/><instruction code="OR $0,$0,0"/><instruction code="DIV $0,$1,$0"/><instruction code="GET $0,rR"/><instruction code="OR $0,$0,0"/><instruction code="STO $2,$254,0"/><instruction code="STO $0,$254,8"/><instruction code="PUSHJ $8,_putChar"/><instruction code="LDO $0,$254,0"/><instruction code="OR $0,$0,0"/><instruction code="JMP L3"/><instruction code="L2"/><instruction code="SETL $0,0"/><instruction code="INCML $0,0"/><instruction code="INCMH $0,0"/><instruction code="INCH $0,0"/><instruction code="OR $2,$0,0"/><instruction code="OR $1,$253,0"/><instruction code="SETL $0,8"/><instruction code="INCML $0,0"/><instruction code="INCMH $0,0"/><instruction code="INCH $0,0"/><instruction code="OR $0,$0,0"/><instruction code="ADD $0,$1,$0"/><instruction code="OR $0,$0,0"/><instruction code="LDO $0,$0,0"/><instruction code="OR $1,$0,0"/><instruction code="SETL $0,10"/><instruction code="INCML $0,0"/><instruction code="INCMH $0,0"/><instruction code="INCH $0,0"/><instruction code="OR $0,$0,0"/><instruction code="DIV $0,$1,$0"/><instruction code="OR $0,$0,0"/><instruction code="STO $2,$254,0"/><instruction code="STO $0,$254,8"/><instruction code="PUSHJ $8,_putInt"/><instruction code="LDO $0,$254,0"/><instruction code="OR $0,$0,0"/><instruction code="SETL $0,0"/><instruction code="INCML $0,0"/><instruction code="INCMH $0,0"/><instruction code="INCH $0,0"/><instruction code="OR $0,$0,0"/><instruction code="OR $2,$253,0"/><instruction code="SETL $1,8"/><instruction code="INCML $1,0"/><instruction code="INCMH $1,0"/><instruction code="INCH $1,0"/><instruction code="OR $1,$1,0"/><instruction code="ADD $1,$2,$1"/><instruction code="OR $1,$1,0"/><instruction code="LDO $1,$1,0"/><instruction code="OR $2,$1,0"/><instruction code="SETL $1,10"/><instruction code="INCML $1,0"/><instruction code="INCMH $1,0"/><instruction code="INCH $1,0"/><instruction code="OR $1,$1,0"/><instruction code="DIV $1,$2,$1"/><instruction code="GET $1,rR"/><instruction code="OR $2,$1,0"/><instruction code="SETL $1,48"/><instruction code="INCML $1,0"/><instruction code="INCMH $1,0"/><instruction code="INCH $1,0"/><instruction code="OR $1,$1,0"/><instruction code="ADD $1,$2,$1"/><instruction code="OR $2,$1,0"/><instruction code="SETL $1,256"/><instruction code="INCML $1,0"/><instruction code="INCMH $1,0"/><instruction code="INCH $1,0"/><instruction code="OR $1,$1,0"/><instruction code="DIV $1,$2,$1"/><instruction code="GET $1,rR"/><instruction code="OR $1,$1,0"/><instruction code="STO $0,$254,0"/><instruction code="STO $1,$254,8"/><instruction code="PUSHJ $8,_putChar"/><instruction code="LDO $0,$254,0"/><instruction code="OR $0,$0,0"/><instruction code="L3"/><instruction code="L6"/><instruction code="L9"/><instruction code="SETL $0,0"/><instruction code="INCML $0,0"/><instruction code="INCMH $0,0"/><instruction code="INCH $0,0"/><instruction code="OR $0,$0,0"/><instruction code="OR $0,$0,0"/><instruction code="JMP L20"/></instructions></code><code entrylabel="L21" exitlabel="L22" tempsize="0"><frame FP="T4" RV="T5" argssize="0" depth="1" label="_g" locssize="0" size="16"/><instructions><instruction code="L21"/><instruction code="SETL $0,17"/><instruction code="INCML $0,0"/><instruction code="INCMH $0,0"/><instruction code="INCH $0,0"/><instruction code="OR $0,$0,0"/><instruction code="JMP L22"/></instructions></code><code entrylabel="L23" exitlabel="L24" tempsize="0"><frame FP="T8" RV="T9" argssize="0" depth="2" label="L0" locssize="0" size="16"/><instructions><instruction code="L23"/><instruction code="OR $1,$253,0"/><instruction code="SETL $0,8"/><instruction code="INCML $0,0"/><instruction code="INCMH $0,0"/><instruction code="INCH $0,0"/><instruction code="OR $0,$0,0"/><instruction code="ADD $0,$1,$0"/><instruction code="OR $0,$0,0"/><instruction code="LDO $0,$0,0"/><instruction code="OR $2,$0,0"/><instruction code="SETL $0,5"/><instruction code="INCML $0,0"/><instruction code="INCMH $0,0"/><instruction code="INCH $0,0"/><instruction code="OR $1,$0,0"/><instruction code="SETL $0,8"/><instruction code="INCML $0,0"/><instruction code="INCMH $0,0"/><instruction code="INCH $0,0"/><instruction code="OR $0,$0,0"/><instruction code="MUL $0,$1,$0"/><instruction code="OR $0,$0,0"/><instruction code="ADD $0,$2,$0"/><instruction code="OR $1,$0,0"/><instruction code="SETL $0,17"/><instruction code="INCML $0,0"/><instruction code="INCMH $0,0"/><instruction code="INCH $0,0"/><instruction code="OR $0,$0,0"/><instruction code="STO $0,$1,0"/><instruction code="SETL $0,0"/><instruction code="INCML $0,0"/><instruction code="INCMH $0,0"/><instruction code="INCH $0,0"/><instruction code="OR $0,$0,0"/><instruction code="OR $0,$0,0"/><instruction code="JMP L24"/></instructions></code><code entrylabel="L27" exitlabel="L28" tempsize="0"><frame FP="T6" RV="T7" argssize="16" depth="1" label="_h" locssize="88" size="120"/><instructions><instruction code="L27"/><instruction code="OR $1,$253,0"/><instruction code="SETL $0,8"/><instruction code="INCML $0,0"/><instruction code="INCMH $0,0"/><instruction code="INCH $0,0"/><instruction code="NEG $0,0,$0"/><instruction code="OR $0,$0,0"/><instruction code="ADD $0,$1,$0"/><instruction code="OR $1,$0,0"/><instruction code="SETL $0,1"/><instruction code="INCML $0,0"/><instruction code="INCMH $0,0"/><instruction code="INCH $0,0"/><instruction code="OR $0,$0,0"/><instruction code="STO $0,$1,0"/><instruction code="OR $1,$253,0"/><instruction code="SETL $0,88"/><instruction code="INCML $0,0"/><instruction code="INCMH $0,0"/><instruction code="INCH $0,0"/><instruction code="NEG $0,0,$0"/><instruction code="OR $0,$0,0"/><instruction code="ADD $0,$1,$0"/><instruction code="OR $2,$0,0"/><instruction code="SETL $0,0"/><instruction code="INCML $0,0"/><instruction code="INCMH $0,0"/><instruction code="INCH $0,0"/><instruction code="OR $1,$0,0"/><instruction code="SETL $0,8"/><instruction code="INCML $0,0"/><instruction code="INCMH $0,0"/><instruction code="INCH $0,0"/><instruction code="OR $0,$0,0"/><instruction code="MUL $0,$1,$0"/><instruction code="OR $0,$0,0"/><instruction code="ADD $0,$2,$0"/><instruction code="OR $1,$0,0"/><instruction code="SETL $0,1"/><instruction code="INCML $0,0"/><instruction code="INCMH $0,0"/><instruction code="INCH $0,0"/><instruction code="OR $0,$0,0"/><instruction code="STO $0,$1,0"/><instruction code="L10"/><instruction code="OR $1,$253,0"/><instruction code="SETL $0,8"/><instruction code="INCML $0,0"/><instruction code="INCMH $0,0"/><instruction code="INCH $0,0"/><instruction code="NEG $0,0,$0"/><instruction code="OR $0,$0,0"/><instruction code="ADD $0,$1,$0"/><instruction code="OR $0,$0,0"/><instruction code="LDO $0,$0,0"/><instruction code="OR $1,$0,0"/><instruction code="SETL $0,10"/><instruction code="INCML $0,0"/><instruction code="INCMH $0,0"/><instruction code="INCH $0,0"/><instruction code="OR $0,$0,0"/><instruction code="CMP $0,$1,$0"/><instruction code="ZSN $0,$0,1"/><instruction code="OR $0,$0,0"/><instruction code="BNZ $0,L11"/><instruction code="L25"/><instruction code="JMP L12"/><instruction code="L11"/><instruction code="OR $1,$253,0"/><instruction code="SETL $0,88"/><instruction code="INCML $0,0"/><instruction code="INCMH $0,0"/><instruction code="INCH $0,0"/><instruction code="NEG $0,0,$0"/><instruction code="OR $0,$0,0"/><instruction code="ADD $0,$1,$0"/><instruction code="OR $2,$0,0"/><instruction code="OR $1,$253,0"/><instruction code="SETL $0,8"/><instruction code="INCML $0,0"/><instruction code="INCMH $0,0"/><instruction code="INCH $0,0"/><instruction code="NEG $0,0,$0"/><instruction code="OR $0,$0,0"/><instruction code="ADD $0,$1,$0"/><instruction code="OR $0,$0,0"/><instruction code="LDO $0,$0,0"/><instruction code="OR $1,$0,0"/><instruction code="SETL $0,8"/><instruction code="INCML $0,0"/><instruction code="INCMH $0,0"/><instruction code="INCH $0,0"/><instruction code="OR $0,$0,0"/><instruction code="MUL $0,$1,$0"/><instruction code="OR $0,$0,0"/><instruction code="ADD $0,$2,$0"/><instruction code="OR $3,$0,0"/><instruction code="OR $1,$253,0"/><instruction code="SETL $0,88"/><instruction code="INCML $0,0"/><instruction code="INCMH $0,0"/><instruction code="INCH $0,0"/><instruction code="NEG $0,0,$0"/><instruction code="OR $0,$0,0"/><instruction code="ADD $0,$1,$0"/><instruction code="OR $2,$0,0"/><instruction code="OR $1,$253,0"/><instruction code="SETL $0,8"/><instruction code="INCML $0,0"/><instruction code="INCMH $0,0"/><instruction code="INCH $0,0"/><instruction code="NEG $0,0,$0"/><instruction code="OR $0,$0,0"/><instruction code="ADD $0,$1,$0"/><instruction code="OR $0,$0,0"/><instruction code="LDO $0,$0,0"/><instruction code="OR $1,$0,0"/><instruction code="SETL $0,1"/><instruction code="INCML $0,0"/><instruction code="INCMH $0,0"/><instruction code="INCH $0,0"/><instruction code="OR $0,$0,0"/><instruction code="SUB $0,$1,$0"/><instruction code="OR $1,$0,0"/><instruction code="SETL $0,8"/><instruction code="INCML $0,0"/><instruction code="INCMH $0,0"/><instruction code="INCH $0,0"/><instruction code="OR $0,$0,0"/><instruction code="MUL $0,$1,$0"/><instruction code="OR $0,$0,0"/><instruction code="ADD $0,$2,$0"/><instruction code="OR $0,$0,0"/><instruction code="LDO $0,$0,0"/><instruction code="OR $1,$0,0"/><instruction code="SETL $0,17"/><instruction code="INCML $0,0"/><instruction code="INCMH $0,0"/><instruction code="INCH $0,0"/><instruction code="OR $0,$0,0"/><instruction code="MUL $0,$1,$0"/><instruction code="OR $0,$0,0"/><instruction code="STO $0,$3,0"/><instruction code="OR $1,$253,0"/><instruction code="SETL $0,8"/><instruction code="INCML $0,0"/><instruction code="INCMH $0,0"/><instruction code="INCH $0,0"/><instruction code="NEG $0,0,$0"/><instruction code="OR $0,$0,0"/><instruction code="ADD $0,$1,$0"/><instruction code="OR $2,$0,0"/><instruction code="OR $1,$253,0"/><instruction code="SETL $0,8"/><instruction code="INCML $0,0"/><instruction code="INCMH $0,0"/><instruction code="INCH $0,0"/><instruction code="NEG $0,0,$0"/><instruction code="OR $0,$0,0"/><instruction code="ADD $0,$1,$0"/><instruction code="OR $0,$0,0"/><instruction code="LDO $0,$0,0"/><instruction code="OR $1,$0,0"/><instruction code="SETL $0,1"/><instruction code="INCML $0,0"/><instruction code="INCMH $0,0"/><instruction code="INCH $0,0"/><instruction code="OR $0,$0,0"/><instruction code="ADD $0,$1,$0"/><instruction code="OR $0,$0,0"/><instruction code="STO $0,$2,0"/><instruction code="JMP L10"/><instruction code="L12"/><instruction code="OR $2,$253,0"/><instruction code="OR $1,$253,0"/><instruction code="SETL $0,88"/><instruction code="INCML $0,0"/><instruction code="INCMH $0,0"/><instruction code="INCH $0,0"/><instruction code="NEG $0,0,$0"/><instruction code="OR $0,$0,0"/><instruction code="ADD $0,$1,$0"/><instruction code="OR $0,$0,0"/><instruction code="LDO $0,$0,0"/><instruction code="OR $0,$0,0"/><instruction code="STO $2,$254,0"/><instruction code="STO $0,$254,8"/><instruction code="PUSHJ $8,L0"/><instruction code="LDO $0,$254,0"/><instruction code="OR $0,$0,0"/><instruction code="OR $1,$253,0"/><instruction code="SETL $0,8"/><instruction code="INCML $0,0"/><instruction code="INCMH $0,0"/><instruction code="INCH $0,0"/><instruction code="NEG $0,0,$0"/><instruction code="OR $0,$0,0"/><instruction code="ADD $0,$1,$0"/><instruction code="OR $1,$0,0"/><instruction code="SETL $0,0"/><instruction code="INCML $0,0"/><instruction code="INCMH $0,0"/><instruction code="INCH $0,0"/><instruction code="OR $0,$0,0"/><instruction code="STO $0,$1,0"/><instruction code="L13"/><instruction code="OR $1,$253,0"/><instruction code="SETL $0,8"/><instruction code="INCML $0,0"/><instruction code="INCMH $0,0"/><instruction code="INCH $0,0"/><instruction code="NEG $0,0,$0"/><instruction code="OR $0,$0,0"/><instruction code="ADD $0,$1,$0"/><instruction code="OR $0,$0,0"/><instruction code="LDO $0,$0,0"/><instruction code="OR $1,$0,0"/><instruction code="SETL $0,10"/><instruction code="INCML $0,0"/><instruction code="INCMH $0,0"/><instruction code="INCH $0,0"/><instruction code="OR $0,$0,0"/><instruction code="CMP $0,$1,$0"/><instruction code="ZSN $0,$0,1"/><instruction code="OR $0,$0,0"/><instruction code="BNZ $0,L14"/><instruction code="L26"/><instruction code="JMP L15"/><instruction code="L14"/><instruction code="SETL $0,0"/><instruction code="INCML $0,0"/><instruction code="INCMH $0,0"/><instruction code="INCH $0,0"/><instruction code="OR $2,$0,0"/><instruction code="OR $1,$253,0"/><instruction code="SETL $0,8"/><instruction code="INCML $0,0"/><instruction code="INCMH $0,0"/><instruction code="INCH $0,0"/><instruction code="NEG $0,0,$0"/><instruction code="OR $0,$0,0"/><instruction code="ADD $0,$1,$0"/><instruction code="OR $0,$0,0"/><instruction code="LDO $0,$0,0"/><instruction code="OR $0,$0,0"/><instruction code="STO $2,$254,0"/><instruction code="STO $0,$254,8"/><instruction code="PUSHJ $8,_putInt"/><instruction code="LDO $0,$254,0"/><instruction code="OR $0,$0,0"/><instruction code="SETL $0,0"/><instruction code="INCML $0,0"/><instruction code="INCMH $0,0"/><instruction code="INCH $0,0"/><instruction code="OR $1,$0,0"/><instruction code="SETL $0,32"/><instruction code="INCML $0,0"/><instruction code="INCMH $0,0"/><instruction code="INCH $0,0"/><instruction code="OR $0,$0,0"/><instruction code="STO $1,$254,0"/><instruction code="STO $0,$254,8"/><instruction code="PUSHJ $8,_putChar"/><instruction code="LDO $0,$254,0"/><instruction code="OR $0,$0,0"/><instruction code="SETL $0,0"/><instruction code="INCML $0,0"/><instruction code="INCMH $0,0"/><instruction code="INCH $0,0"/><instruction code="OR $3,$0,0"/><instruction code="OR $1,$253,0"/><instruction code="SETL $0,88"/><instruction code="INCML $0,0"/><instruction code="INCMH $0,0"/><instruction code="INCH $0,0"/><instruction code="NEG $0,0,$0"/><instruction code="OR $0,$0,0"/><instruction code="ADD $0,$1,$0"/><instruction code="OR $2,$0,0"/><instruction code="OR $1,$253,0"/><instruction code="SETL $0,8"/><instruction code="INCML $0,0"/><instruction code="INCMH $0,0"/><instruction code="INCH $0,0"/><instruction code="NEG $0,0,$0"/><instruction code="OR $0,$0,0"/><instruction code="ADD $0,$1,$0"/><instruction code="OR $0,$0,0"/><instruction code="LDO $0,$0,0"/><instruction code="OR $1,$0,0"/><instruction code="SETL $0,8"/><instruction code="INCML $0,0"/><instruction code="INCMH $0,0"/><instruction code="INCH $0,0"/><instruction code="OR $0,$0,0"/><instruction code="MUL $0,$1,$0"/><instruction code="OR $0,$0,0"/><instruction code="ADD $0,$2,$0"/><instruction code="OR $0,$0,0"/><instruction code="LDO $0,$0,0"/><instruction code="OR $0,$0,0"/><instruction code="STO $3,$254,0"/><instruction code="STO $0,$254,8"/><instruction code="PUSHJ $8,_putInt"/><instruction code="LDO $0,$254,0"/><instruction code="OR $0,$0,0"/><instruction code="SETL $0,0"/><instruction code="INCML $0,0"/><instruction code="INCMH $0,0"/><instruction code="INCH $0,0"/><instruction code="OR $2,$0,0"/><instruction code="SETL $0,10"/><instruction code="INCML $0,0"/><instruction code="INCMH $0,0"/><instruction code="INCH $0,0"/><instruction code="OR $1,$0,0"/><instruction code="SETL $0,256"/><instruction code="INCML $0,0"/><instruction code="INCMH $0,0"/><instruction code="INCH $0,0"/><instruction code="OR $0,$0,0"/><instruction code="DIV $0,$1,$0"/><instruction code="GET $0,rR"/><instruction code="OR $0,$0,0"/><instruction code="STO $2,$254,0"/><instruction code="STO $0,$254,8"/><instruction code="PUSHJ $8,_putChar"/><instruction code="LDO $0,$254,0"/><instruction code="OR $0,$0,0"/><instruction code="OR $1,$253,0"/><instruction code="SETL $0,8"/><instruction code="INCML $0,0"/><instruction code="INCMH $0,0"/><instruction code="INCH $0,0"/><instruction code="NEG $0,0,$0"/><instruction code="OR $0,$0,0"/><instruction code="ADD $0,$1,$0"/><instruction code="OR $2,$0,0"/><instruction code="OR $1,$253,0"/><instruction code="SETL $0,8"/><instruction code="INCML $0,0"/><instruction code="INCMH $0,0"/><instruction code="INCH $0,0"/><instruction code="NEG $0,0,$0"/><instruction code="OR $0,$0,0"/><instruction code="ADD $0,$1,$0"/><instruction code="OR $0,$0,0"/><instruction code="LDO $0,$0,0"/><instruction code="OR $1,$0,0"/><instruction code="SETL $0,1"/><instruction code="INCML $0,0"/><instruction code="INCMH $0,0"/><instruction code="INCH $0,0"/><instruction code="OR $0,$0,0"/><instruction code="ADD $0,$1,$0"/><instruction code="OR $0,$0,0"/><instruction code="STO $0,$2,0"/><instruction code="JMP L13"/><instruction code="L15"/><instruction code="SETL $0,0"/><instruction code="INCML $0,0"/><instruction code="INCMH $0,0"/><instruction code="INCH $0,0"/><instruction code="OR $0,$0,0"/><instruction code="OR $0,$0,0"/><instruction code="JMP L28"/></instructions></code><code entrylabel="L29" exitlabel="L30" tempsize="0"><frame FP="T10" RV="T11" argssize="0" depth="1" label="_ff" locssize="0" size="16"/><instructions><instruction code="L29"/><instruction code="OR $1,$253,0"/><instruction code="SETL $0,8"/><instruction code="INCML $0,0"/><instruction code="INCMH $0,0"/><instruction code="INCH $0,0"/><instruction code="OR $0,$0,0"/><instruction code="ADD $0,$1,$0"/><instruction code="OR $0,$0,0"/><instruction code="LDO $0,$0,0"/><instruction code="OR $1,$0,0"/><instruction code="SETL $0,21"/><instruction code="INCML $0,0"/><instruction code="INCMH $0,0"/><instruction code="INCH $0,0"/><instruction code="OR $0,$0,0"/><instruction code="STO $0,$1,0"/><instruction code="SETL $0,0"/><instruction code="INCML $0,0"/><instruction code="INCMH $0,0"/><instruction code="INCH $0,0"/><instruction code="OR $0,$0,0"/><instruction code="OR $0,$0,0"/><instruction code="JMP L30"/></instructions></code><code entrylabel="L31" exitlabel="L32" tempsize="0"><frame FP="T12" RV="T13" argssize="16" depth="1" label="_main" locssize="8" size="40"/><instructions><instruction code="L31"/><instruction code="SETL $0,0"/><instruction code="INCML $0,0"/><instruction code="INCMH $0,0"/><instruction code="INCH $0,0"/><instruction code="OR $1,$0,0"/><instruction code="SETL $0,99"/><instruction code="INCML $0,0"/><instruction code="INCMH $0,0"/><instruction code="INCH $0,0"/><instruction code="OR $0,$0,0"/><instruction code="STO $1,$254,0"/><instruction code="STO $0,$254,8"/><instruction code="PUSHJ $8,_putChar"/><instruction code="LDO $0,$254,0"/><instruction code="OR $0,$0,0"/><instruction code="SETL $0,0"/><instruction code="INCML $0,0"/><instruction code="INCMH $0,0"/><instruction code="INCH $0,0"/><instruction code="OR $2,$0,0"/><instruction code="SETL $0,10"/><instruction code="INCML $0,0"/><instruction code="INCMH $0,0"/><instruction code="INCH $0,0"/><instruction code="OR $1,$0,0"/><instruction code="SETL $0,256"/><instruction code="INCML $0,0"/><instruction code="INCMH $0,0"/><instruction code="INCH $0,0"/><instruction code="OR $0,$0,0"/><instruction code="DIV $0,$1,$0"/><instruction code="GET $0,rR"/><instruction code="OR $0,$0,0"/><instruction code="STO $2,$254,0"/><instruction code="STO $0,$254,8"/><instruction code="PUSHJ $8,_putChar"/><instruction code="LDO $0,$254,0"/><instruction code="OR $0,$0,0"/><instruction code="SETL $0,0"/><instruction code="INCML $0,0"/><instruction code="INCMH $0,0"/><instruction code="INCH $0,0"/><instruction code="OR $1,$0,0"/><instruction code="SETL $0,123"/><instruction code="INCML $0,0"/><instruction code="INCMH $0,0"/><instruction code="INCH $0,0"/><instruction code="OR $0,$0,0"/><instruction code="STO $1,$254,0"/><instruction code="STO $0,$254,8"/><instruction code="PUSHJ $8,_putInt"/><instruction code="LDO $0,$254,0"/><instruction code="OR $0,$0,0"/><instruction code="SETL $0,0"/><instruction code="INCML $0,0"/><instruction code="INCMH $0,0"/><instruction code="INCH $0,0"/><instruction code="OR $2,$0,0"/><instruction code="SETL $0,10"/><instruction code="INCML $0,0"/><instruction code="INCMH $0,0"/><instruction code="INCH $0,0"/><instruction code="OR $1,$0,0"/><instruction code="SETL $0,256"/><instruction code="INCML $0,0"/><instruction code="INCMH $0,0"/><instruction code="INCH $0,0"/><instruction code="OR $0,$0,0"/><instruction code="DIV $0,$1,$0"/><instruction code="GET $0,rR"/><instruction code="OR $0,$0,0"/><instruction code="STO $2,$254,0"/><instruction code="STO $0,$254,8"/><instruction code="PUSHJ $8,_putChar"/><instruction code="LDO $0,$254,0"/><instruction code="OR $0,$0,0"/><instruction code="SETL $0,0"/><instruction code="INCML $0,0"/><instruction code="INCMH $0,0"/><instruction code="INCH $0,0"/><instruction code="OR $1,$0,0"/><instruction code="SETL $0,0"/><instruction code="INCML $0,0"/><instruction code="INCMH $0,0"/><instruction code="INCH $0,0"/><instruction code="OR $0,$0,0"/><instruction code="STO $0,$254,0"/><instruction code="PUSHJ $8,_g"/><instruction code="LDO $0,$254,0"/><instruction code="OR $0,$0,0"/><instruction code="NEG $0,0,$0"/><instruction code="OR $0,$0,0"/><instruction code="STO $1,$254,0"/><instruction code="STO $0,$254,8"/><instruction code="PUSHJ $8,_putInt"/><instruction code="LDO $0,$254,0"/><instruction code="OR $0,$0,0"/><instruction code="SETL $0,0"/><instruction code="INCML $0,0"/><instruction code="INCMH $0,0"/><instruction code="INCH $0,0"/><instruction code="OR $2,$0,0"/><instruction code="SETL $0,10"/><instruction code="INCML $0,0"/><instruction code="INCMH $0,0"/><instruction code="INCH $0,0"/><instruction code="OR $1,$0,0"/><instruction code="SETL $0,256"/><instruction code="INCML $0,0"/><instruction code="INCMH $0,0"/><instruction code="INCH $0,0"/><instruction code="OR $0,$0,0"/><instruction code="DIV $0,$1,$0"/><instruction code="GET $0,rR"/><instruction code="OR $0,$0,0"/><instruction code="STO $2,$254,0"/><instruction code="STO $0,$254,8"/><instruction code="PUSHJ $8,_putChar"/><instruction code="LDO $0,$254,0"/><instruction code="OR $0,$0,0"/><instruction code="SETL $0,0"/><instruction code="INCML $0,0"/><instruction code="INCMH $0,0"/><instruction code="INCH $0,0"/><instruction code="OR $0,$0,0"/><instruction code="STO $0,$254,0"/><instruction code="PUSHJ $8,_h"/><instruction code="LDO $0,$254,0"/><instruction code="OR $0,$0,0"/><instruction code="OR $1,$253,0"/><instruction code="SETL $0,8"/><instruction code="INCML $0,0"/><instruction code="INCMH $0,0"/><instruction code="INCH $0,0"/><instruction code="NEG $0,0,$0"/><instruction code="OR $0,$0,0"/><instruction code="ADD $0,$1,$0"/><instruction code="OR $2,$0,0"/><instruction code="SETL $0,0"/><instruction code="INCML $0,0"/><instruction code="INCMH $0,0"/><instruction code="INCH $0,0"/><instruction code="OR $1,$0,0"/><instruction code="SETL $0,8"/><instruction code="INCML $0,0"/><instruction code="INCMH $0,0"/><instruction code="INCH $0,0"/><instruction code="OR $0,$0,0"/><instruction code="STO $1,$254,0"/><instruction code="STO $0,$254,8"/><instruction code="PUSHJ $8,_new"/><instruction code="LDO $0,$254,0"/><instruction code="OR $0,$0,0"/><instruction code="STO $0,$2,0"/><instruction code="OR $1,$253,0"/><instruction code="SETL $0,8"/><instruction code="INCML $0,0"/><instruction code="INCMH $0,0"/><instruction code="INCH $0,0"/><instruction code="NEG $0,0,$0"/><instruction code="OR $0,$0,0"/><instruction code="ADD $0,$1,$0"/><instruction code="OR $0,$0,0"/><instruction code="LDO $0,$0,0"/><instruction code="OR $1,$0,0"/><instruction code="SETL $0,51"/><instruction code="INCML $0,0"/><instruction code="INCMH $0,0"/><instruction code="INCH $0,0"/><instruction code="OR $0,$0,0"/><instruction code="STO $0,$1,0"/><instruction code="SETL $0,0"/><instruction code="INCML $0,0"/><instruction code="INCMH $0,0"/><instruction code="INCH $0,0"/><instruction code="OR $2,$0,0"/><instruction code="OR $1,$253,0"/><instruction code="SETL $0,8"/><instruction code="INCML $0,0"/><instruction code="INCMH $0,0"/><instruction code="INCH $0,0"/><instruction code="NEG $0,0,$0"/><instruction code="OR $0,$0,0"/><instruction code="ADD $0,$1,$0"/><instruction code="OR $0,$0,0"/><instruction code="LDO $0,$0,0"/><instruction code="OR $0,$0,0"/><instruction code="LDO $0,$0,0"/><instruction code="OR $0,$0,0"/><instruction code="STO $2,$254,0"/><instruction code="STO $0,$254,8"/><instruction code="PUSHJ $8,_putInt"/><instruction code="LDO $0,$254,0"/><instruction code="OR $0,$0,0"/><instruction code="SETL $0,0"/><instruction code="INCML $0,0"/><instruction code="INCMH $0,0"/><instruction code="INCH $0,0"/><instruction code="OR $2,$0,0"/><instruction code="SETL $0,10"/><instruction code="INCML $0,0"/><instruction code="INCMH $0,0"/><instruction code="INCH $0,0"/><instruction code="OR $1,$0,0"/><instruction code="SETL $0,256"/><instruction code="INCML $0,0"/><instruction code="INCMH $0,0"/><instruction code="INCH $0,0"/><instruction code="OR $0,$0,0"/><instruction code="DIV $0,$1,$0"/><instruction code="GET $0,rR"/><instruction code="OR $0,$0,0"/><instruction code="STO $2,$254,0"/><instruction code="STO $0,$254,8"/><instruction code="PUSHJ $8,_putChar"/><instruction code="LDO $0,$254,0"/><instruction code="OR $0,$0,0"/><instruction code="SETL $0,0"/><instruction code="INCML $0,0"/><instruction code="INCMH $0,0"/><instruction code="INCH $0,0"/><instruction code="OR $2,$0,0"/><instruction code="OR $1,$253,0"/><instruction code="SETL $0,8"/><instruction code="INCML $0,0"/><instruction code="INCMH $0,0"/><instruction code="INCH $0,0"/><instruction code="NEG $0,0,$0"/><instruction code="OR $0,$0,0"/><instruction code="ADD $0,$1,$0"/><instruction code="OR $0,$0,0"/><instruction code="LDO $0,$0,0"/><instruction code="OR $0,$0,0"/><instruction code="STO $2,$254,0"/><instruction code="STO $0,$254,8"/><instruction code="PUSHJ $8,_ff"/><instruction code="LDO $0,$254,0"/><instruction code="OR $0,$0,0"/><instruction code="SETL $0,0"/><instruction code="INCML $0,0"/><instruction code="INCMH $0,0"/><instruction code="INCH $0,0"/><instruction code="OR $0,$0,0"/><instruction code="OR $2,$253,0"/><instruction code="SETL $1,8"/><instruction code="INCML $1,0"/><instruction code="INCMH $1,0"/><instruction code="INCH $1,0"/><instruction code="NEG $1,0,$1"/><instruction code="OR $1,$1,0"/><instruction code="ADD $1,$2,$1"/><instruction code="OR $1,$1,0"/><instruction code="LDO $1,$1,0"/><instruction code="OR $1,$1,0"/><instruction code="LDO $1,$1,0"/><instruction code="OR $1,$1,0"/><instruction code="STO $0,$254,0"/><instruction code="STO $1,$254,8"/><instruction code="PUSHJ $8,_putInt"/><instruction code="LDO $0,$254,0"/><instruction code="OR $0,$0,0"/><instruction code="SETL $0,0"/><instruction code="INCML $0,0"/><instruction code="INCMH $0,0"/><instruction code="INCH $0,0"/><instruction code="OR $2,$0,0"/><instruction code="SETL $0,10"/><instruction code="INCML $0,0"/><instruction code="INCMH $0,0"/><instruction code="INCH $0,0"/><instruction code="OR $1,$0,0"/><instruction code="SETL $0,256"/><instruction code="INCML $0,0"/><instruction code="INCMH $0,0"/><instruction code="INCH $0,0"/><instruction code="OR $0,$0,0"/><instruction code="DIV $0,$1,$0"/><instruction code="GET $0,rR"/><instruction code="OR $0,$0,0"/><instruction code="STO $2,$254,0"/><instruction code="STO $0,$254,8"/><instruction code="PUSHJ $8,_putChar"/><instruction code="LDO $0,$254,0"/><instruction code="OR $0,$0,0"/><instruction code="SETL $0,0"/><instruction code="INCML $0,0"/><instruction code="INCMH $0,0"/><instruction code="INCH $0,0"/><instruction code="OR $0,$0,0"/><instruction code="OR $0,$0,0"/><instruction code="JMP L32"/></instructions></code></ralloc>