<?xml version="1.0" encoding="UTF-8" standalone="no"?><?xml-stylesheet type="text/xsl" href="../../data/ralloc.xsl"?><ralloc><code entrylabel="L17" exitlabel="L18" tempsize="0"><frame FP="T0" RV="T1" argssize="0" depth="1" label="_x" locssize="88" size="104"/><instructions><instruction code="L17"/><instruction code="SETL  $0, 1"/><instruction code="INCML $0, 0"/><instruction code="INCMH $0, 0"/><instruction code="INCH  $0, 0"/><instruction code="OR $0, $0, 0"/><instruction code="OR $1, $1, 0"/><instruction code="SETL  $0, 8"/><instruction code="INCML $0, 0"/><instruction code="INCMH $0, 0"/><instruction code="INCH  $0, 0"/><instruction code="NEG $0, 0, $0"/><instruction code="OR $0, $0, 0"/><instruction code="ADD $0, $1, $0"/><instruction code="OR $0, $0, 0"/><instruction code="OR $0, $0, 0"/><instruction code="OR $1, $0, 0"/><instruction code="SETL  $0, 1"/><instruction code="INCML $0, 0"/><instruction code="INCMH $0, 0"/><instruction code="INCH  $0, 0"/><instruction code="OR $0, $0, 0"/><instruction code="SETL  $0, 99"/><instruction code="INCML $0, 0"/><instruction code="INCMH $0, 0"/><instruction code="INCH  $0, 0"/><instruction code="OR $0, $0, 0"/><instruction code="OR $0, $0, 0"/><instruction code="ADD $0, $1, $0"/><instruction code="OR $1, $0, 0"/><instruction code="SETL  $0, 256"/><instruction code="INCML $0, 0"/><instruction code="INCMH $0, 0"/><instruction code="INCH  $0, 0"/><instruction code="OR $0, $0, 0"/><instruction code="DIV $0, $1, $0"/><instruction code="OR $0, rR, 0"/><instruction code="OR $0, $0, 0"/><instruction code="LDA $0, L18"/><instruction code="GO $0, $0, 0"/></instructions></code><code entrylabel="L19" exitlabel="L20" tempsize="0"><frame FP="T2" RV="T3" argssize="0" depth="1" label="_g" locssize="0" size="16"/><instructions><instruction code="L19"/><instruction code="SETL  $0, 1"/><instruction code="INCML $0, 0"/><instruction code="INCMH $0, 0"/><instruction code="INCH  $0, 0"/><instruction code="OR $0, $0, 0"/><instruction code="SETL  $0, 0"/><instruction code="INCML $0, 0"/><instruction code="INCMH $0, 0"/><instruction code="INCH  $0, 0"/><instruction code="OR $0, $0, 0"/><instruction code="OR $0, $0, 0"/><instruction code="LDA $0, L20"/><instruction code="GO $0, $0, 0"/></instructions></code><code entrylabel="L21" exitlabel="L22" tempsize="0"><frame FP="T6" RV="T7" argssize="0" depth="1" label="_main" locssize="0" size="16"/><instructions><instruction code="L21"/><instruction code="SETL  $0, 1"/><instruction code="INCML $0, 0"/><instruction code="INCMH $0, 0"/><instruction code="INCH  $0, 0"/><instruction code="OR $0, $0, 0"/><instruction code="SETL  $0, 0"/><instruction code="INCML $0, 0"/><instruction code="INCMH $0, 0"/><instruction code="INCH  $0, 0"/><instruction code="OR $0, $0, 0"/><instruction code="OR $0, $0, 0"/><instruction code="LDA $0, L22"/><instruction code="GO $0, $0, 0"/></instructions></code><code entrylabel="L23" exitlabel="L24" tempsize="0"><frame FP="T14" RV="T15" argssize="0" depth="3" label="L1" locssize="80" size="96"/><instructions><instruction code="L23"/><instruction code="SETL  $0, 1"/><instruction code="INCML $0, 0"/><instruction code="INCMH $0, 0"/><instruction code="INCH  $0, 0"/><instruction code="OR $0, $0, 0"/><instruction code="OR $0, $2, 0"/><instruction code="OR $0, $0, 0"/><instruction code="OR $1, $0, 0"/><instruction code="SETL  $0, 16"/><instruction code="INCML $0, 0"/><instruction code="INCMH $0, 0"/><instruction code="INCH  $0, 0"/><instruction code="NEG $0, 0, $0"/><instruction code="OR $0, $0, 0"/><instruction code="ADD $0, $1, $0"/><instruction code="OR $0, $0, 0"/><instruction code="OR $1, $0, 0"/><instruction code="SETL  $0, 1"/><instruction code="INCML $0, 0"/><instruction code="INCMH $0, 0"/><instruction code="INCH  $0, 0"/><instruction code="OR $0, $0, 0"/><instruction code="ADD $0, $1, $0"/><instruction code="OR $1, $0, 0"/><instruction code="SETL  $0, 16"/><instruction code="INCML $0, 0"/><instruction code="INCMH $0, 0"/><instruction code="INCH  $0, 0"/><instruction code="NEG $0, 0, $0"/><instruction code="ADD $0, $2, $0"/><instruction code="STO $0, $1, 0"/><instruction code="OR $1, $2, 0"/><instruction code="SETL  $0, 80"/><instruction code="INCML $0, 0"/><instruction code="INCMH $0, 0"/><instruction code="INCH  $0, 0"/><instruction code="NEG $0, 0, $0"/><instruction code="OR $0, $0, 0"/><instruction code="ADD $0, $1, $0"/><instruction code="OR $2, $0, 0"/><instruction code="SETL  $0, 17"/><instruction code="INCML $0, 0"/><instruction code="INCMH $0, 0"/><instruction code="INCH  $0, 0"/><instruction code="OR $1, $0, 0"/><instruction code="SETL  $0, 8"/><instruction code="INCML $0, 0"/><instruction code="INCMH $0, 0"/><instruction code="INCH  $0, 0"/><instruction code="OR $0, $0, 0"/><instruction code="MUL $0, $1, $0"/><instruction code="OR $0, $0, 0"/><instruction code="ADD $0, $2, $0"/><instruction code="OR $0, $0, 0"/><instruction code="OR $0, $0, 0"/><instruction code="OR $0, $0, 0"/><instruction code="LDA $0, L24"/><instruction code="GO $0, $0, 0"/></instructions></code><code entrylabel="L25" exitlabel="L26" tempsize="0"><frame FP="T16" RV="T17" argssize="0" depth="3" label="L2" locssize="0" size="16"/><instructions><instruction code="L25"/><instruction code="SETL  $0, 1"/><instruction code="INCML $0, 0"/><instruction code="INCMH $0, 0"/><instruction code="INCH  $0, 0"/><instruction code="OR $0, $0, 0"/><instruction code="LDA $0, L26"/><instruction code="GO $0, $0, 0"/></instructions></code><code entrylabel="L27" exitlabel="L28" tempsize="0"><frame FP="T12" RV="T13" argssize="32" depth="2" label="L0" locssize="16" size="64"/><instructions><instruction code="L27"/><instruction code="SETL  $0, 0"/><instruction code="INCML $0, 0"/><instruction code="INCMH $0, 0"/><instruction code="INCH  $0, 0"/><instruction code="OR $3, $0, 0"/><instruction code="SETL  $0, 1"/><instruction code="INCML $0, 0"/><instruction code="INCMH $0, 0"/><instruction code="INCH  $0, 0"/><instruction code="OR $2, $0, 0"/><instruction code="LDA $0, _global"/><instruction code="OR $1, $0, 0"/><instruction code="SETL  $0, 8"/><instruction code="INCML $0, 0"/><instruction code="INCMH $0, 0"/><instruction code="INCH  $0, 0"/><instruction code="OR $0, $0, 0"/><instruction code="ADD $0, $1, $0"/><instruction code="OR $0, $0, 0"/><instruction code="OR $1, $0, 0"/><instruction code="SETL  $0, 1"/><instruction code="INCML $0, 0"/><instruction code="INCMH $0, 0"/><instruction code="INCH  $0, 0"/><instruction code="OR $0, $0, 0"/><instruction code="STO $3, $254, 8"/><instruction code="STO $2, $254, 16"/><instruction code="STO $1, $254, 24"/><instruction code="STO $0, $254, 32"/><instruction code="LDA $0, _h"/><instruction code="PUSHJ $16, $0, 0"/><instruction code="LDO $0, $254, 0"/><instruction code="OR $0, $0, 0"/><instruction code="OR $1, $4, 0"/><instruction code="SETL  $0, 8"/><instruction code="INCML $0, 0"/><instruction code="INCMH $0, 0"/><instruction code="INCH  $0, 0"/><instruction code="NEG $0, 0, $0"/><instruction code="OR $0, $0, 0"/><instruction code="ADD $0, $1, $0"/><instruction code="OR $0, $0, 0"/><instruction code="OR $0, $0, 0"/><instruction code="OR $0, $0, 0"/><instruction code="LDA $0, L28"/><instruction code="GO $0, $0, 0"/></instructions></code><code entrylabel="L29" exitlabel="L30" tempsize="0"><frame FP="T18" RV="T19" argssize="24" depth="2" label="L3" locssize="16" size="56"/><instructions><instruction code="L29"/><instruction code="OR $4, $5, 0"/><instruction code="OR $1, $5, 0"/><instruction code="SETL  $0, 8"/><instruction code="INCML $0, 0"/><instruction code="INCMH $0, 0"/><instruction code="INCH  $0, 0"/><instruction code="NEG $0, 0, $0"/><instruction code="OR $0, $0, 0"/><instruction code="ADD $0, $1, $0"/><instruction code="OR $0, $0, 0"/><instruction code="OR $3, $0, 0"/><instruction code="OR $2, $5, 0"/><instruction code="SETL  $0, 1"/><instruction code="INCML $0, 0"/><instruction code="INCMH $0, 0"/><instruction code="INCH  $0, 0"/><instruction code="OR $1, $0, 0"/><instruction code="SETL  $0, 1"/><instruction code="INCML $0, 0"/><instruction code="INCMH $0, 0"/><instruction code="INCH  $0, 0"/><instruction code="OR $0, $0, 0"/><instruction code="STO $2, $254, 8"/><instruction code="STO $1, $254, 16"/><instruction code="STO $0, $254, 24"/><instruction code="LDA $0, L0"/><instruction code="PUSHJ $16, $0, 0"/><instruction code="LDO $0, $254, 0"/><instruction code="OR $0, $0, 0"/><instruction code="STO $4, $254, 8"/><instruction code="STO $3, $254, 16"/><instruction code="STO $0, $254, 24"/><instruction code="LDA $0, L0"/><instruction code="PUSHJ $16, $0, 0"/><instruction code="LDO $0, $254, 0"/><instruction code="OR $0, $0, 0"/><instruction code="OR $0, $5, 0"/><instruction code="OR $1, $0, 0"/><instruction code="SETL  $0, 8"/><instruction code="INCML $0, 0"/><instruction code="INCMH $0, 0"/><instruction code="INCH  $0, 0"/><instruction code="OR $0, $0, 0"/><instruction code="ADD $0, $1, $0"/><instruction code="OR $0, $0, 0"/><instruction code="OR $0, $0, 0"/><instruction code="OR $1, $5, 0"/><instruction code="SETL  $0, 8"/><instruction code="INCML $0, 0"/><instruction code="INCMH $0, 0"/><instruction code="INCH  $0, 0"/><instruction code="OR $0, $0, 0"/><instruction code="ADD $0, $1, $0"/><instruction code="OR $0, $0, 0"/><instruction code="OR $0, $0, 0"/><instruction code="SETL  $0, 1"/><instruction code="INCML $0, 0"/><instruction code="INCMH $0, 0"/><instruction code="INCH  $0, 0"/><instruction code="OR $0, $0, 0"/><instruction code="NEG $0, 1, $0"/><instruction code="OR $0, $0, 0"/><instruction code="NEG $0, 1, $0"/><instruction code="OR $0, $0, 0"/><instruction code="OR $0, $0, 0"/><instruction code="LDA $0, L30"/><instruction code="GO $0, $0, 0"/></instructions></code><code entrylabel="L36" exitlabel="L37" tempsize="24"><frame FP="T8" RV="T9" argssize="72" depth="1" label="_h" locssize="128" size="216"/><instructions><instruction code="L36"/><instruction code="SETL  $0, 0"/><instruction code="INCML $0, 0"/><instruction code="INCMH $0, 0"/><instruction code="INCH  $0, 0"/><instruction code="OR $0, $0, 0"/><instruction code="STO $0, $254, 8"/><instruction code="LDA $0, _x"/><instruction code="PUSHJ $16, $0, 0"/><instruction code="LDO $0, $254, 0"/><instruction code="OR $0, $0, 0"/><instruction code="LDA $0, _ptt"/><instruction code="OR $0, $0, 0"/><instruction code="OR $1, $0, 0"/><instruction code="SETL  $0, 3"/><instruction code="INCML $0, 0"/><instruction code="INCMH $0, 0"/><instruction code="INCH  $0, 0"/><instruction code="OR $0, $0, 0"/><instruction code="ADD $0, $1, $0"/><instruction code="OR $2, $0, 0"/><instruction code="SETL  $1, 16"/><instruction code="INCML $1, 0"/><instruction code="INCMH $1, 0"/><instruction code="INCH  $1, 0"/><instruction code="NEG $1, 0, $1"/><instruction code="ADD $0, $253, 152"/><instruction code="LDO $0, $0, 0"/><instruction code="ADD $0, $0, $1"/><instruction code="STO $0, $2, 0"/><instruction code="ADD $0, $253, 152"/><instruction code="LDO $0, $0, 0"/><instruction code="OR $2, $0, 0"/><instruction code="SETL  $0, 3"/><instruction code="INCML $0, 0"/><instruction code="INCMH $0, 0"/><instruction code="INCH  $0, 0"/><instruction code="OR $1, $0, 0"/><instruction code="SETL  $0, 7"/><instruction code="INCML $0, 0"/><instruction code="INCMH $0, 0"/><instruction code="INCH  $0, 0"/><instruction code="OR $0, $0, 0"/><instruction code="ADD $0, $1, $0"/><instruction code="OR $1, $0, 0"/><instruction code="SETL  $0, 3"/><instruction code="INCML $0, 0"/><instruction code="INCMH $0, 0"/><instruction code="INCH  $0, 0"/><instruction code="OR $0, $0, 0"/><instruction code="STO $2, $254, 8"/><instruction code="STO $1, $254, 16"/><instruction code="STO $0, $254, 24"/><instruction code="LDA $0, L0"/><instruction code="PUSHJ $16, $0, 0"/><instruction code="LDO $0, $254, 0"/><instruction code="OR $0, $0, 0"/><instruction code="SETL  $0, 0"/><instruction code="INCML $0, 0"/><instruction code="INCMH $0, 0"/><instruction code="INCH  $0, 0"/><instruction code="OR $5, $0, 0"/><instruction code="SETL  $0, 1"/><instruction code="INCML $0, 0"/><instruction code="INCMH $0, 0"/><instruction code="INCH  $0, 0"/><instruction code="OR $4, $0, 0"/><instruction code="ADD $0, $253, 152"/><instruction code="LDO $0, $0, 0"/><instruction code="OR $2, $0, 0"/><instruction code="SETL  $0, 0"/><instruction code="INCML $0, 0"/><instruction code="INCMH $0, 0"/><instruction code="INCH  $0, 0"/><instruction code="OR $0, $0, 0"/><instruction code="STO $0, $254, 8"/><instruction code="LDA $0, _x"/><instruction code="PUSHJ $16, $0, 0"/><instruction code="LDO $0, $254, 0"/><instruction code="OR $1, $0, 0"/><instruction code="SETL  $0, 1"/><instruction code="INCML $0, 0"/><instruction code="INCMH $0, 0"/><instruction code="INCH  $0, 0"/><instruction code="OR $0, $0, 0"/><instruction code="STO $2, $254, 8"/><instruction code="STO $1, $254, 16"/><instruction code="STO $0, $254, 24"/><instruction code="LDA $0, L0"/><instruction code="PUSHJ $16, $0, 0"/><instruction code="LDO $0, $254, 0"/><instruction code="OR $1, $0, 0"/><instruction code="SETL  $0, 256"/><instruction code="INCML $0, 0"/><instruction code="INCMH $0, 0"/><instruction code="INCH  $0, 0"/><instruction code="OR $0, $0, 0"/><instruction code="DIV $0, $1, $0"/><instruction code="OR $0, rR, 0"/><instruction code="OR $3, $0, 0"/><instruction code="SETL  $0, 1"/><instruction code="INCML $0, 0"/><instruction code="INCMH $0, 0"/><instruction code="INCH  $0, 0"/><instruction code="OR $2, $0, 0"/><instruction code="ADD $0, $253, 152"/><instruction code="LDO $0, $0, 0"/><instruction code="OR $1, $0, 0"/><instruction code="SETL  $0, 8"/><instruction code="INCML $0, 0"/><instruction code="INCMH $0, 0"/><instruction code="INCH  $0, 0"/><instruction code="NEG $0, 0, $0"/><instruction code="OR $0, $0, 0"/><instruction code="ADD $0, $1, $0"/><instruction code="OR $0, $0, 0"/><instruction code="OR $0, $0, 0"/><instruction code="STO $5, $254, 8"/><instruction code="STO $4, $254, 16"/><instruction code="STO $3, $254, 24"/><instruction code="STO $2, $254, 32"/><instruction code="STO $0, $254, 40"/><instruction code="LDA $0, _g"/><instruction code="PUSHJ $16, $0, 0"/><instruction code="LDO $0, $254, 0"/><instruction code="OR $0, $0, 0"/><instruction code="SETL  $0, 0"/><instruction code="INCML $0, 0"/><instruction code="INCMH $0, 0"/><instruction code="INCH  $0, 0"/><instruction code="OR $3, $0, 0"/><instruction code="SETL  $0, 1"/><instruction code="INCML $0, 0"/><instruction code="INCMH $0, 0"/><instruction code="INCH  $0, 0"/><instruction code="OR $2, $0, 0"/><instruction code="SETL  $0, 1"/><instruction code="INCML $0, 0"/><instruction code="INCMH $0, 0"/><instruction code="INCH  $0, 0"/><instruction code="OR $1, $0, 0"/><instruction code="SETL  $0, 1"/><instruction code="INCML $0, 0"/><instruction code="INCMH $0, 0"/><instruction code="INCH  $0, 0"/><instruction code="OR $0, $0, 0"/><instruction code="STO $3, $254, 8"/><instruction code="STO $2, $254, 16"/><instruction code="STO $1, $254, 24"/><instruction code="STO $0, $254, 32"/><instruction code="LDA $0, _h"/><instruction code="PUSHJ $16, $0, 0"/><instruction code="LDO $0, $254, 0"/><instruction code="OR $0, $0, 0"/><instruction code="SETL  $0, 0"/><instruction code="INCML $0, 0"/><instruction code="INCMH $0, 0"/><instruction code="INCH  $0, 0"/><instruction code="OR $0, $0, 0"/><instruction code="STO $0, $254, 8"/><instruction code="LDA $0, _x"/><instruction code="PUSHJ $16, $0, 0"/><instruction code="LDO $0, $254, 0"/><instruction code="OR $0, $0, 0"/><instruction code="ADD $0, $253, 152"/><instruction code="LDO $0, $0, 0"/><instruction code="OR $2, $0, 0"/><instruction code="SETL  $0, 17"/><instruction code="INCML $0, 0"/><instruction code="INCMH $0, 0"/><instruction code="INCH  $0, 0"/><instruction code="OR $1, $0, 0"/><instruction code="SETL  $0, 17"/><instruction code="INCML $0, 0"/><instruction code="INCMH $0, 0"/><instruction code="INCH  $0, 0"/><instruction code="OR $0, $0, 0"/><instruction code="STO $2, $254, 8"/><instruction code="STO $1, $254, 16"/><instruction code="STO $0, $254, 24"/><instruction code="LDA $0, L0"/><instruction code="PUSHJ $16, $0, 0"/><instruction code="LDO $0, $254, 0"/><instruction code="OR $0, $0, 0"/><instruction code="ADD $0, $253, 152"/><instruction code="LDO $0, $0, 0"/><instruction code="OR $1, $0, 0"/><instruction code="ADD $0, $253, 160"/><instruction code="STO $1, $0, 0"/><instruction code="LDA $0, _global"/><instruction code="OR $1, $0, 0"/><instruction code="SETL  $0, 16"/><instruction code="INCML $0, 0"/><instruction code="INCMH $0, 0"/><instruction code="INCH  $0, 0"/><instruction code="OR $0, $0, 0"/><instruction code="ADD $0, $1, $0"/><instruction code="OR $2, $0, 0"/><instruction code="SETL  $0, 3"/><instruction code="INCML $0, 0"/><instruction code="INCMH $0, 0"/><instruction code="INCH  $0, 0"/><instruction code="OR $1, $0, 0"/><instruction code="SETL  $0, 8"/><instruction code="INCML $0, 0"/><instruction code="INCMH $0, 0"/><instruction code="INCH  $0, 0"/><instruction code="OR $0, $0, 0"/><instruction code="MUL $0, $1, $0"/><instruction code="OR $0, $0, 0"/><instruction code="ADD $0, $2, $0"/><instruction code="OR $0, $0, 0"/><instruction code="OR $1, $0, 0"/><instruction code="ADD $0, $253, 152"/><instruction code="STO $1, $0, 0"/><instruction code="ADD $0, $253, 152"/><instruction code="LDO $0, $0, 0"/><instruction code="OR $1, $0, 0"/><instruction code="SETL  $0, 112"/><instruction code="INCML $0, 0"/><instruction code="INCMH $0, 0"/><instruction code="INCH  $0, 0"/><instruction code="NEG $0, 0, $0"/><instruction code="OR $0, $0, 0"/><instruction code="ADD $0, $1, $0"/><instruction code="OR $1, $0, 0"/><instruction code="SETL  $0, 0"/><instruction code="INCML $0, 0"/><instruction code="INCMH $0, 0"/><instruction code="INCH  $0, 0"/><instruction code="OR $0, $0, 0"/><instruction code="ADD $0, $1, $0"/><instruction code="OR $0, $0, 0"/><instruction code="OR $7, $0, 0"/><instruction code="ADD $0, $253, 152"/><instruction code="LDO $0, $0, 0"/><instruction code="OR $1, $0, 0"/><instruction code="SETL  $0, 112"/><instruction code="INCML $0, 0"/><instruction code="INCMH $0, 0"/><instruction code="INCH  $0, 0"/><instruction code="NEG $0, 0, $0"/><instruction code="OR $0, $0, 0"/><instruction code="ADD $0, $1, $0"/><instruction code="OR $1, $0, 0"/><instruction code="SETL  $0, 8"/><instruction code="INCML $0, 0"/><instruction code="INCMH $0, 0"/><instruction code="INCH  $0, 0"/><instruction code="OR $0, $0, 0"/><instruction code="ADD $0, $1, $0"/><instruction code="OR $0, $0, 0"/><instruction code="OR $6, $0, 0"/><instruction code="SETL  $0, 1"/><instruction code="INCML $0, 0"/><instruction code="INCMH $0, 0"/><instruction code="INCH  $0, 0"/><instruction code="OR $0, $0, 0"/><instruction code="NEG $0, 0, $0"/><instruction code="OR $5, $0, 0"/><instruction code="SETL  $0, 17"/><instruction code="INCML $0, 0"/><instruction code="INCMH $0, 0"/><instruction code="INCH  $0, 0"/><instruction code="OR $4, $0, 0"/><instruction code="SETL  $0, 5"/><instruction code="INCML $0, 0"/><instruction code="INCMH $0, 0"/><instruction code="INCH  $0, 0"/><instruction code="OR $3, $0, 0"/><instruction code="SETL  $0, 6"/><instruction code="INCML $0, 0"/><instruction code="INCMH $0, 0"/><instruction code="INCH  $0, 0"/><instruction code="OR $2, $0, 0"/><instruction code="LDA $0, _ptt"/><instruction code="OR $0, $0, 0"/><instruction code="OR $1, $0, 0"/><instruction code="ADD $0, $253, 160"/><instruction code="LDO $0, $0, 0"/><instruction code="STO $0, $254, 8"/><instruction code="ADD $0, $253, 152"/><instruction code="LDO $0, $0, 0"/><instruction code="STO $0, $254, 16"/><instruction code="STO $7, $254, 24"/><instruction code="STO $6, $254, 32"/><instruction code="STO $5, $254, 40"/><instruction code="STO $4, $254, 48"/><instruction code="STO $3, $254, 56"/><instruction code="STO $2, $254, 64"/><instruction code="STO $1, $254, 72"/><instruction code="LDA $0, _test"/><instruction code="PUSHJ $16, $0, 0"/><instruction code="LDO $0, $254, 0"/><instruction code="OR $0, $0, 0"/><instruction code="ADD $0, $253, 152"/><instruction code="LDO $0, $0, 0"/><instruction code="OR $1, $0, 0"/><instruction code="SETL  $0, 128"/><instruction code="INCML $0, 0"/><instruction code="INCMH $0, 0"/><instruction code="INCH  $0, 0"/><instruction code="NEG $0, 0, $0"/><instruction code="OR $0, $0, 0"/><instruction code="ADD $0, $1, $0"/><instruction code="OR $0, $0, 0"/><instruction code="SETL  $0, 99"/><instruction code="INCML $0, 0"/><instruction code="INCMH $0, 0"/><instruction code="INCH  $0, 0"/><instruction code="OR $0, $0, 0"/><instruction code="SETL  $0, 0"/><instruction code="INCML $0, 0"/><instruction code="INCMH $0, 0"/><instruction code="INCH  $0, 0"/><instruction code="OR $0, $0, 0"/><instruction code="STO $0, $254, 8"/><instruction code="LDA $0, _x"/><instruction code="PUSHJ $16, $0, 0"/><instruction code="LDO $0, $254, 0"/><instruction code="OR $1, $0, 0"/><instruction code="SETL  $0, 50"/><instruction code="INCML $0, 0"/><instruction code="INCMH $0, 0"/><instruction code="INCH  $0, 0"/><instruction code="OR $0, $0, 0"/><instruction code="CMP $0, $1, $0"/><instruction code="ZSP $0, $0, 1"/><instruction code="OR $0, $0, 0"/><instruction code="BNZ $0, L4"/><instruction code="L31"/><instruction code="LDA $0, L5"/><instruction code="GO $0, $0, 0"/><instruction code="L4"/><instruction code="SETL  $0, 50"/><instruction code="INCML $0, 0"/><instruction code="INCMH $0, 0"/><instruction code="INCH  $0, 0"/><instruction code="OR $2, $0, 0"/><instruction code="LDA $1, _global"/><instruction code="SETL  $0, 0"/><instruction code="INCML $0, 0"/><instruction code="INCMH $0, 0"/><instruction code="INCH  $0, 0"/><instruction code="ADD $0, $1, $0"/><instruction code="STO $0, $2, 0"/><instruction code="SETL  $0, 3"/><instruction code="INCML $0, 0"/><instruction code="INCMH $0, 0"/><instruction code="INCH  $0, 0"/><instruction code="OR $3, $0, 0"/><instruction code="SETL  $0, 3"/><instruction code="INCML $0, 0"/><instruction code="INCMH $0, 0"/><instruction code="INCH  $0, 0"/><instruction code="OR $2, $0, 0"/><instruction code="LDA $1, _global"/><instruction code="SETL  $0, 0"/><instruction code="INCML $0, 0"/><instruction code="INCMH $0, 0"/><instruction code="INCH  $0, 0"/><instruction code="ADD $0, $1, $0"/><instruction code="STO $0, $2, 0"/><instruction code="LDA $0, _global"/><instruction code="OR $1, $0, 0"/><instruction code="SETL  $0, 0"/><instruction code="INCML $0, 0"/><instruction code="INCMH $0, 0"/><instruction code="INCH  $0, 0"/><instruction code="OR $0, $0, 0"/><instruction code="ADD $0, $1, $0"/><instruction code="OR $0, $0, 0"/><instruction code="OR $0, $0, 0"/><instruction code="OR $0, $0, 0"/><instruction code="ADD $0, $3, $0"/><instruction code="OR $2, $0, 0"/><instruction code="LDA $1, _global"/><instruction code="SETL  $0, 8"/><instruction code="INCML $0, 0"/><instruction code="INCMH $0, 0"/><instruction code="INCH  $0, 0"/><instruction code="ADD $0, $1, $0"/><instruction code="STO $0, $2, 0"/><instruction code="LDA $0, L6"/><instruction code="GO $0, $0, 0"/><instruction code="L5"/><instruction code="SETL  $0, 49"/><instruction code="INCML $0, 0"/><instruction code="INCMH $0, 0"/><instruction code="INCH  $0, 0"/><instruction code="OR $2, $0, 0"/><instruction code="LDA $1, _global"/><instruction code="SETL  $0, 0"/><instruction code="INCML $0, 0"/><instruction code="INCMH $0, 0"/><instruction code="INCH  $0, 0"/><instruction code="ADD $0, $1, $0"/><instruction code="STO $0, $2, 0"/><instruction code="SETL  $0, 2"/><instruction code="INCML $0, 0"/><instruction code="INCMH $0, 0"/><instruction code="INCH  $0, 0"/><instruction code="OR $2, $0, 0"/><instruction code="LDA $1, _global"/><instruction code="SETL  $0, 8"/><instruction code="INCML $0, 0"/><instruction code="INCMH $0, 0"/><instruction code="INCH  $0, 0"/><instruction code="ADD $0, $1, $0"/><instruction code="STO $0, $2, 0"/><instruction code="L6"/><instruction code="SETL  $0, 0"/><instruction code="INCML $0, 0"/><instruction code="INCMH $0, 0"/><instruction code="INCH  $0, 0"/><instruction code="OR $0, $0, 0"/><instruction code="STO $0, $254, 8"/><instruction code="LDA $0, _x"/><instruction code="PUSHJ $16, $0, 0"/><instruction code="LDO $0, $254, 0"/><instruction code="OR $1, $0, 0"/><instruction code="SETL  $0, 50"/><instruction code="INCML $0, 0"/><instruction code="INCMH $0, 0"/><instruction code="INCH  $0, 0"/><instruction code="OR $0, $0, 0"/><instruction code="CMP $0, $1, $0"/><instruction code="ZSP $0, $0, 1"/><instruction code="OR $0, $0, 0"/><instruction code="BNZ $0, L7"/><instruction code="L32"/><instruction code="LDA $0, L8"/><instruction code="GO $0, $0, 0"/><instruction code="L7"/><instruction code="SETL  $0, 1"/><instruction code="INCML $0, 0"/><instruction code="INCMH $0, 0"/><instruction code="INCH  $0, 0"/><instruction code="OR $0, $0, 0"/><instruction code="L8"/><instruction code="L14"/><instruction code="ADD $0, $253, 152"/><instruction code="LDO $0, $0, 0"/><instruction code="OR $2, $0, 0"/><instruction code="SETL  $0, 3"/><instruction code="INCML $0, 0"/><instruction code="INCMH $0, 0"/><instruction code="INCH  $0, 0"/><instruction code="OR $1, $0, 0"/><instruction code="SETL  $0, 3"/><instruction code="INCML $0, 0"/><instruction code="INCMH $0, 0"/><instruction code="INCH  $0, 0"/><instruction code="OR $0, $0, 0"/><instruction code="STO $2, $254, 8"/><instruction code="STO $1, $254, 16"/><instruction code="STO $0, $254, 24"/><instruction code="LDA $0, L0"/><instruction code="PUSHJ $16, $0, 0"/><instruction code="LDO $0, $254, 0"/><instruction code="OR $1, $0, 0"/><instruction code="SETL  $0, 0"/><instruction code="INCML $0, 0"/><instruction code="INCMH $0, 0"/><instruction code="INCH  $0, 0"/><instruction code="OR $0, $0, 0"/><instruction code="CMP $0, $1, $0"/><instruction code="ZSP $0, $0, 1"/><instruction code="OR $0, $0, 0"/><instruction code="BNZ $0, L15"/><instruction code="L33"/><instruction code="LDA $0, L16"/><instruction code="GO $0, $0, 0"/><instruction code="L15"/><instruction code="ADD $0, $253, 152"/><instruction code="LDO $0, $0, 0"/><instruction code="OR $1, $0, 0"/><instruction code="SETL  $0, 16"/><instruction code="INCML $0, 0"/><instruction code="INCMH $0, 0"/><instruction code="INCH  $0, 0"/><instruction code="NEG $0, 0, $0"/><instruction code="OR $0, $0, 0"/><instruction code="ADD $0, $1, $0"/><instruction code="OR $0, $0, 0"/><instruction code="OR $1, $0, 0"/><instruction code="SETL  $0, 17"/><instruction code="INCML $0, 0"/><instruction code="INCMH $0, 0"/><instruction code="INCH  $0, 0"/><instruction code="OR $0, $0, 0"/><instruction code="ADD $0, $1, $0"/><instruction code="OR $2, $0, 0"/><instruction code="SETL  $1, 16"/><instruction code="INCML $1, 0"/><instruction code="INCMH $1, 0"/><instruction code="INCH  $1, 0"/><instruction code="NEG $1, 0, $1"/><instruction code="ADD $0, $253, 152"/><instruction code="LDO $0, $0, 0"/><instruction code="ADD $0, $0, $1"/><instruction code="STO $0, $2, 0"/><instruction code="SETL  $0, 0"/><instruction code="INCML $0, 0"/><instruction code="INCMH $0, 0"/><instruction code="INCH  $0, 0"/><instruction code="OR $0, $0, 0"/><instruction code="STO $0, $254, 8"/><instruction code="LDA $0, _x"/><instruction code="PUSHJ $16, $0, 0"/><instruction code="LDO $0, $254, 0"/><instruction code="OR $1, $0, 0"/><instruction code="SETL  $0, 97"/><instruction code="INCML $0, 0"/><instruction code="INCMH $0, 0"/><instruction code="INCH  $0, 0"/><instruction code="OR $0, $0, 0"/><instruction code="CMP $0, $1, $0"/><instruction code="ZSNN $0, $0, 1"/><instruction code="OR $0, $0, 0"/><instruction code="BNZ $0, L11"/><instruction code="L34"/><instruction code="LDA $0, L12"/><instruction code="GO $0, $0, 0"/><instruction code="L11"/><instruction code="ADD $0, $253, 152"/><instruction code="LDO $0, $0, 0"/><instruction code="OR $1, $0, 0"/><instruction code="SETL  $0, 16"/><instruction code="INCML $0, 0"/><instruction code="INCMH $0, 0"/><instruction code="INCH  $0, 0"/><instruction code="NEG $0, 0, $0"/><instruction code="OR $0, $0, 0"/><instruction code="ADD $0, $1, $0"/><instruction code="OR $0, $0, 0"/><instruction code="OR $1, $0, 0"/><instruction code="SETL  $0, 1"/><instruction code="INCML $0, 0"/><instruction code="INCMH $0, 0"/><instruction code="INCH  $0, 0"/><instruction code="OR $0, $0, 0"/><instruction code="ADD $0, $1, $0"/><instruction code="OR $2, $0, 0"/><instruction code="SETL  $1, 16"/><instruction code="INCML $1, 0"/><instruction code="INCMH $1, 0"/><instruction code="INCH  $1, 0"/><instruction code="NEG $1, 0, $1"/><instruction code="ADD $0, $253, 152"/><instruction code="LDO $0, $0, 0"/><instruction code="ADD $0, $0, $1"/><instruction code="STO $0, $2, 0"/><instruction code="ADD $0, $253, 152"/><instruction code="LDO $0, $0, 0"/><instruction code="OR $1, $0, 0"/><instruction code="SETL  $0, 128"/><instruction code="INCML $0, 0"/><instruction code="INCMH $0, 0"/><instruction code="INCH  $0, 0"/><instruction code="NEG $0, 0, $0"/><instruction code="OR $0, $0, 0"/><instruction code="ADD $0, $1, $0"/><instruction code="OR $0, $0, 0"/><instruction code="OR $1, $0, 0"/><instruction code="SETL  $0, 3"/><instruction code="INCML $0, 0"/><instruction code="INCMH $0, 0"/><instruction code="INCH  $0, 0"/><instruction code="OR $0, $0, 0"/><instruction code="ADD $0, $1, $0"/><instruction code="OR $2, $0, 0"/><instruction code="SETL  $1, 128"/><instruction code="INCML $1, 0"/><instruction code="INCMH $1, 0"/><instruction code="INCH  $1, 0"/><instruction code="NEG $1, 0, $1"/><instruction code="ADD $0, $253, 152"/><instruction code="LDO $0, $0, 0"/><instruction code="ADD $0, $0, $1"/><instruction code="STO $0, $2, 0"/><instruction code="LDA $0, L13"/><instruction code="GO $0, $0, 0"/><instruction code="L12"/><instruction code="SETL  $0, 0"/><instruction code="INCML $0, 0"/><instruction code="INCMH $0, 0"/><instruction code="INCH  $0, 0"/><instruction code="OR $0, $0, 0"/><instruction code="STO $0, $254, 8"/><instruction code="LDA $0, _x"/><instruction code="PUSHJ $16, $0, 0"/><instruction code="LDO $0, $254, 0"/><instruction code="OR $1, $0, 0"/><instruction code="SETL  $0, 122"/><instruction code="INCML $0, 0"/><instruction code="INCMH $0, 0"/><instruction code="INCH  $0, 0"/><instruction code="OR $0, $0, 0"/><instruction code="CMP $0, $1, $0"/><instruction code="ZSNP $0, $0, 1"/><instruction code="OR $0, $0, 0"/><instruction code="BNZ $0, L9"/><instruction code="L35"/><instruction code="LDA $0, L10"/><instruction code="GO $0, $0, 0"/><instruction code="L9"/><instruction code="ADD $0, $253, 152"/><instruction code="LDO $0, $0, 0"/><instruction code="OR $1, $0, 0"/><instruction code="SETL  $0, 128"/><instruction code="INCML $0, 0"/><instruction code="INCMH $0, 0"/><instruction code="INCH  $0, 0"/><instruction code="NEG $0, 0, $0"/><instruction code="OR $0, $0, 0"/><instruction code="ADD $0, $1, $0"/><instruction code="OR $0, $0, 0"/><instruction code="OR $1, $0, 0"/><instruction code="SETL  $0, 3"/><instruction code="INCML $0, 0"/><instruction code="INCMH $0, 0"/><instruction code="INCH  $0, 0"/><instruction code="OR $0, $0, 0"/><instruction code="SUB $0, $1, $0"/><instruction code="OR $2, $0, 0"/><instruction code="SETL  $1, 128"/><instruction code="INCML $1, 0"/><instruction code="INCMH $1, 0"/><instruction code="INCH  $1, 0"/><instruction code="NEG $1, 0, $1"/><instruction code="ADD $0, $253, 152"/><instruction code="LDO $0, $0, 0"/><instruction code="ADD $0, $0, $1"/><instruction code="STO $0, $2, 0"/><instruction code="L10"/><instruction code="L13"/><instruction code="LDA $0, L14"/><instruction code="GO $0, $0, 0"/><instruction code="L16"/><instruction code="SETL  $0, 0"/><instruction code="INCML $0, 0"/><instruction code="INCMH $0, 0"/><instruction code="INCH  $0, 0"/><instruction code="OR $0, $0, 0"/><instruction code="OR $0, $0, 0"/><instruction code="LDA $0, L37"/><instruction code="GO $0, $0, 0"/></instructions></code></ralloc>