<?xml version="1.0" encoding="UTF-8" standalone="no"?><?xml-stylesheet type="text/xsl" href="../../data/ralloc.xsl"?><ralloc><code entrylabel="L120" exitlabel="L121" tempsize="0"><frame FP="T0" RV="T1" argssize="16" depth="1" label="_putInt" locssize="0" size="32"/><instructions><instruction code="L120"/><instruction code="OR $1,$253,0"/><instruction code="SETL $0,8"/><instruction code="INCML $0,0"/><instruction code="INCMH $0,0"/><instruction code="INCH $0,0"/><instruction code="OR $0,$0,0"/><instruction code="ADD $0,$1,$0"/><instruction code="OR $0,$0,0"/><instruction code="LDO $0,$0,0"/><instruction code="OR $1,$0,0"/><instruction code="SETL $0,0"/><instruction code="INCML $0,0"/><instruction code="INCMH $0,0"/><instruction code="INCH $0,0"/><instruction code="OR $0,$0,0"/><instruction code="CMP $0,$1,$0"/><instruction code="ZSZ $0,$0,1"/><instruction code="OR $0,$0,0"/><instruction code="BNZ $0,L11"/><instruction code="L117"/><instruction code="JMP L12"/><instruction code="L11"/><instruction code="SETL $0,0"/><instruction code="INCML $0,0"/><instruction code="INCMH $0,0"/><instruction code="INCH $0,0"/><instruction code="OR $1,$0,0"/><instruction code="SETL $0,48"/><instruction code="INCML $0,0"/><instruction code="INCMH $0,0"/><instruction code="INCH $0,0"/><instruction code="OR $0,$0,0"/><instruction code="STO $1,$254,0"/><instruction code="STO $0,$254,8"/><instruction code="PUSHJ $8,_putChar"/><instruction code="LDO $0,$254,0"/><instruction code="OR $0,$0,0"/><instruction code="JMP L13"/><instruction code="L12"/><instruction code="OR $1,$253,0"/><instruction code="SETL $0,8"/><instruction code="INCML $0,0"/><instruction code="INCMH $0,0"/><instruction code="INCH $0,0"/><instruction code="OR $0,$0,0"/><instruction code="ADD $0,$1,$0"/><instruction code="OR $0,$0,0"/><instruction code="LDO $0,$0,0"/><instruction code="OR $1,$0,0"/><instruction code="SETL $0,0"/><instruction code="INCML $0,0"/><instruction code="INCMH $0,0"/><instruction code="INCH $0,0"/><instruction code="OR $0,$0,0"/><instruction code="CMP $0,$1,$0"/><instruction code="ZSN $0,$0,1"/><instruction code="OR $0,$0,0"/><instruction code="BNZ $0,L8"/><instruction code="L118"/><instruction code="JMP L9"/><instruction code="L8"/><instruction code="SETL $0,0"/><instruction code="INCML $0,0"/><instruction code="INCMH $0,0"/><instruction code="INCH $0,0"/><instruction code="OR $1,$0,0"/><instruction code="SETL $0,45"/><instruction code="INCML $0,0"/><instruction code="INCMH $0,0"/><instruction code="INCH $0,0"/><instruction code="OR $0,$0,0"/><instruction code="STO $1,$254,0"/><instruction code="STO $0,$254,8"/><instruction code="PUSHJ $8,_putChar"/><instruction code="LDO $0,$254,0"/><instruction code="OR $0,$0,0"/><instruction code="SETL $0,0"/><instruction code="INCML $0,0"/><instruction code="INCMH $0,0"/><instruction code="INCH $0,0"/><instruction code="OR $2,$0,0"/><instruction code="OR $1,$253,0"/><instruction code="SETL $0,8"/><instruction code="INCML $0,0"/><instruction code="INCMH $0,0"/><instruction code="INCH $0,0"/><instruction code="OR $0,$0,0"/><instruction code="ADD $0,$1,$0"/><instruction code="OR $0,$0,0"/><instruction code="LDO $0,$0,0"/><instruction code="OR $0,$0,0"/><instruction code="NEG $0,0,$0"/><instruction code="OR $0,$0,0"/><instruction code="STO $2,$254,0"/><instruction code="STO $0,$254,8"/><instruction code="PUSHJ $8,_putInt"/><instruction code="LDO $0,$254,0"/><instruction code="OR $0,$0,0"/><instruction code="JMP L10"/><instruction code="L9"/><instruction code="OR $1,$253,0"/><instruction code="SETL $0,8"/><instruction code="INCML $0,0"/><instruction code="INCMH $0,0"/><instruction code="INCH $0,0"/><instruction code="OR $0,$0,0"/><instruction code="ADD $0,$1,$0"/><instruction code="OR $0,$0,0"/><instruction code="LDO $0,$0,0"/><instruction code="OR $1,$0,0"/><instruction code="SETL $0,10"/><instruction code="INCML $0,0"/><instruction code="INCMH $0,0"/><instruction code="INCH $0,0"/><instruction code="OR $0,$0,0"/><instruction code="CMP $0,$1,$0"/><instruction code="ZSN $0,$0,1"/><instruction code="OR $0,$0,0"/><instruction code="BNZ $0,L5"/><instruction code="L119"/><instruction code="JMP L6"/><instruction code="L5"/><instruction code="SETL $0,0"/><instruction code="INCML $0,0"/><instruction code="INCMH $0,0"/><instruction code="INCH $0,0"/><instruction code="OR $2,$0,0"/><instruction code="OR $1,$253,0"/><instruction code="SETL $0,8"/><instruction code="INCML $0,0"/><instruction code="INCMH $0,0"/><instruction code="INCH $0,0"/><instruction code="OR $0,$0,0"/><instruction code="ADD $0,$1,$0"/><instruction code="OR $0,$0,0"/><instruction code="LDO $0,$0,0"/><instruction code="OR $1,$0,0"/><instruction code="SETL $0,48"/><instruction code="INCML $0,0"/><instruction code="INCMH $0,0"/><instruction code="INCH $0,0"/><instruction code="OR $0,$0,0"/><instruction code="ADD $0,$1,$0"/><instruction code="OR $1,$0,0"/><instruction code="SETL $0,256"/><instruction code="INCML $0,0"/><instruction code="INCMH $0,0"/><instruction code="INCH $0,0"/><instruction code="OR $0,$0,0"/><instruction code="DIV $0,$1,$0"/><instruction code="GET $0,rR"/><instruction code="OR $0,$0,0"/><instruction code="STO $2,$254,0"/><instruction code="STO $0,$254,8"/><instruction code="PUSHJ $8,_putChar"/><instruction code="LDO $0,$254,0"/><instruction code="OR $0,$0,0"/><instruction code="JMP L7"/><instruction code="L6"/><instruction code="SETL $0,0"/><instruction code="INCML $0,0"/><instruction code="INCMH $0,0"/><instruction code="INCH $0,0"/><instruction code="OR $2,$0,0"/><instruction code="OR $1,$253,0"/><instruction code="SETL $0,8"/><instruction code="INCML $0,0"/><instruction code="INCMH $0,0"/><instruction code="INCH $0,0"/><instruction code="OR $0,$0,0"/><instruction code="ADD $0,$1,$0"/><instruction code="OR $0,$0,0"/><instruction code="LDO $0,$0,0"/><instruction code="OR $1,$0,0"/><instruction code="SETL $0,10"/><instruction code="INCML $0,0"/><instruction code="INCMH $0,0"/><instruction code="INCH $0,0"/><instruction code="OR $0,$0,0"/><instruction code="DIV $0,$1,$0"/><instruction code="OR $0,$0,0"/><instruction code="STO $2,$254,0"/><instruction code="STO $0,$254,8"/><instruction code="PUSHJ $8,_putInt"/><instruction code="LDO $0,$254,0"/><instruction code="OR $0,$0,0"/><instruction code="SETL $0,0"/><instruction code="INCML $0,0"/><instruction code="INCMH $0,0"/><instruction code="INCH $0,0"/><instruction code="OR $0,$0,0"/><instruction code="OR $2,$253,0"/><instruction code="SETL $1,8"/><instruction code="INCML $1,0"/><instruction code="INCMH $1,0"/><instruction code="INCH $1,0"/><instruction code="OR $1,$1,0"/><instruction code="ADD $1,$2,$1"/><instruction code="OR $1,$1,0"/><instruction code="LDO $1,$1,0"/><instruction code="OR $2,$1,0"/><instruction code="SETL $1,10"/><instruction code="INCML $1,0"/><instruction code="INCMH $1,0"/><instruction code="INCH $1,0"/><instruction code="OR $1,$1,0"/><instruction code="DIV $1,$2,$1"/><instruction code="GET $1,rR"/><instruction code="OR $2,$1,0"/><instruction code="SETL $1,48"/><instruction code="INCML $1,0"/><instruction code="INCMH $1,0"/><instruction code="INCH $1,0"/><instruction code="OR $1,$1,0"/><instruction code="ADD $1,$2,$1"/><instruction code="OR $2,$1,0"/><instruction code="SETL $1,256"/><instruction code="INCML $1,0"/><instruction code="INCMH $1,0"/><instruction code="INCH $1,0"/><instruction code="OR $1,$1,0"/><instruction code="DIV $1,$2,$1"/><instruction code="GET $1,rR"/><instruction code="OR $1,$1,0"/><instruction code="STO $0,$254,0"/><instruction code="STO $1,$254,8"/><instruction code="PUSHJ $8,_putChar"/><instruction code="LDO $0,$254,0"/><instruction code="OR $0,$0,0"/><instruction code="L7"/><instruction code="L10"/><instruction code="L13"/><instruction code="SETL $0,0"/><instruction code="INCML $0,0"/><instruction code="INCMH $0,0"/><instruction code="INCH $0,0"/><instruction code="OR $0,$0,0"/><instruction code="OR $0,$0,0"/><instruction code="JMP L121"/></instructions></code><code entrylabel="L126" exitlabel="L127" tempsize="0"><frame FP="T6" RV="T7" argssize="24" depth="1" label="_main" locssize="680" size="720"/><instructions><instruction code="L126"/><instruction code="SETL $0,0"/><instruction code="INCML $0,0"/><instruction code="INCMH $0,0"/><instruction code="INCH $0,0"/><instruction code="OR $1,$0,0"/><instruction code="LDA $0,L14"/><instruction code="OR $0,$0,0"/><instruction code="STO $1,$254,0"/><instruction code="STO $0,$254,8"/><instruction code="PUSHJ $8,_putString"/><instruction code="LDO $0,$254,0"/><instruction code="OR $0,$0,0"/><instruction code="SETL $0,0"/><instruction code="INCML $0,0"/><instruction code="INCMH $0,0"/><instruction code="INCH $0,0"/><instruction code="OR $1,$0,0"/><instruction code="LDA $0,L15"/><instruction code="OR $0,$0,0"/><instruction code="STO $1,$254,0"/><instruction code="STO $0,$254,8"/><instruction code="PUSHJ $8,_putString"/><instruction code="LDO $0,$254,0"/><instruction code="OR $0,$0,0"/><instruction code="SETL $0,0"/><instruction code="INCML $0,0"/><instruction code="INCMH $0,0"/><instruction code="INCH $0,0"/><instruction code="OR $2,$0,0"/><instruction code="SETL $0,10"/><instruction code="INCML $0,0"/><instruction code="INCMH $0,0"/><instruction code="INCH $0,0"/><instruction code="OR $1,$0,0"/><instruction code="SETL $0,256"/><instruction code="INCML $0,0"/><instruction code="INCMH $0,0"/><instruction code="INCH $0,0"/><instruction code="OR $0,$0,0"/><instruction code="DIV $0,$1,$0"/><instruction code="GET $0,rR"/><instruction code="OR $0,$0,0"/><instruction code="STO $2,$254,0"/><instruction code="STO $0,$254,8"/><instruction code="PUSHJ $8,_putChar"/><instruction code="LDO $0,$254,0"/><instruction code="OR $0,$0,0"/><instruction code="OR $1,$253,0"/><instruction code="SETL $0,8"/><instruction code="INCML $0,0"/><instruction code="INCMH $0,0"/><instruction code="INCH $0,0"/><instruction code="NEG $0,0,$0"/><instruction code="OR $0,$0,0"/><instruction code="ADD $0,$1,$0"/><instruction code="OR $1,$0,0"/><instruction code="SETL $0,1"/><instruction code="INCML $0,0"/><instruction code="INCMH $0,0"/><instruction code="INCH $0,0"/><instruction code="OR $0,$0,0"/><instruction code="STO $0,$1,0"/><instruction code="L17"/><instruction code="OR $1,$253,0"/><instruction code="SETL $0,8"/><instruction code="INCML $0,0"/><instruction code="INCMH $0,0"/><instruction code="INCH $0,0"/><instruction code="NEG $0,0,$0"/><instruction code="OR $0,$0,0"/><instruction code="ADD $0,$1,$0"/><instruction code="OR $0,$0,0"/><instruction code="LDO $0,$0,0"/><instruction code="OR $1,$0,0"/><instruction code="SETL $0,10"/><instruction code="INCML $0,0"/><instruction code="INCMH $0,0"/><instruction code="INCH $0,0"/><instruction code="OR $0,$0,0"/><instruction code="CMP $0,$1,$0"/><instruction code="ZSNP $0,$0,1"/><instruction code="OR $0,$0,0"/><instruction code="BNZ $0,L18"/><instruction code="L122"/><instruction code="JMP L19"/><instruction code="L18"/><instruction code="SETL $0,0"/><instruction code="INCML $0,0"/><instruction code="INCMH $0,0"/><instruction code="INCH $0,0"/><instruction code="OR $2,$0,0"/><instruction code="OR $1,$253,0"/><instruction code="SETL $0,8"/><instruction code="INCML $0,0"/><instruction code="INCMH $0,0"/><instruction code="INCH $0,0"/><instruction code="NEG $0,0,$0"/><instruction code="OR $0,$0,0"/><instruction code="ADD $0,$1,$0"/><instruction code="OR $0,$0,0"/><instruction code="LDO $0,$0,0"/><instruction code="OR $0,$0,0"/><instruction code="STO $2,$254,0"/><instruction code="STO $0,$254,8"/><instruction code="PUSHJ $8,_putInt"/><instruction code="LDO $0,$254,0"/><instruction code="OR $0,$0,0"/><instruction code="SETL $0,0"/><instruction code="INCML $0,0"/><instruction code="INCMH $0,0"/><instruction code="INCH $0,0"/><instruction code="OR $1,$0,0"/><instruction code="LDA $0,L16"/><instruction code="OR $0,$0,0"/><instruction code="STO $1,$254,0"/><instruction code="STO $0,$254,8"/><instruction code="PUSHJ $8,_putString"/><instruction code="LDO $0,$254,0"/><instruction code="OR $0,$0,0"/><instruction code="SETL $0,0"/><instruction code="INCML $0,0"/><instruction code="INCMH $0,0"/><instruction code="INCH $0,0"/><instruction code="OR $3,$0,0"/><instruction code="SETL $0,0"/><instruction code="INCML $0,0"/><instruction code="INCMH $0,0"/><instruction code="INCH $0,0"/><instruction code="OR $2,$0,0"/><instruction code="OR $1,$253,0"/><instruction code="SETL $0,8"/><instruction code="INCML $0,0"/><instruction code="INCMH $0,0"/><instruction code="INCH $0,0"/><instruction code="NEG $0,0,$0"/><instruction code="OR $0,$0,0"/><instruction code="ADD $0,$1,$0"/><instruction code="OR $0,$0,0"/><instruction code="LDO $0,$0,0"/><instruction code="OR $0,$0,0"/><instruction code="STO $2,$254,0"/><instruction code="STO $0,$254,8"/><instruction code="PUSHJ $8,_facItr"/><instruction code="LDO $0,$254,0"/><instruction code="OR $0,$0,0"/><instruction code="STO $3,$254,0"/><instruction code="STO $0,$254,8"/><instruction code="PUSHJ $8,_putInt"/><instruction code="LDO $0,$254,0"/><instruction code="OR $0,$0,0"/><instruction code="SETL $0,0"/><instruction code="INCML $0,0"/><instruction code="INCMH $0,0"/><instruction code="INCH $0,0"/><instruction code="OR $2,$0,0"/><instruction code="SETL $0,10"/><instruction code="INCML $0,0"/><instruction code="INCMH $0,0"/><instruction code="INCH $0,0"/><instruction code="OR $1,$0,0"/><instruction code="SETL $0,256"/><instruction code="INCML $0,0"/><instruction code="INCMH $0,0"/><instruction code="INCH $0,0"/><instruction code="OR $0,$0,0"/><instruction code="DIV $0,$1,$0"/><instruction code="GET $0,rR"/><instruction code="OR $0,$0,0"/><instruction code="STO $2,$254,0"/><instruction code="STO $0,$254,8"/><instruction code="PUSHJ $8,_putChar"/><instruction code="LDO $0,$254,0"/><instruction code="OR $0,$0,0"/><instruction code="OR $1,$253,0"/><instruction code="SETL $0,8"/><instruction code="INCML $0,0"/><instruction code="INCMH $0,0"/><instruction code="INCH $0,0"/><instruction code="NEG $0,0,$0"/><instruction code="OR $0,$0,0"/><instruction code="ADD $0,$1,$0"/><instruction code="OR $2,$0,0"/><instruction code="OR $1,$253,0"/><instruction code="SETL $0,8"/><instruction code="INCML $0,0"/><instruction code="INCMH $0,0"/><instruction code="INCH $0,0"/><instruction code="NEG $0,0,$0"/><instruction code="OR $0,$0,0"/><instruction code="ADD $0,$1,$0"/><instruction code="OR $0,$0,0"/><instruction code="LDO $0,$0,0"/><instruction code="OR $1,$0,0"/><instruction code="SETL $0,1"/><instruction code="INCML $0,0"/><instruction code="INCMH $0,0"/><instruction code="INCH $0,0"/><instruction code="OR $0,$0,0"/><instruction code="ADD $0,$1,$0"/><instruction code="OR $0,$0,0"/><instruction code="STO $0,$2,0"/><instruction code="JMP L17"/><instruction code="L19"/><instruction code="SETL $0,0"/><instruction code="INCML $0,0"/><instruction code="INCMH $0,0"/><instruction code="INCH $0,0"/><instruction code="OR $1,$0,0"/><instruction code="LDA $0,L20"/><instruction code="OR $0,$0,0"/><instruction code="STO $1,$254,0"/><instruction code="STO $0,$254,8"/><instruction code="PUSHJ $8,_putString"/><instruction code="LDO $0,$254,0"/><instruction code="OR $0,$0,0"/><instruction code="SETL $0,0"/><instruction code="INCML $0,0"/><instruction code="INCMH $0,0"/><instruction code="INCH $0,0"/><instruction code="OR $2,$0,0"/><instruction code="SETL $0,10"/><instruction code="INCML $0,0"/><instruction code="INCMH $0,0"/><instruction code="INCH $0,0"/><instruction code="OR $1,$0,0"/><instruction code="SETL $0,256"/><instruction code="INCML $0,0"/><instruction code="INCMH $0,0"/><instruction code="INCH $0,0"/><instruction code="OR $0,$0,0"/><instruction code="DIV $0,$1,$0"/><instruction code="GET $0,rR"/><instruction code="OR $0,$0,0"/><instruction code="STO $2,$254,0"/><instruction code="STO $0,$254,8"/><instruction code="PUSHJ $8,_putChar"/><instruction code="LDO $0,$254,0"/><instruction code="OR $0,$0,0"/><instruction code="OR $1,$253,0"/><instruction code="SETL $0,8"/><instruction code="INCML $0,0"/><instruction code="INCMH $0,0"/><instruction code="INCH $0,0"/><instruction code="NEG $0,0,$0"/><instruction code="OR $0,$0,0"/><instruction code="ADD $0,$1,$0"/><instruction code="OR $1,$0,0"/><instruction code="SETL $0,1"/><instruction code="INCML $0,0"/><instruction code="INCMH $0,0"/><instruction code="INCH $0,0"/><instruction code="OR $0,$0,0"/><instruction code="STO $0,$1,0"/><instruction code="L22"/><instruction code="OR $1,$253,0"/><instruction code="SETL $0,8"/><instruction code="INCML $0,0"/><instruction code="INCMH $0,0"/><instruction code="INCH $0,0"/><instruction code="NEG $0,0,$0"/><instruction code="OR $0,$0,0"/><instruction code="ADD $0,$1,$0"/><instruction code="OR $0,$0,0"/><instruction code="LDO $0,$0,0"/><instruction code="OR $1,$0,0"/><instruction code="SETL $0,10"/><instruction code="INCML $0,0"/><instruction code="INCMH $0,0"/><instruction code="INCH $0,0"/><instruction code="OR $0,$0,0"/><instruction code="CMP $0,$1,$0"/><instruction code="ZSNP $0,$0,1"/><instruction code="OR $0,$0,0"/><instruction code="BNZ $0,L23"/><instruction code="L123"/><instruction code="JMP L24"/><instruction code="L23"/><instruction code="SETL $0,0"/><instruction code="INCML $0,0"/><instruction code="INCMH $0,0"/><instruction code="INCH $0,0"/><instruction code="OR $2,$0,0"/><instruction code="OR $1,$253,0"/><instruction code="SETL $0,8"/><instruction code="INCML $0,0"/><instruction code="INCMH $0,0"/><instruction code="INCH $0,0"/><instruction code="NEG $0,0,$0"/><instruction code="OR $0,$0,0"/><instruction code="ADD $0,$1,$0"/><instruction code="OR $0,$0,0"/><instruction code="LDO $0,$0,0"/><instruction code="OR $0,$0,0"/><instruction code="STO $2,$254,0"/><instruction code="STO $0,$254,8"/><instruction code="PUSHJ $8,_putInt"/><instruction code="LDO $0,$254,0"/><instruction code="OR $0,$0,0"/><instruction code="SETL $0,0"/><instruction code="INCML $0,0"/><instruction code="INCMH $0,0"/><instruction code="INCH $0,0"/><instruction code="OR $1,$0,0"/><instruction code="LDA $0,L21"/><instruction code="OR $0,$0,0"/><instruction code="STO $1,$254,0"/><instruction code="STO $0,$254,8"/><instruction code="PUSHJ $8,_putString"/><instruction code="LDO $0,$254,0"/><instruction code="OR $0,$0,0"/><instruction code="SETL $0,0"/><instruction code="INCML $0,0"/><instruction code="INCMH $0,0"/><instruction code="INCH $0,0"/><instruction code="OR $3,$0,0"/><instruction code="SETL $0,0"/><instruction code="INCML $0,0"/><instruction code="INCMH $0,0"/><instruction code="INCH $0,0"/><instruction code="OR $2,$0,0"/><instruction code="OR $1,$253,0"/><instruction code="SETL $0,8"/><instruction code="INCML $0,0"/><instruction code="INCMH $0,0"/><instruction code="INCH $0,0"/><instruction code="NEG $0,0,$0"/><instruction code="OR $0,$0,0"/><instruction code="ADD $0,$1,$0"/><instruction code="OR $0,$0,0"/><instruction code="LDO $0,$0,0"/><instruction code="OR $0,$0,0"/><instruction code="STO $2,$254,0"/><instruction code="STO $0,$254,8"/><instruction code="PUSHJ $8,_facRec"/><instruction code="LDO $0,$254,0"/><instruction code="OR $0,$0,0"/><instruction code="STO $3,$254,0"/><instruction code="STO $0,$254,8"/><instruction code="PUSHJ $8,_putInt"/><instruction code="LDO $0,$254,0"/><instruction code="OR $0,$0,0"/><instruction code="SETL $0,0"/><instruction code="INCML $0,0"/><instruction code="INCMH $0,0"/><instruction code="INCH $0,0"/><instruction code="OR $2,$0,0"/><instruction code="SETL $0,10"/><instruction code="INCML $0,0"/><instruction code="INCMH $0,0"/><instruction code="INCH $0,0"/><instruction code="OR $1,$0,0"/><instruction code="SETL $0,256"/><instruction code="INCML $0,0"/><instruction code="INCMH $0,0"/><instruction code="INCH $0,0"/><instruction code="OR $0,$0,0"/><instruction code="DIV $0,$1,$0"/><instruction code="GET $0,rR"/><instruction code="OR $0,$0,0"/><instruction code="STO $2,$254,0"/><instruction code="STO $0,$254,8"/><instruction code="PUSHJ $8,_putChar"/><instruction code="LDO $0,$254,0"/><instruction code="OR $0,$0,0"/><instruction code="OR $1,$253,0"/><instruction code="SETL $0,8"/><instruction code="INCML $0,0"/><instruction code="INCMH $0,0"/><instruction code="INCH $0,0"/><instruction code="NEG $0,0,$0"/><instruction code="OR $0,$0,0"/><instruction code="ADD $0,$1,$0"/><instruction code="OR $2,$0,0"/><instruction code="OR $1,$253,0"/><instruction code="SETL $0,8"/><instruction code="INCML $0,0"/><instruction code="INCMH $0,0"/><instruction code="INCH $0,0"/><instruction code="NEG $0,0,$0"/><instruction code="OR $0,$0,0"/><instruction code="ADD $0,$1,$0"/><instruction code="OR $0,$0,0"/><instruction code="LDO $0,$0,0"/><instruction code="OR $1,$0,0"/><instruction code="SETL $0,1"/><instruction code="INCML $0,0"/><instruction code="INCMH $0,0"/><instruction code="INCH $0,0"/><instruction code="OR $0,$0,0"/><instruction code="ADD $0,$1,$0"/><instruction code="OR $0,$0,0"/><instruction code="STO $0,$2,0"/><instruction code="JMP L22"/><instruction code="L24"/><instruction code="SETL $0,0"/><instruction code="INCML $0,0"/><instruction code="INCMH $0,0"/><instruction code="INCH $0,0"/><instruction code="OR $1,$0,0"/><instruction code="LDA $0,L25"/><instruction code="OR $0,$0,0"/><instruction code="STO $1,$254,0"/><instruction code="STO $0,$254,8"/><instruction code="PUSHJ $8,_putString"/><instruction code="LDO $0,$254,0"/><instruction code="OR $0,$0,0"/><instruction code="SETL $0,0"/><instruction code="INCML $0,0"/><instruction code="INCMH $0,0"/><instruction code="INCH $0,0"/><instruction code="OR $2,$0,0"/><instruction code="SETL $0,10"/><instruction code="INCML $0,0"/><instruction code="INCMH $0,0"/><instruction code="INCH $0,0"/><instruction code="OR $1,$0,0"/><instruction code="SETL $0,256"/><instruction code="INCML $0,0"/><instruction code="INCMH $0,0"/><instruction code="INCH $0,0"/><instruction code="OR $0,$0,0"/><instruction code="DIV $0,$1,$0"/><instruction code="GET $0,rR"/><instruction code="OR $0,$0,0"/><instruction code="STO $2,$254,0"/><instruction code="STO $0,$254,8"/><instruction code="PUSHJ $8,_putChar"/><instruction code="LDO $0,$254,0"/><instruction code="OR $0,$0,0"/><instruction code="OR $1,$253,0"/><instruction code="SETL $0,8"/><instruction code="INCML $0,0"/><instruction code="INCMH $0,0"/><instruction code="INCH $0,0"/><instruction code="NEG $0,0,$0"/><instruction code="OR $0,$0,0"/><instruction code="ADD $0,$1,$0"/><instruction code="OR $1,$0,0"/><instruction code="SETL $0,1"/><instruction code="INCML $0,0"/><instruction code="INCMH $0,0"/><instruction code="INCH $0,0"/><instruction code="OR $0,$0,0"/><instruction code="STO $0,$1,0"/><instruction code="L27"/><instruction code="OR $1,$253,0"/><instruction code="SETL $0,8"/><instruction code="INCML $0,0"/><instruction code="INCMH $0,0"/><instruction code="INCH $0,0"/><instruction code="NEG $0,0,$0"/><instruction code="OR $0,$0,0"/><instruction code="ADD $0,$1,$0"/><instruction code="OR $0,$0,0"/><instruction code="LDO $0,$0,0"/><instruction code="OR $1,$0,0"/><instruction code="SETL $0,10"/><instruction code="INCML $0,0"/><instruction code="INCMH $0,0"/><instruction code="INCH $0,0"/><instruction code="OR $0,$0,0"/><instruction code="CMP $0,$1,$0"/><instruction code="ZSNP $0,$0,1"/><instruction code="OR $0,$0,0"/><instruction code="BNZ $0,L28"/><instruction code="L124"/><instruction code="JMP L29"/><instruction code="L28"/><instruction code="SETL $0,0"/><instruction code="INCML $0,0"/><instruction code="INCMH $0,0"/><instruction code="INCH $0,0"/><instruction code="OR $2,$0,0"/><instruction code="OR $1,$253,0"/><instruction code="SETL $0,8"/><instruction code="INCML $0,0"/><instruction code="INCMH $0,0"/><instruction code="INCH $0,0"/><instruction code="NEG $0,0,$0"/><instruction code="OR $0,$0,0"/><instruction code="ADD $0,$1,$0"/><instruction code="OR $0,$0,0"/><instruction code="LDO $0,$0,0"/><instruction code="OR $0,$0,0"/><instruction code="STO $2,$254,0"/><instruction code="STO $0,$254,8"/><instruction code="PUSHJ $8,_putInt"/><instruction code="LDO $0,$254,0"/><instruction code="OR $0,$0,0"/><instruction code="SETL $0,0"/><instruction code="INCML $0,0"/><instruction code="INCMH $0,0"/><instruction code="INCH $0,0"/><instruction code="OR $1,$0,0"/><instruction code="LDA $0,L26"/><instruction code="OR $0,$0,0"/><instruction code="STO $1,$254,0"/><instruction code="STO $0,$254,8"/><instruction code="PUSHJ $8,_putString"/><instruction code="LDO $0,$254,0"/><instruction code="OR $0,$0,0"/><instruction code="SETL $0,0"/><instruction code="INCML $0,0"/><instruction code="INCMH $0,0"/><instruction code="INCH $0,0"/><instruction code="OR $3,$0,0"/><instruction code="SETL $0,0"/><instruction code="INCML $0,0"/><instruction code="INCMH $0,0"/><instruction code="INCH $0,0"/><instruction code="OR $2,$0,0"/><instruction code="OR $1,$253,0"/><instruction code="SETL $0,8"/><instruction code="INCML $0,0"/><instruction code="INCMH $0,0"/><instruction code="INCH $0,0"/><instruction code="NEG $0,0,$0"/><instruction code="OR $0,$0,0"/><instruction code="ADD $0,$1,$0"/><instruction code="OR $0,$0,0"/><instruction code="LDO $0,$0,0"/><instruction code="OR $0,$0,0"/><instruction code="STO $2,$254,0"/><instruction code="STO $0,$254,8"/><instruction code="PUSHJ $8,_fibItr"/><instruction code="LDO $0,$254,0"/><instruction code="OR $0,$0,0"/><instruction code="STO $3,$254,0"/><instruction code="STO $0,$254,8"/><instruction code="PUSHJ $8,_putInt"/><instruction code="LDO $0,$254,0"/><instruction code="OR $0,$0,0"/><instruction code="SETL $0,0"/><instruction code="INCML $0,0"/><instruction code="INCMH $0,0"/><instruction code="INCH $0,0"/><instruction code="OR $2,$0,0"/><instruction code="SETL $0,10"/><instruction code="INCML $0,0"/><instruction code="INCMH $0,0"/><instruction code="INCH $0,0"/><instruction code="OR $1,$0,0"/><instruction code="SETL $0,256"/><instruction code="INCML $0,0"/><instruction code="INCMH $0,0"/><instruction code="INCH $0,0"/><instruction code="OR $0,$0,0"/><instruction code="DIV $0,$1,$0"/><instruction code="GET $0,rR"/><instruction code="OR $0,$0,0"/><instruction code="STO $2,$254,0"/><instruction code="STO $0,$254,8"/><instruction code="PUSHJ $8,_putChar"/><instruction code="LDO $0,$254,0"/><instruction code="OR $0,$0,0"/><instruction code="OR $1,$253,0"/><instruction code="SETL $0,8"/><instruction code="INCML $0,0"/><instruction code="INCMH $0,0"/><instruction code="INCH $0,0"/><instruction code="NEG $0,0,$0"/><instruction code="OR $0,$0,0"/><instruction code="ADD $0,$1,$0"/><instruction code="OR $2,$0,0"/><instruction code="OR $1,$253,0"/><instruction code="SETL $0,8"/><instruction code="INCML $0,0"/><instruction code="INCMH $0,0"/><instruction code="INCH $0,0"/><instruction code="NEG $0,0,$0"/><instruction code="OR $0,$0,0"/><instruction code="ADD $0,$1,$0"/><instruction code="OR $0,$0,0"/><instruction code="LDO $0,$0,0"/><instruction code="OR $1,$0,0"/><instruction code="SETL $0,1"/><instruction code="INCML $0,0"/><instruction code="INCMH $0,0"/><instruction code="INCH $0,0"/><instruction code="OR $0,$0,0"/><instruction code="ADD $0,$1,$0"/><instruction code="OR $0,$0,0"/><instruction code="STO $0,$2,0"/><instruction code="JMP L27"/><instruction code="L29"/><instruction code="SETL $0,0"/><instruction code="INCML $0,0"/><instruction code="INCMH $0,0"/><instruction code="INCH $0,0"/><instruction code="OR $1,$0,0"/><instruction code="LDA $0,L30"/><instruction code="OR $0,$0,0"/><instruction code="STO $1,$254,0"/><instruction code="STO $0,$254,8"/><instruction code="PUSHJ $8,_putString"/><instruction code="LDO $0,$254,0"/><instruction code="OR $0,$0,0"/><instruction code="SETL $0,0"/><instruction code="INCML $0,0"/><instruction code="INCMH $0,0"/><instruction code="INCH $0,0"/><instruction code="OR $2,$0,0"/><instruction code="SETL $0,10"/><instruction code="INCML $0,0"/><instruction code="INCMH $0,0"/><instruction code="INCH $0,0"/><instruction code="OR $1,$0,0"/><instruction code="SETL $0,256"/><instruction code="INCML $0,0"/><instruction code="INCMH $0,0"/><instruction code="INCH $0,0"/><instruction code="OR $0,$0,0"/><instruction code="DIV $0,$1,$0"/><instruction code="GET $0,rR"/><instruction code="OR $0,$0,0"/><instruction code="STO $2,$254,0"/><instruction code="STO $0,$254,8"/><instruction code="PUSHJ $8,_putChar"/><instruction code="LDO $0,$254,0"/><instruction code="OR $0,$0,0"/><instruction code="OR $1,$253,0"/><instruction code="SETL $0,8"/><instruction code="INCML $0,0"/><instruction code="INCMH $0,0"/><instruction code="INCH $0,0"/><instruction code="NEG $0,0,$0"/><instruction code="OR $0,$0,0"/><instruction code="ADD $0,$1,$0"/><instruction code="OR $1,$0,0"/><instruction code="SETL $0,1"/><instruction code="INCML $0,0"/><instruction code="INCMH $0,0"/><instruction code="INCH $0,0"/><instruction code="OR $0,$0,0"/><instruction code="STO $0,$1,0"/><instruction code="L32"/><instruction code="OR $1,$253,0"/><instruction code="SETL $0,8"/><instruction code="INCML $0,0"/><instruction code="INCMH $0,0"/><instruction code="INCH $0,0"/><instruction code="NEG $0,0,$0"/><instruction code="OR $0,$0,0"/><instruction code="ADD $0,$1,$0"/><instruction code="OR $0,$0,0"/><instruction code="LDO $0,$0,0"/><instruction code="OR $1,$0,0"/><instruction code="SETL $0,10"/><instruction code="INCML $0,0"/><instruction code="INCMH $0,0"/><instruction code="INCH $0,0"/><instruction code="OR $0,$0,0"/><instruction code="CMP $0,$1,$0"/><instruction code="ZSNP $0,$0,1"/><instruction code="OR $0,$0,0"/><instruction code="BNZ $0,L33"/><instruction code="L125"/><instruction code="JMP L34"/><instruction code="L33"/><instruction code="SETL $0,0"/><instruction code="INCML $0,0"/><instruction code="INCMH $0,0"/><instruction code="INCH $0,0"/><instruction code="OR $2,$0,0"/><instruction code="OR $1,$253,0"/><instruction code="SETL $0,8"/><instruction code="INCML $0,0"/><instruction code="INCMH $0,0"/><instruction code="INCH $0,0"/><instruction code="NEG $0,0,$0"/><instruction code="OR $0,$0,0"/><instruction code="ADD $0,$1,$0"/><instruction code="OR $0,$0,0"/><instruction code="LDO $0,$0,0"/><instruction code="OR $0,$0,0"/><instruction code="STO $2,$254,0"/><instruction code="STO $0,$254,8"/><instruction code="PUSHJ $8,_putInt"/><instruction code="LDO $0,$254,0"/><instruction code="OR $0,$0,0"/><instruction code="SETL $0,0"/><instruction code="INCML $0,0"/><instruction code="INCMH $0,0"/><instruction code="INCH $0,0"/><instruction code="OR $1,$0,0"/><instruction code="LDA $0,L31"/><instruction code="OR $0,$0,0"/><instruction code="STO $1,$254,0"/><instruction code="STO $0,$254,8"/><instruction code="PUSHJ $8,_putString"/><instruction code="LDO $0,$254,0"/><instruction code="OR $0,$0,0"/><instruction code="SETL $0,0"/><instruction code="INCML $0,0"/><instruction code="INCMH $0,0"/><instruction code="INCH $0,0"/><instruction code="OR $3,$0,0"/><instruction code="SETL $0,0"/><instruction code="INCML $0,0"/><instruction code="INCMH $0,0"/><instruction code="INCH $0,0"/><instruction code="OR $2,$0,0"/><instruction code="OR $1,$253,0"/><instruction code="SETL $0,8"/><instruction code="INCML $0,0"/><instruction code="INCMH $0,0"/><instruction code="INCH $0,0"/><instruction code="NEG $0,0,$0"/><instruction code="OR $0,$0,0"/><instruction code="ADD $0,$1,$0"/><instruction code="OR $0,$0,0"/><instruction code="LDO $0,$0,0"/><instruction code="OR $0,$0,0"/><instruction code="STO $2,$254,0"/><instruction code="STO $0,$254,8"/><instruction code="PUSHJ $8,_fibRec"/><instruction code="LDO $0,$254,0"/><instruction code="OR $0,$0,0"/><instruction code="STO $3,$254,0"/><instruction code="STO $0,$254,8"/><instruction code="PUSHJ $8,_putInt"/><instruction code="LDO $0,$254,0"/><instruction code="OR $0,$0,0"/><instruction code="SETL $0,0"/><instruction code="INCML $0,0"/><instruction code="INCMH $0,0"/><instruction code="INCH $0,0"/><instruction code="OR $2,$0,0"/><instruction code="SETL $0,10"/><instruction code="INCML $0,0"/><instruction code="INCMH $0,0"/><instruction code="INCH $0,0"/><instruction code="OR $1,$0,0"/><instruction code="SETL $0,256"/><instruction code="INCML $0,0"/><instruction code="INCMH $0,0"/><instruction code="INCH $0,0"/><instruction code="OR $0,$0,0"/><instruction code="DIV $0,$1,$0"/><instruction code="GET $0,rR"/><instruction code="OR $0,$0,0"/><instruction code="STO $2,$254,0"/><instruction code="STO $0,$254,8"/><instruction code="PUSHJ $8,_putChar"/><instruction code="LDO $0,$254,0"/><instruction code="OR $0,$0,0"/><instruction code="OR $1,$253,0"/><instruction code="SETL $0,8"/><instruction code="INCML $0,0"/><instruction code="INCMH $0,0"/><instruction code="INCH $0,0"/><instruction code="NEG $0,0,$0"/><instruction code="OR $0,$0,0"/><instruction code="ADD $0,$1,$0"/><instruction code="OR $2,$0,0"/><instruction code="OR $1,$253,0"/><instruction code="SETL $0,8"/><instruction code="INCML $0,0"/><instruction code="INCMH $0,0"/><instruction code="INCH $0,0"/><instruction code="NEG $0,0,$0"/><instruction code="OR $0,$0,0"/><instruction code="ADD $0,$1,$0"/><instruction code="OR $0,$0,0"/><instruction code="LDO $0,$0,0"/><instruction code="OR $1,$0,0"/><instruction code="SETL $0,1"/><instruction code="INCML $0,0"/><instruction code="INCMH $0,0"/><instruction code="INCH $0,0"/><instruction code="OR $0,$0,0"/><instruction code="ADD $0,$1,$0"/><instruction code="OR $0,$0,0"/><instruction code="STO $0,$2,0"/><instruction code="JMP L32"/><instruction code="L34"/><instruction code="SETL $0,0"/><instruction code="INCML $0,0"/><instruction code="INCMH $0,0"/><instruction code="INCH $0,0"/><instruction code="OR $1,$0,0"/><instruction code="LDA $0,L35"/><instruction code="OR $0,$0,0"/><instruction code="STO $1,$254,0"/><instruction code="STO $0,$254,8"/><instruction code="PUSHJ $8,_putString"/><instruction code="LDO $0,$254,0"/><instruction code="OR $0,$0,0"/><instruction code="SETL $0,0"/><instruction code="INCML $0,0"/><instruction code="INCMH $0,0"/><instruction code="INCH $0,0"/><instruction code="OR $2,$0,0"/><instruction code="SETL $0,10"/><instruction code="INCML $0,0"/><instruction code="INCMH $0,0"/><instruction code="INCH $0,0"/><instruction code="OR $1,$0,0"/><instruction code="SETL $0,256"/><instruction code="INCML $0,0"/><instruction code="INCMH $0,0"/><instruction code="INCH $0,0"/><instruction code="OR $0,$0,0"/><instruction code="DIV $0,$1,$0"/><instruction code="GET $0,rR"/><instruction code="OR $0,$0,0"/><instruction code="STO $2,$254,0"/><instruction code="STO $0,$254,8"/><instruction code="PUSHJ $8,_putChar"/><instruction code="LDO $0,$254,0"/><instruction code="OR $0,$0,0"/><instruction code="SETL $0,0"/><instruction code="INCML $0,0"/><instruction code="INCMH $0,0"/><instruction code="INCH $0,0"/><instruction code="OR $2,$0,0"/><instruction code="SETL $0,4"/><instruction code="INCML $0,0"/><instruction code="INCMH $0,0"/><instruction code="INCH $0,0"/><instruction code="OR $1,$0,0"/><instruction code="SETL $0,3"/><instruction code="INCML $0,0"/><instruction code="INCMH $0,0"/><instruction code="INCH $0,0"/><instruction code="OR $0,$0,0"/><instruction code="STO $2,$254,0"/><instruction code="STO $1,$254,8"/><instruction code="STO $0,$254,16"/><instruction code="PUSHJ $8,_combs"/><instruction code="LDO $0,$254,0"/><instruction code="OR $0,$0,0"/><instruction code="SETL $0,0"/><instruction code="INCML $0,0"/><instruction code="INCMH $0,0"/><instruction code="INCH $0,0"/><instruction code="OR $1,$0,0"/><instruction code="LDA $0,L36"/><instruction code="OR $0,$0,0"/><instruction code="STO $1,$254,0"/><instruction code="STO $0,$254,8"/><instruction code="PUSHJ $8,_putString"/><instruction code="LDO $0,$254,0"/><instruction code="OR $0,$0,0"/><instruction code="SETL $0,0"/><instruction code="INCML $0,0"/><instruction code="INCMH $0,0"/><instruction code="INCH $0,0"/><instruction code="OR $2,$0,0"/><instruction code="SETL $0,10"/><instruction code="INCML $0,0"/><instruction code="INCMH $0,0"/><instruction code="INCH $0,0"/><instruction code="OR $1,$0,0"/><instruction code="SETL $0,256"/><instruction code="INCML $0,0"/><instruction code="INCMH $0,0"/><instruction code="INCH $0,0"/><instruction code="OR $0,$0,0"/><instruction code="DIV $0,$1,$0"/><instruction code="GET $0,rR"/><instruction code="OR $0,$0,0"/><instruction code="STO $2,$254,0"/><instruction code="STO $0,$254,8"/><instruction code="PUSHJ $8,_putChar"/><instruction code="LDO $0,$254,0"/><instruction code="OR $0,$0,0"/><instruction code="OR $1,$253,0"/><instruction code="SETL $0,672"/><instruction code="INCML $0,0"/><instruction code="INCMH $0,0"/><instruction code="INCH $0,0"/><instruction code="NEG $0,0,$0"/><instruction code="OR $0,$0,0"/><instruction code="ADD $0,$1,$0"/><instruction code="OR $2,$0,0"/><instruction code="SETL $0,0"/><instruction code="INCML $0,0"/><instruction code="INCMH $0,0"/><instruction code="INCH $0,0"/><instruction code="OR $1,$0,0"/><instruction code="SETL $0,72"/><instruction code="INCML $0,0"/><instruction code="INCMH $0,0"/><instruction code="INCH $0,0"/><instruction code="OR $0,$0,0"/><instruction code="MUL $0,$1,$0"/><instruction code="OR $0,$0,0"/><instruction code="ADD $0,$2,$0"/><instruction code="OR $2,$0,0"/><instruction code="SETL $0,0"/><instruction code="INCML $0,0"/><instruction code="INCMH $0,0"/><instruction code="INCH $0,0"/><instruction code="OR $1,$0,0"/><instruction code="SETL $0,8"/><instruction code="INCML $0,0"/><instruction code="INCMH $0,0"/><instruction code="INCH $0,0"/><instruction code="OR $0,$0,0"/><instruction code="MUL $0,$1,$0"/><instruction code="OR $0,$0,0"/><instruction code="ADD $0,$2,$0"/><instruction code="OR $1,$0,0"/><instruction code="SETL $0,6"/><instruction code="INCML $0,0"/><instruction code="INCMH $0,0"/><instruction code="INCH $0,0"/><instruction code="OR $0,$0,0"/><instruction code="STO $0,$1,0"/><instruction code="OR $1,$253,0"/><instruction code="SETL $0,672"/><instruction code="INCML $0,0"/><instruction code="INCMH $0,0"/><instruction code="INCH $0,0"/><instruction code="NEG $0,0,$0"/><instruction code="OR $0,$0,0"/><instruction code="ADD $0,$1,$0"/><instruction code="OR $2,$0,0"/><instruction code="SETL $0,0"/><instruction code="INCML $0,0"/><instruction code="INCMH $0,0"/><instruction code="INCH $0,0"/><instruction code="OR $1,$0,0"/><instruction code="SETL $0,72"/><instruction code="INCML $0,0"/><instruction code="INCMH $0,0"/><instruction code="INCH $0,0"/><instruction code="OR $0,$0,0"/><instruction code="MUL $0,$1,$0"/><instruction code="OR $0,$0,0"/><instruction code="ADD $0,$2,$0"/><instruction code="OR $2,$0,0"/><instruction code="SETL $0,1"/><instruction code="INCML $0,0"/><instruction code="INCMH $0,0"/><instruction code="INCH $0,0"/><instruction code="OR $1,$0,0"/><instruction code="SETL $0,8"/><instruction code="INCML $0,0"/><instruction code="INCMH $0,0"/><instruction code="INCH $0,0"/><instruction code="OR $0,$0,0"/><instruction code="MUL $0,$1,$0"/><instruction code="OR $0,$0,0"/><instruction code="ADD $0,$2,$0"/><instruction code="OR $1,$0,0"/><instruction code="SETL $0,4"/><instruction code="INCML $0,0"/><instruction code="INCMH $0,0"/><instruction code="INCH $0,0"/><instruction code="OR $0,$0,0"/><instruction code="STO $0,$1,0"/><instruction code="OR $1,$253,0"/><instruction code="SETL $0,672"/><instruction code="INCML $0,0"/><instruction code="INCMH $0,0"/><instruction code="INCH $0,0"/><instruction code="NEG $0,0,$0"/><instruction code="OR $0,$0,0"/><instruction code="ADD $0,$1,$0"/><instruction code="OR $2,$0,0"/><instruction code="SETL $0,0"/><instruction code="INCML $0,0"/><instruction code="INCMH $0,0"/><instruction code="INCH $0,0"/><instruction code="OR $1,$0,0"/><instruction code="SETL $0,72"/><instruction code="INCML $0,0"/><instruction code="INCMH $0,0"/><instruction code="INCH $0,0"/><instruction code="OR $0,$0,0"/><instruction code="MUL $0,$1,$0"/><instruction code="OR $0,$0,0"/><instruction code="ADD $0,$2,$0"/><instruction code="OR $2,$0,0"/><instruction code="SETL $0,2"/><instruction code="INCML $0,0"/><instruction code="INCMH $0,0"/><instruction code="INCH $0,0"/><instruction code="OR $1,$0,0"/><instruction code="SETL $0,8"/><instruction code="INCML $0,0"/><instruction code="INCMH $0,0"/><instruction code="INCH $0,0"/><instruction code="OR $0,$0,0"/><instruction code="MUL $0,$1,$0"/><instruction code="OR $0,$0,0"/><instruction code="ADD $0,$2,$0"/><instruction code="OR $1,$0,0"/><instruction code="SETL $0,3"/><instruction code="INCML $0,0"/><instruction code="INCMH $0,0"/><instruction code="INCH $0,0"/><instruction code="OR $0,$0,0"/><instruction code="STO $0,$1,0"/><instruction code="OR $1,$253,0"/><instruction code="SETL $0,672"/><instruction code="INCML $0,0"/><instruction code="INCMH $0,0"/><instruction code="INCH $0,0"/><instruction code="NEG $0,0,$0"/><instruction code="OR $0,$0,0"/><instruction code="ADD $0,$1,$0"/><instruction code="OR $2,$0,0"/><instruction code="SETL $0,0"/><instruction code="INCML $0,0"/><instruction code="INCMH $0,0"/><instruction code="INCH $0,0"/><instruction code="OR $1,$0,0"/><instruction code="SETL $0,72"/><instruction code="INCML $0,0"/><instruction code="INCMH $0,0"/><instruction code="INCH $0,0"/><instruction code="OR $0,$0,0"/><instruction code="MUL $0,$1,$0"/><instruction code="OR $0,$0,0"/><instruction code="ADD $0,$2,$0"/><instruction code="OR $2,$0,0"/><instruction code="SETL $0,3"/><instruction code="INCML $0,0"/><instruction code="INCMH $0,0"/><instruction code="INCH $0,0"/><instruction code="OR $1,$0,0"/><instruction code="SETL $0,8"/><instruction code="INCML $0,0"/><instruction code="INCMH $0,0"/><instruction code="INCH $0,0"/><instruction code="OR $0,$0,0"/><instruction code="MUL $0,$1,$0"/><instruction code="OR $0,$0,0"/><instruction code="ADD $0,$2,$0"/><instruction code="OR $1,$0,0"/><instruction code="SETL $0,5"/><instruction code="INCML $0,0"/><instruction code="INCMH $0,0"/><instruction code="INCH $0,0"/><instruction code="OR $0,$0,0"/><instruction code="STO $0,$1,0"/><instruction code="OR $1,$253,0"/><instruction code="SETL $0,672"/><instruction code="INCML $0,0"/><instruction code="INCMH $0,0"/><instruction code="INCH $0,0"/><instruction code="NEG $0,0,$0"/><instruction code="OR $0,$0,0"/><instruction code="ADD $0,$1,$0"/><instruction code="OR $2,$0,0"/><instruction code="SETL $0,0"/><instruction code="INCML $0,0"/><instruction code="INCMH $0,0"/><instruction code="INCH $0,0"/><instruction code="OR $1,$0,0"/><instruction code="SETL $0,72"/><instruction code="INCML $0,0"/><instruction code="INCMH $0,0"/><instruction code="INCH $0,0"/><instruction code="OR $0,$0,0"/><instruction code="MUL $0,$1,$0"/><instruction code="OR $0,$0,0"/><instruction code="ADD $0,$2,$0"/><instruction code="OR $2,$0,0"/><instruction code="SETL $0,4"/><instruction code="INCML $0,0"/><instruction code="INCMH $0,0"/><instruction code="INCH $0,0"/><instruction code="OR $1,$0,0"/><instruction code="SETL $0,8"/><instruction code="INCML $0,0"/><instruction code="INCMH $0,0"/><instruction code="INCH $0,0"/><instruction code="OR $0,$0,0"/><instruction code="MUL $0,$1,$0"/><instruction code="OR $0,$0,0"/><instruction code="ADD $0,$2,$0"/><instruction code="OR $1,$0,0"/><instruction code="SETL $0,1"/><instruction code="INCML $0,0"/><instruction code="INCMH $0,0"/><instruction code="INCH $0,0"/><instruction code="OR $0,$0,0"/><instruction code="STO $0,$1,0"/><instruction code="OR $1,$253,0"/><instruction code="SETL $0,672"/><instruction code="INCML $0,0"/><instruction code="INCMH $0,0"/><instruction code="INCH $0,0"/><instruction code="NEG $0,0,$0"/><instruction code="OR $0,$0,0"/><instruction code="ADD $0,$1,$0"/><instruction code="OR $2,$0,0"/><instruction code="SETL $0,0"/><instruction code="INCML $0,0"/><instruction code="INCMH $0,0"/><instruction code="INCH $0,0"/><instruction code="OR $1,$0,0"/><instruction code="SETL $0,72"/><instruction code="INCML $0,0"/><instruction code="INCMH $0,0"/><instruction code="INCH $0,0"/><instruction code="OR $0,$0,0"/><instruction code="MUL $0,$1,$0"/><instruction code="OR $0,$0,0"/><instruction code="ADD $0,$2,$0"/><instruction code="OR $2,$0,0"/><instruction code="SETL $0,5"/><instruction code="INCML $0,0"/><instruction code="INCMH $0,0"/><instruction code="INCH $0,0"/><instruction code="OR $1,$0,0"/><instruction code="SETL $0,8"/><instruction code="INCML $0,0"/><instruction code="INCMH $0,0"/><instruction code="INCH $0,0"/><instruction code="OR $0,$0,0"/><instruction code="MUL $0,$1,$0"/><instruction code="OR $0,$0,0"/><instruction code="ADD $0,$2,$0"/><instruction code="OR $1,$0,0"/><instruction code="SETL $0,0"/><instruction code="INCML $0,0"/><instruction code="INCMH $0,0"/><instruction code="INCH $0,0"/><instruction code="OR $0,$0,0"/><instruction code="STO $0,$1,0"/><instruction code="OR $1,$253,0"/><instruction code="SETL $0,672"/><instruction code="INCML $0,0"/><instruction code="INCMH $0,0"/><instruction code="INCH $0,0"/><instruction code="NEG $0,0,$0"/><instruction code="OR $0,$0,0"/><instruction code="ADD $0,$1,$0"/><instruction code="OR $2,$0,0"/><instruction code="SETL $0,0"/><instruction code="INCML $0,0"/><instruction code="INCMH $0,0"/><instruction code="INCH $0,0"/><instruction code="OR $1,$0,0"/><instruction code="SETL $0,72"/><instruction code="INCML $0,0"/><instruction code="INCMH $0,0"/><instruction code="INCH $0,0"/><instruction code="OR $0,$0,0"/><instruction code="MUL $0,$1,$0"/><instruction code="OR $0,$0,0"/><instruction code="ADD $0,$2,$0"/><instruction code="OR $2,$0,0"/><instruction code="SETL $0,6"/><instruction code="INCML $0,0"/><instruction code="INCMH $0,0"/><instruction code="INCH $0,0"/><instruction code="OR $1,$0,0"/><instruction code="SETL $0,8"/><instruction code="INCML $0,0"/><instruction code="INCMH $0,0"/><instruction code="INCH $0,0"/><instruction code="OR $0,$0,0"/><instruction code="MUL $0,$1,$0"/><instruction code="OR $0,$0,0"/><instruction code="ADD $0,$2,$0"/><instruction code="OR $1,$0,0"/><instruction code="SETL $0,8"/><instruction code="INCML $0,0"/><instruction code="INCMH $0,0"/><instruction code="INCH $0,0"/><instruction code="OR $0,$0,0"/><instruction code="STO $0,$1,0"/><instruction code="OR $1,$253,0"/><instruction code="SETL $0,672"/><instruction code="INCML $0,0"/><instruction code="INCMH $0,0"/><instruction code="INCH $0,0"/><instruction code="NEG $0,0,$0"/><instruction code="OR $0,$0,0"/><instruction code="ADD $0,$1,$0"/><instruction code="OR $2,$0,0"/><instruction code="SETL $0,0"/><instruction code="INCML $0,0"/><instruction code="INCMH $0,0"/><instruction code="INCH $0,0"/><instruction code="OR $1,$0,0"/><instruction code="SETL $0,72"/><instruction code="INCML $0,0"/><instruction code="INCMH $0,0"/><instruction code="INCH $0,0"/><instruction code="OR $0,$0,0"/><instruction code="MUL $0,$1,$0"/><instruction code="OR $0,$0,0"/><instruction code="ADD $0,$2,$0"/><instruction code="OR $2,$0,0"/><instruction code="SETL $0,7"/><instruction code="INCML $0,0"/><instruction code="INCMH $0,0"/><instruction code="INCH $0,0"/><instruction code="OR $1,$0,0"/><instruction code="SETL $0,8"/><instruction code="INCML $0,0"/><instruction code="INCMH $0,0"/><instruction code="INCH $0,0"/><instruction code="OR $0,$0,0"/><instruction code="MUL $0,$1,$0"/><instruction code="OR $0,$0,0"/><instruction code="ADD $0,$2,$0"/><instruction code="OR $1,$0,0"/><instruction code="SETL $0,9"/><instruction code="INCML $0,0"/><instruction code="INCMH $0,0"/><instruction code="INCH $0,0"/><instruction code="OR $0,$0,0"/><instruction code="STO $0,$1,0"/><instruction code="OR $1,$253,0"/><instruction code="SETL $0,672"/><instruction code="INCML $0,0"/><instruction code="INCMH $0,0"/><instruction code="INCH $0,0"/><instruction code="NEG $0,0,$0"/><instruction code="OR $0,$0,0"/><instruction code="ADD $0,$1,$0"/><instruction code="OR $2,$0,0"/><instruction code="SETL $0,0"/><instruction code="INCML $0,0"/><instruction code="INCMH $0,0"/><instruction code="INCH $0,0"/><instruction code="OR $1,$0,0"/><instruction code="SETL $0,72"/><instruction code="INCML $0,0"/><instruction code="INCMH $0,0"/><instruction code="INCH $0,0"/><instruction code="OR $0,$0,0"/><instruction code="MUL $0,$1,$0"/><instruction code="OR $0,$0,0"/><instruction code="ADD $0,$2,$0"/><instruction code="OR $2,$0,0"/><instruction code="SETL $0,8"/><instruction code="INCML $0,0"/><instruction code="INCMH $0,0"/><instruction code="INCH $0,0"/><instruction code="OR $1,$0,0"/><instruction code="SETL $0,8"/><instruction code="INCML $0,0"/><instruction code="INCMH $0,0"/><instruction code="INCH $0,0"/><instruction code="OR $0,$0,0"/><instruction code="MUL $0,$1,$0"/><instruction code="OR $0,$0,0"/><instruction code="ADD $0,$2,$0"/><instruction code="OR $1,$0,0"/><instruction code="SETL $0,2"/><instruction code="INCML $0,0"/><instruction code="INCMH $0,0"/><instruction code="INCH $0,0"/><instruction code="OR $0,$0,0"/><instruction code="STO $0,$1,0"/><instruction code="OR $1,$253,0"/><instruction code="SETL $0,672"/><instruction code="INCML $0,0"/><instruction code="INCMH $0,0"/><instruction code="INCH $0,0"/><instruction code="NEG $0,0,$0"/><instruction code="OR $0,$0,0"/><instruction code="ADD $0,$1,$0"/><instruction code="OR $2,$0,0"/><instruction code="SETL $0,1"/><instruction code="INCML $0,0"/><instruction code="INCMH $0,0"/><instruction code="INCH $0,0"/><instruction code="OR $1,$0,0"/><instruction code="SETL $0,72"/><instruction code="INCML $0,0"/><instruction code="INCMH $0,0"/><instruction code="INCH $0,0"/><instruction code="OR $0,$0,0"/><instruction code="MUL $0,$1,$0"/><instruction code="OR $0,$0,0"/><instruction code="ADD $0,$2,$0"/><instruction code="OR $2,$0,0"/><instruction code="SETL $0,0"/><instruction code="INCML $0,0"/><instruction code="INCMH $0,0"/><instruction code="INCH $0,0"/><instruction code="OR $1,$0,0"/><instruction code="SETL $0,8"/><instruction code="INCML $0,0"/><instruction code="INCMH $0,0"/><instruction code="INCH $0,0"/><instruction code="OR $0,$0,0"/><instruction code="MUL $0,$1,$0"/><instruction code="OR $0,$0,0"/><instruction code="ADD $0,$2,$0"/><instruction code="OR $1,$0,0"/><instruction code="SETL $0,9"/><instruction code="INCML $0,0"/><instruction code="INCMH $0,0"/><instruction code="INCH $0,0"/><instruction code="OR $0,$0,0"/><instruction code="STO $0,$1,0"/><instruction code="OR $1,$253,0"/><instruction code="SETL $0,672"/><instruction code="INCML $0,0"/><instruction code="INCMH $0,0"/><instruction code="INCH $0,0"/><instruction code="NEG $0,0,$0"/><instruction code="OR $0,$0,0"/><instruction code="ADD $0,$1,$0"/><instruction code="OR $2,$0,0"/><instruction code="SETL $0,1"/><instruction code="INCML $0,0"/><instruction code="INCMH $0,0"/><instruction code="INCH $0,0"/><instruction code="OR $1,$0,0"/><instruction code="SETL $0,72"/><instruction code="INCML $0,0"/><instruction code="INCMH $0,0"/><instruction code="INCH $0,0"/><instruction code="OR $0,$0,0"/><instruction code="MUL $0,$1,$0"/><instruction code="OR $0,$0,0"/><instruction code="ADD $0,$2,$0"/><instruction code="OR $2,$0,0"/><instruction code="SETL $0,1"/><instruction code="INCML $0,0"/><instruction code="INCMH $0,0"/><instruction code="INCH $0,0"/><instruction code="OR $1,$0,0"/><instruction code="SETL $0,8"/><instruction code="INCML $0,0"/><instruction code="INCMH $0,0"/><instruction code="INCH $0,0"/><instruction code="OR $0,$0,0"/><instruction code="MUL $0,$1,$0"/><instruction code="OR $0,$0,0"/><instruction code="ADD $0,$2,$0"/><instruction code="OR $1,$0,0"/><instruction code="SETL $0,5"/><instruction code="INCML $0,0"/><instruction code="INCMH $0,0"/><instruction code="INCH $0,0"/><instruction code="OR $0,$0,0"/><instruction code="STO $0,$1,0"/><instruction code="OR $1,$253,0"/><instruction code="SETL $0,672"/><instruction code="INCML $0,0"/><instruction code="INCMH $0,0"/><instruction code="INCH $0,0"/><instruction code="NEG $0,0,$0"/><instruction code="OR $0,$0,0"/><instruction code="ADD $0,$1,$0"/><instruction code="OR $2,$0,0"/><instruction code="SETL $0,1"/><instruction code="INCML $0,0"/><instruction code="INCMH $0,0"/><instruction code="INCH $0,0"/><instruction code="OR $1,$0,0"/><instruction code="SETL $0,72"/><instruction code="INCML $0,0"/><instruction code="INCMH $0,0"/><instruction code="INCH $0,0"/><instruction code="OR $0,$0,0"/><instruction code="MUL $0,$1,$0"/><instruction code="OR $0,$0,0"/><instruction code="ADD $0,$2,$0"/><instruction code="OR $2,$0,0"/><instruction code="SETL $0,2"/><instruction code="INCML $0,0"/><instruction code="INCMH $0,0"/><instruction code="INCH $0,0"/><instruction code="OR $1,$0,0"/><instruction code="SETL $0,8"/><instruction code="INCML $0,0"/><instruction code="INCMH $0,0"/><instruction code="INCH $0,0"/><instruction code="OR $0,$0,0"/><instruction code="MUL $0,$1,$0"/><instruction code="OR $0,$0,0"/><instruction code="ADD $0,$2,$0"/><instruction code="OR $1,$0,0"/><instruction code="SETL $0,7"/><instruction code="INCML $0,0"/><instruction code="INCMH $0,0"/><instruction code="INCH $0,0"/><instruction code="OR $0,$0,0"/><instruction code="STO $0,$1,0"/><instruction code="OR $1,$253,0"/><instruction code="SETL $0,672"/><instruction code="INCML $0,0"/><instruction code="INCMH $0,0"/><instruction code="INCH $0,0"/><instruction code="NEG $0,0,$0"/><instruction code="OR $0,$0,0"/><instruction code="ADD $0,$1,$0"/><instruction code="OR $2,$0,0"/><instruction code="SETL $0,1"/><instruction code="INCML $0,0"/><instruction code="INCMH $0,0"/><instruction code="INCH $0,0"/><instruction code="OR $1,$0,0"/><instruction code="SETL $0,72"/><instruction code="INCML $0,0"/><instruction code="INCMH $0,0"/><instruction code="INCH $0,0"/><instruction code="OR $0,$0,0"/><instruction code="MUL $0,$1,$0"/><instruction code="OR $0,$0,0"/><instruction code="ADD $0,$2,$0"/><instruction code="OR $2,$0,0"/><instruction code="SETL $0,3"/><instruction code="INCML $0,0"/><instruction code="INCMH $0,0"/><instruction code="INCH $0,0"/><instruction code="OR $1,$0,0"/><instruction code="SETL $0,8"/><instruction code="INCML $0,0"/><instruction code="INCMH $0,0"/><instruction code="INCH $0,0"/><instruction code="OR $0,$0,0"/><instruction code="MUL $0,$1,$0"/><instruction code="OR $0,$0,0"/><instruction code="ADD $0,$2,$0"/><instruction code="OR $1,$0,0"/><instruction code="SETL $0,2"/><instruction code="INCML $0,0"/><instruction code="INCMH $0,0"/><instruction code="INCH $0,0"/><instruction code="OR $0,$0,0"/><instruction code="STO $0,$1,0"/><instruction code="OR $1,$253,0"/><instruction code="SETL $0,672"/><instruction code="INCML $0,0"/><instruction code="INCMH $0,0"/><instruction code="INCH $0,0"/><instruction code="NEG $0,0,$0"/><instruction code="OR $0,$0,0"/><instruction code="ADD $0,$1,$0"/><instruction code="OR $2,$0,0"/><instruction code="SETL $0,1"/><instruction code="INCML $0,0"/><instruction code="INCMH $0,0"/><instruction code="INCH $0,0"/><instruction code="OR $1,$0,0"/><instruction code="SETL $0,72"/><instruction code="INCML $0,0"/><instruction code="INCMH $0,0"/><instruction code="INCH $0,0"/><instruction code="OR $0,$0,0"/><instruction code="MUL $0,$1,$0"/><instruction code="OR $0,$0,0"/><instruction code="ADD $0,$2,$0"/><instruction code="OR $2,$0,0"/><instruction code="SETL $0,4"/><instruction code="INCML $0,0"/><instruction code="INCMH $0,0"/><instruction code="INCH $0,0"/><instruction code="OR $1,$0,0"/><instruction code="SETL $0,8"/><instruction code="INCML $0,0"/><instruction code="INCMH $0,0"/><instruction code="INCH $0,0"/><instruction code="OR $0,$0,0"/><instruction code="MUL $0,$1,$0"/><instruction code="OR $0,$0,0"/><instruction code="ADD $0,$2,$0"/><instruction code="OR $1,$0,0"/><instruction code="SETL $0,8"/><instruction code="INCML $0,0"/><instruction code="INCMH $0,0"/><instruction code="INCH $0,0"/><instruction code="OR $0,$0,0"/><instruction code="STO $0,$1,0"/><instruction code="OR $1,$253,0"/><instruction code="SETL $0,672"/><instruction code="INCML $0,0"/><instruction code="INCMH $0,0"/><instruction code="INCH $0,0"/><instruction code="NEG $0,0,$0"/><instruction code="OR $0,$0,0"/><instruction code="ADD $0,$1,$0"/><instruction code="OR $2,$0,0"/><instruction code="SETL $0,1"/><instruction code="INCML $0,0"/><instruction code="INCMH $0,0"/><instruction code="INCH $0,0"/><instruction code="OR $1,$0,0"/><instruction code="SETL $0,72"/><instruction code="INCML $0,0"/><instruction code="INCMH $0,0"/><instruction code="INCH $0,0"/><instruction code="OR $0,$0,0"/><instruction code="MUL $0,$1,$0"/><instruction code="OR $0,$0,0"/><instruction code="ADD $0,$2,$0"/><instruction code="OR $2,$0,0"/><instruction code="SETL $0,5"/><instruction code="INCML $0,0"/><instruction code="INCMH $0,0"/><instruction code="INCH $0,0"/><instruction code="OR $1,$0,0"/><instruction code="SETL $0,8"/><instruction code="INCML $0,0"/><instruction code="INCMH $0,0"/><instruction code="INCH $0,0"/><instruction code="OR $0,$0,0"/><instruction code="MUL $0,$1,$0"/><instruction code="OR $0,$0,0"/><instruction code="ADD $0,$2,$0"/><instruction code="OR $1,$0,0"/><instruction code="SETL $0,4"/><instruction code="INCML $0,0"/><instruction code="INCMH $0,0"/><instruction code="INCH $0,0"/><instruction code="OR $0,$0,0"/><instruction code="STO $0,$1,0"/><instruction code="OR $1,$253,0"/><instruction code="SETL $0,672"/><instruction code="INCML $0,0"/><instruction code="INCMH $0,0"/><instruction code="INCH $0,0"/><instruction code="NEG $0,0,$0"/><instruction code="OR $0,$0,0"/><instruction code="ADD $0,$1,$0"/><instruction code="OR $2,$0,0"/><instruction code="SETL $0,1"/><instruction code="INCML $0,0"/><instruction code="INCMH $0,0"/><instruction code="INCH $0,0"/><instruction code="OR $1,$0,0"/><instruction code="SETL $0,72"/><instruction code="INCML $0,0"/><instruction code="INCMH $0,0"/><instruction code="INCH $0,0"/><instruction code="OR $0,$0,0"/><instruction code="MUL $0,$1,$0"/><instruction code="OR $0,$0,0"/><instruction code="ADD $0,$2,$0"/><instruction code="OR $2,$0,0"/><instruction code="SETL $0,6"/><instruction code="INCML $0,0"/><instruction code="INCMH $0,0"/><instruction code="INCH $0,0"/><instruction code="OR $1,$0,0"/><instruction code="SETL $0,8"/><instruction code="INCML $0,0"/><instruction code="INCMH $0,0"/><instruction code="INCH $0,0"/><instruction code="OR $0,$0,0"/><instruction code="MUL $0,$1,$0"/><instruction code="OR $0,$0,0"/><instruction code="ADD $0,$2,$0"/><instruction code="OR $1,$0,0"/><instruction code="SETL $0,3"/><instruction code="INCML $0,0"/><instruction code="INCMH $0,0"/><instruction code="INCH $0,0"/><instruction code="OR $0,$0,0"/><instruction code="STO $0,$1,0"/><instruction code="OR $1,$253,0"/><instruction code="SETL $0,672"/><instruction code="INCML $0,0"/><instruction code="INCMH $0,0"/><instruction code="INCH $0,0"/><instruction code="NEG $0,0,$0"/><instruction code="OR $0,$0,0"/><instruction code="ADD $0,$1,$0"/><instruction code="OR $2,$0,0"/><instruction code="SETL $0,1"/><instruction code="INCML $0,0"/><instruction code="INCMH $0,0"/><instruction code="INCH $0,0"/><instruction code="OR $1,$0,0"/><instruction code="SETL $0,72"/><instruction code="INCML $0,0"/><instruction code="INCMH $0,0"/><instruction code="INCH $0,0"/><instruction code="OR $0,$0,0"/><instruction code="MUL $0,$1,$0"/><instruction code="OR $0,$0,0"/><instruction code="ADD $0,$2,$0"/><instruction code="OR $2,$0,0"/><instruction code="SETL $0,7"/><instruction code="INCML $0,0"/><instruction code="INCMH $0,0"/><instruction code="INCH $0,0"/><instruction code="OR $1,$0,0"/><instruction code="SETL $0,8"/><instruction code="INCML $0,0"/><instruction code="INCMH $0,0"/><instruction code="INCH $0,0"/><instruction code="OR $0,$0,0"/><instruction code="MUL $0,$1,$0"/><instruction code="OR $0,$0,0"/><instruction code="ADD $0,$2,$0"/><instruction code="OR $1,$0,0"/><instruction code="SETL $0,1"/><instruction code="INCML $0,0"/><instruction code="INCMH $0,0"/><instruction code="INCH $0,0"/><instruction code="OR $0,$0,0"/><instruction code="STO $0,$1,0"/><instruction code="OR $1,$253,0"/><instruction code="SETL $0,672"/><instruction code="INCML $0,0"/><instruction code="INCMH $0,0"/><instruction code="INCH $0,0"/><instruction code="NEG $0,0,$0"/><instruction code="OR $0,$0,0"/><instruction code="ADD $0,$1,$0"/><instruction code="OR $2,$0,0"/><instruction code="SETL $0,1"/><instruction code="INCML $0,0"/><instruction code="INCMH $0,0"/><instruction code="INCH $0,0"/><instruction code="OR $1,$0,0"/><instruction code="SETL $0,72"/><instruction code="INCML $0,0"/><instruction code="INCMH $0,0"/><instruction code="INCH $0,0"/><instruction code="OR $0,$0,0"/><instruction code="MUL $0,$1,$0"/><instruction code="OR $0,$0,0"/><instruction code="ADD $0,$2,$0"/><instruction code="OR $2,$0,0"/><instruction code="SETL $0,8"/><instruction code="INCML $0,0"/><instruction code="INCMH $0,0"/><instruction code="INCH $0,0"/><instruction code="OR $1,$0,0"/><instruction code="SETL $0,8"/><instruction code="INCML $0,0"/><instruction code="INCMH $0,0"/><instruction code="INCH $0,0"/><instruction code="OR $0,$0,0"/><instruction code="MUL $0,$1,$0"/><instruction code="OR $0,$0,0"/><instruction code="ADD $0,$2,$0"/><instruction code="OR $1,$0,0"/><instruction code="SETL $0,6"/><instruction code="INCML $0,0"/><instruction code="INCMH $0,0"/><instruction code="INCH $0,0"/><instruction code="OR $0,$0,0"/><instruction code="STO $0,$1,0"/><instruction code="OR $1,$253,0"/><instruction code="SETL $0,672"/><instruction code="INCML $0,0"/><instruction code="INCMH $0,0"/><instruction code="INCH $0,0"/><instruction code="NEG $0,0,$0"/><instruction code="OR $0,$0,0"/><instruction code="ADD $0,$1,$0"/><instruction code="OR $2,$0,0"/><instruction code="SETL $0,2"/><instruction code="INCML $0,0"/><instruction code="INCMH $0,0"/><instruction code="INCH $0,0"/><instruction code="OR $1,$0,0"/><instruction code="SETL $0,72"/><instruction code="INCML $0,0"/><instruction code="INCMH $0,0"/><instruction code="INCH $0,0"/><instruction code="OR $0,$0,0"/><instruction code="MUL $0,$1,$0"/><instruction code="OR $0,$0,0"/><instruction code="ADD $0,$2,$0"/><instruction code="OR $2,$0,0"/><instruction code="SETL $0,0"/><instruction code="INCML $0,0"/><instruction code="INCMH $0,0"/><instruction code="INCH $0,0"/><instruction code="OR $1,$0,0"/><instruction code="SETL $0,8"/><instruction code="INCML $0,0"/><instruction code="INCMH $0,0"/><instruction code="INCH $0,0"/><instruction code="OR $0,$0,0"/><instruction code="MUL $0,$1,$0"/><instruction code="OR $0,$0,0"/><instruction code="ADD $0,$2,$0"/><instruction code="OR $1,$0,0"/><instruction code="SETL $0,8"/><instruction code="INCML $0,0"/><instruction code="INCMH $0,0"/><instruction code="INCH $0,0"/><instruction code="OR $0,$0,0"/><instruction code="STO $0,$1,0"/><instruction code="OR $1,$253,0"/><instruction code="SETL $0,672"/><instruction code="INCML $0,0"/><instruction code="INCMH $0,0"/><instruction code="INCH $0,0"/><instruction code="NEG $0,0,$0"/><instruction code="OR $0,$0,0"/><instruction code="ADD $0,$1,$0"/><instruction code="OR $2,$0,0"/><instruction code="SETL $0,2"/><instruction code="INCML $0,0"/><instruction code="INCMH $0,0"/><instruction code="INCH $0,0"/><instruction code="OR $1,$0,0"/><instruction code="SETL $0,72"/><instruction code="INCML $0,0"/><instruction code="INCMH $0,0"/><instruction code="INCH $0,0"/><instruction code="OR $0,$0,0"/><instruction code="MUL $0,$1,$0"/><instruction code="OR $0,$0,0"/><instruction code="ADD $0,$2,$0"/><instruction code="OR $2,$0,0"/><instruction code="SETL $0,1"/><instruction code="INCML $0,0"/><instruction code="INCMH $0,0"/><instruction code="INCH $0,0"/><instruction code="OR $1,$0,0"/><instruction code="SETL $0,8"/><instruction code="INCML $0,0"/><instruction code="INCMH $0,0"/><instruction code="INCH $0,0"/><instruction code="OR $0,$0,0"/><instruction code="MUL $0,$1,$0"/><instruction code="OR $0,$0,0"/><instruction code="ADD $0,$2,$0"/><instruction code="OR $1,$0,0"/><instruction code="SETL $0,2"/><instruction code="INCML $0,0"/><instruction code="INCMH $0,0"/><instruction code="INCH $0,0"/><instruction code="OR $0,$0,0"/><instruction code="STO $0,$1,0"/><instruction code="OR $1,$253,0"/><instruction code="SETL $0,672"/><instruction code="INCML $0,0"/><instruction code="INCMH $0,0"/><instruction code="INCH $0,0"/><instruction code="NEG $0,0,$0"/><instruction code="OR $0,$0,0"/><instruction code="ADD $0,$1,$0"/><instruction code="OR $2,$0,0"/><instruction code="SETL $0,2"/><instruction code="INCML $0,0"/><instruction code="INCMH $0,0"/><instruction code="INCH $0,0"/><instruction code="OR $1,$0,0"/><instruction code="SETL $0,72"/><instruction code="INCML $0,0"/><instruction code="INCMH $0,0"/><instruction code="INCH $0,0"/><instruction code="OR $0,$0,0"/><instruction code="MUL $0,$1,$0"/><instruction code="OR $0,$0,0"/><instruction code="ADD $0,$2,$0"/><instruction code="OR $2,$0,0"/><instruction code="SETL $0,2"/><instruction code="INCML $0,0"/><instruction code="INCMH $0,0"/><instruction code="INCH $0,0"/><instruction code="OR $1,$0,0"/><instruction code="SETL $0,8"/><instruction code="INCML $0,0"/><instruction code="INCMH $0,0"/><instruction code="INCH $0,0"/><instruction code="OR $0,$0,0"/><instruction code="MUL $0,$1,$0"/><instruction code="OR $0,$0,0"/><instruction code="ADD $0,$2,$0"/><instruction code="OR $1,$0,0"/><instruction code="SETL $0,1"/><instruction code="INCML $0,0"/><instruction code="INCMH $0,0"/><instruction code="INCH $0,0"/><instruction code="OR $0,$0,0"/><instruction code="STO $0,$1,0"/><instruction code="OR $1,$253,0"/><instruction code="SETL $0,672"/><instruction code="INCML $0,0"/><instruction code="INCMH $0,0"/><instruction code="INCH $0,0"/><instruction code="NEG $0,0,$0"/><instruction code="OR $0,$0,0"/><instruction code="ADD $0,$1,$0"/><instruction code="OR $2,$0,0"/><instruction code="SETL $0,2"/><instruction code="INCML $0,0"/><instruction code="INCMH $0,0"/><instruction code="INCH $0,0"/><instruction code="OR $1,$0,0"/><instruction code="SETL $0,72"/><instruction code="INCML $0,0"/><instruction code="INCMH $0,0"/><instruction code="INCH $0,0"/><instruction code="OR $0,$0,0"/><instruction code="MUL $0,$1,$0"/><instruction code="OR $0,$0,0"/><instruction code="ADD $0,$2,$0"/><instruction code="OR $2,$0,0"/><instruction code="SETL $0,3"/><instruction code="INCML $0,0"/><instruction code="INCMH $0,0"/><instruction code="INCH $0,0"/><instruction code="OR $1,$0,0"/><instruction code="SETL $0,8"/><instruction code="INCML $0,0"/><instruction code="INCMH $0,0"/><instruction code="INCH $0,0"/><instruction code="OR $0,$0,0"/><instruction code="MUL $0,$1,$0"/><instruction code="OR $0,$0,0"/><instruction code="ADD $0,$2,$0"/><instruction code="OR $1,$0,0"/><instruction code="SETL $0,3"/><instruction code="INCML $0,0"/><instruction code="INCMH $0,0"/><instruction code="INCH $0,0"/><instruction code="OR $0,$0,0"/><instruction code="STO $0,$1,0"/><instruction code="OR $1,$253,0"/><instruction code="SETL $0,672"/><instruction code="INCML $0,0"/><instruction code="INCMH $0,0"/><instruction code="INCH $0,0"/><instruction code="NEG $0,0,$0"/><instruction code="OR $0,$0,0"/><instruction code="ADD $0,$1,$0"/><instruction code="OR $2,$0,0"/><instruction code="SETL $0,2"/><instruction code="INCML $0,0"/><instruction code="INCMH $0,0"/><instruction code="INCH $0,0"/><instruction code="OR $1,$0,0"/><instruction code="SETL $0,72"/><instruction code="INCML $0,0"/><instruction code="INCMH $0,0"/><instruction code="INCH $0,0"/><instruction code="OR $0,$0,0"/><instruction code="MUL $0,$1,$0"/><instruction code="OR $0,$0,0"/><instruction code="ADD $0,$2,$0"/><instruction code="OR $2,$0,0"/><instruction code="SETL $0,4"/><instruction code="INCML $0,0"/><instruction code="INCMH $0,0"/><instruction code="INCH $0,0"/><instruction code="OR $1,$0,0"/><instruction code="SETL $0,8"/><instruction code="INCML $0,0"/><instruction code="INCMH $0,0"/><instruction code="INCH $0,0"/><instruction code="OR $0,$0,0"/><instruction code="MUL $0,$1,$0"/><instruction code="OR $0,$0,0"/><instruction code="ADD $0,$2,$0"/><instruction code="OR $1,$0,0"/><instruction code="SETL $0,9"/><instruction code="INCML $0,0"/><instruction code="INCMH $0,0"/><instruction code="INCH $0,0"/><instruction code="OR $0,$0,0"/><instruction code="STO $0,$1,0"/><instruction code="OR $1,$253,0"/><instruction code="SETL $0,672"/><instruction code="INCML $0,0"/><instruction code="INCMH $0,0"/><instruction code="INCH $0,0"/><instruction code="NEG $0,0,$0"/><instruction code="OR $0,$0,0"/><instruction code="ADD $0,$1,$0"/><instruction code="OR $2,$0,0"/><instruction code="SETL $0,2"/><instruction code="INCML $0,0"/><instruction code="INCMH $0,0"/><instruction code="INCH $0,0"/><instruction code="OR $1,$0,0"/><instruction code="SETL $0,72"/><instruction code="INCML $0,0"/><instruction code="INCMH $0,0"/><instruction code="INCH $0,0"/><instruction code="OR $0,$0,0"/><instruction code="MUL $0,$1,$0"/><instruction code="OR $0,$0,0"/><instruction code="ADD $0,$2,$0"/><instruction code="OR $2,$0,0"/><instruction code="SETL $0,5"/><instruction code="INCML $0,0"/><instruction code="INCMH $0,0"/><instruction code="INCH $0,0"/><instruction code="OR $1,$0,0"/><instruction code="SETL $0,8"/><instruction code="INCML $0,0"/><instruction code="INCMH $0,0"/><instruction code="INCH $0,0"/><instruction code="OR $0,$0,0"/><instruction code="MUL $0,$1,$0"/><instruction code="OR $0,$0,0"/><instruction code="ADD $0,$2,$0"/><instruction code="OR $1,$0,0"/><instruction code="SETL $0,6"/><instruction code="INCML $0,0"/><instruction code="INCMH $0,0"/><instruction code="INCH $0,0"/><instruction code="OR $0,$0,0"/><instruction code="STO $0,$1,0"/><instruction code="OR $1,$253,0"/><instruction code="SETL $0,672"/><instruction code="INCML $0,0"/><instruction code="INCMH $0,0"/><instruction code="INCH $0,0"/><instruction code="NEG $0,0,$0"/><instruction code="OR $0,$0,0"/><instruction code="ADD $0,$1,$0"/><instruction code="OR $2,$0,0"/><instruction code="SETL $0,2"/><instruction code="INCML $0,0"/><instruction code="INCMH $0,0"/><instruction code="INCH $0,0"/><instruction code="OR $1,$0,0"/><instruction code="SETL $0,72"/><instruction code="INCML $0,0"/><instruction code="INCMH $0,0"/><instruction code="INCH $0,0"/><instruction code="OR $0,$0,0"/><instruction code="MUL $0,$1,$0"/><instruction code="OR $0,$0,0"/><instruction code="ADD $0,$2,$0"/><instruction code="OR $2,$0,0"/><instruction code="SETL $0,6"/><instruction code="INCML $0,0"/><instruction code="INCMH $0,0"/><instruction code="INCH $0,0"/><instruction code="OR $1,$0,0"/><instruction code="SETL $0,8"/><instruction code="INCML $0,0"/><instruction code="INCMH $0,0"/><instruction code="INCH $0,0"/><instruction code="OR $0,$0,0"/><instruction code="MUL $0,$1,$0"/><instruction code="OR $0,$0,0"/><instruction code="ADD $0,$2,$0"/><instruction code="OR $1,$0,0"/><instruction code="SETL $0,7"/><instruction code="INCML $0,0"/><instruction code="INCMH $0,0"/><instruction code="INCH $0,0"/><instruction code="OR $0,$0,0"/><instruction code="STO $0,$1,0"/><instruction code="OR $1,$253,0"/><instruction code="SETL $0,672"/><instruction code="INCML $0,0"/><instruction code="INCMH $0,0"/><instruction code="INCH $0,0"/><instruction code="NEG $0,0,$0"/><instruction code="OR $0,$0,0"/><instruction code="ADD $0,$1,$0"/><instruction code="OR $2,$0,0"/><instruction code="SETL $0,2"/><instruction code="INCML $0,0"/><instruction code="INCMH $0,0"/><instruction code="INCH $0,0"/><instruction code="OR $1,$0,0"/><instruction code="SETL $0,72"/><instruction code="INCML $0,0"/><instruction code="INCMH $0,0"/><instruction code="INCH $0,0"/><instruction code="OR $0,$0,0"/><instruction code="MUL $0,$1,$0"/><instruction code="OR $0,$0,0"/><instruction code="ADD $0,$2,$0"/><instruction code="OR $2,$0,0"/><instruction code="SETL $0,7"/><instruction code="INCML $0,0"/><instruction code="INCMH $0,0"/><instruction code="INCH $0,0"/><instruction code="OR $1,$0,0"/><instruction code="SETL $0,8"/><instruction code="INCML $0,0"/><instruction code="INCMH $0,0"/><instruction code="INCH $0,0"/><instruction code="OR $0,$0,0"/><instruction code="MUL $0,$1,$0"/><instruction code="OR $0,$0,0"/><instruction code="ADD $0,$2,$0"/><instruction code="OR $1,$0,0"/><instruction code="SETL $0,4"/><instruction code="INCML $0,0"/><instruction code="INCMH $0,0"/><instruction code="INCH $0,0"/><instruction code="OR $0,$0,0"/><instruction code="STO $0,$1,0"/><instruction code="OR $1,$253,0"/><instruction code="SETL $0,672"/><instruction code="INCML $0,0"/><instruction code="INCMH $0,0"/><instruction code="INCH $0,0"/><instruction code="NEG $0,0,$0"/><instruction code="OR $0,$0,0"/><instruction code="ADD $0,$1,$0"/><instruction code="OR $2,$0,0"/><instruction code="SETL $0,2"/><instruction code="INCML $0,0"/><instruction code="INCMH $0,0"/><instruction code="INCH $0,0"/><instruction code="OR $1,$0,0"/><instruction code="SETL $0,72"/><instruction code="INCML $0,0"/><instruction code="INCMH $0,0"/><instruction code="INCH $0,0"/><instruction code="OR $0,$0,0"/><instruction code="MUL $0,$1,$0"/><instruction code="OR $0,$0,0"/><instruction code="ADD $0,$2,$0"/><instruction code="OR $2,$0,0"/><instruction code="SETL $0,8"/><instruction code="INCML $0,0"/><instruction code="INCMH $0,0"/><instruction code="INCH $0,0"/><instruction code="OR $1,$0,0"/><instruction code="SETL $0,8"/><instruction code="INCML $0,0"/><instruction code="INCMH $0,0"/><instruction code="INCH $0,0"/><instruction code="OR $0,$0,0"/><instruction code="MUL $0,$1,$0"/><instruction code="OR $0,$0,0"/><instruction code="ADD $0,$2,$0"/><instruction code="OR $1,$0,0"/><instruction code="SETL $0,5"/><instruction code="INCML $0,0"/><instruction code="INCMH $0,0"/><instruction code="INCH $0,0"/><instruction code="OR $0,$0,0"/><instruction code="STO $0,$1,0"/><instruction code="OR $1,$253,0"/><instruction code="SETL $0,672"/><instruction code="INCML $0,0"/><instruction code="INCMH $0,0"/><instruction code="INCH $0,0"/><instruction code="NEG $0,0,$0"/><instruction code="OR $0,$0,0"/><instruction code="ADD $0,$1,$0"/><instruction code="OR $2,$0,0"/><instruction code="SETL $0,3"/><instruction code="INCML $0,0"/><instruction code="INCMH $0,0"/><instruction code="INCH $0,0"/><instruction code="OR $1,$0,0"/><instruction code="SETL $0,72"/><instruction code="INCML $0,0"/><instruction code="INCMH $0,0"/><instruction code="INCH $0,0"/><instruction code="OR $0,$0,0"/><instruction code="MUL $0,$1,$0"/><instruction code="OR $0,$0,0"/><instruction code="ADD $0,$2,$0"/><instruction code="OR $2,$0,0"/><instruction code="SETL $0,0"/><instruction code="INCML $0,0"/><instruction code="INCMH $0,0"/><instruction code="INCH $0,0"/><instruction code="OR $1,$0,0"/><instruction code="SETL $0,8"/><instruction code="INCML $0,0"/><instruction code="INCMH $0,0"/><instruction code="INCH $0,0"/><instruction code="OR $0,$0,0"/><instruction code="MUL $0,$1,$0"/><instruction code="OR $0,$0,0"/><instruction code="ADD $0,$2,$0"/><instruction code="OR $1,$0,0"/><instruction code="SETL $0,7"/><instruction code="INCML $0,0"/><instruction code="INCMH $0,0"/><instruction code="INCH $0,0"/><instruction code="OR $0,$0,0"/><instruction code="STO $0,$1,0"/><instruction code="OR $1,$253,0"/><instruction code="SETL $0,672"/><instruction code="INCML $0,0"/><instruction code="INCMH $0,0"/><instruction code="INCH $0,0"/><instruction code="NEG $0,0,$0"/><instruction code="OR $0,$0,0"/><instruction code="ADD $0,$1,$0"/><instruction code="OR $2,$0,0"/><instruction code="SETL $0,3"/><instruction code="INCML $0,0"/><instruction code="INCMH $0,0"/><instruction code="INCH $0,0"/><instruction code="OR $1,$0,0"/><instruction code="SETL $0,72"/><instruction code="INCML $0,0"/><instruction code="INCMH $0,0"/><instruction code="INCH $0,0"/><instruction code="OR $0,$0,0"/><instruction code="MUL $0,$1,$0"/><instruction code="OR $0,$0,0"/><instruction code="ADD $0,$2,$0"/><instruction code="OR $2,$0,0"/><instruction code="SETL $0,1"/><instruction code="INCML $0,0"/><instruction code="INCMH $0,0"/><instruction code="INCH $0,0"/><instruction code="OR $1,$0,0"/><instruction code="SETL $0,8"/><instruction code="INCML $0,0"/><instruction code="INCMH $0,0"/><instruction code="INCH $0,0"/><instruction code="OR $0,$0,0"/><instruction code="MUL $0,$1,$0"/><instruction code="OR $0,$0,0"/><instruction code="ADD $0,$2,$0"/><instruction code="OR $1,$0,0"/><instruction code="SETL $0,1"/><instruction code="INCML $0,0"/><instruction code="INCMH $0,0"/><instruction code="INCH $0,0"/><instruction code="OR $0,$0,0"/><instruction code="STO $0,$1,0"/><instruction code="OR $1,$253,0"/><instruction code="SETL $0,672"/><instruction code="INCML $0,0"/><instruction code="INCMH $0,0"/><instruction code="INCH $0,0"/><instruction code="NEG $0,0,$0"/><instruction code="OR $0,$0,0"/><instruction code="ADD $0,$1,$0"/><instruction code="OR $2,$0,0"/><instruction code="SETL $0,3"/><instruction code="INCML $0,0"/><instruction code="INCMH $0,0"/><instruction code="INCH $0,0"/><instruction code="OR $1,$0,0"/><instruction code="SETL $0,72"/><instruction code="INCML $0,0"/><instruction code="INCMH $0,0"/><instruction code="INCH $0,0"/><instruction code="OR $0,$0,0"/><instruction code="MUL $0,$1,$0"/><instruction code="OR $0,$0,0"/><instruction code="ADD $0,$2,$0"/><instruction code="OR $2,$0,0"/><instruction code="SETL $0,2"/><instruction code="INCML $0,0"/><instruction code="INCMH $0,0"/><instruction code="INCH $0,0"/><instruction code="OR $1,$0,0"/><instruction code="SETL $0,8"/><instruction code="INCML $0,0"/><instruction code="INCMH $0,0"/><instruction code="INCH $0,0"/><instruction code="OR $0,$0,0"/><instruction code="MUL $0,$1,$0"/><instruction code="OR $0,$0,0"/><instruction code="ADD $0,$2,$0"/><instruction code="OR $1,$0,0"/><instruction code="SETL $0,4"/><instruction code="INCML $0,0"/><instruction code="INCMH $0,0"/><instruction code="INCH $0,0"/><instruction code="OR $0,$0,0"/><instruction code="STO $0,$1,0"/><instruction code="OR $1,$253,0"/><instruction code="SETL $0,672"/><instruction code="INCML $0,0"/><instruction code="INCMH $0,0"/><instruction code="INCH $0,0"/><instruction code="NEG $0,0,$0"/><instruction code="OR $0,$0,0"/><instruction code="ADD $0,$1,$0"/><instruction code="OR $2,$0,0"/><instruction code="SETL $0,3"/><instruction code="INCML $0,0"/><instruction code="INCMH $0,0"/><instruction code="INCH $0,0"/><instruction code="OR $1,$0,0"/><instruction code="SETL $0,72"/><instruction code="INCML $0,0"/><instruction code="INCMH $0,0"/><instruction code="INCH $0,0"/><instruction code="OR $0,$0,0"/><instruction code="MUL $0,$1,$0"/><instruction code="OR $0,$0,0"/><instruction code="ADD $0,$2,$0"/><instruction code="OR $2,$0,0"/><instruction code="SETL $0,3"/><instruction code="INCML $0,0"/><instruction code="INCMH $0,0"/><instruction code="INCH $0,0"/><instruction code="OR $1,$0,0"/><instruction code="SETL $0,8"/><instruction code="INCML $0,0"/><instruction code="INCMH $0,0"/><instruction code="INCH $0,0"/><instruction code="OR $0,$0,0"/><instruction code="MUL $0,$1,$0"/><instruction code="OR $0,$0,0"/><instruction code="ADD $0,$2,$0"/><instruction code="OR $1,$0,0"/><instruction code="SETL $0,8"/><instruction code="INCML $0,0"/><instruction code="INCMH $0,0"/><instruction code="INCH $0,0"/><instruction code="OR $0,$0,0"/><instruction code="STO $0,$1,0"/><instruction code="OR $1,$253,0"/><instruction code="SETL $0,672"/><instruction code="INCML $0,0"/><instruction code="INCMH $0,0"/><instruction code="INCH $0,0"/><instruction code="NEG $0,0,$0"/><instruction code="OR $0,$0,0"/><instruction code="ADD $0,$1,$0"/><instruction code="OR $2,$0,0"/><instruction code="SETL $0,3"/><instruction code="INCML $0,0"/><instruction code="INCMH $0,0"/><instruction code="INCH $0,0"/><instruction code="OR $1,$0,0"/><instruction code="SETL $0,72"/><instruction code="INCML $0,0"/><instruction code="INCMH $0,0"/><instruction code="INCH $0,0"/><instruction code="OR $0,$0,0"/><instruction code="MUL $0,$1,$0"/><instruction code="OR $0,$0,0"/><instruction code="ADD $0,$2,$0"/><instruction code="OR $2,$0,0"/><instruction code="SETL $0,4"/><instruction code="INCML $0,0"/><instruction code="INCMH $0,0"/><instruction code="INCH $0,0"/><instruction code="OR $1,$0,0"/><instruction code="SETL $0,8"/><instruction code="INCML $0,0"/><instruction code="INCMH $0,0"/><instruction code="INCH $0,0"/><instruction code="OR $0,$0,0"/><instruction code="MUL $0,$1,$0"/><instruction code="OR $0,$0,0"/><instruction code="ADD $0,$2,$0"/><instruction code="OR $1,$0,0"/><instruction code="SETL $0,6"/><instruction code="INCML $0,0"/><instruction code="INCMH $0,0"/><instruction code="INCH $0,0"/><instruction code="OR $0,$0,0"/><instruction code="STO $0,$1,0"/><instruction code="OR $1,$253,0"/><instruction code="SETL $0,672"/><instruction code="INCML $0,0"/><instruction code="INCMH $0,0"/><instruction code="INCH $0,0"/><instruction code="NEG $0,0,$0"/><instruction code="OR $0,$0,0"/><instruction code="ADD $0,$1,$0"/><instruction code="OR $2,$0,0"/><instruction code="SETL $0,3"/><instruction code="INCML $0,0"/><instruction code="INCMH $0,0"/><instruction code="INCH $0,0"/><instruction code="OR $1,$0,0"/><instruction code="SETL $0,72"/><instruction code="INCML $0,0"/><instruction code="INCMH $0,0"/><instruction code="INCH $0,0"/><instruction code="OR $0,$0,0"/><instruction code="MUL $0,$1,$0"/><instruction code="OR $0,$0,0"/><instruction code="ADD $0,$2,$0"/><instruction code="OR $2,$0,0"/><instruction code="SETL $0,5"/><instruction code="INCML $0,0"/><instruction code="INCMH $0,0"/><instruction code="INCH $0,0"/><instruction code="OR $1,$0,0"/><instruction code="SETL $0,8"/><instruction code="INCML $0,0"/><instruction code="INCMH $0,0"/><instruction code="INCH $0,0"/><instruction code="OR $0,$0,0"/><instruction code="MUL $0,$1,$0"/><instruction code="OR $0,$0,0"/><instruction code="ADD $0,$2,$0"/><instruction code="OR $1,$0,0"/><instruction code="SETL $0,3"/><instruction code="INCML $0,0"/><instruction code="INCMH $0,0"/><instruction code="INCH $0,0"/><instruction code="OR $0,$0,0"/><instruction code="STO $0,$1,0"/><instruction code="OR $1,$253,0"/><instruction code="SETL $0,672"/><instruction code="INCML $0,0"/><instruction code="INCMH $0,0"/><instruction code="INCH $0,0"/><instruction code="NEG $0,0,$0"/><instruction code="OR $0,$0,0"/><instruction code="ADD $0,$1,$0"/><instruction code="OR $2,$0,0"/><instruction code="SETL $0,3"/><instruction code="INCML $0,0"/><instruction code="INCMH $0,0"/><instruction code="INCH $0,0"/><instruction code="OR $1,$0,0"/><instruction code="SETL $0,72"/><instruction code="INCML $0,0"/><instruction code="INCMH $0,0"/><instruction code="INCH $0,0"/><instruction code="OR $0,$0,0"/><instruction code="MUL $0,$1,$0"/><instruction code="OR $0,$0,0"/><instruction code="ADD $0,$2,$0"/><instruction code="OR $2,$0,0"/><instruction code="SETL $0,6"/><instruction code="INCML $0,0"/><instruction code="INCMH $0,0"/><instruction code="INCH $0,0"/><instruction code="OR $1,$0,0"/><instruction code="SETL $0,8"/><instruction code="INCML $0,0"/><instruction code="INCMH $0,0"/><instruction code="INCH $0,0"/><instruction code="OR $0,$0,0"/><instruction code="MUL $0,$1,$0"/><instruction code="OR $0,$0,0"/><instruction code="ADD $0,$2,$0"/><instruction code="OR $1,$0,0"/><instruction code="SETL $0,2"/><instruction code="INCML $0,0"/><instruction code="INCMH $0,0"/><instruction code="INCH $0,0"/><instruction code="OR $0,$0,0"/><instruction code="STO $0,$1,0"/><instruction code="OR $1,$253,0"/><instruction code="SETL $0,672"/><instruction code="INCML $0,0"/><instruction code="INCMH $0,0"/><instruction code="INCH $0,0"/><instruction code="NEG $0,0,$0"/><instruction code="OR $0,$0,0"/><instruction code="ADD $0,$1,$0"/><instruction code="OR $2,$0,0"/><instruction code="SETL $0,3"/><instruction code="INCML $0,0"/><instruction code="INCMH $0,0"/><instruction code="INCH $0,0"/><instruction code="OR $1,$0,0"/><instruction code="SETL $0,72"/><instruction code="INCML $0,0"/><instruction code="INCMH $0,0"/><instruction code="INCH $0,0"/><instruction code="OR $0,$0,0"/><instruction code="MUL $0,$1,$0"/><instruction code="OR $0,$0,0"/><instruction code="ADD $0,$2,$0"/><instruction code="OR $2,$0,0"/><instruction code="SETL $0,7"/><instruction code="INCML $0,0"/><instruction code="INCMH $0,0"/><instruction code="INCH $0,0"/><instruction code="OR $1,$0,0"/><instruction code="SETL $0,8"/><instruction code="INCML $0,0"/><instruction code="INCMH $0,0"/><instruction code="INCH $0,0"/><instruction code="OR $0,$0,0"/><instruction code="MUL $0,$1,$0"/><instruction code="OR $0,$0,0"/><instruction code="ADD $0,$2,$0"/><instruction code="OR $1,$0,0"/><instruction code="SETL $0,5"/><instruction code="INCML $0,0"/><instruction code="INCMH $0,0"/><instruction code="INCH $0,0"/><instruction code="OR $0,$0,0"/><instruction code="STO $0,$1,0"/><instruction code="OR $1,$253,0"/><instruction code="SETL $0,672"/><instruction code="INCML $0,0"/><instruction code="INCMH $0,0"/><instruction code="INCH $0,0"/><instruction code="NEG $0,0,$0"/><instruction code="OR $0,$0,0"/><instruction code="ADD $0,$1,$0"/><instruction code="OR $2,$0,0"/><instruction code="SETL $0,3"/><instruction code="INCML $0,0"/><instruction code="INCMH $0,0"/><instruction code="INCH $0,0"/><instruction code="OR $1,$0,0"/><instruction code="SETL $0,72"/><instruction code="INCML $0,0"/><instruction code="INCMH $0,0"/><instruction code="INCH $0,0"/><instruction code="OR $0,$0,0"/><instruction code="MUL $0,$1,$0"/><instruction code="OR $0,$0,0"/><instruction code="ADD $0,$2,$0"/><instruction code="OR $2,$0,0"/><instruction code="SETL $0,8"/><instruction code="INCML $0,0"/><instruction code="INCMH $0,0"/><instruction code="INCH $0,0"/><instruction code="OR $1,$0,0"/><instruction code="SETL $0,8"/><instruction code="INCML $0,0"/><instruction code="INCMH $0,0"/><instruction code="INCH $0,0"/><instruction code="OR $0,$0,0"/><instruction code="MUL $0,$1,$0"/><instruction code="OR $0,$0,0"/><instruction code="ADD $0,$2,$0"/><instruction code="OR $1,$0,0"/><instruction code="SETL $0,9"/><instruction code="INCML $0,0"/><instruction code="INCMH $0,0"/><instruction code="INCH $0,0"/><instruction code="OR $0,$0,0"/><instruction code="STO $0,$1,0"/><instruction code="OR $1,$253,0"/><instruction code="SETL $0,672"/><instruction code="INCML $0,0"/><instruction code="INCMH $0,0"/><instruction code="INCH $0,0"/><instruction code="NEG $0,0,$0"/><instruction code="OR $0,$0,0"/><instruction code="ADD $0,$1,$0"/><instruction code="OR $2,$0,0"/><instruction code="SETL $0,4"/><instruction code="INCML $0,0"/><instruction code="INCMH $0,0"/><instruction code="INCH $0,0"/><instruction code="OR $1,$0,0"/><instruction code="SETL $0,72"/><instruction code="INCML $0,0"/><instruction code="INCMH $0,0"/><instruction code="INCH $0,0"/><instruction code="OR $0,$0,0"/><instruction code="MUL $0,$1,$0"/><instruction code="OR $0,$0,0"/><instruction code="ADD $0,$2,$0"/><instruction code="OR $2,$0,0"/><instruction code="SETL $0,0"/><instruction code="INCML $0,0"/><instruction code="INCMH $0,0"/><instruction code="INCH $0,0"/><instruction code="OR $1,$0,0"/><instruction code="SETL $0,8"/><instruction code="INCML $0,0"/><instruction code="INCMH $0,0"/><instruction code="INCH $0,0"/><instruction code="OR $0,$0,0"/><instruction code="MUL $0,$1,$0"/><instruction code="OR $0,$0,0"/><instruction code="ADD $0,$2,$0"/><instruction code="OR $1,$0,0"/><instruction code="SETL $0,3"/><instruction code="INCML $0,0"/><instruction code="INCMH $0,0"/><instruction code="INCH $0,0"/><instruction code="OR $0,$0,0"/><instruction code="STO $0,$1,0"/><instruction code="OR $1,$253,0"/><instruction code="SETL $0,672"/><instruction code="INCML $0,0"/><instruction code="INCMH $0,0"/><instruction code="INCH $0,0"/><instruction code="NEG $0,0,$0"/><instruction code="OR $0,$0,0"/><instruction code="ADD $0,$1,$0"/><instruction code="OR $2,$0,0"/><instruction code="SETL $0,4"/><instruction code="INCML $0,0"/><instruction code="INCMH $0,0"/><instruction code="INCH $0,0"/><instruction code="OR $1,$0,0"/><instruction code="SETL $0,72"/><instruction code="INCML $0,0"/><instruction code="INCMH $0,0"/><instruction code="INCH $0,0"/><instruction code="OR $0,$0,0"/><instruction code="MUL $0,$1,$0"/><instruction code="OR $0,$0,0"/><instruction code="ADD $0,$2,$0"/><instruction code="OR $2,$0,0"/><instruction code="SETL $0,1"/><instruction code="INCML $0,0"/><instruction code="INCMH $0,0"/><instruction code="INCH $0,0"/><instruction code="OR $1,$0,0"/><instruction code="SETL $0,8"/><instruction code="INCML $0,0"/><instruction code="INCMH $0,0"/><instruction code="INCH $0,0"/><instruction code="OR $0,$0,0"/><instruction code="MUL $0,$1,$0"/><instruction code="OR $0,$0,0"/><instruction code="ADD $0,$2,$0"/><instruction code="OR $1,$0,0"/><instruction code="SETL $0,9"/><instruction code="INCML $0,0"/><instruction code="INCMH $0,0"/><instruction code="INCH $0,0"/><instruction code="OR $0,$0,0"/><instruction code="STO $0,$1,0"/><instruction code="OR $1,$253,0"/><instruction code="SETL $0,672"/><instruction code="INCML $0,0"/><instruction code="INCMH $0,0"/><instruction code="INCH $0,0"/><instruction code="NEG $0,0,$0"/><instruction code="OR $0,$0,0"/><instruction code="ADD $0,$1,$0"/><instruction code="OR $2,$0,0"/><instruction code="SETL $0,4"/><instruction code="INCML $0,0"/><instruction code="INCMH $0,0"/><instruction code="INCH $0,0"/><instruction code="OR $1,$0,0"/><instruction code="SETL $0,72"/><instruction code="INCML $0,0"/><instruction code="INCMH $0,0"/><instruction code="INCH $0,0"/><instruction code="OR $0,$0,0"/><instruction code="MUL $0,$1,$0"/><instruction code="OR $0,$0,0"/><instruction code="ADD $0,$2,$0"/><instruction code="OR $2,$0,0"/><instruction code="SETL $0,2"/><instruction code="INCML $0,0"/><instruction code="INCMH $0,0"/><instruction code="INCH $0,0"/><instruction code="OR $1,$0,0"/><instruction code="SETL $0,8"/><instruction code="INCML $0,0"/><instruction code="INCMH $0,0"/><instruction code="INCH $0,0"/><instruction code="OR $0,$0,0"/><instruction code="MUL $0,$1,$0"/><instruction code="OR $0,$0,0"/><instruction code="ADD $0,$2,$0"/><instruction code="OR $1,$0,0"/><instruction code="SETL $0,8"/><instruction code="INCML $0,0"/><instruction code="INCMH $0,0"/><instruction code="INCH $0,0"/><instruction code="OR $0,$0,0"/><instruction code="STO $0,$1,0"/><instruction code="OR $1,$253,0"/><instruction code="SETL $0,672"/><instruction code="INCML $0,0"/><instruction code="INCMH $0,0"/><instruction code="INCH $0,0"/><instruction code="NEG $0,0,$0"/><instruction code="OR $0,$0,0"/><instruction code="ADD $0,$1,$0"/><instruction code="OR $2,$0,0"/><instruction code="SETL $0,4"/><instruction code="INCML $0,0"/><instruction code="INCMH $0,0"/><instruction code="INCH $0,0"/><instruction code="OR $1,$0,0"/><instruction code="SETL $0,72"/><instruction code="INCML $0,0"/><instruction code="INCMH $0,0"/><instruction code="INCH $0,0"/><instruction code="OR $0,$0,0"/><instruction code="MUL $0,$1,$0"/><instruction code="OR $0,$0,0"/><instruction code="ADD $0,$2,$0"/><instruction code="OR $2,$0,0"/><instruction code="SETL $0,3"/><instruction code="INCML $0,0"/><instruction code="INCMH $0,0"/><instruction code="INCH $0,0"/><instruction code="OR $1,$0,0"/><instruction code="SETL $0,8"/><instruction code="INCML $0,0"/><instruction code="INCMH $0,0"/><instruction code="INCH $0,0"/><instruction code="OR $0,$0,0"/><instruction code="MUL $0,$1,$0"/><instruction code="OR $0,$0,0"/><instruction code="ADD $0,$2,$0"/><instruction code="OR $1,$0,0"/><instruction code="SETL $0,1"/><instruction code="INCML $0,0"/><instruction code="INCMH $0,0"/><instruction code="INCH $0,0"/><instruction code="OR $0,$0,0"/><instruction code="STO $0,$1,0"/><instruction code="OR $1,$253,0"/><instruction code="SETL $0,672"/><instruction code="INCML $0,0"/><instruction code="INCMH $0,0"/><instruction code="INCH $0,0"/><instruction code="NEG $0,0,$0"/><instruction code="OR $0,$0,0"/><instruction code="ADD $0,$1,$0"/><instruction code="OR $2,$0,0"/><instruction code="SETL $0,4"/><instruction code="INCML $0,0"/><instruction code="INCMH $0,0"/><instruction code="INCH $0,0"/><instruction code="OR $1,$0,0"/><instruction code="SETL $0,72"/><instruction code="INCML $0,0"/><instruction code="INCMH $0,0"/><instruction code="INCH $0,0"/><instruction code="OR $0,$0,0"/><instruction code="MUL $0,$1,$0"/><instruction code="OR $0,$0,0"/><instruction code="ADD $0,$2,$0"/><instruction code="OR $2,$0,0"/><instruction code="SETL $0,4"/><instruction code="INCML $0,0"/><instruction code="INCMH $0,0"/><instruction code="INCH $0,0"/><instruction code="OR $1,$0,0"/><instruction code="SETL $0,8"/><instruction code="INCML $0,0"/><instruction code="INCMH $0,0"/><instruction code="INCH $0,0"/><instruction code="OR $0,$0,0"/><instruction code="MUL $0,$1,$0"/><instruction code="OR $0,$0,0"/><instruction code="ADD $0,$2,$0"/><instruction code="OR $1,$0,0"/><instruction code="SETL $0,2"/><instruction code="INCML $0,0"/><instruction code="INCMH $0,0"/><instruction code="INCH $0,0"/><instruction code="OR $0,$0,0"/><instruction code="STO $0,$1,0"/><instruction code="OR $1,$253,0"/><instruction code="SETL $0,672"/><instruction code="INCML $0,0"/><instruction code="INCMH $0,0"/><instruction code="INCH $0,0"/><instruction code="NEG $0,0,$0"/><instruction code="OR $0,$0,0"/><instruction code="ADD $0,$1,$0"/><instruction code="OR $2,$0,0"/><instruction code="SETL $0,4"/><instruction code="INCML $0,0"/><instruction code="INCMH $0,0"/><instruction code="INCH $0,0"/><instruction code="OR $1,$0,0"/><instruction code="SETL $0,72"/><instruction code="INCML $0,0"/><instruction code="INCMH $0,0"/><instruction code="INCH $0,0"/><instruction code="OR $0,$0,0"/><instruction code="MUL $0,$1,$0"/><instruction code="OR $0,$0,0"/><instruction code="ADD $0,$2,$0"/><instruction code="OR $2,$0,0"/><instruction code="SETL $0,5"/><instruction code="INCML $0,0"/><instruction code="INCMH $0,0"/><instruction code="INCH $0,0"/><instruction code="OR $1,$0,0"/><instruction code="SETL $0,8"/><instruction code="INCML $0,0"/><instruction code="INCMH $0,0"/><instruction code="INCH $0,0"/><instruction code="OR $0,$0,0"/><instruction code="MUL $0,$1,$0"/><instruction code="OR $0,$0,0"/><instruction code="ADD $0,$2,$0"/><instruction code="OR $1,$0,0"/><instruction code="SETL $0,5"/><instruction code="INCML $0,0"/><instruction code="INCMH $0,0"/><instruction code="INCH $0,0"/><instruction code="OR $0,$0,0"/><instruction code="STO $0,$1,0"/><instruction code="OR $1,$253,0"/><instruction code="SETL $0,672"/><instruction code="INCML $0,0"/><instruction code="INCMH $0,0"/><instruction code="INCH $0,0"/><instruction code="NEG $0,0,$0"/><instruction code="OR $0,$0,0"/><instruction code="ADD $0,$1,$0"/><instruction code="OR $2,$0,0"/><instruction code="SETL $0,4"/><instruction code="INCML $0,0"/><instruction code="INCMH $0,0"/><instruction code="INCH $0,0"/><instruction code="OR $1,$0,0"/><instruction code="SETL $0,72"/><instruction code="INCML $0,0"/><instruction code="INCMH $0,0"/><instruction code="INCH $0,0"/><instruction code="OR $0,$0,0"/><instruction code="MUL $0,$1,$0"/><instruction code="OR $0,$0,0"/><instruction code="ADD $0,$2,$0"/><instruction code="OR $2,$0,0"/><instruction code="SETL $0,6"/><instruction code="INCML $0,0"/><instruction code="INCMH $0,0"/><instruction code="INCH $0,0"/><instruction code="OR $1,$0,0"/><instruction code="SETL $0,8"/><instruction code="INCML $0,0"/><instruction code="INCMH $0,0"/><instruction code="INCH $0,0"/><instruction code="OR $0,$0,0"/><instruction code="MUL $0,$1,$0"/><instruction code="OR $0,$0,0"/><instruction code="ADD $0,$2,$0"/><instruction code="OR $1,$0,0"/><instruction code="SETL $0,6"/><instruction code="INCML $0,0"/><instruction code="INCMH $0,0"/><instruction code="INCH $0,0"/><instruction code="OR $0,$0,0"/><instruction code="STO $0,$1,0"/><instruction code="OR $1,$253,0"/><instruction code="SETL $0,672"/><instruction code="INCML $0,0"/><instruction code="INCMH $0,0"/><instruction code="INCH $0,0"/><instruction code="NEG $0,0,$0"/><instruction code="OR $0,$0,0"/><instruction code="ADD $0,$1,$0"/><instruction code="OR $2,$0,0"/><instruction code="SETL $0,4"/><instruction code="INCML $0,0"/><instruction code="INCMH $0,0"/><instruction code="INCH $0,0"/><instruction code="OR $1,$0,0"/><instruction code="SETL $0,72"/><instruction code="INCML $0,0"/><instruction code="INCMH $0,0"/><instruction code="INCH $0,0"/><instruction code="OR $0,$0,0"/><instruction code="MUL $0,$1,$0"/><instruction code="OR $0,$0,0"/><instruction code="ADD $0,$2,$0"/><instruction code="OR $2,$0,0"/><instruction code="SETL $0,7"/><instruction code="INCML $0,0"/><instruction code="INCMH $0,0"/><instruction code="INCH $0,0"/><instruction code="OR $1,$0,0"/><instruction code="SETL $0,8"/><instruction code="INCML $0,0"/><instruction code="INCMH $0,0"/><instruction code="INCH $0,0"/><instruction code="OR $0,$0,0"/><instruction code="MUL $0,$1,$0"/><instruction code="OR $0,$0,0"/><instruction code="ADD $0,$2,$0"/><instruction code="OR $1,$0,0"/><instruction code="SETL $0,7"/><instruction code="INCML $0,0"/><instruction code="INCMH $0,0"/><instruction code="INCH $0,0"/><instruction code="OR $0,$0,0"/><instruction code="STO $0,$1,0"/><instruction code="OR $1,$253,0"/><instruction code="SETL $0,672"/><instruction code="INCML $0,0"/><instruction code="INCMH $0,0"/><instruction code="INCH $0,0"/><instruction code="NEG $0,0,$0"/><instruction code="OR $0,$0,0"/><instruction code="ADD $0,$1,$0"/><instruction code="OR $2,$0,0"/><instruction code="SETL $0,4"/><instruction code="INCML $0,0"/><instruction code="INCMH $0,0"/><instruction code="INCH $0,0"/><instruction code="OR $1,$0,0"/><instruction code="SETL $0,72"/><instruction code="INCML $0,0"/><instruction code="INCMH $0,0"/><instruction code="INCH $0,0"/><instruction code="OR $0,$0,0"/><instruction code="MUL $0,$1,$0"/><instruction code="OR $0,$0,0"/><instruction code="ADD $0,$2,$0"/><instruction code="OR $2,$0,0"/><instruction code="SETL $0,8"/><instruction code="INCML $0,0"/><instruction code="INCMH $0,0"/><instruction code="INCH $0,0"/><instruction code="OR $1,$0,0"/><instruction code="SETL $0,8"/><instruction code="INCML $0,0"/><instruction code="INCMH $0,0"/><instruction code="INCH $0,0"/><instruction code="OR $0,$0,0"/><instruction code="MUL $0,$1,$0"/><instruction code="OR $0,$0,0"/><instruction code="ADD $0,$2,$0"/><instruction code="OR $1,$0,0"/><instruction code="SETL $0,4"/><instruction code="INCML $0,0"/><instruction code="INCMH $0,0"/><instruction code="INCH $0,0"/><instruction code="OR $0,$0,0"/><instruction code="STO $0,$1,0"/><instruction code="OR $1,$253,0"/><instruction code="SETL $0,672"/><instruction code="INCML $0,0"/><instruction code="INCMH $0,0"/><instruction code="INCH $0,0"/><instruction code="NEG $0,0,$0"/><instruction code="OR $0,$0,0"/><instruction code="ADD $0,$1,$0"/><instruction code="OR $2,$0,0"/><instruction code="SETL $0,5"/><instruction code="INCML $0,0"/><instruction code="INCMH $0,0"/><instruction code="INCH $0,0"/><instruction code="OR $1,$0,0"/><instruction code="SETL $0,72"/><instruction code="INCML $0,0"/><instruction code="INCMH $0,0"/><instruction code="INCH $0,0"/><instruction code="OR $0,$0,0"/><instruction code="MUL $0,$1,$0"/><instruction code="OR $0,$0,0"/><instruction code="ADD $0,$2,$0"/><instruction code="OR $2,$0,0"/><instruction code="SETL $0,0"/><instruction code="INCML $0,0"/><instruction code="INCMH $0,0"/><instruction code="INCH $0,0"/><instruction code="OR $1,$0,0"/><instruction code="SETL $0,8"/><instruction code="INCML $0,0"/><instruction code="INCMH $0,0"/><instruction code="INCH $0,0"/><instruction code="OR $0,$0,0"/><instruction code="MUL $0,$1,$0"/><instruction code="OR $0,$0,0"/><instruction code="ADD $0,$2,$0"/><instruction code="OR $1,$0,0"/><instruction code="SETL $0,2"/><instruction code="INCML $0,0"/><instruction code="INCMH $0,0"/><instruction code="INCH $0,0"/><instruction code="OR $0,$0,0"/><instruction code="STO $0,$1,0"/><instruction code="OR $1,$253,0"/><instruction code="SETL $0,672"/><instruction code="INCML $0,0"/><instruction code="INCMH $0,0"/><instruction code="INCH $0,0"/><instruction code="NEG $0,0,$0"/><instruction code="OR $0,$0,0"/><instruction code="ADD $0,$1,$0"/><instruction code="OR $2,$0,0"/><instruction code="SETL $0,5"/><instruction code="INCML $0,0"/><instruction code="INCMH $0,0"/><instruction code="INCH $0,0"/><instruction code="OR $1,$0,0"/><instruction code="SETL $0,72"/><instruction code="INCML $0,0"/><instruction code="INCMH $0,0"/><instruction code="INCH $0,0"/><instruction code="OR $0,$0,0"/><instruction code="MUL $0,$1,$0"/><instruction code="OR $0,$0,0"/><instruction code="ADD $0,$2,$0"/><instruction code="OR $2,$0,0"/><instruction code="SETL $0,1"/><instruction code="INCML $0,0"/><instruction code="INCMH $0,0"/><instruction code="INCH $0,0"/><instruction code="OR $1,$0,0"/><instruction code="SETL $0,8"/><instruction code="INCML $0,0"/><instruction code="INCMH $0,0"/><instruction code="INCH $0,0"/><instruction code="OR $0,$0,0"/><instruction code="MUL $0,$1,$0"/><instruction code="OR $0,$0,0"/><instruction code="ADD $0,$2,$0"/><instruction code="OR $1,$0,0"/><instruction code="SETL $0,6"/><instruction code="INCML $0,0"/><instruction code="INCMH $0,0"/><instruction code="INCH $0,0"/><instruction code="OR $0,$0,0"/><instruction code="STO $0,$1,0"/><instruction code="OR $1,$253,0"/><instruction code="SETL $0,672"/><instruction code="INCML $0,0"/><instruction code="INCMH $0,0"/><instruction code="INCH $0,0"/><instruction code="NEG $0,0,$0"/><instruction code="OR $0,$0,0"/><instruction code="ADD $0,$1,$0"/><instruction code="OR $2,$0,0"/><instruction code="SETL $0,5"/><instruction code="INCML $0,0"/><instruction code="INCMH $0,0"/><instruction code="INCH $0,0"/><instruction code="OR $1,$0,0"/><instruction code="SETL $0,72"/><instruction code="INCML $0,0"/><instruction code="INCMH $0,0"/><instruction code="INCH $0,0"/><instruction code="OR $0,$0,0"/><instruction code="MUL $0,$1,$0"/><instruction code="OR $0,$0,0"/><instruction code="ADD $0,$2,$0"/><instruction code="OR $2,$0,0"/><instruction code="SETL $0,2"/><instruction code="INCML $0,0"/><instruction code="INCMH $0,0"/><instruction code="INCH $0,0"/><instruction code="OR $1,$0,0"/><instruction code="SETL $0,8"/><instruction code="INCML $0,0"/><instruction code="INCMH $0,0"/><instruction code="INCH $0,0"/><instruction code="OR $0,$0,0"/><instruction code="MUL $0,$1,$0"/><instruction code="OR $0,$0,0"/><instruction code="ADD $0,$2,$0"/><instruction code="OR $1,$0,0"/><instruction code="SETL $0,5"/><instruction code="INCML $0,0"/><instruction code="INCMH $0,0"/><instruction code="INCH $0,0"/><instruction code="OR $0,$0,0"/><instruction code="STO $0,$1,0"/><instruction code="OR $1,$253,0"/><instruction code="SETL $0,672"/><instruction code="INCML $0,0"/><instruction code="INCMH $0,0"/><instruction code="INCH $0,0"/><instruction code="NEG $0,0,$0"/><instruction code="OR $0,$0,0"/><instruction code="ADD $0,$1,$0"/><instruction code="OR $2,$0,0"/><instruction code="SETL $0,5"/><instruction code="INCML $0,0"/><instruction code="INCMH $0,0"/><instruction code="INCH $0,0"/><instruction code="OR $1,$0,0"/><instruction code="SETL $0,72"/><instruction code="INCML $0,0"/><instruction code="INCMH $0,0"/><instruction code="INCH $0,0"/><instruction code="OR $0,$0,0"/><instruction code="MUL $0,$1,$0"/><instruction code="OR $0,$0,0"/><instruction code="ADD $0,$2,$0"/><instruction code="OR $2,$0,0"/><instruction code="SETL $0,3"/><instruction code="INCML $0,0"/><instruction code="INCMH $0,0"/><instruction code="INCH $0,0"/><instruction code="OR $1,$0,0"/><instruction code="SETL $0,8"/><instruction code="INCML $0,0"/><instruction code="INCMH $0,0"/><instruction code="INCH $0,0"/><instruction code="OR $0,$0,0"/><instruction code="MUL $0,$1,$0"/><instruction code="OR $0,$0,0"/><instruction code="ADD $0,$2,$0"/><instruction code="OR $1,$0,0"/><instruction code="SETL $0,4"/><instruction code="INCML $0,0"/><instruction code="INCMH $0,0"/><instruction code="INCH $0,0"/><instruction code="OR $0,$0,0"/><instruction code="STO $0,$1,0"/><instruction code="OR $1,$253,0"/><instruction code="SETL $0,672"/><instruction code="INCML $0,0"/><instruction code="INCMH $0,0"/><instruction code="INCH $0,0"/><instruction code="NEG $0,0,$0"/><instruction code="OR $0,$0,0"/><instruction code="ADD $0,$1,$0"/><instruction code="OR $2,$0,0"/><instruction code="SETL $0,5"/><instruction code="INCML $0,0"/><instruction code="INCMH $0,0"/><instruction code="INCH $0,0"/><instruction code="OR $1,$0,0"/><instruction code="SETL $0,72"/><instruction code="INCML $0,0"/><instruction code="INCMH $0,0"/><instruction code="INCH $0,0"/><instruction code="OR $0,$0,0"/><instruction code="MUL $0,$1,$0"/><instruction code="OR $0,$0,0"/><instruction code="ADD $0,$2,$0"/><instruction code="OR $2,$0,0"/><instruction code="SETL $0,4"/><instruction code="INCML $0,0"/><instruction code="INCMH $0,0"/><instruction code="INCH $0,0"/><instruction code="OR $1,$0,0"/><instruction code="SETL $0,8"/><instruction code="INCML $0,0"/><instruction code="INCMH $0,0"/><instruction code="INCH $0,0"/><instruction code="OR $0,$0,0"/><instruction code="MUL $0,$1,$0"/><instruction code="OR $0,$0,0"/><instruction code="ADD $0,$2,$0"/><instruction code="OR $1,$0,0"/><instruction code="SETL $0,7"/><instruction code="INCML $0,0"/><instruction code="INCMH $0,0"/><instruction code="INCH $0,0"/><instruction code="OR $0,$0,0"/><instruction code="STO $0,$1,0"/><instruction code="OR $1,$253,0"/><instruction code="SETL $0,672"/><instruction code="INCML $0,0"/><instruction code="INCMH $0,0"/><instruction code="INCH $0,0"/><instruction code="NEG $0,0,$0"/><instruction code="OR $0,$0,0"/><instruction code="ADD $0,$1,$0"/><instruction code="OR $2,$0,0"/><instruction code="SETL $0,5"/><instruction code="INCML $0,0"/><instruction code="INCMH $0,0"/><instruction code="INCH $0,0"/><instruction code="OR $1,$0,0"/><instruction code="SETL $0,72"/><instruction code="INCML $0,0"/><instruction code="INCMH $0,0"/><instruction code="INCH $0,0"/><instruction code="OR $0,$0,0"/><instruction code="MUL $0,$1,$0"/><instruction code="OR $0,$0,0"/><instruction code="ADD $0,$2,$0"/><instruction code="OR $2,$0,0"/><instruction code="SETL $0,5"/><instruction code="INCML $0,0"/><instruction code="INCMH $0,0"/><instruction code="INCH $0,0"/><instruction code="OR $1,$0,0"/><instruction code="SETL $0,8"/><instruction code="INCML $0,0"/><instruction code="INCMH $0,0"/><instruction code="INCH $0,0"/><instruction code="OR $0,$0,0"/><instruction code="MUL $0,$1,$0"/><instruction code="OR $0,$0,0"/><instruction code="ADD $0,$2,$0"/><instruction code="OR $1,$0,0"/><instruction code="SETL $0,9"/><instruction code="INCML $0,0"/><instruction code="INCMH $0,0"/><instruction code="INCH $0,0"/><instruction code="OR $0,$0,0"/><instruction code="STO $0,$1,0"/><instruction code="OR $1,$253,0"/><instruction code="SETL $0,672"/><instruction code="INCML $0,0"/><instruction code="INCMH $0,0"/><instruction code="INCH $0,0"/><instruction code="NEG $0,0,$0"/><instruction code="OR $0,$0,0"/><instruction code="ADD $0,$1,$0"/><instruction code="OR $2,$0,0"/><instruction code="SETL $0,5"/><instruction code="INCML $0,0"/><instruction code="INCMH $0,0"/><instruction code="INCH $0,0"/><instruction code="OR $1,$0,0"/><instruction code="SETL $0,72"/><instruction code="INCML $0,0"/><instruction code="INCMH $0,0"/><instruction code="INCH $0,0"/><instruction code="OR $0,$0,0"/><instruction code="MUL $0,$1,$0"/><instruction code="OR $0,$0,0"/><instruction code="ADD $0,$2,$0"/><instruction code="OR $2,$0,0"/><instruction code="SETL $0,6"/><instruction code="INCML $0,0"/><instruction code="INCMH $0,0"/><instruction code="INCH $0,0"/><instruction code="OR $1,$0,0"/><instruction code="SETL $0,8"/><instruction code="INCML $0,0"/><instruction code="INCMH $0,0"/><instruction code="INCH $0,0"/><instruction code="OR $0,$0,0"/><instruction code="MUL $0,$1,$0"/><instruction code="OR $0,$0,0"/><instruction code="ADD $0,$2,$0"/><instruction code="OR $1,$0,0"/><instruction code="SETL $0,1"/><instruction code="INCML $0,0"/><instruction code="INCMH $0,0"/><instruction code="INCH $0,0"/><instruction code="OR $0,$0,0"/><instruction code="STO $0,$1,0"/><instruction code="OR $1,$253,0"/><instruction code="SETL $0,672"/><instruction code="INCML $0,0"/><instruction code="INCMH $0,0"/><instruction code="INCH $0,0"/><instruction code="NEG $0,0,$0"/><instruction code="OR $0,$0,0"/><instruction code="ADD $0,$1,$0"/><instruction code="OR $2,$0,0"/><instruction code="SETL $0,5"/><instruction code="INCML $0,0"/><instruction code="INCMH $0,0"/><instruction code="INCH $0,0"/><instruction code="OR $1,$0,0"/><instruction code="SETL $0,72"/><instruction code="INCML $0,0"/><instruction code="INCMH $0,0"/><instruction code="INCH $0,0"/><instruction code="OR $0,$0,0"/><instruction code="MUL $0,$1,$0"/><instruction code="OR $0,$0,0"/><instruction code="ADD $0,$2,$0"/><instruction code="OR $2,$0,0"/><instruction code="SETL $0,7"/><instruction code="INCML $0,0"/><instruction code="INCMH $0,0"/><instruction code="INCH $0,0"/><instruction code="OR $1,$0,0"/><instruction code="SETL $0,8"/><instruction code="INCML $0,0"/><instruction code="INCMH $0,0"/><instruction code="INCH $0,0"/><instruction code="OR $0,$0,0"/><instruction code="MUL $0,$1,$0"/><instruction code="OR $0,$0,0"/><instruction code="ADD $0,$2,$0"/><instruction code="OR $1,$0,0"/><instruction code="SETL $0,8"/><instruction code="INCML $0,0"/><instruction code="INCMH $0,0"/><instruction code="INCH $0,0"/><instruction code="OR $0,$0,0"/><instruction code="STO $0,$1,0"/><instruction code="OR $1,$253,0"/><instruction code="SETL $0,672"/><instruction code="INCML $0,0"/><instruction code="INCMH $0,0"/><instruction code="INCH $0,0"/><instruction code="NEG $0,0,$0"/><instruction code="OR $0,$0,0"/><instruction code="ADD $0,$1,$0"/><instruction code="OR $2,$0,0"/><instruction code="SETL $0,5"/><instruction code="INCML $0,0"/><instruction code="INCMH $0,0"/><instruction code="INCH $0,0"/><instruction code="OR $1,$0,0"/><instruction code="SETL $0,72"/><instruction code="INCML $0,0"/><instruction code="INCMH $0,0"/><instruction code="INCH $0,0"/><instruction code="OR $0,$0,0"/><instruction code="MUL $0,$1,$0"/><instruction code="OR $0,$0,0"/><instruction code="ADD $0,$2,$0"/><instruction code="OR $2,$0,0"/><instruction code="SETL $0,8"/><instruction code="INCML $0,0"/><instruction code="INCMH $0,0"/><instruction code="INCH $0,0"/><instruction code="OR $1,$0,0"/><instruction code="SETL $0,8"/><instruction code="INCML $0,0"/><instruction code="INCMH $0,0"/><instruction code="INCH $0,0"/><instruction code="OR $0,$0,0"/><instruction code="MUL $0,$1,$0"/><instruction code="OR $0,$0,0"/><instruction code="ADD $0,$2,$0"/><instruction code="OR $1,$0,0"/><instruction code="SETL $0,3"/><instruction code="INCML $0,0"/><instruction code="INCMH $0,0"/><instruction code="INCH $0,0"/><instruction code="OR $0,$0,0"/><instruction code="STO $0,$1,0"/><instruction code="OR $1,$253,0"/><instruction code="SETL $0,672"/><instruction code="INCML $0,0"/><instruction code="INCMH $0,0"/><instruction code="INCH $0,0"/><instruction code="NEG $0,0,$0"/><instruction code="OR $0,$0,0"/><instruction code="ADD $0,$1,$0"/><instruction code="OR $2,$0,0"/><instruction code="SETL $0,6"/><instruction code="INCML $0,0"/><instruction code="INCMH $0,0"/><instruction code="INCH $0,0"/><instruction code="OR $1,$0,0"/><instruction code="SETL $0,72"/><instruction code="INCML $0,0"/><instruction code="INCMH $0,0"/><instruction code="INCH $0,0"/><instruction code="OR $0,$0,0"/><instruction code="MUL $0,$1,$0"/><instruction code="OR $0,$0,0"/><instruction code="ADD $0,$2,$0"/><instruction code="OR $2,$0,0"/><instruction code="SETL $0,0"/><instruction code="INCML $0,0"/><instruction code="INCMH $0,0"/><instruction code="INCH $0,0"/><instruction code="OR $1,$0,0"/><instruction code="SETL $0,8"/><instruction code="INCML $0,0"/><instruction code="INCMH $0,0"/><instruction code="INCH $0,0"/><instruction code="OR $0,$0,0"/><instruction code="MUL $0,$1,$0"/><instruction code="OR $0,$0,0"/><instruction code="ADD $0,$2,$0"/><instruction code="OR $1,$0,0"/><instruction code="SETL $0,4"/><instruction code="INCML $0,0"/><instruction code="INCMH $0,0"/><instruction code="INCH $0,0"/><instruction code="OR $0,$0,0"/><instruction code="STO $0,$1,0"/><instruction code="OR $1,$253,0"/><instruction code="SETL $0,672"/><instruction code="INCML $0,0"/><instruction code="INCMH $0,0"/><instruction code="INCH $0,0"/><instruction code="NEG $0,0,$0"/><instruction code="OR $0,$0,0"/><instruction code="ADD $0,$1,$0"/><instruction code="OR $2,$0,0"/><instruction code="SETL $0,6"/><instruction code="INCML $0,0"/><instruction code="INCMH $0,0"/><instruction code="INCH $0,0"/><instruction code="OR $1,$0,0"/><instruction code="SETL $0,72"/><instruction code="INCML $0,0"/><instruction code="INCMH $0,0"/><instruction code="INCH $0,0"/><instruction code="OR $0,$0,0"/><instruction code="MUL $0,$1,$0"/><instruction code="OR $0,$0,0"/><instruction code="ADD $0,$2,$0"/><instruction code="OR $2,$0,0"/><instruction code="SETL $0,1"/><instruction code="INCML $0,0"/><instruction code="INCMH $0,0"/><instruction code="INCH $0,0"/><instruction code="OR $1,$0,0"/><instruction code="SETL $0,8"/><instruction code="INCML $0,0"/><instruction code="INCMH $0,0"/><instruction code="INCH $0,0"/><instruction code="OR $0,$0,0"/><instruction code="MUL $0,$1,$0"/><instruction code="OR $0,$0,0"/><instruction code="ADD $0,$2,$0"/><instruction code="OR $1,$0,0"/><instruction code="SETL $0,8"/><instruction code="INCML $0,0"/><instruction code="INCMH $0,0"/><instruction code="INCH $0,0"/><instruction code="OR $0,$0,0"/><instruction code="STO $0,$1,0"/><instruction code="OR $1,$253,0"/><instruction code="SETL $0,672"/><instruction code="INCML $0,0"/><instruction code="INCMH $0,0"/><instruction code="INCH $0,0"/><instruction code="NEG $0,0,$0"/><instruction code="OR $0,$0,0"/><instruction code="ADD $0,$1,$0"/><instruction code="OR $2,$0,0"/><instruction code="SETL $0,6"/><instruction code="INCML $0,0"/><instruction code="INCMH $0,0"/><instruction code="INCH $0,0"/><instruction code="OR $1,$0,0"/><instruction code="SETL $0,72"/><instruction code="INCML $0,0"/><instruction code="INCMH $0,0"/><instruction code="INCH $0,0"/><instruction code="OR $0,$0,0"/><instruction code="MUL $0,$1,$0"/><instruction code="OR $0,$0,0"/><instruction code="ADD $0,$2,$0"/><instruction code="OR $2,$0,0"/><instruction code="SETL $0,2"/><instruction code="INCML $0,0"/><instruction code="INCMH $0,0"/><instruction code="INCH $0,0"/><instruction code="OR $1,$0,0"/><instruction code="SETL $0,8"/><instruction code="INCML $0,0"/><instruction code="INCMH $0,0"/><instruction code="INCH $0,0"/><instruction code="OR $0,$0,0"/><instruction code="MUL $0,$1,$0"/><instruction code="OR $0,$0,0"/><instruction code="ADD $0,$2,$0"/><instruction code="OR $1,$0,0"/><instruction code="SETL $0,6"/><instruction code="INCML $0,0"/><instruction code="INCMH $0,0"/><instruction code="INCH $0,0"/><instruction code="OR $0,$0,0"/><instruction code="STO $0,$1,0"/><instruction code="OR $1,$253,0"/><instruction code="SETL $0,672"/><instruction code="INCML $0,0"/><instruction code="INCMH $0,0"/><instruction code="INCH $0,0"/><instruction code="NEG $0,0,$0"/><instruction code="OR $0,$0,0"/><instruction code="ADD $0,$1,$0"/><instruction code="OR $2,$0,0"/><instruction code="SETL $0,6"/><instruction code="INCML $0,0"/><instruction code="INCMH $0,0"/><instruction code="INCH $0,0"/><instruction code="OR $1,$0,0"/><instruction code="SETL $0,72"/><instruction code="INCML $0,0"/><instruction code="INCMH $0,0"/><instruction code="INCH $0,0"/><instruction code="OR $0,$0,0"/><instruction code="MUL $0,$1,$0"/><instruction code="OR $0,$0,0"/><instruction code="ADD $0,$2,$0"/><instruction code="OR $2,$0,0"/><instruction code="SETL $0,3"/><instruction code="INCML $0,0"/><instruction code="INCMH $0,0"/><instruction code="INCH $0,0"/><instruction code="OR $1,$0,0"/><instruction code="SETL $0,8"/><instruction code="INCML $0,0"/><instruction code="INCMH $0,0"/><instruction code="INCH $0,0"/><instruction code="OR $0,$0,0"/><instruction code="MUL $0,$1,$0"/><instruction code="OR $0,$0,0"/><instruction code="ADD $0,$2,$0"/><instruction code="OR $1,$0,0"/><instruction code="SETL $0,9"/><instruction code="INCML $0,0"/><instruction code="INCMH $0,0"/><instruction code="INCH $0,0"/><instruction code="OR $0,$0,0"/><instruction code="STO $0,$1,0"/><instruction code="OR $1,$253,0"/><instruction code="SETL $0,672"/><instruction code="INCML $0,0"/><instruction code="INCMH $0,0"/><instruction code="INCH $0,0"/><instruction code="NEG $0,0,$0"/><instruction code="OR $0,$0,0"/><instruction code="ADD $0,$1,$0"/><instruction code="OR $2,$0,0"/><instruction code="SETL $0,6"/><instruction code="INCML $0,0"/><instruction code="INCMH $0,0"/><instruction code="INCH $0,0"/><instruction code="OR $1,$0,0"/><instruction code="SETL $0,72"/><instruction code="INCML $0,0"/><instruction code="INCMH $0,0"/><instruction code="INCH $0,0"/><instruction code="OR $0,$0,0"/><instruction code="MUL $0,$1,$0"/><instruction code="OR $0,$0,0"/><instruction code="ADD $0,$2,$0"/><instruction code="OR $2,$0,0"/><instruction code="SETL $0,4"/><instruction code="INCML $0,0"/><instruction code="INCMH $0,0"/><instruction code="INCH $0,0"/><instruction code="OR $1,$0,0"/><instruction code="SETL $0,8"/><instruction code="INCML $0,0"/><instruction code="INCMH $0,0"/><instruction code="INCH $0,0"/><instruction code="OR $0,$0,0"/><instruction code="MUL $0,$1,$0"/><instruction code="OR $0,$0,0"/><instruction code="ADD $0,$2,$0"/><instruction code="OR $1,$0,0"/><instruction code="SETL $0,3"/><instruction code="INCML $0,0"/><instruction code="INCMH $0,0"/><instruction code="INCH $0,0"/><instruction code="OR $0,$0,0"/><instruction code="STO $0,$1,0"/><instruction code="OR $1,$253,0"/><instruction code="SETL $0,672"/><instruction code="INCML $0,0"/><instruction code="INCMH $0,0"/><instruction code="INCH $0,0"/><instruction code="NEG $0,0,$0"/><instruction code="OR $0,$0,0"/><instruction code="ADD $0,$1,$0"/><instruction code="OR $2,$0,0"/><instruction code="SETL $0,6"/><instruction code="INCML $0,0"/><instruction code="INCMH $0,0"/><instruction code="INCH $0,0"/><instruction code="OR $1,$0,0"/><instruction code="SETL $0,72"/><instruction code="INCML $0,0"/><instruction code="INCMH $0,0"/><instruction code="INCH $0,0"/><instruction code="OR $0,$0,0"/><instruction code="MUL $0,$1,$0"/><instruction code="OR $0,$0,0"/><instruction code="ADD $0,$2,$0"/><instruction code="OR $2,$0,0"/><instruction code="SETL $0,5"/><instruction code="INCML $0,0"/><instruction code="INCMH $0,0"/><instruction code="INCH $0,0"/><instruction code="OR $1,$0,0"/><instruction code="SETL $0,8"/><instruction code="INCML $0,0"/><instruction code="INCMH $0,0"/><instruction code="INCH $0,0"/><instruction code="OR $0,$0,0"/><instruction code="MUL $0,$1,$0"/><instruction code="OR $0,$0,0"/><instruction code="ADD $0,$2,$0"/><instruction code="OR $1,$0,0"/><instruction code="SETL $0,1"/><instruction code="INCML $0,0"/><instruction code="INCMH $0,0"/><instruction code="INCH $0,0"/><instruction code="OR $0,$0,0"/><instruction code="STO $0,$1,0"/><instruction code="OR $1,$253,0"/><instruction code="SETL $0,672"/><instruction code="INCML $0,0"/><instruction code="INCMH $0,0"/><instruction code="INCH $0,0"/><instruction code="NEG $0,0,$0"/><instruction code="OR $0,$0,0"/><instruction code="ADD $0,$1,$0"/><instruction code="OR $2,$0,0"/><instruction code="SETL $0,6"/><instruction code="INCML $0,0"/><instruction code="INCMH $0,0"/><instruction code="INCH $0,0"/><instruction code="OR $1,$0,0"/><instruction code="SETL $0,72"/><instruction code="INCML $0,0"/><instruction code="INCMH $0,0"/><instruction code="INCH $0,0"/><instruction code="OR $0,$0,0"/><instruction code="MUL $0,$1,$0"/><instruction code="OR $0,$0,0"/><instruction code="ADD $0,$2,$0"/><instruction code="OR $2,$0,0"/><instruction code="SETL $0,6"/><instruction code="INCML $0,0"/><instruction code="INCMH $0,0"/><instruction code="INCH $0,0"/><instruction code="OR $1,$0,0"/><instruction code="SETL $0,8"/><instruction code="INCML $0,0"/><instruction code="INCMH $0,0"/><instruction code="INCH $0,0"/><instruction code="OR $0,$0,0"/><instruction code="MUL $0,$1,$0"/><instruction code="OR $0,$0,0"/><instruction code="ADD $0,$2,$0"/><instruction code="OR $1,$0,0"/><instruction code="SETL $0,0"/><instruction code="INCML $0,0"/><instruction code="INCMH $0,0"/><instruction code="INCH $0,0"/><instruction code="OR $0,$0,0"/><instruction code="STO $0,$1,0"/><instruction code="OR $1,$253,0"/><instruction code="SETL $0,672"/><instruction code="INCML $0,0"/><instruction code="INCMH $0,0"/><instruction code="INCH $0,0"/><instruction code="NEG $0,0,$0"/><instruction code="OR $0,$0,0"/><instruction code="ADD $0,$1,$0"/><instruction code="OR $2,$0,0"/><instruction code="SETL $0,6"/><instruction code="INCML $0,0"/><instruction code="INCMH $0,0"/><instruction code="INCH $0,0"/><instruction code="OR $1,$0,0"/><instruction code="SETL $0,72"/><instruction code="INCML $0,0"/><instruction code="INCMH $0,0"/><instruction code="INCH $0,0"/><instruction code="OR $0,$0,0"/><instruction code="MUL $0,$1,$0"/><instruction code="OR $0,$0,0"/><instruction code="ADD $0,$2,$0"/><instruction code="OR $2,$0,0"/><instruction code="SETL $0,7"/><instruction code="INCML $0,0"/><instruction code="INCMH $0,0"/><instruction code="INCH $0,0"/><instruction code="OR $1,$0,0"/><instruction code="SETL $0,8"/><instruction code="INCML $0,0"/><instruction code="INCMH $0,0"/><instruction code="INCH $0,0"/><instruction code="OR $0,$0,0"/><instruction code="MUL $0,$1,$0"/><instruction code="OR $0,$0,0"/><instruction code="ADD $0,$2,$0"/><instruction code="OR $1,$0,0"/><instruction code="SETL $0,0"/><instruction code="INCML $0,0"/><instruction code="INCMH $0,0"/><instruction code="INCH $0,0"/><instruction code="OR $0,$0,0"/><instruction code="STO $0,$1,0"/><instruction code="OR $1,$253,0"/><instruction code="SETL $0,672"/><instruction code="INCML $0,0"/><instruction code="INCMH $0,0"/><instruction code="INCH $0,0"/><instruction code="NEG $0,0,$0"/><instruction code="OR $0,$0,0"/><instruction code="ADD $0,$1,$0"/><instruction code="OR $2,$0,0"/><instruction code="SETL $0,6"/><instruction code="INCML $0,0"/><instruction code="INCMH $0,0"/><instruction code="INCH $0,0"/><instruction code="OR $1,$0,0"/><instruction code="SETL $0,72"/><instruction code="INCML $0,0"/><instruction code="INCMH $0,0"/><instruction code="INCH $0,0"/><instruction code="OR $0,$0,0"/><instruction code="MUL $0,$1,$0"/><instruction code="OR $0,$0,0"/><instruction code="ADD $0,$2,$0"/><instruction code="OR $2,$0,0"/><instruction code="SETL $0,8"/><instruction code="INCML $0,0"/><instruction code="INCMH $0,0"/><instruction code="INCH $0,0"/><instruction code="OR $1,$0,0"/><instruction code="SETL $0,8"/><instruction code="INCML $0,0"/><instruction code="INCMH $0,0"/><instruction code="INCH $0,0"/><instruction code="OR $0,$0,0"/><instruction code="MUL $0,$1,$0"/><instruction code="OR $0,$0,0"/><instruction code="ADD $0,$2,$0"/><instruction code="OR $1,$0,0"/><instruction code="SETL $0,7"/><instruction code="INCML $0,0"/><instruction code="INCMH $0,0"/><instruction code="INCH $0,0"/><instruction code="OR $0,$0,0"/><instruction code="STO $0,$1,0"/><instruction code="OR $1,$253,0"/><instruction code="SETL $0,672"/><instruction code="INCML $0,0"/><instruction code="INCMH $0,0"/><instruction code="INCH $0,0"/><instruction code="NEG $0,0,$0"/><instruction code="OR $0,$0,0"/><instruction code="ADD $0,$1,$0"/><instruction code="OR $2,$0,0"/><instruction code="SETL $0,7"/><instruction code="INCML $0,0"/><instruction code="INCMH $0,0"/><instruction code="INCH $0,0"/><instruction code="OR $1,$0,0"/><instruction code="SETL $0,72"/><instruction code="INCML $0,0"/><instruction code="INCMH $0,0"/><instruction code="INCH $0,0"/><instruction code="OR $0,$0,0"/><instruction code="MUL $0,$1,$0"/><instruction code="OR $0,$0,0"/><instruction code="ADD $0,$2,$0"/><instruction code="OR $2,$0,0"/><instruction code="SETL $0,0"/><instruction code="INCML $0,0"/><instruction code="INCMH $0,0"/><instruction code="INCH $0,0"/><instruction code="OR $1,$0,0"/><instruction code="SETL $0,8"/><instruction code="INCML $0,0"/><instruction code="INCMH $0,0"/><instruction code="INCH $0,0"/><instruction code="OR $0,$0,0"/><instruction code="MUL $0,$1,$0"/><instruction code="OR $0,$0,0"/><instruction code="ADD $0,$2,$0"/><instruction code="OR $1,$0,0"/><instruction code="SETL $0,1"/><instruction code="INCML $0,0"/><instruction code="INCMH $0,0"/><instruction code="INCH $0,0"/><instruction code="OR $0,$0,0"/><instruction code="STO $0,$1,0"/><instruction code="OR $1,$253,0"/><instruction code="SETL $0,672"/><instruction code="INCML $0,0"/><instruction code="INCMH $0,0"/><instruction code="INCH $0,0"/><instruction code="NEG $0,0,$0"/><instruction code="OR $0,$0,0"/><instruction code="ADD $0,$1,$0"/><instruction code="OR $2,$0,0"/><instruction code="SETL $0,7"/><instruction code="INCML $0,0"/><instruction code="INCMH $0,0"/><instruction code="INCH $0,0"/><instruction code="OR $1,$0,0"/><instruction code="SETL $0,72"/><instruction code="INCML $0,0"/><instruction code="INCMH $0,0"/><instruction code="INCH $0,0"/><instruction code="OR $0,$0,0"/><instruction code="MUL $0,$1,$0"/><instruction code="OR $0,$0,0"/><instruction code="ADD $0,$2,$0"/><instruction code="OR $2,$0,0"/><instruction code="SETL $0,1"/><instruction code="INCML $0,0"/><instruction code="INCMH $0,0"/><instruction code="INCH $0,0"/><instruction code="OR $1,$0,0"/><instruction code="SETL $0,8"/><instruction code="INCML $0,0"/><instruction code="INCMH $0,0"/><instruction code="INCH $0,0"/><instruction code="OR $0,$0,0"/><instruction code="MUL $0,$1,$0"/><instruction code="OR $0,$0,0"/><instruction code="ADD $0,$2,$0"/><instruction code="OR $1,$0,0"/><instruction code="SETL $0,3"/><instruction code="INCML $0,0"/><instruction code="INCMH $0,0"/><instruction code="INCH $0,0"/><instruction code="OR $0,$0,0"/><instruction code="STO $0,$1,0"/><instruction code="OR $1,$253,0"/><instruction code="SETL $0,672"/><instruction code="INCML $0,0"/><instruction code="INCMH $0,0"/><instruction code="INCH $0,0"/><instruction code="NEG $0,0,$0"/><instruction code="OR $0,$0,0"/><instruction code="ADD $0,$1,$0"/><instruction code="OR $2,$0,0"/><instruction code="SETL $0,7"/><instruction code="INCML $0,0"/><instruction code="INCMH $0,0"/><instruction code="INCH $0,0"/><instruction code="OR $1,$0,0"/><instruction code="SETL $0,72"/><instruction code="INCML $0,0"/><instruction code="INCMH $0,0"/><instruction code="INCH $0,0"/><instruction code="OR $0,$0,0"/><instruction code="MUL $0,$1,$0"/><instruction code="OR $0,$0,0"/><instruction code="ADD $0,$2,$0"/><instruction code="OR $2,$0,0"/><instruction code="SETL $0,2"/><instruction code="INCML $0,0"/><instruction code="INCMH $0,0"/><instruction code="INCH $0,0"/><instruction code="OR $1,$0,0"/><instruction code="SETL $0,8"/><instruction code="INCML $0,0"/><instruction code="INCMH $0,0"/><instruction code="INCH $0,0"/><instruction code="OR $0,$0,0"/><instruction code="MUL $0,$1,$0"/><instruction code="OR $0,$0,0"/><instruction code="ADD $0,$2,$0"/><instruction code="OR $1,$0,0"/><instruction code="SETL $0,9"/><instruction code="INCML $0,0"/><instruction code="INCMH $0,0"/><instruction code="INCH $0,0"/><instruction code="OR $0,$0,0"/><instruction code="STO $0,$1,0"/><instruction code="OR $1,$253,0"/><instruction code="SETL $0,672"/><instruction code="INCML $0,0"/><instruction code="INCMH $0,0"/><instruction code="INCH $0,0"/><instruction code="NEG $0,0,$0"/><instruction code="OR $0,$0,0"/><instruction code="ADD $0,$1,$0"/><instruction code="OR $2,$0,0"/><instruction code="SETL $0,7"/><instruction code="INCML $0,0"/><instruction code="INCMH $0,0"/><instruction code="INCH $0,0"/><instruction code="OR $1,$0,0"/><instruction code="SETL $0,72"/><instruction code="INCML $0,0"/><instruction code="INCMH $0,0"/><instruction code="INCH $0,0"/><instruction code="OR $0,$0,0"/><instruction code="MUL $0,$1,$0"/><instruction code="OR $0,$0,0"/><instruction code="ADD $0,$2,$0"/><instruction code="OR $2,$0,0"/><instruction code="SETL $0,3"/><instruction code="INCML $0,0"/><instruction code="INCMH $0,0"/><instruction code="INCH $0,0"/><instruction code="OR $1,$0,0"/><instruction code="SETL $0,8"/><instruction code="INCML $0,0"/><instruction code="INCMH $0,0"/><instruction code="INCH $0,0"/><instruction code="OR $0,$0,0"/><instruction code="MUL $0,$1,$0"/><instruction code="OR $0,$0,0"/><instruction code="ADD $0,$2,$0"/><instruction code="OR $1,$0,0"/><instruction code="SETL $0,7"/><instruction code="INCML $0,0"/><instruction code="INCMH $0,0"/><instruction code="INCH $0,0"/><instruction code="OR $0,$0,0"/><instruction code="STO $0,$1,0"/><instruction code="OR $1,$253,0"/><instruction code="SETL $0,672"/><instruction code="INCML $0,0"/><instruction code="INCMH $0,0"/><instruction code="INCH $0,0"/><instruction code="NEG $0,0,$0"/><instruction code="OR $0,$0,0"/><instruction code="ADD $0,$1,$0"/><instruction code="OR $2,$0,0"/><instruction code="SETL $0,7"/><instruction code="INCML $0,0"/><instruction code="INCMH $0,0"/><instruction code="INCH $0,0"/><instruction code="OR $1,$0,0"/><instruction code="SETL $0,72"/><instruction code="INCML $0,0"/><instruction code="INCMH $0,0"/><instruction code="INCH $0,0"/><instruction code="OR $0,$0,0"/><instruction code="MUL $0,$1,$0"/><instruction code="OR $0,$0,0"/><instruction code="ADD $0,$2,$0"/><instruction code="OR $2,$0,0"/><instruction code="SETL $0,4"/><instruction code="INCML $0,0"/><instruction code="INCMH $0,0"/><instruction code="INCH $0,0"/><instruction code="OR $1,$0,0"/><instruction code="SETL $0,8"/><instruction code="INCML $0,0"/><instruction code="INCMH $0,0"/><instruction code="INCH $0,0"/><instruction code="OR $0,$0,0"/><instruction code="MUL $0,$1,$0"/><instruction code="OR $0,$0,0"/><instruction code="ADD $0,$2,$0"/><instruction code="OR $1,$0,0"/><instruction code="SETL $0,5"/><instruction code="INCML $0,0"/><instruction code="INCMH $0,0"/><instruction code="INCH $0,0"/><instruction code="OR $0,$0,0"/><instruction code="STO $0,$1,0"/><instruction code="OR $1,$253,0"/><instruction code="SETL $0,672"/><instruction code="INCML $0,0"/><instruction code="INCMH $0,0"/><instruction code="INCH $0,0"/><instruction code="NEG $0,0,$0"/><instruction code="OR $0,$0,0"/><instruction code="ADD $0,$1,$0"/><instruction code="OR $2,$0,0"/><instruction code="SETL $0,7"/><instruction code="INCML $0,0"/><instruction code="INCMH $0,0"/><instruction code="INCH $0,0"/><instruction code="OR $1,$0,0"/><instruction code="SETL $0,72"/><instruction code="INCML $0,0"/><instruction code="INCMH $0,0"/><instruction code="INCH $0,0"/><instruction code="OR $0,$0,0"/><instruction code="MUL $0,$1,$0"/><instruction code="OR $0,$0,0"/><instruction code="ADD $0,$2,$0"/><instruction code="OR $2,$0,0"/><instruction code="SETL $0,5"/><instruction code="INCML $0,0"/><instruction code="INCMH $0,0"/><instruction code="INCH $0,0"/><instruction code="OR $1,$0,0"/><instruction code="SETL $0,8"/><instruction code="INCML $0,0"/><instruction code="INCMH $0,0"/><instruction code="INCH $0,0"/><instruction code="OR $0,$0,0"/><instruction code="MUL $0,$1,$0"/><instruction code="OR $0,$0,0"/><instruction code="ADD $0,$2,$0"/><instruction code="OR $1,$0,0"/><instruction code="SETL $0,2"/><instruction code="INCML $0,0"/><instruction code="INCMH $0,0"/><instruction code="INCH $0,0"/><instruction code="OR $0,$0,0"/><instruction code="STO $0,$1,0"/><instruction code="OR $1,$253,0"/><instruction code="SETL $0,672"/><instruction code="INCML $0,0"/><instruction code="INCMH $0,0"/><instruction code="INCH $0,0"/><instruction code="NEG $0,0,$0"/><instruction code="OR $0,$0,0"/><instruction code="ADD $0,$1,$0"/><instruction code="OR $2,$0,0"/><instruction code="SETL $0,7"/><instruction code="INCML $0,0"/><instruction code="INCMH $0,0"/><instruction code="INCH $0,0"/><instruction code="OR $1,$0,0"/><instruction code="SETL $0,72"/><instruction code="INCML $0,0"/><instruction code="INCMH $0,0"/><instruction code="INCH $0,0"/><instruction code="OR $0,$0,0"/><instruction code="MUL $0,$1,$0"/><instruction code="OR $0,$0,0"/><instruction code="ADD $0,$2,$0"/><instruction code="OR $2,$0,0"/><instruction code="SETL $0,6"/><instruction code="INCML $0,0"/><instruction code="INCMH $0,0"/><instruction code="INCH $0,0"/><instruction code="OR $1,$0,0"/><instruction code="SETL $0,8"/><instruction code="INCML $0,0"/><instruction code="INCMH $0,0"/><instruction code="INCH $0,0"/><instruction code="OR $0,$0,0"/><instruction code="MUL $0,$1,$0"/><instruction code="OR $0,$0,0"/><instruction code="ADD $0,$2,$0"/><instruction code="OR $1,$0,0"/><instruction code="SETL $0,4"/><instruction code="INCML $0,0"/><instruction code="INCMH $0,0"/><instruction code="INCH $0,0"/><instruction code="OR $0,$0,0"/><instruction code="STO $0,$1,0"/><instruction code="OR $1,$253,0"/><instruction code="SETL $0,672"/><instruction code="INCML $0,0"/><instruction code="INCMH $0,0"/><instruction code="INCH $0,0"/><instruction code="NEG $0,0,$0"/><instruction code="OR $0,$0,0"/><instruction code="ADD $0,$1,$0"/><instruction code="OR $2,$0,0"/><instruction code="SETL $0,7"/><instruction code="INCML $0,0"/><instruction code="INCMH $0,0"/><instruction code="INCH $0,0"/><instruction code="OR $1,$0,0"/><instruction code="SETL $0,72"/><instruction code="INCML $0,0"/><instruction code="INCMH $0,0"/><instruction code="INCH $0,0"/><instruction code="OR $0,$0,0"/><instruction code="MUL $0,$1,$0"/><instruction code="OR $0,$0,0"/><instruction code="ADD $0,$2,$0"/><instruction code="OR $2,$0,0"/><instruction code="SETL $0,7"/><instruction code="INCML $0,0"/><instruction code="INCMH $0,0"/><instruction code="INCH $0,0"/><instruction code="OR $1,$0,0"/><instruction code="SETL $0,8"/><instruction code="INCML $0,0"/><instruction code="INCMH $0,0"/><instruction code="INCH $0,0"/><instruction code="OR $0,$0,0"/><instruction code="MUL $0,$1,$0"/><instruction code="OR $0,$0,0"/><instruction code="ADD $0,$2,$0"/><instruction code="OR $1,$0,0"/><instruction code="SETL $0,0"/><instruction code="INCML $0,0"/><instruction code="INCMH $0,0"/><instruction code="INCH $0,0"/><instruction code="OR $0,$0,0"/><instruction code="STO $0,$1,0"/><instruction code="OR $1,$253,0"/><instruction code="SETL $0,672"/><instruction code="INCML $0,0"/><instruction code="INCMH $0,0"/><instruction code="INCH $0,0"/><instruction code="NEG $0,0,$0"/><instruction code="OR $0,$0,0"/><instruction code="ADD $0,$1,$0"/><instruction code="OR $2,$0,0"/><instruction code="SETL $0,7"/><instruction code="INCML $0,0"/><instruction code="INCMH $0,0"/><instruction code="INCH $0,0"/><instruction code="OR $1,$0,0"/><instruction code="SETL $0,72"/><instruction code="INCML $0,0"/><instruction code="INCMH $0,0"/><instruction code="INCH $0,0"/><instruction code="OR $0,$0,0"/><instruction code="MUL $0,$1,$0"/><instruction code="OR $0,$0,0"/><instruction code="ADD $0,$2,$0"/><instruction code="OR $2,$0,0"/><instruction code="SETL $0,8"/><instruction code="INCML $0,0"/><instruction code="INCMH $0,0"/><instruction code="INCH $0,0"/><instruction code="OR $1,$0,0"/><instruction code="SETL $0,8"/><instruction code="INCML $0,0"/><instruction code="INCMH $0,0"/><instruction code="INCH $0,0"/><instruction code="OR $0,$0,0"/><instruction code="MUL $0,$1,$0"/><instruction code="OR $0,$0,0"/><instruction code="ADD $0,$2,$0"/><instruction code="OR $1,$0,0"/><instruction code="SETL $0,0"/><instruction code="INCML $0,0"/><instruction code="INCMH $0,0"/><instruction code="INCH $0,0"/><instruction code="OR $0,$0,0"/><instruction code="STO $0,$1,0"/><instruction code="OR $1,$253,0"/><instruction code="SETL $0,672"/><instruction code="INCML $0,0"/><instruction code="INCMH $0,0"/><instruction code="INCH $0,0"/><instruction code="NEG $0,0,$0"/><instruction code="OR $0,$0,0"/><instruction code="ADD $0,$1,$0"/><instruction code="OR $2,$0,0"/><instruction code="SETL $0,8"/><instruction code="INCML $0,0"/><instruction code="INCMH $0,0"/><instruction code="INCH $0,0"/><instruction code="OR $1,$0,0"/><instruction code="SETL $0,72"/><instruction code="INCML $0,0"/><instruction code="INCMH $0,0"/><instruction code="INCH $0,0"/><instruction code="OR $0,$0,0"/><instruction code="MUL $0,$1,$0"/><instruction code="OR $0,$0,0"/><instruction code="ADD $0,$2,$0"/><instruction code="OR $2,$0,0"/><instruction code="SETL $0,0"/><instruction code="INCML $0,0"/><instruction code="INCMH $0,0"/><instruction code="INCH $0,0"/><instruction code="OR $1,$0,0"/><instruction code="SETL $0,8"/><instruction code="INCML $0,0"/><instruction code="INCMH $0,0"/><instruction code="INCH $0,0"/><instruction code="OR $0,$0,0"/><instruction code="MUL $0,$1,$0"/><instruction code="OR $0,$0,0"/><instruction code="ADD $0,$2,$0"/><instruction code="OR $1,$0,0"/><instruction code="SETL $0,5"/><instruction code="INCML $0,0"/><instruction code="INCMH $0,0"/><instruction code="INCH $0,0"/><instruction code="OR $0,$0,0"/><instruction code="STO $0,$1,0"/><instruction code="OR $1,$253,0"/><instruction code="SETL $0,672"/><instruction code="INCML $0,0"/><instruction code="INCMH $0,0"/><instruction code="INCH $0,0"/><instruction code="NEG $0,0,$0"/><instruction code="OR $0,$0,0"/><instruction code="ADD $0,$1,$0"/><instruction code="OR $2,$0,0"/><instruction code="SETL $0,8"/><instruction code="INCML $0,0"/><instruction code="INCMH $0,0"/><instruction code="INCH $0,0"/><instruction code="OR $1,$0,0"/><instruction code="SETL $0,72"/><instruction code="INCML $0,0"/><instruction code="INCMH $0,0"/><instruction code="INCH $0,0"/><instruction code="OR $0,$0,0"/><instruction code="MUL $0,$1,$0"/><instruction code="OR $0,$0,0"/><instruction code="ADD $0,$2,$0"/><instruction code="OR $2,$0,0"/><instruction code="SETL $0,1"/><instruction code="INCML $0,0"/><instruction code="INCMH $0,0"/><instruction code="INCH $0,0"/><instruction code="OR $1,$0,0"/><instruction code="SETL $0,8"/><instruction code="INCML $0,0"/><instruction code="INCMH $0,0"/><instruction code="INCH $0,0"/><instruction code="OR $0,$0,0"/><instruction code="MUL $0,$1,$0"/><instruction code="OR $0,$0,0"/><instruction code="ADD $0,$2,$0"/><instruction code="OR $1,$0,0"/><instruction code="SETL $0,7"/><instruction code="INCML $0,0"/><instruction code="INCMH $0,0"/><instruction code="INCH $0,0"/><instruction code="OR $0,$0,0"/><instruction code="STO $0,$1,0"/><instruction code="OR $1,$253,0"/><instruction code="SETL $0,672"/><instruction code="INCML $0,0"/><instruction code="INCMH $0,0"/><instruction code="INCH $0,0"/><instruction code="NEG $0,0,$0"/><instruction code="OR $0,$0,0"/><instruction code="ADD $0,$1,$0"/><instruction code="OR $2,$0,0"/><instruction code="SETL $0,8"/><instruction code="INCML $0,0"/><instruction code="INCMH $0,0"/><instruction code="INCH $0,0"/><instruction code="OR $1,$0,0"/><instruction code="SETL $0,72"/><instruction code="INCML $0,0"/><instruction code="INCMH $0,0"/><instruction code="INCH $0,0"/><instruction code="OR $0,$0,0"/><instruction code="MUL $0,$1,$0"/><instruction code="OR $0,$0,0"/><instruction code="ADD $0,$2,$0"/><instruction code="OR $2,$0,0"/><instruction code="SETL $0,2"/><instruction code="INCML $0,0"/><instruction code="INCMH $0,0"/><instruction code="INCH $0,0"/><instruction code="OR $1,$0,0"/><instruction code="SETL $0,8"/><instruction code="INCML $0,0"/><instruction code="INCMH $0,0"/><instruction code="INCH $0,0"/><instruction code="OR $0,$0,0"/><instruction code="MUL $0,$1,$0"/><instruction code="OR $0,$0,0"/><instruction code="ADD $0,$2,$0"/><instruction code="OR $1,$0,0"/><instruction code="SETL $0,2"/><instruction code="INCML $0,0"/><instruction code="INCMH $0,0"/><instruction code="INCH $0,0"/><instruction code="OR $0,$0,0"/><instruction code="STO $0,$1,0"/><instruction code="OR $1,$253,0"/><instruction code="SETL $0,672"/><instruction code="INCML $0,0"/><instruction code="INCMH $0,0"/><instruction code="INCH $0,0"/><instruction code="NEG $0,0,$0"/><instruction code="OR $0,$0,0"/><instruction code="ADD $0,$1,$0"/><instruction code="OR $2,$0,0"/><instruction code="SETL $0,8"/><instruction code="INCML $0,0"/><instruction code="INCMH $0,0"/><instruction code="INCH $0,0"/><instruction code="OR $1,$0,0"/><instruction code="SETL $0,72"/><instruction code="INCML $0,0"/><instruction code="INCMH $0,0"/><instruction code="INCH $0,0"/><instruction code="OR $0,$0,0"/><instruction code="MUL $0,$1,$0"/><instruction code="OR $0,$0,0"/><instruction code="ADD $0,$2,$0"/><instruction code="OR $2,$0,0"/><instruction code="SETL $0,3"/><instruction code="INCML $0,0"/><instruction code="INCMH $0,0"/><instruction code="INCH $0,0"/><instruction code="OR $1,$0,0"/><instruction code="SETL $0,8"/><instruction code="INCML $0,0"/><instruction code="INCMH $0,0"/><instruction code="INCH $0,0"/><instruction code="OR $0,$0,0"/><instruction code="MUL $0,$1,$0"/><instruction code="OR $0,$0,0"/><instruction code="ADD $0,$2,$0"/><instruction code="OR $1,$0,0"/><instruction code="SETL $0,6"/><instruction code="INCML $0,0"/><instruction code="INCMH $0,0"/><instruction code="INCH $0,0"/><instruction code="OR $0,$0,0"/><instruction code="STO $0,$1,0"/><instruction code="OR $1,$253,0"/><instruction code="SETL $0,672"/><instruction code="INCML $0,0"/><instruction code="INCMH $0,0"/><instruction code="INCH $0,0"/><instruction code="NEG $0,0,$0"/><instruction code="OR $0,$0,0"/><instruction code="ADD $0,$1,$0"/><instruction code="OR $2,$0,0"/><instruction code="SETL $0,8"/><instruction code="INCML $0,0"/><instruction code="INCMH $0,0"/><instruction code="INCH $0,0"/><instruction code="OR $1,$0,0"/><instruction code="SETL $0,72"/><instruction code="INCML $0,0"/><instruction code="INCMH $0,0"/><instruction code="INCH $0,0"/><instruction code="OR $0,$0,0"/><instruction code="MUL $0,$1,$0"/><instruction code="OR $0,$0,0"/><instruction code="ADD $0,$2,$0"/><instruction code="OR $2,$0,0"/><instruction code="SETL $0,4"/><instruction code="INCML $0,0"/><instruction code="INCMH $0,0"/><instruction code="INCH $0,0"/><instruction code="OR $1,$0,0"/><instruction code="SETL $0,8"/><instruction code="INCML $0,0"/><instruction code="INCMH $0,0"/><instruction code="INCH $0,0"/><instruction code="OR $0,$0,0"/><instruction code="MUL $0,$1,$0"/><instruction code="OR $0,$0,0"/><instruction code="ADD $0,$2,$0"/><instruction code="OR $1,$0,0"/><instruction code="SETL $0,4"/><instruction code="INCML $0,0"/><instruction code="INCMH $0,0"/><instruction code="INCH $0,0"/><instruction code="OR $0,$0,0"/><instruction code="STO $0,$1,0"/><instruction code="OR $1,$253,0"/><instruction code="SETL $0,672"/><instruction code="INCML $0,0"/><instruction code="INCMH $0,0"/><instruction code="INCH $0,0"/><instruction code="NEG $0,0,$0"/><instruction code="OR $0,$0,0"/><instruction code="ADD $0,$1,$0"/><instruction code="OR $2,$0,0"/><instruction code="SETL $0,8"/><instruction code="INCML $0,0"/><instruction code="INCMH $0,0"/><instruction code="INCH $0,0"/><instruction code="OR $1,$0,0"/><instruction code="SETL $0,72"/><instruction code="INCML $0,0"/><instruction code="INCMH $0,0"/><instruction code="INCH $0,0"/><instruction code="OR $0,$0,0"/><instruction code="MUL $0,$1,$0"/><instruction code="OR $0,$0,0"/><instruction code="ADD $0,$2,$0"/><instruction code="OR $2,$0,0"/><instruction code="SETL $0,5"/><instruction code="INCML $0,0"/><instruction code="INCMH $0,0"/><instruction code="INCH $0,0"/><instruction code="OR $1,$0,0"/><instruction code="SETL $0,8"/><instruction code="INCML $0,0"/><instruction code="INCMH $0,0"/><instruction code="INCH $0,0"/><instruction code="OR $0,$0,0"/><instruction code="MUL $0,$1,$0"/><instruction code="OR $0,$0,0"/><instruction code="ADD $0,$2,$0"/><instruction code="OR $1,$0,0"/><instruction code="SETL $0,8"/><instruction code="INCML $0,0"/><instruction code="INCMH $0,0"/><instruction code="INCH $0,0"/><instruction code="OR $0,$0,0"/><instruction code="STO $0,$1,0"/><instruction code="OR $1,$253,0"/><instruction code="SETL $0,672"/><instruction code="INCML $0,0"/><instruction code="INCMH $0,0"/><instruction code="INCH $0,0"/><instruction code="NEG $0,0,$0"/><instruction code="OR $0,$0,0"/><instruction code="ADD $0,$1,$0"/><instruction code="OR $2,$0,0"/><instruction code="SETL $0,8"/><instruction code="INCML $0,0"/><instruction code="INCMH $0,0"/><instruction code="INCH $0,0"/><instruction code="OR $1,$0,0"/><instruction code="SETL $0,72"/><instruction code="INCML $0,0"/><instruction code="INCMH $0,0"/><instruction code="INCH $0,0"/><instruction code="OR $0,$0,0"/><instruction code="MUL $0,$1,$0"/><instruction code="OR $0,$0,0"/><instruction code="ADD $0,$2,$0"/><instruction code="OR $2,$0,0"/><instruction code="SETL $0,6"/><instruction code="INCML $0,0"/><instruction code="INCMH $0,0"/><instruction code="INCH $0,0"/><instruction code="OR $1,$0,0"/><instruction code="SETL $0,8"/><instruction code="INCML $0,0"/><instruction code="INCMH $0,0"/><instruction code="INCH $0,0"/><instruction code="OR $0,$0,0"/><instruction code="MUL $0,$1,$0"/><instruction code="OR $0,$0,0"/><instruction code="ADD $0,$2,$0"/><instruction code="OR $1,$0,0"/><instruction code="SETL $0,9"/><instruction code="INCML $0,0"/><instruction code="INCMH $0,0"/><instruction code="INCH $0,0"/><instruction code="OR $0,$0,0"/><instruction code="STO $0,$1,0"/><instruction code="OR $1,$253,0"/><instruction code="SETL $0,672"/><instruction code="INCML $0,0"/><instruction code="INCMH $0,0"/><instruction code="INCH $0,0"/><instruction code="NEG $0,0,$0"/><instruction code="OR $0,$0,0"/><instruction code="ADD $0,$1,$0"/><instruction code="OR $2,$0,0"/><instruction code="SETL $0,8"/><instruction code="INCML $0,0"/><instruction code="INCMH $0,0"/><instruction code="INCH $0,0"/><instruction code="OR $1,$0,0"/><instruction code="SETL $0,72"/><instruction code="INCML $0,0"/><instruction code="INCMH $0,0"/><instruction code="INCH $0,0"/><instruction code="OR $0,$0,0"/><instruction code="MUL $0,$1,$0"/><instruction code="OR $0,$0,0"/><instruction code="ADD $0,$2,$0"/><instruction code="OR $2,$0,0"/><instruction code="SETL $0,7"/><instruction code="INCML $0,0"/><instruction code="INCMH $0,0"/><instruction code="INCH $0,0"/><instruction code="OR $1,$0,0"/><instruction code="SETL $0,8"/><instruction code="INCML $0,0"/><instruction code="INCMH $0,0"/><instruction code="INCH $0,0"/><instruction code="OR $0,$0,0"/><instruction code="MUL $0,$1,$0"/><instruction code="OR $0,$0,0"/><instruction code="ADD $0,$2,$0"/><instruction code="OR $1,$0,0"/><instruction code="SETL $0,3"/><instruction code="INCML $0,0"/><instruction code="INCMH $0,0"/><instruction code="INCH $0,0"/><instruction code="OR $0,$0,0"/><instruction code="STO $0,$1,0"/><instruction code="OR $1,$253,0"/><instruction code="SETL $0,672"/><instruction code="INCML $0,0"/><instruction code="INCMH $0,0"/><instruction code="INCH $0,0"/><instruction code="NEG $0,0,$0"/><instruction code="OR $0,$0,0"/><instruction code="ADD $0,$1,$0"/><instruction code="OR $2,$0,0"/><instruction code="SETL $0,8"/><instruction code="INCML $0,0"/><instruction code="INCMH $0,0"/><instruction code="INCH $0,0"/><instruction code="OR $1,$0,0"/><instruction code="SETL $0,72"/><instruction code="INCML $0,0"/><instruction code="INCMH $0,0"/><instruction code="INCH $0,0"/><instruction code="OR $0,$0,0"/><instruction code="MUL $0,$1,$0"/><instruction code="OR $0,$0,0"/><instruction code="ADD $0,$2,$0"/><instruction code="OR $2,$0,0"/><instruction code="SETL $0,8"/><instruction code="INCML $0,0"/><instruction code="INCMH $0,0"/><instruction code="INCH $0,0"/><instruction code="OR $1,$0,0"/><instruction code="SETL $0,8"/><instruction code="INCML $0,0"/><instruction code="INCMH $0,0"/><instruction code="INCH $0,0"/><instruction code="OR $0,$0,0"/><instruction code="MUL $0,$1,$0"/><instruction code="OR $0,$0,0"/><instruction code="ADD $0,$2,$0"/><instruction code="OR $1,$0,0"/><instruction code="SETL $0,0"/><instruction code="INCML $0,0"/><instruction code="INCMH $0,0"/><instruction code="INCH $0,0"/><instruction code="OR $0,$0,0"/><instruction code="STO $0,$1,0"/><instruction code="OR $1,$253,0"/><instruction code="SETL $0,680"/><instruction code="INCML $0,0"/><instruction code="INCMH $0,0"/><instruction code="INCH $0,0"/><instruction code="NEG $0,0,$0"/><instruction code="OR $0,$0,0"/><instruction code="ADD $0,$1,$0"/><instruction code="OR $3,$0,0"/><instruction code="SETL $0,0"/><instruction code="INCML $0,0"/><instruction code="INCMH $0,0"/><instruction code="INCH $0,0"/><instruction code="OR $2,$0,0"/><instruction code="OR $1,$253,0"/><instruction code="SETL $0,672"/><instruction code="INCML $0,0"/><instruction code="INCMH $0,0"/><instruction code="INCH $0,0"/><instruction code="NEG $0,0,$0"/><instruction code="OR $0,$0,0"/><instruction code="ADD $0,$1,$0"/><instruction code="OR $0,$0,0"/><instruction code="STO $2,$254,0"/><instruction code="STO $0,$254,8"/><instruction code="PUSHJ $8,_sudoku"/><instruction code="LDO $0,$254,0"/><instruction code="OR $0,$0,0"/><instruction code="STO $0,$3,0"/><instruction code="SETL $0,0"/><instruction code="INCML $0,0"/><instruction code="INCMH $0,0"/><instruction code="INCH $0,0"/><instruction code="OR $2,$0,0"/><instruction code="OR $1,$253,0"/><instruction code="SETL $0,680"/><instruction code="INCML $0,0"/><instruction code="INCMH $0,0"/><instruction code="INCH $0,0"/><instruction code="NEG $0,0,$0"/><instruction code="OR $0,$0,0"/><instruction code="ADD $0,$1,$0"/><instruction code="OR $0,$0,0"/><instruction code="LDO $0,$0,0"/><instruction code="OR $0,$0,0"/><instruction code="STO $2,$254,0"/><instruction code="STO $0,$254,8"/><instruction code="PUSHJ $8,_putInt"/><instruction code="LDO $0,$254,0"/><instruction code="OR $0,$0,0"/><instruction code="SETL $0,0"/><instruction code="INCML $0,0"/><instruction code="INCMH $0,0"/><instruction code="INCH $0,0"/><instruction code="OR $2,$0,0"/><instruction code="SETL $0,10"/><instruction code="INCML $0,0"/><instruction code="INCMH $0,0"/><instruction code="INCH $0,0"/><instruction code="OR $1,$0,0"/><instruction code="SETL $0,256"/><instruction code="INCML $0,0"/><instruction code="INCMH $0,0"/><instruction code="INCH $0,0"/><instruction code="OR $0,$0,0"/><instruction code="DIV $0,$1,$0"/><instruction code="GET $0,rR"/><instruction code="OR $0,$0,0"/><instruction code="STO $2,$254,0"/><instruction code="STO $0,$254,8"/><instruction code="PUSHJ $8,_putChar"/><instruction code="LDO $0,$254,0"/><instruction code="OR $0,$0,0"/><instruction code="SETL $0,0"/><instruction code="INCML $0,0"/><instruction code="INCMH $0,0"/><instruction code="INCH $0,0"/><instruction code="OR $0,$0,0"/><instruction code="OR $0,$0,0"/><instruction code="OR $1,$253,0"/><instruction code="SETL $0,24"/><instruction code="INCML $0,0"/><instruction code="INCMH $0,0"/><instruction code="INCH $0,0"/><instruction code="NEG $0,0,$0"/><instruction code="OR $0,$0,0"/><instruction code="ADD $0,$1,$0"/><instruction code="OR $2,$0,0"/><instruction code="SETL $0,0"/><instruction code="INCML $0,0"/><instruction code="INCMH $0,0"/><instruction code="INCH $0,0"/><instruction code="OR $1,$0,0"/><instruction code="SETL $0,8"/><instruction code="INCML $0,0"/><instruction code="INCMH $0,0"/><instruction code="INCH $0,0"/><instruction code="OR $0,$0,0"/><instruction code="STO $1,$254,0"/><instruction code="STO $0,$254,8"/><instruction code="PUSHJ $8,_new"/><instruction code="LDO $0,$254,0"/><instruction code="OR $0,$0,0"/><instruction code="STO $0,$2,0"/><instruction code="OR $1,$253,0"/><instruction code="SETL $0,24"/><instruction code="INCML $0,0"/><instruction code="INCMH $0,0"/><instruction code="INCH $0,0"/><instruction code="NEG $0,0,$0"/><instruction code="OR $0,$0,0"/><instruction code="ADD $0,$1,$0"/><instruction code="OR $0,$0,0"/><instruction code="LDO $0,$0,0"/><instruction code="OR $1,$0,0"/><instruction code="SETL $0,51"/><instruction code="INCML $0,0"/><instruction code="INCMH $0,0"/><instruction code="INCH $0,0"/><instruction code="OR $0,$0,0"/><instruction code="STO $0,$1,0"/><instruction code="SETL $0,0"/><instruction code="INCML $0,0"/><instruction code="INCMH $0,0"/><instruction code="INCH $0,0"/><instruction code="OR $2,$0,0"/><instruction code="OR $1,$253,0"/><instruction code="SETL $0,24"/><instruction code="INCML $0,0"/><instruction code="INCMH $0,0"/><instruction code="INCH $0,0"/><instruction code="NEG $0,0,$0"/><instruction code="OR $0,$0,0"/><instruction code="ADD $0,$1,$0"/><instruction code="OR $0,$0,0"/><instruction code="LDO $0,$0,0"/><instruction code="OR $0,$0,0"/><instruction code="LDO $0,$0,0"/><instruction code="OR $0,$0,0"/><instruction code="STO $2,$254,0"/><instruction code="STO $0,$254,8"/><instruction code="PUSHJ $8,_putInt"/><instruction code="LDO $0,$254,0"/><instruction code="OR $0,$0,0"/><instruction code="SETL $0,0"/><instruction code="INCML $0,0"/><instruction code="INCMH $0,0"/><instruction code="INCH $0,0"/><instruction code="OR $2,$0,0"/><instruction code="SETL $0,10"/><instruction code="INCML $0,0"/><instruction code="INCMH $0,0"/><instruction code="INCH $0,0"/><instruction code="OR $1,$0,0"/><instruction code="SETL $0,256"/><instruction code="INCML $0,0"/><instruction code="INCMH $0,0"/><instruction code="INCH $0,0"/><instruction code="OR $0,$0,0"/><instruction code="DIV $0,$1,$0"/><instruction code="GET $0,rR"/><instruction code="OR $0,$0,0"/><instruction code="STO $2,$254,0"/><instruction code="STO $0,$254,8"/><instruction code="PUSHJ $8,_putChar"/><instruction code="LDO $0,$254,0"/><instruction code="OR $0,$0,0"/><instruction code="LDA $0,_gx"/><instruction code="OR $1,$0,0"/><instruction code="SETL $0,3"/><instruction code="INCML $0,0"/><instruction code="INCMH $0,0"/><instruction code="INCH $0,0"/><instruction code="OR $0,$0,0"/><instruction code="STO $0,$1,0"/><instruction code="SETL $0,0"/><instruction code="INCML $0,0"/><instruction code="INCMH $0,0"/><instruction code="INCH $0,0"/><instruction code="OR $1,$0,0"/><instruction code="LDA $0,_gx"/><instruction code="OR $0,$0,0"/><instruction code="LDO $0,$0,0"/><instruction code="OR $0,$0,0"/><instruction code="STO $1,$254,0"/><instruction code="STO $0,$254,8"/><instruction code="PUSHJ $8,_putInt"/><instruction code="LDO $0,$254,0"/><instruction code="OR $0,$0,0"/><instruction code="SETL $0,0"/><instruction code="INCML $0,0"/><instruction code="INCMH $0,0"/><instruction code="INCH $0,0"/><instruction code="OR $2,$0,0"/><instruction code="SETL $0,10"/><instruction code="INCML $0,0"/><instruction code="INCMH $0,0"/><instruction code="INCH $0,0"/><instruction code="OR $1,$0,0"/><instruction code="SETL $0,256"/><instruction code="INCML $0,0"/><instruction code="INCMH $0,0"/><instruction code="INCH $0,0"/><instruction code="OR $0,$0,0"/><instruction code="DIV $0,$1,$0"/><instruction code="GET $0,rR"/><instruction code="OR $0,$0,0"/><instruction code="STO $2,$254,0"/><instruction code="STO $0,$254,8"/><instruction code="PUSHJ $8,_putChar"/><instruction code="LDO $0,$254,0"/><instruction code="OR $0,$0,0"/><instruction code="OR $1,$253,0"/><instruction code="SETL $0,24"/><instruction code="INCML $0,0"/><instruction code="INCMH $0,0"/><instruction code="INCH $0,0"/><instruction code="NEG $0,0,$0"/><instruction code="OR $0,$0,0"/><instruction code="ADD $0,$1,$0"/><instruction code="OR $1,$0,0"/><instruction code="LDA $0,_gx"/><instruction code="OR $0,$0,0"/><instruction code="STO $0,$1,0"/><instruction code="OR $1,$253,0"/><instruction code="SETL $0,24"/><instruction code="INCML $0,0"/><instruction code="INCMH $0,0"/><instruction code="INCH $0,0"/><instruction code="NEG $0,0,$0"/><instruction code="OR $0,$0,0"/><instruction code="ADD $0,$1,$0"/><instruction code="OR $0,$0,0"/><instruction code="LDO $0,$0,0"/><instruction code="OR $1,$0,0"/><instruction code="SETL $0,7"/><instruction code="INCML $0,0"/><instruction code="INCMH $0,0"/><instruction code="INCH $0,0"/><instruction code="OR $0,$0,0"/><instruction code="STO $0,$1,0"/><instruction code="SETL $0,0"/><instruction code="INCML $0,0"/><instruction code="INCMH $0,0"/><instruction code="INCH $0,0"/><instruction code="OR $1,$0,0"/><instruction code="LDA $0,_gx"/><instruction code="OR $0,$0,0"/><instruction code="LDO $0,$0,0"/><instruction code="OR $0,$0,0"/><instruction code="STO $1,$254,0"/><instruction code="STO $0,$254,8"/><instruction code="PUSHJ $8,_putInt"/><instruction code="LDO $0,$254,0"/><instruction code="OR $0,$0,0"/><instruction code="SETL $0,0"/><instruction code="INCML $0,0"/><instruction code="INCMH $0,0"/><instruction code="INCH $0,0"/><instruction code="OR $2,$0,0"/><instruction code="SETL $0,10"/><instruction code="INCML $0,0"/><instruction code="INCMH $0,0"/><instruction code="INCH $0,0"/><instruction code="OR $1,$0,0"/><instruction code="SETL $0,256"/><instruction code="INCML $0,0"/><instruction code="INCMH $0,0"/><instruction code="INCH $0,0"/><instruction code="OR $0,$0,0"/><instruction code="DIV $0,$1,$0"/><instruction code="GET $0,rR"/><instruction code="OR $0,$0,0"/><instruction code="STO $2,$254,0"/><instruction code="STO $0,$254,8"/><instruction code="PUSHJ $8,_putChar"/><instruction code="LDO $0,$254,0"/><instruction code="OR $0,$0,0"/><instruction code="SETL $0,0"/><instruction code="INCML $0,0"/><instruction code="INCMH $0,0"/><instruction code="INCH $0,0"/><instruction code="OR $1,$0,0"/><instruction code="LDA $0,L37"/><instruction code="OR $0,$0,0"/><instruction code="STO $1,$254,0"/><instruction code="STO $0,$254,8"/><instruction code="PUSHJ $8,_putString"/><instruction code="LDO $0,$254,0"/><instruction code="OR $0,$0,0"/><instruction code="SETL $0,0"/><instruction code="INCML $0,0"/><instruction code="INCMH $0,0"/><instruction code="INCH $0,0"/><instruction code="OR $2,$0,0"/><instruction code="SETL $0,10"/><instruction code="INCML $0,0"/><instruction code="INCMH $0,0"/><instruction code="INCH $0,0"/><instruction code="OR $1,$0,0"/><instruction code="SETL $0,256"/><instruction code="INCML $0,0"/><instruction code="INCMH $0,0"/><instruction code="INCH $0,0"/><instruction code="OR $0,$0,0"/><instruction code="DIV $0,$1,$0"/><instruction code="GET $0,rR"/><instruction code="OR $0,$0,0"/><instruction code="STO $2,$254,0"/><instruction code="STO $0,$254,8"/><instruction code="PUSHJ $8,_putChar"/><instruction code="LDO $0,$254,0"/><instruction code="OR $0,$0,0"/><instruction code="SETL $0,0"/><instruction code="INCML $0,0"/><instruction code="INCMH $0,0"/><instruction code="INCH $0,0"/><instruction code="OR $0,$0,0"/><instruction code="OR $0,$0,0"/><instruction code="JMP L127"/></instructions></code><code entrylabel="L129" exitlabel="L130" tempsize="0"><frame FP="T8" RV="T9" argssize="0" depth="1" label="_facItr" locssize="8" size="24"/><instructions><instruction code="L129"/><instruction code="OR $1,$253,0"/><instruction code="SETL $0,8"/><instruction code="INCML $0,0"/><instruction code="INCMH $0,0"/><instruction code="INCH $0,0"/><instruction code="NEG $0,0,$0"/><instruction code="OR $0,$0,0"/><instruction code="ADD $0,$1,$0"/><instruction code="OR $1,$0,0"/><instruction code="SETL $0,1"/><instruction code="INCML $0,0"/><instruction code="INCMH $0,0"/><instruction code="INCH $0,0"/><instruction code="OR $0,$0,0"/><instruction code="STO $0,$1,0"/><instruction code="L38"/><instruction code="OR $1,$253,0"/><instruction code="SETL $0,8"/><instruction code="INCML $0,0"/><instruction code="INCMH $0,0"/><instruction code="INCH $0,0"/><instruction code="OR $0,$0,0"/><instruction code="ADD $0,$1,$0"/><instruction code="OR $0,$0,0"/><instruction code="LDO $0,$0,0"/><instruction code="OR $1,$0,0"/><instruction code="SETL $0,0"/><instruction code="INCML $0,0"/><instruction code="INCMH $0,0"/><instruction code="INCH $0,0"/><instruction code="OR $0,$0,0"/><instruction code="CMP $0,$1,$0"/><instruction code="ZSP $0,$0,1"/><instruction code="OR $0,$0,0"/><instruction code="BNZ $0,L39"/><instruction code="L128"/><instruction code="JMP L40"/><instruction code="L39"/><instruction code="OR $1,$253,0"/><instruction code="SETL $0,8"/><instruction code="INCML $0,0"/><instruction code="INCMH $0,0"/><instruction code="INCH $0,0"/><instruction code="NEG $0,0,$0"/><instruction code="OR $0,$0,0"/><instruction code="ADD $0,$1,$0"/><instruction code="OR $3,$0,0"/><instruction code="OR $1,$253,0"/><instruction code="SETL $0,8"/><instruction code="INCML $0,0"/><instruction code="INCMH $0,0"/><instruction code="INCH $0,0"/><instruction code="NEG $0,0,$0"/><instruction code="OR $0,$0,0"/><instruction code="ADD $0,$1,$0"/><instruction code="OR $0,$0,0"/><instruction code="LDO $0,$0,0"/><instruction code="OR $2,$0,0"/><instruction code="OR $1,$253,0"/><instruction code="SETL $0,8"/><instruction code="INCML $0,0"/><instruction code="INCMH $0,0"/><instruction code="INCH $0,0"/><instruction code="OR $0,$0,0"/><instruction code="ADD $0,$1,$0"/><instruction code="OR $0,$0,0"/><instruction code="LDO $0,$0,0"/><instruction code="OR $0,$0,0"/><instruction code="MUL $0,$2,$0"/><instruction code="OR $0,$0,0"/><instruction code="STO $0,$3,0"/><instruction code="OR $1,$253,0"/><instruction code="SETL $0,8"/><instruction code="INCML $0,0"/><instruction code="INCMH $0,0"/><instruction code="INCH $0,0"/><instruction code="OR $0,$0,0"/><instruction code="ADD $0,$1,$0"/><instruction code="OR $2,$0,0"/><instruction code="OR $1,$253,0"/><instruction code="SETL $0,8"/><instruction code="INCML $0,0"/><instruction code="INCMH $0,0"/><instruction code="INCH $0,0"/><instruction code="OR $0,$0,0"/><instruction code="ADD $0,$1,$0"/><instruction code="OR $0,$0,0"/><instruction code="LDO $0,$0,0"/><instruction code="OR $1,$0,0"/><instruction code="SETL $0,1"/><instruction code="INCML $0,0"/><instruction code="INCMH $0,0"/><instruction code="INCH $0,0"/><instruction code="OR $0,$0,0"/><instruction code="SUB $0,$1,$0"/><instruction code="OR $0,$0,0"/><instruction code="STO $0,$2,0"/><instruction code="JMP L38"/><instruction code="L40"/><instruction code="OR $1,$253,0"/><instruction code="SETL $0,8"/><instruction code="INCML $0,0"/><instruction code="INCMH $0,0"/><instruction code="INCH $0,0"/><instruction code="NEG $0,0,$0"/><instruction code="OR $0,$0,0"/><instruction code="ADD $0,$1,$0"/><instruction code="OR $0,$0,0"/><instruction code="LDO $0,$0,0"/><instruction code="OR $0,$0,0"/><instruction code="OR $0,$0,0"/><instruction code="JMP L130"/></instructions></code><code entrylabel="L132" exitlabel="L133" tempsize="0"><frame FP="T10" RV="T11" argssize="16" depth="1" label="_facRec" locssize="8" size="40"/><instructions><instruction code="L132"/><instruction code="OR $1,$253,0"/><instruction code="SETL $0,8"/><instruction code="INCML $0,0"/><instruction code="INCMH $0,0"/><instruction code="INCH $0,0"/><instruction code="OR $0,$0,0"/><instruction code="ADD $0,$1,$0"/><instruction code="OR $0,$0,0"/><instruction code="LDO $0,$0,0"/><instruction code="OR $1,$0,0"/><instruction code="SETL $0,1"/><instruction code="INCML $0,0"/><instruction code="INCMH $0,0"/><instruction code="INCH $0,0"/><instruction code="OR $0,$0,0"/><instruction code="CMP $0,$1,$0"/><instruction code="ZSZ $0,$0,1"/><instruction code="OR $0,$0,0"/><instruction code="BNZ $0,L41"/><instruction code="L131"/><instruction code="JMP L42"/><instruction code="L41"/><instruction code="OR $1,$253,0"/><instruction code="SETL $0,8"/><instruction code="INCML $0,0"/><instruction code="INCMH $0,0"/><instruction code="INCH $0,0"/><instruction code="NEG $0,0,$0"/><instruction code="OR $0,$0,0"/><instruction code="ADD $0,$1,$0"/><instruction code="OR $1,$0,0"/><instruction code="SETL $0,1"/><instruction code="INCML $0,0"/><instruction code="INCMH $0,0"/><instruction code="INCH $0,0"/><instruction code="OR $0,$0,0"/><instruction code="STO $0,$1,0"/><instruction code="JMP L43"/><instruction code="L42"/><instruction code="OR $1,$253,0"/><instruction code="SETL $0,8"/><instruction code="INCML $0,0"/><instruction code="INCMH $0,0"/><instruction code="INCH $0,0"/><instruction code="NEG $0,0,$0"/><instruction code="OR $0,$0,0"/><instruction code="ADD $0,$1,$0"/><instruction code="OR $4,$0,0"/><instruction code="OR $1,$253,0"/><instruction code="SETL $0,8"/><instruction code="INCML $0,0"/><instruction code="INCMH $0,0"/><instruction code="INCH $0,0"/><instruction code="OR $0,$0,0"/><instruction code="ADD $0,$1,$0"/><instruction code="OR $0,$0,0"/><instruction code="LDO $0,$0,0"/><instruction code="OR $3,$0,0"/><instruction code="SETL $0,0"/><instruction code="INCML $0,0"/><instruction code="INCMH $0,0"/><instruction code="INCH $0,0"/><instruction code="OR $2,$0,0"/><instruction code="OR $1,$253,0"/><instruction code="SETL $0,8"/><instruction code="INCML $0,0"/><instruction code="INCMH $0,0"/><instruction code="INCH $0,0"/><instruction code="OR $0,$0,0"/><instruction code="ADD $0,$1,$0"/><instruction code="OR $0,$0,0"/><instruction code="LDO $0,$0,0"/><instruction code="OR $1,$0,0"/><instruction code="SETL $0,1"/><instruction code="INCML $0,0"/><instruction code="INCMH $0,0"/><instruction code="INCH $0,0"/><instruction code="OR $0,$0,0"/><instruction code="SUB $0,$1,$0"/><instruction code="OR $0,$0,0"/><instruction code="STO $2,$254,0"/><instruction code="STO $0,$254,8"/><instruction code="PUSHJ $8,_facRec"/><instruction code="LDO $0,$254,0"/><instruction code="OR $0,$0,0"/><instruction code="MUL $0,$3,$0"/><instruction code="OR $0,$0,0"/><instruction code="STO $0,$4,0"/><instruction code="L43"/><instruction code="OR $1,$253,0"/><instruction code="SETL $0,8"/><instruction code="INCML $0,0"/><instruction code="INCMH $0,0"/><instruction code="INCH $0,0"/><instruction code="NEG $0,0,$0"/><instruction code="OR $0,$0,0"/><instruction code="ADD $0,$1,$0"/><instruction code="OR $0,$0,0"/><instruction code="LDO $0,$0,0"/><instruction code="OR $0,$0,0"/><instruction code="OR $0,$0,0"/><instruction code="JMP L133"/></instructions></code><code entrylabel="L135" exitlabel="L136" tempsize="0"><frame FP="T12" RV="T13" argssize="0" depth="1" label="_fibItr" locssize="24" size="40"/><instructions><instruction code="L135"/><instruction code="OR $1,$253,0"/><instruction code="SETL $0,8"/><instruction code="INCML $0,0"/><instruction code="INCMH $0,0"/><instruction code="INCH $0,0"/><instruction code="NEG $0,0,$0"/><instruction code="OR $0,$0,0"/><instruction code="ADD $0,$1,$0"/><instruction code="OR $1,$0,0"/><instruction code="SETL $0,1"/><instruction code="INCML $0,0"/><instruction code="INCMH $0,0"/><instruction code="INCH $0,0"/><instruction code="OR $0,$0,0"/><instruction code="STO $0,$1,0"/><instruction code="OR $1,$253,0"/><instruction code="SETL $0,16"/><instruction code="INCML $0,0"/><instruction code="INCMH $0,0"/><instruction code="INCH $0,0"/><instruction code="NEG $0,0,$0"/><instruction code="OR $0,$0,0"/><instruction code="ADD $0,$1,$0"/><instruction code="OR $1,$0,0"/><instruction code="SETL $0,1"/><instruction code="INCML $0,0"/><instruction code="INCMH $0,0"/><instruction code="INCH $0,0"/><instruction code="OR $0,$0,0"/><instruction code="STO $0,$1,0"/><instruction code="OR $1,$253,0"/><instruction code="SETL $0,24"/><instruction code="INCML $0,0"/><instruction code="INCMH $0,0"/><instruction code="INCH $0,0"/><instruction code="NEG $0,0,$0"/><instruction code="OR $0,$0,0"/><instruction code="ADD $0,$1,$0"/><instruction code="OR $1,$0,0"/><instruction code="SETL $0,0"/><instruction code="INCML $0,0"/><instruction code="INCMH $0,0"/><instruction code="INCH $0,0"/><instruction code="OR $0,$0,0"/><instruction code="STO $0,$1,0"/><instruction code="L44"/><instruction code="OR $1,$253,0"/><instruction code="SETL $0,8"/><instruction code="INCML $0,0"/><instruction code="INCMH $0,0"/><instruction code="INCH $0,0"/><instruction code="OR $0,$0,0"/><instruction code="ADD $0,$1,$0"/><instruction code="OR $0,$0,0"/><instruction code="LDO $0,$0,0"/><instruction code="OR $1,$0,0"/><instruction code="SETL $0,1"/><instruction code="INCML $0,0"/><instruction code="INCMH $0,0"/><instruction code="INCH $0,0"/><instruction code="OR $0,$0,0"/><instruction code="CMP $0,$1,$0"/><instruction code="ZSP $0,$0,1"/><instruction code="OR $0,$0,0"/><instruction code="BNZ $0,L45"/><instruction code="L134"/><instruction code="JMP L46"/><instruction code="L45"/><instruction code="OR $1,$253,0"/><instruction code="SETL $0,8"/><instruction code="INCML $0,0"/><instruction code="INCMH $0,0"/><instruction code="INCH $0,0"/><instruction code="NEG $0,0,$0"/><instruction code="OR $0,$0,0"/><instruction code="ADD $0,$1,$0"/><instruction code="OR $3,$0,0"/><instruction code="OR $1,$253,0"/><instruction code="SETL $0,16"/><instruction code="INCML $0,0"/><instruction code="INCMH $0,0"/><instruction code="INCH $0,0"/><instruction code="NEG $0,0,$0"/><instruction code="OR $0,$0,0"/><instruction code="ADD $0,$1,$0"/><instruction code="OR $0,$0,0"/><instruction code="LDO $0,$0,0"/><instruction code="OR $2,$0,0"/><instruction code="OR $1,$253,0"/><instruction code="SETL $0,24"/><instruction code="INCML $0,0"/><instruction code="INCMH $0,0"/><instruction code="INCH $0,0"/><instruction code="NEG $0,0,$0"/><instruction code="OR $0,$0,0"/><instruction code="ADD $0,$1,$0"/><instruction code="OR $0,$0,0"/><instruction code="LDO $0,$0,0"/><instruction code="OR $0,$0,0"/><instruction code="ADD $0,$2,$0"/><instruction code="OR $0,$0,0"/><instruction code="STO $0,$3,0"/><instruction code="OR $1,$253,0"/><instruction code="SETL $0,24"/><instruction code="INCML $0,0"/><instruction code="INCMH $0,0"/><instruction code="INCH $0,0"/><instruction code="NEG $0,0,$0"/><instruction code="OR $0,$0,0"/><instruction code="ADD $0,$1,$0"/><instruction code="OR $2,$0,0"/><instruction code="OR $1,$253,0"/><instruction code="SETL $0,16"/><instruction code="INCML $0,0"/><instruction code="INCMH $0,0"/><instruction code="INCH $0,0"/><instruction code="NEG $0,0,$0"/><instruction code="OR $0,$0,0"/><instruction code="ADD $0,$1,$0"/><instruction code="OR $0,$0,0"/><instruction code="LDO $0,$0,0"/><instruction code="OR $0,$0,0"/><instruction code="STO $0,$2,0"/><instruction code="OR $1,$253,0"/><instruction code="SETL $0,16"/><instruction code="INCML $0,0"/><instruction code="INCMH $0,0"/><instruction code="INCH $0,0"/><instruction code="NEG $0,0,$0"/><instruction code="OR $0,$0,0"/><instruction code="ADD $0,$1,$0"/><instruction code="OR $2,$0,0"/><instruction code="OR $1,$253,0"/><instruction code="SETL $0,8"/><instruction code="INCML $0,0"/><instruction code="INCMH $0,0"/><instruction code="INCH $0,0"/><instruction code="NEG $0,0,$0"/><instruction code="OR $0,$0,0"/><instruction code="ADD $0,$1,$0"/><instruction code="OR $0,$0,0"/><instruction code="LDO $0,$0,0"/><instruction code="OR $0,$0,0"/><instruction code="STO $0,$2,0"/><instruction code="OR $1,$253,0"/><instruction code="SETL $0,8"/><instruction code="INCML $0,0"/><instruction code="INCMH $0,0"/><instruction code="INCH $0,0"/><instruction code="OR $0,$0,0"/><instruction code="ADD $0,$1,$0"/><instruction code="OR $2,$0,0"/><instruction code="OR $1,$253,0"/><instruction code="SETL $0,8"/><instruction code="INCML $0,0"/><instruction code="INCMH $0,0"/><instruction code="INCH $0,0"/><instruction code="OR $0,$0,0"/><instruction code="ADD $0,$1,$0"/><instruction code="OR $0,$0,0"/><instruction code="LDO $0,$0,0"/><instruction code="OR $1,$0,0"/><instruction code="SETL $0,1"/><instruction code="INCML $0,0"/><instruction code="INCMH $0,0"/><instruction code="INCH $0,0"/><instruction code="OR $0,$0,0"/><instruction code="SUB $0,$1,$0"/><instruction code="OR $0,$0,0"/><instruction code="STO $0,$2,0"/><instruction code="JMP L44"/><instruction code="L46"/><instruction code="OR $1,$253,0"/><instruction code="SETL $0,8"/><instruction code="INCML $0,0"/><instruction code="INCMH $0,0"/><instruction code="INCH $0,0"/><instruction code="NEG $0,0,$0"/><instruction code="OR $0,$0,0"/><instruction code="ADD $0,$1,$0"/><instruction code="OR $0,$0,0"/><instruction code="LDO $0,$0,0"/><instruction code="OR $0,$0,0"/><instruction code="OR $0,$0,0"/><instruction code="JMP L136"/></instructions></code><code entrylabel="L138" exitlabel="L139" tempsize="0"><frame FP="T14" RV="T15" argssize="16" depth="1" label="_fibRec" locssize="8" size="40"/><instructions><instruction code="L138"/><instruction code="OR $1,$253,0"/><instruction code="SETL $0,8"/><instruction code="INCML $0,0"/><instruction code="INCMH $0,0"/><instruction code="INCH $0,0"/><instruction code="OR $0,$0,0"/><instruction code="ADD $0,$1,$0"/><instruction code="OR $0,$0,0"/><instruction code="LDO $0,$0,0"/><instruction code="OR $1,$0,0"/><instruction code="SETL $0,2"/><instruction code="INCML $0,0"/><instruction code="INCMH $0,0"/><instruction code="INCH $0,0"/><instruction code="OR $0,$0,0"/><instruction code="CMP $0,$1,$0"/><instruction code="ZSNP $0,$0,1"/><instruction code="OR $0,$0,0"/><instruction code="BNZ $0,L47"/><instruction code="L137"/><instruction code="JMP L48"/><instruction code="L47"/><instruction code="OR $1,$253,0"/><instruction code="SETL $0,8"/><instruction code="INCML $0,0"/><instruction code="INCMH $0,0"/><instruction code="INCH $0,0"/><instruction code="NEG $0,0,$0"/><instruction code="OR $0,$0,0"/><instruction code="ADD $0,$1,$0"/><instruction code="OR $1,$0,0"/><instruction code="SETL $0,1"/><instruction code="INCML $0,0"/><instruction code="INCMH $0,0"/><instruction code="INCH $0,0"/><instruction code="OR $0,$0,0"/><instruction code="STO $0,$1,0"/><instruction code="JMP L49"/><instruction code="L48"/><instruction code="OR $1,$253,0"/><instruction code="SETL $0,8"/><instruction code="INCML $0,0"/><instruction code="INCMH $0,0"/><instruction code="INCH $0,0"/><instruction code="NEG $0,0,$0"/><instruction code="OR $0,$0,0"/><instruction code="ADD $0,$1,$0"/><instruction code="OR $4,$0,0"/><instruction code="SETL $0,0"/><instruction code="INCML $0,0"/><instruction code="INCMH $0,0"/><instruction code="INCH $0,0"/><instruction code="OR $2,$0,0"/><instruction code="OR $1,$253,0"/><instruction code="SETL $0,8"/><instruction code="INCML $0,0"/><instruction code="INCMH $0,0"/><instruction code="INCH $0,0"/><instruction code="OR $0,$0,0"/><instruction code="ADD $0,$1,$0"/><instruction code="OR $0,$0,0"/><instruction code="LDO $0,$0,0"/><instruction code="OR $1,$0,0"/><instruction code="SETL $0,1"/><instruction code="INCML $0,0"/><instruction code="INCMH $0,0"/><instruction code="INCH $0,0"/><instruction code="OR $0,$0,0"/><instruction code="SUB $0,$1,$0"/><instruction code="OR $0,$0,0"/><instruction code="STO $2,$254,0"/><instruction code="STO $0,$254,8"/><instruction code="PUSHJ $8,_fibRec"/><instruction code="LDO $0,$254,0"/><instruction code="OR $3,$0,0"/><instruction code="SETL $0,0"/><instruction code="INCML $0,0"/><instruction code="INCMH $0,0"/><instruction code="INCH $0,0"/><instruction code="OR $2,$0,0"/><instruction code="OR $1,$253,0"/><instruction code="SETL $0,8"/><instruction code="INCML $0,0"/><instruction code="INCMH $0,0"/><instruction code="INCH $0,0"/><instruction code="OR $0,$0,0"/><instruction code="ADD $0,$1,$0"/><instruction code="OR $0,$0,0"/><instruction code="LDO $0,$0,0"/><instruction code="OR $1,$0,0"/><instruction code="SETL $0,2"/><instruction code="INCML $0,0"/><instruction code="INCMH $0,0"/><instruction code="INCH $0,0"/><instruction code="OR $0,$0,0"/><instruction code="SUB $0,$1,$0"/><instruction code="OR $0,$0,0"/><instruction code="STO $2,$254,0"/><instruction code="STO $0,$254,8"/><instruction code="PUSHJ $8,_fibRec"/><instruction code="LDO $0,$254,0"/><instruction code="OR $0,$0,0"/><instruction code="ADD $0,$3,$0"/><instruction code="OR $0,$0,0"/><instruction code="STO $0,$4,0"/><instruction code="L49"/><instruction code="OR $1,$253,0"/><instruction code="SETL $0,8"/><instruction code="INCML $0,0"/><instruction code="INCMH $0,0"/><instruction code="INCH $0,0"/><instruction code="NEG $0,0,$0"/><instruction code="OR $0,$0,0"/><instruction code="ADD $0,$1,$0"/><instruction code="OR $0,$0,0"/><instruction code="LDO $0,$0,0"/><instruction code="OR $0,$0,0"/><instruction code="OR $0,$0,0"/><instruction code="JMP L139"/></instructions></code><code entrylabel="L143" exitlabel="L144" tempsize="0"><frame FP="T18" RV="T19" argssize="16" depth="2" label="L0" locssize="8" size="40"/><instructions><instruction code="L143"/><instruction code="OR $1,$253,0"/><instruction code="SETL $0,8"/><instruction code="INCML $0,0"/><instruction code="INCMH $0,0"/><instruction code="INCH $0,0"/><instruction code="OR $0,$0,0"/><instruction code="ADD $0,$1,$0"/><instruction code="OR $0,$0,0"/><instruction code="LDO $0,$0,0"/><instruction code="OR $2,$0,0"/><instruction code="OR $0,$253,0"/><instruction code="LDO $0,$0,0"/><instruction code="OR $1,$0,0"/><instruction code="SETL $0,8"/><instruction code="INCML $0,0"/><instruction code="INCMH $0,0"/><instruction code="INCH $0,0"/><instruction code="OR $0,$0,0"/><instruction code="ADD $0,$1,$0"/><instruction code="OR $0,$0,0"/><instruction code="LDO $0,$0,0"/><instruction code="OR $0,$0,0"/><instruction code="CMP $0,$2,$0"/><instruction code="ZSZ $0,$0,1"/><instruction code="OR $0,$0,0"/><instruction code="BNZ $0,L56"/><instruction code="L140"/><instruction code="JMP L57"/><instruction code="L56"/><instruction code="OR $1,$253,0"/><instruction code="SETL $0,8"/><instruction code="INCML $0,0"/><instruction code="INCMH $0,0"/><instruction code="INCH $0,0"/><instruction code="NEG $0,0,$0"/><instruction code="OR $0,$0,0"/><instruction code="ADD $0,$1,$0"/><instruction code="OR $1,$0,0"/><instruction code="SETL $0,0"/><instruction code="INCML $0,0"/><instruction code="INCMH $0,0"/><instruction code="INCH $0,0"/><instruction code="OR $0,$0,0"/><instruction code="STO $0,$1,0"/><instruction code="L50"/><instruction code="OR $1,$253,0"/><instruction code="SETL $0,8"/><instruction code="INCML $0,0"/><instruction code="INCMH $0,0"/><instruction code="INCH $0,0"/><instruction code="NEG $0,0,$0"/><instruction code="OR $0,$0,0"/><instruction code="ADD $0,$1,$0"/><instruction code="OR $0,$0,0"/><instruction code="LDO $0,$0,0"/><instruction code="OR $2,$0,0"/><instruction code="OR $0,$253,0"/><instruction code="LDO $0,$0,0"/><instruction code="OR $1,$0,0"/><instruction code="SETL $0,8"/><instruction code="INCML $0,0"/><instruction code="INCMH $0,0"/><instruction code="INCH $0,0"/><instruction code="OR $0,$0,0"/><instruction code="ADD $0,$1,$0"/><instruction code="OR $0,$0,0"/><instruction code="LDO $0,$0,0"/><instruction code="OR $0,$0,0"/><instruction code="CMP $0,$2,$0"/><instruction code="ZSN $0,$0,1"/><instruction code="OR $0,$0,0"/><instruction code="BNZ $0,L51"/><instruction code="L141"/><instruction code="JMP L52"/><instruction code="L51"/><instruction code="SETL $0,0"/><instruction code="INCML $0,0"/><instruction code="INCMH $0,0"/><instruction code="INCH $0,0"/><instruction code="OR $3,$0,0"/><instruction code="OR $0,$253,0"/><instruction code="LDO $0,$0,0"/><instruction code="OR $1,$0,0"/><instruction code="SETL $0,800"/><instruction code="INCML $0,0"/><instruction code="INCMH $0,0"/><instruction code="INCH $0,0"/><instruction code="NEG $0,0,$0"/><instruction code="OR $0,$0,0"/><instruction code="ADD $0,$1,$0"/><instruction code="OR $2,$0,0"/><instruction code="OR $1,$253,0"/><instruction code="SETL $0,8"/><instruction code="INCML $0,0"/><instruction code="INCMH $0,0"/><instruction code="INCH $0,0"/><instruction code="NEG $0,0,$0"/><instruction code="OR $0,$0,0"/><instruction code="ADD $0,$1,$0"/><instruction code="OR $0,$0,0"/><instruction code="LDO $0,$0,0"/><instruction code="OR $1,$0,0"/><instruction code="SETL $0,8"/><instruction code="INCML $0,0"/><instruction code="INCMH $0,0"/><instruction code="INCH $0,0"/><instruction code="OR $0,$0,0"/><instruction code="MUL $0,$1,$0"/><instruction code="OR $0,$0,0"/><instruction code="ADD $0,$2,$0"/><instruction code="OR $0,$0,0"/><instruction code="LDO $0,$0,0"/><instruction code="OR $0,$0,0"/><instruction code="STO $3,$254,0"/><instruction code="STO $0,$254,8"/><instruction code="PUSHJ $8,_putInt"/><instruction code="LDO $0,$254,0"/><instruction code="OR $0,$0,0"/><instruction code="SETL $0,0"/><instruction code="INCML $0,0"/><instruction code="INCMH $0,0"/><instruction code="INCH $0,0"/><instruction code="OR $1,$0,0"/><instruction code="SETL $0,32"/><instruction code="INCML $0,0"/><instruction code="INCMH $0,0"/><instruction code="INCH $0,0"/><instruction code="OR $0,$0,0"/><instruction code="STO $1,$254,0"/><instruction code="STO $0,$254,8"/><instruction code="PUSHJ $8,_putChar"/><instruction code="LDO $0,$254,0"/><instruction code="OR $0,$0,0"/><instruction code="OR $1,$253,0"/><instruction code="SETL $0,8"/><instruction code="INCML $0,0"/><instruction code="INCMH $0,0"/><instruction code="INCH $0,0"/><instruction code="NEG $0,0,$0"/><instruction code="OR $0,$0,0"/><instruction code="ADD $0,$1,$0"/><instruction code="OR $2,$0,0"/><instruction code="OR $1,$253,0"/><instruction code="SETL $0,8"/><instruction code="INCML $0,0"/><instruction code="INCMH $0,0"/><instruction code="INCH $0,0"/><instruction code="NEG $0,0,$0"/><instruction code="OR $0,$0,0"/><instruction code="ADD $0,$1,$0"/><instruction code="OR $0,$0,0"/><instruction code="LDO $0,$0,0"/><instruction code="OR $1,$0,0"/><instruction code="SETL $0,1"/><instruction code="INCML $0,0"/><instruction code="INCMH $0,0"/><instruction code="INCH $0,0"/><instruction code="OR $0,$0,0"/><instruction code="ADD $0,$1,$0"/><instruction code="OR $0,$0,0"/><instruction code="STO $0,$2,0"/><instruction code="JMP L50"/><instruction code="L52"/><instruction code="SETL $0,0"/><instruction code="INCML $0,0"/><instruction code="INCMH $0,0"/><instruction code="INCH $0,0"/><instruction code="OR $2,$0,0"/><instruction code="SETL $0,10"/><instruction code="INCML $0,0"/><instruction code="INCMH $0,0"/><instruction code="INCH $0,0"/><instruction code="OR $1,$0,0"/><instruction code="SETL $0,256"/><instruction code="INCML $0,0"/><instruction code="INCMH $0,0"/><instruction code="INCH $0,0"/><instruction code="OR $0,$0,0"/><instruction code="DIV $0,$1,$0"/><instruction code="GET $0,rR"/><instruction code="OR $0,$0,0"/><instruction code="STO $2,$254,0"/><instruction code="STO $0,$254,8"/><instruction code="PUSHJ $8,_putChar"/><instruction code="LDO $0,$254,0"/><instruction code="OR $0,$0,0"/><instruction code="JMP L58"/><instruction code="L57"/><instruction code="OR $1,$253,0"/><instruction code="SETL $0,8"/><instruction code="INCML $0,0"/><instruction code="INCMH $0,0"/><instruction code="INCH $0,0"/><instruction code="NEG $0,0,$0"/><instruction code="OR $0,$0,0"/><instruction code="ADD $0,$1,$0"/><instruction code="OR $1,$0,0"/><instruction code="SETL $0,1"/><instruction code="INCML $0,0"/><instruction code="INCMH $0,0"/><instruction code="INCH $0,0"/><instruction code="OR $0,$0,0"/><instruction code="STO $0,$1,0"/><instruction code="L53"/><instruction code="OR $1,$253,0"/><instruction code="SETL $0,8"/><instruction code="INCML $0,0"/><instruction code="INCMH $0,0"/><instruction code="INCH $0,0"/><instruction code="NEG $0,0,$0"/><instruction code="OR $0,$0,0"/><instruction code="ADD $0,$1,$0"/><instruction code="OR $0,$0,0"/><instruction code="LDO $0,$0,0"/><instruction code="OR $2,$0,0"/><instruction code="OR $0,$253,0"/><instruction code="LDO $0,$0,0"/><instruction code="OR $1,$0,0"/><instruction code="SETL $0,16"/><instruction code="INCML $0,0"/><instruction code="INCMH $0,0"/><instruction code="INCH $0,0"/><instruction code="OR $0,$0,0"/><instruction code="ADD $0,$1,$0"/><instruction code="OR $0,$0,0"/><instruction code="LDO $0,$0,0"/><instruction code="OR $0,$0,0"/><instruction code="CMP $0,$2,$0"/><instruction code="ZSNP $0,$0,1"/><instruction code="OR $0,$0,0"/><instruction code="BNZ $0,L54"/><instruction code="L142"/><instruction code="JMP L55"/><instruction code="L54"/><instruction code="OR $0,$253,0"/><instruction code="LDO $0,$0,0"/><instruction code="OR $1,$0,0"/><instruction code="SETL $0,800"/><instruction code="INCML $0,0"/><instruction code="INCMH $0,0"/><instruction code="INCH $0,0"/><instruction code="NEG $0,0,$0"/><instruction code="OR $0,$0,0"/><instruction code="ADD $0,$1,$0"/><instruction code="OR $2,$0,0"/><instruction code="OR $1,$253,0"/><instruction code="SETL $0,8"/><instruction code="INCML $0,0"/><instruction code="INCMH $0,0"/><instruction code="INCH $0,0"/><instruction code="OR $0,$0,0"/><instruction code="ADD $0,$1,$0"/><instruction code="OR $0,$0,0"/><instruction code="LDO $0,$0,0"/><instruction code="OR $1,$0,0"/><instruction code="SETL $0,8"/><instruction code="INCML $0,0"/><instruction code="INCMH $0,0"/><instruction code="INCH $0,0"/><instruction code="OR $0,$0,0"/><instruction code="MUL $0,$1,$0"/><instruction code="OR $0,$0,0"/><instruction code="ADD $0,$2,$0"/><instruction code="OR $2,$0,0"/><instruction code="OR $1,$253,0"/><instruction code="SETL $0,8"/><instruction code="INCML $0,0"/><instruction code="INCMH $0,0"/><instruction code="INCH $0,0"/><instruction code="NEG $0,0,$0"/><instruction code="OR $0,$0,0"/><instruction code="ADD $0,$1,$0"/><instruction code="OR $0,$0,0"/><instruction code="LDO $0,$0,0"/><instruction code="OR $0,$0,0"/><instruction code="STO $0,$2,0"/><instruction code="OR $1,$253,0"/><instruction code="SETL $0,8"/><instruction code="INCML $0,0"/><instruction code="INCMH $0,0"/><instruction code="INCH $0,0"/><instruction code="NEG $0,0,$0"/><instruction code="OR $0,$0,0"/><instruction code="ADD $0,$1,$0"/><instruction code="OR $2,$0,0"/><instruction code="OR $1,$253,0"/><instruction code="SETL $0,8"/><instruction code="INCML $0,0"/><instruction code="INCMH $0,0"/><instruction code="INCH $0,0"/><instruction code="NEG $0,0,$0"/><instruction code="OR $0,$0,0"/><instruction code="ADD $0,$1,$0"/><instruction code="OR $0,$0,0"/><instruction code="LDO $0,$0,0"/><instruction code="OR $1,$0,0"/><instruction code="SETL $0,1"/><instruction code="INCML $0,0"/><instruction code="INCMH $0,0"/><instruction code="INCH $0,0"/><instruction code="OR $0,$0,0"/><instruction code="ADD $0,$1,$0"/><instruction code="OR $0,$0,0"/><instruction code="STO $0,$2,0"/><instruction code="LDO $0,$253,0"/><instruction code="OR $2,$0,0"/><instruction code="OR $1,$253,0"/><instruction code="SETL $0,8"/><instruction code="INCML $0,0"/><instruction code="INCMH $0,0"/><instruction code="INCH $0,0"/><instruction code="OR $0,$0,0"/><instruction code="ADD $0,$1,$0"/><instruction code="OR $0,$0,0"/><instruction code="LDO $0,$0,0"/><instruction code="OR $1,$0,0"/><instruction code="SETL $0,1"/><instruction code="INCML $0,0"/><instruction code="INCMH $0,0"/><instruction code="INCH $0,0"/><instruction code="OR $0,$0,0"/><instruction code="ADD $0,$1,$0"/><instruction code="OR $0,$0,0"/><instruction code="STO $2,$254,0"/><instruction code="STO $0,$254,8"/><instruction code="PUSHJ $8,L0"/><instruction code="LDO $0,$254,0"/><instruction code="OR $0,$0,0"/><instruction code="JMP L53"/><instruction code="L55"/><instruction code="L58"/><instruction code="SETL $0,0"/><instruction code="INCML $0,0"/><instruction code="INCMH $0,0"/><instruction code="INCH $0,0"/><instruction code="OR $0,$0,0"/><instruction code="OR $0,$0,0"/><instruction code="JMP L144"/></instructions></code><code entrylabel="L146" exitlabel="L147" tempsize="0"><frame FP="T16" RV="T17" argssize="16" depth="1" label="_combs" locssize="808" size="840"/><instructions><instruction code="L146"/><instruction code="OR $1,$253,0"/><instruction code="SETL $0,808"/><instruction code="INCML $0,0"/><instruction code="INCMH $0,0"/><instruction code="INCH $0,0"/><instruction code="NEG $0,0,$0"/><instruction code="OR $0,$0,0"/><instruction code="ADD $0,$1,$0"/><instruction code="OR $1,$0,0"/><instruction code="SETL $0,0"/><instruction code="INCML $0,0"/><instruction code="INCMH $0,0"/><instruction code="INCH $0,0"/><instruction code="OR $0,$0,0"/><instruction code="STO $0,$1,0"/><instruction code="L59"/><instruction code="OR $1,$253,0"/><instruction code="SETL $0,808"/><instruction code="INCML $0,0"/><instruction code="INCMH $0,0"/><instruction code="INCH $0,0"/><instruction code="NEG $0,0,$0"/><instruction code="OR $0,$0,0"/><instruction code="ADD $0,$1,$0"/><instruction code="OR $0,$0,0"/><instruction code="LDO $0,$0,0"/><instruction code="OR $1,$0,0"/><instruction code="SETL $0,100"/><instruction code="INCML $0,0"/><instruction code="INCMH $0,0"/><instruction code="INCH $0,0"/><instruction code="OR $0,$0,0"/><instruction code="CMP $0,$1,$0"/><instruction code="ZSN $0,$0,1"/><instruction code="OR $0,$0,0"/><instruction code="BNZ $0,L60"/><instruction code="L145"/><instruction code="JMP L61"/><instruction code="L60"/><instruction code="OR $1,$253,0"/><instruction code="SETL $0,800"/><instruction code="INCML $0,0"/><instruction code="INCMH $0,0"/><instruction code="INCH $0,0"/><instruction code="NEG $0,0,$0"/><instruction code="OR $0,$0,0"/><instruction code="ADD $0,$1,$0"/><instruction code="OR $2,$0,0"/><instruction code="OR $1,$253,0"/><instruction code="SETL $0,808"/><instruction code="INCML $0,0"/><instruction code="INCMH $0,0"/><instruction code="INCH $0,0"/><instruction code="NEG $0,0,$0"/><instruction code="OR $0,$0,0"/><instruction code="ADD $0,$1,$0"/><instruction code="OR $0,$0,0"/><instruction code="LDO $0,$0,0"/><instruction code="OR $1,$0,0"/><instruction code="SETL $0,8"/><instruction code="INCML $0,0"/><instruction code="INCMH $0,0"/><instruction code="INCH $0,0"/><instruction code="OR $0,$0,0"/><instruction code="MUL $0,$1,$0"/><instruction code="OR $0,$0,0"/><instruction code="ADD $0,$2,$0"/><instruction code="OR $1,$0,0"/><instruction code="SETL $0,0"/><instruction code="INCML $0,0"/><instruction code="INCMH $0,0"/><instruction code="INCH $0,0"/><instruction code="OR $0,$0,0"/><instruction code="STO $0,$1,0"/><instruction code="OR $1,$253,0"/><instruction code="SETL $0,808"/><instruction code="INCML $0,0"/><instruction code="INCMH $0,0"/><instruction code="INCH $0,0"/><instruction code="NEG $0,0,$0"/><instruction code="OR $0,$0,0"/><instruction code="ADD $0,$1,$0"/><instruction code="OR $2,$0,0"/><instruction code="OR $1,$253,0"/><instruction code="SETL $0,808"/><instruction code="INCML $0,0"/><instruction code="INCMH $0,0"/><instruction code="INCH $0,0"/><instruction code="NEG $0,0,$0"/><instruction code="OR $0,$0,0"/><instruction code="ADD $0,$1,$0"/><instruction code="OR $0,$0,0"/><instruction code="LDO $0,$0,0"/><instruction code="OR $1,$0,0"/><instruction code="SETL $0,1"/><instruction code="INCML $0,0"/><instruction code="INCMH $0,0"/><instruction code="INCH $0,0"/><instruction code="OR $0,$0,0"/><instruction code="ADD $0,$1,$0"/><instruction code="OR $0,$0,0"/><instruction code="STO $0,$2,0"/><instruction code="JMP L59"/><instruction code="L61"/><instruction code="OR $1,$253,0"/><instruction code="SETL $0,0"/><instruction code="INCML $0,0"/><instruction code="INCMH $0,0"/><instruction code="INCH $0,0"/><instruction code="OR $0,$0,0"/><instruction code="STO $1,$254,0"/><instruction code="STO $0,$254,8"/><instruction code="PUSHJ $8,L0"/><instruction code="LDO $0,$254,0"/><instruction code="OR $0,$0,0"/><instruction code="SETL $0,0"/><instruction code="INCML $0,0"/><instruction code="INCMH $0,0"/><instruction code="INCH $0,0"/><instruction code="OR $0,$0,0"/><instruction code="OR $0,$0,0"/><instruction code="JMP L147"/></instructions></code><code entrylabel="L152" exitlabel="L153" tempsize="0"><frame FP="T22" RV="T23" argssize="0" depth="2" label="L1" locssize="96" size="112"/><instructions><instruction code="L152"/><instruction code="OR $1,$253,0"/><instruction code="SETL $0,96"/><instruction code="INCML $0,0"/><instruction code="INCMH $0,0"/><instruction code="INCH $0,0"/><instruction code="NEG $0,0,$0"/><instruction code="OR $0,$0,0"/><instruction code="ADD $0,$1,$0"/><instruction code="OR $1,$0,0"/><instruction code="SETL $0,1"/><instruction code="INCML $0,0"/><instruction code="INCMH $0,0"/><instruction code="INCH $0,0"/><instruction code="OR $0,$0,0"/><instruction code="STO $0,$1,0"/><instruction code="OR $1,$253,0"/><instruction code="SETL $0,88"/><instruction code="INCML $0,0"/><instruction code="INCMH $0,0"/><instruction code="INCH $0,0"/><instruction code="NEG $0,0,$0"/><instruction code="OR $0,$0,0"/><instruction code="ADD $0,$1,$0"/><instruction code="OR $1,$0,0"/><instruction code="SETL $0,1"/><instruction code="INCML $0,0"/><instruction code="INCMH $0,0"/><instruction code="INCH $0,0"/><instruction code="OR $0,$0,0"/><instruction code="STO $0,$1,0"/><instruction code="L62"/><instruction code="OR $1,$253,0"/><instruction code="SETL $0,88"/><instruction code="INCML $0,0"/><instruction code="INCMH $0,0"/><instruction code="INCH $0,0"/><instruction code="NEG $0,0,$0"/><instruction code="OR $0,$0,0"/><instruction code="ADD $0,$1,$0"/><instruction code="OR $0,$0,0"/><instruction code="LDO $0,$0,0"/><instruction code="OR $1,$0,0"/><instruction code="SETL $0,9"/><instruction code="INCML $0,0"/><instruction code="INCMH $0,0"/><instruction code="INCH $0,0"/><instruction code="OR $0,$0,0"/><instruction code="CMP $0,$1,$0"/><instruction code="ZSNP $0,$0,1"/><instruction code="OR $0,$0,0"/><instruction code="BNZ $0,L63"/><instruction code="L148"/><instruction code="JMP L64"/><instruction code="L63"/><instruction code="OR $1,$253,0"/><instruction code="SETL $0,80"/><instruction code="INCML $0,0"/><instruction code="INCMH $0,0"/><instruction code="INCH $0,0"/><instruction code="NEG $0,0,$0"/><instruction code="OR $0,$0,0"/><instruction code="ADD $0,$1,$0"/><instruction code="OR $2,$0,0"/><instruction code="OR $1,$253,0"/><instruction code="SETL $0,88"/><instruction code="INCML $0,0"/><instruction code="INCMH $0,0"/><instruction code="INCH $0,0"/><instruction code="NEG $0,0,$0"/><instruction code="OR $0,$0,0"/><instruction code="ADD $0,$1,$0"/><instruction code="OR $0,$0,0"/><instruction code="LDO $0,$0,0"/><instruction code="OR $1,$0,0"/><instruction code="SETL $0,8"/><instruction code="INCML $0,0"/><instruction code="INCMH $0,0"/><instruction code="INCH $0,0"/><instruction code="OR $0,$0,0"/><instruction code="MUL $0,$1,$0"/><instruction code="OR $0,$0,0"/><instruction code="ADD $0,$2,$0"/><instruction code="OR $1,$0,0"/><instruction code="SETL $0,0"/><instruction code="INCML $0,0"/><instruction code="INCMH $0,0"/><instruction code="INCH $0,0"/><instruction code="OR $0,$0,0"/><instruction code="STO $0,$1,0"/><instruction code="OR $1,$253,0"/><instruction code="SETL $0,88"/><instruction code="INCML $0,0"/><instruction code="INCMH $0,0"/><instruction code="INCH $0,0"/><instruction code="NEG $0,0,$0"/><instruction code="OR $0,$0,0"/><instruction code="ADD $0,$1,$0"/><instruction code="OR $2,$0,0"/><instruction code="OR $1,$253,0"/><instruction code="SETL $0,88"/><instruction code="INCML $0,0"/><instruction code="INCMH $0,0"/><instruction code="INCH $0,0"/><instruction code="NEG $0,0,$0"/><instruction code="OR $0,$0,0"/><instruction code="ADD $0,$1,$0"/><instruction code="OR $0,$0,0"/><instruction code="LDO $0,$0,0"/><instruction code="OR $1,$0,0"/><instruction code="SETL $0,1"/><instruction code="INCML $0,0"/><instruction code="INCMH $0,0"/><instruction code="INCH $0,0"/><instruction code="OR $0,$0,0"/><instruction code="ADD $0,$1,$0"/><instruction code="OR $0,$0,0"/><instruction code="STO $0,$2,0"/><instruction code="JMP L62"/><instruction code="L64"/><instruction code="OR $1,$253,0"/><instruction code="SETL $0,88"/><instruction code="INCML $0,0"/><instruction code="INCMH $0,0"/><instruction code="INCH $0,0"/><instruction code="NEG $0,0,$0"/><instruction code="OR $0,$0,0"/><instruction code="ADD $0,$1,$0"/><instruction code="OR $1,$0,0"/><instruction code="SETL $0,0"/><instruction code="INCML $0,0"/><instruction code="INCMH $0,0"/><instruction code="INCH $0,0"/><instruction code="OR $0,$0,0"/><instruction code="STO $0,$1,0"/><instruction code="L70"/><instruction code="OR $1,$253,0"/><instruction code="SETL $0,88"/><instruction code="INCML $0,0"/><instruction code="INCMH $0,0"/><instruction code="INCH $0,0"/><instruction code="NEG $0,0,$0"/><instruction code="OR $0,$0,0"/><instruction code="ADD $0,$1,$0"/><instruction code="OR $0,$0,0"/><instruction code="LDO $0,$0,0"/><instruction code="OR $1,$0,0"/><instruction code="SETL $0,9"/><instruction code="INCML $0,0"/><instruction code="INCMH $0,0"/><instruction code="INCH $0,0"/><instruction code="OR $0,$0,0"/><instruction code="CMP $0,$1,$0"/><instruction code="ZSN $0,$0,1"/><instruction code="OR $0,$0,0"/><instruction code="BNZ $0,L71"/><instruction code="L149"/><instruction code="JMP L72"/><instruction code="L71"/><instruction code="OR $0,$253,0"/><instruction code="LDO $0,$0,0"/><instruction code="OR $1,$0,0"/><instruction code="SETL $0,8"/><instruction code="INCML $0,0"/><instruction code="INCMH $0,0"/><instruction code="INCH $0,0"/><instruction code="OR $0,$0,0"/><instruction code="ADD $0,$1,$0"/><instruction code="OR $0,$0,0"/><instruction code="LDO $0,$0,0"/><instruction code="OR $2,$0,0"/><instruction code="OR $1,$253,0"/><instruction code="SETL $0,8"/><instruction code="INCML $0,0"/><instruction code="INCMH $0,0"/><instruction code="INCH $0,0"/><instruction code="OR $0,$0,0"/><instruction code="ADD $0,$1,$0"/><instruction code="OR $0,$0,0"/><instruction code="LDO $0,$0,0"/><instruction code="OR $1,$0,0"/><instruction code="SETL $0,72"/><instruction code="INCML $0,0"/><instruction code="INCMH $0,0"/><instruction code="INCH $0,0"/><instruction code="OR $0,$0,0"/><instruction code="MUL $0,$1,$0"/><instruction code="OR $0,$0,0"/><instruction code="ADD $0,$2,$0"/><instruction code="OR $2,$0,0"/><instruction code="OR $1,$253,0"/><instruction code="SETL $0,88"/><instruction code="INCML $0,0"/><instruction code="INCMH $0,0"/><instruction code="INCH $0,0"/><instruction code="NEG $0,0,$0"/><instruction code="OR $0,$0,0"/><instruction code="ADD $0,$1,$0"/><instruction code="OR $0,$0,0"/><instruction code="LDO $0,$0,0"/><instruction code="OR $1,$0,0"/><instruction code="SETL $0,8"/><instruction code="INCML $0,0"/><instruction code="INCMH $0,0"/><instruction code="INCH $0,0"/><instruction code="OR $0,$0,0"/><instruction code="MUL $0,$1,$0"/><instruction code="OR $0,$0,0"/><instruction code="ADD $0,$2,$0"/><instruction code="OR $0,$0,0"/><instruction code="LDO $0,$0,0"/><instruction code="OR $1,$0,0"/><instruction code="SETL $0,0"/><instruction code="INCML $0,0"/><instruction code="INCMH $0,0"/><instruction code="INCH $0,0"/><instruction code="OR $0,$0,0"/><instruction code="CMP $0,$1,$0"/><instruction code="ZSNZ $0,$0,1"/><instruction code="OR $0,$0,0"/><instruction code="BNZ $0,L68"/><instruction code="L150"/><instruction code="JMP L69"/><instruction code="L68"/><instruction code="OR $1,$253,0"/><instruction code="SETL $0,80"/><instruction code="INCML $0,0"/><instruction code="INCMH $0,0"/><instruction code="INCH $0,0"/><instruction code="NEG $0,0,$0"/><instruction code="OR $0,$0,0"/><instruction code="ADD $0,$1,$0"/><instruction code="OR $3,$0,0"/><instruction code="OR $0,$253,0"/><instruction code="LDO $0,$0,0"/><instruction code="OR $1,$0,0"/><instruction code="SETL $0,8"/><instruction code="INCML $0,0"/><instruction code="INCMH $0,0"/><instruction code="INCH $0,0"/><instruction code="OR $0,$0,0"/><instruction code="ADD $0,$1,$0"/><instruction code="OR $0,$0,0"/><instruction code="LDO $0,$0,0"/><instruction code="OR $2,$0,0"/><instruction code="OR $1,$253,0"/><instruction code="SETL $0,8"/><instruction code="INCML $0,0"/><instruction code="INCMH $0,0"/><instruction code="INCH $0,0"/><instruction code="OR $0,$0,0"/><instruction code="ADD $0,$1,$0"/><instruction code="OR $0,$0,0"/><instruction code="LDO $0,$0,0"/><instruction code="OR $1,$0,0"/><instruction code="SETL $0,72"/><instruction code="INCML $0,0"/><instruction code="INCMH $0,0"/><instruction code="INCH $0,0"/><instruction code="OR $0,$0,0"/><instruction code="MUL $0,$1,$0"/><instruction code="OR $0,$0,0"/><instruction code="ADD $0,$2,$0"/><instruction code="OR $2,$0,0"/><instruction code="OR $1,$253,0"/><instruction code="SETL $0,88"/><instruction code="INCML $0,0"/><instruction code="INCMH $0,0"/><instruction code="INCH $0,0"/><instruction code="NEG $0,0,$0"/><instruction code="OR $0,$0,0"/><instruction code="ADD $0,$1,$0"/><instruction code="OR $0,$0,0"/><instruction code="LDO $0,$0,0"/><instruction code="OR $1,$0,0"/><instruction code="SETL $0,8"/><instruction code="INCML $0,0"/><instruction code="INCMH $0,0"/><instruction code="INCH $0,0"/><instruction code="OR $0,$0,0"/><instruction code="MUL $0,$1,$0"/><instruction code="OR $0,$0,0"/><instruction code="ADD $0,$2,$0"/><instruction code="OR $0,$0,0"/><instruction code="LDO $0,$0,0"/><instruction code="OR $1,$0,0"/><instruction code="SETL $0,8"/><instruction code="INCML $0,0"/><instruction code="INCMH $0,0"/><instruction code="INCH $0,0"/><instruction code="OR $0,$0,0"/><instruction code="MUL $0,$1,$0"/><instruction code="OR $0,$0,0"/><instruction code="ADD $0,$3,$0"/><instruction code="OR $0,$0,0"/><instruction code="LDO $0,$0,0"/><instruction code="OR $0,$0,0"/><instruction code="BNZ $0,L65"/><instruction code="L151"/><instruction code="JMP L66"/><instruction code="L65"/><instruction code="OR $1,$253,0"/><instruction code="SETL $0,96"/><instruction code="INCML $0,0"/><instruction code="INCMH $0,0"/><instruction code="INCH $0,0"/><instruction code="NEG $0,0,$0"/><instruction code="OR $0,$0,0"/><instruction code="ADD $0,$1,$0"/><instruction code="OR $1,$0,0"/><instruction code="SETL $0,0"/><instruction code="INCML $0,0"/><instruction code="INCMH $0,0"/><instruction code="INCH $0,0"/><instruction code="OR $0,$0,0"/><instruction code="STO $0,$1,0"/><instruction code="JMP L67"/><instruction code="L66"/><instruction code="OR $1,$253,0"/><instruction code="SETL $0,80"/><instruction code="INCML $0,0"/><instruction code="INCMH $0,0"/><instruction code="INCH $0,0"/><instruction code="NEG $0,0,$0"/><instruction code="OR $0,$0,0"/><instruction code="ADD $0,$1,$0"/><instruction code="OR $3,$0,0"/><instruction code="OR $0,$253,0"/><instruction code="LDO $0,$0,0"/><instruction code="OR $1,$0,0"/><instruction code="SETL $0,8"/><instruction code="INCML $0,0"/><instruction code="INCMH $0,0"/><instruction code="INCH $0,0"/><instruction code="OR $0,$0,0"/><instruction code="ADD $0,$1,$0"/><instruction code="OR $0,$0,0"/><instruction code="LDO $0,$0,0"/><instruction code="OR $2,$0,0"/><instruction code="OR $1,$253,0"/><instruction code="SETL $0,8"/><instruction code="INCML $0,0"/><instruction code="INCMH $0,0"/><instruction code="INCH $0,0"/><instruction code="OR $0,$0,0"/><instruction code="ADD $0,$1,$0"/><instruction code="OR $0,$0,0"/><instruction code="LDO $0,$0,0"/><instruction code="OR $1,$0,0"/><instruction code="SETL $0,72"/><instruction code="INCML $0,0"/><instruction code="INCMH $0,0"/><instruction code="INCH $0,0"/><instruction code="OR $0,$0,0"/><instruction code="MUL $0,$1,$0"/><instruction code="OR $0,$0,0"/><instruction code="ADD $0,$2,$0"/><instruction code="OR $2,$0,0"/><instruction code="OR $1,$253,0"/><instruction code="SETL $0,88"/><instruction code="INCML $0,0"/><instruction code="INCMH $0,0"/><instruction code="INCH $0,0"/><instruction code="NEG $0,0,$0"/><instruction code="OR $0,$0,0"/><instruction code="ADD $0,$1,$0"/><instruction code="OR $0,$0,0"/><instruction code="LDO $0,$0,0"/><instruction code="OR $1,$0,0"/><instruction code="SETL $0,8"/><instruction code="INCML $0,0"/><instruction code="INCMH $0,0"/><instruction code="INCH $0,0"/><instruction code="OR $0,$0,0"/><instruction code="MUL $0,$1,$0"/><instruction code="OR $0,$0,0"/><instruction code="ADD $0,$2,$0"/><instruction code="OR $0,$0,0"/><instruction code="LDO $0,$0,0"/><instruction code="OR $1,$0,0"/><instruction code="SETL $0,8"/><instruction code="INCML $0,0"/><instruction code="INCMH $0,0"/><instruction code="INCH $0,0"/><instruction code="OR $0,$0,0"/><instruction code="MUL $0,$1,$0"/><instruction code="OR $0,$0,0"/><instruction code="ADD $0,$3,$0"/><instruction code="OR $1,$0,0"/><instruction code="SETL $0,1"/><instruction code="INCML $0,0"/><instruction code="INCMH $0,0"/><instruction code="INCH $0,0"/><instruction code="OR $0,$0,0"/><instruction code="STO $0,$1,0"/><instruction code="L67"/><instruction code="L69"/><instruction code="OR $1,$253,0"/><instruction code="SETL $0,88"/><instruction code="INCML $0,0"/><instruction code="INCMH $0,0"/><instruction code="INCH $0,0"/><instruction code="NEG $0,0,$0"/><instruction code="OR $0,$0,0"/><instruction code="ADD $0,$1,$0"/><instruction code="OR $2,$0,0"/><instruction code="OR $1,$253,0"/><instruction code="SETL $0,88"/><instruction code="INCML $0,0"/><instruction code="INCMH $0,0"/><instruction code="INCH $0,0"/><instruction code="NEG $0,0,$0"/><instruction code="OR $0,$0,0"/><instruction code="ADD $0,$1,$0"/><instruction code="OR $0,$0,0"/><instruction code="LDO $0,$0,0"/><instruction code="OR $1,$0,0"/><instruction code="SETL $0,1"/><instruction code="INCML $0,0"/><instruction code="INCMH $0,0"/><instruction code="INCH $0,0"/><instruction code="OR $0,$0,0"/><instruction code="ADD $0,$1,$0"/><instruction code="OR $0,$0,0"/><instruction code="STO $0,$2,0"/><instruction code="JMP L70"/><instruction code="L72"/><instruction code="OR $1,$253,0"/><instruction code="SETL $0,96"/><instruction code="INCML $0,0"/><instruction code="INCMH $0,0"/><instruction code="INCH $0,0"/><instruction code="NEG $0,0,$0"/><instruction code="OR $0,$0,0"/><instruction code="ADD $0,$1,$0"/><instruction code="OR $0,$0,0"/><instruction code="LDO $0,$0,0"/><instruction code="OR $0,$0,0"/><instruction code="OR $0,$0,0"/><instruction code="JMP L153"/></instructions></code><code entrylabel="L158" exitlabel="L159" tempsize="0"><frame FP="T24" RV="T25" argssize="0" depth="2" label="L2" locssize="96" size="112"/><instructions><instruction code="L158"/><instruction code="OR $1,$253,0"/><instruction code="SETL $0,96"/><instruction code="INCML $0,0"/><instruction code="INCMH $0,0"/><instruction code="INCH $0,0"/><instruction code="NEG $0,0,$0"/><instruction code="OR $0,$0,0"/><instruction code="ADD $0,$1,$0"/><instruction code="OR $1,$0,0"/><instruction code="SETL $0,1"/><instruction code="INCML $0,0"/><instruction code="INCMH $0,0"/><instruction code="INCH $0,0"/><instruction code="OR $0,$0,0"/><instruction code="STO $0,$1,0"/><instruction code="OR $1,$253,0"/><instruction code="SETL $0,88"/><instruction code="INCML $0,0"/><instruction code="INCMH $0,0"/><instruction code="INCH $0,0"/><instruction code="NEG $0,0,$0"/><instruction code="OR $0,$0,0"/><instruction code="ADD $0,$1,$0"/><instruction code="OR $1,$0,0"/><instruction code="SETL $0,1"/><instruction code="INCML $0,0"/><instruction code="INCMH $0,0"/><instruction code="INCH $0,0"/><instruction code="OR $0,$0,0"/><instruction code="STO $0,$1,0"/><instruction code="L73"/><instruction code="OR $1,$253,0"/><instruction code="SETL $0,88"/><instruction code="INCML $0,0"/><instruction code="INCMH $0,0"/><instruction code="INCH $0,0"/><instruction code="NEG $0,0,$0"/><instruction code="OR $0,$0,0"/><instruction code="ADD $0,$1,$0"/><instruction code="OR $0,$0,0"/><instruction code="LDO $0,$0,0"/><instruction code="OR $1,$0,0"/><instruction code="SETL $0,9"/><instruction code="INCML $0,0"/><instruction code="INCMH $0,0"/><instruction code="INCH $0,0"/><instruction code="OR $0,$0,0"/><instruction code="CMP $0,$1,$0"/><instruction code="ZSNP $0,$0,1"/><instruction code="OR $0,$0,0"/><instruction code="BNZ $0,L74"/><instruction code="L154"/><instruction code="JMP L75"/><instruction code="L74"/><instruction code="OR $1,$253,0"/><instruction code="SETL $0,80"/><instruction code="INCML $0,0"/><instruction code="INCMH $0,0"/><instruction code="INCH $0,0"/><instruction code="NEG $0,0,$0"/><instruction code="OR $0,$0,0"/><instruction code="ADD $0,$1,$0"/><instruction code="OR $2,$0,0"/><instruction code="OR $1,$253,0"/><instruction code="SETL $0,88"/><instruction code="INCML $0,0"/><instruction code="INCMH $0,0"/><instruction code="INCH $0,0"/><instruction code="NEG $0,0,$0"/><instruction code="OR $0,$0,0"/><instruction code="ADD $0,$1,$0"/><instruction code="OR $0,$0,0"/><instruction code="LDO $0,$0,0"/><instruction code="OR $1,$0,0"/><instruction code="SETL $0,8"/><instruction code="INCML $0,0"/><instruction code="INCMH $0,0"/><instruction code="INCH $0,0"/><instruction code="OR $0,$0,0"/><instruction code="MUL $0,$1,$0"/><instruction code="OR $0,$0,0"/><instruction code="ADD $0,$2,$0"/><instruction code="OR $1,$0,0"/><instruction code="SETL $0,0"/><instruction code="INCML $0,0"/><instruction code="INCMH $0,0"/><instruction code="INCH $0,0"/><instruction code="OR $0,$0,0"/><instruction code="STO $0,$1,0"/><instruction code="OR $1,$253,0"/><instruction code="SETL $0,88"/><instruction code="INCML $0,0"/><instruction code="INCMH $0,0"/><instruction code="INCH $0,0"/><instruction code="NEG $0,0,$0"/><instruction code="OR $0,$0,0"/><instruction code="ADD $0,$1,$0"/><instruction code="OR $2,$0,0"/><instruction code="OR $1,$253,0"/><instruction code="SETL $0,88"/><instruction code="INCML $0,0"/><instruction code="INCMH $0,0"/><instruction code="INCH $0,0"/><instruction code="NEG $0,0,$0"/><instruction code="OR $0,$0,0"/><instruction code="ADD $0,$1,$0"/><instruction code="OR $0,$0,0"/><instruction code="LDO $0,$0,0"/><instruction code="OR $1,$0,0"/><instruction code="SETL $0,1"/><instruction code="INCML $0,0"/><instruction code="INCMH $0,0"/><instruction code="INCH $0,0"/><instruction code="OR $0,$0,0"/><instruction code="ADD $0,$1,$0"/><instruction code="OR $0,$0,0"/><instruction code="STO $0,$2,0"/><instruction code="JMP L73"/><instruction code="L75"/><instruction code="OR $1,$253,0"/><instruction code="SETL $0,88"/><instruction code="INCML $0,0"/><instruction code="INCMH $0,0"/><instruction code="INCH $0,0"/><instruction code="NEG $0,0,$0"/><instruction code="OR $0,$0,0"/><instruction code="ADD $0,$1,$0"/><instruction code="OR $1,$0,0"/><instruction code="SETL $0,0"/><instruction code="INCML $0,0"/><instruction code="INCMH $0,0"/><instruction code="INCH $0,0"/><instruction code="OR $0,$0,0"/><instruction code="STO $0,$1,0"/><instruction code="L81"/><instruction code="OR $1,$253,0"/><instruction code="SETL $0,88"/><instruction code="INCML $0,0"/><instruction code="INCMH $0,0"/><instruction code="INCH $0,0"/><instruction code="NEG $0,0,$0"/><instruction code="OR $0,$0,0"/><instruction code="ADD $0,$1,$0"/><instruction code="OR $0,$0,0"/><instruction code="LDO $0,$0,0"/><instruction code="OR $1,$0,0"/><instruction code="SETL $0,9"/><instruction code="INCML $0,0"/><instruction code="INCMH $0,0"/><instruction code="INCH $0,0"/><instruction code="OR $0,$0,0"/><instruction code="CMP $0,$1,$0"/><instruction code="ZSN $0,$0,1"/><instruction code="OR $0,$0,0"/><instruction code="BNZ $0,L82"/><instruction code="L155"/><instruction code="JMP L83"/><instruction code="L82"/><instruction code="OR $0,$253,0"/><instruction code="LDO $0,$0,0"/><instruction code="OR $1,$0,0"/><instruction code="SETL $0,8"/><instruction code="INCML $0,0"/><instruction code="INCMH $0,0"/><instruction code="INCH $0,0"/><instruction code="OR $0,$0,0"/><instruction code="ADD $0,$1,$0"/><instruction code="OR $0,$0,0"/><instruction code="LDO $0,$0,0"/><instruction code="OR $2,$0,0"/><instruction code="OR $1,$253,0"/><instruction code="SETL $0,88"/><instruction code="INCML $0,0"/><instruction code="INCMH $0,0"/><instruction code="INCH $0,0"/><instruction code="NEG $0,0,$0"/><instruction code="OR $0,$0,0"/><instruction code="ADD $0,$1,$0"/><instruction code="OR $0,$0,0"/><instruction code="LDO $0,$0,0"/><instruction code="OR $1,$0,0"/><instruction code="SETL $0,72"/><instruction code="INCML $0,0"/><instruction code="INCMH $0,0"/><instruction code="INCH $0,0"/><instruction code="OR $0,$0,0"/><instruction code="MUL $0,$1,$0"/><instruction code="OR $0,$0,0"/><instruction code="ADD $0,$2,$0"/><instruction code="OR $2,$0,0"/><instruction code="OR $1,$253,0"/><instruction code="SETL $0,8"/><instruction code="INCML $0,0"/><instruction code="INCMH $0,0"/><instruction code="INCH $0,0"/><instruction code="OR $0,$0,0"/><instruction code="ADD $0,$1,$0"/><instruction code="OR $0,$0,0"/><instruction code="LDO $0,$0,0"/><instruction code="OR $1,$0,0"/><instruction code="SETL $0,8"/><instruction code="INCML $0,0"/><instruction code="INCMH $0,0"/><instruction code="INCH $0,0"/><instruction code="OR $0,$0,0"/><instruction code="MUL $0,$1,$0"/><instruction code="OR $0,$0,0"/><instruction code="ADD $0,$2,$0"/><instruction code="OR $0,$0,0"/><instruction code="LDO $0,$0,0"/><instruction code="OR $1,$0,0"/><instruction code="SETL $0,0"/><instruction code="INCML $0,0"/><instruction code="INCMH $0,0"/><instruction code="INCH $0,0"/><instruction code="OR $0,$0,0"/><instruction code="CMP $0,$1,$0"/><instruction code="ZSNZ $0,$0,1"/><instruction code="OR $0,$0,0"/><instruction code="BNZ $0,L79"/><instruction code="L156"/><instruction code="JMP L80"/><instruction code="L79"/><instruction code="OR $1,$253,0"/><instruction code="SETL $0,80"/><instruction code="INCML $0,0"/><instruction code="INCMH $0,0"/><instruction code="INCH $0,0"/><instruction code="NEG $0,0,$0"/><instruction code="OR $0,$0,0"/><instruction code="ADD $0,$1,$0"/><instruction code="OR $3,$0,0"/><instruction code="OR $0,$253,0"/><instruction code="LDO $0,$0,0"/><instruction code="OR $1,$0,0"/><instruction code="SETL $0,8"/><instruction code="INCML $0,0"/><instruction code="INCMH $0,0"/><instruction code="INCH $0,0"/><instruction code="OR $0,$0,0"/><instruction code="ADD $0,$1,$0"/><instruction code="OR $0,$0,0"/><instruction code="LDO $0,$0,0"/><instruction code="OR $2,$0,0"/><instruction code="OR $1,$253,0"/><instruction code="SETL $0,88"/><instruction code="INCML $0,0"/><instruction code="INCMH $0,0"/><instruction code="INCH $0,0"/><instruction code="NEG $0,0,$0"/><instruction code="OR $0,$0,0"/><instruction code="ADD $0,$1,$0"/><instruction code="OR $0,$0,0"/><instruction code="LDO $0,$0,0"/><instruction code="OR $1,$0,0"/><instruction code="SETL $0,72"/><instruction code="INCML $0,0"/><instruction code="INCMH $0,0"/><instruction code="INCH $0,0"/><instruction code="OR $0,$0,0"/><instruction code="MUL $0,$1,$0"/><instruction code="OR $0,$0,0"/><instruction code="ADD $0,$2,$0"/><instruction code="OR $2,$0,0"/><instruction code="OR $1,$253,0"/><instruction code="SETL $0,8"/><instruction code="INCML $0,0"/><instruction code="INCMH $0,0"/><instruction code="INCH $0,0"/><instruction code="OR $0,$0,0"/><instruction code="ADD $0,$1,$0"/><instruction code="OR $0,$0,0"/><instruction code="LDO $0,$0,0"/><instruction code="OR $1,$0,0"/><instruction code="SETL $0,8"/><instruction code="INCML $0,0"/><instruction code="INCMH $0,0"/><instruction code="INCH $0,0"/><instruction code="OR $0,$0,0"/><instruction code="MUL $0,$1,$0"/><instruction code="OR $0,$0,0"/><instruction code="ADD $0,$2,$0"/><instruction code="OR $0,$0,0"/><instruction code="LDO $0,$0,0"/><instruction code="OR $1,$0,0"/><instruction code="SETL $0,8"/><instruction code="INCML $0,0"/><instruction code="INCMH $0,0"/><instruction code="INCH $0,0"/><instruction code="OR $0,$0,0"/><instruction code="MUL $0,$1,$0"/><instruction code="OR $0,$0,0"/><instruction code="ADD $0,$3,$0"/><instruction code="OR $0,$0,0"/><instruction code="LDO $0,$0,0"/><instruction code="OR $0,$0,0"/><instruction code="BNZ $0,L76"/><instruction code="L157"/><instruction code="JMP L77"/><instruction code="L76"/><instruction code="OR $1,$253,0"/><instruction code="SETL $0,96"/><instruction code="INCML $0,0"/><instruction code="INCMH $0,0"/><instruction code="INCH $0,0"/><instruction code="NEG $0,0,$0"/><instruction code="OR $0,$0,0"/><instruction code="ADD $0,$1,$0"/><instruction code="OR $1,$0,0"/><instruction code="SETL $0,0"/><instruction code="INCML $0,0"/><instruction code="INCMH $0,0"/><instruction code="INCH $0,0"/><instruction code="OR $0,$0,0"/><instruction code="STO $0,$1,0"/><instruction code="JMP L78"/><instruction code="L77"/><instruction code="OR $1,$253,0"/><instruction code="SETL $0,80"/><instruction code="INCML $0,0"/><instruction code="INCMH $0,0"/><instruction code="INCH $0,0"/><instruction code="NEG $0,0,$0"/><instruction code="OR $0,$0,0"/><instruction code="ADD $0,$1,$0"/><instruction code="OR $3,$0,0"/><instruction code="OR $0,$253,0"/><instruction code="LDO $0,$0,0"/><instruction code="OR $1,$0,0"/><instruction code="SETL $0,8"/><instruction code="INCML $0,0"/><instruction code="INCMH $0,0"/><instruction code="INCH $0,0"/><instruction code="OR $0,$0,0"/><instruction code="ADD $0,$1,$0"/><instruction code="OR $0,$0,0"/><instruction code="LDO $0,$0,0"/><instruction code="OR $2,$0,0"/><instruction code="OR $1,$253,0"/><instruction code="SETL $0,88"/><instruction code="INCML $0,0"/><instruction code="INCMH $0,0"/><instruction code="INCH $0,0"/><instruction code="NEG $0,0,$0"/><instruction code="OR $0,$0,0"/><instruction code="ADD $0,$1,$0"/><instruction code="OR $0,$0,0"/><instruction code="LDO $0,$0,0"/><instruction code="OR $1,$0,0"/><instruction code="SETL $0,72"/><instruction code="INCML $0,0"/><instruction code="INCMH $0,0"/><instruction code="INCH $0,0"/><instruction code="OR $0,$0,0"/><instruction code="MUL $0,$1,$0"/><instruction code="OR $0,$0,0"/><instruction code="ADD $0,$2,$0"/><instruction code="OR $2,$0,0"/><instruction code="OR $1,$253,0"/><instruction code="SETL $0,8"/><instruction code="INCML $0,0"/><instruction code="INCMH $0,0"/><instruction code="INCH $0,0"/><instruction code="OR $0,$0,0"/><instruction code="ADD $0,$1,$0"/><instruction code="OR $0,$0,0"/><instruction code="LDO $0,$0,0"/><instruction code="OR $1,$0,0"/><instruction code="SETL $0,8"/><instruction code="INCML $0,0"/><instruction code="INCMH $0,0"/><instruction code="INCH $0,0"/><instruction code="OR $0,$0,0"/><instruction code="MUL $0,$1,$0"/><instruction code="OR $0,$0,0"/><instruction code="ADD $0,$2,$0"/><instruction code="OR $0,$0,0"/><instruction code="LDO $0,$0,0"/><instruction code="OR $1,$0,0"/><instruction code="SETL $0,8"/><instruction code="INCML $0,0"/><instruction code="INCMH $0,0"/><instruction code="INCH $0,0"/><instruction code="OR $0,$0,0"/><instruction code="MUL $0,$1,$0"/><instruction code="OR $0,$0,0"/><instruction code="ADD $0,$3,$0"/><instruction code="OR $1,$0,0"/><instruction code="SETL $0,1"/><instruction code="INCML $0,0"/><instruction code="INCMH $0,0"/><instruction code="INCH $0,0"/><instruction code="OR $0,$0,0"/><instruction code="STO $0,$1,0"/><instruction code="L78"/><instruction code="L80"/><instruction code="OR $1,$253,0"/><instruction code="SETL $0,88"/><instruction code="INCML $0,0"/><instruction code="INCMH $0,0"/><instruction code="INCH $0,0"/><instruction code="NEG $0,0,$0"/><instruction code="OR $0,$0,0"/><instruction code="ADD $0,$1,$0"/><instruction code="OR $2,$0,0"/><instruction code="OR $1,$253,0"/><instruction code="SETL $0,88"/><instruction code="INCML $0,0"/><instruction code="INCMH $0,0"/><instruction code="INCH $0,0"/><instruction code="NEG $0,0,$0"/><instruction code="OR $0,$0,0"/><instruction code="ADD $0,$1,$0"/><instruction code="OR $0,$0,0"/><instruction code="LDO $0,$0,0"/><instruction code="OR $1,$0,0"/><instruction code="SETL $0,1"/><instruction code="INCML $0,0"/><instruction code="INCMH $0,0"/><instruction code="INCH $0,0"/><instruction code="OR $0,$0,0"/><instruction code="ADD $0,$1,$0"/><instruction code="OR $0,$0,0"/><instruction code="STO $0,$2,0"/><instruction code="JMP L81"/><instruction code="L83"/><instruction code="OR $1,$253,0"/><instruction code="SETL $0,96"/><instruction code="INCML $0,0"/><instruction code="INCMH $0,0"/><instruction code="INCH $0,0"/><instruction code="NEG $0,0,$0"/><instruction code="OR $0,$0,0"/><instruction code="ADD $0,$1,$0"/><instruction code="OR $0,$0,0"/><instruction code="LDO $0,$0,0"/><instruction code="OR $0,$0,0"/><instruction code="OR $0,$0,0"/><instruction code="JMP L159"/></instructions></code><code entrylabel="L165" exitlabel="L166" tempsize="0"><frame FP="T26" RV="T27" argssize="0" depth="2" label="L3" locssize="112" size="128"/><instructions><instruction code="L165"/><instruction code="OR $1,$253,0"/><instruction code="SETL $0,112"/><instruction code="INCML $0,0"/><instruction code="INCMH $0,0"/><instruction code="INCH $0,0"/><instruction code="NEG $0,0,$0"/><instruction code="OR $0,$0,0"/><instruction code="ADD $0,$1,$0"/><instruction code="OR $1,$0,0"/><instruction code="SETL $0,1"/><instruction code="INCML $0,0"/><instruction code="INCMH $0,0"/><instruction code="INCH $0,0"/><instruction code="OR $0,$0,0"/><instruction code="STO $0,$1,0"/><instruction code="OR $1,$253,0"/><instruction code="SETL $0,104"/><instruction code="INCML $0,0"/><instruction code="INCMH $0,0"/><instruction code="INCH $0,0"/><instruction code="NEG $0,0,$0"/><instruction code="OR $0,$0,0"/><instruction code="ADD $0,$1,$0"/><instruction code="OR $1,$0,0"/><instruction code="SETL $0,1"/><instruction code="INCML $0,0"/><instruction code="INCMH $0,0"/><instruction code="INCH $0,0"/><instruction code="OR $0,$0,0"/><instruction code="STO $0,$1,0"/><instruction code="L84"/><instruction code="OR $1,$253,0"/><instruction code="SETL $0,104"/><instruction code="INCML $0,0"/><instruction code="INCMH $0,0"/><instruction code="INCH $0,0"/><instruction code="NEG $0,0,$0"/><instruction code="OR $0,$0,0"/><instruction code="ADD $0,$1,$0"/><instruction code="OR $0,$0,0"/><instruction code="LDO $0,$0,0"/><instruction code="OR $1,$0,0"/><instruction code="SETL $0,9"/><instruction code="INCML $0,0"/><instruction code="INCMH $0,0"/><instruction code="INCH $0,0"/><instruction code="OR $0,$0,0"/><instruction code="CMP $0,$1,$0"/><instruction code="ZSNP $0,$0,1"/><instruction code="OR $0,$0,0"/><instruction code="BNZ $0,L85"/><instruction code="L160"/><instruction code="JMP L86"/><instruction code="L85"/><instruction code="OR $1,$253,0"/><instruction code="SETL $0,80"/><instruction code="INCML $0,0"/><instruction code="INCMH $0,0"/><instruction code="INCH $0,0"/><instruction code="NEG $0,0,$0"/><instruction code="OR $0,$0,0"/><instruction code="ADD $0,$1,$0"/><instruction code="OR $2,$0,0"/><instruction code="OR $1,$253,0"/><instruction code="SETL $0,104"/><instruction code="INCML $0,0"/><instruction code="INCMH $0,0"/><instruction code="INCH $0,0"/><instruction code="NEG $0,0,$0"/><instruction code="OR $0,$0,0"/><instruction code="ADD $0,$1,$0"/><instruction code="OR $0,$0,0"/><instruction code="LDO $0,$0,0"/><instruction code="OR $1,$0,0"/><instruction code="SETL $0,8"/><instruction code="INCML $0,0"/><instruction code="INCMH $0,0"/><instruction code="INCH $0,0"/><instruction code="OR $0,$0,0"/><instruction code="MUL $0,$1,$0"/><instruction code="OR $0,$0,0"/><instruction code="ADD $0,$2,$0"/><instruction code="OR $1,$0,0"/><instruction code="SETL $0,0"/><instruction code="INCML $0,0"/><instruction code="INCMH $0,0"/><instruction code="INCH $0,0"/><instruction code="OR $0,$0,0"/><instruction code="STO $0,$1,0"/><instruction code="OR $1,$253,0"/><instruction code="SETL $0,104"/><instruction code="INCML $0,0"/><instruction code="INCMH $0,0"/><instruction code="INCH $0,0"/><instruction code="NEG $0,0,$0"/><instruction code="OR $0,$0,0"/><instruction code="ADD $0,$1,$0"/><instruction code="OR $2,$0,0"/><instruction code="OR $1,$253,0"/><instruction code="SETL $0,104"/><instruction code="INCML $0,0"/><instruction code="INCMH $0,0"/><instruction code="INCH $0,0"/><instruction code="NEG $0,0,$0"/><instruction code="OR $0,$0,0"/><instruction code="ADD $0,$1,$0"/><instruction code="OR $0,$0,0"/><instruction code="LDO $0,$0,0"/><instruction code="OR $1,$0,0"/><instruction code="SETL $0,1"/><instruction code="INCML $0,0"/><instruction code="INCMH $0,0"/><instruction code="INCH $0,0"/><instruction code="OR $0,$0,0"/><instruction code="ADD $0,$1,$0"/><instruction code="OR $0,$0,0"/><instruction code="STO $0,$2,0"/><instruction code="JMP L84"/><instruction code="L86"/><instruction code="OR $1,$253,0"/><instruction code="SETL $0,96"/><instruction code="INCML $0,0"/><instruction code="INCMH $0,0"/><instruction code="INCH $0,0"/><instruction code="NEG $0,0,$0"/><instruction code="OR $0,$0,0"/><instruction code="ADD $0,$1,$0"/><instruction code="OR $1,$0,0"/><instruction code="SETL $0,0"/><instruction code="INCML $0,0"/><instruction code="INCMH $0,0"/><instruction code="INCH $0,0"/><instruction code="OR $0,$0,0"/><instruction code="STO $0,$1,0"/><instruction code="L95"/><instruction code="OR $1,$253,0"/><instruction code="SETL $0,96"/><instruction code="INCML $0,0"/><instruction code="INCMH $0,0"/><instruction code="INCH $0,0"/><instruction code="NEG $0,0,$0"/><instruction code="OR $0,$0,0"/><instruction code="ADD $0,$1,$0"/><instruction code="OR $0,$0,0"/><instruction code="LDO $0,$0,0"/><instruction code="OR $1,$0,0"/><instruction code="SETL $0,3"/><instruction code="INCML $0,0"/><instruction code="INCMH $0,0"/><instruction code="INCH $0,0"/><instruction code="OR $0,$0,0"/><instruction code="CMP $0,$1,$0"/><instruction code="ZSN $0,$0,1"/><instruction code="OR $0,$0,0"/><instruction code="BNZ $0,L96"/><instruction code="L161"/><instruction code="JMP L97"/><instruction code="L96"/><instruction code="OR $1,$253,0"/><instruction code="SETL $0,88"/><instruction code="INCML $0,0"/><instruction code="INCMH $0,0"/><instruction code="INCH $0,0"/><instruction code="NEG $0,0,$0"/><instruction code="OR $0,$0,0"/><instruction code="ADD $0,$1,$0"/><instruction code="OR $1,$0,0"/><instruction code="SETL $0,0"/><instruction code="INCML $0,0"/><instruction code="INCMH $0,0"/><instruction code="INCH $0,0"/><instruction code="OR $0,$0,0"/><instruction code="STO $0,$1,0"/><instruction code="L92"/><instruction code="OR $1,$253,0"/><instruction code="SETL $0,88"/><instruction code="INCML $0,0"/><instruction code="INCMH $0,0"/><instruction code="INCH $0,0"/><instruction code="NEG $0,0,$0"/><instruction code="OR $0,$0,0"/><instruction code="ADD $0,$1,$0"/><instruction code="OR $0,$0,0"/><instruction code="LDO $0,$0,0"/><instruction code="OR $1,$0,0"/><instruction code="SETL $0,3"/><instruction code="INCML $0,0"/><instruction code="INCMH $0,0"/><instruction code="INCH $0,0"/><instruction code="OR $0,$0,0"/><instruction code="CMP $0,$1,$0"/><instruction code="ZSN $0,$0,1"/><instruction code="OR $0,$0,0"/><instruction code="BNZ $0,L93"/><instruction code="L162"/><instruction code="JMP L94"/><instruction code="L93"/><instruction code="OR $0,$253,0"/><instruction code="LDO $0,$0,0"/><instruction code="OR $1,$0,0"/><instruction code="SETL $0,8"/><instruction code="INCML $0,0"/><instruction code="INCMH $0,0"/><instruction code="INCH $0,0"/><instruction code="OR $0,$0,0"/><instruction code="ADD $0,$1,$0"/><instruction code="OR $0,$0,0"/><instruction code="LDO $0,$0,0"/><instruction code="OR $3,$0,0"/><instruction code="OR $1,$253,0"/><instruction code="SETL $0,16"/><instruction code="INCML $0,0"/><instruction code="INCMH $0,0"/><instruction code="INCH $0,0"/><instruction code="OR $0,$0,0"/><instruction code="ADD $0,$1,$0"/><instruction code="OR $0,$0,0"/><instruction code="LDO $0,$0,0"/><instruction code="OR $1,$0,0"/><instruction code="SETL $0,3"/><instruction code="INCML $0,0"/><instruction code="INCMH $0,0"/><instruction code="INCH $0,0"/><instruction code="OR $0,$0,0"/><instruction code="MUL $0,$1,$0"/><instruction code="OR $2,$0,0"/><instruction code="OR $1,$253,0"/><instruction code="SETL $0,96"/><instruction code="INCML $0,0"/><instruction code="INCMH $0,0"/><instruction code="INCH $0,0"/><instruction code="NEG $0,0,$0"/><instruction code="OR $0,$0,0"/><instruction code="ADD $0,$1,$0"/><instruction code="OR $0,$0,0"/><instruction code="LDO $0,$0,0"/><instruction code="OR $0,$0,0"/><instruction code="ADD $0,$2,$0"/><instruction code="OR $1,$0,0"/><instruction code="SETL $0,72"/><instruction code="INCML $0,0"/><instruction code="INCMH $0,0"/><instruction code="INCH $0,0"/><instruction code="OR $0,$0,0"/><instruction code="MUL $0,$1,$0"/><instruction code="OR $0,$0,0"/><instruction code="ADD $0,$3,$0"/><instruction code="OR $3,$0,0"/><instruction code="OR $1,$253,0"/><instruction code="SETL $0,8"/><instruction code="INCML $0,0"/><instruction code="INCMH $0,0"/><instruction code="INCH $0,0"/><instruction code="OR $0,$0,0"/><instruction code="ADD $0,$1,$0"/><instruction code="OR $0,$0,0"/><instruction code="LDO $0,$0,0"/><instruction code="OR $1,$0,0"/><instruction code="SETL $0,3"/><instruction code="INCML $0,0"/><instruction code="INCMH $0,0"/><instruction code="INCH $0,0"/><instruction code="OR $0,$0,0"/><instruction code="MUL $0,$1,$0"/><instruction code="OR $2,$0,0"/><instruction code="OR $1,$253,0"/><instruction code="SETL $0,88"/><instruction code="INCML $0,0"/><instruction code="INCMH $0,0"/><instruction code="INCH $0,0"/><instruction code="NEG $0,0,$0"/><instruction code="OR $0,$0,0"/><instruction code="ADD $0,$1,$0"/><instruction code="OR $0,$0,0"/><instruction code="LDO $0,$0,0"/><instruction code="OR $0,$0,0"/><instruction code="ADD $0,$2,$0"/><instruction code="OR $1,$0,0"/><instruction code="SETL $0,8"/><instruction code="INCML $0,0"/><instruction code="INCMH $0,0"/><instruction code="INCH $0,0"/><instruction code="OR $0,$0,0"/><instruction code="MUL $0,$1,$0"/><instruction code="OR $0,$0,0"/><instruction code="ADD $0,$3,$0"/><instruction code="OR $0,$0,0"/><instruction code="LDO $0,$0,0"/><instruction code="OR $1,$0,0"/><instruction code="SETL $0,0"/><instruction code="INCML $0,0"/><instruction code="INCMH $0,0"/><instruction code="INCH $0,0"/><instruction code="OR $0,$0,0"/><instruction code="CMP $0,$1,$0"/><instruction code="ZSNZ $0,$0,1"/><instruction code="OR $0,$0,0"/><instruction code="BNZ $0,L90"/><instruction code="L163"/><instruction code="JMP L91"/><instruction code="L90"/><instruction code="OR $1,$253,0"/><instruction code="SETL $0,80"/><instruction code="INCML $0,0"/><instruction code="INCMH $0,0"/><instruction code="INCH $0,0"/><instruction code="NEG $0,0,$0"/><instruction code="OR $0,$0,0"/><instruction code="ADD $0,$1,$0"/><instruction code="OR $4,$0,0"/><instruction code="OR $0,$253,0"/><instruction code="LDO $0,$0,0"/><instruction code="OR $1,$0,0"/><instruction code="SETL $0,8"/><instruction code="INCML $0,0"/><instruction code="INCMH $0,0"/><instruction code="INCH $0,0"/><instruction code="OR $0,$0,0"/><instruction code="ADD $0,$1,$0"/><instruction code="OR $0,$0,0"/><instruction code="LDO $0,$0,0"/><instruction code="OR $3,$0,0"/><instruction code="OR $1,$253,0"/><instruction code="SETL $0,16"/><instruction code="INCML $0,0"/><instruction code="INCMH $0,0"/><instruction code="INCH $0,0"/><instruction code="OR $0,$0,0"/><instruction code="ADD $0,$1,$0"/><instruction code="OR $0,$0,0"/><instruction code="LDO $0,$0,0"/><instruction code="OR $1,$0,0"/><instruction code="SETL $0,3"/><instruction code="INCML $0,0"/><instruction code="INCMH $0,0"/><instruction code="INCH $0,0"/><instruction code="OR $0,$0,0"/><instruction code="MUL $0,$1,$0"/><instruction code="OR $2,$0,0"/><instruction code="OR $1,$253,0"/><instruction code="SETL $0,96"/><instruction code="INCML $0,0"/><instruction code="INCMH $0,0"/><instruction code="INCH $0,0"/><instruction code="NEG $0,0,$0"/><instruction code="OR $0,$0,0"/><instruction code="ADD $0,$1,$0"/><instruction code="OR $0,$0,0"/><instruction code="LDO $0,$0,0"/><instruction code="OR $0,$0,0"/><instruction code="ADD $0,$2,$0"/><instruction code="OR $1,$0,0"/><instruction code="SETL $0,72"/><instruction code="INCML $0,0"/><instruction code="INCMH $0,0"/><instruction code="INCH $0,0"/><instruction code="OR $0,$0,0"/><instruction code="MUL $0,$1,$0"/><instruction code="OR $0,$0,0"/><instruction code="ADD $0,$3,$0"/><instruction code="OR $3,$0,0"/><instruction code="OR $1,$253,0"/><instruction code="SETL $0,8"/><instruction code="INCML $0,0"/><instruction code="INCMH $0,0"/><instruction code="INCH $0,0"/><instruction code="OR $0,$0,0"/><instruction code="ADD $0,$1,$0"/><instruction code="OR $0,$0,0"/><instruction code="LDO $0,$0,0"/><instruction code="OR $1,$0,0"/><instruction code="SETL $0,3"/><instruction code="INCML $0,0"/><instruction code="INCMH $0,0"/><instruction code="INCH $0,0"/><instruction code="OR $0,$0,0"/><instruction code="MUL $0,$1,$0"/><instruction code="OR $2,$0,0"/><instruction code="OR $1,$253,0"/><instruction code="SETL $0,88"/><instruction code="INCML $0,0"/><instruction code="INCMH $0,0"/><instruction code="INCH $0,0"/><instruction code="NEG $0,0,$0"/><instruction code="OR $0,$0,0"/><instruction code="ADD $0,$1,$0"/><instruction code="OR $0,$0,0"/><instruction code="LDO $0,$0,0"/><instruction code="OR $0,$0,0"/><instruction code="ADD $0,$2,$0"/><instruction code="OR $1,$0,0"/><instruction code="SETL $0,8"/><instruction code="INCML $0,0"/><instruction code="INCMH $0,0"/><instruction code="INCH $0,0"/><instruction code="OR $0,$0,0"/><instruction code="MUL $0,$1,$0"/><instruction code="OR $0,$0,0"/><instruction code="ADD $0,$3,$0"/><instruction code="OR $0,$0,0"/><instruction code="LDO $0,$0,0"/><instruction code="OR $1,$0,0"/><instruction code="SETL $0,8"/><instruction code="INCML $0,0"/><instruction code="INCMH $0,0"/><instruction code="INCH $0,0"/><instruction code="OR $0,$0,0"/><instruction code="MUL $0,$1,$0"/><instruction code="OR $0,$0,0"/><instruction code="ADD $0,$4,$0"/><instruction code="OR $0,$0,0"/><instruction code="LDO $0,$0,0"/><instruction code="OR $0,$0,0"/><instruction code="BNZ $0,L87"/><instruction code="L164"/><instruction code="JMP L88"/><instruction code="L87"/><instruction code="OR $1,$253,0"/><instruction code="SETL $0,112"/><instruction code="INCML $0,0"/><instruction code="INCMH $0,0"/><instruction code="INCH $0,0"/><instruction code="NEG $0,0,$0"/><instruction code="OR $0,$0,0"/><instruction code="ADD $0,$1,$0"/><instruction code="OR $1,$0,0"/><instruction code="SETL $0,0"/><instruction code="INCML $0,0"/><instruction code="INCMH $0,0"/><instruction code="INCH $0,0"/><instruction code="OR $0,$0,0"/><instruction code="STO $0,$1,0"/><instruction code="JMP L89"/><instruction code="L88"/><instruction code="OR $1,$253,0"/><instruction code="SETL $0,80"/><instruction code="INCML $0,0"/><instruction code="INCMH $0,0"/><instruction code="INCH $0,0"/><instruction code="NEG $0,0,$0"/><instruction code="OR $0,$0,0"/><instruction code="ADD $0,$1,$0"/><instruction code="OR $4,$0,0"/><instruction code="OR $0,$253,0"/><instruction code="LDO $0,$0,0"/><instruction code="OR $1,$0,0"/><instruction code="SETL $0,8"/><instruction code="INCML $0,0"/><instruction code="INCMH $0,0"/><instruction code="INCH $0,0"/><instruction code="OR $0,$0,0"/><instruction code="ADD $0,$1,$0"/><instruction code="OR $0,$0,0"/><instruction code="LDO $0,$0,0"/><instruction code="OR $3,$0,0"/><instruction code="OR $1,$253,0"/><instruction code="SETL $0,16"/><instruction code="INCML $0,0"/><instruction code="INCMH $0,0"/><instruction code="INCH $0,0"/><instruction code="OR $0,$0,0"/><instruction code="ADD $0,$1,$0"/><instruction code="OR $0,$0,0"/><instruction code="LDO $0,$0,0"/><instruction code="OR $1,$0,0"/><instruction code="SETL $0,3"/><instruction code="INCML $0,0"/><instruction code="INCMH $0,0"/><instruction code="INCH $0,0"/><instruction code="OR $0,$0,0"/><instruction code="MUL $0,$1,$0"/><instruction code="OR $2,$0,0"/><instruction code="OR $1,$253,0"/><instruction code="SETL $0,96"/><instruction code="INCML $0,0"/><instruction code="INCMH $0,0"/><instruction code="INCH $0,0"/><instruction code="NEG $0,0,$0"/><instruction code="OR $0,$0,0"/><instruction code="ADD $0,$1,$0"/><instruction code="OR $0,$0,0"/><instruction code="LDO $0,$0,0"/><instruction code="OR $0,$0,0"/><instruction code="ADD $0,$2,$0"/><instruction code="OR $1,$0,0"/><instruction code="SETL $0,72"/><instruction code="INCML $0,0"/><instruction code="INCMH $0,0"/><instruction code="INCH $0,0"/><instruction code="OR $0,$0,0"/><instruction code="MUL $0,$1,$0"/><instruction code="OR $0,$0,0"/><instruction code="ADD $0,$3,$0"/><instruction code="OR $3,$0,0"/><instruction code="OR $1,$253,0"/><instruction code="SETL $0,8"/><instruction code="INCML $0,0"/><instruction code="INCMH $0,0"/><instruction code="INCH $0,0"/><instruction code="OR $0,$0,0"/><instruction code="ADD $0,$1,$0"/><instruction code="OR $0,$0,0"/><instruction code="LDO $0,$0,0"/><instruction code="OR $1,$0,0"/><instruction code="SETL $0,3"/><instruction code="INCML $0,0"/><instruction code="INCMH $0,0"/><instruction code="INCH $0,0"/><instruction code="OR $0,$0,0"/><instruction code="MUL $0,$1,$0"/><instruction code="OR $2,$0,0"/><instruction code="OR $1,$253,0"/><instruction code="SETL $0,88"/><instruction code="INCML $0,0"/><instruction code="INCMH $0,0"/><instruction code="INCH $0,0"/><instruction code="NEG $0,0,$0"/><instruction code="OR $0,$0,0"/><instruction code="ADD $0,$1,$0"/><instruction code="OR $0,$0,0"/><instruction code="LDO $0,$0,0"/><instruction code="OR $0,$0,0"/><instruction code="ADD $0,$2,$0"/><instruction code="OR $1,$0,0"/><instruction code="SETL $0,8"/><instruction code="INCML $0,0"/><instruction code="INCMH $0,0"/><instruction code="INCH $0,0"/><instruction code="OR $0,$0,0"/><instruction code="MUL $0,$1,$0"/><instruction code="OR $0,$0,0"/><instruction code="ADD $0,$3,$0"/><instruction code="OR $0,$0,0"/><instruction code="LDO $0,$0,0"/><instruction code="OR $1,$0,0"/><instruction code="SETL $0,8"/><instruction code="INCML $0,0"/><instruction code="INCMH $0,0"/><instruction code="INCH $0,0"/><instruction code="OR $0,$0,0"/><instruction code="MUL $0,$1,$0"/><instruction code="OR $0,$0,0"/><instruction code="ADD $0,$4,$0"/><instruction code="OR $1,$0,0"/><instruction code="SETL $0,1"/><instruction code="INCML $0,0"/><instruction code="INCMH $0,0"/><instruction code="INCH $0,0"/><instruction code="OR $0,$0,0"/><instruction code="STO $0,$1,0"/><instruction code="L89"/><instruction code="L91"/><instruction code="OR $1,$253,0"/><instruction code="SETL $0,88"/><instruction code="INCML $0,0"/><instruction code="INCMH $0,0"/><instruction code="INCH $0,0"/><instruction code="NEG $0,0,$0"/><instruction code="OR $0,$0,0"/><instruction code="ADD $0,$1,$0"/><instruction code="OR $2,$0,0"/><instruction code="OR $1,$253,0"/><instruction code="SETL $0,88"/><instruction code="INCML $0,0"/><instruction code="INCMH $0,0"/><instruction code="INCH $0,0"/><instruction code="NEG $0,0,$0"/><instruction code="OR $0,$0,0"/><instruction code="ADD $0,$1,$0"/><instruction code="OR $0,$0,0"/><instruction code="LDO $0,$0,0"/><instruction code="OR $1,$0,0"/><instruction code="SETL $0,1"/><instruction code="INCML $0,0"/><instruction code="INCMH $0,0"/><instruction code="INCH $0,0"/><instruction code="OR $0,$0,0"/><instruction code="ADD $0,$1,$0"/><instruction code="OR $0,$0,0"/><instruction code="STO $0,$2,0"/><instruction code="JMP L92"/><instruction code="L94"/><instruction code="OR $1,$253,0"/><instruction code="SETL $0,96"/><instruction code="INCML $0,0"/><instruction code="INCMH $0,0"/><instruction code="INCH $0,0"/><instruction code="NEG $0,0,$0"/><instruction code="OR $0,$0,0"/><instruction code="ADD $0,$1,$0"/><instruction code="OR $2,$0,0"/><instruction code="OR $1,$253,0"/><instruction code="SETL $0,96"/><instruction code="INCML $0,0"/><instruction code="INCMH $0,0"/><instruction code="INCH $0,0"/><instruction code="NEG $0,0,$0"/><instruction code="OR $0,$0,0"/><instruction code="ADD $0,$1,$0"/><instruction code="OR $0,$0,0"/><instruction code="LDO $0,$0,0"/><instruction code="OR $1,$0,0"/><instruction code="SETL $0,1"/><instruction code="INCML $0,0"/><instruction code="INCMH $0,0"/><instruction code="INCH $0,0"/><instruction code="OR $0,$0,0"/><instruction code="ADD $0,$1,$0"/><instruction code="OR $0,$0,0"/><instruction code="STO $0,$2,0"/><instruction code="JMP L95"/><instruction code="L97"/><instruction code="OR $1,$253,0"/><instruction code="SETL $0,112"/><instruction code="INCML $0,0"/><instruction code="INCMH $0,0"/><instruction code="INCH $0,0"/><instruction code="NEG $0,0,$0"/><instruction code="OR $0,$0,0"/><instruction code="ADD $0,$1,$0"/><instruction code="OR $0,$0,0"/><instruction code="LDO $0,$0,0"/><instruction code="OR $0,$0,0"/><instruction code="OR $0,$0,0"/><instruction code="JMP L166"/></instructions></code><code entrylabel="L174" exitlabel="L175" tempsize="0"><frame FP="T28" RV="T29" argssize="24" depth="2" label="L4" locssize="32" size="72"/><instructions><instruction code="L174"/><instruction code="OR $1,$253,0"/><instruction code="SETL $0,8"/><instruction code="INCML $0,0"/><instruction code="INCMH $0,0"/><instruction code="INCH $0,0"/><instruction code="OR $0,$0,0"/><instruction code="ADD $0,$1,$0"/><instruction code="OR $0,$0,0"/><instruction code="LDO $0,$0,0"/><instruction code="OR $2,$0,0"/><instruction code="OR $1,$253,0"/><instruction code="SETL $0,16"/><instruction code="INCML $0,0"/><instruction code="INCMH $0,0"/><instruction code="INCH $0,0"/><instruction code="OR $0,$0,0"/><instruction code="ADD $0,$1,$0"/><instruction code="OR $0,$0,0"/><instruction code="LDO $0,$0,0"/><instruction code="OR $0,$0,0"/><instruction code="CMP $0,$2,$0"/><instruction code="ZSZ $0,$0,1"/><instruction code="OR $0,$0,0"/><instruction code="BNZ $0,L114"/><instruction code="L167"/><instruction code="JMP L115"/><instruction code="L114"/><instruction code="SETL $0,1"/><instruction code="INCML $0,0"/><instruction code="INCMH $0,0"/><instruction code="INCH $0,0"/><instruction code="OR $0,$0,0"/><instruction code="BNZ $0,L104"/><instruction code="L168"/><instruction code="JMP L105"/><instruction code="L104"/><instruction code="OR $1,$253,0"/><instruction code="SETL $0,16"/><instruction code="INCML $0,0"/><instruction code="INCMH $0,0"/><instruction code="INCH $0,0"/><instruction code="NEG $0,0,$0"/><instruction code="OR $0,$0,0"/><instruction code="ADD $0,$1,$0"/><instruction code="OR $1,$0,0"/><instruction code="SETL $0,0"/><instruction code="INCML $0,0"/><instruction code="INCMH $0,0"/><instruction code="INCH $0,0"/><instruction code="OR $0,$0,0"/><instruction code="STO $0,$1,0"/><instruction code="L101"/><instruction code="OR $1,$253,0"/><instruction code="SETL $0,16"/><instruction code="INCML $0,0"/><instruction code="INCMH $0,0"/><instruction code="INCH $0,0"/><instruction code="NEG $0,0,$0"/><instruction code="OR $0,$0,0"/><instruction code="ADD $0,$1,$0"/><instruction code="OR $0,$0,0"/><instruction code="LDO $0,$0,0"/><instruction code="OR $1,$0,0"/><instruction code="SETL $0,9"/><instruction code="INCML $0,0"/><instruction code="INCMH $0,0"/><instruction code="INCH $0,0"/><instruction code="OR $0,$0,0"/><instruction code="CMP $0,$1,$0"/><instruction code="ZSN $0,$0,1"/><instruction code="OR $0,$0,0"/><instruction code="BNZ $0,L102"/><instruction code="L169"/><instruction code="JMP L103"/><instruction code="L102"/><instruction code="OR $1,$253,0"/><instruction code="SETL $0,24"/><instruction code="INCML $0,0"/><instruction code="INCMH $0,0"/><instruction code="INCH $0,0"/><instruction code="NEG $0,0,$0"/><instruction code="OR $0,$0,0"/><instruction code="ADD $0,$1,$0"/><instruction code="OR $1,$0,0"/><instruction code="SETL $0,0"/><instruction code="INCML $0,0"/><instruction code="INCMH $0,0"/><instruction code="INCH $0,0"/><instruction code="OR $0,$0,0"/><instruction code="STO $0,$1,0"/><instruction code="L98"/><instruction code="OR $1,$253,0"/><instruction code="SETL $0,24"/><instruction code="INCML $0,0"/><instruction code="INCMH $0,0"/><instruction code="INCH $0,0"/><instruction code="NEG $0,0,$0"/><instruction code="OR $0,$0,0"/><instruction code="ADD $0,$1,$0"/><instruction code="OR $0,$0,0"/><instruction code="LDO $0,$0,0"/><instruction code="OR $1,$0,0"/><instruction code="SETL $0,9"/><instruction code="INCML $0,0"/><instruction code="INCMH $0,0"/><instruction code="INCH $0,0"/><instruction code="OR $0,$0,0"/><instruction code="CMP $0,$1,$0"/><instruction code="ZSN $0,$0,1"/><instruction code="OR $0,$0,0"/><instruction code="BNZ $0,L99"/><instruction code="L170"/><instruction code="JMP L100"/><instruction code="L99"/><instruction code="SETL $0,0"/><instruction code="INCML $0,0"/><instruction code="INCMH $0,0"/><instruction code="INCH $0,0"/><instruction code="OR $3,$0,0"/><instruction code="OR $0,$253,0"/><instruction code="LDO $0,$0,0"/><instruction code="OR $1,$0,0"/><instruction code="SETL $0,8"/><instruction code="INCML $0,0"/><instruction code="INCMH $0,0"/><instruction code="INCH $0,0"/><instruction code="OR $0,$0,0"/><instruction code="ADD $0,$1,$0"/><instruction code="OR $0,$0,0"/><instruction code="LDO $0,$0,0"/><instruction code="OR $2,$0,0"/><instruction code="OR $1,$253,0"/><instruction code="SETL $0,16"/><instruction code="INCML $0,0"/><instruction code="INCMH $0,0"/><instruction code="INCH $0,0"/><instruction code="NEG $0,0,$0"/><instruction code="OR $0,$0,0"/><instruction code="ADD $0,$1,$0"/><instruction code="OR $0,$0,0"/><instruction code="LDO $0,$0,0"/><instruction code="OR $1,$0,0"/><instruction code="SETL $0,72"/><instruction code="INCML $0,0"/><instruction code="INCMH $0,0"/><instruction code="INCH $0,0"/><instruction code="OR $0,$0,0"/><instruction code="MUL $0,$1,$0"/><instruction code="OR $0,$0,0"/><instruction code="ADD $0,$2,$0"/><instruction code="OR $2,$0,0"/><instruction code="OR $1,$253,0"/><instruction code="SETL $0,24"/><instruction code="INCML $0,0"/><instruction code="INCMH $0,0"/><instruction code="INCH $0,0"/><instruction code="NEG $0,0,$0"/><instruction code="OR $0,$0,0"/><instruction code="ADD $0,$1,$0"/><instruction code="OR $0,$0,0"/><instruction code="LDO $0,$0,0"/><instruction code="OR $1,$0,0"/><instruction code="SETL $0,8"/><instruction code="INCML $0,0"/><instruction code="INCMH $0,0"/><instruction code="INCH $0,0"/><instruction code="OR $0,$0,0"/><instruction code="MUL $0,$1,$0"/><instruction code="OR $0,$0,0"/><instruction code="ADD $0,$2,$0"/><instruction code="OR $0,$0,0"/><instruction code="LDO $0,$0,0"/><instruction code="OR $0,$0,0"/><instruction code="STO $3,$254,0"/><instruction code="STO $0,$254,8"/><instruction code="PUSHJ $8,_putInt"/><instruction code="LDO $0,$254,0"/><instruction code="OR $0,$0,0"/><instruction code="SETL $0,0"/><instruction code="INCML $0,0"/><instruction code="INCMH $0,0"/><instruction code="INCH $0,0"/><instruction code="OR $1,$0,0"/><instruction code="SETL $0,32"/><instruction code="INCML $0,0"/><instruction code="INCMH $0,0"/><instruction code="INCH $0,0"/><instruction code="OR $0,$0,0"/><instruction code="STO $1,$254,0"/><instruction code="STO $0,$254,8"/><instruction code="PUSHJ $8,_putChar"/><instruction code="LDO $0,$254,0"/><instruction code="OR $0,$0,0"/><instruction code="OR $1,$253,0"/><instruction code="SETL $0,24"/><instruction code="INCML $0,0"/><instruction code="INCMH $0,0"/><instruction code="INCH $0,0"/><instruction code="NEG $0,0,$0"/><instruction code="OR $0,$0,0"/><instruction code="ADD $0,$1,$0"/><instruction code="OR $2,$0,0"/><instruction code="OR $1,$253,0"/><instruction code="SETL $0,24"/><instruction code="INCML $0,0"/><instruction code="INCMH $0,0"/><instruction code="INCH $0,0"/><instruction code="NEG $0,0,$0"/><instruction code="OR $0,$0,0"/><instruction code="ADD $0,$1,$0"/><instruction code="OR $0,$0,0"/><instruction code="LDO $0,$0,0"/><instruction code="OR $1,$0,0"/><instruction code="SETL $0,1"/><instruction code="INCML $0,0"/><instruction code="INCMH $0,0"/><instruction code="INCH $0,0"/><instruction code="OR $0,$0,0"/><instruction code="ADD $0,$1,$0"/><instruction code="OR $0,$0,0"/><instruction code="STO $0,$2,0"/><instruction code="JMP L98"/><instruction code="L100"/><instruction code="SETL $0,0"/><instruction code="INCML $0,0"/><instruction code="INCMH $0,0"/><instruction code="INCH $0,0"/><instruction code="OR $2,$0,0"/><instruction code="SETL $0,10"/><instruction code="INCML $0,0"/><instruction code="INCMH $0,0"/><instruction code="INCH $0,0"/><instruction code="OR $1,$0,0"/><instruction code="SETL $0,256"/><instruction code="INCML $0,0"/><instruction code="INCMH $0,0"/><instruction code="INCH $0,0"/><instruction code="OR $0,$0,0"/><instruction code="DIV $0,$1,$0"/><instruction code="GET $0,rR"/><instruction code="OR $0,$0,0"/><instruction code="STO $2,$254,0"/><instruction code="STO $0,$254,8"/><instruction code="PUSHJ $8,_putChar"/><instruction code="LDO $0,$254,0"/><instruction code="OR $0,$0,0"/><instruction code="OR $1,$253,0"/><instruction code="SETL $0,16"/><instruction code="INCML $0,0"/><instruction code="INCMH $0,0"/><instruction code="INCH $0,0"/><instruction code="NEG $0,0,$0"/><instruction code="OR $0,$0,0"/><instruction code="ADD $0,$1,$0"/><instruction code="OR $2,$0,0"/><instruction code="OR $1,$253,0"/><instruction code="SETL $0,16"/><instruction code="INCML $0,0"/><instruction code="INCMH $0,0"/><instruction code="INCH $0,0"/><instruction code="NEG $0,0,$0"/><instruction code="OR $0,$0,0"/><instruction code="ADD $0,$1,$0"/><instruction code="OR $0,$0,0"/><instruction code="LDO $0,$0,0"/><instruction code="OR $1,$0,0"/><instruction code="SETL $0,1"/><instruction code="INCML $0,0"/><instruction code="INCMH $0,0"/><instruction code="INCH $0,0"/><instruction code="OR $0,$0,0"/><instruction code="ADD $0,$1,$0"/><instruction code="OR $0,$0,0"/><instruction code="STO $0,$2,0"/><instruction code="JMP L101"/><instruction code="L103"/><instruction code="SETL $0,0"/><instruction code="INCML $0,0"/><instruction code="INCMH $0,0"/><instruction code="INCH $0,0"/><instruction code="OR $2,$0,0"/><instruction code="SETL $0,10"/><instruction code="INCML $0,0"/><instruction code="INCMH $0,0"/><instruction code="INCH $0,0"/><instruction code="OR $1,$0,0"/><instruction code="SETL $0,256"/><instruction code="INCML $0,0"/><instruction code="INCMH $0,0"/><instruction code="INCH $0,0"/><instruction code="OR $0,$0,0"/><instruction code="DIV $0,$1,$0"/><instruction code="GET $0,rR"/><instruction code="OR $0,$0,0"/><instruction code="STO $2,$254,0"/><instruction code="STO $0,$254,8"/><instruction code="PUSHJ $8,_putChar"/><instruction code="LDO $0,$254,0"/><instruction code="OR $0,$0,0"/><instruction code="L105"/><instruction code="SETL $0,0"/><instruction code="INCML $0,0"/><instruction code="INCMH $0,0"/><instruction code="INCH $0,0"/><instruction code="OR $0,$0,0"/><instruction code="OR $0,$0,0"/><instruction code="OR $1,$253,0"/><instruction code="SETL $0,8"/><instruction code="INCML $0,0"/><instruction code="INCMH $0,0"/><instruction code="INCH $0,0"/><instruction code="NEG $0,0,$0"/><instruction code="OR $0,$0,0"/><instruction code="ADD $0,$1,$0"/><instruction code="OR $1,$0,0"/><instruction code="SETL $0,1"/><instruction code="INCML $0,0"/><instruction code="INCMH $0,0"/><instruction code="INCH $0,0"/><instruction code="OR $0,$0,0"/><instruction code="STO $0,$1,0"/><instruction code="JMP L116"/><instruction code="L115"/><instruction code="OR $0,$253,0"/><instruction code="LDO $0,$0,0"/><instruction code="OR $1,$0,0"/><instruction code="SETL $0,8"/><instruction code="INCML $0,0"/><instruction code="INCMH $0,0"/><instruction code="INCH $0,0"/><instruction code="NEG $0,0,$0"/><instruction code="OR $0,$0,0"/><instruction code="ADD $0,$1,$0"/><instruction code="OR $0,$0,0"/><instruction code="LDO $0,$0,0"/><instruction code="OR $2,$0,0"/><instruction code="OR $1,$253,0"/><instruction code="SETL $0,8"/><instruction code="INCML $0,0"/><instruction code="INCMH $0,0"/><instruction code="INCH $0,0"/><instruction code="OR $0,$0,0"/><instruction code="ADD $0,$1,$0"/><instruction code="OR $0,$0,0"/><instruction code="LDO $0,$0,0"/><instruction code="OR $1,$0,0"/><instruction code="SETL $0,8"/><instruction code="INCML $0,0"/><instruction code="INCMH $0,0"/><instruction code="INCH $0,0"/><instruction code="OR $0,$0,0"/><instruction code="MUL $0,$1,$0"/><instruction code="OR $0,$0,0"/><instruction code="ADD $0,$2,$0"/><instruction code="OR $0,$0,0"/><instruction code="LDO $0,$0,0"/><instruction code="OR $1,$0,0"/><instruction code="SETL $0,0"/><instruction code="INCML $0,0"/><instruction code="INCMH $0,0"/><instruction code="INCH $0,0"/><instruction code="OR $0,$0,0"/><instruction code="CMP $0,$1,$0"/><instruction code="ZSNZ $0,$0,1"/><instruction code="OR $0,$0,0"/><instruction code="BNZ $0,L111"/><instruction code="L171"/><instruction code="JMP L112"/><instruction code="L111"/><instruction code="OR $1,$253,0"/><instruction code="SETL $0,8"/><instruction code="INCML $0,0"/><instruction code="INCMH $0,0"/><instruction code="INCH $0,0"/><instruction code="NEG $0,0,$0"/><instruction code="OR $0,$0,0"/><instruction code="ADD $0,$1,$0"/><instruction code="OR $4,$0,0"/><instruction code="LDO $0,$253,0"/><instruction code="OR $3,$0,0"/><instruction code="OR $1,$253,0"/><instruction code="SETL $0,8"/><instruction code="INCML $0,0"/><instruction code="INCMH $0,0"/><instruction code="INCH $0,0"/><instruction code="OR $0,$0,0"/><instruction code="ADD $0,$1,$0"/><instruction code="OR $0,$0,0"/><instruction code="LDO $0,$0,0"/><instruction code="OR $1,$0,0"/><instruction code="SETL $0,1"/><instruction code="INCML $0,0"/><instruction code="INCMH $0,0"/><instruction code="INCH $0,0"/><instruction code="OR $0,$0,0"/><instruction code="ADD $0,$1,$0"/><instruction code="OR $2,$0,0"/><instruction code="OR $1,$253,0"/><instruction code="SETL $0,16"/><instruction code="INCML $0,0"/><instruction code="INCMH $0,0"/><instruction code="INCH $0,0"/><instruction code="OR $0,$0,0"/><instruction code="ADD $0,$1,$0"/><instruction code="OR $0,$0,0"/><instruction code="LDO $0,$0,0"/><instruction code="OR $0,$0,0"/><instruction code="STO $3,$254,0"/><instruction code="STO $2,$254,8"/><instruction code="STO $0,$254,16"/><instruction code="PUSHJ $8,L4"/><instruction code="LDO $0,$254,0"/><instruction code="OR $0,$0,0"/><instruction code="STO $0,$4,0"/><instruction code="JMP L113"/><instruction code="L112"/><instruction code="OR $1,$253,0"/><instruction code="SETL $0,8"/><instruction code="INCML $0,0"/><instruction code="INCMH $0,0"/><instruction code="INCH $0,0"/><instruction code="NEG $0,0,$0"/><instruction code="OR $0,$0,0"/><instruction code="ADD $0,$1,$0"/><instruction code="OR $1,$0,0"/><instruction code="SETL $0,0"/><instruction code="INCML $0,0"/><instruction code="INCMH $0,0"/><instruction code="INCH $0,0"/><instruction code="OR $0,$0,0"/><instruction code="STO $0,$1,0"/><instruction code="OR $1,$253,0"/><instruction code="SETL $0,32"/><instruction code="INCML $0,0"/><instruction code="INCMH $0,0"/><instruction code="INCH $0,0"/><instruction code="NEG $0,0,$0"/><instruction code="OR $0,$0,0"/><instruction code="ADD $0,$1,$0"/><instruction code="OR $1,$0,0"/><instruction code="SETL $0,1"/><instruction code="INCML $0,0"/><instruction code="INCMH $0,0"/><instruction code="INCH $0,0"/><instruction code="OR $0,$0,0"/><instruction code="STO $0,$1,0"/><instruction code="L108"/><instruction code="OR $1,$253,0"/><instruction code="SETL $0,32"/><instruction code="INCML $0,0"/><instruction code="INCMH $0,0"/><instruction code="INCH $0,0"/><instruction code="NEG $0,0,$0"/><instruction code="OR $0,$0,0"/><instruction code="ADD $0,$1,$0"/><instruction code="OR $0,$0,0"/><instruction code="LDO $0,$0,0"/><instruction code="OR $1,$0,0"/><instruction code="SETL $0,9"/><instruction code="INCML $0,0"/><instruction code="INCMH $0,0"/><instruction code="INCH $0,0"/><instruction code="OR $0,$0,0"/><instruction code="CMP $0,$1,$0"/><instruction code="ZSNP $0,$0,1"/><instruction code="OR $0,$0,0"/><instruction code="BNZ $0,L109"/><instruction code="L172"/><instruction code="JMP L110"/><instruction code="L109"/><instruction code="OR $0,$253,0"/><instruction code="LDO $0,$0,0"/><instruction code="OR $1,$0,0"/><instruction code="SETL $0,8"/><instruction code="INCML $0,0"/><instruction code="INCMH $0,0"/><instruction code="INCH $0,0"/><instruction code="NEG $0,0,$0"/><instruction code="OR $0,$0,0"/><instruction code="ADD $0,$1,$0"/><instruction code="OR $0,$0,0"/><instruction code="LDO $0,$0,0"/><instruction code="OR $2,$0,0"/><instruction code="OR $1,$253,0"/><instruction code="SETL $0,8"/><instruction code="INCML $0,0"/><instruction code="INCMH $0,0"/><instruction code="INCH $0,0"/><instruction code="OR $0,$0,0"/><instruction code="ADD $0,$1,$0"/><instruction code="OR $0,$0,0"/><instruction code="LDO $0,$0,0"/><instruction code="OR $1,$0,0"/><instruction code="SETL $0,8"/><instruction code="INCML $0,0"/><instruction code="INCMH $0,0"/><instruction code="INCH $0,0"/><instruction code="OR $0,$0,0"/><instruction code="MUL $0,$1,$0"/><instruction code="OR $0,$0,0"/><instruction code="ADD $0,$2,$0"/><instruction code="OR $2,$0,0"/><instruction code="OR $1,$253,0"/><instruction code="SETL $0,32"/><instruction code="INCML $0,0"/><instruction code="INCMH $0,0"/><instruction code="INCH $0,0"/><instruction code="NEG $0,0,$0"/><instruction code="OR $0,$0,0"/><instruction code="ADD $0,$1,$0"/><instruction code="OR $0,$0,0"/><instruction code="LDO $0,$0,0"/><instruction code="OR $0,$0,0"/><instruction code="STO $0,$2,0"/><instruction code="LDO $0,$253,0"/><instruction code="OR $2,$0,0"/><instruction code="OR $1,$253,0"/><instruction code="SETL $0,8"/><instruction code="INCML $0,0"/><instruction code="INCMH $0,0"/><instruction code="INCH $0,0"/><instruction code="OR $0,$0,0"/><instruction code="ADD $0,$1,$0"/><instruction code="OR $0,$0,0"/><instruction code="LDO $0,$0,0"/><instruction code="OR $1,$0,0"/><instruction code="SETL $0,9"/><instruction code="INCML $0,0"/><instruction code="INCMH $0,0"/><instruction code="INCH $0,0"/><instruction code="OR $0,$0,0"/><instruction code="DIV $0,$1,$0"/><instruction code="OR $0,$0,0"/><instruction code="STO $2,$254,0"/><instruction code="STO $0,$254,8"/><instruction code="PUSHJ $8,L1"/><instruction code="LDO $0,$254,0"/><instruction code="OR $3,$0,0"/><instruction code="LDO $0,$253,0"/><instruction code="OR $2,$0,0"/><instruction code="OR $1,$253,0"/><instruction code="SETL $0,8"/><instruction code="INCML $0,0"/><instruction code="INCMH $0,0"/><instruction code="INCH $0,0"/><instruction code="OR $0,$0,0"/><instruction code="ADD $0,$1,$0"/><instruction code="OR $0,$0,0"/><instruction code="LDO $0,$0,0"/><instruction code="OR $1,$0,0"/><instruction code="SETL $0,9"/><instruction code="INCML $0,0"/><instruction code="INCMH $0,0"/><instruction code="INCH $0,0"/><instruction code="OR $0,$0,0"/><instruction code="DIV $0,$1,$0"/><instruction code="GET $0,rR"/><instruction code="OR $0,$0,0"/><instruction code="STO $2,$254,0"/><instruction code="STO $0,$254,8"/><instruction code="PUSHJ $8,L2"/><instruction code="LDO $0,$254,0"/><instruction code="OR $0,$0,0"/><instruction code="AND $0,$3,$0"/><instruction code="OR $4,$0,0"/><instruction code="LDO $0,$253,0"/><instruction code="OR $3,$0,0"/><instruction code="OR $1,$253,0"/><instruction code="SETL $0,8"/><instruction code="INCML $0,0"/><instruction code="INCMH $0,0"/><instruction code="INCH $0,0"/><instruction code="OR $0,$0,0"/><instruction code="ADD $0,$1,$0"/><instruction code="OR $0,$0,0"/><instruction code="LDO $0,$0,0"/><instruction code="OR $1,$0,0"/><instruction code="SETL $0,9"/><instruction code="INCML $0,0"/><instruction code="INCMH $0,0"/><instruction code="INCH $0,0"/><instruction code="OR $0,$0,0"/><instruction code="DIV $0,$1,$0"/><instruction code="OR $1,$0,0"/><instruction code="SETL $0,3"/><instruction code="INCML $0,0"/><instruction code="INCMH $0,0"/><instruction code="INCH $0,0"/><instruction code="OR $0,$0,0"/><instruction code="DIV $0,$1,$0"/><instruction code="OR $2,$0,0"/><instruction code="OR $1,$253,0"/><instruction code="SETL $0,8"/><instruction code="INCML $0,0"/><instruction code="INCMH $0,0"/><instruction code="INCH $0,0"/><instruction code="OR $0,$0,0"/><instruction code="ADD $0,$1,$0"/><instruction code="OR $0,$0,0"/><instruction code="LDO $0,$0,0"/><instruction code="OR $1,$0,0"/><instruction code="SETL $0,9"/><instruction code="INCML $0,0"/><instruction code="INCMH $0,0"/><instruction code="INCH $0,0"/><instruction code="OR $0,$0,0"/><instruction code="DIV $0,$1,$0"/><instruction code="GET $0,rR"/><instruction code="OR $1,$0,0"/><instruction code="SETL $0,3"/><instruction code="INCML $0,0"/><instruction code="INCMH $0,0"/><instruction code="INCH $0,0"/><instruction code="OR $0,$0,0"/><instruction code="DIV $0,$1,$0"/><instruction code="OR $0,$0,0"/><instruction code="STO $3,$254,0"/><instruction code="STO $2,$254,8"/><instruction code="STO $0,$254,16"/><instruction code="PUSHJ $8,L3"/><instruction code="LDO $0,$254,0"/><instruction code="OR $0,$0,0"/><instruction code="AND $0,$4,$0"/><instruction code="OR $0,$0,0"/><instruction code="BNZ $0,L106"/><instruction code="L173"/><instruction code="JMP L107"/><instruction code="L106"/><instruction code="OR $1,$253,0"/><instruction code="SETL $0,8"/><instruction code="INCML $0,0"/><instruction code="INCMH $0,0"/><instruction code="INCH $0,0"/><instruction code="NEG $0,0,$0"/><instruction code="OR $0,$0,0"/><instruction code="ADD $0,$1,$0"/><instruction code="OR $5,$0,0"/><instruction code="OR $1,$253,0"/><instruction code="SETL $0,8"/><instruction code="INCML $0,0"/><instruction code="INCMH $0,0"/><instruction code="INCH $0,0"/><instruction code="NEG $0,0,$0"/><instruction code="OR $0,$0,0"/><instruction code="ADD $0,$1,$0"/><instruction code="OR $0,$0,0"/><instruction code="LDO $0,$0,0"/><instruction code="OR $4,$0,0"/><instruction code="LDO $0,$253,0"/><instruction code="OR $3,$0,0"/><instruction code="OR $1,$253,0"/><instruction code="SETL $0,8"/><instruction code="INCML $0,0"/><instruction code="INCMH $0,0"/><instruction code="INCH $0,0"/><instruction code="OR $0,$0,0"/><instruction code="ADD $0,$1,$0"/><instruction code="OR $0,$0,0"/><instruction code="LDO $0,$0,0"/><instruction code="OR $1,$0,0"/><instruction code="SETL $0,1"/><instruction code="INCML $0,0"/><instruction code="INCMH $0,0"/><instruction code="INCH $0,0"/><instruction code="OR $0,$0,0"/><instruction code="ADD $0,$1,$0"/><instruction code="OR $2,$0,0"/><instruction code="OR $1,$253,0"/><instruction code="SETL $0,16"/><instruction code="INCML $0,0"/><instruction code="INCMH $0,0"/><instruction code="INCH $0,0"/><instruction code="OR $0,$0,0"/><instruction code="ADD $0,$1,$0"/><instruction code="OR $0,$0,0"/><instruction code="LDO $0,$0,0"/><instruction code="OR $0,$0,0"/><instruction code="STO $3,$254,0"/><instruction code="STO $2,$254,8"/><instruction code="STO $0,$254,16"/><instruction code="PUSHJ $8,L4"/><instruction code="LDO $0,$254,0"/><instruction code="OR $0,$0,0"/><instruction code="ADD $0,$4,$0"/><instruction code="OR $0,$0,0"/><instruction code="STO $0,$5,0"/><instruction code="L107"/><instruction code="OR $0,$253,0"/><instruction code="LDO $0,$0,0"/><instruction code="OR $1,$0,0"/><instruction code="SETL $0,8"/><instruction code="INCML $0,0"/><instruction code="INCMH $0,0"/><instruction code="INCH $0,0"/><instruction code="NEG $0,0,$0"/><instruction code="OR $0,$0,0"/><instruction code="ADD $0,$1,$0"/><instruction code="OR $0,$0,0"/><instruction code="LDO $0,$0,0"/><instruction code="OR $2,$0,0"/><instruction code="OR $1,$253,0"/><instruction code="SETL $0,8"/><instruction code="INCML $0,0"/><instruction code="INCMH $0,0"/><instruction code="INCH $0,0"/><instruction code="OR $0,$0,0"/><instruction code="ADD $0,$1,$0"/><instruction code="OR $0,$0,0"/><instruction code="LDO $0,$0,0"/><instruction code="OR $1,$0,0"/><instruction code="SETL $0,8"/><instruction code="INCML $0,0"/><instruction code="INCMH $0,0"/><instruction code="INCH $0,0"/><instruction code="OR $0,$0,0"/><instruction code="MUL $0,$1,$0"/><instruction code="OR $0,$0,0"/><instruction code="ADD $0,$2,$0"/><instruction code="OR $1,$0,0"/><instruction code="SETL $0,0"/><instruction code="INCML $0,0"/><instruction code="INCMH $0,0"/><instruction code="INCH $0,0"/><instruction code="OR $0,$0,0"/><instruction code="STO $0,$1,0"/><instruction code="OR $1,$253,0"/><instruction code="SETL $0,32"/><instruction code="INCML $0,0"/><instruction code="INCMH $0,0"/><instruction code="INCH $0,0"/><instruction code="NEG $0,0,$0"/><instruction code="OR $0,$0,0"/><instruction code="ADD $0,$1,$0"/><instruction code="OR $2,$0,0"/><instruction code="OR $1,$253,0"/><instruction code="SETL $0,32"/><instruction code="INCML $0,0"/><instruction code="INCMH $0,0"/><instruction code="INCH $0,0"/><instruction code="NEG $0,0,$0"/><instruction code="OR $0,$0,0"/><instruction code="ADD $0,$1,$0"/><instruction code="OR $0,$0,0"/><instruction code="LDO $0,$0,0"/><instruction code="OR $1,$0,0"/><instruction code="SETL $0,1"/><instruction code="INCML $0,0"/><instruction code="INCMH $0,0"/><instruction code="INCH $0,0"/><instruction code="OR $0,$0,0"/><instruction code="ADD $0,$1,$0"/><instruction code="OR $0,$0,0"/><instruction code="STO $0,$2,0"/><instruction code="JMP L108"/><instruction code="L110"/><instruction code="SETL $0,0"/><instruction code="INCML $0,0"/><instruction code="INCMH $0,0"/><instruction code="INCH $0,0"/><instruction code="OR $0,$0,0"/><instruction code="OR $0,$0,0"/><instruction code="L113"/><instruction code="L116"/><instruction code="OR $1,$253,0"/><instruction code="SETL $0,8"/><instruction code="INCML $0,0"/><instruction code="INCMH $0,0"/><instruction code="INCH $0,0"/><instruction code="NEG $0,0,$0"/><instruction code="OR $0,$0,0"/><instruction code="ADD $0,$1,$0"/><instruction code="OR $0,$0,0"/><instruction code="LDO $0,$0,0"/><instruction code="OR $0,$0,0"/><instruction code="OR $0,$0,0"/><instruction code="JMP L175"/></instructions></code><code entrylabel="L176" exitlabel="L177" tempsize="0"><frame FP="T20" RV="T21" argssize="24" depth="1" label="_sudoku" locssize="8" size="48"/><instructions><instruction code="L176"/><instruction code="OR $1,$253,0"/><instruction code="SETL $0,8"/><instruction code="INCML $0,0"/><instruction code="INCMH $0,0"/><instruction code="INCH $0,0"/><instruction code="NEG $0,0,$0"/><instruction code="OR $0,$0,0"/><instruction code="ADD $0,$1,$0"/><instruction code="OR $2,$0,0"/><instruction code="OR $1,$253,0"/><instruction code="SETL $0,8"/><instruction code="INCML $0,0"/><instruction code="INCMH $0,0"/><instruction code="INCH $0,0"/><instruction code="OR $0,$0,0"/><instruction code="ADD $0,$1,$0"/><instruction code="OR $0,$0,0"/><instruction code="LDO $0,$0,0"/><instruction code="OR $0,$0,0"/><instruction code="STO $0,$2,0"/><instruction code="OR $2,$253,0"/><instruction code="SETL $0,0"/><instruction code="INCML $0,0"/><instruction code="INCMH $0,0"/><instruction code="INCH $0,0"/><instruction code="OR $1,$0,0"/><instruction code="SETL $0,81"/><instruction code="INCML $0,0"/><instruction code="INCMH $0,0"/><instruction code="INCH $0,0"/><instruction code="OR $0,$0,0"/><instruction code="STO $2,$254,0"/><instruction code="STO $1,$254,8"/><instruction code="STO $0,$254,16"/><instruction code="PUSHJ $8,L4"/><instruction code="LDO $0,$254,0"/><instruction code="OR $0,$0,0"/><instruction code="OR $0,$0,0"/><instruction code="JMP L177"/></instructions></code></ralloc>