<?xml version="1.0" encoding="UTF-8" standalone="no"?><?xml-stylesheet type="text/xsl" href="../../data/ralloc.xsl"?><ralloc><code entrylabel="L1" exitlabel="L2" tempsize="0"><frame FP="T0" RV="T1" argssize="0" depth="1" label="_main" locssize="0" size="16"/><instructions><instruction code="L1"/><instruction code="SETL  $0,1"/><instruction code="INCML $0,0"/><instruction code="INCMH $0,0"/><instruction code="INCH  $0,0"/><instruction code="OR $1,$0,0"/><instruction code="LDA $0,_i"/><instruction code="STO $0,$1,0"/><instruction code="LDA $0,L0"/><instruction code="OR $0,$0,0"/><instruction code="SETL  $0,2"/><instruction code="INCML $0,0"/><instruction code="INCMH $0,0"/><instruction code="INCH  $0,0"/><instruction code="OR $1,$0,0"/><instruction code="SETL  $0,3"/><instruction code="INCML $0,0"/><instruction code="INCMH $0,0"/><instruction code="INCH  $0,0"/><instruction code="OR $0,$0,0"/><instruction code="DIV $0,$1,$0"/><instruction code="OR $0,rR,0"/><instruction code="OR $0,$0,0"/><instruction code="OR $0,$0,0"/><instruction code="LDA $0,L2"/><instruction code="GO $0,$0,0"/></instructions></code><code entrylabel="L3" exitlabel="L4" tempsize="0"><frame FP="T2" RV="T3" argssize="0" depth="1" label="_b" locssize="0" size="16"/><instructions><instruction code="L3"/><instruction code="SETL  $0,1"/><instruction code="INCML $0,0"/><instruction code="INCMH $0,0"/><instruction code="INCH  $0,0"/><instruction code="OR $1,$0,0"/><instruction code="SETL  $0,0"/><instruction code="INCML $0,0"/><instruction code="INCMH $0,0"/><instruction code="INCH  $0,0"/><instruction code="OR $0,$0,0"/><instruction code="XOR $0,$1,$0"/><instruction code="OR $0,$0,0"/><instruction code="LDA $0,L4"/><instruction code="GO $0,$0,0"/></instructions></code></ralloc>