<?xml version="1.0" encoding="UTF-8" standalone="no"?><?xml-stylesheet type="text/xsl" href="../../data/ralloc.xsl"?><ralloc><code entrylabel="L1" exitlabel="L2" tempsize="0"><frame FP="T0" RV="T1" argssize="16" depth="1" label="_f" locssize="40" size="72"/><instructions><instruction code="L1"/><instruction code="OR $1, $4, 0"/><instruction code="SETL  $0, 32"/><instruction code="INCML $0, 0"/><instruction code="INCMH $0, 0"/><instruction code="INCH  $0, 0"/><instruction code="NEG $0, 0, $0"/><instruction code="OR $0, $0, 0"/><instruction code="ADD $0, $1, $0"/><instruction code="OR $1, $0, 0"/><instruction code="SETL  $0, 8"/><instruction code="INCML $0, 0"/><instruction code="INCMH $0, 0"/><instruction code="INCH  $0, 0"/><instruction code="OR $0, $0, 0"/><instruction code="ADD $0, $1, $0"/><instruction code="OR $0, $0, 0"/><instruction code="OR $0, $0, 0"/><instruction code="SETL  $0, 5"/><instruction code="INCML $0, 0"/><instruction code="INCMH $0, 0"/><instruction code="INCH  $0, 0"/><instruction code="OR $0, $0, 0"/><instruction code="SETL  $0, 55"/><instruction code="INCML $0, 0"/><instruction code="INCMH $0, 0"/><instruction code="INCH  $0, 0"/><instruction code="OR $0, $0, 0"/><instruction code="SETL  $0, 55"/><instruction code="INCML $0, 0"/><instruction code="INCMH $0, 0"/><instruction code="INCH  $0, 0"/><instruction code="OR $0, $0, 0"/><instruction code="NEG $0, 0, $0"/><instruction code="OR $0, $0, 0"/><instruction code="SETL  $0, 55"/><instruction code="INCML $0, 0"/><instruction code="INCMH $0, 0"/><instruction code="INCH  $0, 0"/><instruction code="OR $0, $0, 0"/><instruction code="NEG $0, 0, $0"/><instruction code="OR $1, $0, 0"/><instruction code="SETL  $0, 55"/><instruction code="INCML $0, 0"/><instruction code="INCMH $0, 0"/><instruction code="INCH  $0, 0"/><instruction code="OR $0, $0, 0"/><instruction code="ADD $0, $1, $0"/><instruction code="OR $0, $0, 0"/><instruction code="SETL  $0, 17"/><instruction code="INCML $0, 0"/><instruction code="INCMH $0, 0"/><instruction code="INCH  $0, 0"/><instruction code="OR $0, $0, 0"/><instruction code="NEG $0, 0, $0"/><instruction code="OR $0, $0, 0"/><instruction code="LDA $0, _vr"/><instruction code="OR $0, $0, 0"/><instruction code="LDA $0, _zzz"/><instruction code="OR $0, $0, 0"/><instruction code="OR $0, $0, 0"/><instruction code="OR $1, $4, 0"/><instruction code="SETL  $0, 8"/><instruction code="INCML $0, 0"/><instruction code="INCMH $0, 0"/><instruction code="INCH  $0, 0"/><instruction code="NEG $0, 0, $0"/><instruction code="OR $0, $0, 0"/><instruction code="ADD $0, $1, $0"/><instruction code="OR $0, $0, 0"/><instruction code="OR $1, $4, 0"/><instruction code="SETL  $0, 24"/><instruction code="INCML $0, 0"/><instruction code="INCMH $0, 0"/><instruction code="INCH  $0, 0"/><instruction code="OR $0, $0, 0"/><instruction code="STO $1, $254, 8"/><instruction code="STO $0, $254, 16"/><instruction code="LDA $0, __new"/><instruction code="PUSHJ $16, $0, 0"/><instruction code="LDO $0, $254, 0"/><instruction code="OR $1, $0, 0"/><instruction code="SETL  $0, 40"/><instruction code="INCML $0, 0"/><instruction code="INCMH $0, 0"/><instruction code="INCH  $0, 0"/><instruction code="NEG $0, 0, $0"/><instruction code="ADD $0, $4, $0"/><instruction code="STO $0, $1, 0"/><instruction code="LDA $0, L0"/><instruction code="OR $0, $0, 0"/><instruction code="OR $1, $4, 0"/><instruction code="SETL  $0, 32"/><instruction code="INCML $0, 0"/><instruction code="INCMH $0, 0"/><instruction code="INCH  $0, 0"/><instruction code="NEG $0, 0, $0"/><instruction code="OR $0, $0, 0"/><instruction code="ADD $0, $1, $0"/><instruction code="OR $1, $0, 0"/><instruction code="SETL  $0, 0"/><instruction code="INCML $0, 0"/><instruction code="INCMH $0, 0"/><instruction code="INCH  $0, 0"/><instruction code="OR $0, $0, 0"/><instruction code="ADD $0, $1, $0"/><instruction code="OR $0, $0, 0"/><instruction code="OR $3, $0, 0"/><instruction code="OR $1, $4, 0"/><instruction code="SETL  $0, 32"/><instruction code="INCML $0, 0"/><instruction code="INCMH $0, 0"/><instruction code="INCH  $0, 0"/><instruction code="NEG $0, 0, $0"/><instruction code="OR $0, $0, 0"/><instruction code="ADD $0, $1, $0"/><instruction code="OR $1, $0, 0"/><instruction code="SETL  $0, 8"/><instruction code="INCML $0, 0"/><instruction code="INCMH $0, 0"/><instruction code="INCH  $0, 0"/><instruction code="OR $0, $0, 0"/><instruction code="ADD $0, $1, $0"/><instruction code="OR $0, $0, 0"/><instruction code="OR $2, $0, 0"/><instruction code="OR $1, $4, 0"/><instruction code="SETL  $0, 32"/><instruction code="INCML $0, 0"/><instruction code="INCMH $0, 0"/><instruction code="INCH  $0, 0"/><instruction code="NEG $0, 0, $0"/><instruction code="OR $0, $0, 0"/><instruction code="ADD $0, $1, $0"/><instruction code="OR $1, $0, 0"/><instruction code="SETL  $0, 16"/><instruction code="INCML $0, 0"/><instruction code="INCMH $0, 0"/><instruction code="INCH  $0, 0"/><instruction code="OR $0, $0, 0"/><instruction code="ADD $0, $1, $0"/><instruction code="OR $0, $0, 0"/><instruction code="OR $0, $0, 0"/><instruction code="MUL $0, $2, $0"/><instruction code="OR $2, $0, 0"/><instruction code="OR $1, $4, 0"/><instruction code="SETL  $0, 32"/><instruction code="INCML $0, 0"/><instruction code="INCMH $0, 0"/><instruction code="INCH  $0, 0"/><instruction code="NEG $0, 0, $0"/><instruction code="OR $0, $0, 0"/><instruction code="ADD $0, $1, $0"/><instruction code="OR $1, $0, 0"/><instruction code="SETL  $0, 0"/><instruction code="INCML $0, 0"/><instruction code="INCMH $0, 0"/><instruction code="INCH  $0, 0"/><instruction code="OR $0, $0, 0"/><instruction code="ADD $0, $1, $0"/><instruction code="OR $0, $0, 0"/><instruction code="OR $0, $0, 0"/><instruction code="DIV $0, $2, $0"/><instruction code="OR $0, rR, 0"/><instruction code="OR $0, $0, 0"/><instruction code="ADD $0, $3, $0"/><instruction code="OR $1, $0, 0"/><instruction code="SETL  $0, 8"/><instruction code="INCML $0, 0"/><instruction code="INCMH $0, 0"/><instruction code="INCH  $0, 0"/><instruction code="NEG $0, 0, $0"/><instruction code="ADD $0, $4, $0"/><instruction code="STO $0, $1, 0"/><instruction code="SETL  $0, 0"/><instruction code="INCML $0, 0"/><instruction code="INCMH $0, 0"/><instruction code="INCH  $0, 0"/><instruction code="OR $0, $0, 0"/><instruction code="OR $0, $0, 0"/><instruction code="LDA $0, L2"/><instruction code="GO $0, $0, 0"/></instructions></code><code entrylabel="L3" exitlabel="L4" tempsize="0"><frame FP="T2" RV="T3" argssize="0" depth="1" label="_main" locssize="0" size="16"/><instructions><instruction code="L3"/><instruction code="SETL  $0, 1"/><instruction code="INCML $0, 0"/><instruction code="INCMH $0, 0"/><instruction code="INCH  $0, 0"/><instruction code="OR $0, $0, 0"/><instruction code="SETL  $0, 0"/><instruction code="INCML $0, 0"/><instruction code="INCMH $0, 0"/><instruction code="INCH  $0, 0"/><instruction code="OR $0, $0, 0"/><instruction code="OR $0, $0, 0"/><instruction code="LDA $0, L4"/><instruction code="GO $0, $0, 0"/></instructions></code></ralloc>