<?xml version="1.0" encoding="UTF-8" standalone="no"?><?xml-stylesheet type="text/xsl" href="../../data/abstr.xsl"?><abstr><node label="Source"><node label="Decls"><node label="VarDecl" lexeme="j"><node label="AtomType" spec="INT"><location loc="1.7--1.9"/></node><location loc="1.1--1.10"/></node><node label="FunDef" lexeme="x"><node label="ParDecls"><location loc="0.0--0.0"/></node><node label="AtomType" spec="INT"><location loc="2.9--2.11"/></node><node label="BinExpr" spec="ADD"><node label="VarName" lexeme="j"><location loc="2.15--2.15"/></node><node label="AtomExpr" lexeme="3" spec="INT"><location loc="2.19--2.19"/></node><location loc="2.15--2.19"/></node><location loc="2.1--2.20"/></node><node label="VarDecl" lexeme="y"><node label="RecType"><node label="CompDecls"><node label="CompDecl" lexeme="k"><node label="AtomType" spec="INT"><location loc="4.13--4.15"/></node><location loc="4.11--4.15"/></node><location loc="4.11--4.15"/></node><location loc="4.7--4.16"/></node><location loc="4.1--4.17"/></node><node label="VarDecl" lexeme="z"><node label="TypeName" lexeme="y"><location loc="5.7--5.7"/></node><location loc="5.1--5.8"/></node><node label="FunDef" lexeme="ekv"><node label="ParDecls"><node label="ParDecl" lexeme="mk"><node label="TypeName" lexeme="y"><location loc="7.14--7.14"/></node><location loc="7.9--7.14"/></node><node label="ParDecl" lexeme="cr"><node label="AtomType" spec="INT"><location loc="7.22--7.24"/></node><location loc="7.17--7.24"/></node><node label="ParDecl" lexeme="xx"><node label="AtomType" spec="BOOL"><location loc="7.32--7.35"/></node><location loc="7.27--7.35"/></node><location loc="7.9--7.35"/></node><node label="TypeName" lexeme="y"><location loc="7.40--7.40"/></node><node label="BinExpr" spec="ADD"><node label="BinExpr" spec="ADD"><node label="VarName" lexeme="mk"><location loc="7.44--7.45"/></node><node label="VarName" lexeme="j"><location loc="7.49--7.49"/></node><location loc="7.44--7.49"/></node><node label="FunName" lexeme="x"><node label="Args"><location loc="0.0--0.0"/></node><location loc="7.53--7.55"/></node><location loc="7.44--7.55"/></node><location loc="7.1--7.56"/></node><node label="VarDecl" lexeme="i"><node label="AtomType" spec="INT"><location loc="9.7--9.9"/></node><location loc="9.1--9.10"/></node><node label="FunDef" lexeme="main"><node label="ParDecls"><node label="ParDecl" lexeme="n"><node label="AtomType" spec="INT"><location loc="10.12--10.14"/></node><location loc="10.10--10.14"/></node><location loc="10.10--10.14"/></node><node label="AtomType" spec="INT"><location loc="10.17--10.19"/></node><node label="BinExpr" spec="ADD"><node label="FunName" lexeme="main"><node label="Args"><node label="BinExpr" spec="ADD"><node label="VarName" lexeme="i"><location loc="10.26--10.26"/></node><node label="BinExpr" spec="MUL"><node label="AtomExpr" lexeme="2" spec="INT"><location loc="10.28--10.28"/></node><node label="VarName" lexeme="n"><location loc="10.30--10.30"/></node><location loc="10.28--10.30"/></node><location loc="10.26--10.30"/></node><location loc="10.26--10.30"/></node><location loc="10.21--10.31"/></node><node label="BlockExpr"><node label="Decls"><node label="VarDecl" lexeme="i"><node label="AtomType" spec="INT"><location loc="10.54--10.56"/></node><location loc="10.48--10.57"/></node><location loc="10.48--10.57"/></node><node label="Stmts"><node label="ExprStmt"><node label="AtomExpr" lexeme="none" spec="VOID"><location loc="10.34--10.37"/></node><location loc="10.34--10.37"/></node><location loc="10.34--10.37"/></node><node label="VarName" lexeme="i"><location loc="10.40--10.40"/></node><location loc="10.34--10.57"/></node><location loc="10.21--10.57"/></node><location loc="10.1--10.59"/></node><location loc="1.1--10.59"/></node><location loc="1.1--10.59"/></node></abstr>