<?xml version="1.0" encoding="UTF-8" standalone="no"?><?xml-stylesheet type="text/xsl" href="../../data/abstr.xsl"?><abstr><node label="Source"><node label="Decls"><node label="VarDecl" lexeme="j"><node label="AtomType" spec="INT"><location loc="1.7--1.9"/></node><location loc="1.1--1.10"/></node><node label="FunDef" lexeme="x"><node label="ParDecls"><location loc="0.0--0.0"/></node><node label="AtomType" spec="INT"><location loc="2.9--2.11"/></node><node label="BinExpr" spec="ADD"><node label="VarName" lexeme="j"><location loc="2.15--2.15"/></node><node label="AtomExpr" lexeme="3" spec="INT"><location loc="2.19--2.19"/></node><location loc="2.15--2.19"/></node><location loc="2.1--2.20"/></node><node label="TypDecl" lexeme="y"><node label="RecType"><node label="CompDecls"><node label="CompDecl" lexeme="k"><node label="AtomType" spec="INT"><location loc="4.13--4.15"/></node><location loc="4.11--4.15"/></node><location loc="4.11--4.15"/></node><location loc="4.7--4.16"/></node><location loc="4.1--4.17"/></node><node label="VarDecl" lexeme="z"><node label="TypeName" lexeme="y"><location loc="5.7--5.7"/></node><location loc="5.1--5.8"/></node><node label="FunDef" lexeme="ekv"><node label="ParDecls"><node label="ParDecl" lexeme="mk"><node label="TypeName" lexeme="y"><location loc="7.14--7.14"/></node><location loc="7.9--7.14"/></node><node label="ParDecl" lexeme="cr"><node label="AtomType" spec="INT"><location loc="7.22--7.24"/></node><location loc="7.17--7.24"/></node><node label="ParDecl" lexeme="xx"><node label="AtomType" spec="BOOL"><location loc="7.32--7.35"/></node><location loc="7.27--7.35"/></node><location loc="7.9--7.35"/></node><node label="TypeName" lexeme="y"><location loc="7.40--7.40"/></node><node label="BlockExpr"><node label="Decls"><location loc="0.0--0.0"/></node><node label="Stmts"><node label="ExprStmt"><node label="BinExpr" spec="ADD"><node label="BinExpr" spec="ADD"><node label="VarName" lexeme="mk"><location loc="7.45--7.46"/></node><node label="VarName" lexeme="j"><location loc="7.50--7.50"/></node><location loc="7.45--7.50"/></node><node label="FunName" lexeme="x"><node label="Args"><location loc="0.0--0.0"/></node><location loc="7.54--7.56"/></node><location loc="7.45--7.56"/></node><location loc="7.45--7.56"/></node><location loc="7.45--7.56"/></node><node label="AtomExpr" lexeme="1" spec="INT"><location loc="7.61--7.61"/></node><location loc="7.45--7.61"/></node><location loc="7.1--7.63"/></node><node label="VarDecl" lexeme="i"><node label="AtomType" spec="INT"><location loc="9.7--9.9"/></node><location loc="9.1--9.10"/></node><node label="FunDef" lexeme="main"><node label="ParDecls"><node label="ParDecl" lexeme="n"><node label="AtomType" spec="INT"><location loc="10.12--10.14"/></node><location loc="10.10--10.14"/></node><location loc="10.10--10.14"/></node><node label="AtomType" spec="INT"><location loc="10.17--10.19"/></node><node label="BinExpr" spec="ADD"><node label="FunName" lexeme="main"><node label="Args"><node label="BinExpr" spec="ADD"><node label="VarName" lexeme="i"><location loc="10.26--10.26"/></node><node label="BinExpr" spec="MUL"><node label="AtomExpr" lexeme="2" spec="INT"><location loc="10.28--10.28"/></node><node label="VarName" lexeme="n"><location loc="10.30--10.30"/></node><location loc="10.28--10.30"/></node><location loc="10.26--10.30"/></node><location loc="10.26--10.30"/></node><location loc="10.21--10.31"/></node><node label="BlockExpr"><node label="Decls"><node label="VarDecl" lexeme="i"><node label="AtomType" spec="INT"><location loc="10.98--10.100"/></node><location loc="10.92--10.101"/></node><location loc="10.92--10.101"/></node><node label="Stmts"><node label="ExprStmt"><node label="AtomExpr" lexeme="none" spec="VOID"><location loc="10.34--10.37"/></node><location loc="10.34--10.37"/></node><node label="ExprStmt"><node label="CastExpr"><node label="VarName" lexeme="y"><location loc="10.41--10.41"/></node><node label="AtomType" spec="INT"><location loc="10.45--10.47"/></node><location loc="10.43--10.48"/></node><location loc="10.40--10.48"/></node><node label="AssignStmt"><node label="RecExpr"><node label="VarName" lexeme="mr"><location loc="10.51--10.52"/></node><node label="VarName" lexeme="fb"><location loc="10.54--10.55"/></node><location loc="10.51--10.55"/></node><node label="BinExpr" spec="ADD"><node label="AtomExpr" lexeme="17" spec="INT"><location loc="10.59--10.60"/></node><node label="BinExpr" spec="MUL"><node label="ArrExpr"><node label="RecExpr"><node label="RecExpr"><node label="VarName" lexeme="y"><location loc="10.64--10.64"/></node><node label="VarName" lexeme="z"><location loc="10.66--10.66"/></node><location loc="10.64--10.66"/></node><node label="VarName" lexeme="x"><location loc="10.68--10.68"/></node><location loc="10.64--10.68"/></node><node label="BinExpr" spec="SUB"><node label="VarName" lexeme="i"><location loc="10.70--10.70"/></node><node label="AtomExpr" lexeme="1" spec="INT"><location loc="10.74--10.74"/></node><location loc="10.70--10.74"/></node><location loc="10.64--10.75"/></node><node label="UnExpr" spec="SUB"><node label="AtomExpr" lexeme="2" spec="INT"><location loc="10.80--10.80"/></node><location loc="10.79--10.80"/></node><location loc="10.64--10.80"/></node><location loc="10.59--10.80"/></node><location loc="10.51--10.80"/></node><location loc="10.34--10.80"/></node><node label="VarName" lexeme="i"><location loc="10.84--10.84"/></node><location loc="10.34--10.101"/></node><location loc="10.21--10.101"/></node><location loc="10.1--10.103"/></node><node label="FunDef" lexeme="f"><node label="ParDecls"><location loc="0.0--0.0"/></node><node label="AtomType" spec="INT"><location loc="13.11--13.13"/></node><node label="BinExpr" spec="ADD"><node label="AtomExpr" lexeme="3" spec="INT"><location loc="13.19--13.19"/></node><node label="BinExpr" spec="MUL"><node label="AtomExpr" lexeme="5" spec="INT"><location loc="13.26--13.26"/></node><node label="UnExpr" spec="SUB"><node label="AtomExpr" lexeme="7" spec="INT"><location loc="13.34--13.34"/></node><location loc="13.33--13.34"/></node><location loc="13.26--13.34"/></node><location loc="13.19--13.34"/></node><location loc="13.1--13.37"/></node><node label="FunDef" lexeme="f"><node label="ParDecls"><location loc="0.0--0.0"/></node><node label="AtomType" spec="INT"><location loc="15.11--15.13"/></node><node label="BlockExpr"><node label="Decls"><location loc="0.0--0.0"/></node><node label="Stmts"><node label="AssignStmt"><node label="VarName" lexeme="y"><location loc="15.18--15.18"/></node><node label="AtomExpr" lexeme="1" spec="INT"><location loc="15.22--15.22"/></node><location loc="15.18--15.22"/></node><location loc="15.18--15.22"/></node><node label="AtomExpr" lexeme="true" spec="BOOL"><location loc="15.27--15.30"/></node><location loc="15.18--15.30"/></node><location loc="15.1--15.32"/></node><location loc="1.1--15.32"/></node><location loc="1.1--15.32"/></node></abstr>