<?xml version="1.0" encoding="UTF-8" standalone="no"?><?xml-stylesheet type="text/xsl" href="../../data/abstr.xsl"?><abstr><node label="Source"><node label="Decls"><node label="FunDef" lexeme="f"><node label="ParDecls"><node label="ParDecl" lexeme="x"><node label="AtomType" spec="INT"><location loc="1.11--1.13"/></node><location loc="1.7--1.13"/></node><node label="ParDecl" lexeme="y"><node label="RecType"><node label="CompDecls"><node label="CompDecl" lexeme="y"><node label="AtomType" spec="CHAR"><location loc="1.28--1.31"/></node><location loc="1.24--1.31"/></node><node label="CompDecl" lexeme="z"><node label="AtomType" spec="VOID"><location loc="1.38--1.41"/></node><location loc="1.34--1.41"/></node><location loc="1.24--1.41"/></node><location loc="1.20--1.42"/></node><location loc="1.16--1.42"/></node><location loc="1.7--1.42"/></node><node label="AtomType" spec="BOOL"><location loc="1.47--1.50"/></node><node label="BlockExpr"><node label="Decls"><location loc="0.0--0.0"/></node><node label="Stmts"><node label="AssignStmt"><node label="VarName" lexeme="a"><location loc="1.55--1.55"/></node><node label="RecExpr"><node label="ArrExpr"><node label="RecExpr"><node label="RecExpr"><node label="RecExpr"><node label="VarName" lexeme="b"><location loc="1.59--1.59"/></node><node label="VarName" lexeme="e"><location loc="1.61--1.61"/></node><location loc="1.59--1.61"/></node><node label="VarName" lexeme="f"><location loc="1.63--1.63"/></node><location loc="1.59--1.63"/></node><node label="VarName" lexeme="g"><location loc="1.65--1.65"/></node><location loc="1.59--1.65"/></node><node label="AtomExpr" lexeme="3" spec="INT"><location loc="1.67--1.67"/></node><location loc="1.59--1.68"/></node><node label="VarName" lexeme="h"><location loc="1.70--1.70"/></node><location loc="1.59--1.70"/></node><location loc="1.55--1.70"/></node><node label="IfStmt"><node label="BlockExpr"><node label="Decls"><location loc="0.0--0.0"/></node><node label="Stmts"><node label="ExprStmt"><node label="BinExpr" spec="GTH"><node label="AtomExpr" lexeme="1" spec="INT"><location loc="1.77--1.77"/></node><node label="AtomExpr" lexeme="2" spec="INT"><location loc="1.81--1.81"/></node><location loc="1.77--1.81"/></node><location loc="1.77--1.81"/></node><node label="ExprStmt"><node label="BinExpr" spec="ADD"><node label="BinExpr" spec="ADD"><node label="AtomExpr" lexeme="5" spec="INT"><location loc="1.84--1.84"/></node><node label="BinExpr" spec="DIV"><node label="BinExpr" spec="MUL"><node label="AtomExpr" lexeme="6" spec="INT"><location loc="1.88--1.88"/></node><node label="AtomExpr" lexeme="3" spec="INT"><location loc="1.92--1.92"/></node><location loc="1.88--1.92"/></node><node label="AtomExpr" lexeme="7" spec="INT"><location loc="1.96--1.96"/></node><location loc="1.88--1.96"/></node><location loc="1.84--1.96"/></node><node label="ArrExpr"><node label="VarName" lexeme="r"><location loc="1.100--1.100"/></node><node label="VarName" lexeme="x"><location loc="1.102--1.102"/></node><location loc="1.100--1.103"/></node><location loc="1.84--1.103"/></node><location loc="1.84--1.103"/></node><node label="AssignStmt"><node label="AtomExpr" lexeme="false" spec="BOOL"><location loc="1.106--1.110"/></node><node label="AtomExpr" lexeme="true" spec="BOOL"><location loc="1.114--1.117"/></node><location loc="1.106--1.117"/></node><node label="ExprStmt"><node label="VarName" lexeme="id"><location loc="1.120--1.121"/></node><location loc="1.120--1.121"/></node><location loc="1.77--1.121"/></node><node label="BinExpr" spec="GTH"><node label="AtomExpr" lexeme="3" spec="INT"><location loc="1.126--1.126"/></node><node label="AtomExpr" lexeme="4" spec="INT"><location loc="1.130--1.130"/></node><location loc="1.126--1.130"/></node><location loc="1.77--1.130"/></node><node label="Stmts"><node label="ExprStmt"><node label="VarName" lexeme="d"><location loc="1.138--1.138"/></node><location loc="1.138--1.138"/></node><location loc="1.138--1.138"/></node><node label="Stmts"><node label="IfStmt"><node label="AtomExpr" lexeme="true" spec="BOOL"><location loc="1.149--1.152"/></node><node label="Stmts"><node label="ExprStmt"><node label="AtomExpr" lexeme="17" spec="INT"><location loc="1.159--1.160"/></node><location loc="1.159--1.160"/></node><location loc="1.159--1.160"/></node><node label="Stmts"><node label="ExprStmt"><node label="AtomExpr" lexeme="34" spec="INT"><location loc="1.168--1.169"/></node><location loc="1.168--1.169"/></node><node label="AssignStmt"><node label="AtomExpr" lexeme="3" spec="INT"><location loc="1.172--1.172"/></node><node label="AtomExpr" lexeme="4" spec="INT"><location loc="1.176--1.176"/></node><location loc="1.172--1.176"/></node><location loc="1.168--1.176"/></node><location loc="1.146--1.181"/></node><location loc="1.146--1.181"/></node><location loc="1.73--1.186"/></node><location loc="1.55--1.186"/></node><node label="VarName" lexeme="c"><location loc="1.191--1.191"/></node><location loc="1.55--1.191"/></node><location loc="1.1--1.193"/></node><node label="TypDecl" lexeme="g"><node label="AtomType" spec="INT"><location loc="3.9--3.11"/></node><location loc="3.1--3.12"/></node><node label="VarDecl" lexeme="h"><node label="TypeName" lexeme="g"><location loc="5.9--5.9"/></node><location loc="5.1--5.10"/></node><location loc="1.1--5.10"/></node><location loc="1.1--5.10"/></node></abstr>